[2021-04-25 00:05:27,493] {taskinstance.py:877} INFO - Dependencies all met for <TaskInstance: bash_operator_dag.second_task 2021-03-23T00:00:00+00:00 [queued]>
[2021-04-25 00:05:27,529] {taskinstance.py:877} INFO - Dependencies all met for <TaskInstance: bash_operator_dag.second_task 2021-03-23T00:00:00+00:00 [queued]>
[2021-04-25 00:05:27,530] {taskinstance.py:1068} INFO - 
--------------------------------------------------------------------------------
[2021-04-25 00:05:27,530] {taskinstance.py:1069} INFO - Starting attempt 1 of 1
[2021-04-25 00:05:27,530] {taskinstance.py:1070} INFO - 
--------------------------------------------------------------------------------
[2021-04-25 00:05:27,587] {taskinstance.py:1089} INFO - Executing <Task(BashOperator): second_task> on 2021-03-23T00:00:00+00:00
[2021-04-25 00:05:27,595] {standard_task_runner.py:52} INFO - Started process 1232 to run task
[2021-04-25 00:05:27,629] {standard_task_runner.py:76} INFO - Running: ['airflow', 'tasks', 'run', 'bash_operator_dag', 'second_task', '2021-03-23T00:00:00+00:00', '--job-id', '444', '--pool', 'default_pool', '--raw', '--subdir', 'DAGS_FOLDER/simple_bash_operator_dag.py', '--cfg-path', '/tmp/tmpp53gqecc', '--error-file', '/tmp/tmpo1znok6l']
[2021-04-25 00:05:27,630] {standard_task_runner.py:77} INFO - Job 444: Subtask second_task
[2021-04-25 00:05:27,746] {logging_mixin.py:104} INFO - Running <TaskInstance: bash_operator_dag.second_task 2021-03-23T00:00:00+00:00 [running]> on host 4a00a306afdc
[2021-04-25 00:05:27,854] {taskinstance.py:1283} INFO - Exporting the following env vars:
AIRFLOW_CTX_DAG_OWNER=airflow
AIRFLOW_CTX_DAG_ID=bash_operator_dag
AIRFLOW_CTX_TASK_ID=second_task
AIRFLOW_CTX_EXECUTION_DATE=2021-03-23T00:00:00+00:00
AIRFLOW_CTX_DAG_RUN_ID=scheduled__2021-03-23T00:00:00+00:00
[2021-04-25 00:05:27,855] {bash.py:135} INFO - Tmp dir root location: 
 /tmp
[2021-04-25 00:05:27,858] {bash.py:158} INFO - Running command: echo "testing second bash operator"
[2021-04-25 00:05:27,882] {bash.py:169} INFO - Output:
[2021-04-25 00:05:27,884] {bash.py:173} INFO - testing second bash operator
[2021-04-25 00:05:27,885] {bash.py:177} INFO - Command exited with return code 0
[2021-04-25 00:05:27,950] {taskinstance.py:1192} INFO - Marking task as SUCCESS. dag_id=bash_operator_dag, task_id=second_task, execution_date=20210323T000000, start_date=20210425T000527, end_date=20210425T000527
[2021-04-25 00:05:28,021] {taskinstance.py:1246} INFO - 0 downstream tasks scheduled from follow-on schedule check
[2021-04-25 00:05:28,039] {local_task_job.py:146} INFO - Task exited with return code 0
[2021-04-25 00:08:36,185] {taskinstance.py:877} INFO - Dependencies all met for <TaskInstance: bash_operator_dag.second_task 2021-03-23T00:00:00+00:00 [queued]>
[2021-04-25 00:08:36,247] {taskinstance.py:877} INFO - Dependencies all met for <TaskInstance: bash_operator_dag.second_task 2021-03-23T00:00:00+00:00 [queued]>
[2021-04-25 00:08:36,250] {taskinstance.py:1068} INFO - 
--------------------------------------------------------------------------------
[2021-04-25 00:08:36,251] {taskinstance.py:1069} INFO - Starting attempt 1 of 3
[2021-04-25 00:08:36,251] {taskinstance.py:1070} INFO - 
--------------------------------------------------------------------------------
[2021-04-25 00:08:36,298] {taskinstance.py:1089} INFO - Executing <Task(BashOperator): second_task> on 2021-03-23T00:00:00+00:00
[2021-04-25 00:08:36,306] {standard_task_runner.py:52} INFO - Started process 1794 to run task
[2021-04-25 00:08:36,321] {standard_task_runner.py:76} INFO - Running: ['airflow', 'tasks', 'run', 'bash_operator_dag', 'second_task', '2021-03-23T00:00:00+00:00', '--job-id', '633', '--pool', 'default_pool', '--raw', '--subdir', 'DAGS_FOLDER/simple_bash_operator_dag.py', '--cfg-path', '/tmp/tmpo81zxeoa', '--error-file', '/tmp/tmpwsgc2zpc']
[2021-04-25 00:08:36,324] {standard_task_runner.py:77} INFO - Job 633: Subtask second_task
[2021-04-25 00:08:36,424] {logging_mixin.py:104} INFO - Running <TaskInstance: bash_operator_dag.second_task 2021-03-23T00:00:00+00:00 [running]> on host 4a00a306afdc
[2021-04-25 00:08:36,680] {taskinstance.py:1283} INFO - Exporting the following env vars:
AIRFLOW_CTX_DAG_OWNER=airflow
AIRFLOW_CTX_DAG_ID=bash_operator_dag
AIRFLOW_CTX_TASK_ID=second_task
AIRFLOW_CTX_EXECUTION_DATE=2021-03-23T00:00:00+00:00
AIRFLOW_CTX_DAG_RUN_ID=scheduled__2021-03-23T00:00:00+00:00
[2021-04-25 00:08:36,681] {bash.py:135} INFO - Tmp dir root location: 
 /tmp
[2021-04-25 00:08:36,684] {bash.py:158} INFO - Running command: echo "testing second bash operator"
[2021-04-25 00:08:36,716] {bash.py:169} INFO - Output:
[2021-04-25 00:08:36,720] {bash.py:173} INFO - testing second bash operator
[2021-04-25 00:08:36,720] {bash.py:177} INFO - Command exited with return code 0
[2021-04-25 00:08:36,880] {taskinstance.py:1192} INFO - Marking task as SUCCESS. dag_id=bash_operator_dag, task_id=second_task, execution_date=20210323T000000, start_date=20210425T000836, end_date=20210425T000836
[2021-04-25 00:08:37,021] {taskinstance.py:1246} INFO - 0 downstream tasks scheduled from follow-on schedule check
[2021-04-25 00:08:37,080] {local_task_job.py:146} INFO - Task exited with return code 0
