[2021-04-25 00:07:38,203] {taskinstance.py:877} INFO - Dependencies all met for <TaskInstance: bash_operator_dag.first_task 2021-01-30T00:00:00+00:00 [queued]>
[2021-04-25 00:07:38,267] {taskinstance.py:877} INFO - Dependencies all met for <TaskInstance: bash_operator_dag.first_task 2021-01-30T00:00:00+00:00 [queued]>
[2021-04-25 00:07:38,267] {taskinstance.py:1068} INFO - 
--------------------------------------------------------------------------------
[2021-04-25 00:07:38,268] {taskinstance.py:1069} INFO - Starting attempt 1 of 3
[2021-04-25 00:07:38,268] {taskinstance.py:1070} INFO - 
--------------------------------------------------------------------------------
[2021-04-25 00:07:38,409] {taskinstance.py:1089} INFO - Executing <Task(BashOperator): first_task> on 2021-01-30T00:00:00+00:00
[2021-04-25 00:07:38,420] {standard_task_runner.py:52} INFO - Started process 1463 to run task
[2021-04-25 00:07:38,458] {standard_task_runner.py:76} INFO - Running: ['airflow', 'tasks', 'run', 'bash_operator_dag', 'first_task', '2021-01-30T00:00:00+00:00', '--job-id', '522', '--pool', 'default_pool', '--raw', '--subdir', 'DAGS_FOLDER/simple_bash_operator_dag.py', '--cfg-path', '/tmp/tmpakhj8vpv', '--error-file', '/tmp/tmp0h3nn3e9']
[2021-04-25 00:07:38,459] {standard_task_runner.py:77} INFO - Job 522: Subtask first_task
[2021-04-25 00:07:38,875] {logging_mixin.py:104} INFO - Running <TaskInstance: bash_operator_dag.first_task 2021-01-30T00:00:00+00:00 [running]> on host 4a00a306afdc
[2021-04-25 00:07:39,274] {taskinstance.py:1283} INFO - Exporting the following env vars:
AIRFLOW_CTX_DAG_OWNER=airflow
AIRFLOW_CTX_DAG_ID=bash_operator_dag
AIRFLOW_CTX_TASK_ID=first_task
AIRFLOW_CTX_EXECUTION_DATE=2021-01-30T00:00:00+00:00
AIRFLOW_CTX_DAG_RUN_ID=scheduled__2021-01-30T00:00:00+00:00
[2021-04-25 00:07:39,275] {bash.py:135} INFO - Tmp dir root location: 
 /tmp
[2021-04-25 00:07:39,278] {bash.py:158} INFO - Running command: echo "testing first bash operator"
[2021-04-25 00:07:39,321] {bash.py:169} INFO - Output:
[2021-04-25 00:07:39,324] {bash.py:173} INFO - testing first bash operator
[2021-04-25 00:07:39,336] {bash.py:177} INFO - Command exited with return code 0
[2021-04-25 00:07:39,649] {taskinstance.py:1192} INFO - Marking task as SUCCESS. dag_id=bash_operator_dag, task_id=first_task, execution_date=20210130T000000, start_date=20210425T000738, end_date=20210425T000739
[2021-04-25 00:07:39,997] {taskinstance.py:1246} INFO - 1 downstream tasks scheduled from follow-on schedule check
[2021-04-25 00:07:40,033] {local_task_job.py:146} INFO - Task exited with return code 0
[2021-04-25 00:44:08,942] {taskinstance.py:877} INFO - Dependencies all met for <TaskInstance: bash_operator_dag.first_task 2021-01-30T00:00:00+00:00 [queued]>
[2021-04-25 00:44:08,992] {taskinstance.py:877} INFO - Dependencies all met for <TaskInstance: bash_operator_dag.first_task 2021-01-30T00:00:00+00:00 [queued]>
[2021-04-25 00:44:08,992] {taskinstance.py:1068} INFO - 
--------------------------------------------------------------------------------
[2021-04-25 00:44:08,993] {taskinstance.py:1069} INFO - Starting attempt 1 of 3
[2021-04-25 00:44:08,993] {taskinstance.py:1070} INFO - 
--------------------------------------------------------------------------------
[2021-04-25 00:44:09,097] {taskinstance.py:1089} INFO - Executing <Task(BashOperator): first_task> on 2021-01-30T00:00:00+00:00
[2021-04-25 00:44:09,108] {standard_task_runner.py:52} INFO - Started process 2147 to run task
[2021-04-25 00:44:09,129] {standard_task_runner.py:76} INFO - Running: ['airflow', 'tasks', 'run', 'bash_operator_dag', 'first_task', '2021-01-30T00:00:00+00:00', '--job-id', '750', '--pool', 'default_pool', '--raw', '--subdir', 'DAGS_FOLDER/simple_bash_operator_dag.py', '--cfg-path', '/tmp/tmpca3go0bt', '--error-file', '/tmp/tmpwnyr6gmf']
[2021-04-25 00:44:09,132] {standard_task_runner.py:77} INFO - Job 750: Subtask first_task
[2021-04-25 00:44:09,421] {logging_mixin.py:104} INFO - Running <TaskInstance: bash_operator_dag.first_task 2021-01-30T00:00:00+00:00 [running]> on host 4a00a306afdc
[2021-04-25 00:44:09,747] {taskinstance.py:1283} INFO - Exporting the following env vars:
AIRFLOW_CTX_DAG_OWNER=airflow
AIRFLOW_CTX_DAG_ID=bash_operator_dag
AIRFLOW_CTX_TASK_ID=first_task
AIRFLOW_CTX_EXECUTION_DATE=2021-01-30T00:00:00+00:00
AIRFLOW_CTX_DAG_RUN_ID=scheduled__2021-01-30T00:00:00+00:00
[2021-04-25 00:44:09,750] {bash.py:135} INFO - Tmp dir root location: 
 /tmp
[2021-04-25 00:44:09,752] {bash.py:158} INFO - Running command: echo "testing first bash operator"
[2021-04-25 00:44:09,844] {bash.py:169} INFO - Output:
[2021-04-25 00:44:09,847] {bash.py:173} INFO - testing first bash operator
[2021-04-25 00:44:09,848] {bash.py:177} INFO - Command exited with return code 0
[2021-04-25 00:44:10,108] {taskinstance.py:1192} INFO - Marking task as SUCCESS. dag_id=bash_operator_dag, task_id=first_task, execution_date=20210130T000000, start_date=20210425T004408, end_date=20210425T004410
[2021-04-25 00:44:10,361] {taskinstance.py:1246} INFO - 1 downstream tasks scheduled from follow-on schedule check
[2021-04-25 00:44:10,407] {local_task_job.py:146} INFO - Task exited with return code 0
