[2021-04-25 00:05:06,321] {taskinstance.py:877} INFO - Dependencies all met for <TaskInstance: bash_operator_dag.first_task 2021-02-28T00:00:00+00:00 [queued]>
[2021-04-25 00:05:06,357] {taskinstance.py:877} INFO - Dependencies all met for <TaskInstance: bash_operator_dag.first_task 2021-02-28T00:00:00+00:00 [queued]>
[2021-04-25 00:05:06,358] {taskinstance.py:1068} INFO - 
--------------------------------------------------------------------------------
[2021-04-25 00:05:06,359] {taskinstance.py:1069} INFO - Starting attempt 1 of 3
[2021-04-25 00:05:06,359] {taskinstance.py:1070} INFO - 
--------------------------------------------------------------------------------
[2021-04-25 00:05:06,407] {taskinstance.py:1089} INFO - Executing <Task(BashOperator): first_task> on 2021-02-28T00:00:00+00:00
[2021-04-25 00:05:06,413] {standard_task_runner.py:52} INFO - Started process 1075 to run task
[2021-04-25 00:05:06,424] {standard_task_runner.py:76} INFO - Running: ['airflow', 'tasks', 'run', 'bash_operator_dag', 'first_task', '2021-02-28T00:00:00+00:00', '--job-id', '392', '--pool', 'default_pool', '--raw', '--subdir', 'DAGS_FOLDER/simple_bash_operator_dag.py', '--cfg-path', '/tmp/tmpivw_xowu', '--error-file', '/tmp/tmp2but5tw2']
[2021-04-25 00:05:06,425] {standard_task_runner.py:77} INFO - Job 392: Subtask first_task
[2021-04-25 00:05:06,577] {logging_mixin.py:104} INFO - Running <TaskInstance: bash_operator_dag.first_task 2021-02-28T00:00:00+00:00 [running]> on host 4a00a306afdc
[2021-04-25 00:05:06,707] {taskinstance.py:1283} INFO - Exporting the following env vars:
AIRFLOW_CTX_DAG_OWNER=airflow
AIRFLOW_CTX_DAG_ID=bash_operator_dag
AIRFLOW_CTX_TASK_ID=first_task
AIRFLOW_CTX_EXECUTION_DATE=2021-02-28T00:00:00+00:00
AIRFLOW_CTX_DAG_RUN_ID=scheduled__2021-02-28T00:00:00+00:00
[2021-04-25 00:05:06,708] {bash.py:135} INFO - Tmp dir root location: 
 /tmp
[2021-04-25 00:05:06,710] {bash.py:158} INFO - Running command: echo "testing first bash operator"
[2021-04-25 00:05:06,728] {bash.py:169} INFO - Output:
[2021-04-25 00:05:06,730] {bash.py:173} INFO - testing first bash operator
[2021-04-25 00:05:06,731] {bash.py:177} INFO - Command exited with return code 0
[2021-04-25 00:05:06,793] {taskinstance.py:1192} INFO - Marking task as SUCCESS. dag_id=bash_operator_dag, task_id=first_task, execution_date=20210228T000000, start_date=20210425T000506, end_date=20210425T000506
[2021-04-25 00:05:06,869] {taskinstance.py:1246} INFO - 1 downstream tasks scheduled from follow-on schedule check
[2021-04-25 00:05:06,904] {local_task_job.py:146} INFO - Task exited with return code 0
[2021-04-25 00:08:11,273] {taskinstance.py:877} INFO - Dependencies all met for <TaskInstance: bash_operator_dag.first_task 2021-02-28T00:00:00+00:00 [queued]>
[2021-04-25 00:08:11,308] {taskinstance.py:877} INFO - Dependencies all met for <TaskInstance: bash_operator_dag.first_task 2021-02-28T00:00:00+00:00 [queued]>
[2021-04-25 00:08:11,308] {taskinstance.py:1068} INFO - 
--------------------------------------------------------------------------------
[2021-04-25 00:08:11,309] {taskinstance.py:1069} INFO - Starting attempt 1 of 3
[2021-04-25 00:08:11,309] {taskinstance.py:1070} INFO - 
--------------------------------------------------------------------------------
[2021-04-25 00:08:11,362] {taskinstance.py:1089} INFO - Executing <Task(BashOperator): first_task> on 2021-02-28T00:00:00+00:00
[2021-04-25 00:08:11,375] {standard_task_runner.py:52} INFO - Started process 1637 to run task
[2021-04-25 00:08:11,407] {standard_task_runner.py:76} INFO - Running: ['airflow', 'tasks', 'run', 'bash_operator_dag', 'first_task', '2021-02-28T00:00:00+00:00', '--job-id', '581', '--pool', 'default_pool', '--raw', '--subdir', 'DAGS_FOLDER/simple_bash_operator_dag.py', '--cfg-path', '/tmp/tmp7xi9fb7q', '--error-file', '/tmp/tmpmuqpqril']
[2021-04-25 00:08:11,408] {standard_task_runner.py:77} INFO - Job 581: Subtask first_task
[2021-04-25 00:08:11,535] {logging_mixin.py:104} INFO - Running <TaskInstance: bash_operator_dag.first_task 2021-02-28T00:00:00+00:00 [running]> on host 4a00a306afdc
[2021-04-25 00:08:11,687] {taskinstance.py:1283} INFO - Exporting the following env vars:
AIRFLOW_CTX_DAG_OWNER=airflow
AIRFLOW_CTX_DAG_ID=bash_operator_dag
AIRFLOW_CTX_TASK_ID=first_task
AIRFLOW_CTX_EXECUTION_DATE=2021-02-28T00:00:00+00:00
AIRFLOW_CTX_DAG_RUN_ID=scheduled__2021-02-28T00:00:00+00:00
[2021-04-25 00:08:11,688] {bash.py:135} INFO - Tmp dir root location: 
 /tmp
[2021-04-25 00:08:11,690] {bash.py:158} INFO - Running command: echo "testing first bash operator"
[2021-04-25 00:08:11,710] {bash.py:169} INFO - Output:
[2021-04-25 00:08:11,713] {bash.py:173} INFO - testing first bash operator
[2021-04-25 00:08:11,714] {bash.py:177} INFO - Command exited with return code 0
[2021-04-25 00:08:11,795] {taskinstance.py:1192} INFO - Marking task as SUCCESS. dag_id=bash_operator_dag, task_id=first_task, execution_date=20210228T000000, start_date=20210425T000811, end_date=20210425T000811
[2021-04-25 00:08:11,888] {taskinstance.py:1246} INFO - 1 downstream tasks scheduled from follow-on schedule check
[2021-04-25 00:08:11,946] {local_task_job.py:146} INFO - Task exited with return code 0
