[2021-04-25 13:48:00,928] {taskinstance.py:877} INFO - Dependencies all met for <TaskInstance: write_file_python_operator.write_execution_time_task 2021-04-25T13:46:00+00:00 [queued]>
[2021-04-25 13:48:00,944] {taskinstance.py:877} INFO - Dependencies all met for <TaskInstance: write_file_python_operator.write_execution_time_task 2021-04-25T13:46:00+00:00 [queued]>
[2021-04-25 13:48:00,944] {taskinstance.py:1068} INFO - 
--------------------------------------------------------------------------------
[2021-04-25 13:48:00,944] {taskinstance.py:1069} INFO - Starting attempt 1 of 3
[2021-04-25 13:48:00,944] {taskinstance.py:1070} INFO - 
--------------------------------------------------------------------------------
[2021-04-25 13:48:00,963] {taskinstance.py:1089} INFO - Executing <Task(PythonOperator): write_execution_time_task> on 2021-04-25T13:46:00+00:00
[2021-04-25 13:48:00,967] {standard_task_runner.py:52} INFO - Started process 89 to run task
[2021-04-25 13:48:01,031] {standard_task_runner.py:76} INFO - Running: ['airflow', 'tasks', 'run', 'write_file_python_operator', 'write_execution_time_task', '2021-04-25T13:46:00+00:00', '--job-id', '912', '--pool', 'default_pool', '--raw', '--subdir', 'DAGS_FOLDER/python_operator/write_file_python_operator.py', '--cfg-path', '/tmp/tmp9h_rhv_i', '--error-file', '/tmp/tmpf3mvussf']
[2021-04-25 13:48:01,033] {standard_task_runner.py:77} INFO - Job 912: Subtask write_execution_time_task
[2021-04-25 13:48:01,342] {logging_mixin.py:104} INFO - Running <TaskInstance: write_file_python_operator.write_execution_time_task 2021-04-25T13:46:00+00:00 [running]> on host d6e2455ef0ec
[2021-04-25 13:48:01,471] {taskinstance.py:1283} INFO - Exporting the following env vars:
AIRFLOW_CTX_DAG_OWNER=airflow
AIRFLOW_CTX_DAG_ID=write_file_python_operator
AIRFLOW_CTX_TASK_ID=write_execution_time_task
AIRFLOW_CTX_EXECUTION_DATE=2021-04-25T13:46:00+00:00
AIRFLOW_CTX_DAG_RUN_ID=scheduled__2021-04-25T13:46:00+00:00
[2021-04-25 13:48:01,476] {logging_mixin.py:104} INFO - Success write the execution date to exec_time.txt
[2021-04-25 13:48:01,476] {python.py:118} INFO - Done. Returned value was: None
[2021-04-25 13:48:01,499] {taskinstance.py:1192} INFO - Marking task as SUCCESS. dag_id=write_file_python_operator, task_id=write_execution_time_task, execution_date=20210425T134600, start_date=20210425T134800, end_date=20210425T134801
[2021-04-25 13:48:01,530] {taskinstance.py:1246} INFO - 0 downstream tasks scheduled from follow-on schedule check
[2021-04-25 13:48:01,539] {local_task_job.py:146} INFO - Task exited with return code 0
