[2021-04-25 14:51:08,005] {taskinstance.py:877} INFO - Dependencies all met for <TaskInstance: branch_python_operator_dag.branch_task 2021-04-25T14:51:06.686857+00:00 [queued]>
[2021-04-25 14:51:08,029] {taskinstance.py:877} INFO - Dependencies all met for <TaskInstance: branch_python_operator_dag.branch_task 2021-04-25T14:51:06.686857+00:00 [queued]>
[2021-04-25 14:51:08,029] {taskinstance.py:1068} INFO - 
--------------------------------------------------------------------------------
[2021-04-25 14:51:08,030] {taskinstance.py:1069} INFO - Starting attempt 1 of 3
[2021-04-25 14:51:08,030] {taskinstance.py:1070} INFO - 
--------------------------------------------------------------------------------
[2021-04-25 14:51:08,074] {taskinstance.py:1089} INFO - Executing <Task(BranchPythonOperator): branch_task> on 2021-04-25T14:51:06.686857+00:00
[2021-04-25 14:51:08,082] {standard_task_runner.py:52} INFO - Started process 209 to run task
[2021-04-25 14:51:08,089] {standard_task_runner.py:76} INFO - Running: ['airflow', 'tasks', 'run', 'branch_python_operator_dag', 'branch_task', '2021-04-25T14:51:06.686857+00:00', '--job-id', '950', '--pool', 'default_pool', '--raw', '--subdir', 'DAGS_FOLDER/python_operator/branch_python_operator_dag.py', '--cfg-path', '/tmp/tmpxqqey_1e', '--error-file', '/tmp/tmppbogni9k']
[2021-04-25 14:51:08,090] {standard_task_runner.py:77} INFO - Job 950: Subtask branch_task
[2021-04-25 14:51:08,188] {logging_mixin.py:104} INFO - Running <TaskInstance: branch_python_operator_dag.branch_task 2021-04-25T14:51:06.686857+00:00 [running]> on host d6e2455ef0ec
[2021-04-25 14:51:08,257] {taskinstance.py:1283} INFO - Exporting the following env vars:
AIRFLOW_CTX_DAG_OWNER=airflow
AIRFLOW_CTX_DAG_ID=branch_python_operator_dag
AIRFLOW_CTX_TASK_ID=branch_task
AIRFLOW_CTX_EXECUTION_DATE=2021-04-25T14:51:06.686857+00:00
AIRFLOW_CTX_DAG_RUN_ID=manual__2021-04-25T14:51:06.686857+00:00
[2021-04-25 14:51:08,259] {python.py:118} INFO - Done. Returned value was: odd_day_task
[2021-04-25 14:51:08,260] {skipmixin.py:124} INFO - Following branch odd_day_task
[2021-04-25 14:51:08,269] {skipmixin.py:155} INFO - Skipping tasks ['even_day_task']
[2021-04-25 14:51:08,344] {taskinstance.py:1192} INFO - Marking task as SUCCESS. dag_id=branch_python_operator_dag, task_id=branch_task, execution_date=20210425T145106, start_date=20210425T145108, end_date=20210425T145108
[2021-04-25 14:51:08,400] {taskinstance.py:1246} INFO - 1 downstream tasks scheduled from follow-on schedule check
[2021-04-25 14:51:08,427] {local_task_job.py:146} INFO - Task exited with return code 0
