[2021-05-01 05:44:01,531] {taskinstance.py:877} INFO - Dependencies all met for <TaskInstance: write_file_python_operator.write_studio_ghibli_data_task 2021-05-01T05:42:00+00:00 [queued]>
[2021-05-01 05:44:01,570] {taskinstance.py:877} INFO - Dependencies all met for <TaskInstance: write_file_python_operator.write_studio_ghibli_data_task 2021-05-01T05:42:00+00:00 [queued]>
[2021-05-01 05:44:01,571] {taskinstance.py:1068} INFO - 
--------------------------------------------------------------------------------
[2021-05-01 05:44:01,571] {taskinstance.py:1069} INFO - Starting attempt 1 of 3
[2021-05-01 05:44:01,571] {taskinstance.py:1070} INFO - 
--------------------------------------------------------------------------------
[2021-05-01 05:44:01,591] {taskinstance.py:1089} INFO - Executing <Task(PythonOperator): write_studio_ghibli_data_task> on 2021-05-01T05:42:00+00:00
[2021-05-01 05:44:01,598] {standard_task_runner.py:52} INFO - Started process 67 to run task
[2021-05-01 05:44:01,614] {standard_task_runner.py:76} INFO - Running: ['airflow', 'tasks', 'run', 'write_file_python_operator', 'write_studio_ghibli_data_task', '2021-05-01T05:42:00+00:00', '--job-id', '1038', '--pool', 'default_pool', '--raw', '--subdir', 'DAGS_FOLDER/python_operator/write_file_python_operator.py', '--cfg-path', '/tmp/tmpnl1gswnq', '--error-file', '/tmp/tmp4ghjfqeh']
[2021-05-01 05:44:01,615] {standard_task_runner.py:77} INFO - Job 1038: Subtask write_studio_ghibli_data_task
[2021-05-01 05:44:01,727] {logging_mixin.py:104} INFO - Running <TaskInstance: write_file_python_operator.write_studio_ghibli_data_task 2021-05-01T05:42:00+00:00 [running]> on host d6e2455ef0ec
[2021-05-01 05:44:01,868] {taskinstance.py:1283} INFO - Exporting the following env vars:
AIRFLOW_CTX_DAG_OWNER=airflow
AIRFLOW_CTX_DAG_ID=write_file_python_operator
AIRFLOW_CTX_TASK_ID=write_studio_ghibli_data_task
AIRFLOW_CTX_EXECUTION_DATE=2021-05-01T05:42:00+00:00
AIRFLOW_CTX_DAG_RUN_ID=scheduled__2021-05-01T05:42:00+00:00
[2021-05-01 05:44:03,454] {logging_mixin.py:104} INFO - Success fetch data from https://ghibliapi.herokuapp.com/films/ and write to studio_ghibli.json
[2021-05-01 05:44:03,455] {python.py:118} INFO - Done. Returned value was: None
[2021-05-01 05:44:03,480] {taskinstance.py:1192} INFO - Marking task as SUCCESS. dag_id=write_file_python_operator, task_id=write_studio_ghibli_data_task, execution_date=20210501T054200, start_date=20210501T054401, end_date=20210501T054403
[2021-05-01 05:44:03,542] {taskinstance.py:1246} INFO - 0 downstream tasks scheduled from follow-on schedule check
[2021-05-01 05:44:03,592] {local_task_job.py:146} INFO - Task exited with return code 0
