[2021-04-25 00:07:13,529] {taskinstance.py:877} INFO - Dependencies all met for <TaskInstance: bash_operator_dag.first_task 2021-01-07T00:00:00+00:00 [queued]>
[2021-04-25 00:07:13,608] {taskinstance.py:877} INFO - Dependencies all met for <TaskInstance: bash_operator_dag.first_task 2021-01-07T00:00:00+00:00 [queued]>
[2021-04-25 00:07:13,609] {taskinstance.py:1068} INFO - 
--------------------------------------------------------------------------------
[2021-04-25 00:07:13,610] {taskinstance.py:1069} INFO - Starting attempt 1 of 3
[2021-04-25 00:07:13,610] {taskinstance.py:1070} INFO - 
--------------------------------------------------------------------------------
[2021-04-25 00:07:13,691] {taskinstance.py:1089} INFO - Executing <Task(BashOperator): first_task> on 2021-01-07T00:00:00+00:00
[2021-04-25 00:07:13,711] {standard_task_runner.py:52} INFO - Started process 1326 to run task
[2021-04-25 00:07:13,737] {standard_task_runner.py:76} INFO - Running: ['airflow', 'tasks', 'run', 'bash_operator_dag', 'first_task', '2021-01-07T00:00:00+00:00', '--job-id', '476', '--pool', 'default_pool', '--raw', '--subdir', 'DAGS_FOLDER/simple_bash_operator_dag.py', '--cfg-path', '/tmp/tmpfxrrl_75', '--error-file', '/tmp/tmpiw40ier7']
[2021-04-25 00:07:13,740] {standard_task_runner.py:77} INFO - Job 476: Subtask first_task
[2021-04-25 00:07:14,171] {logging_mixin.py:104} INFO - Running <TaskInstance: bash_operator_dag.first_task 2021-01-07T00:00:00+00:00 [running]> on host 4a00a306afdc
[2021-04-25 00:07:14,444] {taskinstance.py:1283} INFO - Exporting the following env vars:
AIRFLOW_CTX_DAG_OWNER=airflow
AIRFLOW_CTX_DAG_ID=bash_operator_dag
AIRFLOW_CTX_TASK_ID=first_task
AIRFLOW_CTX_EXECUTION_DATE=2021-01-07T00:00:00+00:00
AIRFLOW_CTX_DAG_RUN_ID=scheduled__2021-01-07T00:00:00+00:00
[2021-04-25 00:07:14,447] {bash.py:135} INFO - Tmp dir root location: 
 /tmp
[2021-04-25 00:07:14,461] {bash.py:158} INFO - Running command: echo "testing first bash operator"
[2021-04-25 00:07:14,504] {bash.py:169} INFO - Output:
[2021-04-25 00:07:14,505] {bash.py:173} INFO - testing first bash operator
[2021-04-25 00:07:14,506] {bash.py:177} INFO - Command exited with return code 0
[2021-04-25 00:07:14,775] {taskinstance.py:1192} INFO - Marking task as SUCCESS. dag_id=bash_operator_dag, task_id=first_task, execution_date=20210107T000000, start_date=20210425T000713, end_date=20210425T000714
[2021-04-25 00:07:15,011] {taskinstance.py:1246} INFO - 1 downstream tasks scheduled from follow-on schedule check
[2021-04-25 00:07:15,075] {local_task_job.py:146} INFO - Task exited with return code 0
[2021-04-25 00:43:32,669] {taskinstance.py:877} INFO - Dependencies all met for <TaskInstance: bash_operator_dag.first_task 2021-01-07T00:00:00+00:00 [queued]>
[2021-04-25 00:43:32,739] {taskinstance.py:877} INFO - Dependencies all met for <TaskInstance: bash_operator_dag.first_task 2021-01-07T00:00:00+00:00 [queued]>
[2021-04-25 00:43:32,751] {taskinstance.py:1068} INFO - 
--------------------------------------------------------------------------------
[2021-04-25 00:43:32,756] {taskinstance.py:1069} INFO - Starting attempt 1 of 3
[2021-04-25 00:43:32,758] {taskinstance.py:1070} INFO - 
--------------------------------------------------------------------------------
[2021-04-25 00:43:32,882] {taskinstance.py:1089} INFO - Executing <Task(BashOperator): first_task> on 2021-01-07T00:00:00+00:00
[2021-04-25 00:43:32,910] {standard_task_runner.py:52} INFO - Started process 2005 to run task
[2021-04-25 00:43:32,943] {standard_task_runner.py:76} INFO - Running: ['airflow', 'tasks', 'run', 'bash_operator_dag', 'first_task', '2021-01-07T00:00:00+00:00', '--job-id', '702', '--pool', 'default_pool', '--raw', '--subdir', 'DAGS_FOLDER/simple_bash_operator_dag.py', '--cfg-path', '/tmp/tmplkrf6a7d', '--error-file', '/tmp/tmp81gu3e6n']
[2021-04-25 00:43:32,944] {standard_task_runner.py:77} INFO - Job 702: Subtask first_task
[2021-04-25 00:43:33,314] {logging_mixin.py:104} INFO - Running <TaskInstance: bash_operator_dag.first_task 2021-01-07T00:00:00+00:00 [running]> on host 4a00a306afdc
[2021-04-25 00:43:33,675] {taskinstance.py:1283} INFO - Exporting the following env vars:
AIRFLOW_CTX_DAG_OWNER=airflow
AIRFLOW_CTX_DAG_ID=bash_operator_dag
AIRFLOW_CTX_TASK_ID=first_task
AIRFLOW_CTX_EXECUTION_DATE=2021-01-07T00:00:00+00:00
AIRFLOW_CTX_DAG_RUN_ID=scheduled__2021-01-07T00:00:00+00:00
[2021-04-25 00:43:33,677] {bash.py:135} INFO - Tmp dir root location: 
 /tmp
[2021-04-25 00:43:33,682] {bash.py:158} INFO - Running command: echo "testing first bash operator"
[2021-04-25 00:43:33,749] {bash.py:169} INFO - Output:
[2021-04-25 00:43:33,760] {bash.py:173} INFO - testing first bash operator
[2021-04-25 00:43:33,763] {bash.py:177} INFO - Command exited with return code 0
[2021-04-25 00:43:33,993] {taskinstance.py:1192} INFO - Marking task as SUCCESS. dag_id=bash_operator_dag, task_id=first_task, execution_date=20210107T000000, start_date=20210425T004332, end_date=20210425T004333
[2021-04-25 00:43:34,567] {taskinstance.py:1246} INFO - 0 downstream tasks scheduled from follow-on schedule check
[2021-04-25 00:43:34,689] {local_task_job.py:146} INFO - Task exited with return code 0
