[2021-04-25 00:07:26,741] {taskinstance.py:877} INFO - Dependencies all met for <TaskInstance: bash_operator_dag.second_task 2021-01-14T00:00:00+00:00 [queued]>
[2021-04-25 00:07:26,784] {taskinstance.py:877} INFO - Dependencies all met for <TaskInstance: bash_operator_dag.second_task 2021-01-14T00:00:00+00:00 [queued]>
[2021-04-25 00:07:26,785] {taskinstance.py:1068} INFO - 
--------------------------------------------------------------------------------
[2021-04-25 00:07:26,785] {taskinstance.py:1069} INFO - Starting attempt 1 of 3
[2021-04-25 00:07:26,785] {taskinstance.py:1070} INFO - 
--------------------------------------------------------------------------------
[2021-04-25 00:07:26,832] {taskinstance.py:1089} INFO - Executing <Task(BashOperator): second_task> on 2021-01-14T00:00:00+00:00
[2021-04-25 00:07:26,841] {standard_task_runner.py:52} INFO - Started process 1386 to run task
[2021-04-25 00:07:26,881] {standard_task_runner.py:76} INFO - Running: ['airflow', 'tasks', 'run', 'bash_operator_dag', 'second_task', '2021-01-14T00:00:00+00:00', '--job-id', '496', '--pool', 'default_pool', '--raw', '--subdir', 'DAGS_FOLDER/simple_bash_operator_dag.py', '--cfg-path', '/tmp/tmped6x6dt9', '--error-file', '/tmp/tmpecc8fapk']
[2021-04-25 00:07:26,882] {standard_task_runner.py:77} INFO - Job 496: Subtask second_task
[2021-04-25 00:07:27,034] {logging_mixin.py:104} INFO - Running <TaskInstance: bash_operator_dag.second_task 2021-01-14T00:00:00+00:00 [running]> on host 4a00a306afdc
[2021-04-25 00:07:27,162] {taskinstance.py:1283} INFO - Exporting the following env vars:
AIRFLOW_CTX_DAG_OWNER=airflow
AIRFLOW_CTX_DAG_ID=bash_operator_dag
AIRFLOW_CTX_TASK_ID=second_task
AIRFLOW_CTX_EXECUTION_DATE=2021-01-14T00:00:00+00:00
AIRFLOW_CTX_DAG_RUN_ID=scheduled__2021-01-14T00:00:00+00:00
[2021-04-25 00:07:27,164] {bash.py:135} INFO - Tmp dir root location: 
 /tmp
[2021-04-25 00:07:27,172] {bash.py:158} INFO - Running command: echo "testing second bash operator"
[2021-04-25 00:07:27,228] {bash.py:169} INFO - Output:
[2021-04-25 00:07:27,259] {bash.py:173} INFO - testing second bash operator
[2021-04-25 00:07:27,265] {bash.py:177} INFO - Command exited with return code 0
[2021-04-25 00:07:27,401] {taskinstance.py:1192} INFO - Marking task as SUCCESS. dag_id=bash_operator_dag, task_id=second_task, execution_date=20210114T000000, start_date=20210425T000726, end_date=20210425T000727
[2021-04-25 00:07:27,534] {taskinstance.py:1246} INFO - 0 downstream tasks scheduled from follow-on schedule check
[2021-04-25 00:07:27,590] {local_task_job.py:146} INFO - Task exited with return code 0
[2021-04-25 00:43:48,934] {taskinstance.py:877} INFO - Dependencies all met for <TaskInstance: bash_operator_dag.second_task 2021-01-14T00:00:00+00:00 [queued]>
[2021-04-25 00:43:49,263] {taskinstance.py:877} INFO - Dependencies all met for <TaskInstance: bash_operator_dag.second_task 2021-01-14T00:00:00+00:00 [queued]>
[2021-04-25 00:43:49,264] {taskinstance.py:1068} INFO - 
--------------------------------------------------------------------------------
[2021-04-25 00:43:49,264] {taskinstance.py:1069} INFO - Starting attempt 1 of 3
[2021-04-25 00:43:49,264] {taskinstance.py:1070} INFO - 
--------------------------------------------------------------------------------
[2021-04-25 00:43:49,576] {taskinstance.py:1089} INFO - Executing <Task(BashOperator): second_task> on 2021-01-14T00:00:00+00:00
[2021-04-25 00:43:49,593] {standard_task_runner.py:52} INFO - Started process 2069 to run task
[2021-04-25 00:43:49,615] {standard_task_runner.py:76} INFO - Running: ['airflow', 'tasks', 'run', 'bash_operator_dag', 'second_task', '2021-01-14T00:00:00+00:00', '--job-id', '724', '--pool', 'default_pool', '--raw', '--subdir', 'DAGS_FOLDER/simple_bash_operator_dag.py', '--cfg-path', '/tmp/tmp9vho3rhf', '--error-file', '/tmp/tmpo5i9rxu5']
[2021-04-25 00:43:49,616] {standard_task_runner.py:77} INFO - Job 724: Subtask second_task
[2021-04-25 00:43:50,025] {logging_mixin.py:104} INFO - Running <TaskInstance: bash_operator_dag.second_task 2021-01-14T00:00:00+00:00 [running]> on host 4a00a306afdc
[2021-04-25 00:43:50,311] {taskinstance.py:1283} INFO - Exporting the following env vars:
AIRFLOW_CTX_DAG_OWNER=airflow
AIRFLOW_CTX_DAG_ID=bash_operator_dag
AIRFLOW_CTX_TASK_ID=second_task
AIRFLOW_CTX_EXECUTION_DATE=2021-01-14T00:00:00+00:00
AIRFLOW_CTX_DAG_RUN_ID=scheduled__2021-01-14T00:00:00+00:00
[2021-04-25 00:43:50,316] {bash.py:135} INFO - Tmp dir root location: 
 /tmp
[2021-04-25 00:43:50,360] {bash.py:158} INFO - Running command: echo "testing second bash operator"
[2021-04-25 00:43:50,476] {bash.py:169} INFO - Output:
[2021-04-25 00:43:50,477] {bash.py:173} INFO - testing second bash operator
[2021-04-25 00:43:50,478] {bash.py:177} INFO - Command exited with return code 0
[2021-04-25 00:43:50,776] {taskinstance.py:1192} INFO - Marking task as SUCCESS. dag_id=bash_operator_dag, task_id=second_task, execution_date=20210114T000000, start_date=20210425T004348, end_date=20210425T004350
[2021-04-25 00:43:51,136] {taskinstance.py:1246} INFO - 0 downstream tasks scheduled from follow-on schedule check
[2021-04-25 00:43:51,224] {local_task_job.py:146} INFO - Task exited with return code 0
