[2021-04-24 23:02:17,111] {taskinstance.py:877} INFO - Dependencies all met for <TaskInstance: tutorial.print_date 2021-04-23T00:00:00+00:00 [queued]>
[2021-04-24 23:02:17,130] {taskinstance.py:877} INFO - Dependencies all met for <TaskInstance: tutorial.print_date 2021-04-23T00:00:00+00:00 [queued]>
[2021-04-24 23:02:17,131] {taskinstance.py:1068} INFO - 
--------------------------------------------------------------------------------
[2021-04-24 23:02:17,131] {taskinstance.py:1069} INFO - Starting attempt 1 of 2
[2021-04-24 23:02:17,132] {taskinstance.py:1070} INFO - 
--------------------------------------------------------------------------------
[2021-04-24 23:02:17,153] {taskinstance.py:1089} INFO - Executing <Task(BashOperator): print_date> on 2021-04-23T00:00:00+00:00
[2021-04-24 23:02:17,158] {standard_task_runner.py:52} INFO - Started process 55 to run task
[2021-04-24 23:02:17,163] {standard_task_runner.py:76} INFO - Running: ['airflow', 'tasks', 'run', 'tutorial', 'print_date', '2021-04-23T00:00:00+00:00', '--job-id', '42', '--pool', 'default_pool', '--raw', '--subdir', '/home/airflow/.local/lib/python3.6/site-packages/airflow/example_dags/tutorial.py', '--cfg-path', '/tmp/tmp9q9bt6zc', '--error-file', '/tmp/tmpk8r1zm6s']
[2021-04-24 23:02:17,164] {standard_task_runner.py:77} INFO - Job 42: Subtask print_date
[2021-04-24 23:02:17,235] {logging_mixin.py:104} INFO - Running <TaskInstance: tutorial.print_date 2021-04-23T00:00:00+00:00 [running]> on host 4a00a306afdc
[2021-04-24 23:02:17,320] {taskinstance.py:1283} INFO - Exporting the following env vars:
AIRFLOW_CTX_DAG_EMAIL=airflow@example.com
AIRFLOW_CTX_DAG_OWNER=airflow
AIRFLOW_CTX_DAG_ID=tutorial
AIRFLOW_CTX_TASK_ID=print_date
AIRFLOW_CTX_EXECUTION_DATE=2021-04-23T00:00:00+00:00
AIRFLOW_CTX_DAG_RUN_ID=scheduled__2021-04-23T00:00:00+00:00
[2021-04-24 23:02:17,321] {bash.py:135} INFO - Tmp dir root location: 
 /tmp
[2021-04-24 23:02:17,323] {bash.py:158} INFO - Running command: date
[2021-04-24 23:02:17,333] {bash.py:169} INFO - Output:
[2021-04-24 23:02:17,335] {bash.py:173} INFO - Sat Apr 24 23:02:17 UTC 2021
[2021-04-24 23:02:17,336] {bash.py:177} INFO - Command exited with return code 0
[2021-04-24 23:02:17,381] {taskinstance.py:1192} INFO - Marking task as SUCCESS. dag_id=tutorial, task_id=print_date, execution_date=20210423T000000, start_date=20210424T230217, end_date=20210424T230217
[2021-04-24 23:02:17,432] {taskinstance.py:1246} INFO - 2 downstream tasks scheduled from follow-on schedule check
[2021-04-24 23:02:17,464] {local_task_job.py:146} INFO - Task exited with return code 0
