[2021-04-25 00:05:20,710] {taskinstance.py:877} INFO - Dependencies all met for <TaskInstance: bash_operator_dag.second_task 2021-03-12T00:00:00+00:00 [queued]>
[2021-04-25 00:05:20,736] {taskinstance.py:877} INFO - Dependencies all met for <TaskInstance: bash_operator_dag.second_task 2021-03-12T00:00:00+00:00 [queued]>
[2021-04-25 00:05:20,737] {taskinstance.py:1068} INFO - 
--------------------------------------------------------------------------------
[2021-04-25 00:05:20,737] {taskinstance.py:1069} INFO - Starting attempt 1 of 1
[2021-04-25 00:05:20,741] {taskinstance.py:1070} INFO - 
--------------------------------------------------------------------------------
[2021-04-25 00:05:20,778] {taskinstance.py:1089} INFO - Executing <Task(BashOperator): second_task> on 2021-03-12T00:00:00+00:00
[2021-04-25 00:05:20,791] {standard_task_runner.py:52} INFO - Started process 1165 to run task
[2021-04-25 00:05:20,804] {standard_task_runner.py:76} INFO - Running: ['airflow', 'tasks', 'run', 'bash_operator_dag', 'second_task', '2021-03-12T00:00:00+00:00', '--job-id', '423', '--pool', 'default_pool', '--raw', '--subdir', 'DAGS_FOLDER/simple_bash_operator_dag.py', '--cfg-path', '/tmp/tmpe7lwrnzz', '--error-file', '/tmp/tmp_g6icgmx']
[2021-04-25 00:05:20,806] {standard_task_runner.py:77} INFO - Job 423: Subtask second_task
[2021-04-25 00:05:20,942] {logging_mixin.py:104} INFO - Running <TaskInstance: bash_operator_dag.second_task 2021-03-12T00:00:00+00:00 [running]> on host 4a00a306afdc
[2021-04-25 00:05:21,062] {taskinstance.py:1283} INFO - Exporting the following env vars:
AIRFLOW_CTX_DAG_OWNER=airflow
AIRFLOW_CTX_DAG_ID=bash_operator_dag
AIRFLOW_CTX_TASK_ID=second_task
AIRFLOW_CTX_EXECUTION_DATE=2021-03-12T00:00:00+00:00
AIRFLOW_CTX_DAG_RUN_ID=scheduled__2021-03-12T00:00:00+00:00
[2021-04-25 00:05:21,064] {bash.py:135} INFO - Tmp dir root location: 
 /tmp
[2021-04-25 00:05:21,067] {bash.py:158} INFO - Running command: echo "testing second bash operator"
[2021-04-25 00:05:21,089] {bash.py:169} INFO - Output:
[2021-04-25 00:05:21,091] {bash.py:173} INFO - testing second bash operator
[2021-04-25 00:05:21,092] {bash.py:177} INFO - Command exited with return code 0
[2021-04-25 00:05:21,167] {taskinstance.py:1192} INFO - Marking task as SUCCESS. dag_id=bash_operator_dag, task_id=second_task, execution_date=20210312T000000, start_date=20210425T000520, end_date=20210425T000521
[2021-04-25 00:05:21,244] {taskinstance.py:1246} INFO - 0 downstream tasks scheduled from follow-on schedule check
[2021-04-25 00:05:21,272] {local_task_job.py:146} INFO - Task exited with return code 0
[2021-04-25 00:08:25,933] {taskinstance.py:877} INFO - Dependencies all met for <TaskInstance: bash_operator_dag.second_task 2021-03-12T00:00:00+00:00 [queued]>
[2021-04-25 00:08:25,990] {taskinstance.py:877} INFO - Dependencies all met for <TaskInstance: bash_operator_dag.second_task 2021-03-12T00:00:00+00:00 [queued]>
[2021-04-25 00:08:25,992] {taskinstance.py:1068} INFO - 
--------------------------------------------------------------------------------
[2021-04-25 00:08:25,994] {taskinstance.py:1069} INFO - Starting attempt 1 of 3
[2021-04-25 00:08:25,994] {taskinstance.py:1070} INFO - 
--------------------------------------------------------------------------------
[2021-04-25 00:08:26,032] {taskinstance.py:1089} INFO - Executing <Task(BashOperator): second_task> on 2021-03-12T00:00:00+00:00
[2021-04-25 00:08:26,039] {standard_task_runner.py:52} INFO - Started process 1727 to run task
[2021-04-25 00:08:26,074] {standard_task_runner.py:76} INFO - Running: ['airflow', 'tasks', 'run', 'bash_operator_dag', 'second_task', '2021-03-12T00:00:00+00:00', '--job-id', '610', '--pool', 'default_pool', '--raw', '--subdir', 'DAGS_FOLDER/simple_bash_operator_dag.py', '--cfg-path', '/tmp/tmpg9isv1q3', '--error-file', '/tmp/tmp5smcbgtk']
[2021-04-25 00:08:26,076] {standard_task_runner.py:77} INFO - Job 610: Subtask second_task
[2021-04-25 00:08:26,198] {logging_mixin.py:104} INFO - Running <TaskInstance: bash_operator_dag.second_task 2021-03-12T00:00:00+00:00 [running]> on host 4a00a306afdc
[2021-04-25 00:08:26,344] {taskinstance.py:1283} INFO - Exporting the following env vars:
AIRFLOW_CTX_DAG_OWNER=airflow
AIRFLOW_CTX_DAG_ID=bash_operator_dag
AIRFLOW_CTX_TASK_ID=second_task
AIRFLOW_CTX_EXECUTION_DATE=2021-03-12T00:00:00+00:00
AIRFLOW_CTX_DAG_RUN_ID=scheduled__2021-03-12T00:00:00+00:00
[2021-04-25 00:08:26,345] {bash.py:135} INFO - Tmp dir root location: 
 /tmp
[2021-04-25 00:08:26,347] {bash.py:158} INFO - Running command: echo "testing second bash operator"
[2021-04-25 00:08:26,366] {bash.py:169} INFO - Output:
[2021-04-25 00:08:26,370] {bash.py:173} INFO - testing second bash operator
[2021-04-25 00:08:26,371] {bash.py:177} INFO - Command exited with return code 0
[2021-04-25 00:08:26,476] {taskinstance.py:1192} INFO - Marking task as SUCCESS. dag_id=bash_operator_dag, task_id=second_task, execution_date=20210312T000000, start_date=20210425T000825, end_date=20210425T000826
[2021-04-25 00:08:26,749] {taskinstance.py:1246} INFO - 0 downstream tasks scheduled from follow-on schedule check
[2021-04-25 00:08:26,770] {local_task_job.py:146} INFO - Task exited with return code 0
