[2021-04-25 00:05:25,175] {taskinstance.py:877} INFO - Dependencies all met for <TaskInstance: bash_operator_dag.first_task 2021-03-22T00:00:00+00:00 [queued]>
[2021-04-25 00:05:25,205] {taskinstance.py:877} INFO - Dependencies all met for <TaskInstance: bash_operator_dag.first_task 2021-03-22T00:00:00+00:00 [queued]>
[2021-04-25 00:05:25,207] {taskinstance.py:1068} INFO - 
--------------------------------------------------------------------------------
[2021-04-25 00:05:25,208] {taskinstance.py:1069} INFO - Starting attempt 1 of 1
[2021-04-25 00:05:25,209] {taskinstance.py:1070} INFO - 
--------------------------------------------------------------------------------
[2021-04-25 00:05:25,239] {taskinstance.py:1089} INFO - Executing <Task(BashOperator): first_task> on 2021-03-22T00:00:00+00:00
[2021-04-25 00:05:25,246] {standard_task_runner.py:52} INFO - Started process 1207 to run task
[2021-04-25 00:05:25,274] {standard_task_runner.py:76} INFO - Running: ['airflow', 'tasks', 'run', 'bash_operator_dag', 'first_task', '2021-03-22T00:00:00+00:00', '--job-id', '436', '--pool', 'default_pool', '--raw', '--subdir', 'DAGS_FOLDER/simple_bash_operator_dag.py', '--cfg-path', '/tmp/tmp8r1edgf1', '--error-file', '/tmp/tmpzje6x813']
[2021-04-25 00:05:25,274] {standard_task_runner.py:77} INFO - Job 436: Subtask first_task
[2021-04-25 00:05:25,379] {logging_mixin.py:104} INFO - Running <TaskInstance: bash_operator_dag.first_task 2021-03-22T00:00:00+00:00 [running]> on host 4a00a306afdc
[2021-04-25 00:05:25,489] {taskinstance.py:1283} INFO - Exporting the following env vars:
AIRFLOW_CTX_DAG_OWNER=airflow
AIRFLOW_CTX_DAG_ID=bash_operator_dag
AIRFLOW_CTX_TASK_ID=first_task
AIRFLOW_CTX_EXECUTION_DATE=2021-03-22T00:00:00+00:00
AIRFLOW_CTX_DAG_RUN_ID=scheduled__2021-03-22T00:00:00+00:00
[2021-04-25 00:05:25,490] {bash.py:135} INFO - Tmp dir root location: 
 /tmp
[2021-04-25 00:05:25,493] {bash.py:158} INFO - Running command: echo "testing first bash operator"
[2021-04-25 00:05:25,513] {bash.py:169} INFO - Output:
[2021-04-25 00:05:25,515] {bash.py:173} INFO - testing first bash operator
[2021-04-25 00:05:25,516] {bash.py:177} INFO - Command exited with return code 0
[2021-04-25 00:05:25,612] {taskinstance.py:1192} INFO - Marking task as SUCCESS. dag_id=bash_operator_dag, task_id=first_task, execution_date=20210322T000000, start_date=20210425T000525, end_date=20210425T000525
[2021-04-25 00:05:25,726] {taskinstance.py:1246} INFO - 1 downstream tasks scheduled from follow-on schedule check
[2021-04-25 00:05:25,770] {local_task_job.py:146} INFO - Task exited with return code 0
[2021-04-25 00:08:32,771] {taskinstance.py:877} INFO - Dependencies all met for <TaskInstance: bash_operator_dag.first_task 2021-03-22T00:00:00+00:00 [queued]>
[2021-04-25 00:08:32,825] {taskinstance.py:877} INFO - Dependencies all met for <TaskInstance: bash_operator_dag.first_task 2021-03-22T00:00:00+00:00 [queued]>
[2021-04-25 00:08:32,825] {taskinstance.py:1068} INFO - 
--------------------------------------------------------------------------------
[2021-04-25 00:08:32,826] {taskinstance.py:1069} INFO - Starting attempt 1 of 3
[2021-04-25 00:08:32,826] {taskinstance.py:1070} INFO - 
--------------------------------------------------------------------------------
[2021-04-25 00:08:32,869] {taskinstance.py:1089} INFO - Executing <Task(BashOperator): first_task> on 2021-03-22T00:00:00+00:00
[2021-04-25 00:08:32,879] {standard_task_runner.py:52} INFO - Started process 1768 to run task
[2021-04-25 00:08:32,903] {standard_task_runner.py:76} INFO - Running: ['airflow', 'tasks', 'run', 'bash_operator_dag', 'first_task', '2021-03-22T00:00:00+00:00', '--job-id', '625', '--pool', 'default_pool', '--raw', '--subdir', 'DAGS_FOLDER/simple_bash_operator_dag.py', '--cfg-path', '/tmp/tmp2duxntgq', '--error-file', '/tmp/tmpw7vuwi90']
[2021-04-25 00:08:32,904] {standard_task_runner.py:77} INFO - Job 625: Subtask first_task
[2021-04-25 00:08:33,051] {logging_mixin.py:104} INFO - Running <TaskInstance: bash_operator_dag.first_task 2021-03-22T00:00:00+00:00 [running]> on host 4a00a306afdc
[2021-04-25 00:08:33,161] {taskinstance.py:1283} INFO - Exporting the following env vars:
AIRFLOW_CTX_DAG_OWNER=airflow
AIRFLOW_CTX_DAG_ID=bash_operator_dag
AIRFLOW_CTX_TASK_ID=first_task
AIRFLOW_CTX_EXECUTION_DATE=2021-03-22T00:00:00+00:00
AIRFLOW_CTX_DAG_RUN_ID=scheduled__2021-03-22T00:00:00+00:00
[2021-04-25 00:08:33,163] {bash.py:135} INFO - Tmp dir root location: 
 /tmp
[2021-04-25 00:08:33,165] {bash.py:158} INFO - Running command: echo "testing first bash operator"
[2021-04-25 00:08:33,187] {bash.py:169} INFO - Output:
[2021-04-25 00:08:33,189] {bash.py:173} INFO - testing first bash operator
[2021-04-25 00:08:33,190] {bash.py:177} INFO - Command exited with return code 0
[2021-04-25 00:08:33,258] {taskinstance.py:1192} INFO - Marking task as SUCCESS. dag_id=bash_operator_dag, task_id=first_task, execution_date=20210322T000000, start_date=20210425T000832, end_date=20210425T000833
[2021-04-25 00:08:33,418] {taskinstance.py:1246} INFO - 0 downstream tasks scheduled from follow-on schedule check
[2021-04-25 00:08:33,446] {local_task_job.py:146} INFO - Task exited with return code 0
