[2021-04-25 00:05:32,378] {taskinstance.py:877} INFO - Dependencies all met for <TaskInstance: bash_operator_dag.second_task 2021-03-29T00:00:00+00:00 [queued]>
[2021-04-25 00:05:32,461] {taskinstance.py:877} INFO - Dependencies all met for <TaskInstance: bash_operator_dag.second_task 2021-03-29T00:00:00+00:00 [queued]>
[2021-04-25 00:05:32,461] {taskinstance.py:1068} INFO - 
--------------------------------------------------------------------------------
[2021-04-25 00:05:32,465] {taskinstance.py:1069} INFO - Starting attempt 1 of 1
[2021-04-25 00:05:32,466] {taskinstance.py:1070} INFO - 
--------------------------------------------------------------------------------
[2021-04-25 00:05:32,557] {taskinstance.py:1089} INFO - Executing <Task(BashOperator): second_task> on 2021-03-29T00:00:00+00:00
[2021-04-25 00:05:32,572] {standard_task_runner.py:52} INFO - Started process 1267 to run task
[2021-04-25 00:05:32,592] {standard_task_runner.py:76} INFO - Running: ['airflow', 'tasks', 'run', 'bash_operator_dag', 'second_task', '2021-03-29T00:00:00+00:00', '--job-id', '456', '--pool', 'default_pool', '--raw', '--subdir', 'DAGS_FOLDER/simple_bash_operator_dag.py', '--cfg-path', '/tmp/tmp3rewvux1', '--error-file', '/tmp/tmppcg6e17l']
[2021-04-25 00:05:32,593] {standard_task_runner.py:77} INFO - Job 456: Subtask second_task
[2021-04-25 00:05:32,720] {logging_mixin.py:104} INFO - Running <TaskInstance: bash_operator_dag.second_task 2021-03-29T00:00:00+00:00 [running]> on host 4a00a306afdc
[2021-04-25 00:05:32,828] {taskinstance.py:1283} INFO - Exporting the following env vars:
AIRFLOW_CTX_DAG_OWNER=airflow
AIRFLOW_CTX_DAG_ID=bash_operator_dag
AIRFLOW_CTX_TASK_ID=second_task
AIRFLOW_CTX_EXECUTION_DATE=2021-03-29T00:00:00+00:00
AIRFLOW_CTX_DAG_RUN_ID=scheduled__2021-03-29T00:00:00+00:00
[2021-04-25 00:05:32,829] {bash.py:135} INFO - Tmp dir root location: 
 /tmp
[2021-04-25 00:05:32,831] {bash.py:158} INFO - Running command: echo "testing second bash operator"
[2021-04-25 00:05:32,844] {bash.py:169} INFO - Output:
[2021-04-25 00:05:32,846] {bash.py:173} INFO - testing second bash operator
[2021-04-25 00:05:32,847] {bash.py:177} INFO - Command exited with return code 0
[2021-04-25 00:05:32,917] {taskinstance.py:1192} INFO - Marking task as SUCCESS. dag_id=bash_operator_dag, task_id=second_task, execution_date=20210329T000000, start_date=20210425T000532, end_date=20210425T000532
[2021-04-25 00:05:32,970] {taskinstance.py:1246} INFO - 0 downstream tasks scheduled from follow-on schedule check
[2021-04-25 00:05:33,007] {local_task_job.py:146} INFO - Task exited with return code 0
[2021-04-25 00:08:42,547] {taskinstance.py:877} INFO - Dependencies all met for <TaskInstance: bash_operator_dag.second_task 2021-03-29T00:00:00+00:00 [queued]>
[2021-04-25 00:08:42,612] {taskinstance.py:877} INFO - Dependencies all met for <TaskInstance: bash_operator_dag.second_task 2021-03-29T00:00:00+00:00 [queued]>
[2021-04-25 00:08:42,613] {taskinstance.py:1068} INFO - 
--------------------------------------------------------------------------------
[2021-04-25 00:08:42,613] {taskinstance.py:1069} INFO - Starting attempt 1 of 3
[2021-04-25 00:08:42,613] {taskinstance.py:1070} INFO - 
--------------------------------------------------------------------------------
[2021-04-25 00:08:42,688] {taskinstance.py:1089} INFO - Executing <Task(BashOperator): second_task> on 2021-03-29T00:00:00+00:00
[2021-04-25 00:08:42,723] {standard_task_runner.py:76} INFO - Running: ['airflow', 'tasks', 'run', 'bash_operator_dag', 'second_task', '2021-03-29T00:00:00+00:00', '--job-id', '645', '--pool', 'default_pool', '--raw', '--subdir', 'DAGS_FOLDER/simple_bash_operator_dag.py', '--cfg-path', '/tmp/tmpdrvdu9xg', '--error-file', '/tmp/tmp01vj3drj']
[2021-04-25 00:08:42,725] {standard_task_runner.py:77} INFO - Job 645: Subtask second_task
[2021-04-25 00:08:42,705] {standard_task_runner.py:52} INFO - Started process 1830 to run task
[2021-04-25 00:08:42,895] {logging_mixin.py:104} INFO - Running <TaskInstance: bash_operator_dag.second_task 2021-03-29T00:00:00+00:00 [running]> on host 4a00a306afdc
[2021-04-25 00:08:43,034] {taskinstance.py:1283} INFO - Exporting the following env vars:
AIRFLOW_CTX_DAG_OWNER=airflow
AIRFLOW_CTX_DAG_ID=bash_operator_dag
AIRFLOW_CTX_TASK_ID=second_task
AIRFLOW_CTX_EXECUTION_DATE=2021-03-29T00:00:00+00:00
AIRFLOW_CTX_DAG_RUN_ID=scheduled__2021-03-29T00:00:00+00:00
[2021-04-25 00:08:43,036] {bash.py:135} INFO - Tmp dir root location: 
 /tmp
[2021-04-25 00:08:43,041] {bash.py:158} INFO - Running command: echo "testing second bash operator"
[2021-04-25 00:08:43,060] {bash.py:169} INFO - Output:
[2021-04-25 00:08:43,062] {bash.py:173} INFO - testing second bash operator
[2021-04-25 00:08:43,063] {bash.py:177} INFO - Command exited with return code 0
[2021-04-25 00:08:43,179] {taskinstance.py:1192} INFO - Marking task as SUCCESS. dag_id=bash_operator_dag, task_id=second_task, execution_date=20210329T000000, start_date=20210425T000842, end_date=20210425T000843
[2021-04-25 00:08:43,362] {taskinstance.py:1246} INFO - 0 downstream tasks scheduled from follow-on schedule check
[2021-04-25 00:08:43,404] {local_task_job.py:146} INFO - Task exited with return code 0
