[2021-04-25 13:56:00,965] {taskinstance.py:877} INFO - Dependencies all met for <TaskInstance: write_file_python_operator.write_simple_message_task 2021-04-25T13:54:00+00:00 [queued]>
[2021-04-25 13:56:00,983] {taskinstance.py:877} INFO - Dependencies all met for <TaskInstance: write_file_python_operator.write_simple_message_task 2021-04-25T13:54:00+00:00 [queued]>
[2021-04-25 13:56:00,984] {taskinstance.py:1068} INFO - 
--------------------------------------------------------------------------------
[2021-04-25 13:56:00,984] {taskinstance.py:1069} INFO - Starting attempt 1 of 3
[2021-04-25 13:56:00,984] {taskinstance.py:1070} INFO - 
--------------------------------------------------------------------------------
[2021-04-25 13:56:01,151] {taskinstance.py:1089} INFO - Executing <Task(PythonOperator): write_simple_message_task> on 2021-04-25T13:54:00+00:00
[2021-04-25 13:56:01,160] {standard_task_runner.py:52} INFO - Started process 118 to run task
[2021-04-25 13:56:01,180] {standard_task_runner.py:76} INFO - Running: ['airflow', 'tasks', 'run', 'write_file_python_operator', 'write_simple_message_task', '2021-04-25T13:54:00+00:00', '--job-id', '925', '--pool', 'default_pool', '--raw', '--subdir', 'DAGS_FOLDER/python_operator/write_file_python_operator.py', '--cfg-path', '/tmp/tmpjw708gdb', '--error-file', '/tmp/tmpb_jkv7ni']
[2021-04-25 13:56:01,184] {standard_task_runner.py:77} INFO - Job 925: Subtask write_simple_message_task
[2021-04-25 13:56:01,294] {logging_mixin.py:104} INFO - Running <TaskInstance: write_file_python_operator.write_simple_message_task 2021-04-25T13:54:00+00:00 [running]> on host d6e2455ef0ec
[2021-04-25 13:56:01,370] {taskinstance.py:1283} INFO - Exporting the following env vars:
AIRFLOW_CTX_DAG_OWNER=airflow
AIRFLOW_CTX_DAG_ID=write_file_python_operator
AIRFLOW_CTX_TASK_ID=write_simple_message_task
AIRFLOW_CTX_EXECUTION_DATE=2021-04-25T13:54:00+00:00
AIRFLOW_CTX_DAG_RUN_ID=scheduled__2021-04-25T13:54:00+00:00
[2021-04-25 13:56:01,372] {logging_mixin.py:104} INFO - Success write the execution date to simple_msg.txt
[2021-04-25 13:56:01,372] {python.py:118} INFO - Done. Returned value was: None
[2021-04-25 13:56:01,390] {taskinstance.py:1192} INFO - Marking task as SUCCESS. dag_id=write_file_python_operator, task_id=write_simple_message_task, execution_date=20210425T135400, start_date=20210425T135600, end_date=20210425T135601
[2021-04-25 13:56:01,437] {taskinstance.py:1246} INFO - 0 downstream tasks scheduled from follow-on schedule check
[2021-04-25 13:56:01,477] {local_task_job.py:146} INFO - Task exited with return code 0
