[2021-04-25 00:07:33,690] {taskinstance.py:877} INFO - Dependencies all met for <TaskInstance: bash_operator_dag.first_task 2021-01-25T00:00:00+00:00 [queued]>
[2021-04-25 00:07:33,737] {taskinstance.py:877} INFO - Dependencies all met for <TaskInstance: bash_operator_dag.first_task 2021-01-25T00:00:00+00:00 [queued]>
[2021-04-25 00:07:33,737] {taskinstance.py:1068} INFO - 
--------------------------------------------------------------------------------
[2021-04-25 00:07:33,738] {taskinstance.py:1069} INFO - Starting attempt 1 of 3
[2021-04-25 00:07:33,738] {taskinstance.py:1070} INFO - 
--------------------------------------------------------------------------------
[2021-04-25 00:07:33,783] {taskinstance.py:1089} INFO - Executing <Task(BashOperator): first_task> on 2021-01-25T00:00:00+00:00
[2021-04-25 00:07:33,790] {standard_task_runner.py:52} INFO - Started process 1433 to run task
[2021-04-25 00:07:33,804] {standard_task_runner.py:76} INFO - Running: ['airflow', 'tasks', 'run', 'bash_operator_dag', 'first_task', '2021-01-25T00:00:00+00:00', '--job-id', '512', '--pool', 'default_pool', '--raw', '--subdir', 'DAGS_FOLDER/simple_bash_operator_dag.py', '--cfg-path', '/tmp/tmp8v0renrm', '--error-file', '/tmp/tmp9k2q3awq']
[2021-04-25 00:07:33,806] {standard_task_runner.py:77} INFO - Job 512: Subtask first_task
[2021-04-25 00:07:33,941] {logging_mixin.py:104} INFO - Running <TaskInstance: bash_operator_dag.first_task 2021-01-25T00:00:00+00:00 [running]> on host 4a00a306afdc
[2021-04-25 00:07:34,047] {taskinstance.py:1283} INFO - Exporting the following env vars:
AIRFLOW_CTX_DAG_OWNER=airflow
AIRFLOW_CTX_DAG_ID=bash_operator_dag
AIRFLOW_CTX_TASK_ID=first_task
AIRFLOW_CTX_EXECUTION_DATE=2021-01-25T00:00:00+00:00
AIRFLOW_CTX_DAG_RUN_ID=scheduled__2021-01-25T00:00:00+00:00
[2021-04-25 00:07:34,049] {bash.py:135} INFO - Tmp dir root location: 
 /tmp
[2021-04-25 00:07:34,051] {bash.py:158} INFO - Running command: echo "testing first bash operator"
[2021-04-25 00:07:34,071] {bash.py:169} INFO - Output:
[2021-04-25 00:07:34,082] {bash.py:173} INFO - testing first bash operator
[2021-04-25 00:07:34,083] {bash.py:177} INFO - Command exited with return code 0
[2021-04-25 00:07:34,170] {taskinstance.py:1192} INFO - Marking task as SUCCESS. dag_id=bash_operator_dag, task_id=first_task, execution_date=20210125T000000, start_date=20210425T000733, end_date=20210425T000734
[2021-04-25 00:07:34,305] {taskinstance.py:1246} INFO - 1 downstream tasks scheduled from follow-on schedule check
[2021-04-25 00:07:34,340] {local_task_job.py:146} INFO - Task exited with return code 0
[2021-04-25 00:44:02,161] {taskinstance.py:877} INFO - Dependencies all met for <TaskInstance: bash_operator_dag.first_task 2021-01-25T00:00:00+00:00 [queued]>
[2021-04-25 00:44:02,247] {taskinstance.py:877} INFO - Dependencies all met for <TaskInstance: bash_operator_dag.first_task 2021-01-25T00:00:00+00:00 [queued]>
[2021-04-25 00:44:02,255] {taskinstance.py:1068} INFO - 
--------------------------------------------------------------------------------
[2021-04-25 00:44:02,255] {taskinstance.py:1069} INFO - Starting attempt 1 of 3
[2021-04-25 00:44:02,256] {taskinstance.py:1070} INFO - 
--------------------------------------------------------------------------------
[2021-04-25 00:44:02,341] {taskinstance.py:1089} INFO - Executing <Task(BashOperator): first_task> on 2021-01-25T00:00:00+00:00
[2021-04-25 00:44:02,375] {standard_task_runner.py:52} INFO - Started process 2118 to run task
[2021-04-25 00:44:02,421] {standard_task_runner.py:76} INFO - Running: ['airflow', 'tasks', 'run', 'bash_operator_dag', 'first_task', '2021-01-25T00:00:00+00:00', '--job-id', '741', '--pool', 'default_pool', '--raw', '--subdir', 'DAGS_FOLDER/simple_bash_operator_dag.py', '--cfg-path', '/tmp/tmpy48v8tsm', '--error-file', '/tmp/tmpv6nmz_z_']
[2021-04-25 00:44:02,422] {standard_task_runner.py:77} INFO - Job 741: Subtask first_task
[2021-04-25 00:44:02,625] {logging_mixin.py:104} INFO - Running <TaskInstance: bash_operator_dag.first_task 2021-01-25T00:00:00+00:00 [running]> on host 4a00a306afdc
[2021-04-25 00:44:02,943] {taskinstance.py:1283} INFO - Exporting the following env vars:
AIRFLOW_CTX_DAG_OWNER=airflow
AIRFLOW_CTX_DAG_ID=bash_operator_dag
AIRFLOW_CTX_TASK_ID=first_task
AIRFLOW_CTX_EXECUTION_DATE=2021-01-25T00:00:00+00:00
AIRFLOW_CTX_DAG_RUN_ID=scheduled__2021-01-25T00:00:00+00:00
[2021-04-25 00:44:02,944] {bash.py:135} INFO - Tmp dir root location: 
 /tmp
[2021-04-25 00:44:02,968] {bash.py:158} INFO - Running command: echo "testing first bash operator"
[2021-04-25 00:44:03,034] {bash.py:169} INFO - Output:
[2021-04-25 00:44:03,044] {bash.py:173} INFO - testing first bash operator
[2021-04-25 00:44:03,050] {bash.py:177} INFO - Command exited with return code 0
[2021-04-25 00:44:03,223] {taskinstance.py:1192} INFO - Marking task as SUCCESS. dag_id=bash_operator_dag, task_id=first_task, execution_date=20210125T000000, start_date=20210425T004402, end_date=20210425T004403
[2021-04-25 00:44:03,476] {taskinstance.py:1246} INFO - 1 downstream tasks scheduled from follow-on schedule check
[2021-04-25 00:44:03,510] {local_task_job.py:146} INFO - Task exited with return code 0
