[2021-04-25 00:05:22,623] {taskinstance.py:877} INFO - Dependencies all met for <TaskInstance: bash_operator_dag.second_task 2021-03-15T00:00:00+00:00 [queued]>
[2021-04-25 00:05:22,655] {taskinstance.py:877} INFO - Dependencies all met for <TaskInstance: bash_operator_dag.second_task 2021-03-15T00:00:00+00:00 [queued]>
[2021-04-25 00:05:22,656] {taskinstance.py:1068} INFO - 
--------------------------------------------------------------------------------
[2021-04-25 00:05:22,656] {taskinstance.py:1069} INFO - Starting attempt 1 of 1
[2021-04-25 00:05:22,656] {taskinstance.py:1070} INFO - 
--------------------------------------------------------------------------------
[2021-04-25 00:05:22,705] {taskinstance.py:1089} INFO - Executing <Task(BashOperator): second_task> on 2021-03-15T00:00:00+00:00
[2021-04-25 00:05:22,714] {standard_task_runner.py:52} INFO - Started process 1183 to run task
[2021-04-25 00:05:22,730] {standard_task_runner.py:76} INFO - Running: ['airflow', 'tasks', 'run', 'bash_operator_dag', 'second_task', '2021-03-15T00:00:00+00:00', '--job-id', '428', '--pool', 'default_pool', '--raw', '--subdir', 'DAGS_FOLDER/simple_bash_operator_dag.py', '--cfg-path', '/tmp/tmpg0iik3fk', '--error-file', '/tmp/tmpakjtm2gb']
[2021-04-25 00:05:22,731] {standard_task_runner.py:77} INFO - Job 428: Subtask second_task
[2021-04-25 00:05:22,837] {logging_mixin.py:104} INFO - Running <TaskInstance: bash_operator_dag.second_task 2021-03-15T00:00:00+00:00 [running]> on host 4a00a306afdc
[2021-04-25 00:05:22,947] {taskinstance.py:1283} INFO - Exporting the following env vars:
AIRFLOW_CTX_DAG_OWNER=airflow
AIRFLOW_CTX_DAG_ID=bash_operator_dag
AIRFLOW_CTX_TASK_ID=second_task
AIRFLOW_CTX_EXECUTION_DATE=2021-03-15T00:00:00+00:00
AIRFLOW_CTX_DAG_RUN_ID=scheduled__2021-03-15T00:00:00+00:00
[2021-04-25 00:05:22,948] {bash.py:135} INFO - Tmp dir root location: 
 /tmp
[2021-04-25 00:05:22,951] {bash.py:158} INFO - Running command: echo "testing second bash operator"
[2021-04-25 00:05:22,968] {bash.py:169} INFO - Output:
[2021-04-25 00:05:22,970] {bash.py:173} INFO - testing second bash operator
[2021-04-25 00:05:22,971] {bash.py:177} INFO - Command exited with return code 0
[2021-04-25 00:05:23,045] {taskinstance.py:1192} INFO - Marking task as SUCCESS. dag_id=bash_operator_dag, task_id=second_task, execution_date=20210315T000000, start_date=20210425T000522, end_date=20210425T000523
[2021-04-25 00:05:23,116] {taskinstance.py:1246} INFO - 0 downstream tasks scheduled from follow-on schedule check
[2021-04-25 00:05:23,149] {local_task_job.py:146} INFO - Task exited with return code 0
[2021-04-25 00:08:29,001] {taskinstance.py:877} INFO - Dependencies all met for <TaskInstance: bash_operator_dag.second_task 2021-03-15T00:00:00+00:00 [queued]>
[2021-04-25 00:08:29,104] {taskinstance.py:877} INFO - Dependencies all met for <TaskInstance: bash_operator_dag.second_task 2021-03-15T00:00:00+00:00 [queued]>
[2021-04-25 00:08:29,105] {taskinstance.py:1068} INFO - 
--------------------------------------------------------------------------------
[2021-04-25 00:08:29,105] {taskinstance.py:1069} INFO - Starting attempt 1 of 3
[2021-04-25 00:08:29,105] {taskinstance.py:1070} INFO - 
--------------------------------------------------------------------------------
[2021-04-25 00:08:29,207] {taskinstance.py:1089} INFO - Executing <Task(BashOperator): second_task> on 2021-03-15T00:00:00+00:00
[2021-04-25 00:08:29,220] {standard_task_runner.py:52} INFO - Started process 1746 to run task
[2021-04-25 00:08:29,245] {standard_task_runner.py:76} INFO - Running: ['airflow', 'tasks', 'run', 'bash_operator_dag', 'second_task', '2021-03-15T00:00:00+00:00', '--job-id', '617', '--pool', 'default_pool', '--raw', '--subdir', 'DAGS_FOLDER/simple_bash_operator_dag.py', '--cfg-path', '/tmp/tmpm5qt6lnv', '--error-file', '/tmp/tmp79i3uu7j']
[2021-04-25 00:08:29,246] {standard_task_runner.py:77} INFO - Job 617: Subtask second_task
[2021-04-25 00:08:29,478] {logging_mixin.py:104} INFO - Running <TaskInstance: bash_operator_dag.second_task 2021-03-15T00:00:00+00:00 [running]> on host 4a00a306afdc
[2021-04-25 00:08:29,656] {taskinstance.py:1283} INFO - Exporting the following env vars:
AIRFLOW_CTX_DAG_OWNER=airflow
AIRFLOW_CTX_DAG_ID=bash_operator_dag
AIRFLOW_CTX_TASK_ID=second_task
AIRFLOW_CTX_EXECUTION_DATE=2021-03-15T00:00:00+00:00
AIRFLOW_CTX_DAG_RUN_ID=scheduled__2021-03-15T00:00:00+00:00
[2021-04-25 00:08:29,657] {bash.py:135} INFO - Tmp dir root location: 
 /tmp
[2021-04-25 00:08:29,663] {bash.py:158} INFO - Running command: echo "testing second bash operator"
[2021-04-25 00:08:29,686] {bash.py:169} INFO - Output:
[2021-04-25 00:08:29,688] {bash.py:173} INFO - testing second bash operator
[2021-04-25 00:08:29,689] {bash.py:177} INFO - Command exited with return code 0
[2021-04-25 00:08:29,795] {taskinstance.py:1192} INFO - Marking task as SUCCESS. dag_id=bash_operator_dag, task_id=second_task, execution_date=20210315T000000, start_date=20210425T000829, end_date=20210425T000829
[2021-04-25 00:08:29,871] {taskinstance.py:1246} INFO - 0 downstream tasks scheduled from follow-on schedule check
[2021-04-25 00:08:29,911] {local_task_job.py:146} INFO - Task exited with return code 0
