[2021-04-25 00:05:18,132] {taskinstance.py:877} INFO - Dependencies all met for <TaskInstance: bash_operator_dag.second_task 2021-03-08T00:00:00+00:00 [queued]>
[2021-04-25 00:05:18,160] {taskinstance.py:877} INFO - Dependencies all met for <TaskInstance: bash_operator_dag.second_task 2021-03-08T00:00:00+00:00 [queued]>
[2021-04-25 00:05:18,161] {taskinstance.py:1068} INFO - 
--------------------------------------------------------------------------------
[2021-04-25 00:05:18,161] {taskinstance.py:1069} INFO - Starting attempt 1 of 3
[2021-04-25 00:05:18,161] {taskinstance.py:1070} INFO - 
--------------------------------------------------------------------------------
[2021-04-25 00:05:18,205] {taskinstance.py:1089} INFO - Executing <Task(BashOperator): second_task> on 2021-03-08T00:00:00+00:00
[2021-04-25 00:05:18,212] {standard_task_runner.py:52} INFO - Started process 1141 to run task
[2021-04-25 00:05:18,227] {standard_task_runner.py:76} INFO - Running: ['airflow', 'tasks', 'run', 'bash_operator_dag', 'second_task', '2021-03-08T00:00:00+00:00', '--job-id', '415', '--pool', 'default_pool', '--raw', '--subdir', 'DAGS_FOLDER/simple_bash_operator_dag.py', '--cfg-path', '/tmp/tmpiim4xp1j', '--error-file', '/tmp/tmp7ebaa8o4']
[2021-04-25 00:05:18,228] {standard_task_runner.py:77} INFO - Job 415: Subtask second_task
[2021-04-25 00:05:18,347] {logging_mixin.py:104} INFO - Running <TaskInstance: bash_operator_dag.second_task 2021-03-08T00:00:00+00:00 [running]> on host 4a00a306afdc
[2021-04-25 00:05:18,477] {taskinstance.py:1283} INFO - Exporting the following env vars:
AIRFLOW_CTX_DAG_OWNER=airflow
AIRFLOW_CTX_DAG_ID=bash_operator_dag
AIRFLOW_CTX_TASK_ID=second_task
AIRFLOW_CTX_EXECUTION_DATE=2021-03-08T00:00:00+00:00
AIRFLOW_CTX_DAG_RUN_ID=scheduled__2021-03-08T00:00:00+00:00
[2021-04-25 00:05:18,478] {bash.py:135} INFO - Tmp dir root location: 
 /tmp
[2021-04-25 00:05:18,484] {bash.py:158} INFO - Running command: echo "testing second bash operator"
[2021-04-25 00:05:18,500] {bash.py:169} INFO - Output:
[2021-04-25 00:05:18,501] {bash.py:173} INFO - testing second bash operator
[2021-04-25 00:05:18,502] {bash.py:177} INFO - Command exited with return code 0
[2021-04-25 00:05:18,578] {taskinstance.py:1192} INFO - Marking task as SUCCESS. dag_id=bash_operator_dag, task_id=second_task, execution_date=20210308T000000, start_date=20210425T000518, end_date=20210425T000518
[2021-04-25 00:05:18,637] {taskinstance.py:1246} INFO - 0 downstream tasks scheduled from follow-on schedule check
[2021-04-25 00:05:18,647] {local_task_job.py:146} INFO - Task exited with return code 0
[2021-04-25 00:08:22,245] {taskinstance.py:877} INFO - Dependencies all met for <TaskInstance: bash_operator_dag.second_task 2021-03-08T00:00:00+00:00 [queued]>
[2021-04-25 00:08:22,309] {taskinstance.py:877} INFO - Dependencies all met for <TaskInstance: bash_operator_dag.second_task 2021-03-08T00:00:00+00:00 [queued]>
[2021-04-25 00:08:22,310] {taskinstance.py:1068} INFO - 
--------------------------------------------------------------------------------
[2021-04-25 00:08:22,310] {taskinstance.py:1069} INFO - Starting attempt 1 of 3
[2021-04-25 00:08:22,311] {taskinstance.py:1070} INFO - 
--------------------------------------------------------------------------------
[2021-04-25 00:08:22,355] {taskinstance.py:1089} INFO - Executing <Task(BashOperator): second_task> on 2021-03-08T00:00:00+00:00
[2021-04-25 00:08:22,370] {standard_task_runner.py:52} INFO - Started process 1704 to run task
[2021-04-25 00:08:22,400] {standard_task_runner.py:76} INFO - Running: ['airflow', 'tasks', 'run', 'bash_operator_dag', 'second_task', '2021-03-08T00:00:00+00:00', '--job-id', '603', '--pool', 'default_pool', '--raw', '--subdir', 'DAGS_FOLDER/simple_bash_operator_dag.py', '--cfg-path', '/tmp/tmp6wxjxae4', '--error-file', '/tmp/tmp9_3ennjw']
[2021-04-25 00:08:22,401] {standard_task_runner.py:77} INFO - Job 603: Subtask second_task
[2021-04-25 00:08:22,544] {logging_mixin.py:104} INFO - Running <TaskInstance: bash_operator_dag.second_task 2021-03-08T00:00:00+00:00 [running]> on host 4a00a306afdc
[2021-04-25 00:08:22,677] {taskinstance.py:1283} INFO - Exporting the following env vars:
AIRFLOW_CTX_DAG_OWNER=airflow
AIRFLOW_CTX_DAG_ID=bash_operator_dag
AIRFLOW_CTX_TASK_ID=second_task
AIRFLOW_CTX_EXECUTION_DATE=2021-03-08T00:00:00+00:00
AIRFLOW_CTX_DAG_RUN_ID=scheduled__2021-03-08T00:00:00+00:00
[2021-04-25 00:08:22,678] {bash.py:135} INFO - Tmp dir root location: 
 /tmp
[2021-04-25 00:08:22,682] {bash.py:158} INFO - Running command: echo "testing second bash operator"
[2021-04-25 00:08:22,702] {bash.py:169} INFO - Output:
[2021-04-25 00:08:22,706] {bash.py:173} INFO - testing second bash operator
[2021-04-25 00:08:22,711] {bash.py:177} INFO - Command exited with return code 0
[2021-04-25 00:08:22,877] {taskinstance.py:1192} INFO - Marking task as SUCCESS. dag_id=bash_operator_dag, task_id=second_task, execution_date=20210308T000000, start_date=20210425T000822, end_date=20210425T000822
[2021-04-25 00:08:23,069] {taskinstance.py:1246} INFO - 0 downstream tasks scheduled from follow-on schedule check
[2021-04-25 00:08:23,119] {local_task_job.py:146} INFO - Task exited with return code 0
