[2021-04-25 00:07:09,022] {taskinstance.py:877} INFO - Dependencies all met for <TaskInstance: bash_operator_dag.first_task 2021-01-03T00:00:00+00:00 [queued]>
[2021-04-25 00:07:09,117] {taskinstance.py:877} INFO - Dependencies all met for <TaskInstance: bash_operator_dag.first_task 2021-01-03T00:00:00+00:00 [queued]>
[2021-04-25 00:07:09,117] {taskinstance.py:1068} INFO - 
--------------------------------------------------------------------------------
[2021-04-25 00:07:09,117] {taskinstance.py:1069} INFO - Starting attempt 1 of 3
[2021-04-25 00:07:09,117] {taskinstance.py:1070} INFO - 
--------------------------------------------------------------------------------
[2021-04-25 00:07:09,216] {taskinstance.py:1089} INFO - Executing <Task(BashOperator): first_task> on 2021-01-03T00:00:00+00:00
[2021-04-25 00:07:09,236] {standard_task_runner.py:76} INFO - Running: ['airflow', 'tasks', 'run', 'bash_operator_dag', 'first_task', '2021-01-03T00:00:00+00:00', '--job-id', '469', '--pool', 'default_pool', '--raw', '--subdir', 'DAGS_FOLDER/simple_bash_operator_dag.py', '--cfg-path', '/tmp/tmpytim5e_t', '--error-file', '/tmp/tmpc6lf82_5']
[2021-04-25 00:07:09,237] {standard_task_runner.py:77} INFO - Job 469: Subtask first_task
[2021-04-25 00:07:09,226] {standard_task_runner.py:52} INFO - Started process 1302 to run task
[2021-04-25 00:07:09,476] {logging_mixin.py:104} INFO - Running <TaskInstance: bash_operator_dag.first_task 2021-01-03T00:00:00+00:00 [running]> on host 4a00a306afdc
[2021-04-25 00:07:09,872] {taskinstance.py:1283} INFO - Exporting the following env vars:
AIRFLOW_CTX_DAG_OWNER=airflow
AIRFLOW_CTX_DAG_ID=bash_operator_dag
AIRFLOW_CTX_TASK_ID=first_task
AIRFLOW_CTX_EXECUTION_DATE=2021-01-03T00:00:00+00:00
AIRFLOW_CTX_DAG_RUN_ID=scheduled__2021-01-03T00:00:00+00:00
[2021-04-25 00:07:09,873] {bash.py:135} INFO - Tmp dir root location: 
 /tmp
[2021-04-25 00:07:09,890] {bash.py:158} INFO - Running command: echo "testing first bash operator"
[2021-04-25 00:07:10,009] {bash.py:169} INFO - Output:
[2021-04-25 00:07:10,023] {bash.py:173} INFO - testing first bash operator
[2021-04-25 00:07:10,024] {bash.py:177} INFO - Command exited with return code 0
[2021-04-25 00:07:10,321] {taskinstance.py:1192} INFO - Marking task as SUCCESS. dag_id=bash_operator_dag, task_id=first_task, execution_date=20210103T000000, start_date=20210425T000709, end_date=20210425T000710
[2021-04-25 00:07:10,484] {taskinstance.py:1246} INFO - 1 downstream tasks scheduled from follow-on schedule check
[2021-04-25 00:07:10,516] {local_task_job.py:146} INFO - Task exited with return code 0
[2021-04-25 00:43:28,259] {taskinstance.py:877} INFO - Dependencies all met for <TaskInstance: bash_operator_dag.first_task 2021-01-03T00:00:00+00:00 [queued]>
[2021-04-25 00:43:28,302] {taskinstance.py:877} INFO - Dependencies all met for <TaskInstance: bash_operator_dag.first_task 2021-01-03T00:00:00+00:00 [queued]>
[2021-04-25 00:43:28,310] {taskinstance.py:1068} INFO - 
--------------------------------------------------------------------------------
[2021-04-25 00:43:28,310] {taskinstance.py:1069} INFO - Starting attempt 1 of 3
[2021-04-25 00:43:28,311] {taskinstance.py:1070} INFO - 
--------------------------------------------------------------------------------
[2021-04-25 00:43:28,417] {taskinstance.py:1089} INFO - Executing <Task(BashOperator): first_task> on 2021-01-03T00:00:00+00:00
[2021-04-25 00:43:28,480] {standard_task_runner.py:76} INFO - Running: ['airflow', 'tasks', 'run', 'bash_operator_dag', 'first_task', '2021-01-03T00:00:00+00:00', '--job-id', '698', '--pool', 'default_pool', '--raw', '--subdir', 'DAGS_FOLDER/simple_bash_operator_dag.py', '--cfg-path', '/tmp/tmpt5kzgkhm', '--error-file', '/tmp/tmppt8qcolj']
[2021-04-25 00:43:28,481] {standard_task_runner.py:77} INFO - Job 698: Subtask first_task
[2021-04-25 00:43:28,459] {standard_task_runner.py:52} INFO - Started process 1989 to run task
[2021-04-25 00:43:29,079] {logging_mixin.py:104} INFO - Running <TaskInstance: bash_operator_dag.first_task 2021-01-03T00:00:00+00:00 [running]> on host 4a00a306afdc
[2021-04-25 00:43:29,976] {taskinstance.py:1283} INFO - Exporting the following env vars:
AIRFLOW_CTX_DAG_OWNER=airflow
AIRFLOW_CTX_DAG_ID=bash_operator_dag
AIRFLOW_CTX_TASK_ID=first_task
AIRFLOW_CTX_EXECUTION_DATE=2021-01-03T00:00:00+00:00
AIRFLOW_CTX_DAG_RUN_ID=scheduled__2021-01-03T00:00:00+00:00
[2021-04-25 00:43:29,993] {bash.py:135} INFO - Tmp dir root location: 
 /tmp
[2021-04-25 00:43:30,025] {bash.py:158} INFO - Running command: echo "testing first bash operator"
[2021-04-25 00:43:30,125] {bash.py:169} INFO - Output:
[2021-04-25 00:43:30,132] {bash.py:173} INFO - testing first bash operator
[2021-04-25 00:43:30,133] {bash.py:177} INFO - Command exited with return code 0
[2021-04-25 00:43:30,343] {taskinstance.py:1192} INFO - Marking task as SUCCESS. dag_id=bash_operator_dag, task_id=first_task, execution_date=20210103T000000, start_date=20210425T004328, end_date=20210425T004330
[2021-04-25 00:43:30,670] {taskinstance.py:1246} INFO - 1 downstream tasks scheduled from follow-on schedule check
[2021-04-25 00:43:30,698] {local_task_job.py:146} INFO - Task exited with return code 0
