[2021-05-01 06:17:38,444] {taskinstance.py:877} INFO - Dependencies all met for <TaskInstance: write_file_python_operator.write_studio_ghibli_data_task 2021-05-01T06:14:00+00:00 [queued]>
[2021-05-01 06:17:38,489] {taskinstance.py:877} INFO - Dependencies all met for <TaskInstance: write_file_python_operator.write_studio_ghibli_data_task 2021-05-01T06:14:00+00:00 [queued]>
[2021-05-01 06:17:38,490] {taskinstance.py:1068} INFO - 
--------------------------------------------------------------------------------
[2021-05-01 06:17:38,490] {taskinstance.py:1069} INFO - Starting attempt 1 of 3
[2021-05-01 06:17:38,490] {taskinstance.py:1070} INFO - 
--------------------------------------------------------------------------------
[2021-05-01 06:17:38,520] {taskinstance.py:1089} INFO - Executing <Task(PythonOperator): write_studio_ghibli_data_task> on 2021-05-01T06:14:00+00:00
[2021-05-01 06:17:38,527] {standard_task_runner.py:52} INFO - Started process 262 to run task
[2021-05-01 06:17:38,536] {standard_task_runner.py:76} INFO - Running: ['airflow', 'tasks', 'run', 'write_file_python_operator', 'write_studio_ghibli_data_task', '2021-05-01T06:14:00+00:00', '--job-id', '1131', '--pool', 'default_pool', '--raw', '--subdir', 'DAGS_FOLDER/python_operator/write_file_python_operator.py', '--cfg-path', '/tmp/tmpw21obogi', '--error-file', '/tmp/tmp6k9t5695']
[2021-05-01 06:17:38,537] {standard_task_runner.py:77} INFO - Job 1131: Subtask write_studio_ghibli_data_task
[2021-05-01 06:17:38,643] {logging_mixin.py:104} INFO - Running <TaskInstance: write_file_python_operator.write_studio_ghibli_data_task 2021-05-01T06:14:00+00:00 [running]> on host d6e2455ef0ec
[2021-05-01 06:17:38,791] {taskinstance.py:1283} INFO - Exporting the following env vars:
AIRFLOW_CTX_DAG_OWNER=airflow
AIRFLOW_CTX_DAG_ID=write_file_python_operator
AIRFLOW_CTX_TASK_ID=write_studio_ghibli_data_task
AIRFLOW_CTX_EXECUTION_DATE=2021-05-01T06:14:00+00:00
AIRFLOW_CTX_DAG_RUN_ID=scheduled__2021-05-01T06:14:00+00:00
[2021-05-01 06:17:40,101] {logging_mixin.py:104} INFO - Success fetch data from https://ghibliapi.herokuapp.com/films/ and write to studio_ghibli.json
[2021-05-01 06:17:40,102] {python.py:118} INFO - Done. Returned value was: None
[2021-05-01 06:17:40,129] {taskinstance.py:1192} INFO - Marking task as SUCCESS. dag_id=write_file_python_operator, task_id=write_studio_ghibli_data_task, execution_date=20210501T061400, start_date=20210501T061738, end_date=20210501T061740
[2021-05-01 06:17:40,204] {taskinstance.py:1246} INFO - 0 downstream tasks scheduled from follow-on schedule check
[2021-05-01 06:17:40,246] {local_task_job.py:146} INFO - Task exited with return code 0
