[2021-04-25 00:05:28,836] {taskinstance.py:877} INFO - Dependencies all met for <TaskInstance: bash_operator_dag.first_task 2021-03-28T00:00:00+00:00 [queued]>
[2021-04-25 00:05:28,860] {taskinstance.py:877} INFO - Dependencies all met for <TaskInstance: bash_operator_dag.first_task 2021-03-28T00:00:00+00:00 [queued]>
[2021-04-25 00:05:28,861] {taskinstance.py:1068} INFO - 
--------------------------------------------------------------------------------
[2021-04-25 00:05:28,861] {taskinstance.py:1069} INFO - Starting attempt 1 of 1
[2021-04-25 00:05:28,861] {taskinstance.py:1070} INFO - 
--------------------------------------------------------------------------------
[2021-04-25 00:05:28,920] {taskinstance.py:1089} INFO - Executing <Task(BashOperator): first_task> on 2021-03-28T00:00:00+00:00
[2021-04-25 00:05:28,946] {standard_task_runner.py:52} INFO - Started process 1244 to run task
[2021-04-25 00:05:28,971] {standard_task_runner.py:76} INFO - Running: ['airflow', 'tasks', 'run', 'bash_operator_dag', 'first_task', '2021-03-28T00:00:00+00:00', '--job-id', '449', '--pool', 'default_pool', '--raw', '--subdir', 'DAGS_FOLDER/simple_bash_operator_dag.py', '--cfg-path', '/tmp/tmpaz33d017', '--error-file', '/tmp/tmpkjqkujai']
[2021-04-25 00:05:28,973] {standard_task_runner.py:77} INFO - Job 449: Subtask first_task
[2021-04-25 00:05:29,095] {logging_mixin.py:104} INFO - Running <TaskInstance: bash_operator_dag.first_task 2021-03-28T00:00:00+00:00 [running]> on host 4a00a306afdc
[2021-04-25 00:05:29,177] {taskinstance.py:1283} INFO - Exporting the following env vars:
AIRFLOW_CTX_DAG_OWNER=airflow
AIRFLOW_CTX_DAG_ID=bash_operator_dag
AIRFLOW_CTX_TASK_ID=first_task
AIRFLOW_CTX_EXECUTION_DATE=2021-03-28T00:00:00+00:00
AIRFLOW_CTX_DAG_RUN_ID=scheduled__2021-03-28T00:00:00+00:00
[2021-04-25 00:05:29,178] {bash.py:135} INFO - Tmp dir root location: 
 /tmp
[2021-04-25 00:05:29,180] {bash.py:158} INFO - Running command: echo "testing first bash operator"
[2021-04-25 00:05:29,195] {bash.py:169} INFO - Output:
[2021-04-25 00:05:29,197] {bash.py:173} INFO - testing first bash operator
[2021-04-25 00:05:29,198] {bash.py:177} INFO - Command exited with return code 0
[2021-04-25 00:05:29,258] {taskinstance.py:1192} INFO - Marking task as SUCCESS. dag_id=bash_operator_dag, task_id=first_task, execution_date=20210328T000000, start_date=20210425T000528, end_date=20210425T000529
[2021-04-25 00:05:29,380] {taskinstance.py:1246} INFO - 1 downstream tasks scheduled from follow-on schedule check
[2021-04-25 00:05:29,423] {local_task_job.py:146} INFO - Task exited with return code 0
[2021-04-25 00:08:38,687] {taskinstance.py:877} INFO - Dependencies all met for <TaskInstance: bash_operator_dag.first_task 2021-03-28T00:00:00+00:00 [queued]>
[2021-04-25 00:08:38,736] {taskinstance.py:877} INFO - Dependencies all met for <TaskInstance: bash_operator_dag.first_task 2021-03-28T00:00:00+00:00 [queued]>
[2021-04-25 00:08:38,736] {taskinstance.py:1068} INFO - 
--------------------------------------------------------------------------------
[2021-04-25 00:08:38,736] {taskinstance.py:1069} INFO - Starting attempt 1 of 3
[2021-04-25 00:08:38,737] {taskinstance.py:1070} INFO - 
--------------------------------------------------------------------------------
[2021-04-25 00:08:38,770] {taskinstance.py:1089} INFO - Executing <Task(BashOperator): first_task> on 2021-03-28T00:00:00+00:00
[2021-04-25 00:08:38,779] {standard_task_runner.py:52} INFO - Started process 1805 to run task
[2021-04-25 00:08:38,793] {standard_task_runner.py:76} INFO - Running: ['airflow', 'tasks', 'run', 'bash_operator_dag', 'first_task', '2021-03-28T00:00:00+00:00', '--job-id', '636', '--pool', 'default_pool', '--raw', '--subdir', 'DAGS_FOLDER/simple_bash_operator_dag.py', '--cfg-path', '/tmp/tmpk2423_ib', '--error-file', '/tmp/tmp6o12tsew']
[2021-04-25 00:08:38,794] {standard_task_runner.py:77} INFO - Job 636: Subtask first_task
[2021-04-25 00:08:38,934] {logging_mixin.py:104} INFO - Running <TaskInstance: bash_operator_dag.first_task 2021-03-28T00:00:00+00:00 [running]> on host 4a00a306afdc
[2021-04-25 00:08:39,033] {taskinstance.py:1283} INFO - Exporting the following env vars:
AIRFLOW_CTX_DAG_OWNER=airflow
AIRFLOW_CTX_DAG_ID=bash_operator_dag
AIRFLOW_CTX_TASK_ID=first_task
AIRFLOW_CTX_EXECUTION_DATE=2021-03-28T00:00:00+00:00
AIRFLOW_CTX_DAG_RUN_ID=scheduled__2021-03-28T00:00:00+00:00
[2021-04-25 00:08:39,034] {bash.py:135} INFO - Tmp dir root location: 
 /tmp
[2021-04-25 00:08:39,036] {bash.py:158} INFO - Running command: echo "testing first bash operator"
[2021-04-25 00:08:39,055] {bash.py:169} INFO - Output:
[2021-04-25 00:08:39,057] {bash.py:173} INFO - testing first bash operator
[2021-04-25 00:08:39,058] {bash.py:177} INFO - Command exited with return code 0
[2021-04-25 00:08:39,177] {taskinstance.py:1192} INFO - Marking task as SUCCESS. dag_id=bash_operator_dag, task_id=first_task, execution_date=20210328T000000, start_date=20210425T000838, end_date=20210425T000839
[2021-04-25 00:08:39,311] {taskinstance.py:1246} INFO - 1 downstream tasks scheduled from follow-on schedule check
[2021-04-25 00:08:39,340] {local_task_job.py:146} INFO - Task exited with return code 0
