[2021-04-25 08:05:52,655] {taskinstance.py:877} INFO - Dependencies all met for <TaskInstance: send_email_dag.fetch_and_write_a_file_task 2021-04-24T00:00:00+00:00 [queued]>
[2021-04-25 08:05:52,672] {taskinstance.py:877} INFO - Dependencies all met for <TaskInstance: send_email_dag.fetch_and_write_a_file_task 2021-04-24T00:00:00+00:00 [queued]>
[2021-04-25 08:05:52,672] {taskinstance.py:1068} INFO - 
--------------------------------------------------------------------------------
[2021-04-25 08:05:52,672] {taskinstance.py:1069} INFO - Starting attempt 1 of 3
[2021-04-25 08:05:52,672] {taskinstance.py:1070} INFO - 
--------------------------------------------------------------------------------
[2021-04-25 08:05:52,683] {taskinstance.py:1089} INFO - Executing <Task(PythonOperator): fetch_and_write_a_file_task> on 2021-04-24T00:00:00+00:00
[2021-04-25 08:05:52,689] {standard_task_runner.py:52} INFO - Started process 59 to run task
[2021-04-25 08:05:52,692] {standard_task_runner.py:76} INFO - Running: ['airflow', 'tasks', 'run', 'send_email_dag', 'fetch_and_write_a_file_task', '2021-04-24T00:00:00+00:00', '--job-id', '789', '--pool', 'default_pool', '--raw', '--subdir', 'DAGS_FOLDER/email_operator/send_email.py', '--cfg-path', '/tmp/tmpin2lwwqi', '--error-file', '/tmp/tmprz65ot2x']
[2021-04-25 08:05:52,693] {standard_task_runner.py:77} INFO - Job 789: Subtask fetch_and_write_a_file_task
[2021-04-25 08:05:52,738] {logging_mixin.py:104} INFO - Running <TaskInstance: send_email_dag.fetch_and_write_a_file_task 2021-04-24T00:00:00+00:00 [running]> on host d6e2455ef0ec
[2021-04-25 08:05:52,795] {taskinstance.py:1283} INFO - Exporting the following env vars:
AIRFLOW_CTX_DAG_OWNER=airflow
AIRFLOW_CTX_DAG_ID=send_email_dag
AIRFLOW_CTX_TASK_ID=fetch_and_write_a_file_task
AIRFLOW_CTX_EXECUTION_DATE=2021-04-24T00:00:00+00:00
AIRFLOW_CTX_DAG_RUN_ID=scheduled__2021-04-24T00:00:00+00:00
[2021-04-25 08:05:53,064] {logging_mixin.py:104} INFO - Success fetch data from http://jsonplaceholder.typicode.com/todos and write to todo.json
[2021-04-25 08:05:53,065] {python.py:118} INFO - Done. Returned value was: None
[2021-04-25 08:05:53,078] {taskinstance.py:1192} INFO - Marking task as SUCCESS. dag_id=send_email_dag, task_id=fetch_and_write_a_file_task, execution_date=20210424T000000, start_date=20210425T080552, end_date=20210425T080553
[2021-04-25 08:05:53,114] {taskinstance.py:1246} INFO - 0 downstream tasks scheduled from follow-on schedule check
[2021-04-25 08:05:53,149] {local_task_job.py:146} INFO - Task exited with return code 0
