[2021-04-25 00:09:10,550] {taskinstance.py:877} INFO - Dependencies all met for <TaskInstance: bash_operator_dag.first_task 2021-04-22T00:00:00+00:00 [queued]>
[2021-04-25 00:09:10,586] {taskinstance.py:877} INFO - Dependencies all met for <TaskInstance: bash_operator_dag.first_task 2021-04-22T00:00:00+00:00 [queued]>
[2021-04-25 00:09:10,587] {taskinstance.py:1068} INFO - 
--------------------------------------------------------------------------------
[2021-04-25 00:09:10,587] {taskinstance.py:1069} INFO - Starting attempt 1 of 3
[2021-04-25 00:09:10,587] {taskinstance.py:1070} INFO - 
--------------------------------------------------------------------------------
[2021-04-25 00:09:10,626] {taskinstance.py:1089} INFO - Executing <Task(BashOperator): first_task> on 2021-04-22T00:00:00+00:00
[2021-04-25 00:09:10,635] {standard_task_runner.py:52} INFO - Started process 1943 to run task
[2021-04-25 00:09:10,654] {standard_task_runner.py:76} INFO - Running: ['airflow', 'tasks', 'run', 'bash_operator_dag', 'first_task', '2021-04-22T00:00:00+00:00', '--job-id', '682', '--pool', 'default_pool', '--raw', '--subdir', 'DAGS_FOLDER/simple_bash_operator_dag.py', '--cfg-path', '/tmp/tmpnneouwc1', '--error-file', '/tmp/tmpkw0_a0rh']
[2021-04-25 00:09:10,655] {standard_task_runner.py:77} INFO - Job 682: Subtask first_task
[2021-04-25 00:09:10,869] {logging_mixin.py:104} INFO - Running <TaskInstance: bash_operator_dag.first_task 2021-04-22T00:00:00+00:00 [running]> on host 4a00a306afdc
[2021-04-25 00:09:11,028] {taskinstance.py:1283} INFO - Exporting the following env vars:
AIRFLOW_CTX_DAG_OWNER=airflow
AIRFLOW_CTX_DAG_ID=bash_operator_dag
AIRFLOW_CTX_TASK_ID=first_task
AIRFLOW_CTX_EXECUTION_DATE=2021-04-22T00:00:00+00:00
AIRFLOW_CTX_DAG_RUN_ID=scheduled__2021-04-22T00:00:00+00:00
[2021-04-25 00:09:11,029] {bash.py:135} INFO - Tmp dir root location: 
 /tmp
[2021-04-25 00:09:11,033] {bash.py:158} INFO - Running command: echo "testing first bash operator"
[2021-04-25 00:09:11,062] {bash.py:169} INFO - Output:
[2021-04-25 00:09:11,065] {bash.py:173} INFO - testing first bash operator
[2021-04-25 00:09:11,067] {bash.py:177} INFO - Command exited with return code 0
[2021-04-25 00:09:11,173] {taskinstance.py:1192} INFO - Marking task as SUCCESS. dag_id=bash_operator_dag, task_id=first_task, execution_date=20210422T000000, start_date=20210425T000910, end_date=20210425T000911
[2021-04-25 00:09:11,316] {taskinstance.py:1246} INFO - 1 downstream tasks scheduled from follow-on schedule check
[2021-04-25 00:09:11,374] {local_task_job.py:146} INFO - Task exited with return code 0
