[2021-04-25 00:08:04,102] {taskinstance.py:877} INFO - Dependencies all met for <TaskInstance: bash_operator_dag.second_task 2021-02-18T00:00:00+00:00 [queued]>
[2021-04-25 00:08:04,148] {taskinstance.py:877} INFO - Dependencies all met for <TaskInstance: bash_operator_dag.second_task 2021-02-18T00:00:00+00:00 [queued]>
[2021-04-25 00:08:04,149] {taskinstance.py:1068} INFO - 
--------------------------------------------------------------------------------
[2021-04-25 00:08:04,149] {taskinstance.py:1069} INFO - Starting attempt 1 of 3
[2021-04-25 00:08:04,149] {taskinstance.py:1070} INFO - 
--------------------------------------------------------------------------------
[2021-04-25 00:08:04,208] {taskinstance.py:1089} INFO - Executing <Task(BashOperator): second_task> on 2021-02-18T00:00:00+00:00
[2021-04-25 00:08:04,218] {standard_task_runner.py:52} INFO - Started process 1595 to run task
[2021-04-25 00:08:04,233] {standard_task_runner.py:76} INFO - Running: ['airflow', 'tasks', 'run', 'bash_operator_dag', 'second_task', '2021-02-18T00:00:00+00:00', '--job-id', '567', '--pool', 'default_pool', '--raw', '--subdir', 'DAGS_FOLDER/simple_bash_operator_dag.py', '--cfg-path', '/tmp/tmpi1atx3cq', '--error-file', '/tmp/tmpjaongllq']
[2021-04-25 00:08:04,234] {standard_task_runner.py:77} INFO - Job 567: Subtask second_task
[2021-04-25 00:08:04,437] {logging_mixin.py:104} INFO - Running <TaskInstance: bash_operator_dag.second_task 2021-02-18T00:00:00+00:00 [running]> on host 4a00a306afdc
[2021-04-25 00:08:04,633] {taskinstance.py:1283} INFO - Exporting the following env vars:
AIRFLOW_CTX_DAG_OWNER=airflow
AIRFLOW_CTX_DAG_ID=bash_operator_dag
AIRFLOW_CTX_TASK_ID=second_task
AIRFLOW_CTX_EXECUTION_DATE=2021-02-18T00:00:00+00:00
AIRFLOW_CTX_DAG_RUN_ID=scheduled__2021-02-18T00:00:00+00:00
[2021-04-25 00:08:04,635] {bash.py:135} INFO - Tmp dir root location: 
 /tmp
[2021-04-25 00:08:04,637] {bash.py:158} INFO - Running command: echo "testing second bash operator"
[2021-04-25 00:08:04,674] {bash.py:169} INFO - Output:
[2021-04-25 00:08:04,684] {bash.py:173} INFO - testing second bash operator
[2021-04-25 00:08:04,685] {bash.py:177} INFO - Command exited with return code 0
[2021-04-25 00:08:04,804] {taskinstance.py:1192} INFO - Marking task as SUCCESS. dag_id=bash_operator_dag, task_id=second_task, execution_date=20210218T000000, start_date=20210425T000804, end_date=20210425T000804
[2021-04-25 00:08:04,900] {taskinstance.py:1246} INFO - 0 downstream tasks scheduled from follow-on schedule check
[2021-04-25 00:08:04,935] {local_task_job.py:146} INFO - Task exited with return code 0
