[2021-04-28 03:17:12,009] {scheduler_job.py:182} INFO - Started process (PID=39) to work on /opt/airflow/dags/email_operator/send_email.py
[2021-04-28 03:17:12,011] {scheduler_job.py:629} INFO - Processing file /opt/airflow/dags/email_operator/send_email.py for tasks to queue
[2021-04-28 03:17:12,012] {logging_mixin.py:104} INFO - [2021-04-28 03:17:12,012] {dagbag.py:451} INFO - Filling up the DagBag from /opt/airflow/dags/email_operator/send_email.py
[2021-04-28 03:17:12,013] {scheduler_job.py:641} WARNING - No viable dags retrieved from /opt/airflow/dags/email_operator/send_email.py
[2021-04-28 03:17:12,014] {scheduler_job.py:190} INFO - Processing /opt/airflow/dags/email_operator/send_email.py took 0.012 seconds
[2021-04-28 05:23:29,256] {scheduler_job.py:182} INFO - Started process (PID=7854) to work on /opt/airflow/dags/email_operator/send_email.py
[2021-04-28 05:23:29,261] {scheduler_job.py:629} INFO - Processing file /opt/airflow/dags/email_operator/send_email.py for tasks to queue
[2021-04-28 05:23:29,268] {logging_mixin.py:104} INFO - [2021-04-28 05:23:29,268] {dagbag.py:451} INFO - Filling up the DagBag from /opt/airflow/dags/email_operator/send_email.py
[2021-04-28 05:23:29,269] {scheduler_job.py:641} WARNING - No viable dags retrieved from /opt/airflow/dags/email_operator/send_email.py
[2021-04-28 05:23:29,270] {scheduler_job.py:190} INFO - Processing /opt/airflow/dags/email_operator/send_email.py took 0.031 seconds
[2021-04-28 14:07:12,424] {scheduler_job.py:182} INFO - Started process (PID=38) to work on /opt/airflow/dags/email_operator/send_email.py
[2021-04-28 14:07:12,426] {scheduler_job.py:629} INFO - Processing file /opt/airflow/dags/email_operator/send_email.py for tasks to queue
[2021-04-28 14:07:12,427] {logging_mixin.py:104} INFO - [2021-04-28 14:07:12,426] {dagbag.py:451} INFO - Filling up the DagBag from /opt/airflow/dags/email_operator/send_email.py
[2021-04-28 14:07:12,427] {scheduler_job.py:641} WARNING - No viable dags retrieved from /opt/airflow/dags/email_operator/send_email.py
[2021-04-28 14:07:12,428] {scheduler_job.py:190} INFO - Processing /opt/airflow/dags/email_operator/send_email.py took 0.009 seconds
[2021-04-28 22:18:09,353] {scheduler_job.py:182} INFO - Started process (PID=37) to work on /opt/airflow/dags/email_operator/send_email.py
[2021-04-28 22:18:09,355] {scheduler_job.py:629} INFO - Processing file /opt/airflow/dags/email_operator/send_email.py for tasks to queue
[2021-04-28 22:18:09,356] {logging_mixin.py:104} INFO - [2021-04-28 22:18:09,356] {dagbag.py:451} INFO - Filling up the DagBag from /opt/airflow/dags/email_operator/send_email.py
[2021-04-28 22:18:09,356] {scheduler_job.py:641} WARNING - No viable dags retrieved from /opt/airflow/dags/email_operator/send_email.py
[2021-04-28 22:18:09,357] {scheduler_job.py:190} INFO - Processing /opt/airflow/dags/email_operator/send_email.py took 0.008 seconds
