[2021-04-25 00:05:34,530] {taskinstance.py:877} INFO - Dependencies all met for <TaskInstance: bash_operator_dag.first_task 2021-04-04T00:00:00+00:00 [queued]>
[2021-04-25 00:05:34,557] {taskinstance.py:877} INFO - Dependencies all met for <TaskInstance: bash_operator_dag.first_task 2021-04-04T00:00:00+00:00 [queued]>
[2021-04-25 00:05:34,557] {taskinstance.py:1068} INFO - 
--------------------------------------------------------------------------------
[2021-04-25 00:05:34,557] {taskinstance.py:1069} INFO - Starting attempt 1 of 1
[2021-04-25 00:05:34,558] {taskinstance.py:1070} INFO - 
--------------------------------------------------------------------------------
[2021-04-25 00:05:34,602] {taskinstance.py:1089} INFO - Executing <Task(BashOperator): first_task> on 2021-04-04T00:00:00+00:00
[2021-04-25 00:05:34,612] {standard_task_runner.py:52} INFO - Started process 1286 to run task
[2021-04-25 00:05:34,632] {standard_task_runner.py:76} INFO - Running: ['airflow', 'tasks', 'run', 'bash_operator_dag', 'first_task', '2021-04-04T00:00:00+00:00', '--job-id', '463', '--pool', 'default_pool', '--raw', '--subdir', 'DAGS_FOLDER/simple_bash_operator_dag.py', '--cfg-path', '/tmp/tmpgp3e9bsy', '--error-file', '/tmp/tmpmiv_igcr']
[2021-04-25 00:05:34,638] {standard_task_runner.py:77} INFO - Job 463: Subtask first_task
[2021-04-25 00:05:34,812] {logging_mixin.py:104} INFO - Running <TaskInstance: bash_operator_dag.first_task 2021-04-04T00:00:00+00:00 [running]> on host 4a00a306afdc
[2021-04-25 00:05:34,935] {taskinstance.py:1283} INFO - Exporting the following env vars:
AIRFLOW_CTX_DAG_OWNER=airflow
AIRFLOW_CTX_DAG_ID=bash_operator_dag
AIRFLOW_CTX_TASK_ID=first_task
AIRFLOW_CTX_EXECUTION_DATE=2021-04-04T00:00:00+00:00
AIRFLOW_CTX_DAG_RUN_ID=scheduled__2021-04-04T00:00:00+00:00
[2021-04-25 00:05:34,938] {bash.py:135} INFO - Tmp dir root location: 
 /tmp
[2021-04-25 00:05:34,940] {bash.py:158} INFO - Running command: echo "testing first bash operator"
[2021-04-25 00:05:34,962] {bash.py:169} INFO - Output:
[2021-04-25 00:05:34,964] {bash.py:173} INFO - testing first bash operator
[2021-04-25 00:05:34,964] {bash.py:177} INFO - Command exited with return code 0
[2021-04-25 00:05:35,119] {taskinstance.py:1192} INFO - Marking task as SUCCESS. dag_id=bash_operator_dag, task_id=first_task, execution_date=20210404T000000, start_date=20210425T000534, end_date=20210425T000535
[2021-04-25 00:05:35,300] {local_task_job.py:146} INFO - Task exited with return code 1
