[2021-04-25 00:09:12,421] {taskinstance.py:877} INFO - Dependencies all met for <TaskInstance: bash_operator_dag.first_task 2021-04-24T00:00:00+00:00 [queued]>
[2021-04-25 00:09:12,466] {taskinstance.py:877} INFO - Dependencies all met for <TaskInstance: bash_operator_dag.first_task 2021-04-24T00:00:00+00:00 [queued]>
[2021-04-25 00:09:12,467] {taskinstance.py:1068} INFO - 
--------------------------------------------------------------------------------
[2021-04-25 00:09:12,467] {taskinstance.py:1069} INFO - Starting attempt 1 of 3
[2021-04-25 00:09:12,468] {taskinstance.py:1070} INFO - 
--------------------------------------------------------------------------------
[2021-04-25 00:09:12,570] {taskinstance.py:1089} INFO - Executing <Task(BashOperator): first_task> on 2021-04-24T00:00:00+00:00
[2021-04-25 00:09:12,605] {standard_task_runner.py:52} INFO - Started process 1956 to run task
[2021-04-25 00:09:12,625] {standard_task_runner.py:76} INFO - Running: ['airflow', 'tasks', 'run', 'bash_operator_dag', 'first_task', '2021-04-24T00:00:00+00:00', '--job-id', '687', '--pool', 'default_pool', '--raw', '--subdir', 'DAGS_FOLDER/simple_bash_operator_dag.py', '--cfg-path', '/tmp/tmpwiuvk9d6', '--error-file', '/tmp/tmpgp4rrmwt']
[2021-04-25 00:09:12,628] {standard_task_runner.py:77} INFO - Job 687: Subtask first_task
[2021-04-25 00:09:12,802] {logging_mixin.py:104} INFO - Running <TaskInstance: bash_operator_dag.first_task 2021-04-24T00:00:00+00:00 [running]> on host 4a00a306afdc
[2021-04-25 00:09:12,968] {taskinstance.py:1283} INFO - Exporting the following env vars:
AIRFLOW_CTX_DAG_OWNER=airflow
AIRFLOW_CTX_DAG_ID=bash_operator_dag
AIRFLOW_CTX_TASK_ID=first_task
AIRFLOW_CTX_EXECUTION_DATE=2021-04-24T00:00:00+00:00
AIRFLOW_CTX_DAG_RUN_ID=scheduled__2021-04-24T00:00:00+00:00
[2021-04-25 00:09:12,970] {bash.py:135} INFO - Tmp dir root location: 
 /tmp
[2021-04-25 00:09:12,973] {bash.py:158} INFO - Running command: echo "testing first bash operator"
[2021-04-25 00:09:12,993] {bash.py:169} INFO - Output:
[2021-04-25 00:09:13,001] {bash.py:173} INFO - testing first bash operator
[2021-04-25 00:09:13,001] {bash.py:177} INFO - Command exited with return code 0
[2021-04-25 00:09:13,079] {taskinstance.py:1192} INFO - Marking task as SUCCESS. dag_id=bash_operator_dag, task_id=first_task, execution_date=20210424T000000, start_date=20210425T000912, end_date=20210425T000913
[2021-04-25 00:09:13,158] {taskinstance.py:1246} INFO - 1 downstream tasks scheduled from follow-on schedule check
[2021-04-25 00:09:13,180] {local_task_job.py:146} INFO - Task exited with return code 0
[2021-04-25 00:40:50,006] {taskinstance.py:877} INFO - Dependencies all met for <TaskInstance: bash_operator_dag.first_task 2021-04-24T00:00:00+00:00 [queued]>
[2021-04-25 00:40:50,021] {taskinstance.py:877} INFO - Dependencies all met for <TaskInstance: bash_operator_dag.first_task 2021-04-24T00:00:00+00:00 [queued]>
[2021-04-25 00:40:50,021] {taskinstance.py:1068} INFO - 
--------------------------------------------------------------------------------
[2021-04-25 00:40:50,021] {taskinstance.py:1069} INFO - Starting attempt 1 of 3
[2021-04-25 00:40:50,022] {taskinstance.py:1070} INFO - 
--------------------------------------------------------------------------------
[2021-04-25 00:40:50,039] {taskinstance.py:1089} INFO - Executing <Task(BashOperator): first_task> on 2021-04-24T00:00:00+00:00
[2021-04-25 00:40:50,044] {standard_task_runner.py:52} INFO - Started process 1973 to run task
[2021-04-25 00:40:50,050] {standard_task_runner.py:76} INFO - Running: ['airflow', 'tasks', 'run', 'bash_operator_dag', 'first_task', '2021-04-24T00:00:00+00:00', '--job-id', '693', '--pool', 'default_pool', '--raw', '--subdir', 'DAGS_FOLDER/simple_bash_operator_dag.py', '--cfg-path', '/tmp/tmpfstegz9k', '--error-file', '/tmp/tmp_n1ii5zu']
[2021-04-25 00:40:50,050] {standard_task_runner.py:77} INFO - Job 693: Subtask first_task
[2021-04-25 00:40:50,106] {logging_mixin.py:104} INFO - Running <TaskInstance: bash_operator_dag.first_task 2021-04-24T00:00:00+00:00 [running]> on host 4a00a306afdc
[2021-04-25 00:40:50,176] {taskinstance.py:1283} INFO - Exporting the following env vars:
AIRFLOW_CTX_DAG_OWNER=airflow
AIRFLOW_CTX_DAG_ID=bash_operator_dag
AIRFLOW_CTX_TASK_ID=first_task
AIRFLOW_CTX_EXECUTION_DATE=2021-04-24T00:00:00+00:00
AIRFLOW_CTX_DAG_RUN_ID=scheduled__2021-04-24T00:00:00+00:00
[2021-04-25 00:40:50,178] {bash.py:135} INFO - Tmp dir root location: 
 /tmp
[2021-04-25 00:40:50,180] {bash.py:158} INFO - Running command: echo "testing first bash operator"
[2021-04-25 00:40:50,194] {bash.py:169} INFO - Output:
[2021-04-25 00:40:50,198] {bash.py:173} INFO - testing first bash operator
[2021-04-25 00:40:50,200] {bash.py:177} INFO - Command exited with return code 0
[2021-04-25 00:40:50,251] {taskinstance.py:1192} INFO - Marking task as SUCCESS. dag_id=bash_operator_dag, task_id=first_task, execution_date=20210424T000000, start_date=20210425T004050, end_date=20210425T004050
[2021-04-25 00:40:50,304] {taskinstance.py:1246} INFO - 1 downstream tasks scheduled from follow-on schedule check
[2021-04-25 00:40:50,347] {local_task_job.py:146} INFO - Task exited with return code 0
