[2021-04-25 00:05:14,578] {taskinstance.py:877} INFO - Dependencies all met for <TaskInstance: bash_operator_dag.second_task 2021-03-05T00:00:00+00:00 [queued]>
[2021-04-25 00:05:14,772] {taskinstance.py:877} INFO - Dependencies all met for <TaskInstance: bash_operator_dag.second_task 2021-03-05T00:00:00+00:00 [queued]>
[2021-04-25 00:05:14,774] {taskinstance.py:1068} INFO - 
--------------------------------------------------------------------------------
[2021-04-25 00:05:14,775] {taskinstance.py:1069} INFO - Starting attempt 1 of 3
[2021-04-25 00:05:14,776] {taskinstance.py:1070} INFO - 
--------------------------------------------------------------------------------
[2021-04-25 00:05:14,975] {taskinstance.py:1089} INFO - Executing <Task(BashOperator): second_task> on 2021-03-05T00:00:00+00:00
[2021-04-25 00:05:14,985] {standard_task_runner.py:52} INFO - Started process 1123 to run task
[2021-04-25 00:05:15,017] {standard_task_runner.py:76} INFO - Running: ['airflow', 'tasks', 'run', 'bash_operator_dag', 'second_task', '2021-03-05T00:00:00+00:00', '--job-id', '409', '--pool', 'default_pool', '--raw', '--subdir', 'DAGS_FOLDER/simple_bash_operator_dag.py', '--cfg-path', '/tmp/tmpkbwbnjxa', '--error-file', '/tmp/tmpng7b4apk']
[2021-04-25 00:05:15,019] {standard_task_runner.py:77} INFO - Job 409: Subtask second_task
[2021-04-25 00:05:15,465] {logging_mixin.py:104} INFO - Running <TaskInstance: bash_operator_dag.second_task 2021-03-05T00:00:00+00:00 [running]> on host 4a00a306afdc
[2021-04-25 00:05:15,993] {taskinstance.py:1283} INFO - Exporting the following env vars:
AIRFLOW_CTX_DAG_OWNER=airflow
AIRFLOW_CTX_DAG_ID=bash_operator_dag
AIRFLOW_CTX_TASK_ID=second_task
AIRFLOW_CTX_EXECUTION_DATE=2021-03-05T00:00:00+00:00
AIRFLOW_CTX_DAG_RUN_ID=scheduled__2021-03-05T00:00:00+00:00
[2021-04-25 00:05:15,998] {bash.py:135} INFO - Tmp dir root location: 
 /tmp
[2021-04-25 00:05:16,001] {bash.py:158} INFO - Running command: echo "testing second bash operator"
[2021-04-25 00:05:16,051] {bash.py:169} INFO - Output:
[2021-04-25 00:05:16,052] {bash.py:173} INFO - testing second bash operator
[2021-04-25 00:05:16,053] {bash.py:177} INFO - Command exited with return code 0
[2021-04-25 00:05:16,162] {taskinstance.py:1192} INFO - Marking task as SUCCESS. dag_id=bash_operator_dag, task_id=second_task, execution_date=20210305T000000, start_date=20210425T000514, end_date=20210425T000516
[2021-04-25 00:05:16,316] {taskinstance.py:1246} INFO - 0 downstream tasks scheduled from follow-on schedule check
[2021-04-25 00:05:16,355] {local_task_job.py:146} INFO - Task exited with return code 0
[2021-04-25 00:08:18,825] {taskinstance.py:877} INFO - Dependencies all met for <TaskInstance: bash_operator_dag.second_task 2021-03-05T00:00:00+00:00 [queued]>
[2021-04-25 00:08:18,888] {taskinstance.py:877} INFO - Dependencies all met for <TaskInstance: bash_operator_dag.second_task 2021-03-05T00:00:00+00:00 [queued]>
[2021-04-25 00:08:18,889] {taskinstance.py:1068} INFO - 
--------------------------------------------------------------------------------
[2021-04-25 00:08:18,890] {taskinstance.py:1069} INFO - Starting attempt 1 of 3
[2021-04-25 00:08:18,890] {taskinstance.py:1070} INFO - 
--------------------------------------------------------------------------------
[2021-04-25 00:08:18,945] {taskinstance.py:1089} INFO - Executing <Task(BashOperator): second_task> on 2021-03-05T00:00:00+00:00
[2021-04-25 00:08:18,954] {standard_task_runner.py:52} INFO - Started process 1686 to run task
[2021-04-25 00:08:18,968] {standard_task_runner.py:76} INFO - Running: ['airflow', 'tasks', 'run', 'bash_operator_dag', 'second_task', '2021-03-05T00:00:00+00:00', '--job-id', '596', '--pool', 'default_pool', '--raw', '--subdir', 'DAGS_FOLDER/simple_bash_operator_dag.py', '--cfg-path', '/tmp/tmpne4_ysbe', '--error-file', '/tmp/tmpttdwb65n']
[2021-04-25 00:08:18,969] {standard_task_runner.py:77} INFO - Job 596: Subtask second_task
[2021-04-25 00:08:19,127] {logging_mixin.py:104} INFO - Running <TaskInstance: bash_operator_dag.second_task 2021-03-05T00:00:00+00:00 [running]> on host 4a00a306afdc
[2021-04-25 00:08:19,288] {taskinstance.py:1283} INFO - Exporting the following env vars:
AIRFLOW_CTX_DAG_OWNER=airflow
AIRFLOW_CTX_DAG_ID=bash_operator_dag
AIRFLOW_CTX_TASK_ID=second_task
AIRFLOW_CTX_EXECUTION_DATE=2021-03-05T00:00:00+00:00
AIRFLOW_CTX_DAG_RUN_ID=scheduled__2021-03-05T00:00:00+00:00
[2021-04-25 00:08:19,295] {bash.py:135} INFO - Tmp dir root location: 
 /tmp
[2021-04-25 00:08:19,299] {bash.py:158} INFO - Running command: echo "testing second bash operator"
[2021-04-25 00:08:19,350] {bash.py:169} INFO - Output:
[2021-04-25 00:08:19,351] {bash.py:173} INFO - testing second bash operator
[2021-04-25 00:08:19,353] {bash.py:177} INFO - Command exited with return code 0
[2021-04-25 00:08:19,475] {taskinstance.py:1192} INFO - Marking task as SUCCESS. dag_id=bash_operator_dag, task_id=second_task, execution_date=20210305T000000, start_date=20210425T000818, end_date=20210425T000819
[2021-04-25 00:08:19,700] {taskinstance.py:1246} INFO - 0 downstream tasks scheduled from follow-on schedule check
[2021-04-25 00:08:19,756] {local_task_job.py:146} INFO - Task exited with return code 0
