[2021-04-25 00:07:49,707] {taskinstance.py:877} INFO - Dependencies all met for <TaskInstance: bash_operator_dag.second_task 2021-02-06T00:00:00+00:00 [queued]>
[2021-04-25 00:07:49,778] {taskinstance.py:877} INFO - Dependencies all met for <TaskInstance: bash_operator_dag.second_task 2021-02-06T00:00:00+00:00 [queued]>
[2021-04-25 00:07:49,778] {taskinstance.py:1068} INFO - 
--------------------------------------------------------------------------------
[2021-04-25 00:07:49,778] {taskinstance.py:1069} INFO - Starting attempt 1 of 3
[2021-04-25 00:07:49,779] {taskinstance.py:1070} INFO - 
--------------------------------------------------------------------------------
[2021-04-25 00:07:49,919] {taskinstance.py:1089} INFO - Executing <Task(BashOperator): second_task> on 2021-02-06T00:00:00+00:00
[2021-04-25 00:07:49,978] {standard_task_runner.py:76} INFO - Running: ['airflow', 'tasks', 'run', 'bash_operator_dag', 'second_task', '2021-02-06T00:00:00+00:00', '--job-id', '541', '--pool', 'default_pool', '--raw', '--subdir', 'DAGS_FOLDER/simple_bash_operator_dag.py', '--cfg-path', '/tmp/tmp7n099fbl', '--error-file', '/tmp/tmp_no0nb10']
[2021-04-25 00:07:49,981] {standard_task_runner.py:77} INFO - Job 541: Subtask second_task
[2021-04-25 00:07:49,931] {standard_task_runner.py:52} INFO - Started process 1518 to run task
[2021-04-25 00:07:50,272] {logging_mixin.py:104} INFO - Running <TaskInstance: bash_operator_dag.second_task 2021-02-06T00:00:00+00:00 [running]> on host 4a00a306afdc
[2021-04-25 00:07:50,580] {taskinstance.py:1283} INFO - Exporting the following env vars:
AIRFLOW_CTX_DAG_OWNER=airflow
AIRFLOW_CTX_DAG_ID=bash_operator_dag
AIRFLOW_CTX_TASK_ID=second_task
AIRFLOW_CTX_EXECUTION_DATE=2021-02-06T00:00:00+00:00
AIRFLOW_CTX_DAG_RUN_ID=scheduled__2021-02-06T00:00:00+00:00
[2021-04-25 00:07:50,583] {bash.py:135} INFO - Tmp dir root location: 
 /tmp
[2021-04-25 00:07:50,585] {bash.py:158} INFO - Running command: echo "testing second bash operator"
[2021-04-25 00:07:50,622] {bash.py:169} INFO - Output:
[2021-04-25 00:07:50,635] {bash.py:173} INFO - testing second bash operator
[2021-04-25 00:07:50,645] {bash.py:177} INFO - Command exited with return code 0
[2021-04-25 00:07:50,849] {taskinstance.py:1192} INFO - Marking task as SUCCESS. dag_id=bash_operator_dag, task_id=second_task, execution_date=20210206T000000, start_date=20210425T000749, end_date=20210425T000750
[2021-04-25 00:07:51,024] {taskinstance.py:1246} INFO - 0 downstream tasks scheduled from follow-on schedule check
[2021-04-25 00:07:51,071] {local_task_job.py:146} INFO - Task exited with return code 0
[2021-04-25 00:44:21,048] {taskinstance.py:877} INFO - Dependencies all met for <TaskInstance: bash_operator_dag.second_task 2021-02-06T00:00:00+00:00 [queued]>
[2021-04-25 00:44:21,108] {taskinstance.py:877} INFO - Dependencies all met for <TaskInstance: bash_operator_dag.second_task 2021-02-06T00:00:00+00:00 [queued]>
[2021-04-25 00:44:21,108] {taskinstance.py:1068} INFO - 
--------------------------------------------------------------------------------
[2021-04-25 00:44:21,109] {taskinstance.py:1069} INFO - Starting attempt 1 of 3
[2021-04-25 00:44:21,109] {taskinstance.py:1070} INFO - 
--------------------------------------------------------------------------------
[2021-04-25 00:44:21,188] {taskinstance.py:1089} INFO - Executing <Task(BashOperator): second_task> on 2021-02-06T00:00:00+00:00
[2021-04-25 00:44:21,212] {standard_task_runner.py:52} INFO - Started process 2208 to run task
[2021-04-25 00:44:21,236] {standard_task_runner.py:76} INFO - Running: ['airflow', 'tasks', 'run', 'bash_operator_dag', 'second_task', '2021-02-06T00:00:00+00:00', '--job-id', '771', '--pool', 'default_pool', '--raw', '--subdir', 'DAGS_FOLDER/simple_bash_operator_dag.py', '--cfg-path', '/tmp/tmpsdbobz5z', '--error-file', '/tmp/tmpnqxczf7v']
[2021-04-25 00:44:21,237] {standard_task_runner.py:77} INFO - Job 771: Subtask second_task
[2021-04-25 00:44:21,469] {logging_mixin.py:104} INFO - Running <TaskInstance: bash_operator_dag.second_task 2021-02-06T00:00:00+00:00 [running]> on host 4a00a306afdc
[2021-04-25 00:44:21,620] {taskinstance.py:1283} INFO - Exporting the following env vars:
AIRFLOW_CTX_DAG_OWNER=airflow
AIRFLOW_CTX_DAG_ID=bash_operator_dag
AIRFLOW_CTX_TASK_ID=second_task
AIRFLOW_CTX_EXECUTION_DATE=2021-02-06T00:00:00+00:00
AIRFLOW_CTX_DAG_RUN_ID=scheduled__2021-02-06T00:00:00+00:00
[2021-04-25 00:44:21,621] {bash.py:135} INFO - Tmp dir root location: 
 /tmp
[2021-04-25 00:44:21,624] {bash.py:158} INFO - Running command: echo "testing second bash operator"
[2021-04-25 00:44:21,644] {bash.py:169} INFO - Output:
[2021-04-25 00:44:21,647] {bash.py:173} INFO - testing second bash operator
[2021-04-25 00:44:21,648] {bash.py:177} INFO - Command exited with return code 0
[2021-04-25 00:44:21,730] {taskinstance.py:1192} INFO - Marking task as SUCCESS. dag_id=bash_operator_dag, task_id=second_task, execution_date=20210206T000000, start_date=20210425T004421, end_date=20210425T004421
[2021-04-25 00:44:21,869] {taskinstance.py:1246} INFO - 0 downstream tasks scheduled from follow-on schedule check
[2021-04-25 00:44:21,896] {local_task_job.py:146} INFO - Task exited with return code 0
