[2021-04-25 00:05:33,174] {taskinstance.py:877} INFO - Dependencies all met for <TaskInstance: bash_operator_dag.second_task 2021-03-30T00:00:00+00:00 [queued]>
[2021-04-25 00:05:33,207] {taskinstance.py:877} INFO - Dependencies all met for <TaskInstance: bash_operator_dag.second_task 2021-03-30T00:00:00+00:00 [queued]>
[2021-04-25 00:05:33,208] {taskinstance.py:1068} INFO - 
--------------------------------------------------------------------------------
[2021-04-25 00:05:33,208] {taskinstance.py:1069} INFO - Starting attempt 1 of 1
[2021-04-25 00:05:33,209] {taskinstance.py:1070} INFO - 
--------------------------------------------------------------------------------
[2021-04-25 00:05:33,248] {taskinstance.py:1089} INFO - Executing <Task(BashOperator): second_task> on 2021-03-30T00:00:00+00:00
[2021-04-25 00:05:33,256] {standard_task_runner.py:52} INFO - Started process 1274 to run task
[2021-04-25 00:05:33,274] {standard_task_runner.py:76} INFO - Running: ['airflow', 'tasks', 'run', 'bash_operator_dag', 'second_task', '2021-03-30T00:00:00+00:00', '--job-id', '459', '--pool', 'default_pool', '--raw', '--subdir', 'DAGS_FOLDER/simple_bash_operator_dag.py', '--cfg-path', '/tmp/tmptt7wgqv3', '--error-file', '/tmp/tmpilbol11v']
[2021-04-25 00:05:33,275] {standard_task_runner.py:77} INFO - Job 459: Subtask second_task
[2021-04-25 00:05:33,367] {logging_mixin.py:104} INFO - Running <TaskInstance: bash_operator_dag.second_task 2021-03-30T00:00:00+00:00 [running]> on host 4a00a306afdc
[2021-04-25 00:05:33,473] {taskinstance.py:1283} INFO - Exporting the following env vars:
AIRFLOW_CTX_DAG_OWNER=airflow
AIRFLOW_CTX_DAG_ID=bash_operator_dag
AIRFLOW_CTX_TASK_ID=second_task
AIRFLOW_CTX_EXECUTION_DATE=2021-03-30T00:00:00+00:00
AIRFLOW_CTX_DAG_RUN_ID=scheduled__2021-03-30T00:00:00+00:00
[2021-04-25 00:05:33,474] {bash.py:135} INFO - Tmp dir root location: 
 /tmp
[2021-04-25 00:05:33,476] {bash.py:158} INFO - Running command: echo "testing second bash operator"
[2021-04-25 00:05:33,490] {bash.py:169} INFO - Output:
[2021-04-25 00:05:33,493] {bash.py:173} INFO - testing second bash operator
[2021-04-25 00:05:33,493] {bash.py:177} INFO - Command exited with return code 0
[2021-04-25 00:05:33,553] {taskinstance.py:1192} INFO - Marking task as SUCCESS. dag_id=bash_operator_dag, task_id=second_task, execution_date=20210330T000000, start_date=20210425T000533, end_date=20210425T000533
[2021-04-25 00:05:33,605] {taskinstance.py:1246} INFO - 0 downstream tasks scheduled from follow-on schedule check
[2021-04-25 00:05:33,643] {local_task_job.py:146} INFO - Task exited with return code 0
[2021-04-25 00:08:43,616] {taskinstance.py:877} INFO - Dependencies all met for <TaskInstance: bash_operator_dag.second_task 2021-03-30T00:00:00+00:00 [queued]>
[2021-04-25 00:08:43,676] {taskinstance.py:877} INFO - Dependencies all met for <TaskInstance: bash_operator_dag.second_task 2021-03-30T00:00:00+00:00 [queued]>
[2021-04-25 00:08:43,677] {taskinstance.py:1068} INFO - 
--------------------------------------------------------------------------------
[2021-04-25 00:08:43,677] {taskinstance.py:1069} INFO - Starting attempt 1 of 3
[2021-04-25 00:08:43,677] {taskinstance.py:1070} INFO - 
--------------------------------------------------------------------------------
[2021-04-25 00:08:43,762] {taskinstance.py:1089} INFO - Executing <Task(BashOperator): second_task> on 2021-03-30T00:00:00+00:00
[2021-04-25 00:08:43,771] {standard_task_runner.py:52} INFO - Started process 1835 to run task
[2021-04-25 00:08:43,795] {standard_task_runner.py:76} INFO - Running: ['airflow', 'tasks', 'run', 'bash_operator_dag', 'second_task', '2021-03-30T00:00:00+00:00', '--job-id', '646', '--pool', 'default_pool', '--raw', '--subdir', 'DAGS_FOLDER/simple_bash_operator_dag.py', '--cfg-path', '/tmp/tmprqqfd24n', '--error-file', '/tmp/tmp0sjnt402']
[2021-04-25 00:08:43,799] {standard_task_runner.py:77} INFO - Job 646: Subtask second_task
[2021-04-25 00:08:43,996] {logging_mixin.py:104} INFO - Running <TaskInstance: bash_operator_dag.second_task 2021-03-30T00:00:00+00:00 [running]> on host 4a00a306afdc
[2021-04-25 00:08:44,180] {taskinstance.py:1283} INFO - Exporting the following env vars:
AIRFLOW_CTX_DAG_OWNER=airflow
AIRFLOW_CTX_DAG_ID=bash_operator_dag
AIRFLOW_CTX_TASK_ID=second_task
AIRFLOW_CTX_EXECUTION_DATE=2021-03-30T00:00:00+00:00
AIRFLOW_CTX_DAG_RUN_ID=scheduled__2021-03-30T00:00:00+00:00
[2021-04-25 00:08:44,186] {bash.py:135} INFO - Tmp dir root location: 
 /tmp
[2021-04-25 00:08:44,188] {bash.py:158} INFO - Running command: echo "testing second bash operator"
[2021-04-25 00:08:44,214] {bash.py:169} INFO - Output:
[2021-04-25 00:08:44,219] {bash.py:173} INFO - testing second bash operator
[2021-04-25 00:08:44,219] {bash.py:177} INFO - Command exited with return code 0
[2021-04-25 00:08:44,349] {taskinstance.py:1192} INFO - Marking task as SUCCESS. dag_id=bash_operator_dag, task_id=second_task, execution_date=20210330T000000, start_date=20210425T000843, end_date=20210425T000844
[2021-04-25 00:08:44,456] {taskinstance.py:1246} INFO - 0 downstream tasks scheduled from follow-on schedule check
[2021-04-25 00:08:44,517] {local_task_job.py:146} INFO - Task exited with return code 0
