[2021-04-25 00:05:23,265] {taskinstance.py:877} INFO - Dependencies all met for <TaskInstance: bash_operator_dag.first_task 2021-03-19T00:00:00+00:00 [queued]>
[2021-04-25 00:05:23,302] {taskinstance.py:877} INFO - Dependencies all met for <TaskInstance: bash_operator_dag.first_task 2021-03-19T00:00:00+00:00 [queued]>
[2021-04-25 00:05:23,303] {taskinstance.py:1068} INFO - 
--------------------------------------------------------------------------------
[2021-04-25 00:05:23,304] {taskinstance.py:1069} INFO - Starting attempt 1 of 1
[2021-04-25 00:05:23,304] {taskinstance.py:1070} INFO - 
--------------------------------------------------------------------------------
[2021-04-25 00:05:23,337] {taskinstance.py:1089} INFO - Executing <Task(BashOperator): first_task> on 2021-03-19T00:00:00+00:00
[2021-04-25 00:05:23,353] {standard_task_runner.py:76} INFO - Running: ['airflow', 'tasks', 'run', 'bash_operator_dag', 'first_task', '2021-03-19T00:00:00+00:00', '--job-id', '430', '--pool', 'default_pool', '--raw', '--subdir', 'DAGS_FOLDER/simple_bash_operator_dag.py', '--cfg-path', '/tmp/tmp6nbibesm', '--error-file', '/tmp/tmpji85x_g5']
[2021-04-25 00:05:23,343] {standard_task_runner.py:52} INFO - Started process 1189 to run task
[2021-04-25 00:05:23,355] {standard_task_runner.py:77} INFO - Job 430: Subtask first_task
[2021-04-25 00:05:23,451] {logging_mixin.py:104} INFO - Running <TaskInstance: bash_operator_dag.first_task 2021-03-19T00:00:00+00:00 [running]> on host 4a00a306afdc
[2021-04-25 00:05:23,566] {taskinstance.py:1283} INFO - Exporting the following env vars:
AIRFLOW_CTX_DAG_OWNER=airflow
AIRFLOW_CTX_DAG_ID=bash_operator_dag
AIRFLOW_CTX_TASK_ID=first_task
AIRFLOW_CTX_EXECUTION_DATE=2021-03-19T00:00:00+00:00
AIRFLOW_CTX_DAG_RUN_ID=scheduled__2021-03-19T00:00:00+00:00
[2021-04-25 00:05:23,569] {bash.py:135} INFO - Tmp dir root location: 
 /tmp
[2021-04-25 00:05:23,572] {bash.py:158} INFO - Running command: echo "testing first bash operator"
[2021-04-25 00:05:23,597] {bash.py:169} INFO - Output:
[2021-04-25 00:05:23,601] {bash.py:173} INFO - testing first bash operator
[2021-04-25 00:05:23,602] {bash.py:177} INFO - Command exited with return code 0
[2021-04-25 00:05:23,701] {taskinstance.py:1192} INFO - Marking task as SUCCESS. dag_id=bash_operator_dag, task_id=first_task, execution_date=20210319T000000, start_date=20210425T000523, end_date=20210425T000523
[2021-04-25 00:05:23,797] {taskinstance.py:1246} INFO - 1 downstream tasks scheduled from follow-on schedule check
[2021-04-25 00:05:23,854] {local_task_job.py:146} INFO - Task exited with return code 0
[2021-04-25 00:08:30,040] {taskinstance.py:877} INFO - Dependencies all met for <TaskInstance: bash_operator_dag.first_task 2021-03-19T00:00:00+00:00 [queued]>
[2021-04-25 00:08:30,081] {taskinstance.py:877} INFO - Dependencies all met for <TaskInstance: bash_operator_dag.first_task 2021-03-19T00:00:00+00:00 [queued]>
[2021-04-25 00:08:30,083] {taskinstance.py:1068} INFO - 
--------------------------------------------------------------------------------
[2021-04-25 00:08:30,083] {taskinstance.py:1069} INFO - Starting attempt 1 of 3
[2021-04-25 00:08:30,083] {taskinstance.py:1070} INFO - 
--------------------------------------------------------------------------------
[2021-04-25 00:08:30,120] {taskinstance.py:1089} INFO - Executing <Task(BashOperator): first_task> on 2021-03-19T00:00:00+00:00
[2021-04-25 00:08:30,128] {standard_task_runner.py:52} INFO - Started process 1752 to run task
[2021-04-25 00:08:30,144] {standard_task_runner.py:76} INFO - Running: ['airflow', 'tasks', 'run', 'bash_operator_dag', 'first_task', '2021-03-19T00:00:00+00:00', '--job-id', '619', '--pool', 'default_pool', '--raw', '--subdir', 'DAGS_FOLDER/simple_bash_operator_dag.py', '--cfg-path', '/tmp/tmpbpulnj_l', '--error-file', '/tmp/tmp_t7j7et_']
[2021-04-25 00:08:30,145] {standard_task_runner.py:77} INFO - Job 619: Subtask first_task
[2021-04-25 00:08:30,373] {logging_mixin.py:104} INFO - Running <TaskInstance: bash_operator_dag.first_task 2021-03-19T00:00:00+00:00 [running]> on host 4a00a306afdc
[2021-04-25 00:08:30,572] {taskinstance.py:1283} INFO - Exporting the following env vars:
AIRFLOW_CTX_DAG_OWNER=airflow
AIRFLOW_CTX_DAG_ID=bash_operator_dag
AIRFLOW_CTX_TASK_ID=first_task
AIRFLOW_CTX_EXECUTION_DATE=2021-03-19T00:00:00+00:00
AIRFLOW_CTX_DAG_RUN_ID=scheduled__2021-03-19T00:00:00+00:00
[2021-04-25 00:08:30,577] {bash.py:135} INFO - Tmp dir root location: 
 /tmp
[2021-04-25 00:08:30,581] {bash.py:158} INFO - Running command: echo "testing first bash operator"
[2021-04-25 00:08:30,604] {bash.py:169} INFO - Output:
[2021-04-25 00:08:30,608] {bash.py:173} INFO - testing first bash operator
[2021-04-25 00:08:30,611] {bash.py:177} INFO - Command exited with return code 0
[2021-04-25 00:08:30,697] {taskinstance.py:1192} INFO - Marking task as SUCCESS. dag_id=bash_operator_dag, task_id=first_task, execution_date=20210319T000000, start_date=20210425T000830, end_date=20210425T000830
[2021-04-25 00:08:30,799] {taskinstance.py:1246} INFO - 1 downstream tasks scheduled from follow-on schedule check
[2021-04-25 00:08:30,854] {local_task_job.py:146} INFO - Task exited with return code 0
