[2021-04-25 00:07:31,209] {taskinstance.py:877} INFO - Dependencies all met for <TaskInstance: bash_operator_dag.first_task 2021-01-22T00:00:00+00:00 [queued]>
[2021-04-25 00:07:31,253] {taskinstance.py:877} INFO - Dependencies all met for <TaskInstance: bash_operator_dag.first_task 2021-01-22T00:00:00+00:00 [queued]>
[2021-04-25 00:07:31,254] {taskinstance.py:1068} INFO - 
--------------------------------------------------------------------------------
[2021-04-25 00:07:31,254] {taskinstance.py:1069} INFO - Starting attempt 1 of 3
[2021-04-25 00:07:31,254] {taskinstance.py:1070} INFO - 
--------------------------------------------------------------------------------
[2021-04-25 00:07:31,304] {taskinstance.py:1089} INFO - Executing <Task(BashOperator): first_task> on 2021-01-22T00:00:00+00:00
[2021-04-25 00:07:31,316] {standard_task_runner.py:52} INFO - Started process 1415 to run task
[2021-04-25 00:07:31,334] {standard_task_runner.py:76} INFO - Running: ['airflow', 'tasks', 'run', 'bash_operator_dag', 'first_task', '2021-01-22T00:00:00+00:00', '--job-id', '506', '--pool', 'default_pool', '--raw', '--subdir', 'DAGS_FOLDER/simple_bash_operator_dag.py', '--cfg-path', '/tmp/tmp_ajvlgoj', '--error-file', '/tmp/tmp0ahm9k2t']
[2021-04-25 00:07:31,336] {standard_task_runner.py:77} INFO - Job 506: Subtask first_task
[2021-04-25 00:07:31,476] {logging_mixin.py:104} INFO - Running <TaskInstance: bash_operator_dag.first_task 2021-01-22T00:00:00+00:00 [running]> on host 4a00a306afdc
[2021-04-25 00:07:31,600] {taskinstance.py:1283} INFO - Exporting the following env vars:
AIRFLOW_CTX_DAG_OWNER=airflow
AIRFLOW_CTX_DAG_ID=bash_operator_dag
AIRFLOW_CTX_TASK_ID=first_task
AIRFLOW_CTX_EXECUTION_DATE=2021-01-22T00:00:00+00:00
AIRFLOW_CTX_DAG_RUN_ID=scheduled__2021-01-22T00:00:00+00:00
[2021-04-25 00:07:31,601] {bash.py:135} INFO - Tmp dir root location: 
 /tmp
[2021-04-25 00:07:31,607] {bash.py:158} INFO - Running command: echo "testing first bash operator"
[2021-04-25 00:07:31,634] {bash.py:169} INFO - Output:
[2021-04-25 00:07:31,635] {bash.py:173} INFO - testing first bash operator
[2021-04-25 00:07:31,636] {bash.py:177} INFO - Command exited with return code 0
[2021-04-25 00:07:31,746] {taskinstance.py:1192} INFO - Marking task as SUCCESS. dag_id=bash_operator_dag, task_id=first_task, execution_date=20210122T000000, start_date=20210425T000731, end_date=20210425T000731
[2021-04-25 00:07:31,866] {taskinstance.py:1246} INFO - 1 downstream tasks scheduled from follow-on schedule check
[2021-04-25 00:07:31,917] {local_task_job.py:146} INFO - Task exited with return code 0
[2021-04-25 00:43:57,620] {taskinstance.py:877} INFO - Dependencies all met for <TaskInstance: bash_operator_dag.first_task 2021-01-22T00:00:00+00:00 [queued]>
[2021-04-25 00:43:57,746] {taskinstance.py:877} INFO - Dependencies all met for <TaskInstance: bash_operator_dag.first_task 2021-01-22T00:00:00+00:00 [queued]>
[2021-04-25 00:43:57,746] {taskinstance.py:1068} INFO - 
--------------------------------------------------------------------------------
[2021-04-25 00:43:57,747] {taskinstance.py:1069} INFO - Starting attempt 1 of 3
[2021-04-25 00:43:57,747] {taskinstance.py:1070} INFO - 
--------------------------------------------------------------------------------
[2021-04-25 00:43:57,880] {taskinstance.py:1089} INFO - Executing <Task(BashOperator): first_task> on 2021-01-22T00:00:00+00:00
[2021-04-25 00:43:57,900] {standard_task_runner.py:52} INFO - Started process 2099 to run task
[2021-04-25 00:43:57,989] {standard_task_runner.py:76} INFO - Running: ['airflow', 'tasks', 'run', 'bash_operator_dag', 'first_task', '2021-01-22T00:00:00+00:00', '--job-id', '735', '--pool', 'default_pool', '--raw', '--subdir', 'DAGS_FOLDER/simple_bash_operator_dag.py', '--cfg-path', '/tmp/tmp86s7snmz', '--error-file', '/tmp/tmpixdmomkm']
[2021-04-25 00:43:57,990] {standard_task_runner.py:77} INFO - Job 735: Subtask first_task
[2021-04-25 00:43:58,376] {logging_mixin.py:104} INFO - Running <TaskInstance: bash_operator_dag.first_task 2021-01-22T00:00:00+00:00 [running]> on host 4a00a306afdc
[2021-04-25 00:43:58,676] {taskinstance.py:1283} INFO - Exporting the following env vars:
AIRFLOW_CTX_DAG_OWNER=airflow
AIRFLOW_CTX_DAG_ID=bash_operator_dag
AIRFLOW_CTX_TASK_ID=first_task
AIRFLOW_CTX_EXECUTION_DATE=2021-01-22T00:00:00+00:00
AIRFLOW_CTX_DAG_RUN_ID=scheduled__2021-01-22T00:00:00+00:00
[2021-04-25 00:43:58,677] {bash.py:135} INFO - Tmp dir root location: 
 /tmp
[2021-04-25 00:43:58,682] {bash.py:158} INFO - Running command: echo "testing first bash operator"
[2021-04-25 00:43:58,718] {bash.py:169} INFO - Output:
[2021-04-25 00:43:58,729] {bash.py:173} INFO - testing first bash operator
[2021-04-25 00:43:58,730] {bash.py:177} INFO - Command exited with return code 0
[2021-04-25 00:43:58,897] {taskinstance.py:1192} INFO - Marking task as SUCCESS. dag_id=bash_operator_dag, task_id=first_task, execution_date=20210122T000000, start_date=20210425T004357, end_date=20210425T004358
[2021-04-25 00:43:59,132] {taskinstance.py:1246} INFO - 1 downstream tasks scheduled from follow-on schedule check
[2021-04-25 00:43:59,173] {local_task_job.py:146} INFO - Task exited with return code 0
