[2021-04-25 00:07:43,835] {taskinstance.py:877} INFO - Dependencies all met for <TaskInstance: bash_operator_dag.first_task 2021-02-04T00:00:00+00:00 [queued]>
[2021-04-25 00:07:43,921] {taskinstance.py:877} INFO - Dependencies all met for <TaskInstance: bash_operator_dag.first_task 2021-02-04T00:00:00+00:00 [queued]>
[2021-04-25 00:07:43,922] {taskinstance.py:1068} INFO - 
--------------------------------------------------------------------------------
[2021-04-25 00:07:43,922] {taskinstance.py:1069} INFO - Starting attempt 1 of 3
[2021-04-25 00:07:43,922] {taskinstance.py:1070} INFO - 
--------------------------------------------------------------------------------
[2021-04-25 00:07:43,994] {taskinstance.py:1089} INFO - Executing <Task(BashOperator): first_task> on 2021-02-04T00:00:00+00:00
[2021-04-25 00:07:44,020] {standard_task_runner.py:52} INFO - Started process 1493 to run task
[2021-04-25 00:07:44,062] {standard_task_runner.py:76} INFO - Running: ['airflow', 'tasks', 'run', 'bash_operator_dag', 'first_task', '2021-02-04T00:00:00+00:00', '--job-id', '532', '--pool', 'default_pool', '--raw', '--subdir', 'DAGS_FOLDER/simple_bash_operator_dag.py', '--cfg-path', '/tmp/tmphr7xf9x1', '--error-file', '/tmp/tmpm6x6mutm']
[2021-04-25 00:07:44,064] {standard_task_runner.py:77} INFO - Job 532: Subtask first_task
[2021-04-25 00:07:44,261] {logging_mixin.py:104} INFO - Running <TaskInstance: bash_operator_dag.first_task 2021-02-04T00:00:00+00:00 [running]> on host 4a00a306afdc
[2021-04-25 00:07:44,405] {taskinstance.py:1283} INFO - Exporting the following env vars:
AIRFLOW_CTX_DAG_OWNER=airflow
AIRFLOW_CTX_DAG_ID=bash_operator_dag
AIRFLOW_CTX_TASK_ID=first_task
AIRFLOW_CTX_EXECUTION_DATE=2021-02-04T00:00:00+00:00
AIRFLOW_CTX_DAG_RUN_ID=scheduled__2021-02-04T00:00:00+00:00
[2021-04-25 00:07:44,408] {bash.py:135} INFO - Tmp dir root location: 
 /tmp
[2021-04-25 00:07:44,410] {bash.py:158} INFO - Running command: echo "testing first bash operator"
[2021-04-25 00:07:44,449] {bash.py:169} INFO - Output:
[2021-04-25 00:07:44,453] {bash.py:173} INFO - testing first bash operator
[2021-04-25 00:07:44,454] {bash.py:177} INFO - Command exited with return code 0
[2021-04-25 00:07:44,619] {taskinstance.py:1192} INFO - Marking task as SUCCESS. dag_id=bash_operator_dag, task_id=first_task, execution_date=20210204T000000, start_date=20210425T000743, end_date=20210425T000744
[2021-04-25 00:07:44,809] {taskinstance.py:1246} INFO - 1 downstream tasks scheduled from follow-on schedule check
[2021-04-25 00:07:44,842] {local_task_job.py:146} INFO - Task exited with return code 0
[2021-04-25 00:44:15,813] {taskinstance.py:877} INFO - Dependencies all met for <TaskInstance: bash_operator_dag.first_task 2021-02-04T00:00:00+00:00 [queued]>
[2021-04-25 00:44:15,865] {taskinstance.py:877} INFO - Dependencies all met for <TaskInstance: bash_operator_dag.first_task 2021-02-04T00:00:00+00:00 [queued]>
[2021-04-25 00:44:15,866] {taskinstance.py:1068} INFO - 
--------------------------------------------------------------------------------
[2021-04-25 00:44:15,866] {taskinstance.py:1069} INFO - Starting attempt 1 of 3
[2021-04-25 00:44:15,867] {taskinstance.py:1070} INFO - 
--------------------------------------------------------------------------------
[2021-04-25 00:44:15,909] {taskinstance.py:1089} INFO - Executing <Task(BashOperator): first_task> on 2021-02-04T00:00:00+00:00
[2021-04-25 00:44:15,921] {standard_task_runner.py:52} INFO - Started process 2178 to run task
[2021-04-25 00:44:15,953] {standard_task_runner.py:76} INFO - Running: ['airflow', 'tasks', 'run', 'bash_operator_dag', 'first_task', '2021-02-04T00:00:00+00:00', '--job-id', '760', '--pool', 'default_pool', '--raw', '--subdir', 'DAGS_FOLDER/simple_bash_operator_dag.py', '--cfg-path', '/tmp/tmp5pm053jv', '--error-file', '/tmp/tmposqyejd8']
[2021-04-25 00:44:15,955] {standard_task_runner.py:77} INFO - Job 760: Subtask first_task
[2021-04-25 00:44:16,117] {logging_mixin.py:104} INFO - Running <TaskInstance: bash_operator_dag.first_task 2021-02-04T00:00:00+00:00 [running]> on host 4a00a306afdc
[2021-04-25 00:44:16,252] {taskinstance.py:1283} INFO - Exporting the following env vars:
AIRFLOW_CTX_DAG_OWNER=airflow
AIRFLOW_CTX_DAG_ID=bash_operator_dag
AIRFLOW_CTX_TASK_ID=first_task
AIRFLOW_CTX_EXECUTION_DATE=2021-02-04T00:00:00+00:00
AIRFLOW_CTX_DAG_RUN_ID=scheduled__2021-02-04T00:00:00+00:00
[2021-04-25 00:44:16,253] {bash.py:135} INFO - Tmp dir root location: 
 /tmp
[2021-04-25 00:44:16,259] {bash.py:158} INFO - Running command: echo "testing first bash operator"
[2021-04-25 00:44:16,280] {bash.py:169} INFO - Output:
[2021-04-25 00:44:16,283] {bash.py:173} INFO - testing first bash operator
[2021-04-25 00:44:16,285] {bash.py:177} INFO - Command exited with return code 0
[2021-04-25 00:44:16,373] {taskinstance.py:1192} INFO - Marking task as SUCCESS. dag_id=bash_operator_dag, task_id=first_task, execution_date=20210204T000000, start_date=20210425T004415, end_date=20210425T004416
[2021-04-25 00:44:16,476] {taskinstance.py:1246} INFO - 1 downstream tasks scheduled from follow-on schedule check
[2021-04-25 00:44:16,524] {local_task_job.py:146} INFO - Task exited with return code 0
