[2021-04-25 00:05:26,974] {taskinstance.py:877} INFO - Dependencies all met for <TaskInstance: bash_operator_dag.second_task 2021-03-22T00:00:00+00:00 [queued]>
[2021-04-25 00:05:27,016] {taskinstance.py:877} INFO - Dependencies all met for <TaskInstance: bash_operator_dag.second_task 2021-03-22T00:00:00+00:00 [queued]>
[2021-04-25 00:05:27,017] {taskinstance.py:1068} INFO - 
--------------------------------------------------------------------------------
[2021-04-25 00:05:27,018] {taskinstance.py:1069} INFO - Starting attempt 1 of 1
[2021-04-25 00:05:27,018] {taskinstance.py:1070} INFO - 
--------------------------------------------------------------------------------
[2021-04-25 00:05:27,061] {taskinstance.py:1089} INFO - Executing <Task(BashOperator): second_task> on 2021-03-22T00:00:00+00:00
[2021-04-25 00:05:27,068] {standard_task_runner.py:52} INFO - Started process 1226 to run task
[2021-04-25 00:05:27,082] {standard_task_runner.py:76} INFO - Running: ['airflow', 'tasks', 'run', 'bash_operator_dag', 'second_task', '2021-03-22T00:00:00+00:00', '--job-id', '443', '--pool', 'default_pool', '--raw', '--subdir', 'DAGS_FOLDER/simple_bash_operator_dag.py', '--cfg-path', '/tmp/tmp8dt8qr6a', '--error-file', '/tmp/tmpe76jxaol']
[2021-04-25 00:05:27,082] {standard_task_runner.py:77} INFO - Job 443: Subtask second_task
[2021-04-25 00:05:27,176] {logging_mixin.py:104} INFO - Running <TaskInstance: bash_operator_dag.second_task 2021-03-22T00:00:00+00:00 [running]> on host 4a00a306afdc
[2021-04-25 00:05:27,280] {taskinstance.py:1283} INFO - Exporting the following env vars:
AIRFLOW_CTX_DAG_OWNER=airflow
AIRFLOW_CTX_DAG_ID=bash_operator_dag
AIRFLOW_CTX_TASK_ID=second_task
AIRFLOW_CTX_EXECUTION_DATE=2021-03-22T00:00:00+00:00
AIRFLOW_CTX_DAG_RUN_ID=scheduled__2021-03-22T00:00:00+00:00
[2021-04-25 00:05:27,281] {bash.py:135} INFO - Tmp dir root location: 
 /tmp
[2021-04-25 00:05:27,288] {bash.py:158} INFO - Running command: echo "testing second bash operator"
[2021-04-25 00:05:27,303] {bash.py:169} INFO - Output:
[2021-04-25 00:05:27,306] {bash.py:173} INFO - testing second bash operator
[2021-04-25 00:05:27,307] {bash.py:177} INFO - Command exited with return code 0
[2021-04-25 00:05:27,362] {taskinstance.py:1192} INFO - Marking task as SUCCESS. dag_id=bash_operator_dag, task_id=second_task, execution_date=20210322T000000, start_date=20210425T000526, end_date=20210425T000527
[2021-04-25 00:05:27,436] {taskinstance.py:1246} INFO - 0 downstream tasks scheduled from follow-on schedule check
[2021-04-25 00:05:27,455] {local_task_job.py:146} INFO - Task exited with return code 0
[2021-04-25 00:08:34,942] {taskinstance.py:877} INFO - Dependencies all met for <TaskInstance: bash_operator_dag.second_task 2021-03-22T00:00:00+00:00 [queued]>
[2021-04-25 00:08:34,990] {taskinstance.py:877} INFO - Dependencies all met for <TaskInstance: bash_operator_dag.second_task 2021-03-22T00:00:00+00:00 [queued]>
[2021-04-25 00:08:34,992] {taskinstance.py:1068} INFO - 
--------------------------------------------------------------------------------
[2021-04-25 00:08:34,993] {taskinstance.py:1069} INFO - Starting attempt 1 of 3
[2021-04-25 00:08:34,994] {taskinstance.py:1070} INFO - 
--------------------------------------------------------------------------------
[2021-04-25 00:08:35,047] {taskinstance.py:1089} INFO - Executing <Task(BashOperator): second_task> on 2021-03-22T00:00:00+00:00
[2021-04-25 00:08:35,067] {standard_task_runner.py:76} INFO - Running: ['airflow', 'tasks', 'run', 'bash_operator_dag', 'second_task', '2021-03-22T00:00:00+00:00', '--job-id', '630', '--pool', 'default_pool', '--raw', '--subdir', 'DAGS_FOLDER/simple_bash_operator_dag.py', '--cfg-path', '/tmp/tmpchbtdyjd', '--error-file', '/tmp/tmpc9uktg9f']
[2021-04-25 00:08:35,069] {standard_task_runner.py:77} INFO - Job 630: Subtask second_task
[2021-04-25 00:08:35,055] {standard_task_runner.py:52} INFO - Started process 1783 to run task
[2021-04-25 00:08:35,186] {logging_mixin.py:104} INFO - Running <TaskInstance: bash_operator_dag.second_task 2021-03-22T00:00:00+00:00 [running]> on host 4a00a306afdc
[2021-04-25 00:08:35,330] {taskinstance.py:1283} INFO - Exporting the following env vars:
AIRFLOW_CTX_DAG_OWNER=airflow
AIRFLOW_CTX_DAG_ID=bash_operator_dag
AIRFLOW_CTX_TASK_ID=second_task
AIRFLOW_CTX_EXECUTION_DATE=2021-03-22T00:00:00+00:00
AIRFLOW_CTX_DAG_RUN_ID=scheduled__2021-03-22T00:00:00+00:00
[2021-04-25 00:08:35,332] {bash.py:135} INFO - Tmp dir root location: 
 /tmp
[2021-04-25 00:08:35,335] {bash.py:158} INFO - Running command: echo "testing second bash operator"
[2021-04-25 00:08:35,368] {bash.py:169} INFO - Output:
[2021-04-25 00:08:35,368] {bash.py:173} INFO - testing second bash operator
[2021-04-25 00:08:35,370] {bash.py:177} INFO - Command exited with return code 0
[2021-04-25 00:08:35,463] {taskinstance.py:1192} INFO - Marking task as SUCCESS. dag_id=bash_operator_dag, task_id=second_task, execution_date=20210322T000000, start_date=20210425T000834, end_date=20210425T000835
[2021-04-25 00:08:35,547] {taskinstance.py:1246} INFO - 0 downstream tasks scheduled from follow-on schedule check
[2021-04-25 00:08:35,611] {local_task_job.py:146} INFO - Task exited with return code 0
