[2021-04-25 00:05:25,195] {taskinstance.py:877} INFO - Dependencies all met for <TaskInstance: bash_operator_dag.second_task 2021-03-19T00:00:00+00:00 [queued]>
[2021-04-25 00:05:25,220] {taskinstance.py:877} INFO - Dependencies all met for <TaskInstance: bash_operator_dag.second_task 2021-03-19T00:00:00+00:00 [queued]>
[2021-04-25 00:05:25,220] {taskinstance.py:1068} INFO - 
--------------------------------------------------------------------------------
[2021-04-25 00:05:25,220] {taskinstance.py:1069} INFO - Starting attempt 1 of 1
[2021-04-25 00:05:25,220] {taskinstance.py:1070} INFO - 
--------------------------------------------------------------------------------
[2021-04-25 00:05:25,249] {taskinstance.py:1089} INFO - Executing <Task(BashOperator): second_task> on 2021-03-19T00:00:00+00:00
[2021-04-25 00:05:25,261] {standard_task_runner.py:52} INFO - Started process 1208 to run task
[2021-04-25 00:05:25,282] {standard_task_runner.py:76} INFO - Running: ['airflow', 'tasks', 'run', 'bash_operator_dag', 'second_task', '2021-03-19T00:00:00+00:00', '--job-id', '437', '--pool', 'default_pool', '--raw', '--subdir', 'DAGS_FOLDER/simple_bash_operator_dag.py', '--cfg-path', '/tmp/tmpixxa8j_g', '--error-file', '/tmp/tmpd1e1c24c']
[2021-04-25 00:05:25,283] {standard_task_runner.py:77} INFO - Job 437: Subtask second_task
[2021-04-25 00:05:25,372] {logging_mixin.py:104} INFO - Running <TaskInstance: bash_operator_dag.second_task 2021-03-19T00:00:00+00:00 [running]> on host 4a00a306afdc
[2021-04-25 00:05:25,490] {taskinstance.py:1283} INFO - Exporting the following env vars:
AIRFLOW_CTX_DAG_OWNER=airflow
AIRFLOW_CTX_DAG_ID=bash_operator_dag
AIRFLOW_CTX_TASK_ID=second_task
AIRFLOW_CTX_EXECUTION_DATE=2021-03-19T00:00:00+00:00
AIRFLOW_CTX_DAG_RUN_ID=scheduled__2021-03-19T00:00:00+00:00
[2021-04-25 00:05:25,491] {bash.py:135} INFO - Tmp dir root location: 
 /tmp
[2021-04-25 00:05:25,498] {bash.py:158} INFO - Running command: echo "testing second bash operator"
[2021-04-25 00:05:25,531] {bash.py:169} INFO - Output:
[2021-04-25 00:05:25,532] {bash.py:173} INFO - testing second bash operator
[2021-04-25 00:05:25,533] {bash.py:177} INFO - Command exited with return code 0
[2021-04-25 00:05:25,669] {taskinstance.py:1192} INFO - Marking task as SUCCESS. dag_id=bash_operator_dag, task_id=second_task, execution_date=20210319T000000, start_date=20210425T000525, end_date=20210425T000525
[2021-04-25 00:05:25,756] {taskinstance.py:1246} INFO - 0 downstream tasks scheduled from follow-on schedule check
[2021-04-25 00:05:25,785] {local_task_job.py:146} INFO - Task exited with return code 0
[2021-04-25 00:08:32,738] {taskinstance.py:877} INFO - Dependencies all met for <TaskInstance: bash_operator_dag.second_task 2021-03-19T00:00:00+00:00 [queued]>
[2021-04-25 00:08:32,787] {taskinstance.py:877} INFO - Dependencies all met for <TaskInstance: bash_operator_dag.second_task 2021-03-19T00:00:00+00:00 [queued]>
[2021-04-25 00:08:32,788] {taskinstance.py:1068} INFO - 
--------------------------------------------------------------------------------
[2021-04-25 00:08:32,788] {taskinstance.py:1069} INFO - Starting attempt 1 of 3
[2021-04-25 00:08:32,788] {taskinstance.py:1070} INFO - 
--------------------------------------------------------------------------------
[2021-04-25 00:08:32,852] {taskinstance.py:1089} INFO - Executing <Task(BashOperator): second_task> on 2021-03-19T00:00:00+00:00
[2021-04-25 00:08:32,858] {standard_task_runner.py:52} INFO - Started process 1767 to run task
[2021-04-25 00:08:32,878] {standard_task_runner.py:76} INFO - Running: ['airflow', 'tasks', 'run', 'bash_operator_dag', 'second_task', '2021-03-19T00:00:00+00:00', '--job-id', '624', '--pool', 'default_pool', '--raw', '--subdir', 'DAGS_FOLDER/simple_bash_operator_dag.py', '--cfg-path', '/tmp/tmpqededzxs', '--error-file', '/tmp/tmp_ov2i3pc']
[2021-04-25 00:08:32,879] {standard_task_runner.py:77} INFO - Job 624: Subtask second_task
[2021-04-25 00:08:33,029] {logging_mixin.py:104} INFO - Running <TaskInstance: bash_operator_dag.second_task 2021-03-19T00:00:00+00:00 [running]> on host 4a00a306afdc
[2021-04-25 00:08:33,148] {taskinstance.py:1283} INFO - Exporting the following env vars:
AIRFLOW_CTX_DAG_OWNER=airflow
AIRFLOW_CTX_DAG_ID=bash_operator_dag
AIRFLOW_CTX_TASK_ID=second_task
AIRFLOW_CTX_EXECUTION_DATE=2021-03-19T00:00:00+00:00
AIRFLOW_CTX_DAG_RUN_ID=scheduled__2021-03-19T00:00:00+00:00
[2021-04-25 00:08:33,150] {bash.py:135} INFO - Tmp dir root location: 
 /tmp
[2021-04-25 00:08:33,152] {bash.py:158} INFO - Running command: echo "testing second bash operator"
[2021-04-25 00:08:33,179] {bash.py:169} INFO - Output:
[2021-04-25 00:08:33,182] {bash.py:173} INFO - testing second bash operator
[2021-04-25 00:08:33,183] {bash.py:177} INFO - Command exited with return code 0
[2021-04-25 00:08:33,252] {taskinstance.py:1192} INFO - Marking task as SUCCESS. dag_id=bash_operator_dag, task_id=second_task, execution_date=20210319T000000, start_date=20210425T000832, end_date=20210425T000833
[2021-04-25 00:08:33,417] {taskinstance.py:1246} INFO - 0 downstream tasks scheduled from follow-on schedule check
[2021-04-25 00:08:33,461] {local_task_job.py:146} INFO - Task exited with return code 0
