[2021-04-25 07:39:31,651] {taskinstance.py:877} INFO - Dependencies all met for <TaskInstance: write_file_python_operator.fetch_and_write_a_file_task 2021-04-24T00:00:00+00:00 [queued]>
[2021-04-25 07:39:31,671] {taskinstance.py:877} INFO - Dependencies all met for <TaskInstance: write_file_python_operator.fetch_and_write_a_file_task 2021-04-24T00:00:00+00:00 [queued]>
[2021-04-25 07:39:31,672] {taskinstance.py:1068} INFO - 
--------------------------------------------------------------------------------
[2021-04-25 07:39:31,672] {taskinstance.py:1069} INFO - Starting attempt 1 of 3
[2021-04-25 07:39:31,672] {taskinstance.py:1070} INFO - 
--------------------------------------------------------------------------------
[2021-04-25 07:39:31,682] {taskinstance.py:1089} INFO - Executing <Task(PythonOperator): fetch_and_write_a_file_task> on 2021-04-24T00:00:00+00:00
[2021-04-25 07:39:31,686] {standard_task_runner.py:52} INFO - Started process 49 to run task
[2021-04-25 07:39:31,691] {standard_task_runner.py:76} INFO - Running: ['airflow', 'tasks', 'run', 'write_file_python_operator', 'fetch_and_write_a_file_task', '2021-04-24T00:00:00+00:00', '--job-id', '784', '--pool', 'default_pool', '--raw', '--subdir', 'DAGS_FOLDER/python_operator/write_file_python_operator.py', '--cfg-path', '/tmp/tmp7s1driqz', '--error-file', '/tmp/tmpi4ub7xf6']
[2021-04-25 07:39:31,691] {standard_task_runner.py:77} INFO - Job 784: Subtask fetch_and_write_a_file_task
[2021-04-25 07:39:31,741] {logging_mixin.py:104} INFO - Running <TaskInstance: write_file_python_operator.fetch_and_write_a_file_task 2021-04-24T00:00:00+00:00 [running]> on host d6e2455ef0ec
[2021-04-25 07:39:31,794] {taskinstance.py:1283} INFO - Exporting the following env vars:
AIRFLOW_CTX_DAG_OWNER=airflow
AIRFLOW_CTX_DAG_ID=write_file_python_operator
AIRFLOW_CTX_TASK_ID=fetch_and_write_a_file_task
AIRFLOW_CTX_EXECUTION_DATE=2021-04-24T00:00:00+00:00
AIRFLOW_CTX_DAG_RUN_ID=scheduled__2021-04-24T00:00:00+00:00
[2021-04-25 07:39:31,795] {taskinstance.py:1482} ERROR - Task failed with exception
Traceback (most recent call last):
  File "/home/airflow/.local/lib/python3.6/site-packages/airflow/models/taskinstance.py", line 1138, in _run_raw_task
    self._prepare_and_execute_task_with_callbacks(context, task)
  File "/home/airflow/.local/lib/python3.6/site-packages/airflow/models/taskinstance.py", line 1311, in _prepare_and_execute_task_with_callbacks
    result = self._execute_task(context, task_copy)
  File "/home/airflow/.local/lib/python3.6/site-packages/airflow/models/taskinstance.py", line 1341, in _execute_task
    result = task_copy.execute(context=context)
  File "/home/airflow/.local/lib/python3.6/site-packages/airflow/operators/python.py", line 117, in execute
    return_value = self.execute_callable()
  File "/home/airflow/.local/lib/python3.6/site-packages/airflow/operators/python.py", line 128, in execute_callable
    return self.python_callable(*self.op_args, **self.op_kwargs)
  File "/opt/airflow/dags/python_operator/write_file_python_operator.py", line 15, in fetch_and_write
    response = requests.get(url)
NameError: name 'requests' is not defined
[2021-04-25 07:39:31,802] {taskinstance.py:1532} INFO - Marking task as UP_FOR_RETRY. dag_id=write_file_python_operator, task_id=fetch_and_write_a_file_task, execution_date=20210424T000000, start_date=20210425T073931, end_date=20210425T073931
[2021-04-25 07:39:31,865] {local_task_job.py:146} INFO - Task exited with return code 1
[2021-04-25 09:08:32,116] {taskinstance.py:877} INFO - Dependencies all met for <TaskInstance: write_file_python_operator.fetch_and_write_a_file_task 2021-04-24T00:00:00+00:00 [queued]>
[2021-04-25 09:08:32,128] {taskinstance.py:877} INFO - Dependencies all met for <TaskInstance: write_file_python_operator.fetch_and_write_a_file_task 2021-04-24T00:00:00+00:00 [queued]>
[2021-04-25 09:08:32,128] {taskinstance.py:1068} INFO - 
--------------------------------------------------------------------------------
[2021-04-25 09:08:32,128] {taskinstance.py:1069} INFO - Starting attempt 1 of 3
[2021-04-25 09:08:32,128] {taskinstance.py:1070} INFO - 
--------------------------------------------------------------------------------
[2021-04-25 09:08:32,144] {taskinstance.py:1089} INFO - Executing <Task(PythonOperator): fetch_and_write_a_file_task> on 2021-04-24T00:00:00+00:00
[2021-04-25 09:08:32,149] {standard_task_runner.py:52} INFO - Started process 65 to run task
[2021-04-25 09:08:32,154] {standard_task_runner.py:76} INFO - Running: ['airflow', 'tasks', 'run', 'write_file_python_operator', 'fetch_and_write_a_file_task', '2021-04-24T00:00:00+00:00', '--job-id', '802', '--pool', 'default_pool', '--raw', '--subdir', 'DAGS_FOLDER/python_operator/write_file_python_operator.py', '--cfg-path', '/tmp/tmpkk64vaa6', '--error-file', '/tmp/tmpmgrehanh']
[2021-04-25 09:08:32,154] {standard_task_runner.py:77} INFO - Job 802: Subtask fetch_and_write_a_file_task
[2021-04-25 09:08:32,214] {logging_mixin.py:104} INFO - Running <TaskInstance: write_file_python_operator.fetch_and_write_a_file_task 2021-04-24T00:00:00+00:00 [running]> on host d6e2455ef0ec
[2021-04-25 09:08:32,257] {taskinstance.py:1283} INFO - Exporting the following env vars:
AIRFLOW_CTX_DAG_OWNER=airflow
AIRFLOW_CTX_DAG_ID=write_file_python_operator
AIRFLOW_CTX_TASK_ID=fetch_and_write_a_file_task
AIRFLOW_CTX_EXECUTION_DATE=2021-04-24T00:00:00+00:00
AIRFLOW_CTX_DAG_RUN_ID=scheduled__2021-04-24T00:00:00+00:00
[2021-04-25 09:08:33,081] {logging_mixin.py:104} INFO - Success fetch data from http://jsonplaceholder.typicode.com/todos and write to todo.json
[2021-04-25 09:08:33,082] {python.py:118} INFO - Done. Returned value was: None
[2021-04-25 09:08:33,096] {taskinstance.py:1192} INFO - Marking task as SUCCESS. dag_id=write_file_python_operator, task_id=fetch_and_write_a_file_task, execution_date=20210424T000000, start_date=20210425T090832, end_date=20210425T090833
[2021-04-25 09:08:33,125] {taskinstance.py:1246} INFO - 0 downstream tasks scheduled from follow-on schedule check
[2021-04-25 09:08:33,134] {local_task_job.py:146} INFO - Task exited with return code 0
[2021-04-25 09:16:02,029] {taskinstance.py:877} INFO - Dependencies all met for <TaskInstance: write_file_python_operator.fetch_and_write_a_file_task 2021-04-24T00:00:00+00:00 [queued]>
[2021-04-25 09:16:02,041] {taskinstance.py:877} INFO - Dependencies all met for <TaskInstance: write_file_python_operator.fetch_and_write_a_file_task 2021-04-24T00:00:00+00:00 [queued]>
[2021-04-25 09:16:02,041] {taskinstance.py:1068} INFO - 
--------------------------------------------------------------------------------
[2021-04-25 09:16:02,041] {taskinstance.py:1069} INFO - Starting attempt 1 of 3
[2021-04-25 09:16:02,041] {taskinstance.py:1070} INFO - 
--------------------------------------------------------------------------------
[2021-04-25 09:16:02,056] {taskinstance.py:1089} INFO - Executing <Task(PythonOperator): fetch_and_write_a_file_task> on 2021-04-24T00:00:00+00:00
[2021-04-25 09:16:02,061] {standard_task_runner.py:52} INFO - Started process 71 to run task
[2021-04-25 09:16:02,067] {standard_task_runner.py:76} INFO - Running: ['airflow', 'tasks', 'run', 'write_file_python_operator', 'fetch_and_write_a_file_task', '2021-04-24T00:00:00+00:00', '--job-id', '805', '--pool', 'default_pool', '--raw', '--subdir', 'DAGS_FOLDER/python_operator/write_file_python_operator.py', '--cfg-path', '/tmp/tmpz0f3pg1t', '--error-file', '/tmp/tmp_w7k0azw']
[2021-04-25 09:16:02,067] {standard_task_runner.py:77} INFO - Job 805: Subtask fetch_and_write_a_file_task
[2021-04-25 09:16:02,118] {logging_mixin.py:104} INFO - Running <TaskInstance: write_file_python_operator.fetch_and_write_a_file_task 2021-04-24T00:00:00+00:00 [running]> on host d6e2455ef0ec
[2021-04-25 09:16:02,170] {taskinstance.py:1283} INFO - Exporting the following env vars:
AIRFLOW_CTX_DAG_OWNER=airflow
AIRFLOW_CTX_DAG_ID=write_file_python_operator
AIRFLOW_CTX_TASK_ID=fetch_and_write_a_file_task
AIRFLOW_CTX_EXECUTION_DATE=2021-04-24T00:00:00+00:00
AIRFLOW_CTX_DAG_RUN_ID=scheduled__2021-04-24T00:00:00+00:00
[2021-04-25 09:16:02,805] {logging_mixin.py:104} INFO - Success fetch data from http://jsonplaceholder.typicode.com/todos and write to todo.json
[2021-04-25 09:16:02,805] {python.py:118} INFO - Done. Returned value was: None
[2021-04-25 09:16:02,818] {taskinstance.py:1192} INFO - Marking task as SUCCESS. dag_id=write_file_python_operator, task_id=fetch_and_write_a_file_task, execution_date=20210424T000000, start_date=20210425T091602, end_date=20210425T091602
[2021-04-25 09:16:02,846] {taskinstance.py:1246} INFO - 0 downstream tasks scheduled from follow-on schedule check
[2021-04-25 09:16:02,887] {local_task_job.py:146} INFO - Task exited with return code 0
[2021-04-25 09:19:40,226] {taskinstance.py:877} INFO - Dependencies all met for <TaskInstance: write_file_python_operator.fetch_and_write_a_file_task 2021-04-24T00:00:00+00:00 [queued]>
[2021-04-25 09:19:40,242] {taskinstance.py:877} INFO - Dependencies all met for <TaskInstance: write_file_python_operator.fetch_and_write_a_file_task 2021-04-24T00:00:00+00:00 [queued]>
[2021-04-25 09:19:40,242] {taskinstance.py:1068} INFO - 
--------------------------------------------------------------------------------
[2021-04-25 09:19:40,243] {taskinstance.py:1069} INFO - Starting attempt 1 of 3
[2021-04-25 09:19:40,243] {taskinstance.py:1070} INFO - 
--------------------------------------------------------------------------------
[2021-04-25 09:19:40,263] {taskinstance.py:1089} INFO - Executing <Task(PythonOperator): fetch_and_write_a_file_task> on 2021-04-24T00:00:00+00:00
[2021-04-25 09:19:40,269] {standard_task_runner.py:52} INFO - Started process 79 to run task
[2021-04-25 09:19:40,274] {standard_task_runner.py:76} INFO - Running: ['airflow', 'tasks', 'run', 'write_file_python_operator', 'fetch_and_write_a_file_task', '2021-04-24T00:00:00+00:00', '--job-id', '809', '--pool', 'default_pool', '--raw', '--subdir', 'DAGS_FOLDER/python_operator/write_file_python_operator.py', '--cfg-path', '/tmp/tmpa17vfwn_', '--error-file', '/tmp/tmp1xp50xrg']
[2021-04-25 09:19:40,275] {standard_task_runner.py:77} INFO - Job 809: Subtask fetch_and_write_a_file_task
[2021-04-25 09:19:40,336] {logging_mixin.py:104} INFO - Running <TaskInstance: write_file_python_operator.fetch_and_write_a_file_task 2021-04-24T00:00:00+00:00 [running]> on host d6e2455ef0ec
[2021-04-25 09:19:40,384] {taskinstance.py:1283} INFO - Exporting the following env vars:
AIRFLOW_CTX_DAG_OWNER=airflow
AIRFLOW_CTX_DAG_ID=write_file_python_operator
AIRFLOW_CTX_TASK_ID=fetch_and_write_a_file_task
AIRFLOW_CTX_EXECUTION_DATE=2021-04-24T00:00:00+00:00
AIRFLOW_CTX_DAG_RUN_ID=scheduled__2021-04-24T00:00:00+00:00
[2021-04-25 09:19:40,726] {logging_mixin.py:104} INFO - Success fetch data from http://jsonplaceholder.typicode.com/todos and write to todo.json
[2021-04-25 09:19:40,727] {python.py:118} INFO - Done. Returned value was: None
[2021-04-25 09:19:40,750] {taskinstance.py:1192} INFO - Marking task as SUCCESS. dag_id=write_file_python_operator, task_id=fetch_and_write_a_file_task, execution_date=20210424T000000, start_date=20210425T091940, end_date=20210425T091940
[2021-04-25 09:19:40,797] {taskinstance.py:1246} INFO - 0 downstream tasks scheduled from follow-on schedule check
[2021-04-25 09:19:40,811] {local_task_job.py:146} INFO - Task exited with return code 0
[2021-04-25 09:25:00,737] {taskinstance.py:877} INFO - Dependencies all met for <TaskInstance: write_file_python_operator.fetch_and_write_a_file_task 2021-04-24T00:00:00+00:00 [queued]>
[2021-04-25 09:25:00,750] {taskinstance.py:877} INFO - Dependencies all met for <TaskInstance: write_file_python_operator.fetch_and_write_a_file_task 2021-04-24T00:00:00+00:00 [queued]>
[2021-04-25 09:25:00,750] {taskinstance.py:1068} INFO - 
--------------------------------------------------------------------------------
[2021-04-25 09:25:00,750] {taskinstance.py:1069} INFO - Starting attempt 1 of 3
[2021-04-25 09:25:00,750] {taskinstance.py:1070} INFO - 
--------------------------------------------------------------------------------
[2021-04-25 09:25:00,767] {taskinstance.py:1089} INFO - Executing <Task(PythonOperator): fetch_and_write_a_file_task> on 2021-04-24T00:00:00+00:00
[2021-04-25 09:25:00,771] {standard_task_runner.py:52} INFO - Started process 87 to run task
[2021-04-25 09:25:00,775] {standard_task_runner.py:76} INFO - Running: ['airflow', 'tasks', 'run', 'write_file_python_operator', 'fetch_and_write_a_file_task', '2021-04-24T00:00:00+00:00', '--job-id', '813', '--pool', 'default_pool', '--raw', '--subdir', 'DAGS_FOLDER/python_operator/write_file_python_operator.py', '--cfg-path', '/tmp/tmp9xshcv7d', '--error-file', '/tmp/tmpiq27zapv']
[2021-04-25 09:25:00,776] {standard_task_runner.py:77} INFO - Job 813: Subtask fetch_and_write_a_file_task
[2021-04-25 09:25:00,831] {logging_mixin.py:104} INFO - Running <TaskInstance: write_file_python_operator.fetch_and_write_a_file_task 2021-04-24T00:00:00+00:00 [running]> on host d6e2455ef0ec
[2021-04-25 09:25:00,887] {taskinstance.py:1283} INFO - Exporting the following env vars:
AIRFLOW_CTX_DAG_OWNER=airflow
AIRFLOW_CTX_DAG_ID=write_file_python_operator
AIRFLOW_CTX_TASK_ID=fetch_and_write_a_file_task
AIRFLOW_CTX_EXECUTION_DATE=2021-04-24T00:00:00+00:00
AIRFLOW_CTX_DAG_RUN_ID=scheduled__2021-04-24T00:00:00+00:00
[2021-04-25 09:25:01,258] {logging_mixin.py:104} INFO - Success fetch data from http://jsonplaceholder.typicode.com/todos and write to todo.json
[2021-04-25 09:25:01,259] {python.py:118} INFO - Done. Returned value was: None
[2021-04-25 09:25:01,271] {taskinstance.py:1192} INFO - Marking task as SUCCESS. dag_id=write_file_python_operator, task_id=fetch_and_write_a_file_task, execution_date=20210424T000000, start_date=20210425T092500, end_date=20210425T092501
[2021-04-25 09:25:01,299] {taskinstance.py:1246} INFO - 0 downstream tasks scheduled from follow-on schedule check
[2021-04-25 09:25:01,310] {local_task_job.py:146} INFO - Task exited with return code 0
[2021-04-25 09:29:10,905] {taskinstance.py:877} INFO - Dependencies all met for <TaskInstance: write_file_python_operator.fetch_and_write_a_file_task 2021-04-24T00:00:00+00:00 [queued]>
[2021-04-25 09:29:10,923] {taskinstance.py:877} INFO - Dependencies all met for <TaskInstance: write_file_python_operator.fetch_and_write_a_file_task 2021-04-24T00:00:00+00:00 [queued]>
[2021-04-25 09:29:10,923] {taskinstance.py:1068} INFO - 
--------------------------------------------------------------------------------
[2021-04-25 09:29:10,924] {taskinstance.py:1069} INFO - Starting attempt 1 of 3
[2021-04-25 09:29:10,924] {taskinstance.py:1070} INFO - 
--------------------------------------------------------------------------------
[2021-04-25 09:29:10,946] {taskinstance.py:1089} INFO - Executing <Task(PythonOperator): fetch_and_write_a_file_task> on 2021-04-24T00:00:00+00:00
[2021-04-25 09:29:10,954] {standard_task_runner.py:52} INFO - Started process 97 to run task
[2021-04-25 09:29:10,959] {standard_task_runner.py:76} INFO - Running: ['airflow', 'tasks', 'run', 'write_file_python_operator', 'fetch_and_write_a_file_task', '2021-04-24T00:00:00+00:00', '--job-id', '818', '--pool', 'default_pool', '--raw', '--subdir', 'DAGS_FOLDER/python_operator/write_file_python_operator.py', '--cfg-path', '/tmp/tmphe03os52', '--error-file', '/tmp/tmp1s56iuem']
[2021-04-25 09:29:10,960] {standard_task_runner.py:77} INFO - Job 818: Subtask fetch_and_write_a_file_task
[2021-04-25 09:29:11,032] {logging_mixin.py:104} INFO - Running <TaskInstance: write_file_python_operator.fetch_and_write_a_file_task 2021-04-24T00:00:00+00:00 [running]> on host d6e2455ef0ec
[2021-04-25 09:29:11,083] {taskinstance.py:1283} INFO - Exporting the following env vars:
AIRFLOW_CTX_DAG_OWNER=airflow
AIRFLOW_CTX_DAG_ID=write_file_python_operator
AIRFLOW_CTX_TASK_ID=fetch_and_write_a_file_task
AIRFLOW_CTX_EXECUTION_DATE=2021-04-24T00:00:00+00:00
AIRFLOW_CTX_DAG_RUN_ID=scheduled__2021-04-24T00:00:00+00:00
[2021-04-25 09:29:12,006] {logging_mixin.py:104} INFO - Success fetch data from http://jsonplaceholder.typicode.com/todos and write to todo.json
[2021-04-25 09:29:12,007] {python.py:118} INFO - Done. Returned value was: None
[2021-04-25 09:29:12,022] {taskinstance.py:1192} INFO - Marking task as SUCCESS. dag_id=write_file_python_operator, task_id=fetch_and_write_a_file_task, execution_date=20210424T000000, start_date=20210425T092910, end_date=20210425T092912
[2021-04-25 09:29:12,056] {taskinstance.py:1246} INFO - 0 downstream tasks scheduled from follow-on schedule check
[2021-04-25 09:29:12,099] {local_task_job.py:146} INFO - Task exited with return code 0
[2021-04-25 09:35:43,034] {taskinstance.py:877} INFO - Dependencies all met for <TaskInstance: write_file_python_operator.fetch_and_write_a_file_task 2021-04-24T00:00:00+00:00 [queued]>
[2021-04-25 09:35:43,067] {taskinstance.py:877} INFO - Dependencies all met for <TaskInstance: write_file_python_operator.fetch_and_write_a_file_task 2021-04-24T00:00:00+00:00 [queued]>
[2021-04-25 09:35:43,068] {taskinstance.py:1068} INFO - 
--------------------------------------------------------------------------------
[2021-04-25 09:35:43,068] {taskinstance.py:1069} INFO - Starting attempt 1 of 3
[2021-04-25 09:35:43,068] {taskinstance.py:1070} INFO - 
--------------------------------------------------------------------------------
[2021-04-25 09:35:43,090] {taskinstance.py:1089} INFO - Executing <Task(PythonOperator): fetch_and_write_a_file_task> on 2021-04-24T00:00:00+00:00
[2021-04-25 09:35:43,103] {standard_task_runner.py:76} INFO - Running: ['airflow', 'tasks', 'run', 'write_file_python_operator', 'fetch_and_write_a_file_task', '2021-04-24T00:00:00+00:00', '--job-id', '821', '--pool', 'default_pool', '--raw', '--subdir', 'DAGS_FOLDER/python_operator/write_file_python_operator.py', '--cfg-path', '/tmp/tmpe43aeb8x', '--error-file', '/tmp/tmpj0cam67x']
[2021-04-25 09:35:43,104] {standard_task_runner.py:77} INFO - Job 821: Subtask fetch_and_write_a_file_task
[2021-04-25 09:35:43,097] {standard_task_runner.py:52} INFO - Started process 51 to run task
[2021-04-25 09:35:43,173] {logging_mixin.py:104} INFO - Running <TaskInstance: write_file_python_operator.fetch_and_write_a_file_task 2021-04-24T00:00:00+00:00 [running]> on host d6e2455ef0ec
[2021-04-25 09:35:43,243] {taskinstance.py:1283} INFO - Exporting the following env vars:
AIRFLOW_CTX_DAG_OWNER=airflow
AIRFLOW_CTX_DAG_ID=write_file_python_operator
AIRFLOW_CTX_TASK_ID=fetch_and_write_a_file_task
AIRFLOW_CTX_EXECUTION_DATE=2021-04-24T00:00:00+00:00
AIRFLOW_CTX_DAG_RUN_ID=scheduled__2021-04-24T00:00:00+00:00
[2021-04-25 09:35:43,656] {logging_mixin.py:104} INFO - Success fetch data from http://jsonplaceholder.typicode.com/todos and write to todo.json
[2021-04-25 09:35:43,657] {python.py:118} INFO - Done. Returned value was: None
[2021-04-25 09:35:43,679] {taskinstance.py:1192} INFO - Marking task as SUCCESS. dag_id=write_file_python_operator, task_id=fetch_and_write_a_file_task, execution_date=20210424T000000, start_date=20210425T093543, end_date=20210425T093543
[2021-04-25 09:35:43,757] {taskinstance.py:1246} INFO - 0 downstream tasks scheduled from follow-on schedule check
[2021-04-25 09:35:43,808] {local_task_job.py:146} INFO - Task exited with return code 0
[2021-04-25 09:49:46,911] {taskinstance.py:877} INFO - Dependencies all met for <TaskInstance: write_file_python_operator.fetch_and_write_a_file_task 2021-04-24T00:00:00+00:00 [queued]>
[2021-04-25 09:49:46,930] {taskinstance.py:877} INFO - Dependencies all met for <TaskInstance: write_file_python_operator.fetch_and_write_a_file_task 2021-04-24T00:00:00+00:00 [queued]>
[2021-04-25 09:49:46,931] {taskinstance.py:1068} INFO - 
--------------------------------------------------------------------------------
[2021-04-25 09:49:46,931] {taskinstance.py:1069} INFO - Starting attempt 1 of 3
[2021-04-25 09:49:46,931] {taskinstance.py:1070} INFO - 
--------------------------------------------------------------------------------
[2021-04-25 09:49:46,955] {taskinstance.py:1089} INFO - Executing <Task(PythonOperator): fetch_and_write_a_file_task> on 2021-04-24T00:00:00+00:00
[2021-04-25 09:49:46,960] {standard_task_runner.py:52} INFO - Started process 63 to run task
[2021-04-25 09:49:46,967] {standard_task_runner.py:76} INFO - Running: ['airflow', 'tasks', 'run', 'write_file_python_operator', 'fetch_and_write_a_file_task', '2021-04-24T00:00:00+00:00', '--job-id', '827', '--pool', 'default_pool', '--raw', '--subdir', 'DAGS_FOLDER/python_operator/write_file_python_operator.py', '--cfg-path', '/tmp/tmpa9yw9mq8', '--error-file', '/tmp/tmp3nz4gvxc']
[2021-04-25 09:49:46,968] {standard_task_runner.py:77} INFO - Job 827: Subtask fetch_and_write_a_file_task
[2021-04-25 09:49:47,037] {logging_mixin.py:104} INFO - Running <TaskInstance: write_file_python_operator.fetch_and_write_a_file_task 2021-04-24T00:00:00+00:00 [running]> on host d6e2455ef0ec
[2021-04-25 09:49:47,134] {taskinstance.py:1283} INFO - Exporting the following env vars:
AIRFLOW_CTX_DAG_OWNER=airflow
AIRFLOW_CTX_DAG_ID=write_file_python_operator
AIRFLOW_CTX_TASK_ID=fetch_and_write_a_file_task
AIRFLOW_CTX_EXECUTION_DATE=2021-04-24T00:00:00+00:00
AIRFLOW_CTX_DAG_RUN_ID=scheduled__2021-04-24T00:00:00+00:00
[2021-04-25 09:49:47,866] {logging_mixin.py:104} INFO - Success fetch data from http://jsonplaceholder.typicode.com/todos and write to todo.json
[2021-04-25 09:49:47,866] {python.py:118} INFO - Done. Returned value was: None
[2021-04-25 09:49:47,885] {taskinstance.py:1192} INFO - Marking task as SUCCESS. dag_id=write_file_python_operator, task_id=fetch_and_write_a_file_task, execution_date=20210424T000000, start_date=20210425T094946, end_date=20210425T094947
[2021-04-25 09:49:47,928] {taskinstance.py:1246} INFO - 0 downstream tasks scheduled from follow-on schedule check
[2021-04-25 09:49:47,951] {local_task_job.py:146} INFO - Task exited with return code 0
[2021-04-25 10:24:40,137] {taskinstance.py:877} INFO - Dependencies all met for <TaskInstance: write_file_python_operator.fetch_and_write_a_file_task 2021-04-24T00:00:00+00:00 [queued]>
[2021-04-25 10:24:40,165] {taskinstance.py:877} INFO - Dependencies all met for <TaskInstance: write_file_python_operator.fetch_and_write_a_file_task 2021-04-24T00:00:00+00:00 [queued]>
[2021-04-25 10:24:40,166] {taskinstance.py:1068} INFO - 
--------------------------------------------------------------------------------
[2021-04-25 10:24:40,166] {taskinstance.py:1069} INFO - Starting attempt 1 of 3
[2021-04-25 10:24:40,166] {taskinstance.py:1070} INFO - 
--------------------------------------------------------------------------------
[2021-04-25 10:24:40,178] {taskinstance.py:1089} INFO - Executing <Task(PythonOperator): fetch_and_write_a_file_task> on 2021-04-24T00:00:00+00:00
[2021-04-25 10:24:40,185] {standard_task_runner.py:52} INFO - Started process 71 to run task
[2021-04-25 10:24:40,190] {standard_task_runner.py:76} INFO - Running: ['airflow', 'tasks', 'run', 'write_file_python_operator', 'fetch_and_write_a_file_task', '2021-04-24T00:00:00+00:00', '--job-id', '845', '--pool', 'default_pool', '--raw', '--subdir', 'DAGS_FOLDER/python_operator/write_file_python_operator.py', '--cfg-path', '/tmp/tmps91w5buh', '--error-file', '/tmp/tmp5yk6c6h8']
[2021-04-25 10:24:40,191] {standard_task_runner.py:77} INFO - Job 845: Subtask fetch_and_write_a_file_task
[2021-04-25 10:24:40,249] {logging_mixin.py:104} INFO - Running <TaskInstance: write_file_python_operator.fetch_and_write_a_file_task 2021-04-24T00:00:00+00:00 [running]> on host d6e2455ef0ec
[2021-04-25 10:24:40,321] {taskinstance.py:1283} INFO - Exporting the following env vars:
AIRFLOW_CTX_DAG_OWNER=airflow
AIRFLOW_CTX_DAG_ID=write_file_python_operator
AIRFLOW_CTX_TASK_ID=fetch_and_write_a_file_task
AIRFLOW_CTX_EXECUTION_DATE=2021-04-24T00:00:00+00:00
AIRFLOW_CTX_DAG_RUN_ID=scheduled__2021-04-24T00:00:00+00:00
[2021-04-25 10:24:40,763] {logging_mixin.py:104} INFO - Success fetch data from http://jsonplaceholder.typicode.com/todos and write to todo.json
[2021-04-25 10:24:40,764] {python.py:118} INFO - Done. Returned value was: None
[2021-04-25 10:24:40,781] {taskinstance.py:1192} INFO - Marking task as SUCCESS. dag_id=write_file_python_operator, task_id=fetch_and_write_a_file_task, execution_date=20210424T000000, start_date=20210425T102440, end_date=20210425T102440
[2021-04-25 10:24:40,823] {taskinstance.py:1246} INFO - 0 downstream tasks scheduled from follow-on schedule check
[2021-04-25 10:24:40,851] {local_task_job.py:146} INFO - Task exited with return code 0
[2021-04-25 10:43:41,906] {taskinstance.py:877} INFO - Dependencies all met for <TaskInstance: write_file_python_operator.fetch_and_write_a_file_task 2021-04-24T00:00:00+00:00 [queued]>
[2021-04-25 10:43:41,922] {taskinstance.py:877} INFO - Dependencies all met for <TaskInstance: write_file_python_operator.fetch_and_write_a_file_task 2021-04-24T00:00:00+00:00 [queued]>
[2021-04-25 10:43:41,922] {taskinstance.py:1068} INFO - 
--------------------------------------------------------------------------------
[2021-04-25 10:43:41,923] {taskinstance.py:1069} INFO - Starting attempt 1 of 3
[2021-04-25 10:43:41,923] {taskinstance.py:1070} INFO - 
--------------------------------------------------------------------------------
[2021-04-25 10:43:41,931] {taskinstance.py:1089} INFO - Executing <Task(PythonOperator): fetch_and_write_a_file_task> on 2021-04-24T00:00:00+00:00
[2021-04-25 10:43:41,935] {standard_task_runner.py:52} INFO - Started process 79 to run task
[2021-04-25 10:43:41,938] {standard_task_runner.py:76} INFO - Running: ['airflow', 'tasks', 'run', 'write_file_python_operator', 'fetch_and_write_a_file_task', '2021-04-24T00:00:00+00:00', '--job-id', '849', '--pool', 'default_pool', '--raw', '--subdir', 'DAGS_FOLDER/python_operator/write_file_python_operator.py', '--cfg-path', '/tmp/tmp82e6cfsm', '--error-file', '/tmp/tmpfgw2f0yh']
[2021-04-25 10:43:41,939] {standard_task_runner.py:77} INFO - Job 849: Subtask fetch_and_write_a_file_task
[2021-04-25 10:43:41,990] {logging_mixin.py:104} INFO - Running <TaskInstance: write_file_python_operator.fetch_and_write_a_file_task 2021-04-24T00:00:00+00:00 [running]> on host d6e2455ef0ec
[2021-04-25 10:43:42,036] {taskinstance.py:1283} INFO - Exporting the following env vars:
AIRFLOW_CTX_DAG_OWNER=airflow
AIRFLOW_CTX_DAG_ID=write_file_python_operator
AIRFLOW_CTX_TASK_ID=fetch_and_write_a_file_task
AIRFLOW_CTX_EXECUTION_DATE=2021-04-24T00:00:00+00:00
AIRFLOW_CTX_DAG_RUN_ID=scheduled__2021-04-24T00:00:00+00:00
[2021-04-25 10:43:42,314] {logging_mixin.py:104} INFO - Success fetch data from http://jsonplaceholder.typicode.com/todos and write to todo.json
[2021-04-25 10:43:42,314] {python.py:118} INFO - Done. Returned value was: None
[2021-04-25 10:43:42,324] {taskinstance.py:1192} INFO - Marking task as SUCCESS. dag_id=write_file_python_operator, task_id=fetch_and_write_a_file_task, execution_date=20210424T000000, start_date=20210425T104341, end_date=20210425T104342
[2021-04-25 10:43:42,351] {taskinstance.py:1246} INFO - 0 downstream tasks scheduled from follow-on schedule check
[2021-04-25 10:43:42,396] {local_task_job.py:146} INFO - Task exited with return code 0
