[2021-04-25 00:05:30,221] {taskinstance.py:877} INFO - Dependencies all met for <TaskInstance: bash_operator_dag.first_task 2021-03-30T00:00:00+00:00 [queued]>
[2021-04-25 00:05:30,251] {taskinstance.py:877} INFO - Dependencies all met for <TaskInstance: bash_operator_dag.first_task 2021-03-30T00:00:00+00:00 [queued]>
[2021-04-25 00:05:30,256] {taskinstance.py:1068} INFO - 
--------------------------------------------------------------------------------
[2021-04-25 00:05:30,257] {taskinstance.py:1069} INFO - Starting attempt 1 of 1
[2021-04-25 00:05:30,257] {taskinstance.py:1070} INFO - 
--------------------------------------------------------------------------------
[2021-04-25 00:05:30,312] {taskinstance.py:1089} INFO - Executing <Task(BashOperator): first_task> on 2021-03-30T00:00:00+00:00
[2021-04-25 00:05:30,323] {standard_task_runner.py:52} INFO - Started process 1255 to run task
[2021-04-25 00:05:30,362] {standard_task_runner.py:76} INFO - Running: ['airflow', 'tasks', 'run', 'bash_operator_dag', 'first_task', '2021-03-30T00:00:00+00:00', '--job-id', '452', '--pool', 'default_pool', '--raw', '--subdir', 'DAGS_FOLDER/simple_bash_operator_dag.py', '--cfg-path', '/tmp/tmp6p9zz9nd', '--error-file', '/tmp/tmpx9860pjv']
[2021-04-25 00:05:30,363] {standard_task_runner.py:77} INFO - Job 452: Subtask first_task
[2021-04-25 00:05:30,473] {logging_mixin.py:104} INFO - Running <TaskInstance: bash_operator_dag.first_task 2021-03-30T00:00:00+00:00 [running]> on host 4a00a306afdc
[2021-04-25 00:05:30,599] {taskinstance.py:1283} INFO - Exporting the following env vars:
AIRFLOW_CTX_DAG_OWNER=airflow
AIRFLOW_CTX_DAG_ID=bash_operator_dag
AIRFLOW_CTX_TASK_ID=first_task
AIRFLOW_CTX_EXECUTION_DATE=2021-03-30T00:00:00+00:00
AIRFLOW_CTX_DAG_RUN_ID=scheduled__2021-03-30T00:00:00+00:00
[2021-04-25 00:05:30,600] {bash.py:135} INFO - Tmp dir root location: 
 /tmp
[2021-04-25 00:05:30,602] {bash.py:158} INFO - Running command: echo "testing first bash operator"
[2021-04-25 00:05:30,618] {bash.py:169} INFO - Output:
[2021-04-25 00:05:30,623] {bash.py:173} INFO - testing first bash operator
[2021-04-25 00:05:30,624] {bash.py:177} INFO - Command exited with return code 0
[2021-04-25 00:05:30,767] {taskinstance.py:1192} INFO - Marking task as SUCCESS. dag_id=bash_operator_dag, task_id=first_task, execution_date=20210330T000000, start_date=20210425T000530, end_date=20210425T000530
[2021-04-25 00:05:30,949] {taskinstance.py:1246} INFO - 1 downstream tasks scheduled from follow-on schedule check
[2021-04-25 00:05:30,990] {local_task_job.py:146} INFO - Task exited with return code 0
[2021-04-25 00:08:40,565] {taskinstance.py:877} INFO - Dependencies all met for <TaskInstance: bash_operator_dag.first_task 2021-03-30T00:00:00+00:00 [queued]>
[2021-04-25 00:08:40,602] {taskinstance.py:877} INFO - Dependencies all met for <TaskInstance: bash_operator_dag.first_task 2021-03-30T00:00:00+00:00 [queued]>
[2021-04-25 00:08:40,603] {taskinstance.py:1068} INFO - 
--------------------------------------------------------------------------------
[2021-04-25 00:08:40,603] {taskinstance.py:1069} INFO - Starting attempt 1 of 3
[2021-04-25 00:08:40,604] {taskinstance.py:1070} INFO - 
--------------------------------------------------------------------------------
[2021-04-25 00:08:40,644] {taskinstance.py:1089} INFO - Executing <Task(BashOperator): first_task> on 2021-03-30T00:00:00+00:00
[2021-04-25 00:08:40,651] {standard_task_runner.py:52} INFO - Started process 1817 to run task
[2021-04-25 00:08:40,673] {standard_task_runner.py:76} INFO - Running: ['airflow', 'tasks', 'run', 'bash_operator_dag', 'first_task', '2021-03-30T00:00:00+00:00', '--job-id', '641', '--pool', 'default_pool', '--raw', '--subdir', 'DAGS_FOLDER/simple_bash_operator_dag.py', '--cfg-path', '/tmp/tmp13lwmkgz', '--error-file', '/tmp/tmp48761t2t']
[2021-04-25 00:08:40,683] {standard_task_runner.py:77} INFO - Job 641: Subtask first_task
[2021-04-25 00:08:40,819] {logging_mixin.py:104} INFO - Running <TaskInstance: bash_operator_dag.first_task 2021-03-30T00:00:00+00:00 [running]> on host 4a00a306afdc
[2021-04-25 00:08:41,002] {taskinstance.py:1283} INFO - Exporting the following env vars:
AIRFLOW_CTX_DAG_OWNER=airflow
AIRFLOW_CTX_DAG_ID=bash_operator_dag
AIRFLOW_CTX_TASK_ID=first_task
AIRFLOW_CTX_EXECUTION_DATE=2021-03-30T00:00:00+00:00
AIRFLOW_CTX_DAG_RUN_ID=scheduled__2021-03-30T00:00:00+00:00
[2021-04-25 00:08:41,003] {bash.py:135} INFO - Tmp dir root location: 
 /tmp
[2021-04-25 00:08:41,005] {bash.py:158} INFO - Running command: echo "testing first bash operator"
[2021-04-25 00:08:41,026] {bash.py:169} INFO - Output:
[2021-04-25 00:08:41,028] {bash.py:173} INFO - testing first bash operator
[2021-04-25 00:08:41,042] {bash.py:177} INFO - Command exited with return code 0
[2021-04-25 00:08:41,140] {taskinstance.py:1192} INFO - Marking task as SUCCESS. dag_id=bash_operator_dag, task_id=first_task, execution_date=20210330T000000, start_date=20210425T000840, end_date=20210425T000841
[2021-04-25 00:08:41,272] {taskinstance.py:1246} INFO - 1 downstream tasks scheduled from follow-on schedule check
[2021-04-25 00:08:41,294] {local_task_job.py:146} INFO - Task exited with return code 0
