[2021-04-25 13:30:27,301] {taskinstance.py:877} INFO - Dependencies all met for <TaskInstance: file_sensor_dag.file_sensor_task 2021-04-25T13:24:00+00:00 [queued]>
[2021-04-25 13:30:27,320] {taskinstance.py:877} INFO - Dependencies all met for <TaskInstance: file_sensor_dag.file_sensor_task 2021-04-25T13:24:00+00:00 [queued]>
[2021-04-25 13:30:27,321] {taskinstance.py:1068} INFO - 
--------------------------------------------------------------------------------
[2021-04-25 13:30:27,321] {taskinstance.py:1069} INFO - Starting attempt 1 of 3
[2021-04-25 13:30:27,321] {taskinstance.py:1070} INFO - 
--------------------------------------------------------------------------------
[2021-04-25 13:30:27,365] {taskinstance.py:1089} INFO - Executing <Task(FileSensor): file_sensor_task> on 2021-04-25T13:24:00+00:00
[2021-04-25 13:30:27,374] {standard_task_runner.py:52} INFO - Started process 53 to run task
[2021-04-25 13:30:27,389] {standard_task_runner.py:76} INFO - Running: ['airflow', 'tasks', 'run', 'file_sensor_dag', 'file_sensor_task', '2021-04-25T13:24:00+00:00', '--job-id', '893', '--pool', 'default_pool', '--raw', '--subdir', 'DAGS_FOLDER/sensor/file_sensor.py', '--cfg-path', '/tmp/tmpnqha78pq', '--error-file', '/tmp/tmpu0qxeddk']
[2021-04-25 13:30:27,389] {standard_task_runner.py:77} INFO - Job 893: Subtask file_sensor_task
[2021-04-25 13:30:27,467] {logging_mixin.py:104} INFO - Running <TaskInstance: file_sensor_dag.file_sensor_task 2021-04-25T13:24:00+00:00 [running]> on host d6e2455ef0ec
[2021-04-25 13:30:27,538] {taskinstance.py:1283} INFO - Exporting the following env vars:
AIRFLOW_CTX_DAG_OWNER=airflow
AIRFLOW_CTX_DAG_ID=file_sensor_dag
AIRFLOW_CTX_TASK_ID=file_sensor_task
AIRFLOW_CTX_EXECUTION_DATE=2021-04-25T13:24:00+00:00
AIRFLOW_CTX_DAG_RUN_ID=scheduled__2021-04-25T13:24:00+00:00
[2021-04-25 13:30:27,554] {filesystem.py:56} INFO - Poking for file /opt/airflow/dags/python_operator/todo.json
[2021-04-25 13:30:27,554] {base.py:245} INFO - Success criteria met. Exiting.
[2021-04-25 13:30:27,570] {taskinstance.py:1192} INFO - Marking task as SUCCESS. dag_id=file_sensor_dag, task_id=file_sensor_task, execution_date=20210425T132400, start_date=20210425T133027, end_date=20210425T133027
[2021-04-25 13:30:27,618] {taskinstance.py:1246} INFO - 1 downstream tasks scheduled from follow-on schedule check
[2021-04-25 13:30:27,636] {local_task_job.py:146} INFO - Task exited with return code 0
