[2021-04-25 00:07:30,465] {taskinstance.py:877} INFO - Dependencies all met for <TaskInstance: bash_operator_dag.second_task 2021-01-18T00:00:00+00:00 [queued]>
[2021-04-25 00:07:30,519] {taskinstance.py:877} INFO - Dependencies all met for <TaskInstance: bash_operator_dag.second_task 2021-01-18T00:00:00+00:00 [queued]>
[2021-04-25 00:07:30,520] {taskinstance.py:1068} INFO - 
--------------------------------------------------------------------------------
[2021-04-25 00:07:30,520] {taskinstance.py:1069} INFO - Starting attempt 1 of 3
[2021-04-25 00:07:30,520] {taskinstance.py:1070} INFO - 
--------------------------------------------------------------------------------
[2021-04-25 00:07:30,568] {taskinstance.py:1089} INFO - Executing <Task(BashOperator): second_task> on 2021-01-18T00:00:00+00:00
[2021-04-25 00:07:30,576] {standard_task_runner.py:52} INFO - Started process 1409 to run task
[2021-04-25 00:07:30,608] {standard_task_runner.py:76} INFO - Running: ['airflow', 'tasks', 'run', 'bash_operator_dag', 'second_task', '2021-01-18T00:00:00+00:00', '--job-id', '505', '--pool', 'default_pool', '--raw', '--subdir', 'DAGS_FOLDER/simple_bash_operator_dag.py', '--cfg-path', '/tmp/tmp79t52p2f', '--error-file', '/tmp/tmp7upuuhg7']
[2021-04-25 00:07:30,609] {standard_task_runner.py:77} INFO - Job 505: Subtask second_task
[2021-04-25 00:07:30,742] {logging_mixin.py:104} INFO - Running <TaskInstance: bash_operator_dag.second_task 2021-01-18T00:00:00+00:00 [running]> on host 4a00a306afdc
[2021-04-25 00:07:30,869] {taskinstance.py:1283} INFO - Exporting the following env vars:
AIRFLOW_CTX_DAG_OWNER=airflow
AIRFLOW_CTX_DAG_ID=bash_operator_dag
AIRFLOW_CTX_TASK_ID=second_task
AIRFLOW_CTX_EXECUTION_DATE=2021-01-18T00:00:00+00:00
AIRFLOW_CTX_DAG_RUN_ID=scheduled__2021-01-18T00:00:00+00:00
[2021-04-25 00:07:30,871] {bash.py:135} INFO - Tmp dir root location: 
 /tmp
[2021-04-25 00:07:30,873] {bash.py:158} INFO - Running command: echo "testing second bash operator"
[2021-04-25 00:07:30,894] {bash.py:169} INFO - Output:
[2021-04-25 00:07:30,898] {bash.py:173} INFO - testing second bash operator
[2021-04-25 00:07:30,899] {bash.py:177} INFO - Command exited with return code 0
[2021-04-25 00:07:31,003] {taskinstance.py:1192} INFO - Marking task as SUCCESS. dag_id=bash_operator_dag, task_id=second_task, execution_date=20210118T000000, start_date=20210425T000730, end_date=20210425T000731
[2021-04-25 00:07:31,132] {taskinstance.py:1246} INFO - 0 downstream tasks scheduled from follow-on schedule check
[2021-04-25 00:07:31,173] {local_task_job.py:146} INFO - Task exited with return code 0
[2021-04-25 00:43:55,933] {taskinstance.py:877} INFO - Dependencies all met for <TaskInstance: bash_operator_dag.second_task 2021-01-18T00:00:00+00:00 [queued]>
[2021-04-25 00:43:56,048] {taskinstance.py:877} INFO - Dependencies all met for <TaskInstance: bash_operator_dag.second_task 2021-01-18T00:00:00+00:00 [queued]>
[2021-04-25 00:43:56,049] {taskinstance.py:1068} INFO - 
--------------------------------------------------------------------------------
[2021-04-25 00:43:56,049] {taskinstance.py:1069} INFO - Starting attempt 1 of 3
[2021-04-25 00:43:56,049] {taskinstance.py:1070} INFO - 
--------------------------------------------------------------------------------
[2021-04-25 00:43:56,151] {taskinstance.py:1089} INFO - Executing <Task(BashOperator): second_task> on 2021-01-18T00:00:00+00:00
[2021-04-25 00:43:56,185] {standard_task_runner.py:52} INFO - Started process 2094 to run task
[2021-04-25 00:43:56,223] {standard_task_runner.py:76} INFO - Running: ['airflow', 'tasks', 'run', 'bash_operator_dag', 'second_task', '2021-01-18T00:00:00+00:00', '--job-id', '733', '--pool', 'default_pool', '--raw', '--subdir', 'DAGS_FOLDER/simple_bash_operator_dag.py', '--cfg-path', '/tmp/tmpbf4o4e6w', '--error-file', '/tmp/tmpjgtgegjd']
[2021-04-25 00:43:56,224] {standard_task_runner.py:77} INFO - Job 733: Subtask second_task
[2021-04-25 00:43:56,619] {logging_mixin.py:104} INFO - Running <TaskInstance: bash_operator_dag.second_task 2021-01-18T00:00:00+00:00 [running]> on host 4a00a306afdc
[2021-04-25 00:43:56,878] {taskinstance.py:1283} INFO - Exporting the following env vars:
AIRFLOW_CTX_DAG_OWNER=airflow
AIRFLOW_CTX_DAG_ID=bash_operator_dag
AIRFLOW_CTX_TASK_ID=second_task
AIRFLOW_CTX_EXECUTION_DATE=2021-01-18T00:00:00+00:00
AIRFLOW_CTX_DAG_RUN_ID=scheduled__2021-01-18T00:00:00+00:00
[2021-04-25 00:43:56,880] {bash.py:135} INFO - Tmp dir root location: 
 /tmp
[2021-04-25 00:43:56,883] {bash.py:158} INFO - Running command: echo "testing second bash operator"
[2021-04-25 00:43:57,018] {bash.py:169} INFO - Output:
[2021-04-25 00:43:57,021] {bash.py:173} INFO - testing second bash operator
[2021-04-25 00:43:57,022] {bash.py:177} INFO - Command exited with return code 0
[2021-04-25 00:43:57,325] {taskinstance.py:1192} INFO - Marking task as SUCCESS. dag_id=bash_operator_dag, task_id=second_task, execution_date=20210118T000000, start_date=20210425T004355, end_date=20210425T004357
[2021-04-25 00:43:57,585] {taskinstance.py:1246} INFO - 0 downstream tasks scheduled from follow-on schedule check
[2021-04-25 00:43:57,627] {local_task_job.py:146} INFO - Task exited with return code 0
