[2021-04-25 09:07:06,914] {taskinstance.py:877} INFO - Dependencies all met for <TaskInstance: file_sensor_dag.external_sensor_task 2021-04-24T00:00:00+00:00 [queued]>
[2021-04-25 09:07:06,976] {taskinstance.py:877} INFO - Dependencies all met for <TaskInstance: file_sensor_dag.external_sensor_task 2021-04-24T00:00:00+00:00 [queued]>
[2021-04-25 09:07:06,977] {taskinstance.py:1068} INFO - 
--------------------------------------------------------------------------------
[2021-04-25 09:07:06,978] {taskinstance.py:1069} INFO - Starting attempt 1 of 3
[2021-04-25 09:07:06,978] {taskinstance.py:1070} INFO - 
--------------------------------------------------------------------------------
[2021-04-25 09:07:07,069] {taskinstance.py:1089} INFO - Executing <Task(ExternalTaskSensor): external_sensor_task> on 2021-04-24T00:00:00+00:00
[2021-04-25 09:07:07,185] {standard_task_runner.py:76} INFO - Running: ['airflow', 'tasks', 'run', 'file_sensor_dag', 'external_sensor_task', '2021-04-24T00:00:00+00:00', '--job-id', '801', '--pool', 'default_pool', '--raw', '--subdir', 'DAGS_FOLDER/sensor/simple_sensor_dag.py', '--cfg-path', '/tmp/tmprnj28z9k', '--error-file', '/tmp/tmp0vgqjz90']
[2021-04-25 09:07:07,187] {standard_task_runner.py:77} INFO - Job 801: Subtask external_sensor_task
[2021-04-25 09:07:07,090] {standard_task_runner.py:52} INFO - Started process 63 to run task
[2021-04-25 09:07:07,367] {logging_mixin.py:104} INFO - Running <TaskInstance: file_sensor_dag.external_sensor_task 2021-04-24T00:00:00+00:00 [running]> on host d6e2455ef0ec
[2021-04-25 09:07:07,525] {taskinstance.py:1283} INFO - Exporting the following env vars:
AIRFLOW_CTX_DAG_OWNER=airflow
AIRFLOW_CTX_DAG_ID=file_sensor_dag
AIRFLOW_CTX_TASK_ID=external_sensor_task
AIRFLOW_CTX_EXECUTION_DATE=2021-04-24T00:00:00+00:00
AIRFLOW_CTX_DAG_RUN_ID=scheduled__2021-04-24T00:00:00+00:00
[2021-04-25 09:07:07,535] {external_task.py:154} INFO - Poking for write_file_python_operator.fetch_and_write_a_file_task on 2021-04-24T00:00:00+00:00 ... 
[2021-04-25 09:07:07,547] {base.py:245} INFO - Success criteria met. Exiting.
[2021-04-25 09:07:07,572] {taskinstance.py:1192} INFO - Marking task as SUCCESS. dag_id=file_sensor_dag, task_id=external_sensor_task, execution_date=20210424T000000, start_date=20210425T090706, end_date=20210425T090707
[2021-04-25 09:07:07,656] {taskinstance.py:1246} INFO - 1 downstream tasks scheduled from follow-on schedule check
[2021-04-25 09:07:07,677] {local_task_job.py:146} INFO - Task exited with return code 0
[2021-04-25 09:16:16,054] {taskinstance.py:877} INFO - Dependencies all met for <TaskInstance: file_sensor_dag.external_sensor_task 2021-04-24T00:00:00+00:00 [queued]>
[2021-04-25 09:16:16,066] {taskinstance.py:877} INFO - Dependencies all met for <TaskInstance: file_sensor_dag.external_sensor_task 2021-04-24T00:00:00+00:00 [queued]>
[2021-04-25 09:16:16,066] {taskinstance.py:1068} INFO - 
--------------------------------------------------------------------------------
[2021-04-25 09:16:16,066] {taskinstance.py:1069} INFO - Starting attempt 1 of 3
[2021-04-25 09:16:16,066] {taskinstance.py:1070} INFO - 
--------------------------------------------------------------------------------
[2021-04-25 09:16:16,084] {taskinstance.py:1089} INFO - Executing <Task(ExternalTaskSensor): external_sensor_task> on 2021-04-24T00:00:00+00:00
[2021-04-25 09:16:16,088] {standard_task_runner.py:52} INFO - Started process 73 to run task
[2021-04-25 09:16:16,093] {standard_task_runner.py:76} INFO - Running: ['airflow', 'tasks', 'run', 'file_sensor_dag', 'external_sensor_task', '2021-04-24T00:00:00+00:00', '--job-id', '806', '--pool', 'default_pool', '--raw', '--subdir', 'DAGS_FOLDER/sensor/simple_sensor_dag.py', '--cfg-path', '/tmp/tmpy5j_nzqh', '--error-file', '/tmp/tmpbuq0qrqn']
[2021-04-25 09:16:16,094] {standard_task_runner.py:77} INFO - Job 806: Subtask external_sensor_task
[2021-04-25 09:16:16,138] {logging_mixin.py:104} INFO - Running <TaskInstance: file_sensor_dag.external_sensor_task 2021-04-24T00:00:00+00:00 [running]> on host d6e2455ef0ec
[2021-04-25 09:16:16,176] {taskinstance.py:1283} INFO - Exporting the following env vars:
AIRFLOW_CTX_DAG_OWNER=airflow
AIRFLOW_CTX_DAG_ID=file_sensor_dag
AIRFLOW_CTX_TASK_ID=external_sensor_task
AIRFLOW_CTX_EXECUTION_DATE=2021-04-24T00:00:00+00:00
AIRFLOW_CTX_DAG_RUN_ID=scheduled__2021-04-24T00:00:00+00:00
[2021-04-25 09:16:16,176] {external_task.py:154} INFO - Poking for write_file_python_operator.fetch_and_write_a_file_task on 2021-04-24T00:00:00+00:00 ... 
[2021-04-25 09:16:16,183] {base.py:245} INFO - Success criteria met. Exiting.
[2021-04-25 09:16:16,194] {taskinstance.py:1192} INFO - Marking task as SUCCESS. dag_id=file_sensor_dag, task_id=external_sensor_task, execution_date=20210424T000000, start_date=20210425T091616, end_date=20210425T091616
[2021-04-25 09:16:16,226] {taskinstance.py:1246} INFO - 1 downstream tasks scheduled from follow-on schedule check
[2021-04-25 09:16:16,267] {local_task_job.py:146} INFO - Task exited with return code 0
[2021-04-25 09:17:47,711] {taskinstance.py:877} INFO - Dependencies all met for <TaskInstance: file_sensor_dag.external_sensor_task 2021-04-24T00:00:00+00:00 [queued]>
[2021-04-25 09:17:47,732] {taskinstance.py:877} INFO - Dependencies all met for <TaskInstance: file_sensor_dag.external_sensor_task 2021-04-24T00:00:00+00:00 [queued]>
[2021-04-25 09:17:47,732] {taskinstance.py:1068} INFO - 
--------------------------------------------------------------------------------
[2021-04-25 09:17:47,733] {taskinstance.py:1069} INFO - Starting attempt 1 of 3
[2021-04-25 09:17:47,733] {taskinstance.py:1070} INFO - 
--------------------------------------------------------------------------------
[2021-04-25 09:17:47,759] {taskinstance.py:1089} INFO - Executing <Task(ExternalTaskSensor): external_sensor_task> on 2021-04-24T00:00:00+00:00
[2021-04-25 09:17:47,766] {standard_task_runner.py:52} INFO - Started process 75 to run task
[2021-04-25 09:17:47,774] {standard_task_runner.py:76} INFO - Running: ['airflow', 'tasks', 'run', 'file_sensor_dag', 'external_sensor_task', '2021-04-24T00:00:00+00:00', '--job-id', '807', '--pool', 'default_pool', '--raw', '--subdir', 'DAGS_FOLDER/sensor/simple_sensor_dag.py', '--cfg-path', '/tmp/tmpm3frm0l3', '--error-file', '/tmp/tmp2_qplaic']
[2021-04-25 09:17:47,775] {standard_task_runner.py:77} INFO - Job 807: Subtask external_sensor_task
[2021-04-25 09:17:47,856] {logging_mixin.py:104} INFO - Running <TaskInstance: file_sensor_dag.external_sensor_task 2021-04-24T00:00:00+00:00 [running]> on host d6e2455ef0ec
[2021-04-25 09:17:47,929] {taskinstance.py:1283} INFO - Exporting the following env vars:
AIRFLOW_CTX_DAG_OWNER=airflow
AIRFLOW_CTX_DAG_ID=file_sensor_dag
AIRFLOW_CTX_TASK_ID=external_sensor_task
AIRFLOW_CTX_EXECUTION_DATE=2021-04-24T00:00:00+00:00
AIRFLOW_CTX_DAG_RUN_ID=scheduled__2021-04-24T00:00:00+00:00
[2021-04-25 09:17:47,930] {external_task.py:154} INFO - Poking for write_file_python_operator.fetch_and_write_a_file_task on 2021-04-24T00:00:00+00:00 ... 
[2021-04-25 09:17:47,942] {base.py:245} INFO - Success criteria met. Exiting.
[2021-04-25 09:17:47,959] {taskinstance.py:1192} INFO - Marking task as SUCCESS. dag_id=file_sensor_dag, task_id=external_sensor_task, execution_date=20210424T000000, start_date=20210425T091747, end_date=20210425T091747
[2021-04-25 09:17:48,012] {taskinstance.py:1246} INFO - 1 downstream tasks scheduled from follow-on schedule check
[2021-04-25 09:17:48,031] {local_task_job.py:146} INFO - Task exited with return code 0
[2021-04-25 09:18:48,987] {taskinstance.py:877} INFO - Dependencies all met for <TaskInstance: file_sensor_dag.external_sensor_task 2021-04-24T00:00:00+00:00 [queued]>
[2021-04-25 09:18:49,005] {taskinstance.py:877} INFO - Dependencies all met for <TaskInstance: file_sensor_dag.external_sensor_task 2021-04-24T00:00:00+00:00 [queued]>
[2021-04-25 09:18:49,006] {taskinstance.py:1068} INFO - 
--------------------------------------------------------------------------------
[2021-04-25 09:18:49,006] {taskinstance.py:1069} INFO - Starting attempt 1 of 3
[2021-04-25 09:18:49,006] {taskinstance.py:1070} INFO - 
--------------------------------------------------------------------------------
[2021-04-25 09:18:49,026] {taskinstance.py:1089} INFO - Executing <Task(ExternalTaskSensor): external_sensor_task> on 2021-04-24T00:00:00+00:00
[2021-04-25 09:18:49,032] {standard_task_runner.py:52} INFO - Started process 77 to run task
[2021-04-25 09:18:49,038] {standard_task_runner.py:76} INFO - Running: ['airflow', 'tasks', 'run', 'file_sensor_dag', 'external_sensor_task', '2021-04-24T00:00:00+00:00', '--job-id', '808', '--pool', 'default_pool', '--raw', '--subdir', 'DAGS_FOLDER/sensor/simple_sensor_dag.py', '--cfg-path', '/tmp/tmplvt0fymf', '--error-file', '/tmp/tmpv63wjb2w']
[2021-04-25 09:18:49,039] {standard_task_runner.py:77} INFO - Job 808: Subtask external_sensor_task
[2021-04-25 09:18:49,120] {logging_mixin.py:104} INFO - Running <TaskInstance: file_sensor_dag.external_sensor_task 2021-04-24T00:00:00+00:00 [running]> on host d6e2455ef0ec
[2021-04-25 09:18:49,194] {taskinstance.py:1283} INFO - Exporting the following env vars:
AIRFLOW_CTX_DAG_OWNER=airflow
AIRFLOW_CTX_DAG_ID=file_sensor_dag
AIRFLOW_CTX_TASK_ID=external_sensor_task
AIRFLOW_CTX_EXECUTION_DATE=2021-04-24T00:00:00+00:00
AIRFLOW_CTX_DAG_RUN_ID=scheduled__2021-04-24T00:00:00+00:00
[2021-04-25 09:18:49,196] {external_task.py:154} INFO - Poking for write_file_python_operator.fetch_and_write_a_file_task on 2021-04-24T00:00:00+00:00 ... 
[2021-04-25 09:23:26,936] {local_task_job.py:188} WARNING - State of this instance has been externally set to None. Terminating instance.
[2021-04-25 09:23:26,944] {process_utils.py:100} INFO - Sending Signals.SIGTERM to GPID 77
[2021-04-25 09:23:26,945] {taskinstance.py:1265} ERROR - Received SIGTERM. Terminating subprocesses.
[2021-04-25 09:23:26,963] {taskinstance.py:1482} ERROR - Task failed with exception
Traceback (most recent call last):
  File "/home/airflow/.local/lib/python3.6/site-packages/airflow/models/taskinstance.py", line 1138, in _run_raw_task
    self._prepare_and_execute_task_with_callbacks(context, task)
  File "/home/airflow/.local/lib/python3.6/site-packages/airflow/models/taskinstance.py", line 1311, in _prepare_and_execute_task_with_callbacks
    result = self._execute_task(context, task_copy)
  File "/home/airflow/.local/lib/python3.6/site-packages/airflow/models/taskinstance.py", line 1341, in _execute_task
    result = task_copy.execute(context=context)
  File "/home/airflow/.local/lib/python3.6/site-packages/airflow/sensors/base.py", line 243, in execute
    time.sleep(self._get_next_poke_interval(started_at, run_duration, try_number))
  File "/home/airflow/.local/lib/python3.6/site-packages/airflow/models/taskinstance.py", line 1267, in signal_handler
    raise AirflowException("Task received SIGTERM signal")
airflow.exceptions.AirflowException: Task received SIGTERM signal
[2021-04-25 09:23:26,967] {taskinstance.py:1532} INFO - Marking task as UP_FOR_RETRY. dag_id=file_sensor_dag, task_id=external_sensor_task, execution_date=20210424T000000, start_date=20210425T091848, end_date=20210425T092326
[2021-04-25 09:23:27,038] {process_utils.py:66} INFO - Process psutil.Process(pid=77, status='terminated', exitcode=1, started='09:18:48') (77) terminated with exit code 1
[2021-04-25 09:28:47,491] {taskinstance.py:877} INFO - Dependencies all met for <TaskInstance: file_sensor_dag.external_sensor_task 2021-04-24T00:00:00+00:00 [queued]>
[2021-04-25 09:28:47,502] {taskinstance.py:877} INFO - Dependencies all met for <TaskInstance: file_sensor_dag.external_sensor_task 2021-04-24T00:00:00+00:00 [queued]>
[2021-04-25 09:28:47,502] {taskinstance.py:1068} INFO - 
--------------------------------------------------------------------------------
[2021-04-25 09:28:47,502] {taskinstance.py:1069} INFO - Starting attempt 1 of 3
[2021-04-25 09:28:47,502] {taskinstance.py:1070} INFO - 
--------------------------------------------------------------------------------
[2021-04-25 09:28:47,517] {taskinstance.py:1089} INFO - Executing <Task(ExternalTaskSensor): external_sensor_task> on 2021-04-24T00:00:00+00:00
[2021-04-25 09:28:47,526] {standard_task_runner.py:76} INFO - Running: ['airflow', 'tasks', 'run', 'file_sensor_dag', 'external_sensor_task', '2021-04-24T00:00:00+00:00', '--job-id', '817', '--pool', 'default_pool', '--raw', '--subdir', 'DAGS_FOLDER/sensor/simple_sensor_dag.py', '--cfg-path', '/tmp/tmpzikuzh9n', '--error-file', '/tmp/tmpn493_cy4']
[2021-04-25 09:28:47,522] {standard_task_runner.py:52} INFO - Started process 95 to run task
[2021-04-25 09:28:47,527] {standard_task_runner.py:77} INFO - Job 817: Subtask external_sensor_task
[2021-04-25 09:28:47,580] {logging_mixin.py:104} INFO - Running <TaskInstance: file_sensor_dag.external_sensor_task 2021-04-24T00:00:00+00:00 [running]> on host d6e2455ef0ec
[2021-04-25 09:28:47,633] {taskinstance.py:1283} INFO - Exporting the following env vars:
AIRFLOW_CTX_DAG_OWNER=airflow
AIRFLOW_CTX_DAG_ID=file_sensor_dag
AIRFLOW_CTX_TASK_ID=external_sensor_task
AIRFLOW_CTX_EXECUTION_DATE=2021-04-24T00:00:00+00:00
AIRFLOW_CTX_DAG_RUN_ID=scheduled__2021-04-24T00:00:00+00:00
[2021-04-25 09:28:47,635] {external_task.py:154} INFO - Poking for write_file_python_operator.fetch_and_write_a_file_task on 2021-04-24T00:00:00+00:00 ... 
[2021-04-25 09:29:47,704] {external_task.py:154} INFO - Poking for write_file_python_operator.fetch_and_write_a_file_task on 2021-04-24T00:00:00+00:00 ... 
[2021-04-25 09:29:47,739] {base.py:245} INFO - Success criteria met. Exiting.
[2021-04-25 09:29:47,764] {taskinstance.py:1192} INFO - Marking task as SUCCESS. dag_id=file_sensor_dag, task_id=external_sensor_task, execution_date=20210424T000000, start_date=20210425T092847, end_date=20210425T092947
[2021-04-25 09:29:47,839] {taskinstance.py:1246} INFO - 1 downstream tasks scheduled from follow-on schedule check
[2021-04-25 09:29:47,870] {local_task_job.py:146} INFO - Task exited with return code 0
[2021-04-25 09:34:44,787] {taskinstance.py:877} INFO - Dependencies all met for <TaskInstance: file_sensor_dag.external_sensor_task 2021-04-24T00:00:00+00:00 [queued]>
[2021-04-25 09:34:44,802] {taskinstance.py:877} INFO - Dependencies all met for <TaskInstance: file_sensor_dag.external_sensor_task 2021-04-24T00:00:00+00:00 [queued]>
[2021-04-25 09:34:44,803] {taskinstance.py:1068} INFO - 
--------------------------------------------------------------------------------
[2021-04-25 09:34:44,803] {taskinstance.py:1069} INFO - Starting attempt 1 of 3
[2021-04-25 09:34:44,803] {taskinstance.py:1070} INFO - 
--------------------------------------------------------------------------------
[2021-04-25 09:34:44,823] {taskinstance.py:1089} INFO - Executing <Task(ExternalTaskSensor): external_sensor_task> on 2021-04-24T00:00:00+00:00
[2021-04-25 09:34:44,828] {standard_task_runner.py:52} INFO - Started process 49 to run task
[2021-04-25 09:34:44,836] {standard_task_runner.py:76} INFO - Running: ['airflow', 'tasks', 'run', 'file_sensor_dag', 'external_sensor_task', '2021-04-24T00:00:00+00:00', '--job-id', '820', '--pool', 'default_pool', '--raw', '--subdir', 'DAGS_FOLDER/sensor/simple_sensor_dag.py', '--cfg-path', '/tmp/tmps2ieay5y', '--error-file', '/tmp/tmp2jhi24iu']
[2021-04-25 09:34:44,837] {standard_task_runner.py:77} INFO - Job 820: Subtask external_sensor_task
[2021-04-25 09:34:44,929] {logging_mixin.py:104} INFO - Running <TaskInstance: file_sensor_dag.external_sensor_task 2021-04-24T00:00:00+00:00 [running]> on host d6e2455ef0ec
[2021-04-25 09:34:45,024] {taskinstance.py:1283} INFO - Exporting the following env vars:
AIRFLOW_CTX_DAG_OWNER=airflow
AIRFLOW_CTX_DAG_ID=file_sensor_dag
AIRFLOW_CTX_TASK_ID=external_sensor_task
AIRFLOW_CTX_EXECUTION_DATE=2021-04-24T00:00:00+00:00
AIRFLOW_CTX_DAG_RUN_ID=scheduled__2021-04-24T00:00:00+00:00
[2021-04-25 09:34:45,026] {external_task.py:154} INFO - Poking for write_file_python_operator.fetch_and_write_a_file_task on 2021-04-24T00:00:00+00:00 ... 
[2021-04-25 09:35:45,058] {external_task.py:154} INFO - Poking for write_file_python_operator.fetch_and_write_a_file_task on 2021-04-24T00:00:00+00:00 ... 
[2021-04-25 09:35:45,072] {base.py:245} INFO - Success criteria met. Exiting.
[2021-04-25 09:35:45,091] {taskinstance.py:1192} INFO - Marking task as SUCCESS. dag_id=file_sensor_dag, task_id=external_sensor_task, execution_date=20210424T000000, start_date=20210425T093444, end_date=20210425T093545
[2021-04-25 09:35:45,145] {taskinstance.py:1246} INFO - 1 downstream tasks scheduled from follow-on schedule check
[2021-04-25 09:35:45,179] {local_task_job.py:146} INFO - Task exited with return code 0
[2021-04-25 09:49:31,521] {taskinstance.py:877} INFO - Dependencies all met for <TaskInstance: file_sensor_dag.external_sensor_task 2021-04-24T00:00:00+00:00 [queued]>
[2021-04-25 09:49:31,539] {taskinstance.py:877} INFO - Dependencies all met for <TaskInstance: file_sensor_dag.external_sensor_task 2021-04-24T00:00:00+00:00 [queued]>
[2021-04-25 09:49:31,540] {taskinstance.py:1068} INFO - 
--------------------------------------------------------------------------------
[2021-04-25 09:49:31,540] {taskinstance.py:1069} INFO - Starting attempt 1 of 3
[2021-04-25 09:49:31,540] {taskinstance.py:1070} INFO - 
--------------------------------------------------------------------------------
[2021-04-25 09:49:31,559] {taskinstance.py:1089} INFO - Executing <Task(ExternalTaskSensor): external_sensor_task> on 2021-04-24T00:00:00+00:00
[2021-04-25 09:49:31,563] {standard_task_runner.py:52} INFO - Started process 61 to run task
[2021-04-25 09:49:31,568] {standard_task_runner.py:76} INFO - Running: ['airflow', 'tasks', 'run', 'file_sensor_dag', 'external_sensor_task', '2021-04-24T00:00:00+00:00', '--job-id', '826', '--pool', 'default_pool', '--raw', '--subdir', 'DAGS_FOLDER/sensor/simple_sensor_dag.py', '--cfg-path', '/tmp/tmppkaec4lo', '--error-file', '/tmp/tmpl41g8k8z']
[2021-04-25 09:49:31,569] {standard_task_runner.py:77} INFO - Job 826: Subtask external_sensor_task
[2021-04-25 09:49:31,626] {logging_mixin.py:104} INFO - Running <TaskInstance: file_sensor_dag.external_sensor_task 2021-04-24T00:00:00+00:00 [running]> on host d6e2455ef0ec
[2021-04-25 09:49:31,695] {taskinstance.py:1283} INFO - Exporting the following env vars:
AIRFLOW_CTX_DAG_OWNER=airflow
AIRFLOW_CTX_DAG_ID=file_sensor_dag
AIRFLOW_CTX_TASK_ID=external_sensor_task
AIRFLOW_CTX_EXECUTION_DATE=2021-04-24T00:00:00+00:00
AIRFLOW_CTX_DAG_RUN_ID=scheduled__2021-04-24T00:00:00+00:00
[2021-04-25 09:49:31,697] {external_task.py:154} INFO - Poking for write_file_python_operator.fetch_and_write_a_file_task on 2021-04-24T00:00:00+00:00 ... 
[2021-04-25 09:50:31,712] {external_task.py:154} INFO - Poking for write_file_python_operator.fetch_and_write_a_file_task on 2021-04-24T00:00:00+00:00 ... 
[2021-04-25 09:50:31,728] {base.py:245} INFO - Success criteria met. Exiting.
[2021-04-25 09:50:31,744] {taskinstance.py:1192} INFO - Marking task as SUCCESS. dag_id=file_sensor_dag, task_id=external_sensor_task, execution_date=20210424T000000, start_date=20210425T094931, end_date=20210425T095031
[2021-04-25 09:50:31,801] {taskinstance.py:1246} INFO - 1 downstream tasks scheduled from follow-on schedule check
[2021-04-25 09:50:31,841] {local_task_job.py:146} INFO - Task exited with return code 0
