[2021-05-01 05:58:01,321] {taskinstance.py:877} INFO - Dependencies all met for <TaskInstance: write_file_python_operator.write_todo_list_data_task 2021-05-01T05:56:00+00:00 [queued]>
[2021-05-01 05:58:01,354] {taskinstance.py:877} INFO - Dependencies all met for <TaskInstance: write_file_python_operator.write_todo_list_data_task 2021-05-01T05:56:00+00:00 [queued]>
[2021-05-01 05:58:01,354] {taskinstance.py:1068} INFO - 
--------------------------------------------------------------------------------
[2021-05-01 05:58:01,354] {taskinstance.py:1069} INFO - Starting attempt 1 of 3
[2021-05-01 05:58:01,355] {taskinstance.py:1070} INFO - 
--------------------------------------------------------------------------------
[2021-05-01 05:58:01,372] {taskinstance.py:1089} INFO - Executing <Task(PythonOperator): write_todo_list_data_task> on 2021-05-01T05:56:00+00:00
[2021-05-01 05:58:01,377] {standard_task_runner.py:52} INFO - Started process 151 to run task
[2021-05-01 05:58:01,382] {standard_task_runner.py:76} INFO - Running: ['airflow', 'tasks', 'run', 'write_file_python_operator', 'write_todo_list_data_task', '2021-05-01T05:56:00+00:00', '--job-id', '1076', '--pool', 'default_pool', '--raw', '--subdir', 'DAGS_FOLDER/python_operator/write_file_python_operator.py', '--cfg-path', '/tmp/tmpuqsy8k36', '--error-file', '/tmp/tmpwim6eu_9']
[2021-05-01 05:58:01,383] {standard_task_runner.py:77} INFO - Job 1076: Subtask write_todo_list_data_task
[2021-05-01 05:58:01,439] {logging_mixin.py:104} INFO - Running <TaskInstance: write_file_python_operator.write_todo_list_data_task 2021-05-01T05:56:00+00:00 [running]> on host d6e2455ef0ec
[2021-05-01 05:58:01,499] {taskinstance.py:1283} INFO - Exporting the following env vars:
AIRFLOW_CTX_DAG_OWNER=airflow
AIRFLOW_CTX_DAG_ID=write_file_python_operator
AIRFLOW_CTX_TASK_ID=write_todo_list_data_task
AIRFLOW_CTX_EXECUTION_DATE=2021-05-01T05:56:00+00:00
AIRFLOW_CTX_DAG_RUN_ID=scheduled__2021-05-01T05:56:00+00:00
[2021-05-01 05:58:01,646] {logging_mixin.py:104} INFO - Success fetch data from http://jsonplaceholder.typicode.com/todos and write to todo.json
[2021-05-01 05:58:01,646] {python.py:118} INFO - Done. Returned value was: None
[2021-05-01 05:58:01,662] {taskinstance.py:1192} INFO - Marking task as SUCCESS. dag_id=write_file_python_operator, task_id=write_todo_list_data_task, execution_date=20210501T055600, start_date=20210501T055801, end_date=20210501T055801
[2021-05-01 05:58:01,695] {taskinstance.py:1246} INFO - 0 downstream tasks scheduled from follow-on schedule check
[2021-05-01 05:58:01,718] {local_task_job.py:146} INFO - Task exited with return code 0
