[2021-04-25 00:05:17,408] {taskinstance.py:877} INFO - Dependencies all met for <TaskInstance: bash_operator_dag.second_task 2021-03-07T00:00:00+00:00 [queued]>
[2021-04-25 00:05:17,440] {taskinstance.py:877} INFO - Dependencies all met for <TaskInstance: bash_operator_dag.second_task 2021-03-07T00:00:00+00:00 [queued]>
[2021-04-25 00:05:17,441] {taskinstance.py:1068} INFO - 
--------------------------------------------------------------------------------
[2021-04-25 00:05:17,444] {taskinstance.py:1069} INFO - Starting attempt 1 of 3
[2021-04-25 00:05:17,444] {taskinstance.py:1070} INFO - 
--------------------------------------------------------------------------------
[2021-04-25 00:05:17,498] {taskinstance.py:1089} INFO - Executing <Task(BashOperator): second_task> on 2021-03-07T00:00:00+00:00
[2021-04-25 00:05:17,506] {standard_task_runner.py:52} INFO - Started process 1135 to run task
[2021-04-25 00:05:17,518] {standard_task_runner.py:76} INFO - Running: ['airflow', 'tasks', 'run', 'bash_operator_dag', 'second_task', '2021-03-07T00:00:00+00:00', '--job-id', '412', '--pool', 'default_pool', '--raw', '--subdir', 'DAGS_FOLDER/simple_bash_operator_dag.py', '--cfg-path', '/tmp/tmpz320en4d', '--error-file', '/tmp/tmpm6s6dak7']
[2021-04-25 00:05:17,519] {standard_task_runner.py:77} INFO - Job 412: Subtask second_task
[2021-04-25 00:05:17,636] {logging_mixin.py:104} INFO - Running <TaskInstance: bash_operator_dag.second_task 2021-03-07T00:00:00+00:00 [running]> on host 4a00a306afdc
[2021-04-25 00:05:17,783] {taskinstance.py:1283} INFO - Exporting the following env vars:
AIRFLOW_CTX_DAG_OWNER=airflow
AIRFLOW_CTX_DAG_ID=bash_operator_dag
AIRFLOW_CTX_TASK_ID=second_task
AIRFLOW_CTX_EXECUTION_DATE=2021-03-07T00:00:00+00:00
AIRFLOW_CTX_DAG_RUN_ID=scheduled__2021-03-07T00:00:00+00:00
[2021-04-25 00:05:17,784] {bash.py:135} INFO - Tmp dir root location: 
 /tmp
[2021-04-25 00:05:17,786] {bash.py:158} INFO - Running command: echo "testing second bash operator"
[2021-04-25 00:05:17,802] {bash.py:169} INFO - Output:
[2021-04-25 00:05:17,804] {bash.py:173} INFO - testing second bash operator
[2021-04-25 00:05:17,805] {bash.py:177} INFO - Command exited with return code 0
[2021-04-25 00:05:17,889] {taskinstance.py:1192} INFO - Marking task as SUCCESS. dag_id=bash_operator_dag, task_id=second_task, execution_date=20210307T000000, start_date=20210425T000517, end_date=20210425T000517
[2021-04-25 00:05:17,989] {taskinstance.py:1246} INFO - 0 downstream tasks scheduled from follow-on schedule check
[2021-04-25 00:05:18,040] {local_task_job.py:146} INFO - Task exited with return code 0
[2021-04-25 00:08:20,934] {taskinstance.py:877} INFO - Dependencies all met for <TaskInstance: bash_operator_dag.second_task 2021-03-07T00:00:00+00:00 [queued]>
[2021-04-25 00:08:20,982] {taskinstance.py:877} INFO - Dependencies all met for <TaskInstance: bash_operator_dag.second_task 2021-03-07T00:00:00+00:00 [queued]>
[2021-04-25 00:08:20,986] {taskinstance.py:1068} INFO - 
--------------------------------------------------------------------------------
[2021-04-25 00:08:20,986] {taskinstance.py:1069} INFO - Starting attempt 1 of 3
[2021-04-25 00:08:20,987] {taskinstance.py:1070} INFO - 
--------------------------------------------------------------------------------
[2021-04-25 00:08:21,117] {taskinstance.py:1089} INFO - Executing <Task(BashOperator): second_task> on 2021-03-07T00:00:00+00:00
[2021-04-25 00:08:21,138] {standard_task_runner.py:52} INFO - Started process 1697 to run task
[2021-04-25 00:08:21,167] {standard_task_runner.py:76} INFO - Running: ['airflow', 'tasks', 'run', 'bash_operator_dag', 'second_task', '2021-03-07T00:00:00+00:00', '--job-id', '600', '--pool', 'default_pool', '--raw', '--subdir', 'DAGS_FOLDER/simple_bash_operator_dag.py', '--cfg-path', '/tmp/tmp7kvp9hk1', '--error-file', '/tmp/tmphbqk4079']
[2021-04-25 00:08:21,168] {standard_task_runner.py:77} INFO - Job 600: Subtask second_task
[2021-04-25 00:08:21,411] {logging_mixin.py:104} INFO - Running <TaskInstance: bash_operator_dag.second_task 2021-03-07T00:00:00+00:00 [running]> on host 4a00a306afdc
[2021-04-25 00:08:21,598] {taskinstance.py:1283} INFO - Exporting the following env vars:
AIRFLOW_CTX_DAG_OWNER=airflow
AIRFLOW_CTX_DAG_ID=bash_operator_dag
AIRFLOW_CTX_TASK_ID=second_task
AIRFLOW_CTX_EXECUTION_DATE=2021-03-07T00:00:00+00:00
AIRFLOW_CTX_DAG_RUN_ID=scheduled__2021-03-07T00:00:00+00:00
[2021-04-25 00:08:21,599] {bash.py:135} INFO - Tmp dir root location: 
 /tmp
[2021-04-25 00:08:21,606] {bash.py:158} INFO - Running command: echo "testing second bash operator"
[2021-04-25 00:08:21,632] {bash.py:169} INFO - Output:
[2021-04-25 00:08:21,641] {bash.py:173} INFO - testing second bash operator
[2021-04-25 00:08:21,642] {bash.py:177} INFO - Command exited with return code 0
[2021-04-25 00:08:21,765] {taskinstance.py:1192} INFO - Marking task as SUCCESS. dag_id=bash_operator_dag, task_id=second_task, execution_date=20210307T000000, start_date=20210425T000820, end_date=20210425T000821
[2021-04-25 00:08:21,998] {taskinstance.py:1246} INFO - 0 downstream tasks scheduled from follow-on schedule check
[2021-04-25 00:08:22,051] {local_task_job.py:146} INFO - Task exited with return code 0
