[2021-04-25 00:07:16,999] {taskinstance.py:877} INFO - Dependencies all met for <TaskInstance: bash_operator_dag.first_task 2021-01-09T00:00:00+00:00 [queued]>
[2021-04-25 00:07:17,146] {taskinstance.py:877} INFO - Dependencies all met for <TaskInstance: bash_operator_dag.first_task 2021-01-09T00:00:00+00:00 [queued]>
[2021-04-25 00:07:17,147] {taskinstance.py:1068} INFO - 
--------------------------------------------------------------------------------
[2021-04-25 00:07:17,148] {taskinstance.py:1069} INFO - Starting attempt 1 of 3
[2021-04-25 00:07:17,149] {taskinstance.py:1070} INFO - 
--------------------------------------------------------------------------------
[2021-04-25 00:07:17,269] {taskinstance.py:1089} INFO - Executing <Task(BashOperator): first_task> on 2021-01-09T00:00:00+00:00
[2021-04-25 00:07:17,342] {standard_task_runner.py:76} INFO - Running: ['airflow', 'tasks', 'run', 'bash_operator_dag', 'first_task', '2021-01-09T00:00:00+00:00', '--job-id', '480', '--pool', 'default_pool', '--raw', '--subdir', 'DAGS_FOLDER/simple_bash_operator_dag.py', '--cfg-path', '/tmp/tmptyxd18sz', '--error-file', '/tmp/tmpr0nlyas4']
[2021-04-25 00:07:17,344] {standard_task_runner.py:77} INFO - Job 480: Subtask first_task
[2021-04-25 00:07:17,289] {standard_task_runner.py:52} INFO - Started process 1337 to run task
[2021-04-25 00:07:17,851] {logging_mixin.py:104} INFO - Running <TaskInstance: bash_operator_dag.first_task 2021-01-09T00:00:00+00:00 [running]> on host 4a00a306afdc
[2021-04-25 00:07:18,201] {taskinstance.py:1283} INFO - Exporting the following env vars:
AIRFLOW_CTX_DAG_OWNER=airflow
AIRFLOW_CTX_DAG_ID=bash_operator_dag
AIRFLOW_CTX_TASK_ID=first_task
AIRFLOW_CTX_EXECUTION_DATE=2021-01-09T00:00:00+00:00
AIRFLOW_CTX_DAG_RUN_ID=scheduled__2021-01-09T00:00:00+00:00
[2021-04-25 00:07:18,204] {bash.py:135} INFO - Tmp dir root location: 
 /tmp
[2021-04-25 00:07:18,211] {bash.py:158} INFO - Running command: echo "testing first bash operator"
[2021-04-25 00:07:18,239] {bash.py:169} INFO - Output:
[2021-04-25 00:07:18,247] {bash.py:173} INFO - testing first bash operator
[2021-04-25 00:07:18,249] {bash.py:177} INFO - Command exited with return code 0
[2021-04-25 00:07:18,447] {taskinstance.py:1192} INFO - Marking task as SUCCESS. dag_id=bash_operator_dag, task_id=first_task, execution_date=20210109T000000, start_date=20210425T000717, end_date=20210425T000718
[2021-04-25 00:07:18,603] {taskinstance.py:1246} INFO - 1 downstream tasks scheduled from follow-on schedule check
[2021-04-25 00:07:18,659] {local_task_job.py:146} INFO - Task exited with return code 0
[2021-04-25 00:43:33,459] {taskinstance.py:877} INFO - Dependencies all met for <TaskInstance: bash_operator_dag.first_task 2021-01-09T00:00:00+00:00 [queued]>
[2021-04-25 00:43:33,550] {taskinstance.py:877} INFO - Dependencies all met for <TaskInstance: bash_operator_dag.first_task 2021-01-09T00:00:00+00:00 [queued]>
[2021-04-25 00:43:33,550] {taskinstance.py:1068} INFO - 
--------------------------------------------------------------------------------
[2021-04-25 00:43:33,562] {taskinstance.py:1069} INFO - Starting attempt 1 of 3
[2021-04-25 00:43:33,562] {taskinstance.py:1070} INFO - 
--------------------------------------------------------------------------------
[2021-04-25 00:43:33,705] {taskinstance.py:1089} INFO - Executing <Task(BashOperator): first_task> on 2021-01-09T00:00:00+00:00
[2021-04-25 00:43:33,757] {standard_task_runner.py:76} INFO - Running: ['airflow', 'tasks', 'run', 'bash_operator_dag', 'first_task', '2021-01-09T00:00:00+00:00', '--job-id', '703', '--pool', 'default_pool', '--raw', '--subdir', 'DAGS_FOLDER/simple_bash_operator_dag.py', '--cfg-path', '/tmp/tmpjldp_94o', '--error-file', '/tmp/tmp_3ld4lin']
[2021-04-25 00:43:33,760] {standard_task_runner.py:77} INFO - Job 703: Subtask first_task
[2021-04-25 00:43:33,720] {standard_task_runner.py:52} INFO - Started process 2008 to run task
[2021-04-25 00:43:34,037] {logging_mixin.py:104} INFO - Running <TaskInstance: bash_operator_dag.first_task 2021-01-09T00:00:00+00:00 [running]> on host 4a00a306afdc
[2021-04-25 00:43:34,550] {taskinstance.py:1283} INFO - Exporting the following env vars:
AIRFLOW_CTX_DAG_OWNER=airflow
AIRFLOW_CTX_DAG_ID=bash_operator_dag
AIRFLOW_CTX_TASK_ID=first_task
AIRFLOW_CTX_EXECUTION_DATE=2021-01-09T00:00:00+00:00
AIRFLOW_CTX_DAG_RUN_ID=scheduled__2021-01-09T00:00:00+00:00
[2021-04-25 00:43:34,555] {bash.py:135} INFO - Tmp dir root location: 
 /tmp
[2021-04-25 00:43:34,562] {bash.py:158} INFO - Running command: echo "testing first bash operator"
[2021-04-25 00:43:34,861] {bash.py:169} INFO - Output:
[2021-04-25 00:43:34,862] {bash.py:173} INFO - testing first bash operator
[2021-04-25 00:43:34,863] {bash.py:177} INFO - Command exited with return code 0
[2021-04-25 00:43:35,356] {taskinstance.py:1192} INFO - Marking task as SUCCESS. dag_id=bash_operator_dag, task_id=first_task, execution_date=20210109T000000, start_date=20210425T004333, end_date=20210425T004335
[2021-04-25 00:43:36,097] {taskinstance.py:1246} INFO - 1 downstream tasks scheduled from follow-on schedule check
[2021-04-25 00:43:36,144] {local_task_job.py:146} INFO - Task exited with return code 0
