[2021-04-25 00:05:20,069] {taskinstance.py:877} INFO - Dependencies all met for <TaskInstance: bash_operator_dag.first_task 2021-03-14T00:00:00+00:00 [queued]>
[2021-04-25 00:05:20,117] {taskinstance.py:877} INFO - Dependencies all met for <TaskInstance: bash_operator_dag.first_task 2021-03-14T00:00:00+00:00 [queued]>
[2021-04-25 00:05:20,121] {taskinstance.py:1068} INFO - 
--------------------------------------------------------------------------------
[2021-04-25 00:05:20,122] {taskinstance.py:1069} INFO - Starting attempt 1 of 1
[2021-04-25 00:05:20,123] {taskinstance.py:1070} INFO - 
--------------------------------------------------------------------------------
[2021-04-25 00:05:20,169] {taskinstance.py:1089} INFO - Executing <Task(BashOperator): first_task> on 2021-03-14T00:00:00+00:00
[2021-04-25 00:05:20,175] {standard_task_runner.py:52} INFO - Started process 1160 to run task
[2021-04-25 00:05:20,210] {standard_task_runner.py:76} INFO - Running: ['airflow', 'tasks', 'run', 'bash_operator_dag', 'first_task', '2021-03-14T00:00:00+00:00', '--job-id', '421', '--pool', 'default_pool', '--raw', '--subdir', 'DAGS_FOLDER/simple_bash_operator_dag.py', '--cfg-path', '/tmp/tmppkbnrgss', '--error-file', '/tmp/tmpj87ih01i']
[2021-04-25 00:05:20,211] {standard_task_runner.py:77} INFO - Job 421: Subtask first_task
[2021-04-25 00:05:20,338] {logging_mixin.py:104} INFO - Running <TaskInstance: bash_operator_dag.first_task 2021-03-14T00:00:00+00:00 [running]> on host 4a00a306afdc
[2021-04-25 00:05:20,496] {taskinstance.py:1283} INFO - Exporting the following env vars:
AIRFLOW_CTX_DAG_OWNER=airflow
AIRFLOW_CTX_DAG_ID=bash_operator_dag
AIRFLOW_CTX_TASK_ID=first_task
AIRFLOW_CTX_EXECUTION_DATE=2021-03-14T00:00:00+00:00
AIRFLOW_CTX_DAG_RUN_ID=scheduled__2021-03-14T00:00:00+00:00
[2021-04-25 00:05:20,497] {bash.py:135} INFO - Tmp dir root location: 
 /tmp
[2021-04-25 00:05:20,499] {bash.py:158} INFO - Running command: echo "testing first bash operator"
[2021-04-25 00:05:20,533] {bash.py:169} INFO - Output:
[2021-04-25 00:05:20,536] {bash.py:173} INFO - testing first bash operator
[2021-04-25 00:05:20,537] {bash.py:177} INFO - Command exited with return code 0
[2021-04-25 00:05:20,642] {taskinstance.py:1192} INFO - Marking task as SUCCESS. dag_id=bash_operator_dag, task_id=first_task, execution_date=20210314T000000, start_date=20210425T000520, end_date=20210425T000520
[2021-04-25 00:05:20,762] {taskinstance.py:1246} INFO - 1 downstream tasks scheduled from follow-on schedule check
[2021-04-25 00:05:20,810] {local_task_job.py:146} INFO - Task exited with return code 0
[2021-04-25 00:08:25,106] {taskinstance.py:877} INFO - Dependencies all met for <TaskInstance: bash_operator_dag.first_task 2021-03-14T00:00:00+00:00 [queued]>
[2021-04-25 00:08:25,144] {taskinstance.py:877} INFO - Dependencies all met for <TaskInstance: bash_operator_dag.first_task 2021-03-14T00:00:00+00:00 [queued]>
[2021-04-25 00:08:25,150] {taskinstance.py:1068} INFO - 
--------------------------------------------------------------------------------
[2021-04-25 00:08:25,151] {taskinstance.py:1069} INFO - Starting attempt 1 of 3
[2021-04-25 00:08:25,151] {taskinstance.py:1070} INFO - 
--------------------------------------------------------------------------------
[2021-04-25 00:08:25,207] {taskinstance.py:1089} INFO - Executing <Task(BashOperator): first_task> on 2021-03-14T00:00:00+00:00
[2021-04-25 00:08:25,217] {standard_task_runner.py:52} INFO - Started process 1721 to run task
[2021-04-25 00:08:25,233] {standard_task_runner.py:76} INFO - Running: ['airflow', 'tasks', 'run', 'bash_operator_dag', 'first_task', '2021-03-14T00:00:00+00:00', '--job-id', '608', '--pool', 'default_pool', '--raw', '--subdir', 'DAGS_FOLDER/simple_bash_operator_dag.py', '--cfg-path', '/tmp/tmpjv9mh8ij', '--error-file', '/tmp/tmp76jn9sv3']
[2021-04-25 00:08:25,235] {standard_task_runner.py:77} INFO - Job 608: Subtask first_task
[2021-04-25 00:08:25,413] {logging_mixin.py:104} INFO - Running <TaskInstance: bash_operator_dag.first_task 2021-03-14T00:00:00+00:00 [running]> on host 4a00a306afdc
[2021-04-25 00:08:25,534] {taskinstance.py:1283} INFO - Exporting the following env vars:
AIRFLOW_CTX_DAG_OWNER=airflow
AIRFLOW_CTX_DAG_ID=bash_operator_dag
AIRFLOW_CTX_TASK_ID=first_task
AIRFLOW_CTX_EXECUTION_DATE=2021-03-14T00:00:00+00:00
AIRFLOW_CTX_DAG_RUN_ID=scheduled__2021-03-14T00:00:00+00:00
[2021-04-25 00:08:25,537] {bash.py:135} INFO - Tmp dir root location: 
 /tmp
[2021-04-25 00:08:25,540] {bash.py:158} INFO - Running command: echo "testing first bash operator"
[2021-04-25 00:08:25,569] {bash.py:169} INFO - Output:
[2021-04-25 00:08:25,572] {bash.py:173} INFO - testing first bash operator
[2021-04-25 00:08:25,573] {bash.py:177} INFO - Command exited with return code 0
[2021-04-25 00:08:25,691] {taskinstance.py:1192} INFO - Marking task as SUCCESS. dag_id=bash_operator_dag, task_id=first_task, execution_date=20210314T000000, start_date=20210425T000825, end_date=20210425T000825
[2021-04-25 00:08:25,802] {taskinstance.py:1246} INFO - 1 downstream tasks scheduled from follow-on schedule check
[2021-04-25 00:08:25,856] {local_task_job.py:146} INFO - Task exited with return code 0
