[2021-04-25 00:07:34,500] {taskinstance.py:877} INFO - Dependencies all met for <TaskInstance: bash_operator_dag.first_task 2021-01-26T00:00:00+00:00 [queued]>
[2021-04-25 00:07:34,555] {taskinstance.py:877} INFO - Dependencies all met for <TaskInstance: bash_operator_dag.first_task 2021-01-26T00:00:00+00:00 [queued]>
[2021-04-25 00:07:34,558] {taskinstance.py:1068} INFO - 
--------------------------------------------------------------------------------
[2021-04-25 00:07:34,560] {taskinstance.py:1069} INFO - Starting attempt 1 of 3
[2021-04-25 00:07:34,560] {taskinstance.py:1070} INFO - 
--------------------------------------------------------------------------------
[2021-04-25 00:07:34,601] {taskinstance.py:1089} INFO - Executing <Task(BashOperator): first_task> on 2021-01-26T00:00:00+00:00
[2021-04-25 00:07:34,609] {standard_task_runner.py:52} INFO - Started process 1440 to run task
[2021-04-25 00:07:34,621] {standard_task_runner.py:76} INFO - Running: ['airflow', 'tasks', 'run', 'bash_operator_dag', 'first_task', '2021-01-26T00:00:00+00:00', '--job-id', '514', '--pool', 'default_pool', '--raw', '--subdir', 'DAGS_FOLDER/simple_bash_operator_dag.py', '--cfg-path', '/tmp/tmpq2f1i7dt', '--error-file', '/tmp/tmpvwghc7hv']
[2021-04-25 00:07:34,624] {standard_task_runner.py:77} INFO - Job 514: Subtask first_task
[2021-04-25 00:07:34,745] {logging_mixin.py:104} INFO - Running <TaskInstance: bash_operator_dag.first_task 2021-01-26T00:00:00+00:00 [running]> on host 4a00a306afdc
[2021-04-25 00:07:34,891] {taskinstance.py:1283} INFO - Exporting the following env vars:
AIRFLOW_CTX_DAG_OWNER=airflow
AIRFLOW_CTX_DAG_ID=bash_operator_dag
AIRFLOW_CTX_TASK_ID=first_task
AIRFLOW_CTX_EXECUTION_DATE=2021-01-26T00:00:00+00:00
AIRFLOW_CTX_DAG_RUN_ID=scheduled__2021-01-26T00:00:00+00:00
[2021-04-25 00:07:34,894] {bash.py:135} INFO - Tmp dir root location: 
 /tmp
[2021-04-25 00:07:34,898] {bash.py:158} INFO - Running command: echo "testing first bash operator"
[2021-04-25 00:07:34,935] {bash.py:169} INFO - Output:
[2021-04-25 00:07:34,939] {bash.py:173} INFO - testing first bash operator
[2021-04-25 00:07:34,940] {bash.py:177} INFO - Command exited with return code 0
[2021-04-25 00:07:35,023] {taskinstance.py:1192} INFO - Marking task as SUCCESS. dag_id=bash_operator_dag, task_id=first_task, execution_date=20210126T000000, start_date=20210425T000734, end_date=20210425T000735
[2021-04-25 00:07:35,102] {taskinstance.py:1246} INFO - 1 downstream tasks scheduled from follow-on schedule check
[2021-04-25 00:07:35,162] {local_task_job.py:146} INFO - Task exited with return code 0
[2021-04-25 00:44:03,666] {taskinstance.py:877} INFO - Dependencies all met for <TaskInstance: bash_operator_dag.first_task 2021-01-26T00:00:00+00:00 [queued]>
[2021-04-25 00:44:03,720] {taskinstance.py:877} INFO - Dependencies all met for <TaskInstance: bash_operator_dag.first_task 2021-01-26T00:00:00+00:00 [queued]>
[2021-04-25 00:44:03,734] {taskinstance.py:1068} INFO - 
--------------------------------------------------------------------------------
[2021-04-25 00:44:03,734] {taskinstance.py:1069} INFO - Starting attempt 1 of 3
[2021-04-25 00:44:03,734] {taskinstance.py:1070} INFO - 
--------------------------------------------------------------------------------
[2021-04-25 00:44:03,832] {taskinstance.py:1089} INFO - Executing <Task(BashOperator): first_task> on 2021-01-26T00:00:00+00:00
[2021-04-25 00:44:03,871] {standard_task_runner.py:76} INFO - Running: ['airflow', 'tasks', 'run', 'bash_operator_dag', 'first_task', '2021-01-26T00:00:00+00:00', '--job-id', '743', '--pool', 'default_pool', '--raw', '--subdir', 'DAGS_FOLDER/simple_bash_operator_dag.py', '--cfg-path', '/tmp/tmpg1u7nwp2', '--error-file', '/tmp/tmptgfu2z9_']
[2021-04-25 00:44:03,874] {standard_task_runner.py:77} INFO - Job 743: Subtask first_task
[2021-04-25 00:44:03,859] {standard_task_runner.py:52} INFO - Started process 2124 to run task
[2021-04-25 00:44:04,130] {logging_mixin.py:104} INFO - Running <TaskInstance: bash_operator_dag.first_task 2021-01-26T00:00:00+00:00 [running]> on host 4a00a306afdc
[2021-04-25 00:44:04,313] {taskinstance.py:1283} INFO - Exporting the following env vars:
AIRFLOW_CTX_DAG_OWNER=airflow
AIRFLOW_CTX_DAG_ID=bash_operator_dag
AIRFLOW_CTX_TASK_ID=first_task
AIRFLOW_CTX_EXECUTION_DATE=2021-01-26T00:00:00+00:00
AIRFLOW_CTX_DAG_RUN_ID=scheduled__2021-01-26T00:00:00+00:00
[2021-04-25 00:44:04,315] {bash.py:135} INFO - Tmp dir root location: 
 /tmp
[2021-04-25 00:44:04,318] {bash.py:158} INFO - Running command: echo "testing first bash operator"
[2021-04-25 00:44:04,354] {bash.py:169} INFO - Output:
[2021-04-25 00:44:04,362] {bash.py:173} INFO - testing first bash operator
[2021-04-25 00:44:04,364] {bash.py:177} INFO - Command exited with return code 0
[2021-04-25 00:44:04,484] {taskinstance.py:1192} INFO - Marking task as SUCCESS. dag_id=bash_operator_dag, task_id=first_task, execution_date=20210126T000000, start_date=20210425T004403, end_date=20210425T004404
[2021-04-25 00:44:04,618] {taskinstance.py:1246} INFO - 1 downstream tasks scheduled from follow-on schedule check
[2021-04-25 00:44:04,668] {local_task_job.py:146} INFO - Task exited with return code 0
