[2021-04-25 14:45:27,560] {scheduler_job.py:182} INFO - Started process (PID=4771) to work on /opt/airflow/dags/python_operator/branch_python_operator_dag.py
[2021-04-25 14:45:27,562] {scheduler_job.py:629} INFO - Processing file /opt/airflow/dags/python_operator/branch_python_operator_dag.py for tasks to queue
[2021-04-25 14:45:27,564] {logging_mixin.py:104} INFO - [2021-04-25 14:45:27,563] {dagbag.py:451} INFO - Filling up the DagBag from /opt/airflow/dags/python_operator/branch_python_operator_dag.py
[2021-04-25 14:45:27,595] {logging_mixin.py:104} INFO - [2021-04-25 14:45:27,584] {dagbag.py:308} ERROR - Failed to import: /opt/airflow/dags/python_operator/branch_python_operator_dag.py
Traceback (most recent call last):
  File "/home/airflow/.local/lib/python3.6/site-packages/airflow/models/dagbag.py", line 305, in _load_modules_from_file
    loader.exec_module(new_module)
  File "<frozen importlib._bootstrap_external>", line 678, in exec_module
  File "<frozen importlib._bootstrap>", line 219, in _call_with_frames_removed
  File "/opt/airflow/dags/python_operator/branch_python_operator_dag.py", line 30, in <module>
    first_task = PythonOperator(
NameError: name 'PythonOperator' is not defined
[2021-04-25 14:45:27,596] {scheduler_job.py:641} WARNING - No viable dags retrieved from /opt/airflow/dags/python_operator/branch_python_operator_dag.py
[2021-04-25 14:45:27,637] {scheduler_job.py:190} INFO - Processing /opt/airflow/dags/python_operator/branch_python_operator_dag.py took 0.085 seconds
[2021-04-25 14:45:58,390] {scheduler_job.py:182} INFO - Started process (PID=4804) to work on /opt/airflow/dags/python_operator/branch_python_operator_dag.py
[2021-04-25 14:45:58,391] {scheduler_job.py:629} INFO - Processing file /opt/airflow/dags/python_operator/branch_python_operator_dag.py for tasks to queue
[2021-04-25 14:45:58,392] {logging_mixin.py:104} INFO - [2021-04-25 14:45:58,392] {dagbag.py:451} INFO - Filling up the DagBag from /opt/airflow/dags/python_operator/branch_python_operator_dag.py
[2021-04-25 14:45:58,403] {logging_mixin.py:104} INFO - [2021-04-25 14:45:58,402] {dagbag.py:308} ERROR - Failed to import: /opt/airflow/dags/python_operator/branch_python_operator_dag.py
Traceback (most recent call last):
  File "/home/airflow/.local/lib/python3.6/site-packages/airflow/models/dagbag.py", line 305, in _load_modules_from_file
    loader.exec_module(new_module)
  File "<frozen importlib._bootstrap_external>", line 678, in exec_module
  File "<frozen importlib._bootstrap>", line 219, in _call_with_frames_removed
  File "/opt/airflow/dags/python_operator/branch_python_operator_dag.py", line 30, in <module>
    first_task = PythonOperator(
NameError: name 'PythonOperator' is not defined
[2021-04-25 14:45:58,404] {scheduler_job.py:641} WARNING - No viable dags retrieved from /opt/airflow/dags/python_operator/branch_python_operator_dag.py
[2021-04-25 14:45:58,426] {scheduler_job.py:190} INFO - Processing /opt/airflow/dags/python_operator/branch_python_operator_dag.py took 0.040 seconds
[2021-04-25 14:46:28,990] {scheduler_job.py:182} INFO - Started process (PID=4837) to work on /opt/airflow/dags/python_operator/branch_python_operator_dag.py
[2021-04-25 14:46:28,992] {scheduler_job.py:629} INFO - Processing file /opt/airflow/dags/python_operator/branch_python_operator_dag.py for tasks to queue
[2021-04-25 14:46:28,993] {logging_mixin.py:104} INFO - [2021-04-25 14:46:28,993] {dagbag.py:451} INFO - Filling up the DagBag from /opt/airflow/dags/python_operator/branch_python_operator_dag.py
[2021-04-25 14:46:29,013] {logging_mixin.py:104} INFO - [2021-04-25 14:46:29,012] {dagbag.py:308} ERROR - Failed to import: /opt/airflow/dags/python_operator/branch_python_operator_dag.py
Traceback (most recent call last):
  File "/home/airflow/.local/lib/python3.6/site-packages/airflow/models/dagbag.py", line 305, in _load_modules_from_file
    loader.exec_module(new_module)
  File "<frozen importlib._bootstrap_external>", line 678, in exec_module
  File "<frozen importlib._bootstrap>", line 219, in _call_with_frames_removed
  File "/opt/airflow/dags/python_operator/branch_python_operator_dag.py", line 32, in <module>
    python_callable=print_string,
NameError: name 'print_string' is not defined
[2021-04-25 14:46:29,014] {scheduler_job.py:641} WARNING - No viable dags retrieved from /opt/airflow/dags/python_operator/branch_python_operator_dag.py
[2021-04-25 14:46:29,043] {scheduler_job.py:190} INFO - Processing /opt/airflow/dags/python_operator/branch_python_operator_dag.py took 0.057 seconds
[2021-04-25 14:46:59,685] {scheduler_job.py:182} INFO - Started process (PID=4870) to work on /opt/airflow/dags/python_operator/branch_python_operator_dag.py
[2021-04-25 14:46:59,687] {scheduler_job.py:629} INFO - Processing file /opt/airflow/dags/python_operator/branch_python_operator_dag.py for tasks to queue
[2021-04-25 14:46:59,688] {logging_mixin.py:104} INFO - [2021-04-25 14:46:59,688] {dagbag.py:451} INFO - Filling up the DagBag from /opt/airflow/dags/python_operator/branch_python_operator_dag.py
[2021-04-25 14:46:59,997] {logging_mixin.py:104} WARNING - /home/airflow/.local/lib/python3.6/site-packages/airflow/utils/decorators.py:94 DeprecationWarning: provide_context is deprecated as of 2.0 and is no longer required
[2021-04-25 14:47:00,003] {scheduler_job.py:639} INFO - DAG(s) dict_keys(['branch_python_operator_dag']) retrieved from /opt/airflow/dags/python_operator/branch_python_operator_dag.py
[2021-04-25 14:47:00,034] {logging_mixin.py:104} INFO - [2021-04-25 14:47:00,033] {dag.py:1824} INFO - Sync 1 DAGs
[2021-04-25 14:47:00,046] {logging_mixin.py:104} INFO - [2021-04-25 14:47:00,046] {dag.py:1843} INFO - Creating ORM DAG for branch_python_operator_dag
[2021-04-25 14:47:00,066] {logging_mixin.py:104} INFO - [2021-04-25 14:47:00,066] {dag.py:2280} INFO - Setting next_dagrun for branch_python_operator_dag to 2021-04-24 00:00:00+00:00
[2021-04-25 14:47:00,084] {scheduler_job.py:190} INFO - Processing /opt/airflow/dags/python_operator/branch_python_operator_dag.py took 0.403 seconds
[2021-04-25 14:47:30,125] {scheduler_job.py:182} INFO - Started process (PID=4907) to work on /opt/airflow/dags/python_operator/branch_python_operator_dag.py
[2021-04-25 14:47:30,128] {scheduler_job.py:629} INFO - Processing file /opt/airflow/dags/python_operator/branch_python_operator_dag.py for tasks to queue
[2021-04-25 14:47:30,129] {logging_mixin.py:104} INFO - [2021-04-25 14:47:30,129] {dagbag.py:451} INFO - Filling up the DagBag from /opt/airflow/dags/python_operator/branch_python_operator_dag.py
[2021-04-25 14:47:30,182] {logging_mixin.py:104} WARNING - /home/airflow/.local/lib/python3.6/site-packages/airflow/utils/decorators.py:94 DeprecationWarning: provide_context is deprecated as of 2.0 and is no longer required
[2021-04-25 14:47:30,187] {scheduler_job.py:639} INFO - DAG(s) dict_keys(['branch_python_operator_dag']) retrieved from /opt/airflow/dags/python_operator/branch_python_operator_dag.py
[2021-04-25 14:47:30,206] {logging_mixin.py:104} INFO - [2021-04-25 14:47:30,206] {dag.py:1824} INFO - Sync 1 DAGs
[2021-04-25 14:47:30,264] {logging_mixin.py:104} INFO - [2021-04-25 14:47:30,264] {dag.py:2280} INFO - Setting next_dagrun for branch_python_operator_dag to 2021-04-24 00:00:00+00:00
[2021-04-25 14:47:30,277] {scheduler_job.py:190} INFO - Processing /opt/airflow/dags/python_operator/branch_python_operator_dag.py took 0.158 seconds
[2021-04-25 14:48:00,749] {scheduler_job.py:182} INFO - Started process (PID=4936) to work on /opt/airflow/dags/python_operator/branch_python_operator_dag.py
[2021-04-25 14:48:00,750] {scheduler_job.py:629} INFO - Processing file /opt/airflow/dags/python_operator/branch_python_operator_dag.py for tasks to queue
[2021-04-25 14:48:00,751] {logging_mixin.py:104} INFO - [2021-04-25 14:48:00,751] {dagbag.py:451} INFO - Filling up the DagBag from /opt/airflow/dags/python_operator/branch_python_operator_dag.py
[2021-04-25 14:48:00,815] {logging_mixin.py:104} WARNING - /home/airflow/.local/lib/python3.6/site-packages/airflow/utils/decorators.py:94 DeprecationWarning: provide_context is deprecated as of 2.0 and is no longer required
[2021-04-25 14:48:00,823] {scheduler_job.py:639} INFO - DAG(s) dict_keys(['branch_python_operator_dag']) retrieved from /opt/airflow/dags/python_operator/branch_python_operator_dag.py
[2021-04-25 14:48:00,850] {logging_mixin.py:104} INFO - [2021-04-25 14:48:00,850] {dag.py:1824} INFO - Sync 1 DAGs
[2021-04-25 14:48:00,880] {logging_mixin.py:104} INFO - [2021-04-25 14:48:00,880] {dag.py:2280} INFO - Setting next_dagrun for branch_python_operator_dag to 2021-04-24 00:00:00+00:00
[2021-04-25 14:48:00,892] {scheduler_job.py:190} INFO - Processing /opt/airflow/dags/python_operator/branch_python_operator_dag.py took 0.148 seconds
[2021-04-25 14:48:31,027] {scheduler_job.py:182} INFO - Started process (PID=4969) to work on /opt/airflow/dags/python_operator/branch_python_operator_dag.py
[2021-04-25 14:48:31,028] {scheduler_job.py:629} INFO - Processing file /opt/airflow/dags/python_operator/branch_python_operator_dag.py for tasks to queue
[2021-04-25 14:48:31,029] {logging_mixin.py:104} INFO - [2021-04-25 14:48:31,029] {dagbag.py:451} INFO - Filling up the DagBag from /opt/airflow/dags/python_operator/branch_python_operator_dag.py
[2021-04-25 14:48:31,093] {logging_mixin.py:104} WARNING - /home/airflow/.local/lib/python3.6/site-packages/airflow/utils/decorators.py:94 DeprecationWarning: provide_context is deprecated as of 2.0 and is no longer required
[2021-04-25 14:48:31,094] {logging_mixin.py:104} INFO - [2021-04-25 14:48:31,094] {dagbag.py:308} ERROR - Failed to import: /opt/airflow/dags/python_operator/branch_python_operator_dag.py
Traceback (most recent call last):
  File "/home/airflow/.local/lib/python3.6/site-packages/airflow/models/dagbag.py", line 305, in _load_modules_from_file
    loader.exec_module(new_module)
  File "<frozen importlib._bootstrap_external>", line 678, in exec_module
  File "<frozen importlib._bootstrap>", line 219, in _call_with_frames_removed
  File "/opt/airflow/dags/python_operator/branch_python_operator_dag.py", line 38, in <module>
    branch_task >> even_day_task
NameError: name 'even_day_task' is not defined
[2021-04-25 14:48:31,095] {scheduler_job.py:641} WARNING - No viable dags retrieved from /opt/airflow/dags/python_operator/branch_python_operator_dag.py
[2021-04-25 14:48:31,119] {scheduler_job.py:190} INFO - Processing /opt/airflow/dags/python_operator/branch_python_operator_dag.py took 0.096 seconds
[2021-04-25 14:49:01,978] {scheduler_job.py:182} INFO - Started process (PID=5002) to work on /opt/airflow/dags/python_operator/branch_python_operator_dag.py
[2021-04-25 14:49:01,979] {scheduler_job.py:629} INFO - Processing file /opt/airflow/dags/python_operator/branch_python_operator_dag.py for tasks to queue
[2021-04-25 14:49:01,980] {logging_mixin.py:104} INFO - [2021-04-25 14:49:01,980] {dagbag.py:451} INFO - Filling up the DagBag from /opt/airflow/dags/python_operator/branch_python_operator_dag.py
[2021-04-25 14:49:02,041] {logging_mixin.py:104} WARNING - /home/airflow/.local/lib/python3.6/site-packages/airflow/utils/decorators.py:94 DeprecationWarning: provide_context is deprecated as of 2.0 and is no longer required
[2021-04-25 14:49:02,043] {logging_mixin.py:104} INFO - [2021-04-25 14:49:02,042] {dagbag.py:308} ERROR - Failed to import: /opt/airflow/dags/python_operator/branch_python_operator_dag.py
Traceback (most recent call last):
  File "/home/airflow/.local/lib/python3.6/site-packages/airflow/models/dagbag.py", line 305, in _load_modules_from_file
    loader.exec_module(new_module)
  File "<frozen importlib._bootstrap_external>", line 678, in exec_module
  File "<frozen importlib._bootstrap>", line 219, in _call_with_frames_removed
  File "/opt/airflow/dags/python_operator/branch_python_operator_dag.py", line 40, in <module>
    branch_task >> even_day_task
NameError: name 'even_day_task' is not defined
[2021-04-25 14:49:02,043] {scheduler_job.py:641} WARNING - No viable dags retrieved from /opt/airflow/dags/python_operator/branch_python_operator_dag.py
[2021-04-25 14:49:02,062] {scheduler_job.py:190} INFO - Processing /opt/airflow/dags/python_operator/branch_python_operator_dag.py took 0.088 seconds
[2021-04-25 14:49:32,817] {scheduler_job.py:182} INFO - Started process (PID=5035) to work on /opt/airflow/dags/python_operator/branch_python_operator_dag.py
[2021-04-25 14:49:32,818] {scheduler_job.py:629} INFO - Processing file /opt/airflow/dags/python_operator/branch_python_operator_dag.py for tasks to queue
[2021-04-25 14:49:32,819] {logging_mixin.py:104} INFO - [2021-04-25 14:49:32,819] {dagbag.py:451} INFO - Filling up the DagBag from /opt/airflow/dags/python_operator/branch_python_operator_dag.py
[2021-04-25 14:49:32,883] {logging_mixin.py:104} WARNING - /home/airflow/.local/lib/python3.6/site-packages/airflow/utils/decorators.py:94 DeprecationWarning: provide_context is deprecated as of 2.0 and is no longer required
[2021-04-25 14:49:32,889] {scheduler_job.py:639} INFO - DAG(s) dict_keys(['branch_python_operator_dag']) retrieved from /opt/airflow/dags/python_operator/branch_python_operator_dag.py
[2021-04-25 14:49:32,914] {logging_mixin.py:104} INFO - [2021-04-25 14:49:32,914] {dag.py:1824} INFO - Sync 1 DAGs
[2021-04-25 14:49:32,950] {logging_mixin.py:104} INFO - [2021-04-25 14:49:32,950] {dag.py:2280} INFO - Setting next_dagrun for branch_python_operator_dag to 2021-04-24 00:00:00+00:00
[2021-04-25 14:49:32,970] {scheduler_job.py:190} INFO - Processing /opt/airflow/dags/python_operator/branch_python_operator_dag.py took 0.157 seconds
[2021-04-25 14:50:03,473] {scheduler_job.py:182} INFO - Started process (PID=5068) to work on /opt/airflow/dags/python_operator/branch_python_operator_dag.py
[2021-04-25 14:50:03,475] {scheduler_job.py:629} INFO - Processing file /opt/airflow/dags/python_operator/branch_python_operator_dag.py for tasks to queue
[2021-04-25 14:50:03,476] {logging_mixin.py:104} INFO - [2021-04-25 14:50:03,476] {dagbag.py:451} INFO - Filling up the DagBag from /opt/airflow/dags/python_operator/branch_python_operator_dag.py
[2021-04-25 14:50:03,586] {logging_mixin.py:104} WARNING - /home/airflow/.local/lib/python3.6/site-packages/airflow/utils/decorators.py:94 DeprecationWarning: provide_context is deprecated as of 2.0 and is no longer required
[2021-04-25 14:50:03,592] {scheduler_job.py:639} INFO - DAG(s) dict_keys(['branch_python_operator_dag']) retrieved from /opt/airflow/dags/python_operator/branch_python_operator_dag.py
[2021-04-25 14:50:03,617] {logging_mixin.py:104} INFO - [2021-04-25 14:50:03,617] {dag.py:1824} INFO - Sync 1 DAGs
[2021-04-25 14:50:03,645] {logging_mixin.py:104} INFO - [2021-04-25 14:50:03,645] {dag.py:2280} INFO - Setting next_dagrun for branch_python_operator_dag to 2021-04-24 00:00:00+00:00
[2021-04-25 14:50:03,660] {scheduler_job.py:190} INFO - Processing /opt/airflow/dags/python_operator/branch_python_operator_dag.py took 0.196 seconds
[2021-04-25 14:50:34,127] {scheduler_job.py:182} INFO - Started process (PID=5101) to work on /opt/airflow/dags/python_operator/branch_python_operator_dag.py
[2021-04-25 14:50:34,128] {scheduler_job.py:629} INFO - Processing file /opt/airflow/dags/python_operator/branch_python_operator_dag.py for tasks to queue
[2021-04-25 14:50:34,129] {logging_mixin.py:104} INFO - [2021-04-25 14:50:34,129] {dagbag.py:451} INFO - Filling up the DagBag from /opt/airflow/dags/python_operator/branch_python_operator_dag.py
[2021-04-25 14:50:34,194] {logging_mixin.py:104} WARNING - /home/airflow/.local/lib/python3.6/site-packages/airflow/utils/decorators.py:94 DeprecationWarning: provide_context is deprecated as of 2.0 and is no longer required
[2021-04-25 14:50:34,202] {scheduler_job.py:639} INFO - DAG(s) dict_keys(['branch_python_operator_dag']) retrieved from /opt/airflow/dags/python_operator/branch_python_operator_dag.py
[2021-04-25 14:50:34,229] {logging_mixin.py:104} INFO - [2021-04-25 14:50:34,229] {dag.py:1824} INFO - Sync 1 DAGs
[2021-04-25 14:50:34,262] {logging_mixin.py:104} INFO - [2021-04-25 14:50:34,262] {dag.py:2280} INFO - Setting next_dagrun for branch_python_operator_dag to 2021-04-24 00:00:00+00:00
[2021-04-25 14:50:34,277] {scheduler_job.py:190} INFO - Processing /opt/airflow/dags/python_operator/branch_python_operator_dag.py took 0.154 seconds
[2021-04-25 14:51:05,091] {scheduler_job.py:182} INFO - Started process (PID=5134) to work on /opt/airflow/dags/python_operator/branch_python_operator_dag.py
[2021-04-25 14:51:05,093] {scheduler_job.py:629} INFO - Processing file /opt/airflow/dags/python_operator/branch_python_operator_dag.py for tasks to queue
[2021-04-25 14:51:05,094] {logging_mixin.py:104} INFO - [2021-04-25 14:51:05,094] {dagbag.py:451} INFO - Filling up the DagBag from /opt/airflow/dags/python_operator/branch_python_operator_dag.py
[2021-04-25 14:51:05,281] {logging_mixin.py:104} WARNING - /home/airflow/.local/lib/python3.6/site-packages/airflow/utils/decorators.py:94 DeprecationWarning: provide_context is deprecated as of 2.0 and is no longer required
[2021-04-25 14:51:05,290] {scheduler_job.py:639} INFO - DAG(s) dict_keys(['branch_python_operator_dag']) retrieved from /opt/airflow/dags/python_operator/branch_python_operator_dag.py
[2021-04-25 14:51:05,326] {logging_mixin.py:104} INFO - [2021-04-25 14:51:05,326] {dag.py:1824} INFO - Sync 1 DAGs
[2021-04-25 14:51:05,368] {logging_mixin.py:104} INFO - [2021-04-25 14:51:05,367] {dag.py:2280} INFO - Setting next_dagrun for branch_python_operator_dag to 2021-04-25 00:00:00+00:00
[2021-04-25 14:51:05,410] {scheduler_job.py:190} INFO - Processing /opt/airflow/dags/python_operator/branch_python_operator_dag.py took 0.334 seconds
[2021-04-25 14:51:35,528] {scheduler_job.py:182} INFO - Started process (PID=5168) to work on /opt/airflow/dags/python_operator/branch_python_operator_dag.py
[2021-04-25 14:51:35,530] {scheduler_job.py:629} INFO - Processing file /opt/airflow/dags/python_operator/branch_python_operator_dag.py for tasks to queue
[2021-04-25 14:51:35,532] {logging_mixin.py:104} INFO - [2021-04-25 14:51:35,531] {dagbag.py:451} INFO - Filling up the DagBag from /opt/airflow/dags/python_operator/branch_python_operator_dag.py
[2021-04-25 14:51:35,590] {logging_mixin.py:104} WARNING - /home/airflow/.local/lib/python3.6/site-packages/airflow/utils/decorators.py:94 DeprecationWarning: provide_context is deprecated as of 2.0 and is no longer required
[2021-04-25 14:51:35,600] {scheduler_job.py:639} INFO - DAG(s) dict_keys(['branch_python_operator_dag']) retrieved from /opt/airflow/dags/python_operator/branch_python_operator_dag.py
[2021-04-25 14:51:35,627] {logging_mixin.py:104} INFO - [2021-04-25 14:51:35,627] {dag.py:1824} INFO - Sync 1 DAGs
[2021-04-25 14:51:35,658] {logging_mixin.py:104} INFO - [2021-04-25 14:51:35,658] {dag.py:2280} INFO - Setting next_dagrun for branch_python_operator_dag to 2021-04-25 00:00:00+00:00
[2021-04-25 14:51:35,733] {scheduler_job.py:190} INFO - Processing /opt/airflow/dags/python_operator/branch_python_operator_dag.py took 0.209 seconds
[2021-04-25 14:52:06,103] {scheduler_job.py:182} INFO - Started process (PID=5200) to work on /opt/airflow/dags/python_operator/branch_python_operator_dag.py
[2021-04-25 14:52:06,104] {scheduler_job.py:629} INFO - Processing file /opt/airflow/dags/python_operator/branch_python_operator_dag.py for tasks to queue
[2021-04-25 14:52:06,105] {logging_mixin.py:104} INFO - [2021-04-25 14:52:06,105] {dagbag.py:451} INFO - Filling up the DagBag from /opt/airflow/dags/python_operator/branch_python_operator_dag.py
[2021-04-25 14:52:06,198] {logging_mixin.py:104} WARNING - /home/airflow/.local/lib/python3.6/site-packages/airflow/utils/decorators.py:94 DeprecationWarning: provide_context is deprecated as of 2.0 and is no longer required
[2021-04-25 14:52:06,207] {scheduler_job.py:639} INFO - DAG(s) dict_keys(['branch_python_operator_dag']) retrieved from /opt/airflow/dags/python_operator/branch_python_operator_dag.py
[2021-04-25 14:52:06,252] {logging_mixin.py:104} INFO - [2021-04-25 14:52:06,252] {dag.py:1824} INFO - Sync 1 DAGs
[2021-04-25 14:52:06,294] {logging_mixin.py:104} INFO - [2021-04-25 14:52:06,294] {dag.py:2280} INFO - Setting next_dagrun for branch_python_operator_dag to 2021-04-25 00:00:00+00:00
[2021-04-25 14:52:06,320] {scheduler_job.py:190} INFO - Processing /opt/airflow/dags/python_operator/branch_python_operator_dag.py took 0.221 seconds
[2021-04-25 14:52:36,471] {scheduler_job.py:182} INFO - Started process (PID=5234) to work on /opt/airflow/dags/python_operator/branch_python_operator_dag.py
[2021-04-25 14:52:36,475] {scheduler_job.py:629} INFO - Processing file /opt/airflow/dags/python_operator/branch_python_operator_dag.py for tasks to queue
[2021-04-25 14:52:36,481] {logging_mixin.py:104} INFO - [2021-04-25 14:52:36,481] {dagbag.py:451} INFO - Filling up the DagBag from /opt/airflow/dags/python_operator/branch_python_operator_dag.py
[2021-04-25 14:52:36,598] {logging_mixin.py:104} WARNING - /home/airflow/.local/lib/python3.6/site-packages/airflow/utils/decorators.py:94 DeprecationWarning: provide_context is deprecated as of 2.0 and is no longer required
[2021-04-25 14:52:36,615] {scheduler_job.py:639} INFO - DAG(s) dict_keys(['branch_python_operator_dag']) retrieved from /opt/airflow/dags/python_operator/branch_python_operator_dag.py
[2021-04-25 14:52:36,655] {logging_mixin.py:104} INFO - [2021-04-25 14:52:36,655] {dag.py:1824} INFO - Sync 1 DAGs
[2021-04-25 14:52:36,715] {logging_mixin.py:104} INFO - [2021-04-25 14:52:36,714] {dag.py:2280} INFO - Setting next_dagrun for branch_python_operator_dag to 2021-04-25 00:00:00+00:00
[2021-04-25 14:52:36,738] {scheduler_job.py:190} INFO - Processing /opt/airflow/dags/python_operator/branch_python_operator_dag.py took 0.279 seconds
[2021-04-25 14:53:07,633] {scheduler_job.py:182} INFO - Started process (PID=5267) to work on /opt/airflow/dags/python_operator/branch_python_operator_dag.py
[2021-04-25 14:53:07,634] {scheduler_job.py:629} INFO - Processing file /opt/airflow/dags/python_operator/branch_python_operator_dag.py for tasks to queue
[2021-04-25 14:53:07,635] {logging_mixin.py:104} INFO - [2021-04-25 14:53:07,635] {dagbag.py:451} INFO - Filling up the DagBag from /opt/airflow/dags/python_operator/branch_python_operator_dag.py
[2021-04-25 14:53:07,694] {logging_mixin.py:104} WARNING - /home/airflow/.local/lib/python3.6/site-packages/airflow/utils/decorators.py:94 DeprecationWarning: provide_context is deprecated as of 2.0 and is no longer required
[2021-04-25 14:53:07,702] {scheduler_job.py:639} INFO - DAG(s) dict_keys(['branch_python_operator_dag']) retrieved from /opt/airflow/dags/python_operator/branch_python_operator_dag.py
[2021-04-25 14:53:07,727] {logging_mixin.py:104} INFO - [2021-04-25 14:53:07,727] {dag.py:1824} INFO - Sync 1 DAGs
[2021-04-25 14:53:07,758] {logging_mixin.py:104} INFO - [2021-04-25 14:53:07,758] {dag.py:2280} INFO - Setting next_dagrun for branch_python_operator_dag to 2021-04-25 00:00:00+00:00
[2021-04-25 14:53:07,771] {scheduler_job.py:190} INFO - Processing /opt/airflow/dags/python_operator/branch_python_operator_dag.py took 0.141 seconds
