[2021-04-25 00:05:21,341] {taskinstance.py:877} INFO - Dependencies all met for <TaskInstance: bash_operator_dag.second_task 2021-03-13T00:00:00+00:00 [queued]>
[2021-04-25 00:05:21,415] {taskinstance.py:877} INFO - Dependencies all met for <TaskInstance: bash_operator_dag.second_task 2021-03-13T00:00:00+00:00 [queued]>
[2021-04-25 00:05:21,415] {taskinstance.py:1068} INFO - 
--------------------------------------------------------------------------------
[2021-04-25 00:05:21,415] {taskinstance.py:1069} INFO - Starting attempt 1 of 1
[2021-04-25 00:05:21,415] {taskinstance.py:1070} INFO - 
--------------------------------------------------------------------------------
[2021-04-25 00:05:21,489] {taskinstance.py:1089} INFO - Executing <Task(BashOperator): second_task> on 2021-03-13T00:00:00+00:00
[2021-04-25 00:05:21,496] {standard_task_runner.py:52} INFO - Started process 1172 to run task
[2021-04-25 00:05:21,512] {standard_task_runner.py:76} INFO - Running: ['airflow', 'tasks', 'run', 'bash_operator_dag', 'second_task', '2021-03-13T00:00:00+00:00', '--job-id', '425', '--pool', 'default_pool', '--raw', '--subdir', 'DAGS_FOLDER/simple_bash_operator_dag.py', '--cfg-path', '/tmp/tmp74qbdhrw', '--error-file', '/tmp/tmp_m2fj204']
[2021-04-25 00:05:21,513] {standard_task_runner.py:77} INFO - Job 425: Subtask second_task
[2021-04-25 00:05:21,637] {logging_mixin.py:104} INFO - Running <TaskInstance: bash_operator_dag.second_task 2021-03-13T00:00:00+00:00 [running]> on host 4a00a306afdc
[2021-04-25 00:05:21,744] {taskinstance.py:1283} INFO - Exporting the following env vars:
AIRFLOW_CTX_DAG_OWNER=airflow
AIRFLOW_CTX_DAG_ID=bash_operator_dag
AIRFLOW_CTX_TASK_ID=second_task
AIRFLOW_CTX_EXECUTION_DATE=2021-03-13T00:00:00+00:00
AIRFLOW_CTX_DAG_RUN_ID=scheduled__2021-03-13T00:00:00+00:00
[2021-04-25 00:05:21,745] {bash.py:135} INFO - Tmp dir root location: 
 /tmp
[2021-04-25 00:05:21,747] {bash.py:158} INFO - Running command: echo "testing second bash operator"
[2021-04-25 00:05:21,762] {bash.py:169} INFO - Output:
[2021-04-25 00:05:21,765] {bash.py:173} INFO - testing second bash operator
[2021-04-25 00:05:21,766] {bash.py:177} INFO - Command exited with return code 0
[2021-04-25 00:05:21,837] {taskinstance.py:1192} INFO - Marking task as SUCCESS. dag_id=bash_operator_dag, task_id=second_task, execution_date=20210313T000000, start_date=20210425T000521, end_date=20210425T000521
[2021-04-25 00:05:21,925] {taskinstance.py:1246} INFO - 0 downstream tasks scheduled from follow-on schedule check
[2021-04-25 00:05:21,939] {local_task_job.py:146} INFO - Task exited with return code 0
[2021-04-25 00:08:27,071] {taskinstance.py:877} INFO - Dependencies all met for <TaskInstance: bash_operator_dag.second_task 2021-03-13T00:00:00+00:00 [queued]>
[2021-04-25 00:08:27,131] {taskinstance.py:877} INFO - Dependencies all met for <TaskInstance: bash_operator_dag.second_task 2021-03-13T00:00:00+00:00 [queued]>
[2021-04-25 00:08:27,133] {taskinstance.py:1068} INFO - 
--------------------------------------------------------------------------------
[2021-04-25 00:08:27,133] {taskinstance.py:1069} INFO - Starting attempt 1 of 3
[2021-04-25 00:08:27,133] {taskinstance.py:1070} INFO - 
--------------------------------------------------------------------------------
[2021-04-25 00:08:27,181] {taskinstance.py:1089} INFO - Executing <Task(BashOperator): second_task> on 2021-03-13T00:00:00+00:00
[2021-04-25 00:08:27,189] {standard_task_runner.py:52} INFO - Started process 1734 to run task
[2021-04-25 00:08:27,216] {standard_task_runner.py:76} INFO - Running: ['airflow', 'tasks', 'run', 'bash_operator_dag', 'second_task', '2021-03-13T00:00:00+00:00', '--job-id', '613', '--pool', 'default_pool', '--raw', '--subdir', 'DAGS_FOLDER/simple_bash_operator_dag.py', '--cfg-path', '/tmp/tmp_p0_t_d7', '--error-file', '/tmp/tmp_a00_im8']
[2021-04-25 00:08:27,219] {standard_task_runner.py:77} INFO - Job 613: Subtask second_task
[2021-04-25 00:08:27,457] {logging_mixin.py:104} INFO - Running <TaskInstance: bash_operator_dag.second_task 2021-03-13T00:00:00+00:00 [running]> on host 4a00a306afdc
[2021-04-25 00:08:27,626] {taskinstance.py:1283} INFO - Exporting the following env vars:
AIRFLOW_CTX_DAG_OWNER=airflow
AIRFLOW_CTX_DAG_ID=bash_operator_dag
AIRFLOW_CTX_TASK_ID=second_task
AIRFLOW_CTX_EXECUTION_DATE=2021-03-13T00:00:00+00:00
AIRFLOW_CTX_DAG_RUN_ID=scheduled__2021-03-13T00:00:00+00:00
[2021-04-25 00:08:27,629] {bash.py:135} INFO - Tmp dir root location: 
 /tmp
[2021-04-25 00:08:27,632] {bash.py:158} INFO - Running command: echo "testing second bash operator"
[2021-04-25 00:08:27,652] {bash.py:169} INFO - Output:
[2021-04-25 00:08:27,660] {bash.py:173} INFO - testing second bash operator
[2021-04-25 00:08:27,661] {bash.py:177} INFO - Command exited with return code 0
[2021-04-25 00:08:27,745] {taskinstance.py:1192} INFO - Marking task as SUCCESS. dag_id=bash_operator_dag, task_id=second_task, execution_date=20210313T000000, start_date=20210425T000827, end_date=20210425T000827
[2021-04-25 00:08:27,840] {taskinstance.py:1246} INFO - 0 downstream tasks scheduled from follow-on schedule check
[2021-04-25 00:08:27,880] {local_task_job.py:146} INFO - Task exited with return code 0
