[2021-04-25 00:07:49,670] {taskinstance.py:877} INFO - Dependencies all met for <TaskInstance: bash_operator_dag.first_task 2021-02-08T00:00:00+00:00 [queued]>
[2021-04-25 00:07:49,766] {taskinstance.py:877} INFO - Dependencies all met for <TaskInstance: bash_operator_dag.first_task 2021-02-08T00:00:00+00:00 [queued]>
[2021-04-25 00:07:49,767] {taskinstance.py:1068} INFO - 
--------------------------------------------------------------------------------
[2021-04-25 00:07:49,777] {taskinstance.py:1069} INFO - Starting attempt 1 of 3
[2021-04-25 00:07:49,779] {taskinstance.py:1070} INFO - 
--------------------------------------------------------------------------------
[2021-04-25 00:07:49,922] {taskinstance.py:1089} INFO - Executing <Task(BashOperator): first_task> on 2021-02-08T00:00:00+00:00
[2021-04-25 00:07:49,965] {standard_task_runner.py:52} INFO - Started process 1519 to run task
[2021-04-25 00:07:49,999] {standard_task_runner.py:76} INFO - Running: ['airflow', 'tasks', 'run', 'bash_operator_dag', 'first_task', '2021-02-08T00:00:00+00:00', '--job-id', '542', '--pool', 'default_pool', '--raw', '--subdir', 'DAGS_FOLDER/simple_bash_operator_dag.py', '--cfg-path', '/tmp/tmp4vbz25im', '--error-file', '/tmp/tmpy2mezrm8']
[2021-04-25 00:07:50,000] {standard_task_runner.py:77} INFO - Job 542: Subtask first_task
[2021-04-25 00:07:50,179] {logging_mixin.py:104} INFO - Running <TaskInstance: bash_operator_dag.first_task 2021-02-08T00:00:00+00:00 [running]> on host 4a00a306afdc
[2021-04-25 00:07:50,480] {taskinstance.py:1283} INFO - Exporting the following env vars:
AIRFLOW_CTX_DAG_OWNER=airflow
AIRFLOW_CTX_DAG_ID=bash_operator_dag
AIRFLOW_CTX_TASK_ID=first_task
AIRFLOW_CTX_EXECUTION_DATE=2021-02-08T00:00:00+00:00
AIRFLOW_CTX_DAG_RUN_ID=scheduled__2021-02-08T00:00:00+00:00
[2021-04-25 00:07:50,482] {bash.py:135} INFO - Tmp dir root location: 
 /tmp
[2021-04-25 00:07:50,495] {bash.py:158} INFO - Running command: echo "testing first bash operator"
[2021-04-25 00:07:50,519] {bash.py:169} INFO - Output:
[2021-04-25 00:07:50,526] {bash.py:173} INFO - testing first bash operator
[2021-04-25 00:07:50,526] {bash.py:177} INFO - Command exited with return code 0
[2021-04-25 00:07:50,736] {taskinstance.py:1192} INFO - Marking task as SUCCESS. dag_id=bash_operator_dag, task_id=first_task, execution_date=20210208T000000, start_date=20210425T000749, end_date=20210425T000750
[2021-04-25 00:07:50,898] {taskinstance.py:1246} INFO - 1 downstream tasks scheduled from follow-on schedule check
[2021-04-25 00:07:50,946] {local_task_job.py:146} INFO - Task exited with return code 0
[2021-04-25 00:44:19,714] {taskinstance.py:877} INFO - Dependencies all met for <TaskInstance: bash_operator_dag.first_task 2021-02-08T00:00:00+00:00 [queued]>
[2021-04-25 00:44:19,800] {taskinstance.py:877} INFO - Dependencies all met for <TaskInstance: bash_operator_dag.first_task 2021-02-08T00:00:00+00:00 [queued]>
[2021-04-25 00:44:19,801] {taskinstance.py:1068} INFO - 
--------------------------------------------------------------------------------
[2021-04-25 00:44:19,801] {taskinstance.py:1069} INFO - Starting attempt 1 of 3
[2021-04-25 00:44:19,809] {taskinstance.py:1070} INFO - 
--------------------------------------------------------------------------------
[2021-04-25 00:44:19,899] {taskinstance.py:1089} INFO - Executing <Task(BashOperator): first_task> on 2021-02-08T00:00:00+00:00
[2021-04-25 00:44:19,914] {standard_task_runner.py:52} INFO - Started process 2201 to run task
[2021-04-25 00:44:19,939] {standard_task_runner.py:76} INFO - Running: ['airflow', 'tasks', 'run', 'bash_operator_dag', 'first_task', '2021-02-08T00:00:00+00:00', '--job-id', '768', '--pool', 'default_pool', '--raw', '--subdir', 'DAGS_FOLDER/simple_bash_operator_dag.py', '--cfg-path', '/tmp/tmpuv91g37w', '--error-file', '/tmp/tmpfaqrpsb7']
[2021-04-25 00:44:19,940] {standard_task_runner.py:77} INFO - Job 768: Subtask first_task
[2021-04-25 00:44:20,157] {logging_mixin.py:104} INFO - Running <TaskInstance: bash_operator_dag.first_task 2021-02-08T00:00:00+00:00 [running]> on host 4a00a306afdc
[2021-04-25 00:44:20,375] {taskinstance.py:1283} INFO - Exporting the following env vars:
AIRFLOW_CTX_DAG_OWNER=airflow
AIRFLOW_CTX_DAG_ID=bash_operator_dag
AIRFLOW_CTX_TASK_ID=first_task
AIRFLOW_CTX_EXECUTION_DATE=2021-02-08T00:00:00+00:00
AIRFLOW_CTX_DAG_RUN_ID=scheduled__2021-02-08T00:00:00+00:00
[2021-04-25 00:44:20,378] {bash.py:135} INFO - Tmp dir root location: 
 /tmp
[2021-04-25 00:44:20,386] {bash.py:158} INFO - Running command: echo "testing first bash operator"
[2021-04-25 00:44:20,414] {bash.py:169} INFO - Output:
[2021-04-25 00:44:20,417] {bash.py:173} INFO - testing first bash operator
[2021-04-25 00:44:20,420] {bash.py:177} INFO - Command exited with return code 0
[2021-04-25 00:44:20,593] {taskinstance.py:1192} INFO - Marking task as SUCCESS. dag_id=bash_operator_dag, task_id=first_task, execution_date=20210208T000000, start_date=20210425T004419, end_date=20210425T004420
[2021-04-25 00:44:20,798] {taskinstance.py:1246} INFO - 1 downstream tasks scheduled from follow-on schedule check
[2021-04-25 00:44:20,843] {local_task_job.py:146} INFO - Task exited with return code 0
