[2021-04-25 00:07:40,997] {taskinstance.py:877} INFO - Dependencies all met for <TaskInstance: bash_operator_dag.second_task 2021-01-29T00:00:00+00:00 [queued]>
[2021-04-25 00:07:41,064] {taskinstance.py:877} INFO - Dependencies all met for <TaskInstance: bash_operator_dag.second_task 2021-01-29T00:00:00+00:00 [queued]>
[2021-04-25 00:07:41,066] {taskinstance.py:1068} INFO - 
--------------------------------------------------------------------------------
[2021-04-25 00:07:41,067] {taskinstance.py:1069} INFO - Starting attempt 1 of 3
[2021-04-25 00:07:41,067] {taskinstance.py:1070} INFO - 
--------------------------------------------------------------------------------
[2021-04-25 00:07:41,124] {taskinstance.py:1089} INFO - Executing <Task(BashOperator): second_task> on 2021-01-29T00:00:00+00:00
[2021-04-25 00:07:41,148] {standard_task_runner.py:76} INFO - Running: ['airflow', 'tasks', 'run', 'bash_operator_dag', 'second_task', '2021-01-29T00:00:00+00:00', '--job-id', '526', '--pool', 'default_pool', '--raw', '--subdir', 'DAGS_FOLDER/simple_bash_operator_dag.py', '--cfg-path', '/tmp/tmpcdwe4x3g', '--error-file', '/tmp/tmpmvt0x8bw']
[2021-04-25 00:07:41,150] {standard_task_runner.py:77} INFO - Job 526: Subtask second_task
[2021-04-25 00:07:41,139] {standard_task_runner.py:52} INFO - Started process 1475 to run task
[2021-04-25 00:07:41,315] {logging_mixin.py:104} INFO - Running <TaskInstance: bash_operator_dag.second_task 2021-01-29T00:00:00+00:00 [running]> on host 4a00a306afdc
[2021-04-25 00:07:41,440] {taskinstance.py:1283} INFO - Exporting the following env vars:
AIRFLOW_CTX_DAG_OWNER=airflow
AIRFLOW_CTX_DAG_ID=bash_operator_dag
AIRFLOW_CTX_TASK_ID=second_task
AIRFLOW_CTX_EXECUTION_DATE=2021-01-29T00:00:00+00:00
AIRFLOW_CTX_DAG_RUN_ID=scheduled__2021-01-29T00:00:00+00:00
[2021-04-25 00:07:41,442] {bash.py:135} INFO - Tmp dir root location: 
 /tmp
[2021-04-25 00:07:41,447] {bash.py:158} INFO - Running command: echo "testing second bash operator"
[2021-04-25 00:07:41,473] {bash.py:169} INFO - Output:
[2021-04-25 00:07:41,478] {bash.py:173} INFO - testing second bash operator
[2021-04-25 00:07:41,479] {bash.py:177} INFO - Command exited with return code 0
[2021-04-25 00:07:41,605] {taskinstance.py:1192} INFO - Marking task as SUCCESS. dag_id=bash_operator_dag, task_id=second_task, execution_date=20210129T000000, start_date=20210425T000741, end_date=20210425T000741
[2021-04-25 00:07:41,695] {taskinstance.py:1246} INFO - 0 downstream tasks scheduled from follow-on schedule check
[2021-04-25 00:07:41,722] {local_task_job.py:146} INFO - Task exited with return code 0
[2021-04-25 00:44:12,336] {taskinstance.py:877} INFO - Dependencies all met for <TaskInstance: bash_operator_dag.second_task 2021-01-29T00:00:00+00:00 [queued]>
[2021-04-25 00:44:12,446] {taskinstance.py:877} INFO - Dependencies all met for <TaskInstance: bash_operator_dag.second_task 2021-01-29T00:00:00+00:00 [queued]>
[2021-04-25 00:44:12,447] {taskinstance.py:1068} INFO - 
--------------------------------------------------------------------------------
[2021-04-25 00:44:12,448] {taskinstance.py:1069} INFO - Starting attempt 1 of 3
[2021-04-25 00:44:12,449] {taskinstance.py:1070} INFO - 
--------------------------------------------------------------------------------
[2021-04-25 00:44:12,549] {taskinstance.py:1089} INFO - Executing <Task(BashOperator): second_task> on 2021-01-29T00:00:00+00:00
[2021-04-25 00:44:12,577] {standard_task_runner.py:52} INFO - Started process 2159 to run task
[2021-04-25 00:44:12,648] {standard_task_runner.py:76} INFO - Running: ['airflow', 'tasks', 'run', 'bash_operator_dag', 'second_task', '2021-01-29T00:00:00+00:00', '--job-id', '754', '--pool', 'default_pool', '--raw', '--subdir', 'DAGS_FOLDER/simple_bash_operator_dag.py', '--cfg-path', '/tmp/tmpmt716fs2', '--error-file', '/tmp/tmpvyllm13o']
[2021-04-25 00:44:12,649] {standard_task_runner.py:77} INFO - Job 754: Subtask second_task
[2021-04-25 00:44:13,016] {logging_mixin.py:104} INFO - Running <TaskInstance: bash_operator_dag.second_task 2021-01-29T00:00:00+00:00 [running]> on host 4a00a306afdc
[2021-04-25 00:44:13,227] {taskinstance.py:1283} INFO - Exporting the following env vars:
AIRFLOW_CTX_DAG_OWNER=airflow
AIRFLOW_CTX_DAG_ID=bash_operator_dag
AIRFLOW_CTX_TASK_ID=second_task
AIRFLOW_CTX_EXECUTION_DATE=2021-01-29T00:00:00+00:00
AIRFLOW_CTX_DAG_RUN_ID=scheduled__2021-01-29T00:00:00+00:00
[2021-04-25 00:44:13,229] {bash.py:135} INFO - Tmp dir root location: 
 /tmp
[2021-04-25 00:44:13,232] {bash.py:158} INFO - Running command: echo "testing second bash operator"
[2021-04-25 00:44:13,259] {bash.py:169} INFO - Output:
[2021-04-25 00:44:13,260] {bash.py:173} INFO - testing second bash operator
[2021-04-25 00:44:13,261] {bash.py:177} INFO - Command exited with return code 0
[2021-04-25 00:44:13,423] {taskinstance.py:1192} INFO - Marking task as SUCCESS. dag_id=bash_operator_dag, task_id=second_task, execution_date=20210129T000000, start_date=20210425T004412, end_date=20210425T004413
[2021-04-25 00:44:13,593] {taskinstance.py:1246} INFO - 0 downstream tasks scheduled from follow-on schedule check
[2021-04-25 00:44:13,641] {local_task_job.py:146} INFO - Task exited with return code 0
