[2021-04-25 10:46:48,649] {taskinstance.py:877} INFO - Dependencies all met for <TaskInstance: write_file_python_operator.fetch_and_write_a_file_task 2021-04-25T10:46:47.516037+00:00 [queued]>
[2021-04-25 10:46:48,698] {taskinstance.py:877} INFO - Dependencies all met for <TaskInstance: write_file_python_operator.fetch_and_write_a_file_task 2021-04-25T10:46:47.516037+00:00 [queued]>
[2021-04-25 10:46:48,699] {taskinstance.py:1068} INFO - 
--------------------------------------------------------------------------------
[2021-04-25 10:46:48,699] {taskinstance.py:1069} INFO - Starting attempt 1 of 3
[2021-04-25 10:46:48,699] {taskinstance.py:1070} INFO - 
--------------------------------------------------------------------------------
[2021-04-25 10:46:48,722] {taskinstance.py:1089} INFO - Executing <Task(PythonOperator): fetch_and_write_a_file_task> on 2021-04-25T10:46:47.516037+00:00
[2021-04-25 10:46:48,740] {standard_task_runner.py:76} INFO - Running: ['airflow', 'tasks', 'run', 'write_file_python_operator', 'fetch_and_write_a_file_task', '2021-04-25T10:46:47.516037+00:00', '--job-id', '852', '--pool', 'default_pool', '--raw', '--subdir', 'DAGS_FOLDER/python_operator/write_file_python_operator.py', '--cfg-path', '/tmp/tmpa0q2lkio', '--error-file', '/tmp/tmp73vreezz']
[2021-04-25 10:46:48,728] {standard_task_runner.py:52} INFO - Started process 85 to run task
[2021-04-25 10:46:48,742] {standard_task_runner.py:77} INFO - Job 852: Subtask fetch_and_write_a_file_task
[2021-04-25 10:46:48,852] {logging_mixin.py:104} INFO - Running <TaskInstance: write_file_python_operator.fetch_and_write_a_file_task 2021-04-25T10:46:47.516037+00:00 [running]> on host d6e2455ef0ec
[2021-04-25 10:46:48,978] {taskinstance.py:1283} INFO - Exporting the following env vars:
AIRFLOW_CTX_DAG_OWNER=airflow
AIRFLOW_CTX_DAG_ID=write_file_python_operator
AIRFLOW_CTX_TASK_ID=fetch_and_write_a_file_task
AIRFLOW_CTX_EXECUTION_DATE=2021-04-25T10:46:47.516037+00:00
AIRFLOW_CTX_DAG_RUN_ID=manual__2021-04-25T10:46:47.516037+00:00
[2021-04-25 10:46:49,331] {logging_mixin.py:104} INFO - Success fetch data from http://jsonplaceholder.typicode.com/todos and write to todo.json
[2021-04-25 10:46:49,331] {python.py:118} INFO - Done. Returned value was: None
[2021-04-25 10:46:49,360] {taskinstance.py:1192} INFO - Marking task as SUCCESS. dag_id=write_file_python_operator, task_id=fetch_and_write_a_file_task, execution_date=20210425T104647, start_date=20210425T104648, end_date=20210425T104649
[2021-04-25 10:46:49,426] {taskinstance.py:1246} INFO - 0 downstream tasks scheduled from follow-on schedule check
[2021-04-25 10:46:49,482] {local_task_job.py:146} INFO - Task exited with return code 0
