[2021-04-25 00:05:09,344] {taskinstance.py:877} INFO - Dependencies all met for <TaskInstance: bash_operator_dag.first_task 2021-03-03T00:00:00+00:00 [queued]>
[2021-04-25 00:05:09,392] {taskinstance.py:877} INFO - Dependencies all met for <TaskInstance: bash_operator_dag.first_task 2021-03-03T00:00:00+00:00 [queued]>
[2021-04-25 00:05:09,393] {taskinstance.py:1068} INFO - 
--------------------------------------------------------------------------------
[2021-04-25 00:05:09,393] {taskinstance.py:1069} INFO - Starting attempt 1 of 3
[2021-04-25 00:05:09,393] {taskinstance.py:1070} INFO - 
--------------------------------------------------------------------------------
[2021-04-25 00:05:09,463] {taskinstance.py:1089} INFO - Executing <Task(BashOperator): first_task> on 2021-03-03T00:00:00+00:00
[2021-04-25 00:05:09,478] {standard_task_runner.py:52} INFO - Started process 1091 to run task
[2021-04-25 00:05:09,526] {standard_task_runner.py:76} INFO - Running: ['airflow', 'tasks', 'run', 'bash_operator_dag', 'first_task', '2021-03-03T00:00:00+00:00', '--job-id', '398', '--pool', 'default_pool', '--raw', '--subdir', 'DAGS_FOLDER/simple_bash_operator_dag.py', '--cfg-path', '/tmp/tmp7b553wpi', '--error-file', '/tmp/tmpa8p9e27d']
[2021-04-25 00:05:09,527] {standard_task_runner.py:77} INFO - Job 398: Subtask first_task
[2021-04-25 00:05:09,742] {logging_mixin.py:104} INFO - Running <TaskInstance: bash_operator_dag.first_task 2021-03-03T00:00:00+00:00 [running]> on host 4a00a306afdc
[2021-04-25 00:05:09,887] {taskinstance.py:1283} INFO - Exporting the following env vars:
AIRFLOW_CTX_DAG_OWNER=airflow
AIRFLOW_CTX_DAG_ID=bash_operator_dag
AIRFLOW_CTX_TASK_ID=first_task
AIRFLOW_CTX_EXECUTION_DATE=2021-03-03T00:00:00+00:00
AIRFLOW_CTX_DAG_RUN_ID=scheduled__2021-03-03T00:00:00+00:00
[2021-04-25 00:05:09,888] {bash.py:135} INFO - Tmp dir root location: 
 /tmp
[2021-04-25 00:05:09,890] {bash.py:158} INFO - Running command: echo "testing first bash operator"
[2021-04-25 00:05:09,909] {bash.py:169} INFO - Output:
[2021-04-25 00:05:09,915] {bash.py:173} INFO - testing first bash operator
[2021-04-25 00:05:09,915] {bash.py:177} INFO - Command exited with return code 0
[2021-04-25 00:05:10,045] {taskinstance.py:1192} INFO - Marking task as SUCCESS. dag_id=bash_operator_dag, task_id=first_task, execution_date=20210303T000000, start_date=20210425T000509, end_date=20210425T000510
[2021-04-25 00:05:10,214] {taskinstance.py:1246} INFO - 0 downstream tasks scheduled from follow-on schedule check
[2021-04-25 00:05:10,233] {local_task_job.py:146} INFO - Task exited with return code 0
[2021-04-25 00:08:13,728] {taskinstance.py:877} INFO - Dependencies all met for <TaskInstance: bash_operator_dag.first_task 2021-03-03T00:00:00+00:00 [queued]>
[2021-04-25 00:08:13,775] {taskinstance.py:877} INFO - Dependencies all met for <TaskInstance: bash_operator_dag.first_task 2021-03-03T00:00:00+00:00 [queued]>
[2021-04-25 00:08:13,776] {taskinstance.py:1068} INFO - 
--------------------------------------------------------------------------------
[2021-04-25 00:08:13,776] {taskinstance.py:1069} INFO - Starting attempt 1 of 3
[2021-04-25 00:08:13,776] {taskinstance.py:1070} INFO - 
--------------------------------------------------------------------------------
[2021-04-25 00:08:13,849] {taskinstance.py:1089} INFO - Executing <Task(BashOperator): first_task> on 2021-03-03T00:00:00+00:00
[2021-04-25 00:08:13,857] {standard_task_runner.py:52} INFO - Started process 1655 to run task
[2021-04-25 00:08:13,888] {standard_task_runner.py:76} INFO - Running: ['airflow', 'tasks', 'run', 'bash_operator_dag', 'first_task', '2021-03-03T00:00:00+00:00', '--job-id', '586', '--pool', 'default_pool', '--raw', '--subdir', 'DAGS_FOLDER/simple_bash_operator_dag.py', '--cfg-path', '/tmp/tmpvdkhl_ev', '--error-file', '/tmp/tmpd43r9qu3']
[2021-04-25 00:08:13,889] {standard_task_runner.py:77} INFO - Job 586: Subtask first_task
[2021-04-25 00:08:14,113] {logging_mixin.py:104} INFO - Running <TaskInstance: bash_operator_dag.first_task 2021-03-03T00:00:00+00:00 [running]> on host 4a00a306afdc
[2021-04-25 00:08:14,406] {taskinstance.py:1283} INFO - Exporting the following env vars:
AIRFLOW_CTX_DAG_OWNER=airflow
AIRFLOW_CTX_DAG_ID=bash_operator_dag
AIRFLOW_CTX_TASK_ID=first_task
AIRFLOW_CTX_EXECUTION_DATE=2021-03-03T00:00:00+00:00
AIRFLOW_CTX_DAG_RUN_ID=scheduled__2021-03-03T00:00:00+00:00
[2021-04-25 00:08:14,408] {bash.py:135} INFO - Tmp dir root location: 
 /tmp
[2021-04-25 00:08:14,415] {bash.py:158} INFO - Running command: echo "testing first bash operator"
[2021-04-25 00:08:14,449] {bash.py:169} INFO - Output:
[2021-04-25 00:08:14,449] {bash.py:173} INFO - testing first bash operator
[2021-04-25 00:08:14,450] {bash.py:177} INFO - Command exited with return code 0
[2021-04-25 00:08:14,585] {taskinstance.py:1192} INFO - Marking task as SUCCESS. dag_id=bash_operator_dag, task_id=first_task, execution_date=20210303T000000, start_date=20210425T000813, end_date=20210425T000814
[2021-04-25 00:08:14,699] {taskinstance.py:1246} INFO - 1 downstream tasks scheduled from follow-on schedule check
[2021-04-25 00:08:14,753] {local_task_job.py:146} INFO - Task exited with return code 0
