[2021-10-13 04:51:24,411] {scheduler_job.py:182} INFO - Started process (PID=44) to work on /opt/airflow/dags/bash_operator/simple_bash_operator.py
[2021-10-13 04:51:24,413] {scheduler_job.py:629} INFO - Processing file /opt/airflow/dags/bash_operator/simple_bash_operator.py for tasks to queue
[2021-10-13 04:51:24,415] {logging_mixin.py:104} INFO - [2021-10-13 04:51:24,415] {dagbag.py:451} INFO - Filling up the DagBag from /opt/airflow/dags/bash_operator/simple_bash_operator.py
[2021-10-13 04:51:24,550] {scheduler_job.py:639} INFO - DAG(s) dict_keys(['simple_bash_operator']) retrieved from /opt/airflow/dags/bash_operator/simple_bash_operator.py
[2021-10-13 04:51:24,594] {logging_mixin.py:104} INFO - [2021-10-13 04:51:24,594] {dag.py:1824} INFO - Sync 1 DAGs
[2021-10-13 04:51:24,627] {logging_mixin.py:104} INFO - [2021-10-13 04:51:24,627] {dag.py:2280} INFO - Setting next_dagrun for simple_bash_operator to 2021-10-13 00:00:00+00:00
[2021-10-13 04:51:24,654] {scheduler_job.py:190} INFO - Processing /opt/airflow/dags/bash_operator/simple_bash_operator.py took 0.250 seconds
[2021-10-13 04:51:54,909] {scheduler_job.py:182} INFO - Started process (PID=77) to work on /opt/airflow/dags/bash_operator/simple_bash_operator.py
[2021-10-13 04:51:54,913] {scheduler_job.py:629} INFO - Processing file /opt/airflow/dags/bash_operator/simple_bash_operator.py for tasks to queue
[2021-10-13 04:51:54,916] {logging_mixin.py:104} INFO - [2021-10-13 04:51:54,915] {dagbag.py:451} INFO - Filling up the DagBag from /opt/airflow/dags/bash_operator/simple_bash_operator.py
[2021-10-13 04:51:55,011] {scheduler_job.py:639} INFO - DAG(s) dict_keys(['simple_bash_operator']) retrieved from /opt/airflow/dags/bash_operator/simple_bash_operator.py
[2021-10-13 04:51:55,034] {logging_mixin.py:104} INFO - [2021-10-13 04:51:55,034] {dag.py:1824} INFO - Sync 1 DAGs
[2021-10-13 04:51:55,062] {logging_mixin.py:104} INFO - [2021-10-13 04:51:55,062] {dag.py:2280} INFO - Setting next_dagrun for simple_bash_operator to 2021-10-13 00:00:00+00:00
[2021-10-13 04:51:55,078] {scheduler_job.py:190} INFO - Processing /opt/airflow/dags/bash_operator/simple_bash_operator.py took 0.179 seconds
[2021-10-13 04:52:25,584] {scheduler_job.py:182} INFO - Started process (PID=113) to work on /opt/airflow/dags/bash_operator/simple_bash_operator.py
[2021-10-13 04:52:25,585] {scheduler_job.py:629} INFO - Processing file /opt/airflow/dags/bash_operator/simple_bash_operator.py for tasks to queue
[2021-10-13 04:52:25,586] {logging_mixin.py:104} INFO - [2021-10-13 04:52:25,586] {dagbag.py:451} INFO - Filling up the DagBag from /opt/airflow/dags/bash_operator/simple_bash_operator.py
[2021-10-13 04:52:25,621] {scheduler_job.py:639} INFO - DAG(s) dict_keys(['simple_bash_operator']) retrieved from /opt/airflow/dags/bash_operator/simple_bash_operator.py
[2021-10-13 04:52:25,648] {logging_mixin.py:104} INFO - [2021-10-13 04:52:25,648] {dag.py:1824} INFO - Sync 1 DAGs
[2021-10-13 04:52:25,682] {logging_mixin.py:104} INFO - [2021-10-13 04:52:25,681] {dag.py:2280} INFO - Setting next_dagrun for simple_bash_operator to 2021-10-13 00:00:00+00:00
[2021-10-13 04:52:25,697] {scheduler_job.py:190} INFO - Processing /opt/airflow/dags/bash_operator/simple_bash_operator.py took 0.117 seconds
[2021-10-13 04:52:55,742] {scheduler_job.py:182} INFO - Started process (PID=146) to work on /opt/airflow/dags/bash_operator/simple_bash_operator.py
[2021-10-13 04:52:55,744] {scheduler_job.py:629} INFO - Processing file /opt/airflow/dags/bash_operator/simple_bash_operator.py for tasks to queue
[2021-10-13 04:52:55,746] {logging_mixin.py:104} INFO - [2021-10-13 04:52:55,746] {dagbag.py:451} INFO - Filling up the DagBag from /opt/airflow/dags/bash_operator/simple_bash_operator.py
[2021-10-13 04:52:55,813] {scheduler_job.py:639} INFO - DAG(s) dict_keys(['simple_bash_operator']) retrieved from /opt/airflow/dags/bash_operator/simple_bash_operator.py
[2021-10-13 04:52:55,850] {logging_mixin.py:104} INFO - [2021-10-13 04:52:55,849] {dag.py:1824} INFO - Sync 1 DAGs
[2021-10-13 04:52:55,876] {logging_mixin.py:104} INFO - [2021-10-13 04:52:55,875] {dag.py:2280} INFO - Setting next_dagrun for simple_bash_operator to 2021-10-13 00:00:00+00:00
[2021-10-13 04:52:55,894] {scheduler_job.py:190} INFO - Processing /opt/airflow/dags/bash_operator/simple_bash_operator.py took 0.159 seconds
[2021-10-13 04:53:26,038] {scheduler_job.py:182} INFO - Started process (PID=179) to work on /opt/airflow/dags/bash_operator/simple_bash_operator.py
[2021-10-13 04:53:26,039] {scheduler_job.py:629} INFO - Processing file /opt/airflow/dags/bash_operator/simple_bash_operator.py for tasks to queue
[2021-10-13 04:53:26,040] {logging_mixin.py:104} INFO - [2021-10-13 04:53:26,040] {dagbag.py:451} INFO - Filling up the DagBag from /opt/airflow/dags/bash_operator/simple_bash_operator.py
[2021-10-13 04:53:26,076] {scheduler_job.py:639} INFO - DAG(s) dict_keys(['simple_bash_operator']) retrieved from /opt/airflow/dags/bash_operator/simple_bash_operator.py
[2021-10-13 04:53:26,098] {logging_mixin.py:104} INFO - [2021-10-13 04:53:26,098] {dag.py:1824} INFO - Sync 1 DAGs
[2021-10-13 04:53:26,125] {logging_mixin.py:104} INFO - [2021-10-13 04:53:26,125] {dag.py:2280} INFO - Setting next_dagrun for simple_bash_operator to 2021-10-13 00:00:00+00:00
[2021-10-13 04:53:26,145] {scheduler_job.py:190} INFO - Processing /opt/airflow/dags/bash_operator/simple_bash_operator.py took 0.111 seconds
[2021-10-13 04:53:56,886] {scheduler_job.py:182} INFO - Started process (PID=217) to work on /opt/airflow/dags/bash_operator/simple_bash_operator.py
[2021-10-13 04:53:56,888] {scheduler_job.py:629} INFO - Processing file /opt/airflow/dags/bash_operator/simple_bash_operator.py for tasks to queue
[2021-10-13 04:53:56,889] {logging_mixin.py:104} INFO - [2021-10-13 04:53:56,889] {dagbag.py:451} INFO - Filling up the DagBag from /opt/airflow/dags/bash_operator/simple_bash_operator.py
[2021-10-13 04:53:56,926] {scheduler_job.py:639} INFO - DAG(s) dict_keys(['simple_bash_operator']) retrieved from /opt/airflow/dags/bash_operator/simple_bash_operator.py
[2021-10-13 04:53:56,948] {logging_mixin.py:104} INFO - [2021-10-13 04:53:56,948] {dag.py:1824} INFO - Sync 1 DAGs
[2021-10-13 04:53:56,979] {logging_mixin.py:104} INFO - [2021-10-13 04:53:56,979] {dag.py:2280} INFO - Setting next_dagrun for simple_bash_operator to 2021-10-13 00:00:00+00:00
[2021-10-13 04:53:57,000] {scheduler_job.py:190} INFO - Processing /opt/airflow/dags/bash_operator/simple_bash_operator.py took 0.117 seconds
[2021-10-13 04:54:27,559] {scheduler_job.py:182} INFO - Started process (PID=258) to work on /opt/airflow/dags/bash_operator/simple_bash_operator.py
[2021-10-13 04:54:27,560] {scheduler_job.py:629} INFO - Processing file /opt/airflow/dags/bash_operator/simple_bash_operator.py for tasks to queue
[2021-10-13 04:54:27,561] {logging_mixin.py:104} INFO - [2021-10-13 04:54:27,561] {dagbag.py:451} INFO - Filling up the DagBag from /opt/airflow/dags/bash_operator/simple_bash_operator.py
[2021-10-13 04:54:27,591] {scheduler_job.py:639} INFO - DAG(s) dict_keys(['simple_bash_operator']) retrieved from /opt/airflow/dags/bash_operator/simple_bash_operator.py
[2021-10-13 04:54:27,612] {logging_mixin.py:104} INFO - [2021-10-13 04:54:27,612] {dag.py:1824} INFO - Sync 1 DAGs
[2021-10-13 04:54:27,635] {logging_mixin.py:104} INFO - [2021-10-13 04:54:27,635] {dag.py:2280} INFO - Setting next_dagrun for simple_bash_operator to 2021-10-13 00:00:00+00:00
[2021-10-13 04:54:27,653] {scheduler_job.py:190} INFO - Processing /opt/airflow/dags/bash_operator/simple_bash_operator.py took 0.097 seconds
[2021-10-13 04:54:58,035] {scheduler_job.py:182} INFO - Started process (PID=292) to work on /opt/airflow/dags/bash_operator/simple_bash_operator.py
[2021-10-13 04:54:58,037] {scheduler_job.py:629} INFO - Processing file /opt/airflow/dags/bash_operator/simple_bash_operator.py for tasks to queue
[2021-10-13 04:54:58,037] {logging_mixin.py:104} INFO - [2021-10-13 04:54:58,037] {dagbag.py:451} INFO - Filling up the DagBag from /opt/airflow/dags/bash_operator/simple_bash_operator.py
[2021-10-13 04:54:58,069] {scheduler_job.py:639} INFO - DAG(s) dict_keys(['simple_bash_operator']) retrieved from /opt/airflow/dags/bash_operator/simple_bash_operator.py
[2021-10-13 04:54:58,093] {logging_mixin.py:104} INFO - [2021-10-13 04:54:58,093] {dag.py:1824} INFO - Sync 1 DAGs
[2021-10-13 04:54:58,115] {logging_mixin.py:104} INFO - [2021-10-13 04:54:58,115] {dag.py:2280} INFO - Setting next_dagrun for simple_bash_operator to 2021-10-13 00:00:00+00:00
[2021-10-13 04:54:58,133] {scheduler_job.py:190} INFO - Processing /opt/airflow/dags/bash_operator/simple_bash_operator.py took 0.101 seconds
[2021-10-13 04:55:28,278] {scheduler_job.py:182} INFO - Started process (PID=324) to work on /opt/airflow/dags/bash_operator/simple_bash_operator.py
[2021-10-13 04:55:28,280] {scheduler_job.py:629} INFO - Processing file /opt/airflow/dags/bash_operator/simple_bash_operator.py for tasks to queue
[2021-10-13 04:55:28,281] {logging_mixin.py:104} INFO - [2021-10-13 04:55:28,281] {dagbag.py:451} INFO - Filling up the DagBag from /opt/airflow/dags/bash_operator/simple_bash_operator.py
[2021-10-13 04:55:28,323] {scheduler_job.py:639} INFO - DAG(s) dict_keys(['simple_bash_operator']) retrieved from /opt/airflow/dags/bash_operator/simple_bash_operator.py
[2021-10-13 04:55:28,348] {logging_mixin.py:104} INFO - [2021-10-13 04:55:28,347] {dag.py:1824} INFO - Sync 1 DAGs
[2021-10-13 04:55:28,372] {logging_mixin.py:104} INFO - [2021-10-13 04:55:28,372] {dag.py:2280} INFO - Setting next_dagrun for simple_bash_operator to 2021-10-13 00:00:00+00:00
[2021-10-13 04:55:28,389] {scheduler_job.py:190} INFO - Processing /opt/airflow/dags/bash_operator/simple_bash_operator.py took 0.114 seconds
[2021-10-13 04:55:58,504] {scheduler_job.py:182} INFO - Started process (PID=357) to work on /opt/airflow/dags/bash_operator/simple_bash_operator.py
[2021-10-13 04:55:58,506] {scheduler_job.py:629} INFO - Processing file /opt/airflow/dags/bash_operator/simple_bash_operator.py for tasks to queue
[2021-10-13 04:55:58,507] {logging_mixin.py:104} INFO - [2021-10-13 04:55:58,507] {dagbag.py:451} INFO - Filling up the DagBag from /opt/airflow/dags/bash_operator/simple_bash_operator.py
[2021-10-13 04:55:58,547] {scheduler_job.py:639} INFO - DAG(s) dict_keys(['simple_bash_operator']) retrieved from /opt/airflow/dags/bash_operator/simple_bash_operator.py
[2021-10-13 04:55:58,573] {logging_mixin.py:104} INFO - [2021-10-13 04:55:58,573] {dag.py:1824} INFO - Sync 1 DAGs
[2021-10-13 04:55:58,600] {logging_mixin.py:104} INFO - [2021-10-13 04:55:58,599] {dag.py:2280} INFO - Setting next_dagrun for simple_bash_operator to 2021-10-13 00:00:00+00:00
[2021-10-13 04:55:58,615] {scheduler_job.py:190} INFO - Processing /opt/airflow/dags/bash_operator/simple_bash_operator.py took 0.116 seconds
[2021-10-13 04:56:29,015] {scheduler_job.py:182} INFO - Started process (PID=390) to work on /opt/airflow/dags/bash_operator/simple_bash_operator.py
[2021-10-13 04:56:29,017] {scheduler_job.py:629} INFO - Processing file /opt/airflow/dags/bash_operator/simple_bash_operator.py for tasks to queue
[2021-10-13 04:56:29,018] {logging_mixin.py:104} INFO - [2021-10-13 04:56:29,018] {dagbag.py:451} INFO - Filling up the DagBag from /opt/airflow/dags/bash_operator/simple_bash_operator.py
[2021-10-13 04:56:29,058] {scheduler_job.py:639} INFO - DAG(s) dict_keys(['simple_bash_operator']) retrieved from /opt/airflow/dags/bash_operator/simple_bash_operator.py
[2021-10-13 04:56:29,081] {logging_mixin.py:104} INFO - [2021-10-13 04:56:29,081] {dag.py:1824} INFO - Sync 1 DAGs
[2021-10-13 04:56:29,108] {logging_mixin.py:104} INFO - [2021-10-13 04:56:29,108] {dag.py:2280} INFO - Setting next_dagrun for simple_bash_operator to 2021-10-13 00:00:00+00:00
[2021-10-13 04:56:29,129] {scheduler_job.py:190} INFO - Processing /opt/airflow/dags/bash_operator/simple_bash_operator.py took 0.120 seconds
[2021-10-13 04:56:59,360] {scheduler_job.py:182} INFO - Started process (PID=423) to work on /opt/airflow/dags/bash_operator/simple_bash_operator.py
[2021-10-13 04:56:59,362] {scheduler_job.py:629} INFO - Processing file /opt/airflow/dags/bash_operator/simple_bash_operator.py for tasks to queue
[2021-10-13 04:56:59,363] {logging_mixin.py:104} INFO - [2021-10-13 04:56:59,363] {dagbag.py:451} INFO - Filling up the DagBag from /opt/airflow/dags/bash_operator/simple_bash_operator.py
[2021-10-13 04:56:59,401] {scheduler_job.py:639} INFO - DAG(s) dict_keys(['simple_bash_operator']) retrieved from /opt/airflow/dags/bash_operator/simple_bash_operator.py
[2021-10-13 04:56:59,422] {logging_mixin.py:104} INFO - [2021-10-13 04:56:59,422] {dag.py:1824} INFO - Sync 1 DAGs
[2021-10-13 04:56:59,446] {logging_mixin.py:104} INFO - [2021-10-13 04:56:59,446] {dag.py:2280} INFO - Setting next_dagrun for simple_bash_operator to 2021-10-13 00:00:00+00:00
[2021-10-13 04:56:59,463] {scheduler_job.py:190} INFO - Processing /opt/airflow/dags/bash_operator/simple_bash_operator.py took 0.107 seconds
[2021-10-13 04:57:29,717] {scheduler_job.py:182} INFO - Started process (PID=456) to work on /opt/airflow/dags/bash_operator/simple_bash_operator.py
[2021-10-13 04:57:29,719] {scheduler_job.py:629} INFO - Processing file /opt/airflow/dags/bash_operator/simple_bash_operator.py for tasks to queue
[2021-10-13 04:57:29,725] {logging_mixin.py:104} INFO - [2021-10-13 04:57:29,721] {dagbag.py:451} INFO - Filling up the DagBag from /opt/airflow/dags/bash_operator/simple_bash_operator.py
[2021-10-13 04:57:29,771] {scheduler_job.py:639} INFO - DAG(s) dict_keys(['simple_bash_operator']) retrieved from /opt/airflow/dags/bash_operator/simple_bash_operator.py
[2021-10-13 04:57:29,797] {logging_mixin.py:104} INFO - [2021-10-13 04:57:29,797] {dag.py:1824} INFO - Sync 1 DAGs
[2021-10-13 04:57:29,855] {logging_mixin.py:104} INFO - [2021-10-13 04:57:29,855] {dag.py:2280} INFO - Setting next_dagrun for simple_bash_operator to 2021-10-13 00:00:00+00:00
[2021-10-13 04:57:29,884] {scheduler_job.py:190} INFO - Processing /opt/airflow/dags/bash_operator/simple_bash_operator.py took 0.172 seconds
[2021-10-13 04:57:59,970] {scheduler_job.py:182} INFO - Started process (PID=489) to work on /opt/airflow/dags/bash_operator/simple_bash_operator.py
[2021-10-13 04:57:59,971] {scheduler_job.py:629} INFO - Processing file /opt/airflow/dags/bash_operator/simple_bash_operator.py for tasks to queue
[2021-10-13 04:57:59,973] {logging_mixin.py:104} INFO - [2021-10-13 04:57:59,973] {dagbag.py:451} INFO - Filling up the DagBag from /opt/airflow/dags/bash_operator/simple_bash_operator.py
[2021-10-13 04:58:00,024] {scheduler_job.py:639} INFO - DAG(s) dict_keys(['simple_bash_operator']) retrieved from /opt/airflow/dags/bash_operator/simple_bash_operator.py
[2021-10-13 04:58:00,078] {logging_mixin.py:104} INFO - [2021-10-13 04:58:00,078] {dag.py:1824} INFO - Sync 1 DAGs
[2021-10-13 04:58:00,116] {logging_mixin.py:104} INFO - [2021-10-13 04:58:00,115] {dag.py:2280} INFO - Setting next_dagrun for simple_bash_operator to 2021-10-13 00:00:00+00:00
[2021-10-13 04:58:00,134] {scheduler_job.py:190} INFO - Processing /opt/airflow/dags/bash_operator/simple_bash_operator.py took 0.168 seconds
[2021-10-13 04:58:30,194] {scheduler_job.py:182} INFO - Started process (PID=520) to work on /opt/airflow/dags/bash_operator/simple_bash_operator.py
[2021-10-13 04:58:30,201] {scheduler_job.py:629} INFO - Processing file /opt/airflow/dags/bash_operator/simple_bash_operator.py for tasks to queue
[2021-10-13 04:58:30,202] {logging_mixin.py:104} INFO - [2021-10-13 04:58:30,202] {dagbag.py:451} INFO - Filling up the DagBag from /opt/airflow/dags/bash_operator/simple_bash_operator.py
[2021-10-13 04:58:30,238] {scheduler_job.py:639} INFO - DAG(s) dict_keys(['simple_bash_operator']) retrieved from /opt/airflow/dags/bash_operator/simple_bash_operator.py
[2021-10-13 04:58:30,268] {logging_mixin.py:104} INFO - [2021-10-13 04:58:30,268] {dag.py:1824} INFO - Sync 1 DAGs
[2021-10-13 04:58:30,309] {logging_mixin.py:104} INFO - [2021-10-13 04:58:30,309] {dag.py:2280} INFO - Setting next_dagrun for simple_bash_operator to 2021-10-13 00:00:00+00:00
[2021-10-13 04:58:30,373] {scheduler_job.py:190} INFO - Processing /opt/airflow/dags/bash_operator/simple_bash_operator.py took 0.186 seconds
[2021-10-13 04:59:01,507] {scheduler_job.py:182} INFO - Started process (PID=554) to work on /opt/airflow/dags/bash_operator/simple_bash_operator.py
[2021-10-13 04:59:01,508] {scheduler_job.py:629} INFO - Processing file /opt/airflow/dags/bash_operator/simple_bash_operator.py for tasks to queue
[2021-10-13 04:59:01,509] {logging_mixin.py:104} INFO - [2021-10-13 04:59:01,509] {dagbag.py:451} INFO - Filling up the DagBag from /opt/airflow/dags/bash_operator/simple_bash_operator.py
[2021-10-13 04:59:01,537] {scheduler_job.py:639} INFO - DAG(s) dict_keys(['simple_bash_operator']) retrieved from /opt/airflow/dags/bash_operator/simple_bash_operator.py
[2021-10-13 04:59:01,558] {logging_mixin.py:104} INFO - [2021-10-13 04:59:01,557] {dag.py:1824} INFO - Sync 1 DAGs
[2021-10-13 04:59:01,580] {logging_mixin.py:104} INFO - [2021-10-13 04:59:01,580] {dag.py:2280} INFO - Setting next_dagrun for simple_bash_operator to 2021-10-13 00:00:00+00:00
[2021-10-13 04:59:01,596] {scheduler_job.py:190} INFO - Processing /opt/airflow/dags/bash_operator/simple_bash_operator.py took 0.093 seconds
[2021-10-13 04:59:31,875] {scheduler_job.py:182} INFO - Started process (PID=588) to work on /opt/airflow/dags/bash_operator/simple_bash_operator.py
[2021-10-13 04:59:31,876] {scheduler_job.py:629} INFO - Processing file /opt/airflow/dags/bash_operator/simple_bash_operator.py for tasks to queue
[2021-10-13 04:59:31,877] {logging_mixin.py:104} INFO - [2021-10-13 04:59:31,877] {dagbag.py:451} INFO - Filling up the DagBag from /opt/airflow/dags/bash_operator/simple_bash_operator.py
[2021-10-13 04:59:31,913] {scheduler_job.py:639} INFO - DAG(s) dict_keys(['simple_bash_operator']) retrieved from /opt/airflow/dags/bash_operator/simple_bash_operator.py
[2021-10-13 04:59:31,937] {logging_mixin.py:104} INFO - [2021-10-13 04:59:31,937] {dag.py:1824} INFO - Sync 1 DAGs
[2021-10-13 04:59:31,964] {logging_mixin.py:104} INFO - [2021-10-13 04:59:31,964] {dag.py:2280} INFO - Setting next_dagrun for simple_bash_operator to 2021-10-13 00:00:00+00:00
[2021-10-13 04:59:31,981] {scheduler_job.py:190} INFO - Processing /opt/airflow/dags/bash_operator/simple_bash_operator.py took 0.110 seconds
[2021-10-13 05:00:02,282] {scheduler_job.py:182} INFO - Started process (PID=626) to work on /opt/airflow/dags/bash_operator/simple_bash_operator.py
[2021-10-13 05:00:02,284] {scheduler_job.py:629} INFO - Processing file /opt/airflow/dags/bash_operator/simple_bash_operator.py for tasks to queue
[2021-10-13 05:00:02,285] {logging_mixin.py:104} INFO - [2021-10-13 05:00:02,285] {dagbag.py:451} INFO - Filling up the DagBag from /opt/airflow/dags/bash_operator/simple_bash_operator.py
[2021-10-13 05:00:02,322] {scheduler_job.py:639} INFO - DAG(s) dict_keys(['simple_bash_operator']) retrieved from /opt/airflow/dags/bash_operator/simple_bash_operator.py
[2021-10-13 05:00:02,345] {logging_mixin.py:104} INFO - [2021-10-13 05:00:02,345] {dag.py:1824} INFO - Sync 1 DAGs
[2021-10-13 05:00:02,368] {logging_mixin.py:104} INFO - [2021-10-13 05:00:02,368] {dag.py:2280} INFO - Setting next_dagrun for simple_bash_operator to 2021-10-13 00:00:00+00:00
[2021-10-13 05:00:02,385] {scheduler_job.py:190} INFO - Processing /opt/airflow/dags/bash_operator/simple_bash_operator.py took 0.107 seconds
[2021-10-13 05:00:32,604] {scheduler_job.py:182} INFO - Started process (PID=657) to work on /opt/airflow/dags/bash_operator/simple_bash_operator.py
[2021-10-13 05:00:32,606] {scheduler_job.py:629} INFO - Processing file /opt/airflow/dags/bash_operator/simple_bash_operator.py for tasks to queue
[2021-10-13 05:00:32,607] {logging_mixin.py:104} INFO - [2021-10-13 05:00:32,606] {dagbag.py:451} INFO - Filling up the DagBag from /opt/airflow/dags/bash_operator/simple_bash_operator.py
[2021-10-13 05:00:32,648] {scheduler_job.py:639} INFO - DAG(s) dict_keys(['simple_bash_operator']) retrieved from /opt/airflow/dags/bash_operator/simple_bash_operator.py
[2021-10-13 05:00:32,672] {logging_mixin.py:104} INFO - [2021-10-13 05:00:32,672] {dag.py:1824} INFO - Sync 1 DAGs
[2021-10-13 05:00:32,699] {logging_mixin.py:104} INFO - [2021-10-13 05:00:32,698] {dag.py:2280} INFO - Setting next_dagrun for simple_bash_operator to 2021-10-13 00:00:00+00:00
[2021-10-13 05:00:32,716] {scheduler_job.py:190} INFO - Processing /opt/airflow/dags/bash_operator/simple_bash_operator.py took 0.115 seconds
[2021-10-13 05:01:02,865] {scheduler_job.py:182} INFO - Started process (PID=690) to work on /opt/airflow/dags/bash_operator/simple_bash_operator.py
[2021-10-13 05:01:02,866] {scheduler_job.py:629} INFO - Processing file /opt/airflow/dags/bash_operator/simple_bash_operator.py for tasks to queue
[2021-10-13 05:01:02,867] {logging_mixin.py:104} INFO - [2021-10-13 05:01:02,867] {dagbag.py:451} INFO - Filling up the DagBag from /opt/airflow/dags/bash_operator/simple_bash_operator.py
[2021-10-13 05:01:02,899] {scheduler_job.py:639} INFO - DAG(s) dict_keys(['simple_bash_operator']) retrieved from /opt/airflow/dags/bash_operator/simple_bash_operator.py
[2021-10-13 05:01:02,921] {logging_mixin.py:104} INFO - [2021-10-13 05:01:02,921] {dag.py:1824} INFO - Sync 1 DAGs
[2021-10-13 05:01:02,947] {logging_mixin.py:104} INFO - [2021-10-13 05:01:02,947] {dag.py:2280} INFO - Setting next_dagrun for simple_bash_operator to 2021-10-13 00:00:00+00:00
[2021-10-13 05:01:02,963] {scheduler_job.py:190} INFO - Processing /opt/airflow/dags/bash_operator/simple_bash_operator.py took 0.103 seconds
[2021-10-13 05:01:33,142] {scheduler_job.py:182} INFO - Started process (PID=728) to work on /opt/airflow/dags/bash_operator/simple_bash_operator.py
[2021-10-13 05:01:33,143] {scheduler_job.py:629} INFO - Processing file /opt/airflow/dags/bash_operator/simple_bash_operator.py for tasks to queue
[2021-10-13 05:01:33,144] {logging_mixin.py:104} INFO - [2021-10-13 05:01:33,144] {dagbag.py:451} INFO - Filling up the DagBag from /opt/airflow/dags/bash_operator/simple_bash_operator.py
[2021-10-13 05:01:33,182] {scheduler_job.py:639} INFO - DAG(s) dict_keys(['simple_bash_operator']) retrieved from /opt/airflow/dags/bash_operator/simple_bash_operator.py
[2021-10-13 05:01:33,204] {logging_mixin.py:104} INFO - [2021-10-13 05:01:33,204] {dag.py:1824} INFO - Sync 1 DAGs
[2021-10-13 05:01:33,227] {logging_mixin.py:104} INFO - [2021-10-13 05:01:33,227] {dag.py:2280} INFO - Setting next_dagrun for simple_bash_operator to 2021-10-13 00:00:00+00:00
[2021-10-13 05:01:33,248] {scheduler_job.py:190} INFO - Processing /opt/airflow/dags/bash_operator/simple_bash_operator.py took 0.110 seconds
[2021-10-13 05:02:03,333] {scheduler_job.py:182} INFO - Started process (PID=760) to work on /opt/airflow/dags/bash_operator/simple_bash_operator.py
[2021-10-13 05:02:03,335] {scheduler_job.py:629} INFO - Processing file /opt/airflow/dags/bash_operator/simple_bash_operator.py for tasks to queue
[2021-10-13 05:02:03,335] {logging_mixin.py:104} INFO - [2021-10-13 05:02:03,335] {dagbag.py:451} INFO - Filling up the DagBag from /opt/airflow/dags/bash_operator/simple_bash_operator.py
[2021-10-13 05:02:03,369] {scheduler_job.py:639} INFO - DAG(s) dict_keys(['simple_bash_operator']) retrieved from /opt/airflow/dags/bash_operator/simple_bash_operator.py
[2021-10-13 05:02:03,390] {logging_mixin.py:104} INFO - [2021-10-13 05:02:03,390] {dag.py:1824} INFO - Sync 1 DAGs
[2021-10-13 05:02:03,419] {logging_mixin.py:104} INFO - [2021-10-13 05:02:03,419] {dag.py:2280} INFO - Setting next_dagrun for simple_bash_operator to 2021-10-13 00:00:00+00:00
[2021-10-13 05:02:03,434] {scheduler_job.py:190} INFO - Processing /opt/airflow/dags/bash_operator/simple_bash_operator.py took 0.104 seconds
[2021-10-13 05:02:33,894] {scheduler_job.py:182} INFO - Started process (PID=795) to work on /opt/airflow/dags/bash_operator/simple_bash_operator.py
[2021-10-13 05:02:33,896] {scheduler_job.py:629} INFO - Processing file /opt/airflow/dags/bash_operator/simple_bash_operator.py for tasks to queue
[2021-10-13 05:02:33,897] {logging_mixin.py:104} INFO - [2021-10-13 05:02:33,897] {dagbag.py:451} INFO - Filling up the DagBag from /opt/airflow/dags/bash_operator/simple_bash_operator.py
[2021-10-13 05:02:33,930] {scheduler_job.py:639} INFO - DAG(s) dict_keys(['simple_bash_operator']) retrieved from /opt/airflow/dags/bash_operator/simple_bash_operator.py
[2021-10-13 05:02:33,950] {logging_mixin.py:104} INFO - [2021-10-13 05:02:33,950] {dag.py:1824} INFO - Sync 1 DAGs
[2021-10-13 05:02:33,974] {logging_mixin.py:104} INFO - [2021-10-13 05:02:33,973] {dag.py:2280} INFO - Setting next_dagrun for simple_bash_operator to 2021-10-13 00:00:00+00:00
[2021-10-13 05:02:33,992] {scheduler_job.py:190} INFO - Processing /opt/airflow/dags/bash_operator/simple_bash_operator.py took 0.104 seconds
[2021-10-13 05:03:04,582] {scheduler_job.py:182} INFO - Started process (PID=828) to work on /opt/airflow/dags/bash_operator/simple_bash_operator.py
[2021-10-13 05:03:04,584] {scheduler_job.py:629} INFO - Processing file /opt/airflow/dags/bash_operator/simple_bash_operator.py for tasks to queue
[2021-10-13 05:03:04,585] {logging_mixin.py:104} INFO - [2021-10-13 05:03:04,585] {dagbag.py:451} INFO - Filling up the DagBag from /opt/airflow/dags/bash_operator/simple_bash_operator.py
[2021-10-13 05:03:04,620] {scheduler_job.py:639} INFO - DAG(s) dict_keys(['simple_bash_operator']) retrieved from /opt/airflow/dags/bash_operator/simple_bash_operator.py
[2021-10-13 05:03:04,642] {logging_mixin.py:104} INFO - [2021-10-13 05:03:04,641] {dag.py:1824} INFO - Sync 1 DAGs
[2021-10-13 05:03:04,666] {logging_mixin.py:104} INFO - [2021-10-13 05:03:04,666] {dag.py:2280} INFO - Setting next_dagrun for simple_bash_operator to 2021-10-13 00:00:00+00:00
[2021-10-13 05:03:04,683] {scheduler_job.py:190} INFO - Processing /opt/airflow/dags/bash_operator/simple_bash_operator.py took 0.104 seconds
[2021-10-13 05:03:35,529] {scheduler_job.py:182} INFO - Started process (PID=863) to work on /opt/airflow/dags/bash_operator/simple_bash_operator.py
[2021-10-13 05:03:35,531] {scheduler_job.py:629} INFO - Processing file /opt/airflow/dags/bash_operator/simple_bash_operator.py for tasks to queue
[2021-10-13 05:03:35,532] {logging_mixin.py:104} INFO - [2021-10-13 05:03:35,532] {dagbag.py:451} INFO - Filling up the DagBag from /opt/airflow/dags/bash_operator/simple_bash_operator.py
[2021-10-13 05:03:35,568] {scheduler_job.py:639} INFO - DAG(s) dict_keys(['simple_bash_operator']) retrieved from /opt/airflow/dags/bash_operator/simple_bash_operator.py
[2021-10-13 05:03:35,591] {logging_mixin.py:104} INFO - [2021-10-13 05:03:35,591] {dag.py:1824} INFO - Sync 1 DAGs
[2021-10-13 05:03:35,615] {logging_mixin.py:104} INFO - [2021-10-13 05:03:35,615] {dag.py:2280} INFO - Setting next_dagrun for simple_bash_operator to 2021-10-13 00:00:00+00:00
[2021-10-13 05:03:35,634] {scheduler_job.py:190} INFO - Processing /opt/airflow/dags/bash_operator/simple_bash_operator.py took 0.109 seconds
[2021-10-13 05:04:05,658] {scheduler_job.py:182} INFO - Started process (PID=896) to work on /opt/airflow/dags/bash_operator/simple_bash_operator.py
[2021-10-13 05:04:05,660] {scheduler_job.py:629} INFO - Processing file /opt/airflow/dags/bash_operator/simple_bash_operator.py for tasks to queue
[2021-10-13 05:04:05,661] {logging_mixin.py:104} INFO - [2021-10-13 05:04:05,661] {dagbag.py:451} INFO - Filling up the DagBag from /opt/airflow/dags/bash_operator/simple_bash_operator.py
[2021-10-13 05:04:05,697] {scheduler_job.py:639} INFO - DAG(s) dict_keys(['simple_bash_operator']) retrieved from /opt/airflow/dags/bash_operator/simple_bash_operator.py
[2021-10-13 05:04:05,718] {logging_mixin.py:104} INFO - [2021-10-13 05:04:05,718] {dag.py:1824} INFO - Sync 1 DAGs
[2021-10-13 05:04:05,739] {logging_mixin.py:104} INFO - [2021-10-13 05:04:05,739] {dag.py:2280} INFO - Setting next_dagrun for simple_bash_operator to 2021-10-13 00:00:00+00:00
[2021-10-13 05:04:05,756] {scheduler_job.py:190} INFO - Processing /opt/airflow/dags/bash_operator/simple_bash_operator.py took 0.101 seconds
[2021-10-13 05:04:36,557] {scheduler_job.py:182} INFO - Started process (PID=929) to work on /opt/airflow/dags/bash_operator/simple_bash_operator.py
[2021-10-13 05:04:36,558] {scheduler_job.py:629} INFO - Processing file /opt/airflow/dags/bash_operator/simple_bash_operator.py for tasks to queue
[2021-10-13 05:04:36,559] {logging_mixin.py:104} INFO - [2021-10-13 05:04:36,559] {dagbag.py:451} INFO - Filling up the DagBag from /opt/airflow/dags/bash_operator/simple_bash_operator.py
[2021-10-13 05:04:36,597] {scheduler_job.py:639} INFO - DAG(s) dict_keys(['simple_bash_operator']) retrieved from /opt/airflow/dags/bash_operator/simple_bash_operator.py
[2021-10-13 05:04:36,624] {logging_mixin.py:104} INFO - [2021-10-13 05:04:36,624] {dag.py:1824} INFO - Sync 1 DAGs
[2021-10-13 05:04:36,657] {logging_mixin.py:104} INFO - [2021-10-13 05:04:36,657] {dag.py:2280} INFO - Setting next_dagrun for simple_bash_operator to 2021-10-13 00:00:00+00:00
[2021-10-13 05:04:36,675] {scheduler_job.py:190} INFO - Processing /opt/airflow/dags/bash_operator/simple_bash_operator.py took 0.121 seconds
[2021-10-13 05:05:07,098] {scheduler_job.py:182} INFO - Started process (PID=962) to work on /opt/airflow/dags/bash_operator/simple_bash_operator.py
[2021-10-13 05:05:07,099] {scheduler_job.py:629} INFO - Processing file /opt/airflow/dags/bash_operator/simple_bash_operator.py for tasks to queue
[2021-10-13 05:05:07,101] {logging_mixin.py:104} INFO - [2021-10-13 05:05:07,100] {dagbag.py:451} INFO - Filling up the DagBag from /opt/airflow/dags/bash_operator/simple_bash_operator.py
[2021-10-13 05:05:07,133] {scheduler_job.py:639} INFO - DAG(s) dict_keys(['simple_bash_operator']) retrieved from /opt/airflow/dags/bash_operator/simple_bash_operator.py
[2021-10-13 05:05:07,155] {logging_mixin.py:104} INFO - [2021-10-13 05:05:07,155] {dag.py:1824} INFO - Sync 1 DAGs
[2021-10-13 05:05:07,180] {logging_mixin.py:104} INFO - [2021-10-13 05:05:07,180] {dag.py:2280} INFO - Setting next_dagrun for simple_bash_operator to 2021-10-13 00:00:00+00:00
[2021-10-13 05:05:07,196] {scheduler_job.py:190} INFO - Processing /opt/airflow/dags/bash_operator/simple_bash_operator.py took 0.102 seconds
[2021-10-13 05:05:37,412] {scheduler_job.py:182} INFO - Started process (PID=995) to work on /opt/airflow/dags/bash_operator/simple_bash_operator.py
[2021-10-13 05:05:37,414] {scheduler_job.py:629} INFO - Processing file /opt/airflow/dags/bash_operator/simple_bash_operator.py for tasks to queue
[2021-10-13 05:05:37,415] {logging_mixin.py:104} INFO - [2021-10-13 05:05:37,415] {dagbag.py:451} INFO - Filling up the DagBag from /opt/airflow/dags/bash_operator/simple_bash_operator.py
[2021-10-13 05:05:37,447] {scheduler_job.py:639} INFO - DAG(s) dict_keys(['simple_bash_operator']) retrieved from /opt/airflow/dags/bash_operator/simple_bash_operator.py
[2021-10-13 05:05:37,470] {logging_mixin.py:104} INFO - [2021-10-13 05:05:37,470] {dag.py:1824} INFO - Sync 1 DAGs
[2021-10-13 05:05:37,494] {logging_mixin.py:104} INFO - [2021-10-13 05:05:37,494] {dag.py:2280} INFO - Setting next_dagrun for simple_bash_operator to 2021-10-13 00:00:00+00:00
[2021-10-13 05:05:37,512] {scheduler_job.py:190} INFO - Processing /opt/airflow/dags/bash_operator/simple_bash_operator.py took 0.103 seconds
[2021-10-13 05:06:07,817] {scheduler_job.py:182} INFO - Started process (PID=1033) to work on /opt/airflow/dags/bash_operator/simple_bash_operator.py
[2021-10-13 05:06:07,818] {scheduler_job.py:629} INFO - Processing file /opt/airflow/dags/bash_operator/simple_bash_operator.py for tasks to queue
[2021-10-13 05:06:07,819] {logging_mixin.py:104} INFO - [2021-10-13 05:06:07,819] {dagbag.py:451} INFO - Filling up the DagBag from /opt/airflow/dags/bash_operator/simple_bash_operator.py
[2021-10-13 05:06:07,851] {scheduler_job.py:639} INFO - DAG(s) dict_keys(['simple_bash_operator']) retrieved from /opt/airflow/dags/bash_operator/simple_bash_operator.py
[2021-10-13 05:06:07,872] {logging_mixin.py:104} INFO - [2021-10-13 05:06:07,871] {dag.py:1824} INFO - Sync 1 DAGs
[2021-10-13 05:06:07,898] {logging_mixin.py:104} INFO - [2021-10-13 05:06:07,898] {dag.py:2280} INFO - Setting next_dagrun for simple_bash_operator to 2021-10-13 00:00:00+00:00
[2021-10-13 05:06:07,914] {scheduler_job.py:190} INFO - Processing /opt/airflow/dags/bash_operator/simple_bash_operator.py took 0.100 seconds
[2021-10-13 05:06:37,987] {scheduler_job.py:182} INFO - Started process (PID=1066) to work on /opt/airflow/dags/bash_operator/simple_bash_operator.py
[2021-10-13 05:06:37,988] {scheduler_job.py:629} INFO - Processing file /opt/airflow/dags/bash_operator/simple_bash_operator.py for tasks to queue
[2021-10-13 05:06:37,989] {logging_mixin.py:104} INFO - [2021-10-13 05:06:37,989] {dagbag.py:451} INFO - Filling up the DagBag from /opt/airflow/dags/bash_operator/simple_bash_operator.py
[2021-10-13 05:06:38,026] {scheduler_job.py:639} INFO - DAG(s) dict_keys(['simple_bash_operator']) retrieved from /opt/airflow/dags/bash_operator/simple_bash_operator.py
[2021-10-13 05:06:38,046] {logging_mixin.py:104} INFO - [2021-10-13 05:06:38,045] {dag.py:1824} INFO - Sync 1 DAGs
[2021-10-13 05:06:38,072] {logging_mixin.py:104} INFO - [2021-10-13 05:06:38,072] {dag.py:2280} INFO - Setting next_dagrun for simple_bash_operator to 2021-10-13 00:00:00+00:00
[2021-10-13 05:06:38,090] {scheduler_job.py:190} INFO - Processing /opt/airflow/dags/bash_operator/simple_bash_operator.py took 0.106 seconds
[2021-10-13 05:07:08,232] {scheduler_job.py:182} INFO - Started process (PID=1099) to work on /opt/airflow/dags/bash_operator/simple_bash_operator.py
[2021-10-13 05:07:08,233] {scheduler_job.py:629} INFO - Processing file /opt/airflow/dags/bash_operator/simple_bash_operator.py for tasks to queue
[2021-10-13 05:07:08,234] {logging_mixin.py:104} INFO - [2021-10-13 05:07:08,234] {dagbag.py:451} INFO - Filling up the DagBag from /opt/airflow/dags/bash_operator/simple_bash_operator.py
[2021-10-13 05:07:08,272] {scheduler_job.py:639} INFO - DAG(s) dict_keys(['simple_bash_operator']) retrieved from /opt/airflow/dags/bash_operator/simple_bash_operator.py
[2021-10-13 05:07:08,294] {logging_mixin.py:104} INFO - [2021-10-13 05:07:08,294] {dag.py:1824} INFO - Sync 1 DAGs
[2021-10-13 05:07:08,320] {logging_mixin.py:104} INFO - [2021-10-13 05:07:08,320] {dag.py:2280} INFO - Setting next_dagrun for simple_bash_operator to 2021-10-13 00:00:00+00:00
[2021-10-13 05:07:08,338] {scheduler_job.py:190} INFO - Processing /opt/airflow/dags/bash_operator/simple_bash_operator.py took 0.111 seconds
[2021-10-13 05:07:38,749] {scheduler_job.py:182} INFO - Started process (PID=1132) to work on /opt/airflow/dags/bash_operator/simple_bash_operator.py
[2021-10-13 05:07:38,751] {scheduler_job.py:629} INFO - Processing file /opt/airflow/dags/bash_operator/simple_bash_operator.py for tasks to queue
[2021-10-13 05:07:38,752] {logging_mixin.py:104} INFO - [2021-10-13 05:07:38,752] {dagbag.py:451} INFO - Filling up the DagBag from /opt/airflow/dags/bash_operator/simple_bash_operator.py
[2021-10-13 05:07:38,788] {scheduler_job.py:639} INFO - DAG(s) dict_keys(['simple_bash_operator']) retrieved from /opt/airflow/dags/bash_operator/simple_bash_operator.py
[2021-10-13 05:07:38,810] {logging_mixin.py:104} INFO - [2021-10-13 05:07:38,810] {dag.py:1824} INFO - Sync 1 DAGs
[2021-10-13 05:07:38,835] {logging_mixin.py:104} INFO - [2021-10-13 05:07:38,835] {dag.py:2280} INFO - Setting next_dagrun for simple_bash_operator to 2021-10-13 00:00:00+00:00
[2021-10-13 05:07:38,850] {scheduler_job.py:190} INFO - Processing /opt/airflow/dags/bash_operator/simple_bash_operator.py took 0.105 seconds
[2021-10-13 05:08:08,952] {scheduler_job.py:182} INFO - Started process (PID=1165) to work on /opt/airflow/dags/bash_operator/simple_bash_operator.py
[2021-10-13 05:08:08,953] {scheduler_job.py:629} INFO - Processing file /opt/airflow/dags/bash_operator/simple_bash_operator.py for tasks to queue
[2021-10-13 05:08:08,954] {logging_mixin.py:104} INFO - [2021-10-13 05:08:08,954] {dagbag.py:451} INFO - Filling up the DagBag from /opt/airflow/dags/bash_operator/simple_bash_operator.py
[2021-10-13 05:08:08,985] {scheduler_job.py:639} INFO - DAG(s) dict_keys(['simple_bash_operator']) retrieved from /opt/airflow/dags/bash_operator/simple_bash_operator.py
[2021-10-13 05:08:09,008] {logging_mixin.py:104} INFO - [2021-10-13 05:08:09,008] {dag.py:1824} INFO - Sync 1 DAGs
[2021-10-13 05:08:09,029] {logging_mixin.py:104} INFO - [2021-10-13 05:08:09,029] {dag.py:2280} INFO - Setting next_dagrun for simple_bash_operator to 2021-10-13 00:00:00+00:00
[2021-10-13 05:08:09,045] {scheduler_job.py:190} INFO - Processing /opt/airflow/dags/bash_operator/simple_bash_operator.py took 0.097 seconds
[2021-10-13 05:08:39,219] {scheduler_job.py:182} INFO - Started process (PID=1199) to work on /opt/airflow/dags/bash_operator/simple_bash_operator.py
[2021-10-13 05:08:39,221] {scheduler_job.py:629} INFO - Processing file /opt/airflow/dags/bash_operator/simple_bash_operator.py for tasks to queue
[2021-10-13 05:08:39,222] {logging_mixin.py:104} INFO - [2021-10-13 05:08:39,222] {dagbag.py:451} INFO - Filling up the DagBag from /opt/airflow/dags/bash_operator/simple_bash_operator.py
[2021-10-13 05:08:39,256] {scheduler_job.py:639} INFO - DAG(s) dict_keys(['simple_bash_operator']) retrieved from /opt/airflow/dags/bash_operator/simple_bash_operator.py
[2021-10-13 05:08:39,277] {logging_mixin.py:104} INFO - [2021-10-13 05:08:39,277] {dag.py:1824} INFO - Sync 1 DAGs
[2021-10-13 05:08:39,299] {logging_mixin.py:104} INFO - [2021-10-13 05:08:39,299] {dag.py:2280} INFO - Setting next_dagrun for simple_bash_operator to 2021-10-13 00:00:00+00:00
[2021-10-13 05:08:39,316] {scheduler_job.py:190} INFO - Processing /opt/airflow/dags/bash_operator/simple_bash_operator.py took 0.101 seconds
[2021-10-13 05:09:10,046] {scheduler_job.py:182} INFO - Started process (PID=1230) to work on /opt/airflow/dags/bash_operator/simple_bash_operator.py
[2021-10-13 05:09:10,047] {scheduler_job.py:629} INFO - Processing file /opt/airflow/dags/bash_operator/simple_bash_operator.py for tasks to queue
[2021-10-13 05:09:10,048] {logging_mixin.py:104} INFO - [2021-10-13 05:09:10,048] {dagbag.py:451} INFO - Filling up the DagBag from /opt/airflow/dags/bash_operator/simple_bash_operator.py
[2021-10-13 05:09:10,082] {scheduler_job.py:639} INFO - DAG(s) dict_keys(['simple_bash_operator']) retrieved from /opt/airflow/dags/bash_operator/simple_bash_operator.py
[2021-10-13 05:09:10,104] {logging_mixin.py:104} INFO - [2021-10-13 05:09:10,104] {dag.py:1824} INFO - Sync 1 DAGs
[2021-10-13 05:09:10,129] {logging_mixin.py:104} INFO - [2021-10-13 05:09:10,129] {dag.py:2280} INFO - Setting next_dagrun for simple_bash_operator to 2021-10-13 00:00:00+00:00
[2021-10-13 05:09:10,145] {scheduler_job.py:190} INFO - Processing /opt/airflow/dags/bash_operator/simple_bash_operator.py took 0.103 seconds
[2021-10-13 05:09:41,134] {scheduler_job.py:182} INFO - Started process (PID=1263) to work on /opt/airflow/dags/bash_operator/simple_bash_operator.py
[2021-10-13 05:09:41,135] {scheduler_job.py:629} INFO - Processing file /opt/airflow/dags/bash_operator/simple_bash_operator.py for tasks to queue
[2021-10-13 05:09:41,136] {logging_mixin.py:104} INFO - [2021-10-13 05:09:41,136] {dagbag.py:451} INFO - Filling up the DagBag from /opt/airflow/dags/bash_operator/simple_bash_operator.py
[2021-10-13 05:09:41,173] {scheduler_job.py:639} INFO - DAG(s) dict_keys(['simple_bash_operator']) retrieved from /opt/airflow/dags/bash_operator/simple_bash_operator.py
[2021-10-13 05:09:41,197] {logging_mixin.py:104} INFO - [2021-10-13 05:09:41,196] {dag.py:1824} INFO - Sync 1 DAGs
[2021-10-13 05:09:41,219] {logging_mixin.py:104} INFO - [2021-10-13 05:09:41,219] {dag.py:2280} INFO - Setting next_dagrun for simple_bash_operator to 2021-10-13 00:00:00+00:00
[2021-10-13 05:09:41,236] {scheduler_job.py:190} INFO - Processing /opt/airflow/dags/bash_operator/simple_bash_operator.py took 0.105 seconds
[2021-10-13 05:10:11,285] {scheduler_job.py:182} INFO - Started process (PID=1295) to work on /opt/airflow/dags/bash_operator/simple_bash_operator.py
[2021-10-13 05:10:11,288] {scheduler_job.py:629} INFO - Processing file /opt/airflow/dags/bash_operator/simple_bash_operator.py for tasks to queue
[2021-10-13 05:10:11,290] {logging_mixin.py:104} INFO - [2021-10-13 05:10:11,290] {dagbag.py:451} INFO - Filling up the DagBag from /opt/airflow/dags/bash_operator/simple_bash_operator.py
[2021-10-13 05:10:11,337] {scheduler_job.py:639} INFO - DAG(s) dict_keys(['simple_bash_operator']) retrieved from /opt/airflow/dags/bash_operator/simple_bash_operator.py
[2021-10-13 05:10:11,358] {logging_mixin.py:104} INFO - [2021-10-13 05:10:11,358] {dag.py:1824} INFO - Sync 1 DAGs
[2021-10-13 05:10:11,380] {logging_mixin.py:104} INFO - [2021-10-13 05:10:11,380] {dag.py:2280} INFO - Setting next_dagrun for simple_bash_operator to 2021-10-13 00:00:00+00:00
[2021-10-13 05:10:11,399] {scheduler_job.py:190} INFO - Processing /opt/airflow/dags/bash_operator/simple_bash_operator.py took 0.121 seconds
[2021-10-13 05:10:41,623] {scheduler_job.py:182} INFO - Started process (PID=1329) to work on /opt/airflow/dags/bash_operator/simple_bash_operator.py
[2021-10-13 05:10:41,625] {scheduler_job.py:629} INFO - Processing file /opt/airflow/dags/bash_operator/simple_bash_operator.py for tasks to queue
[2021-10-13 05:10:41,626] {logging_mixin.py:104} INFO - [2021-10-13 05:10:41,626] {dagbag.py:451} INFO - Filling up the DagBag from /opt/airflow/dags/bash_operator/simple_bash_operator.py
[2021-10-13 05:10:41,669] {scheduler_job.py:639} INFO - DAG(s) dict_keys(['simple_bash_operator']) retrieved from /opt/airflow/dags/bash_operator/simple_bash_operator.py
[2021-10-13 05:10:41,691] {logging_mixin.py:104} INFO - [2021-10-13 05:10:41,691] {dag.py:1824} INFO - Sync 1 DAGs
[2021-10-13 05:10:41,714] {logging_mixin.py:104} INFO - [2021-10-13 05:10:41,714] {dag.py:2280} INFO - Setting next_dagrun for simple_bash_operator to 2021-10-13 00:00:00+00:00
[2021-10-13 05:10:41,731] {scheduler_job.py:190} INFO - Processing /opt/airflow/dags/bash_operator/simple_bash_operator.py took 0.112 seconds
[2021-10-13 05:11:11,940] {scheduler_job.py:182} INFO - Started process (PID=1362) to work on /opt/airflow/dags/bash_operator/simple_bash_operator.py
[2021-10-13 05:11:11,943] {scheduler_job.py:629} INFO - Processing file /opt/airflow/dags/bash_operator/simple_bash_operator.py for tasks to queue
[2021-10-13 05:11:11,945] {logging_mixin.py:104} INFO - [2021-10-13 05:11:11,945] {dagbag.py:451} INFO - Filling up the DagBag from /opt/airflow/dags/bash_operator/simple_bash_operator.py
[2021-10-13 05:11:12,005] {scheduler_job.py:639} INFO - DAG(s) dict_keys(['simple_bash_operator']) retrieved from /opt/airflow/dags/bash_operator/simple_bash_operator.py
[2021-10-13 05:11:12,025] {logging_mixin.py:104} INFO - [2021-10-13 05:11:12,025] {dag.py:1824} INFO - Sync 1 DAGs
[2021-10-13 05:11:12,048] {logging_mixin.py:104} INFO - [2021-10-13 05:11:12,047] {dag.py:2280} INFO - Setting next_dagrun for simple_bash_operator to 2021-10-13 00:00:00+00:00
[2021-10-13 05:11:12,064] {scheduler_job.py:190} INFO - Processing /opt/airflow/dags/bash_operator/simple_bash_operator.py took 0.131 seconds
[2021-10-13 05:11:42,878] {scheduler_job.py:182} INFO - Started process (PID=1396) to work on /opt/airflow/dags/bash_operator/simple_bash_operator.py
[2021-10-13 05:11:42,880] {scheduler_job.py:629} INFO - Processing file /opt/airflow/dags/bash_operator/simple_bash_operator.py for tasks to queue
[2021-10-13 05:11:42,880] {logging_mixin.py:104} INFO - [2021-10-13 05:11:42,880] {dagbag.py:451} INFO - Filling up the DagBag from /opt/airflow/dags/bash_operator/simple_bash_operator.py
[2021-10-13 05:11:42,915] {scheduler_job.py:639} INFO - DAG(s) dict_keys(['simple_bash_operator']) retrieved from /opt/airflow/dags/bash_operator/simple_bash_operator.py
[2021-10-13 05:11:42,939] {logging_mixin.py:104} INFO - [2021-10-13 05:11:42,939] {dag.py:1824} INFO - Sync 1 DAGs
[2021-10-13 05:11:42,963] {logging_mixin.py:104} INFO - [2021-10-13 05:11:42,963] {dag.py:2280} INFO - Setting next_dagrun for simple_bash_operator to 2021-10-13 00:00:00+00:00
[2021-10-13 05:11:42,979] {scheduler_job.py:190} INFO - Processing /opt/airflow/dags/bash_operator/simple_bash_operator.py took 0.105 seconds
[2021-10-13 05:12:13,873] {scheduler_job.py:182} INFO - Started process (PID=1429) to work on /opt/airflow/dags/bash_operator/simple_bash_operator.py
[2021-10-13 05:12:13,874] {scheduler_job.py:629} INFO - Processing file /opt/airflow/dags/bash_operator/simple_bash_operator.py for tasks to queue
[2021-10-13 05:12:13,875] {logging_mixin.py:104} INFO - [2021-10-13 05:12:13,875] {dagbag.py:451} INFO - Filling up the DagBag from /opt/airflow/dags/bash_operator/simple_bash_operator.py
[2021-10-13 05:12:13,915] {scheduler_job.py:639} INFO - DAG(s) dict_keys(['simple_bash_operator']) retrieved from /opt/airflow/dags/bash_operator/simple_bash_operator.py
[2021-10-13 05:12:13,938] {logging_mixin.py:104} INFO - [2021-10-13 05:12:13,938] {dag.py:1824} INFO - Sync 1 DAGs
[2021-10-13 05:12:13,961] {logging_mixin.py:104} INFO - [2021-10-13 05:12:13,960] {dag.py:2280} INFO - Setting next_dagrun for simple_bash_operator to 2021-10-13 00:00:00+00:00
[2021-10-13 05:12:13,978] {scheduler_job.py:190} INFO - Processing /opt/airflow/dags/bash_operator/simple_bash_operator.py took 0.108 seconds
[2021-10-13 05:12:44,864] {scheduler_job.py:182} INFO - Started process (PID=1462) to work on /opt/airflow/dags/bash_operator/simple_bash_operator.py
[2021-10-13 05:12:44,865] {scheduler_job.py:629} INFO - Processing file /opt/airflow/dags/bash_operator/simple_bash_operator.py for tasks to queue
[2021-10-13 05:12:44,867] {logging_mixin.py:104} INFO - [2021-10-13 05:12:44,866] {dagbag.py:451} INFO - Filling up the DagBag from /opt/airflow/dags/bash_operator/simple_bash_operator.py
[2021-10-13 05:12:44,907] {scheduler_job.py:639} INFO - DAG(s) dict_keys(['simple_bash_operator']) retrieved from /opt/airflow/dags/bash_operator/simple_bash_operator.py
[2021-10-13 05:12:44,929] {logging_mixin.py:104} INFO - [2021-10-13 05:12:44,929] {dag.py:1824} INFO - Sync 1 DAGs
[2021-10-13 05:12:44,953] {logging_mixin.py:104} INFO - [2021-10-13 05:12:44,953] {dag.py:2280} INFO - Setting next_dagrun for simple_bash_operator to 2021-10-13 00:00:00+00:00
[2021-10-13 05:12:44,970] {scheduler_job.py:190} INFO - Processing /opt/airflow/dags/bash_operator/simple_bash_operator.py took 0.109 seconds
[2021-10-13 05:13:15,193] {scheduler_job.py:182} INFO - Started process (PID=1495) to work on /opt/airflow/dags/bash_operator/simple_bash_operator.py
[2021-10-13 05:13:15,196] {scheduler_job.py:629} INFO - Processing file /opt/airflow/dags/bash_operator/simple_bash_operator.py for tasks to queue
[2021-10-13 05:13:15,198] {logging_mixin.py:104} INFO - [2021-10-13 05:13:15,197] {dagbag.py:451} INFO - Filling up the DagBag from /opt/airflow/dags/bash_operator/simple_bash_operator.py
[2021-10-13 05:13:15,237] {scheduler_job.py:639} INFO - DAG(s) dict_keys(['simple_bash_operator']) retrieved from /opt/airflow/dags/bash_operator/simple_bash_operator.py
[2021-10-13 05:13:15,259] {logging_mixin.py:104} INFO - [2021-10-13 05:13:15,259] {dag.py:1824} INFO - Sync 1 DAGs
[2021-10-13 05:13:15,284] {logging_mixin.py:104} INFO - [2021-10-13 05:13:15,284] {dag.py:2280} INFO - Setting next_dagrun for simple_bash_operator to 2021-10-13 00:00:00+00:00
[2021-10-13 05:13:15,301] {scheduler_job.py:190} INFO - Processing /opt/airflow/dags/bash_operator/simple_bash_operator.py took 0.112 seconds
[2021-10-13 05:13:46,074] {scheduler_job.py:182} INFO - Started process (PID=1528) to work on /opt/airflow/dags/bash_operator/simple_bash_operator.py
[2021-10-13 05:13:46,077] {scheduler_job.py:629} INFO - Processing file /opt/airflow/dags/bash_operator/simple_bash_operator.py for tasks to queue
[2021-10-13 05:13:46,078] {logging_mixin.py:104} INFO - [2021-10-13 05:13:46,078] {dagbag.py:451} INFO - Filling up the DagBag from /opt/airflow/dags/bash_operator/simple_bash_operator.py
[2021-10-13 05:13:46,122] {scheduler_job.py:639} INFO - DAG(s) dict_keys(['simple_bash_operator']) retrieved from /opt/airflow/dags/bash_operator/simple_bash_operator.py
[2021-10-13 05:13:46,163] {logging_mixin.py:104} INFO - [2021-10-13 05:13:46,163] {dag.py:1824} INFO - Sync 1 DAGs
[2021-10-13 05:13:46,196] {logging_mixin.py:104} INFO - [2021-10-13 05:13:46,196] {dag.py:2280} INFO - Setting next_dagrun for simple_bash_operator to 2021-10-13 00:00:00+00:00
[2021-10-13 05:13:46,214] {scheduler_job.py:190} INFO - Processing /opt/airflow/dags/bash_operator/simple_bash_operator.py took 0.143 seconds
[2021-10-13 05:14:16,262] {scheduler_job.py:182} INFO - Started process (PID=1561) to work on /opt/airflow/dags/bash_operator/simple_bash_operator.py
[2021-10-13 05:14:16,263] {scheduler_job.py:629} INFO - Processing file /opt/airflow/dags/bash_operator/simple_bash_operator.py for tasks to queue
[2021-10-13 05:14:16,264] {logging_mixin.py:104} INFO - [2021-10-13 05:14:16,264] {dagbag.py:451} INFO - Filling up the DagBag from /opt/airflow/dags/bash_operator/simple_bash_operator.py
[2021-10-13 05:14:16,308] {scheduler_job.py:639} INFO - DAG(s) dict_keys(['simple_bash_operator']) retrieved from /opt/airflow/dags/bash_operator/simple_bash_operator.py
[2021-10-13 05:14:16,334] {logging_mixin.py:104} INFO - [2021-10-13 05:14:16,334] {dag.py:1824} INFO - Sync 1 DAGs
[2021-10-13 05:14:16,361] {logging_mixin.py:104} INFO - [2021-10-13 05:14:16,361] {dag.py:2280} INFO - Setting next_dagrun for simple_bash_operator to 2021-10-13 00:00:00+00:00
[2021-10-13 05:14:16,378] {scheduler_job.py:190} INFO - Processing /opt/airflow/dags/bash_operator/simple_bash_operator.py took 0.120 seconds
[2021-10-13 05:26:31,577] {scheduler_job.py:182} INFO - Started process (PID=1582) to work on /opt/airflow/dags/bash_operator/simple_bash_operator.py
[2021-10-13 05:26:31,578] {scheduler_job.py:629} INFO - Processing file /opt/airflow/dags/bash_operator/simple_bash_operator.py for tasks to queue
[2021-10-13 05:26:31,580] {logging_mixin.py:104} INFO - [2021-10-13 05:26:31,580] {dagbag.py:451} INFO - Filling up the DagBag from /opt/airflow/dags/bash_operator/simple_bash_operator.py
[2021-10-13 05:26:31,624] {scheduler_job.py:639} INFO - DAG(s) dict_keys(['simple_bash_operator']) retrieved from /opt/airflow/dags/bash_operator/simple_bash_operator.py
[2021-10-13 05:26:31,659] {logging_mixin.py:104} INFO - [2021-10-13 05:26:31,658] {dag.py:1824} INFO - Sync 1 DAGs
[2021-10-13 05:26:31,700] {logging_mixin.py:104} INFO - [2021-10-13 05:26:31,700] {dag.py:2280} INFO - Setting next_dagrun for simple_bash_operator to 2021-10-13 00:00:00+00:00
[2021-10-13 05:26:31,720] {scheduler_job.py:190} INFO - Processing /opt/airflow/dags/bash_operator/simple_bash_operator.py took 0.149 seconds
[2021-10-13 05:27:01,829] {scheduler_job.py:182} INFO - Started process (PID=1615) to work on /opt/airflow/dags/bash_operator/simple_bash_operator.py
[2021-10-13 05:27:01,831] {scheduler_job.py:629} INFO - Processing file /opt/airflow/dags/bash_operator/simple_bash_operator.py for tasks to queue
[2021-10-13 05:27:01,832] {logging_mixin.py:104} INFO - [2021-10-13 05:27:01,832] {dagbag.py:451} INFO - Filling up the DagBag from /opt/airflow/dags/bash_operator/simple_bash_operator.py
[2021-10-13 05:27:01,875] {scheduler_job.py:639} INFO - DAG(s) dict_keys(['simple_bash_operator']) retrieved from /opt/airflow/dags/bash_operator/simple_bash_operator.py
[2021-10-13 05:27:01,899] {logging_mixin.py:104} INFO - [2021-10-13 05:27:01,898] {dag.py:1824} INFO - Sync 1 DAGs
[2021-10-13 05:27:01,926] {logging_mixin.py:104} INFO - [2021-10-13 05:27:01,926] {dag.py:2280} INFO - Setting next_dagrun for simple_bash_operator to 2021-10-13 00:00:00+00:00
[2021-10-13 05:27:01,944] {scheduler_job.py:190} INFO - Processing /opt/airflow/dags/bash_operator/simple_bash_operator.py took 0.120 seconds
[2021-10-13 05:27:32,087] {scheduler_job.py:182} INFO - Started process (PID=1648) to work on /opt/airflow/dags/bash_operator/simple_bash_operator.py
[2021-10-13 05:27:32,091] {scheduler_job.py:629} INFO - Processing file /opt/airflow/dags/bash_operator/simple_bash_operator.py for tasks to queue
[2021-10-13 05:27:32,093] {logging_mixin.py:104} INFO - [2021-10-13 05:27:32,092] {dagbag.py:451} INFO - Filling up the DagBag from /opt/airflow/dags/bash_operator/simple_bash_operator.py
[2021-10-13 05:27:32,197] {scheduler_job.py:639} INFO - DAG(s) dict_keys(['simple_bash_operator']) retrieved from /opt/airflow/dags/bash_operator/simple_bash_operator.py
[2021-10-13 05:27:32,229] {logging_mixin.py:104} INFO - [2021-10-13 05:27:32,228] {dag.py:1824} INFO - Sync 1 DAGs
[2021-10-13 05:27:32,261] {logging_mixin.py:104} INFO - [2021-10-13 05:27:32,261] {dag.py:2280} INFO - Setting next_dagrun for simple_bash_operator to 2021-10-13 00:00:00+00:00
[2021-10-13 05:27:32,282] {scheduler_job.py:190} INFO - Processing /opt/airflow/dags/bash_operator/simple_bash_operator.py took 0.201 seconds
[2021-10-13 05:28:02,831] {scheduler_job.py:182} INFO - Started process (PID=1683) to work on /opt/airflow/dags/bash_operator/simple_bash_operator.py
[2021-10-13 05:28:02,832] {scheduler_job.py:629} INFO - Processing file /opt/airflow/dags/bash_operator/simple_bash_operator.py for tasks to queue
[2021-10-13 05:28:02,833] {logging_mixin.py:104} INFO - [2021-10-13 05:28:02,833] {dagbag.py:451} INFO - Filling up the DagBag from /opt/airflow/dags/bash_operator/simple_bash_operator.py
[2021-10-13 05:28:02,868] {scheduler_job.py:639} INFO - DAG(s) dict_keys(['simple_bash_operator']) retrieved from /opt/airflow/dags/bash_operator/simple_bash_operator.py
[2021-10-13 05:28:02,892] {logging_mixin.py:104} INFO - [2021-10-13 05:28:02,892] {dag.py:1824} INFO - Sync 1 DAGs
[2021-10-13 05:28:02,924] {logging_mixin.py:104} INFO - [2021-10-13 05:28:02,924] {dag.py:2280} INFO - Setting next_dagrun for simple_bash_operator to 2021-10-13 00:00:00+00:00
[2021-10-13 05:28:02,940] {scheduler_job.py:190} INFO - Processing /opt/airflow/dags/bash_operator/simple_bash_operator.py took 0.113 seconds
[2021-10-13 05:28:33,477] {scheduler_job.py:182} INFO - Started process (PID=1717) to work on /opt/airflow/dags/bash_operator/simple_bash_operator.py
[2021-10-13 05:28:33,478] {scheduler_job.py:629} INFO - Processing file /opt/airflow/dags/bash_operator/simple_bash_operator.py for tasks to queue
[2021-10-13 05:28:33,480] {logging_mixin.py:104} INFO - [2021-10-13 05:28:33,479] {dagbag.py:451} INFO - Filling up the DagBag from /opt/airflow/dags/bash_operator/simple_bash_operator.py
[2021-10-13 05:28:33,516] {scheduler_job.py:639} INFO - DAG(s) dict_keys(['simple_bash_operator']) retrieved from /opt/airflow/dags/bash_operator/simple_bash_operator.py
[2021-10-13 05:28:33,538] {logging_mixin.py:104} INFO - [2021-10-13 05:28:33,538] {dag.py:1824} INFO - Sync 1 DAGs
[2021-10-13 05:28:33,564] {logging_mixin.py:104} INFO - [2021-10-13 05:28:33,564] {dag.py:2280} INFO - Setting next_dagrun for simple_bash_operator to 2021-10-13 00:00:00+00:00
[2021-10-13 05:28:33,583] {scheduler_job.py:190} INFO - Processing /opt/airflow/dags/bash_operator/simple_bash_operator.py took 0.110 seconds
[2021-10-13 05:29:03,936] {scheduler_job.py:182} INFO - Started process (PID=1751) to work on /opt/airflow/dags/bash_operator/simple_bash_operator.py
[2021-10-13 05:29:03,940] {scheduler_job.py:629} INFO - Processing file /opt/airflow/dags/bash_operator/simple_bash_operator.py for tasks to queue
[2021-10-13 05:29:03,941] {logging_mixin.py:104} INFO - [2021-10-13 05:29:03,941] {dagbag.py:451} INFO - Filling up the DagBag from /opt/airflow/dags/bash_operator/simple_bash_operator.py
[2021-10-13 05:29:03,992] {scheduler_job.py:639} INFO - DAG(s) dict_keys(['simple_bash_operator']) retrieved from /opt/airflow/dags/bash_operator/simple_bash_operator.py
[2021-10-13 05:29:04,015] {logging_mixin.py:104} INFO - [2021-10-13 05:29:04,014] {dag.py:1824} INFO - Sync 1 DAGs
[2021-10-13 05:29:04,041] {logging_mixin.py:104} INFO - [2021-10-13 05:29:04,041] {dag.py:2280} INFO - Setting next_dagrun for simple_bash_operator to 2021-10-13 00:00:00+00:00
[2021-10-13 05:29:04,059] {scheduler_job.py:190} INFO - Processing /opt/airflow/dags/bash_operator/simple_bash_operator.py took 0.128 seconds
[2021-10-13 05:29:34,911] {scheduler_job.py:182} INFO - Started process (PID=1784) to work on /opt/airflow/dags/bash_operator/simple_bash_operator.py
[2021-10-13 05:29:34,913] {scheduler_job.py:629} INFO - Processing file /opt/airflow/dags/bash_operator/simple_bash_operator.py for tasks to queue
[2021-10-13 05:29:34,915] {logging_mixin.py:104} INFO - [2021-10-13 05:29:34,914] {dagbag.py:451} INFO - Filling up the DagBag from /opt/airflow/dags/bash_operator/simple_bash_operator.py
[2021-10-13 05:29:34,984] {scheduler_job.py:639} INFO - DAG(s) dict_keys(['simple_bash_operator']) retrieved from /opt/airflow/dags/bash_operator/simple_bash_operator.py
[2021-10-13 05:29:35,021] {logging_mixin.py:104} INFO - [2021-10-13 05:29:35,020] {dag.py:1824} INFO - Sync 1 DAGs
[2021-10-13 05:29:35,066] {logging_mixin.py:104} INFO - [2021-10-13 05:29:35,066] {dag.py:2280} INFO - Setting next_dagrun for simple_bash_operator to 2021-10-13 00:00:00+00:00
[2021-10-13 05:29:35,091] {scheduler_job.py:190} INFO - Processing /opt/airflow/dags/bash_operator/simple_bash_operator.py took 0.186 seconds
[2021-10-13 05:30:05,271] {scheduler_job.py:182} INFO - Started process (PID=1817) to work on /opt/airflow/dags/bash_operator/simple_bash_operator.py
[2021-10-13 05:30:05,272] {scheduler_job.py:629} INFO - Processing file /opt/airflow/dags/bash_operator/simple_bash_operator.py for tasks to queue
[2021-10-13 05:30:05,273] {logging_mixin.py:104} INFO - [2021-10-13 05:30:05,273] {dagbag.py:451} INFO - Filling up the DagBag from /opt/airflow/dags/bash_operator/simple_bash_operator.py
[2021-10-13 05:30:05,317] {scheduler_job.py:639} INFO - DAG(s) dict_keys(['simple_bash_operator']) retrieved from /opt/airflow/dags/bash_operator/simple_bash_operator.py
[2021-10-13 05:30:05,341] {logging_mixin.py:104} INFO - [2021-10-13 05:30:05,341] {dag.py:1824} INFO - Sync 1 DAGs
[2021-10-13 05:30:05,376] {logging_mixin.py:104} INFO - [2021-10-13 05:30:05,376] {dag.py:2280} INFO - Setting next_dagrun for simple_bash_operator to 2021-10-13 00:00:00+00:00
[2021-10-13 05:30:05,402] {scheduler_job.py:190} INFO - Processing /opt/airflow/dags/bash_operator/simple_bash_operator.py took 0.135 seconds
[2021-10-13 05:30:35,726] {scheduler_job.py:182} INFO - Started process (PID=1849) to work on /opt/airflow/dags/bash_operator/simple_bash_operator.py
[2021-10-13 05:30:35,728] {scheduler_job.py:629} INFO - Processing file /opt/airflow/dags/bash_operator/simple_bash_operator.py for tasks to queue
[2021-10-13 05:30:35,730] {logging_mixin.py:104} INFO - [2021-10-13 05:30:35,729] {dagbag.py:451} INFO - Filling up the DagBag from /opt/airflow/dags/bash_operator/simple_bash_operator.py
[2021-10-13 05:30:35,772] {scheduler_job.py:639} INFO - DAG(s) dict_keys(['simple_bash_operator']) retrieved from /opt/airflow/dags/bash_operator/simple_bash_operator.py
[2021-10-13 05:30:35,803] {logging_mixin.py:104} INFO - [2021-10-13 05:30:35,803] {dag.py:1824} INFO - Sync 1 DAGs
[2021-10-13 05:30:35,844] {logging_mixin.py:104} INFO - [2021-10-13 05:30:35,844] {dag.py:2280} INFO - Setting next_dagrun for simple_bash_operator to 2021-10-13 00:00:00+00:00
[2021-10-13 05:30:35,867] {scheduler_job.py:190} INFO - Processing /opt/airflow/dags/bash_operator/simple_bash_operator.py took 0.144 seconds
[2021-10-13 05:31:06,203] {scheduler_job.py:182} INFO - Started process (PID=1882) to work on /opt/airflow/dags/bash_operator/simple_bash_operator.py
[2021-10-13 05:31:06,204] {scheduler_job.py:629} INFO - Processing file /opt/airflow/dags/bash_operator/simple_bash_operator.py for tasks to queue
[2021-10-13 05:31:06,206] {logging_mixin.py:104} INFO - [2021-10-13 05:31:06,206] {dagbag.py:451} INFO - Filling up the DagBag from /opt/airflow/dags/bash_operator/simple_bash_operator.py
[2021-10-13 05:31:06,259] {scheduler_job.py:639} INFO - DAG(s) dict_keys(['simple_bash_operator']) retrieved from /opt/airflow/dags/bash_operator/simple_bash_operator.py
[2021-10-13 05:31:06,317] {logging_mixin.py:104} INFO - [2021-10-13 05:31:06,316] {dag.py:1824} INFO - Sync 1 DAGs
[2021-10-13 05:31:06,365] {logging_mixin.py:104} INFO - [2021-10-13 05:31:06,365] {dag.py:2280} INFO - Setting next_dagrun for simple_bash_operator to 2021-10-13 00:00:00+00:00
[2021-10-13 05:31:06,393] {scheduler_job.py:190} INFO - Processing /opt/airflow/dags/bash_operator/simple_bash_operator.py took 0.198 seconds
[2021-10-13 05:31:37,219] {scheduler_job.py:182} INFO - Started process (PID=1917) to work on /opt/airflow/dags/bash_operator/simple_bash_operator.py
[2021-10-13 05:31:37,222] {scheduler_job.py:629} INFO - Processing file /opt/airflow/dags/bash_operator/simple_bash_operator.py for tasks to queue
[2021-10-13 05:31:37,223] {logging_mixin.py:104} INFO - [2021-10-13 05:31:37,223] {dagbag.py:451} INFO - Filling up the DagBag from /opt/airflow/dags/bash_operator/simple_bash_operator.py
[2021-10-13 05:31:37,269] {scheduler_job.py:639} INFO - DAG(s) dict_keys(['simple_bash_operator']) retrieved from /opt/airflow/dags/bash_operator/simple_bash_operator.py
[2021-10-13 05:31:37,297] {logging_mixin.py:104} INFO - [2021-10-13 05:31:37,297] {dag.py:1824} INFO - Sync 1 DAGs
[2021-10-13 05:31:37,347] {logging_mixin.py:104} INFO - [2021-10-13 05:31:37,347] {dag.py:2280} INFO - Setting next_dagrun for simple_bash_operator to 2021-10-13 00:00:00+00:00
[2021-10-13 05:31:37,370] {scheduler_job.py:190} INFO - Processing /opt/airflow/dags/bash_operator/simple_bash_operator.py took 0.156 seconds
[2021-10-13 05:32:07,462] {scheduler_job.py:182} INFO - Started process (PID=1950) to work on /opt/airflow/dags/bash_operator/simple_bash_operator.py
[2021-10-13 05:32:07,464] {scheduler_job.py:629} INFO - Processing file /opt/airflow/dags/bash_operator/simple_bash_operator.py for tasks to queue
[2021-10-13 05:32:07,466] {logging_mixin.py:104} INFO - [2021-10-13 05:32:07,465] {dagbag.py:451} INFO - Filling up the DagBag from /opt/airflow/dags/bash_operator/simple_bash_operator.py
[2021-10-13 05:32:07,507] {scheduler_job.py:639} INFO - DAG(s) dict_keys(['simple_bash_operator']) retrieved from /opt/airflow/dags/bash_operator/simple_bash_operator.py
[2021-10-13 05:32:07,529] {logging_mixin.py:104} INFO - [2021-10-13 05:32:07,529] {dag.py:1824} INFO - Sync 1 DAGs
[2021-10-13 05:32:07,560] {logging_mixin.py:104} INFO - [2021-10-13 05:32:07,560] {dag.py:2280} INFO - Setting next_dagrun for simple_bash_operator to 2021-10-13 00:00:00+00:00
[2021-10-13 05:32:07,577] {scheduler_job.py:190} INFO - Processing /opt/airflow/dags/bash_operator/simple_bash_operator.py took 0.119 seconds
[2021-10-13 05:32:37,778] {scheduler_job.py:182} INFO - Started process (PID=1983) to work on /opt/airflow/dags/bash_operator/simple_bash_operator.py
[2021-10-13 05:32:37,780] {scheduler_job.py:629} INFO - Processing file /opt/airflow/dags/bash_operator/simple_bash_operator.py for tasks to queue
[2021-10-13 05:32:37,781] {logging_mixin.py:104} INFO - [2021-10-13 05:32:37,781] {dagbag.py:451} INFO - Filling up the DagBag from /opt/airflow/dags/bash_operator/simple_bash_operator.py
[2021-10-13 05:32:37,819] {scheduler_job.py:639} INFO - DAG(s) dict_keys(['simple_bash_operator']) retrieved from /opt/airflow/dags/bash_operator/simple_bash_operator.py
[2021-10-13 05:32:37,842] {logging_mixin.py:104} INFO - [2021-10-13 05:32:37,842] {dag.py:1824} INFO - Sync 1 DAGs
[2021-10-13 05:32:37,866] {logging_mixin.py:104} INFO - [2021-10-13 05:32:37,865] {dag.py:2280} INFO - Setting next_dagrun for simple_bash_operator to 2021-10-13 00:00:00+00:00
[2021-10-13 05:32:37,888] {scheduler_job.py:190} INFO - Processing /opt/airflow/dags/bash_operator/simple_bash_operator.py took 0.113 seconds
[2021-10-13 05:33:08,173] {scheduler_job.py:182} INFO - Started process (PID=2016) to work on /opt/airflow/dags/bash_operator/simple_bash_operator.py
[2021-10-13 05:33:08,176] {scheduler_job.py:629} INFO - Processing file /opt/airflow/dags/bash_operator/simple_bash_operator.py for tasks to queue
[2021-10-13 05:33:08,177] {logging_mixin.py:104} INFO - [2021-10-13 05:33:08,177] {dagbag.py:451} INFO - Filling up the DagBag from /opt/airflow/dags/bash_operator/simple_bash_operator.py
[2021-10-13 05:33:08,220] {scheduler_job.py:639} INFO - DAG(s) dict_keys(['simple_bash_operator']) retrieved from /opt/airflow/dags/bash_operator/simple_bash_operator.py
[2021-10-13 05:33:08,247] {logging_mixin.py:104} INFO - [2021-10-13 05:33:08,247] {dag.py:1824} INFO - Sync 1 DAGs
[2021-10-13 05:33:08,285] {logging_mixin.py:104} INFO - [2021-10-13 05:33:08,285] {dag.py:2280} INFO - Setting next_dagrun for simple_bash_operator to 2021-10-13 00:00:00+00:00
[2021-10-13 05:33:08,305] {scheduler_job.py:190} INFO - Processing /opt/airflow/dags/bash_operator/simple_bash_operator.py took 0.137 seconds
[2021-10-13 05:33:38,357] {scheduler_job.py:182} INFO - Started process (PID=2047) to work on /opt/airflow/dags/bash_operator/simple_bash_operator.py
[2021-10-13 05:33:38,358] {scheduler_job.py:629} INFO - Processing file /opt/airflow/dags/bash_operator/simple_bash_operator.py for tasks to queue
[2021-10-13 05:33:38,359] {logging_mixin.py:104} INFO - [2021-10-13 05:33:38,359] {dagbag.py:451} INFO - Filling up the DagBag from /opt/airflow/dags/bash_operator/simple_bash_operator.py
[2021-10-13 05:33:38,408] {scheduler_job.py:639} INFO - DAG(s) dict_keys(['simple_bash_operator']) retrieved from /opt/airflow/dags/bash_operator/simple_bash_operator.py
[2021-10-13 05:33:38,436] {logging_mixin.py:104} INFO - [2021-10-13 05:33:38,436] {dag.py:1824} INFO - Sync 1 DAGs
[2021-10-13 05:33:38,469] {logging_mixin.py:104} INFO - [2021-10-13 05:33:38,469] {dag.py:2280} INFO - Setting next_dagrun for simple_bash_operator to 2021-10-13 00:00:00+00:00
[2021-10-13 05:33:38,492] {scheduler_job.py:190} INFO - Processing /opt/airflow/dags/bash_operator/simple_bash_operator.py took 0.139 seconds
[2021-10-13 05:34:08,660] {scheduler_job.py:182} INFO - Started process (PID=2078) to work on /opt/airflow/dags/bash_operator/simple_bash_operator.py
[2021-10-13 05:34:08,661] {scheduler_job.py:629} INFO - Processing file /opt/airflow/dags/bash_operator/simple_bash_operator.py for tasks to queue
[2021-10-13 05:34:08,662] {logging_mixin.py:104} INFO - [2021-10-13 05:34:08,662] {dagbag.py:451} INFO - Filling up the DagBag from /opt/airflow/dags/bash_operator/simple_bash_operator.py
[2021-10-13 05:34:08,704] {scheduler_job.py:639} INFO - DAG(s) dict_keys(['simple_bash_operator']) retrieved from /opt/airflow/dags/bash_operator/simple_bash_operator.py
[2021-10-13 05:34:08,737] {logging_mixin.py:104} INFO - [2021-10-13 05:34:08,737] {dag.py:1824} INFO - Sync 1 DAGs
[2021-10-13 05:34:08,764] {logging_mixin.py:104} INFO - [2021-10-13 05:34:08,764] {dag.py:2280} INFO - Setting next_dagrun for simple_bash_operator to 2021-10-13 00:00:00+00:00
[2021-10-13 05:34:08,804] {scheduler_job.py:190} INFO - Processing /opt/airflow/dags/bash_operator/simple_bash_operator.py took 0.147 seconds
[2021-10-13 05:34:39,456] {scheduler_job.py:182} INFO - Started process (PID=2112) to work on /opt/airflow/dags/bash_operator/simple_bash_operator.py
[2021-10-13 05:34:39,457] {scheduler_job.py:629} INFO - Processing file /opt/airflow/dags/bash_operator/simple_bash_operator.py for tasks to queue
[2021-10-13 05:34:39,458] {logging_mixin.py:104} INFO - [2021-10-13 05:34:39,458] {dagbag.py:451} INFO - Filling up the DagBag from /opt/airflow/dags/bash_operator/simple_bash_operator.py
[2021-10-13 05:34:39,502] {scheduler_job.py:639} INFO - DAG(s) dict_keys(['simple_bash_operator']) retrieved from /opt/airflow/dags/bash_operator/simple_bash_operator.py
[2021-10-13 05:34:39,530] {logging_mixin.py:104} INFO - [2021-10-13 05:34:39,530] {dag.py:1824} INFO - Sync 1 DAGs
[2021-10-13 05:34:39,562] {logging_mixin.py:104} INFO - [2021-10-13 05:34:39,562] {dag.py:2280} INFO - Setting next_dagrun for simple_bash_operator to 2021-10-13 00:00:00+00:00
[2021-10-13 05:34:39,581] {scheduler_job.py:190} INFO - Processing /opt/airflow/dags/bash_operator/simple_bash_operator.py took 0.129 seconds
[2021-10-13 05:35:10,153] {scheduler_job.py:182} INFO - Started process (PID=2145) to work on /opt/airflow/dags/bash_operator/simple_bash_operator.py
[2021-10-13 05:35:10,155] {scheduler_job.py:629} INFO - Processing file /opt/airflow/dags/bash_operator/simple_bash_operator.py for tasks to queue
[2021-10-13 05:35:10,156] {logging_mixin.py:104} INFO - [2021-10-13 05:35:10,156] {dagbag.py:451} INFO - Filling up the DagBag from /opt/airflow/dags/bash_operator/simple_bash_operator.py
[2021-10-13 05:35:10,198] {scheduler_job.py:639} INFO - DAG(s) dict_keys(['simple_bash_operator']) retrieved from /opt/airflow/dags/bash_operator/simple_bash_operator.py
[2021-10-13 05:35:10,222] {logging_mixin.py:104} INFO - [2021-10-13 05:35:10,222] {dag.py:1824} INFO - Sync 1 DAGs
[2021-10-13 05:35:10,249] {logging_mixin.py:104} INFO - [2021-10-13 05:35:10,249] {dag.py:2280} INFO - Setting next_dagrun for simple_bash_operator to 2021-10-13 00:00:00+00:00
[2021-10-13 05:35:10,268] {scheduler_job.py:190} INFO - Processing /opt/airflow/dags/bash_operator/simple_bash_operator.py took 0.119 seconds
[2021-10-13 05:35:40,599] {scheduler_job.py:182} INFO - Started process (PID=2178) to work on /opt/airflow/dags/bash_operator/simple_bash_operator.py
[2021-10-13 05:35:40,602] {scheduler_job.py:629} INFO - Processing file /opt/airflow/dags/bash_operator/simple_bash_operator.py for tasks to queue
[2021-10-13 05:35:40,603] {logging_mixin.py:104} INFO - [2021-10-13 05:35:40,603] {dagbag.py:451} INFO - Filling up the DagBag from /opt/airflow/dags/bash_operator/simple_bash_operator.py
[2021-10-13 05:35:40,643] {scheduler_job.py:639} INFO - DAG(s) dict_keys(['simple_bash_operator']) retrieved from /opt/airflow/dags/bash_operator/simple_bash_operator.py
[2021-10-13 05:35:40,757] {logging_mixin.py:104} INFO - [2021-10-13 05:35:40,757] {dag.py:1824} INFO - Sync 1 DAGs
[2021-10-13 05:35:40,821] {logging_mixin.py:104} INFO - [2021-10-13 05:35:40,821] {dag.py:2280} INFO - Setting next_dagrun for simple_bash_operator to 2021-10-13 00:00:00+00:00
[2021-10-13 05:35:40,841] {scheduler_job.py:190} INFO - Processing /opt/airflow/dags/bash_operator/simple_bash_operator.py took 0.251 seconds
[2021-10-13 05:36:11,198] {scheduler_job.py:182} INFO - Started process (PID=2215) to work on /opt/airflow/dags/bash_operator/simple_bash_operator.py
[2021-10-13 05:36:11,200] {scheduler_job.py:629} INFO - Processing file /opt/airflow/dags/bash_operator/simple_bash_operator.py for tasks to queue
[2021-10-13 05:36:11,201] {logging_mixin.py:104} INFO - [2021-10-13 05:36:11,201] {dagbag.py:451} INFO - Filling up the DagBag from /opt/airflow/dags/bash_operator/simple_bash_operator.py
[2021-10-13 05:36:11,240] {scheduler_job.py:639} INFO - DAG(s) dict_keys(['simple_bash_operator']) retrieved from /opt/airflow/dags/bash_operator/simple_bash_operator.py
[2021-10-13 05:36:11,265] {logging_mixin.py:104} INFO - [2021-10-13 05:36:11,264] {dag.py:1824} INFO - Sync 1 DAGs
[2021-10-13 05:36:11,307] {logging_mixin.py:104} INFO - [2021-10-13 05:36:11,306] {dag.py:2280} INFO - Setting next_dagrun for simple_bash_operator to 2021-10-13 00:00:00+00:00
[2021-10-13 05:36:11,327] {scheduler_job.py:190} INFO - Processing /opt/airflow/dags/bash_operator/simple_bash_operator.py took 0.134 seconds
[2021-10-13 05:36:42,234] {scheduler_job.py:182} INFO - Started process (PID=2249) to work on /opt/airflow/dags/bash_operator/simple_bash_operator.py
[2021-10-13 05:36:42,235] {scheduler_job.py:629} INFO - Processing file /opt/airflow/dags/bash_operator/simple_bash_operator.py for tasks to queue
[2021-10-13 05:36:42,236] {logging_mixin.py:104} INFO - [2021-10-13 05:36:42,236] {dagbag.py:451} INFO - Filling up the DagBag from /opt/airflow/dags/bash_operator/simple_bash_operator.py
[2021-10-13 05:36:42,280] {scheduler_job.py:639} INFO - DAG(s) dict_keys(['simple_bash_operator']) retrieved from /opt/airflow/dags/bash_operator/simple_bash_operator.py
[2021-10-13 05:36:42,309] {logging_mixin.py:104} INFO - [2021-10-13 05:36:42,309] {dag.py:1824} INFO - Sync 1 DAGs
[2021-10-13 05:36:42,346] {logging_mixin.py:104} INFO - [2021-10-13 05:36:42,345] {dag.py:2280} INFO - Setting next_dagrun for simple_bash_operator to 2021-10-13 00:00:00+00:00
[2021-10-13 05:36:42,368] {scheduler_job.py:190} INFO - Processing /opt/airflow/dags/bash_operator/simple_bash_operator.py took 0.138 seconds
[2021-10-13 05:37:14,119] {scheduler_job.py:182} INFO - Started process (PID=2290) to work on /opt/airflow/dags/bash_operator/simple_bash_operator.py
[2021-10-13 05:37:14,121] {scheduler_job.py:629} INFO - Processing file /opt/airflow/dags/bash_operator/simple_bash_operator.py for tasks to queue
[2021-10-13 05:37:14,123] {logging_mixin.py:104} INFO - [2021-10-13 05:37:14,123] {dagbag.py:451} INFO - Filling up the DagBag from /opt/airflow/dags/bash_operator/simple_bash_operator.py
[2021-10-13 05:37:14,169] {scheduler_job.py:639} INFO - DAG(s) dict_keys(['simple_bash_operator']) retrieved from /opt/airflow/dags/bash_operator/simple_bash_operator.py
[2021-10-13 05:37:14,200] {logging_mixin.py:104} INFO - [2021-10-13 05:37:14,200] {dag.py:1824} INFO - Sync 1 DAGs
[2021-10-13 05:37:14,248] {logging_mixin.py:104} INFO - [2021-10-13 05:37:14,248] {dag.py:2280} INFO - Setting next_dagrun for simple_bash_operator to 2021-10-13 00:00:00+00:00
[2021-10-13 05:37:14,278] {scheduler_job.py:190} INFO - Processing /opt/airflow/dags/bash_operator/simple_bash_operator.py took 0.162 seconds
[2021-10-13 05:37:44,570] {scheduler_job.py:182} INFO - Started process (PID=2323) to work on /opt/airflow/dags/bash_operator/simple_bash_operator.py
[2021-10-13 05:37:44,571] {scheduler_job.py:629} INFO - Processing file /opt/airflow/dags/bash_operator/simple_bash_operator.py for tasks to queue
[2021-10-13 05:37:44,573] {logging_mixin.py:104} INFO - [2021-10-13 05:37:44,573] {dagbag.py:451} INFO - Filling up the DagBag from /opt/airflow/dags/bash_operator/simple_bash_operator.py
[2021-10-13 05:37:44,614] {scheduler_job.py:639} INFO - DAG(s) dict_keys(['simple_bash_operator']) retrieved from /opt/airflow/dags/bash_operator/simple_bash_operator.py
[2021-10-13 05:37:44,639] {logging_mixin.py:104} INFO - [2021-10-13 05:37:44,639] {dag.py:1824} INFO - Sync 1 DAGs
[2021-10-13 05:37:44,665] {logging_mixin.py:104} INFO - [2021-10-13 05:37:44,665] {dag.py:2280} INFO - Setting next_dagrun for simple_bash_operator to 2021-10-13 00:00:00+00:00
[2021-10-13 05:37:44,682] {scheduler_job.py:190} INFO - Processing /opt/airflow/dags/bash_operator/simple_bash_operator.py took 0.117 seconds
[2021-10-13 05:38:15,597] {scheduler_job.py:182} INFO - Started process (PID=2362) to work on /opt/airflow/dags/bash_operator/simple_bash_operator.py
[2021-10-13 05:38:15,599] {scheduler_job.py:629} INFO - Processing file /opt/airflow/dags/bash_operator/simple_bash_operator.py for tasks to queue
[2021-10-13 05:38:15,600] {logging_mixin.py:104} INFO - [2021-10-13 05:38:15,600] {dagbag.py:451} INFO - Filling up the DagBag from /opt/airflow/dags/bash_operator/simple_bash_operator.py
[2021-10-13 05:38:15,648] {scheduler_job.py:639} INFO - DAG(s) dict_keys(['simple_bash_operator']) retrieved from /opt/airflow/dags/bash_operator/simple_bash_operator.py
[2021-10-13 05:38:15,671] {logging_mixin.py:104} INFO - [2021-10-13 05:38:15,671] {dag.py:1824} INFO - Sync 1 DAGs
[2021-10-13 05:38:15,700] {logging_mixin.py:104} INFO - [2021-10-13 05:38:15,700] {dag.py:2280} INFO - Setting next_dagrun for simple_bash_operator to 2021-10-13 00:00:00+00:00
[2021-10-13 05:38:15,722] {scheduler_job.py:190} INFO - Processing /opt/airflow/dags/bash_operator/simple_bash_operator.py took 0.130 seconds
[2021-10-13 05:38:45,818] {scheduler_job.py:182} INFO - Started process (PID=2398) to work on /opt/airflow/dags/bash_operator/simple_bash_operator.py
[2021-10-13 05:38:45,821] {scheduler_job.py:629} INFO - Processing file /opt/airflow/dags/bash_operator/simple_bash_operator.py for tasks to queue
[2021-10-13 05:38:45,823] {logging_mixin.py:104} INFO - [2021-10-13 05:38:45,822] {dagbag.py:451} INFO - Filling up the DagBag from /opt/airflow/dags/bash_operator/simple_bash_operator.py
[2021-10-13 05:38:45,903] {scheduler_job.py:639} INFO - DAG(s) dict_keys(['simple_bash_operator']) retrieved from /opt/airflow/dags/bash_operator/simple_bash_operator.py
[2021-10-13 05:38:45,924] {logging_mixin.py:104} INFO - [2021-10-13 05:38:45,924] {dag.py:1824} INFO - Sync 1 DAGs
[2021-10-13 05:38:45,949] {logging_mixin.py:104} INFO - [2021-10-13 05:38:45,949] {dag.py:2280} INFO - Setting next_dagrun for simple_bash_operator to 2021-10-13 00:00:00+00:00
[2021-10-13 05:38:45,967] {scheduler_job.py:190} INFO - Processing /opt/airflow/dags/bash_operator/simple_bash_operator.py took 0.152 seconds
[2021-10-13 05:39:16,309] {scheduler_job.py:182} INFO - Started process (PID=2432) to work on /opt/airflow/dags/bash_operator/simple_bash_operator.py
[2021-10-13 05:39:16,312] {scheduler_job.py:629} INFO - Processing file /opt/airflow/dags/bash_operator/simple_bash_operator.py for tasks to queue
[2021-10-13 05:39:16,314] {logging_mixin.py:104} INFO - [2021-10-13 05:39:16,314] {dagbag.py:451} INFO - Filling up the DagBag from /opt/airflow/dags/bash_operator/simple_bash_operator.py
[2021-10-13 05:39:16,392] {scheduler_job.py:639} INFO - DAG(s) dict_keys(['simple_bash_operator']) retrieved from /opt/airflow/dags/bash_operator/simple_bash_operator.py
[2021-10-13 05:39:16,440] {logging_mixin.py:104} INFO - [2021-10-13 05:39:16,440] {dag.py:1824} INFO - Sync 1 DAGs
[2021-10-13 05:39:16,497] {logging_mixin.py:104} INFO - [2021-10-13 05:39:16,497] {dag.py:2280} INFO - Setting next_dagrun for simple_bash_operator to 2021-10-13 00:00:00+00:00
[2021-10-13 05:39:16,527] {scheduler_job.py:190} INFO - Processing /opt/airflow/dags/bash_operator/simple_bash_operator.py took 0.229 seconds
