[2021-04-25 00:05:07,872] {taskinstance.py:877} INFO - Dependencies all met for <TaskInstance: bash_operator_dag.first_task 2021-03-02T00:00:00+00:00 [queued]>
[2021-04-25 00:05:08,008] {taskinstance.py:877} INFO - Dependencies all met for <TaskInstance: bash_operator_dag.first_task 2021-03-02T00:00:00+00:00 [queued]>
[2021-04-25 00:05:08,009] {taskinstance.py:1068} INFO - 
--------------------------------------------------------------------------------
[2021-04-25 00:05:08,009] {taskinstance.py:1069} INFO - Starting attempt 1 of 3
[2021-04-25 00:05:08,010] {taskinstance.py:1070} INFO - 
--------------------------------------------------------------------------------
[2021-04-25 00:05:08,075] {taskinstance.py:1089} INFO - Executing <Task(BashOperator): first_task> on 2021-03-02T00:00:00+00:00
[2021-04-25 00:05:08,091] {standard_task_runner.py:52} INFO - Started process 1087 to run task
[2021-04-25 00:05:08,131] {standard_task_runner.py:76} INFO - Running: ['airflow', 'tasks', 'run', 'bash_operator_dag', 'first_task', '2021-03-02T00:00:00+00:00', '--job-id', '396', '--pool', 'default_pool', '--raw', '--subdir', 'DAGS_FOLDER/simple_bash_operator_dag.py', '--cfg-path', '/tmp/tmp70csh4nl', '--error-file', '/tmp/tmpf2ze1p8b']
[2021-04-25 00:05:08,132] {standard_task_runner.py:77} INFO - Job 396: Subtask first_task
[2021-04-25 00:05:08,382] {logging_mixin.py:104} INFO - Running <TaskInstance: bash_operator_dag.first_task 2021-03-02T00:00:00+00:00 [running]> on host 4a00a306afdc
[2021-04-25 00:05:08,648] {taskinstance.py:1283} INFO - Exporting the following env vars:
AIRFLOW_CTX_DAG_OWNER=airflow
AIRFLOW_CTX_DAG_ID=bash_operator_dag
AIRFLOW_CTX_TASK_ID=first_task
AIRFLOW_CTX_EXECUTION_DATE=2021-03-02T00:00:00+00:00
AIRFLOW_CTX_DAG_RUN_ID=scheduled__2021-03-02T00:00:00+00:00
[2021-04-25 00:05:08,650] {bash.py:135} INFO - Tmp dir root location: 
 /tmp
[2021-04-25 00:05:08,659] {bash.py:158} INFO - Running command: echo "testing first bash operator"
[2021-04-25 00:05:08,694] {bash.py:169} INFO - Output:
[2021-04-25 00:05:08,697] {bash.py:173} INFO - testing first bash operator
[2021-04-25 00:05:08,704] {bash.py:177} INFO - Command exited with return code 0
[2021-04-25 00:05:08,950] {taskinstance.py:1192} INFO - Marking task as SUCCESS. dag_id=bash_operator_dag, task_id=first_task, execution_date=20210302T000000, start_date=20210425T000507, end_date=20210425T000508
[2021-04-25 00:05:09,276] {taskinstance.py:1246} INFO - 1 downstream tasks scheduled from follow-on schedule check
[2021-04-25 00:05:09,310] {local_task_job.py:146} INFO - Task exited with return code 0
[2021-04-25 00:08:12,935] {taskinstance.py:877} INFO - Dependencies all met for <TaskInstance: bash_operator_dag.first_task 2021-03-02T00:00:00+00:00 [queued]>
[2021-04-25 00:08:12,975] {taskinstance.py:877} INFO - Dependencies all met for <TaskInstance: bash_operator_dag.first_task 2021-03-02T00:00:00+00:00 [queued]>
[2021-04-25 00:08:12,976] {taskinstance.py:1068} INFO - 
--------------------------------------------------------------------------------
[2021-04-25 00:08:12,976] {taskinstance.py:1069} INFO - Starting attempt 1 of 3
[2021-04-25 00:08:12,976] {taskinstance.py:1070} INFO - 
--------------------------------------------------------------------------------
[2021-04-25 00:08:13,014] {taskinstance.py:1089} INFO - Executing <Task(BashOperator): first_task> on 2021-03-02T00:00:00+00:00
[2021-04-25 00:08:13,032] {standard_task_runner.py:76} INFO - Running: ['airflow', 'tasks', 'run', 'bash_operator_dag', 'first_task', '2021-03-02T00:00:00+00:00', '--job-id', '584', '--pool', 'default_pool', '--raw', '--subdir', 'DAGS_FOLDER/simple_bash_operator_dag.py', '--cfg-path', '/tmp/tmp4oi_t6xs', '--error-file', '/tmp/tmphiwr5yed']
[2021-04-25 00:08:13,033] {standard_task_runner.py:77} INFO - Job 584: Subtask first_task
[2021-04-25 00:08:13,021] {standard_task_runner.py:52} INFO - Started process 1649 to run task
[2021-04-25 00:08:13,192] {logging_mixin.py:104} INFO - Running <TaskInstance: bash_operator_dag.first_task 2021-03-02T00:00:00+00:00 [running]> on host 4a00a306afdc
[2021-04-25 00:08:13,334] {taskinstance.py:1283} INFO - Exporting the following env vars:
AIRFLOW_CTX_DAG_OWNER=airflow
AIRFLOW_CTX_DAG_ID=bash_operator_dag
AIRFLOW_CTX_TASK_ID=first_task
AIRFLOW_CTX_EXECUTION_DATE=2021-03-02T00:00:00+00:00
AIRFLOW_CTX_DAG_RUN_ID=scheduled__2021-03-02T00:00:00+00:00
[2021-04-25 00:08:13,335] {bash.py:135} INFO - Tmp dir root location: 
 /tmp
[2021-04-25 00:08:13,337] {bash.py:158} INFO - Running command: echo "testing first bash operator"
[2021-04-25 00:08:13,355] {bash.py:169} INFO - Output:
[2021-04-25 00:08:13,358] {bash.py:173} INFO - testing first bash operator
[2021-04-25 00:08:13,359] {bash.py:177} INFO - Command exited with return code 0
[2021-04-25 00:08:13,446] {taskinstance.py:1192} INFO - Marking task as SUCCESS. dag_id=bash_operator_dag, task_id=first_task, execution_date=20210302T000000, start_date=20210425T000812, end_date=20210425T000813
[2021-04-25 00:08:13,549] {taskinstance.py:1246} INFO - 1 downstream tasks scheduled from follow-on schedule check
[2021-04-25 00:08:13,581] {local_task_job.py:146} INFO - Task exited with return code 0
