[2021-04-25 00:07:27,606] {taskinstance.py:877} INFO - Dependencies all met for <TaskInstance: bash_operator_dag.first_task 2021-01-18T00:00:00+00:00 [queued]>
[2021-04-25 00:07:27,640] {taskinstance.py:877} INFO - Dependencies all met for <TaskInstance: bash_operator_dag.first_task 2021-01-18T00:00:00+00:00 [queued]>
[2021-04-25 00:07:27,641] {taskinstance.py:1068} INFO - 
--------------------------------------------------------------------------------
[2021-04-25 00:07:27,641] {taskinstance.py:1069} INFO - Starting attempt 1 of 3
[2021-04-25 00:07:27,641] {taskinstance.py:1070} INFO - 
--------------------------------------------------------------------------------
[2021-04-25 00:07:27,688] {taskinstance.py:1089} INFO - Executing <Task(BashOperator): first_task> on 2021-01-18T00:00:00+00:00
[2021-04-25 00:07:27,708] {standard_task_runner.py:76} INFO - Running: ['airflow', 'tasks', 'run', 'bash_operator_dag', 'first_task', '2021-01-18T00:00:00+00:00', '--job-id', '498', '--pool', 'default_pool', '--raw', '--subdir', 'DAGS_FOLDER/simple_bash_operator_dag.py', '--cfg-path', '/tmp/tmpbwdiwfas', '--error-file', '/tmp/tmpyjkec2oy']
[2021-04-25 00:07:27,710] {standard_task_runner.py:77} INFO - Job 498: Subtask first_task
[2021-04-25 00:07:27,695] {standard_task_runner.py:52} INFO - Started process 1392 to run task
[2021-04-25 00:07:27,859] {logging_mixin.py:104} INFO - Running <TaskInstance: bash_operator_dag.first_task 2021-01-18T00:00:00+00:00 [running]> on host 4a00a306afdc
[2021-04-25 00:07:28,074] {taskinstance.py:1283} INFO - Exporting the following env vars:
AIRFLOW_CTX_DAG_OWNER=airflow
AIRFLOW_CTX_DAG_ID=bash_operator_dag
AIRFLOW_CTX_TASK_ID=first_task
AIRFLOW_CTX_EXECUTION_DATE=2021-01-18T00:00:00+00:00
AIRFLOW_CTX_DAG_RUN_ID=scheduled__2021-01-18T00:00:00+00:00
[2021-04-25 00:07:28,076] {bash.py:135} INFO - Tmp dir root location: 
 /tmp
[2021-04-25 00:07:28,078] {bash.py:158} INFO - Running command: echo "testing first bash operator"
[2021-04-25 00:07:28,156] {bash.py:169} INFO - Output:
[2021-04-25 00:07:28,158] {bash.py:173} INFO - testing first bash operator
[2021-04-25 00:07:28,159] {bash.py:177} INFO - Command exited with return code 0
[2021-04-25 00:07:28,449] {taskinstance.py:1192} INFO - Marking task as SUCCESS. dag_id=bash_operator_dag, task_id=first_task, execution_date=20210118T000000, start_date=20210425T000727, end_date=20210425T000728
[2021-04-25 00:07:28,665] {taskinstance.py:1246} INFO - 1 downstream tasks scheduled from follow-on schedule check
[2021-04-25 00:07:28,706] {local_task_job.py:146} INFO - Task exited with return code 0
[2021-04-25 00:43:50,162] {taskinstance.py:877} INFO - Dependencies all met for <TaskInstance: bash_operator_dag.first_task 2021-01-18T00:00:00+00:00 [queued]>
[2021-04-25 00:43:50,276] {taskinstance.py:877} INFO - Dependencies all met for <TaskInstance: bash_operator_dag.first_task 2021-01-18T00:00:00+00:00 [queued]>
[2021-04-25 00:43:50,277] {taskinstance.py:1068} INFO - 
--------------------------------------------------------------------------------
[2021-04-25 00:43:50,277] {taskinstance.py:1069} INFO - Starting attempt 1 of 3
[2021-04-25 00:43:50,277] {taskinstance.py:1070} INFO - 
--------------------------------------------------------------------------------
[2021-04-25 00:43:50,405] {taskinstance.py:1089} INFO - Executing <Task(BashOperator): first_task> on 2021-01-18T00:00:00+00:00
[2021-04-25 00:43:50,474] {standard_task_runner.py:52} INFO - Started process 2073 to run task
[2021-04-25 00:43:50,491] {standard_task_runner.py:76} INFO - Running: ['airflow', 'tasks', 'run', 'bash_operator_dag', 'first_task', '2021-01-18T00:00:00+00:00', '--job-id', '726', '--pool', 'default_pool', '--raw', '--subdir', 'DAGS_FOLDER/simple_bash_operator_dag.py', '--cfg-path', '/tmp/tmp397lafyz', '--error-file', '/tmp/tmp3_avouhz']
[2021-04-25 00:43:50,494] {standard_task_runner.py:77} INFO - Job 726: Subtask first_task
[2021-04-25 00:43:50,913] {logging_mixin.py:104} INFO - Running <TaskInstance: bash_operator_dag.first_task 2021-01-18T00:00:00+00:00 [running]> on host 4a00a306afdc
[2021-04-25 00:43:51,506] {taskinstance.py:1283} INFO - Exporting the following env vars:
AIRFLOW_CTX_DAG_OWNER=airflow
AIRFLOW_CTX_DAG_ID=bash_operator_dag
AIRFLOW_CTX_TASK_ID=first_task
AIRFLOW_CTX_EXECUTION_DATE=2021-01-18T00:00:00+00:00
AIRFLOW_CTX_DAG_RUN_ID=scheduled__2021-01-18T00:00:00+00:00
[2021-04-25 00:43:51,509] {bash.py:135} INFO - Tmp dir root location: 
 /tmp
[2021-04-25 00:43:51,511] {bash.py:158} INFO - Running command: echo "testing first bash operator"
[2021-04-25 00:43:51,647] {bash.py:169} INFO - Output:
[2021-04-25 00:43:51,651] {bash.py:173} INFO - testing first bash operator
[2021-04-25 00:43:51,652] {bash.py:177} INFO - Command exited with return code 0
[2021-04-25 00:43:52,041] {taskinstance.py:1192} INFO - Marking task as SUCCESS. dag_id=bash_operator_dag, task_id=first_task, execution_date=20210118T000000, start_date=20210425T004350, end_date=20210425T004352
[2021-04-25 00:43:52,264] {taskinstance.py:1246} INFO - 1 downstream tasks scheduled from follow-on schedule check
[2021-04-25 00:43:52,329] {local_task_job.py:146} INFO - Task exited with return code 0
