[2021-04-25 00:08:58,347] {taskinstance.py:877} INFO - Dependencies all met for <TaskInstance: bash_operator_dag.first_task 2021-04-14T00:00:00+00:00 [queued]>
[2021-04-25 00:08:58,425] {taskinstance.py:877} INFO - Dependencies all met for <TaskInstance: bash_operator_dag.first_task 2021-04-14T00:00:00+00:00 [queued]>
[2021-04-25 00:08:58,427] {taskinstance.py:1068} INFO - 
--------------------------------------------------------------------------------
[2021-04-25 00:08:58,433] {taskinstance.py:1069} INFO - Starting attempt 1 of 3
[2021-04-25 00:08:58,433] {taskinstance.py:1070} INFO - 
--------------------------------------------------------------------------------
[2021-04-25 00:08:58,555] {taskinstance.py:1089} INFO - Executing <Task(BashOperator): first_task> on 2021-04-14T00:00:00+00:00
[2021-04-25 00:08:58,613] {standard_task_runner.py:76} INFO - Running: ['airflow', 'tasks', 'run', 'bash_operator_dag', 'first_task', '2021-04-14T00:00:00+00:00', '--job-id', '666', '--pool', 'default_pool', '--raw', '--subdir', 'DAGS_FOLDER/simple_bash_operator_dag.py', '--cfg-path', '/tmp/tmpg79jmvni', '--error-file', '/tmp/tmpl_d1hoij']
[2021-04-25 00:08:58,618] {standard_task_runner.py:77} INFO - Job 666: Subtask first_task
[2021-04-25 00:08:58,599] {standard_task_runner.py:52} INFO - Started process 1895 to run task
[2021-04-25 00:08:58,948] {logging_mixin.py:104} INFO - Running <TaskInstance: bash_operator_dag.first_task 2021-04-14T00:00:00+00:00 [running]> on host 4a00a306afdc
[2021-04-25 00:08:59,162] {taskinstance.py:1283} INFO - Exporting the following env vars:
AIRFLOW_CTX_DAG_OWNER=airflow
AIRFLOW_CTX_DAG_ID=bash_operator_dag
AIRFLOW_CTX_TASK_ID=first_task
AIRFLOW_CTX_EXECUTION_DATE=2021-04-14T00:00:00+00:00
AIRFLOW_CTX_DAG_RUN_ID=scheduled__2021-04-14T00:00:00+00:00
[2021-04-25 00:08:59,163] {bash.py:135} INFO - Tmp dir root location: 
 /tmp
[2021-04-25 00:08:59,166] {bash.py:158} INFO - Running command: echo "testing first bash operator"
[2021-04-25 00:08:59,202] {bash.py:169} INFO - Output:
[2021-04-25 00:08:59,204] {bash.py:173} INFO - testing first bash operator
[2021-04-25 00:08:59,205] {bash.py:177} INFO - Command exited with return code 0
[2021-04-25 00:08:59,364] {taskinstance.py:1192} INFO - Marking task as SUCCESS. dag_id=bash_operator_dag, task_id=first_task, execution_date=20210414T000000, start_date=20210425T000858, end_date=20210425T000859
[2021-04-25 00:08:59,518] {taskinstance.py:1246} INFO - 1 downstream tasks scheduled from follow-on schedule check
[2021-04-25 00:08:59,577] {local_task_job.py:146} INFO - Task exited with return code 0
