[2021-05-01 05:54:01,335] {taskinstance.py:877} INFO - Dependencies all met for <TaskInstance: write_file_python_operator.write_execution_time_task 2021-05-01T05:52:00+00:00 [queued]>
[2021-05-01 05:54:01,356] {taskinstance.py:877} INFO - Dependencies all met for <TaskInstance: write_file_python_operator.write_execution_time_task 2021-05-01T05:52:00+00:00 [queued]>
[2021-05-01 05:54:01,357] {taskinstance.py:1068} INFO - 
--------------------------------------------------------------------------------
[2021-05-01 05:54:01,357] {taskinstance.py:1069} INFO - Starting attempt 1 of 3
[2021-05-01 05:54:01,357] {taskinstance.py:1070} INFO - 
--------------------------------------------------------------------------------
[2021-05-01 05:54:01,369] {taskinstance.py:1089} INFO - Executing <Task(PythonOperator): write_execution_time_task> on 2021-05-01T05:52:00+00:00
[2021-05-01 05:54:01,376] {standard_task_runner.py:52} INFO - Started process 133 to run task
[2021-05-01 05:54:01,382] {standard_task_runner.py:76} INFO - Running: ['airflow', 'tasks', 'run', 'write_file_python_operator', 'write_execution_time_task', '2021-05-01T05:52:00+00:00', '--job-id', '1067', '--pool', 'default_pool', '--raw', '--subdir', 'DAGS_FOLDER/python_operator/write_file_python_operator.py', '--cfg-path', '/tmp/tmpjkdr71_m', '--error-file', '/tmp/tmphungkhz1']
[2021-05-01 05:54:01,383] {standard_task_runner.py:77} INFO - Job 1067: Subtask write_execution_time_task
[2021-05-01 05:54:01,444] {logging_mixin.py:104} INFO - Running <TaskInstance: write_file_python_operator.write_execution_time_task 2021-05-01T05:52:00+00:00 [running]> on host d6e2455ef0ec
[2021-05-01 05:54:01,510] {taskinstance.py:1283} INFO - Exporting the following env vars:
AIRFLOW_CTX_DAG_OWNER=airflow
AIRFLOW_CTX_DAG_ID=write_file_python_operator
AIRFLOW_CTX_TASK_ID=write_execution_time_task
AIRFLOW_CTX_EXECUTION_DATE=2021-05-01T05:52:00+00:00
AIRFLOW_CTX_DAG_RUN_ID=scheduled__2021-05-01T05:52:00+00:00
[2021-05-01 05:54:01,512] {logging_mixin.py:104} INFO - Success write the execution date to exec_time.txt
[2021-05-01 05:54:01,512] {python.py:118} INFO - Done. Returned value was: None
[2021-05-01 05:54:01,525] {taskinstance.py:1192} INFO - Marking task as SUCCESS. dag_id=write_file_python_operator, task_id=write_execution_time_task, execution_date=20210501T055200, start_date=20210501T055401, end_date=20210501T055401
[2021-05-01 05:54:01,560] {taskinstance.py:1246} INFO - 0 downstream tasks scheduled from follow-on schedule check
[2021-05-01 05:54:01,596] {local_task_job.py:146} INFO - Task exited with return code 0
