[2021-04-25 00:07:21,856] {taskinstance.py:877} INFO - Dependencies all met for <TaskInstance: bash_operator_dag.first_task 2021-01-13T00:00:00+00:00 [queued]>
[2021-04-25 00:07:21,925] {taskinstance.py:877} INFO - Dependencies all met for <TaskInstance: bash_operator_dag.first_task 2021-01-13T00:00:00+00:00 [queued]>
[2021-04-25 00:07:21,926] {taskinstance.py:1068} INFO - 
--------------------------------------------------------------------------------
[2021-04-25 00:07:21,926] {taskinstance.py:1069} INFO - Starting attempt 1 of 3
[2021-04-25 00:07:21,927] {taskinstance.py:1070} INFO - 
--------------------------------------------------------------------------------
[2021-04-25 00:07:22,004] {taskinstance.py:1089} INFO - Executing <Task(BashOperator): first_task> on 2021-01-13T00:00:00+00:00
[2021-04-25 00:07:22,013] {standard_task_runner.py:52} INFO - Started process 1361 to run task
[2021-04-25 00:07:22,031] {standard_task_runner.py:76} INFO - Running: ['airflow', 'tasks', 'run', 'bash_operator_dag', 'first_task', '2021-01-13T00:00:00+00:00', '--job-id', '488', '--pool', 'default_pool', '--raw', '--subdir', 'DAGS_FOLDER/simple_bash_operator_dag.py', '--cfg-path', '/tmp/tmp62hr56ae', '--error-file', '/tmp/tmpaqh73t07']
[2021-04-25 00:07:22,037] {standard_task_runner.py:77} INFO - Job 488: Subtask first_task
[2021-04-25 00:07:22,203] {logging_mixin.py:104} INFO - Running <TaskInstance: bash_operator_dag.first_task 2021-01-13T00:00:00+00:00 [running]> on host 4a00a306afdc
[2021-04-25 00:07:22,423] {taskinstance.py:1283} INFO - Exporting the following env vars:
AIRFLOW_CTX_DAG_OWNER=airflow
AIRFLOW_CTX_DAG_ID=bash_operator_dag
AIRFLOW_CTX_TASK_ID=first_task
AIRFLOW_CTX_EXECUTION_DATE=2021-01-13T00:00:00+00:00
AIRFLOW_CTX_DAG_RUN_ID=scheduled__2021-01-13T00:00:00+00:00
[2021-04-25 00:07:22,425] {bash.py:135} INFO - Tmp dir root location: 
 /tmp
[2021-04-25 00:07:22,439] {bash.py:158} INFO - Running command: echo "testing first bash operator"
[2021-04-25 00:07:22,468] {bash.py:169} INFO - Output:
[2021-04-25 00:07:22,471] {bash.py:173} INFO - testing first bash operator
[2021-04-25 00:07:22,472] {bash.py:177} INFO - Command exited with return code 0
[2021-04-25 00:07:22,575] {taskinstance.py:1192} INFO - Marking task as SUCCESS. dag_id=bash_operator_dag, task_id=first_task, execution_date=20210113T000000, start_date=20210425T000721, end_date=20210425T000722
[2021-04-25 00:07:22,773] {taskinstance.py:1246} INFO - 1 downstream tasks scheduled from follow-on schedule check
[2021-04-25 00:07:22,822] {local_task_job.py:146} INFO - Task exited with return code 0
[2021-04-25 00:43:41,063] {taskinstance.py:877} INFO - Dependencies all met for <TaskInstance: bash_operator_dag.first_task 2021-01-13T00:00:00+00:00 [queued]>
[2021-04-25 00:43:41,111] {taskinstance.py:877} INFO - Dependencies all met for <TaskInstance: bash_operator_dag.first_task 2021-01-13T00:00:00+00:00 [queued]>
[2021-04-25 00:43:41,111] {taskinstance.py:1068} INFO - 
--------------------------------------------------------------------------------
[2021-04-25 00:43:41,112] {taskinstance.py:1069} INFO - Starting attempt 1 of 3
[2021-04-25 00:43:41,112] {taskinstance.py:1070} INFO - 
--------------------------------------------------------------------------------
[2021-04-25 00:43:41,194] {taskinstance.py:1089} INFO - Executing <Task(BashOperator): first_task> on 2021-01-13T00:00:00+00:00
[2021-04-25 00:43:41,237] {standard_task_runner.py:76} INFO - Running: ['airflow', 'tasks', 'run', 'bash_operator_dag', 'first_task', '2021-01-13T00:00:00+00:00', '--job-id', '714', '--pool', 'default_pool', '--raw', '--subdir', 'DAGS_FOLDER/simple_bash_operator_dag.py', '--cfg-path', '/tmp/tmpuf0gb91m', '--error-file', '/tmp/tmpbpjwq78n']
[2021-04-25 00:43:41,243] {standard_task_runner.py:77} INFO - Job 714: Subtask first_task
[2021-04-25 00:43:41,204] {standard_task_runner.py:52} INFO - Started process 2039 to run task
[2021-04-25 00:43:41,496] {logging_mixin.py:104} INFO - Running <TaskInstance: bash_operator_dag.first_task 2021-01-13T00:00:00+00:00 [running]> on host 4a00a306afdc
[2021-04-25 00:43:41,686] {taskinstance.py:1283} INFO - Exporting the following env vars:
AIRFLOW_CTX_DAG_OWNER=airflow
AIRFLOW_CTX_DAG_ID=bash_operator_dag
AIRFLOW_CTX_TASK_ID=first_task
AIRFLOW_CTX_EXECUTION_DATE=2021-01-13T00:00:00+00:00
AIRFLOW_CTX_DAG_RUN_ID=scheduled__2021-01-13T00:00:00+00:00
[2021-04-25 00:43:41,694] {bash.py:135} INFO - Tmp dir root location: 
 /tmp
[2021-04-25 00:43:41,697] {bash.py:158} INFO - Running command: echo "testing first bash operator"
[2021-04-25 00:43:41,730] {bash.py:169} INFO - Output:
[2021-04-25 00:43:41,731] {bash.py:173} INFO - testing first bash operator
[2021-04-25 00:43:41,732] {bash.py:177} INFO - Command exited with return code 0
[2021-04-25 00:43:41,877] {taskinstance.py:1192} INFO - Marking task as SUCCESS. dag_id=bash_operator_dag, task_id=first_task, execution_date=20210113T000000, start_date=20210425T004341, end_date=20210425T004341
[2021-04-25 00:43:42,251] {taskinstance.py:1246} INFO - 0 downstream tasks scheduled from follow-on schedule check
[2021-04-25 00:43:42,317] {local_task_job.py:146} INFO - Task exited with return code 0
