[2021-04-25 08:07:31,633] {taskinstance.py:877} INFO - Dependencies all met for <TaskInstance: send_email_dag.fetch_and_write_a_file_task 2021-04-25T08:07:30.305270+00:00 [queued]>
[2021-04-25 08:07:31,663] {taskinstance.py:877} INFO - Dependencies all met for <TaskInstance: send_email_dag.fetch_and_write_a_file_task 2021-04-25T08:07:30.305270+00:00 [queued]>
[2021-04-25 08:07:31,663] {taskinstance.py:1068} INFO - 
--------------------------------------------------------------------------------
[2021-04-25 08:07:31,663] {taskinstance.py:1069} INFO - Starting attempt 1 of 3
[2021-04-25 08:07:31,663] {taskinstance.py:1070} INFO - 
--------------------------------------------------------------------------------
[2021-04-25 08:07:31,675] {taskinstance.py:1089} INFO - Executing <Task(PythonOperator): fetch_and_write_a_file_task> on 2021-04-25T08:07:30.305270+00:00
[2021-04-25 08:07:31,681] {standard_task_runner.py:52} INFO - Started process 63 to run task
[2021-04-25 08:07:31,685] {standard_task_runner.py:76} INFO - Running: ['airflow', 'tasks', 'run', 'send_email_dag', 'fetch_and_write_a_file_task', '2021-04-25T08:07:30.305270+00:00', '--job-id', '791', '--pool', 'default_pool', '--raw', '--subdir', 'DAGS_FOLDER/email_operator/send_email.py', '--cfg-path', '/tmp/tmp_to5vp_r', '--error-file', '/tmp/tmpbpcgglpz']
[2021-04-25 08:07:31,685] {standard_task_runner.py:77} INFO - Job 791: Subtask fetch_and_write_a_file_task
[2021-04-25 08:07:31,742] {logging_mixin.py:104} INFO - Running <TaskInstance: send_email_dag.fetch_and_write_a_file_task 2021-04-25T08:07:30.305270+00:00 [running]> on host d6e2455ef0ec
[2021-04-25 08:07:31,805] {taskinstance.py:1283} INFO - Exporting the following env vars:
AIRFLOW_CTX_DAG_OWNER=airflow
AIRFLOW_CTX_DAG_ID=send_email_dag
AIRFLOW_CTX_TASK_ID=fetch_and_write_a_file_task
AIRFLOW_CTX_EXECUTION_DATE=2021-04-25T08:07:30.305270+00:00
AIRFLOW_CTX_DAG_RUN_ID=manual__2021-04-25T08:07:30.305270+00:00
[2021-04-25 08:07:32,248] {logging_mixin.py:104} INFO - Success fetch data from http://jsonplaceholder.typicode.com/todos and write to todo.json
[2021-04-25 08:07:32,248] {python.py:118} INFO - Done. Returned value was: None
[2021-04-25 08:07:32,259] {taskinstance.py:1192} INFO - Marking task as SUCCESS. dag_id=send_email_dag, task_id=fetch_and_write_a_file_task, execution_date=20210425T080730, start_date=20210425T080731, end_date=20210425T080732
[2021-04-25 08:07:32,289] {taskinstance.py:1246} INFO - 1 downstream tasks scheduled from follow-on schedule check
[2021-04-25 08:07:32,302] {local_task_job.py:146} INFO - Task exited with return code 0
