[2021-04-25 00:07:42,063] {taskinstance.py:877} INFO - Dependencies all met for <TaskInstance: bash_operator_dag.first_task 2021-02-02T00:00:00+00:00 [queued]>
[2021-04-25 00:07:42,108] {taskinstance.py:877} INFO - Dependencies all met for <TaskInstance: bash_operator_dag.first_task 2021-02-02T00:00:00+00:00 [queued]>
[2021-04-25 00:07:42,109] {taskinstance.py:1068} INFO - 
--------------------------------------------------------------------------------
[2021-04-25 00:07:42,110] {taskinstance.py:1069} INFO - Starting attempt 1 of 3
[2021-04-25 00:07:42,112] {taskinstance.py:1070} INFO - 
--------------------------------------------------------------------------------
[2021-04-25 00:07:42,160] {taskinstance.py:1089} INFO - Executing <Task(BashOperator): first_task> on 2021-02-02T00:00:00+00:00
[2021-04-25 00:07:42,181] {standard_task_runner.py:76} INFO - Running: ['airflow', 'tasks', 'run', 'bash_operator_dag', 'first_task', '2021-02-02T00:00:00+00:00', '--job-id', '529', '--pool', 'default_pool', '--raw', '--subdir', 'DAGS_FOLDER/simple_bash_operator_dag.py', '--cfg-path', '/tmp/tmptrd2_25f', '--error-file', '/tmp/tmpupzynxgn']
[2021-04-25 00:07:42,182] {standard_task_runner.py:77} INFO - Job 529: Subtask first_task
[2021-04-25 00:07:42,170] {standard_task_runner.py:52} INFO - Started process 1482 to run task
[2021-04-25 00:07:42,338] {logging_mixin.py:104} INFO - Running <TaskInstance: bash_operator_dag.first_task 2021-02-02T00:00:00+00:00 [running]> on host 4a00a306afdc
[2021-04-25 00:07:42,590] {taskinstance.py:1283} INFO - Exporting the following env vars:
AIRFLOW_CTX_DAG_OWNER=airflow
AIRFLOW_CTX_DAG_ID=bash_operator_dag
AIRFLOW_CTX_TASK_ID=first_task
AIRFLOW_CTX_EXECUTION_DATE=2021-02-02T00:00:00+00:00
AIRFLOW_CTX_DAG_RUN_ID=scheduled__2021-02-02T00:00:00+00:00
[2021-04-25 00:07:42,591] {bash.py:135} INFO - Tmp dir root location: 
 /tmp
[2021-04-25 00:07:42,598] {bash.py:158} INFO - Running command: echo "testing first bash operator"
[2021-04-25 00:07:42,624] {bash.py:169} INFO - Output:
[2021-04-25 00:07:42,631] {bash.py:173} INFO - testing first bash operator
[2021-04-25 00:07:42,632] {bash.py:177} INFO - Command exited with return code 0
[2021-04-25 00:07:42,756] {taskinstance.py:1192} INFO - Marking task as SUCCESS. dag_id=bash_operator_dag, task_id=first_task, execution_date=20210202T000000, start_date=20210425T000742, end_date=20210425T000742
[2021-04-25 00:07:42,902] {taskinstance.py:1246} INFO - 1 downstream tasks scheduled from follow-on schedule check
[2021-04-25 00:07:42,926] {local_task_job.py:146} INFO - Task exited with return code 0
[2021-04-25 00:44:13,705] {taskinstance.py:877} INFO - Dependencies all met for <TaskInstance: bash_operator_dag.first_task 2021-02-02T00:00:00+00:00 [queued]>
[2021-04-25 00:44:13,933] {taskinstance.py:877} INFO - Dependencies all met for <TaskInstance: bash_operator_dag.first_task 2021-02-02T00:00:00+00:00 [queued]>
[2021-04-25 00:44:13,934] {taskinstance.py:1068} INFO - 
--------------------------------------------------------------------------------
[2021-04-25 00:44:13,934] {taskinstance.py:1069} INFO - Starting attempt 1 of 3
[2021-04-25 00:44:13,934] {taskinstance.py:1070} INFO - 
--------------------------------------------------------------------------------
[2021-04-25 00:44:14,087] {taskinstance.py:1089} INFO - Executing <Task(BashOperator): first_task> on 2021-02-02T00:00:00+00:00
[2021-04-25 00:44:14,123] {standard_task_runner.py:76} INFO - Running: ['airflow', 'tasks', 'run', 'bash_operator_dag', 'first_task', '2021-02-02T00:00:00+00:00', '--job-id', '757', '--pool', 'default_pool', '--raw', '--subdir', 'DAGS_FOLDER/simple_bash_operator_dag.py', '--cfg-path', '/tmp/tmp8h9ld60r', '--error-file', '/tmp/tmpoely68f8']
[2021-04-25 00:44:14,100] {standard_task_runner.py:52} INFO - Started process 2166 to run task
[2021-04-25 00:44:14,125] {standard_task_runner.py:77} INFO - Job 757: Subtask first_task
[2021-04-25 00:44:14,317] {logging_mixin.py:104} INFO - Running <TaskInstance: bash_operator_dag.first_task 2021-02-02T00:00:00+00:00 [running]> on host 4a00a306afdc
[2021-04-25 00:44:14,588] {taskinstance.py:1283} INFO - Exporting the following env vars:
AIRFLOW_CTX_DAG_OWNER=airflow
AIRFLOW_CTX_DAG_ID=bash_operator_dag
AIRFLOW_CTX_TASK_ID=first_task
AIRFLOW_CTX_EXECUTION_DATE=2021-02-02T00:00:00+00:00
AIRFLOW_CTX_DAG_RUN_ID=scheduled__2021-02-02T00:00:00+00:00
[2021-04-25 00:44:14,593] {bash.py:135} INFO - Tmp dir root location: 
 /tmp
[2021-04-25 00:44:14,599] {bash.py:158} INFO - Running command: echo "testing first bash operator"
[2021-04-25 00:44:14,644] {bash.py:169} INFO - Output:
[2021-04-25 00:44:14,654] {bash.py:173} INFO - testing first bash operator
[2021-04-25 00:44:14,655] {bash.py:177} INFO - Command exited with return code 0
[2021-04-25 00:44:14,796] {taskinstance.py:1192} INFO - Marking task as SUCCESS. dag_id=bash_operator_dag, task_id=first_task, execution_date=20210202T000000, start_date=20210425T004413, end_date=20210425T004414
[2021-04-25 00:44:15,016] {taskinstance.py:1246} INFO - 1 downstream tasks scheduled from follow-on schedule check
[2021-04-25 00:44:15,048] {local_task_job.py:146} INFO - Task exited with return code 0
