[2021-04-25 00:07:57,003] {taskinstance.py:877} INFO - Dependencies all met for <TaskInstance: bash_operator_dag.first_task 2021-02-14T00:00:00+00:00 [queued]>
[2021-04-25 00:07:57,034] {taskinstance.py:877} INFO - Dependencies all met for <TaskInstance: bash_operator_dag.first_task 2021-02-14T00:00:00+00:00 [queued]>
[2021-04-25 00:07:57,035] {taskinstance.py:1068} INFO - 
--------------------------------------------------------------------------------
[2021-04-25 00:07:57,035] {taskinstance.py:1069} INFO - Starting attempt 1 of 3
[2021-04-25 00:07:57,039] {taskinstance.py:1070} INFO - 
--------------------------------------------------------------------------------
[2021-04-25 00:07:57,117] {taskinstance.py:1089} INFO - Executing <Task(BashOperator): first_task> on 2021-02-14T00:00:00+00:00
[2021-04-25 00:07:57,153] {standard_task_runner.py:76} INFO - Running: ['airflow', 'tasks', 'run', 'bash_operator_dag', 'first_task', '2021-02-14T00:00:00+00:00', '--job-id', '552', '--pool', 'default_pool', '--raw', '--subdir', 'DAGS_FOLDER/simple_bash_operator_dag.py', '--cfg-path', '/tmp/tmplq61srbx', '--error-file', '/tmp/tmpy_tg0wze']
[2021-04-25 00:07:57,124] {standard_task_runner.py:52} INFO - Started process 1553 to run task
[2021-04-25 00:07:57,157] {standard_task_runner.py:77} INFO - Job 552: Subtask first_task
[2021-04-25 00:07:57,307] {logging_mixin.py:104} INFO - Running <TaskInstance: bash_operator_dag.first_task 2021-02-14T00:00:00+00:00 [running]> on host 4a00a306afdc
[2021-04-25 00:07:57,506] {taskinstance.py:1283} INFO - Exporting the following env vars:
AIRFLOW_CTX_DAG_OWNER=airflow
AIRFLOW_CTX_DAG_ID=bash_operator_dag
AIRFLOW_CTX_TASK_ID=first_task
AIRFLOW_CTX_EXECUTION_DATE=2021-02-14T00:00:00+00:00
AIRFLOW_CTX_DAG_RUN_ID=scheduled__2021-02-14T00:00:00+00:00
[2021-04-25 00:07:57,507] {bash.py:135} INFO - Tmp dir root location: 
 /tmp
[2021-04-25 00:07:57,509] {bash.py:158} INFO - Running command: echo "testing first bash operator"
[2021-04-25 00:07:57,539] {bash.py:169} INFO - Output:
[2021-04-25 00:07:57,542] {bash.py:173} INFO - testing first bash operator
[2021-04-25 00:07:57,543] {bash.py:177} INFO - Command exited with return code 0
[2021-04-25 00:07:57,684] {taskinstance.py:1192} INFO - Marking task as SUCCESS. dag_id=bash_operator_dag, task_id=first_task, execution_date=20210214T000000, start_date=20210425T000757, end_date=20210425T000757
[2021-04-25 00:07:57,827] {taskinstance.py:1246} INFO - 1 downstream tasks scheduled from follow-on schedule check
[2021-04-25 00:07:57,881] {local_task_job.py:146} INFO - Task exited with return code 0
