[2021-04-25 00:05:26,386] {taskinstance.py:877} INFO - Dependencies all met for <TaskInstance: bash_operator_dag.first_task 2021-03-24T00:00:00+00:00 [queued]>
[2021-04-25 00:05:26,412] {taskinstance.py:877} INFO - Dependencies all met for <TaskInstance: bash_operator_dag.first_task 2021-03-24T00:00:00+00:00 [queued]>
[2021-04-25 00:05:26,413] {taskinstance.py:1068} INFO - 
--------------------------------------------------------------------------------
[2021-04-25 00:05:26,413] {taskinstance.py:1069} INFO - Starting attempt 1 of 1
[2021-04-25 00:05:26,413] {taskinstance.py:1070} INFO - 
--------------------------------------------------------------------------------
[2021-04-25 00:05:26,440] {taskinstance.py:1089} INFO - Executing <Task(BashOperator): first_task> on 2021-03-24T00:00:00+00:00
[2021-04-25 00:05:26,445] {standard_task_runner.py:52} INFO - Started process 1219 to run task
[2021-04-25 00:05:26,471] {standard_task_runner.py:76} INFO - Running: ['airflow', 'tasks', 'run', 'bash_operator_dag', 'first_task', '2021-03-24T00:00:00+00:00', '--job-id', '440', '--pool', 'default_pool', '--raw', '--subdir', 'DAGS_FOLDER/simple_bash_operator_dag.py', '--cfg-path', '/tmp/tmph25lsdca', '--error-file', '/tmp/tmpt0jysqla']
[2021-04-25 00:05:26,472] {standard_task_runner.py:77} INFO - Job 440: Subtask first_task
[2021-04-25 00:05:26,567] {logging_mixin.py:104} INFO - Running <TaskInstance: bash_operator_dag.first_task 2021-03-24T00:00:00+00:00 [running]> on host 4a00a306afdc
[2021-04-25 00:05:26,650] {taskinstance.py:1283} INFO - Exporting the following env vars:
AIRFLOW_CTX_DAG_OWNER=airflow
AIRFLOW_CTX_DAG_ID=bash_operator_dag
AIRFLOW_CTX_TASK_ID=first_task
AIRFLOW_CTX_EXECUTION_DATE=2021-03-24T00:00:00+00:00
AIRFLOW_CTX_DAG_RUN_ID=scheduled__2021-03-24T00:00:00+00:00
[2021-04-25 00:05:26,652] {bash.py:135} INFO - Tmp dir root location: 
 /tmp
[2021-04-25 00:05:26,654] {bash.py:158} INFO - Running command: echo "testing first bash operator"
[2021-04-25 00:05:26,679] {bash.py:169} INFO - Output:
[2021-04-25 00:05:26,682] {bash.py:173} INFO - testing first bash operator
[2021-04-25 00:05:26,683] {bash.py:177} INFO - Command exited with return code 0
[2021-04-25 00:05:26,759] {taskinstance.py:1192} INFO - Marking task as SUCCESS. dag_id=bash_operator_dag, task_id=first_task, execution_date=20210324T000000, start_date=20210425T000526, end_date=20210425T000526
[2021-04-25 00:05:26,817] {taskinstance.py:1246} INFO - 1 downstream tasks scheduled from follow-on schedule check
[2021-04-25 00:05:26,870] {local_task_job.py:146} INFO - Task exited with return code 0
[2021-04-25 00:08:34,926] {taskinstance.py:877} INFO - Dependencies all met for <TaskInstance: bash_operator_dag.first_task 2021-03-24T00:00:00+00:00 [queued]>
[2021-04-25 00:08:34,963] {taskinstance.py:877} INFO - Dependencies all met for <TaskInstance: bash_operator_dag.first_task 2021-03-24T00:00:00+00:00 [queued]>
[2021-04-25 00:08:34,964] {taskinstance.py:1068} INFO - 
--------------------------------------------------------------------------------
[2021-04-25 00:08:34,964] {taskinstance.py:1069} INFO - Starting attempt 1 of 3
[2021-04-25 00:08:34,964] {taskinstance.py:1070} INFO - 
--------------------------------------------------------------------------------
[2021-04-25 00:08:35,017] {taskinstance.py:1089} INFO - Executing <Task(BashOperator): first_task> on 2021-03-24T00:00:00+00:00
[2021-04-25 00:08:35,028] {standard_task_runner.py:52} INFO - Started process 1782 to run task
[2021-04-25 00:08:35,041] {standard_task_runner.py:76} INFO - Running: ['airflow', 'tasks', 'run', 'bash_operator_dag', 'first_task', '2021-03-24T00:00:00+00:00', '--job-id', '629', '--pool', 'default_pool', '--raw', '--subdir', 'DAGS_FOLDER/simple_bash_operator_dag.py', '--cfg-path', '/tmp/tmpvenarc02', '--error-file', '/tmp/tmp8800prt0']
[2021-04-25 00:08:35,042] {standard_task_runner.py:77} INFO - Job 629: Subtask first_task
[2021-04-25 00:08:35,169] {logging_mixin.py:104} INFO - Running <TaskInstance: bash_operator_dag.first_task 2021-03-24T00:00:00+00:00 [running]> on host 4a00a306afdc
[2021-04-25 00:08:35,318] {taskinstance.py:1283} INFO - Exporting the following env vars:
AIRFLOW_CTX_DAG_OWNER=airflow
AIRFLOW_CTX_DAG_ID=bash_operator_dag
AIRFLOW_CTX_TASK_ID=first_task
AIRFLOW_CTX_EXECUTION_DATE=2021-03-24T00:00:00+00:00
AIRFLOW_CTX_DAG_RUN_ID=scheduled__2021-03-24T00:00:00+00:00
[2021-04-25 00:08:35,319] {bash.py:135} INFO - Tmp dir root location: 
 /tmp
[2021-04-25 00:08:35,322] {bash.py:158} INFO - Running command: echo "testing first bash operator"
[2021-04-25 00:08:35,343] {bash.py:169} INFO - Output:
[2021-04-25 00:08:35,346] {bash.py:173} INFO - testing first bash operator
[2021-04-25 00:08:35,347] {bash.py:177} INFO - Command exited with return code 0
[2021-04-25 00:08:35,440] {taskinstance.py:1192} INFO - Marking task as SUCCESS. dag_id=bash_operator_dag, task_id=first_task, execution_date=20210324T000000, start_date=20210425T000834, end_date=20210425T000835
[2021-04-25 00:08:35,539] {taskinstance.py:1246} INFO - 1 downstream tasks scheduled from follow-on schedule check
[2021-04-25 00:08:35,595] {local_task_job.py:146} INFO - Task exited with return code 0
