[2021-04-25 07:17:00,885] {taskinstance.py:877} INFO - Dependencies all met for <TaskInstance: python_operator_dag.first_task 2021-04-24T00:00:00+00:00 [queued]>
[2021-04-25 07:17:00,908] {taskinstance.py:877} INFO - Dependencies all met for <TaskInstance: python_operator_dag.first_task 2021-04-24T00:00:00+00:00 [queued]>
[2021-04-25 07:17:00,908] {taskinstance.py:1068} INFO - 
--------------------------------------------------------------------------------
[2021-04-25 07:17:00,908] {taskinstance.py:1069} INFO - Starting attempt 1 of 3
[2021-04-25 07:17:00,909] {taskinstance.py:1070} INFO - 
--------------------------------------------------------------------------------
[2021-04-25 07:17:00,930] {taskinstance.py:1089} INFO - Executing <Task(PythonOperator): first_task> on 2021-04-24T00:00:00+00:00
[2021-04-25 07:17:00,941] {standard_task_runner.py:52} INFO - Started process 48 to run task
[2021-04-25 07:17:00,948] {standard_task_runner.py:76} INFO - Running: ['airflow', 'tasks', 'run', 'python_operator_dag', 'first_task', '2021-04-24T00:00:00+00:00', '--job-id', '782', '--pool', 'default_pool', '--raw', '--subdir', 'DAGS_FOLDER/simple_python_operator.py', '--cfg-path', '/tmp/tmpni617ukf', '--error-file', '/tmp/tmpt5f80wt6']
[2021-04-25 07:17:00,949] {standard_task_runner.py:77} INFO - Job 782: Subtask first_task
[2021-04-25 07:17:01,017] {logging_mixin.py:104} INFO - Running <TaskInstance: python_operator_dag.first_task 2021-04-24T00:00:00+00:00 [running]> on host d6e2455ef0ec
[2021-04-25 07:17:01,108] {taskinstance.py:1283} INFO - Exporting the following env vars:
AIRFLOW_CTX_DAG_OWNER=airflow
AIRFLOW_CTX_DAG_ID=python_operator_dag
AIRFLOW_CTX_TASK_ID=first_task
AIRFLOW_CTX_EXECUTION_DATE=2021-04-24T00:00:00+00:00
AIRFLOW_CTX_DAG_RUN_ID=scheduled__2021-04-24T00:00:00+00:00
[2021-04-25 07:17:01,116] {logging_mixin.py:104} INFO - This message will shown in logs
[2021-04-25 07:17:01,117] {python.py:118} INFO - Done. Returned value was: None
[2021-04-25 07:17:01,132] {taskinstance.py:1192} INFO - Marking task as SUCCESS. dag_id=python_operator_dag, task_id=first_task, execution_date=20210424T000000, start_date=20210425T071700, end_date=20210425T071701
[2021-04-25 07:17:01,179] {taskinstance.py:1246} INFO - 0 downstream tasks scheduled from follow-on schedule check
[2021-04-25 07:17:01,215] {local_task_job.py:146} INFO - Task exited with return code 0
