[2021-04-25 00:07:47,430] {taskinstance.py:877} INFO - Dependencies all met for <TaskInstance: bash_operator_dag.second_task 2021-02-04T00:00:00+00:00 [queued]>
[2021-04-25 00:07:47,491] {taskinstance.py:877} INFO - Dependencies all met for <TaskInstance: bash_operator_dag.second_task 2021-02-04T00:00:00+00:00 [queued]>
[2021-04-25 00:07:47,492] {taskinstance.py:1068} INFO - 
--------------------------------------------------------------------------------
[2021-04-25 00:07:47,492] {taskinstance.py:1069} INFO - Starting attempt 1 of 3
[2021-04-25 00:07:47,492] {taskinstance.py:1070} INFO - 
--------------------------------------------------------------------------------
[2021-04-25 00:07:47,629] {taskinstance.py:1089} INFO - Executing <Task(BashOperator): second_task> on 2021-02-04T00:00:00+00:00
[2021-04-25 00:07:47,725] {standard_task_runner.py:52} INFO - Started process 1512 to run task
[2021-04-25 00:07:47,782] {standard_task_runner.py:76} INFO - Running: ['airflow', 'tasks', 'run', 'bash_operator_dag', 'second_task', '2021-02-04T00:00:00+00:00', '--job-id', '538', '--pool', 'default_pool', '--raw', '--subdir', 'DAGS_FOLDER/simple_bash_operator_dag.py', '--cfg-path', '/tmp/tmpvodi49mu', '--error-file', '/tmp/tmpxm9zkcx5']
[2021-04-25 00:07:47,783] {standard_task_runner.py:77} INFO - Job 538: Subtask second_task
[2021-04-25 00:07:48,053] {logging_mixin.py:104} INFO - Running <TaskInstance: bash_operator_dag.second_task 2021-02-04T00:00:00+00:00 [running]> on host 4a00a306afdc
[2021-04-25 00:07:48,739] {taskinstance.py:1283} INFO - Exporting the following env vars:
AIRFLOW_CTX_DAG_OWNER=airflow
AIRFLOW_CTX_DAG_ID=bash_operator_dag
AIRFLOW_CTX_TASK_ID=second_task
AIRFLOW_CTX_EXECUTION_DATE=2021-02-04T00:00:00+00:00
AIRFLOW_CTX_DAG_RUN_ID=scheduled__2021-02-04T00:00:00+00:00
[2021-04-25 00:07:48,759] {bash.py:135} INFO - Tmp dir root location: 
 /tmp
[2021-04-25 00:07:48,768] {bash.py:158} INFO - Running command: echo "testing second bash operator"
[2021-04-25 00:07:48,838] {bash.py:169} INFO - Output:
[2021-04-25 00:07:48,842] {bash.py:173} INFO - testing second bash operator
[2021-04-25 00:07:48,854] {bash.py:177} INFO - Command exited with return code 0
[2021-04-25 00:07:49,100] {taskinstance.py:1192} INFO - Marking task as SUCCESS. dag_id=bash_operator_dag, task_id=second_task, execution_date=20210204T000000, start_date=20210425T000747, end_date=20210425T000749
[2021-04-25 00:07:49,410] {taskinstance.py:1246} INFO - 0 downstream tasks scheduled from follow-on schedule check
[2021-04-25 00:07:49,437] {local_task_job.py:146} INFO - Task exited with return code 0
[2021-04-25 00:44:18,794] {taskinstance.py:877} INFO - Dependencies all met for <TaskInstance: bash_operator_dag.second_task 2021-02-04T00:00:00+00:00 [queued]>
[2021-04-25 00:44:18,829] {taskinstance.py:877} INFO - Dependencies all met for <TaskInstance: bash_operator_dag.second_task 2021-02-04T00:00:00+00:00 [queued]>
[2021-04-25 00:44:18,830] {taskinstance.py:1068} INFO - 
--------------------------------------------------------------------------------
[2021-04-25 00:44:18,830] {taskinstance.py:1069} INFO - Starting attempt 1 of 3
[2021-04-25 00:44:18,831] {taskinstance.py:1070} INFO - 
--------------------------------------------------------------------------------
[2021-04-25 00:44:18,878] {taskinstance.py:1089} INFO - Executing <Task(BashOperator): second_task> on 2021-02-04T00:00:00+00:00
[2021-04-25 00:44:18,888] {standard_task_runner.py:52} INFO - Started process 2195 to run task
[2021-04-25 00:44:18,928] {standard_task_runner.py:76} INFO - Running: ['airflow', 'tasks', 'run', 'bash_operator_dag', 'second_task', '2021-02-04T00:00:00+00:00', '--job-id', '766', '--pool', 'default_pool', '--raw', '--subdir', 'DAGS_FOLDER/simple_bash_operator_dag.py', '--cfg-path', '/tmp/tmpsr9ypqkm', '--error-file', '/tmp/tmpjtpskak6']
[2021-04-25 00:44:18,929] {standard_task_runner.py:77} INFO - Job 766: Subtask second_task
[2021-04-25 00:44:19,096] {logging_mixin.py:104} INFO - Running <TaskInstance: bash_operator_dag.second_task 2021-02-04T00:00:00+00:00 [running]> on host 4a00a306afdc
[2021-04-25 00:44:19,260] {taskinstance.py:1283} INFO - Exporting the following env vars:
AIRFLOW_CTX_DAG_OWNER=airflow
AIRFLOW_CTX_DAG_ID=bash_operator_dag
AIRFLOW_CTX_TASK_ID=second_task
AIRFLOW_CTX_EXECUTION_DATE=2021-02-04T00:00:00+00:00
AIRFLOW_CTX_DAG_RUN_ID=scheduled__2021-02-04T00:00:00+00:00
[2021-04-25 00:44:19,262] {bash.py:135} INFO - Tmp dir root location: 
 /tmp
[2021-04-25 00:44:19,265] {bash.py:158} INFO - Running command: echo "testing second bash operator"
[2021-04-25 00:44:19,288] {bash.py:169} INFO - Output:
[2021-04-25 00:44:19,290] {bash.py:173} INFO - testing second bash operator
[2021-04-25 00:44:19,291] {bash.py:177} INFO - Command exited with return code 0
[2021-04-25 00:44:19,403] {taskinstance.py:1192} INFO - Marking task as SUCCESS. dag_id=bash_operator_dag, task_id=second_task, execution_date=20210204T000000, start_date=20210425T004418, end_date=20210425T004419
[2021-04-25 00:44:19,553] {taskinstance.py:1246} INFO - 0 downstream tasks scheduled from follow-on schedule check
[2021-04-25 00:44:19,645] {local_task_job.py:146} INFO - Task exited with return code 0
