[2021-04-25 00:05:30,244] {taskinstance.py:877} INFO - Dependencies all met for <TaskInstance: bash_operator_dag.second_task 2021-03-27T00:00:00+00:00 [queued]>
[2021-04-25 00:05:30,278] {taskinstance.py:877} INFO - Dependencies all met for <TaskInstance: bash_operator_dag.second_task 2021-03-27T00:00:00+00:00 [queued]>
[2021-04-25 00:05:30,279] {taskinstance.py:1068} INFO - 
--------------------------------------------------------------------------------
[2021-04-25 00:05:30,280] {taskinstance.py:1069} INFO - Starting attempt 1 of 1
[2021-04-25 00:05:30,280] {taskinstance.py:1070} INFO - 
--------------------------------------------------------------------------------
[2021-04-25 00:05:30,360] {taskinstance.py:1089} INFO - Executing <Task(BashOperator): second_task> on 2021-03-27T00:00:00+00:00
[2021-04-25 00:05:30,370] {standard_task_runner.py:52} INFO - Started process 1256 to run task
[2021-04-25 00:05:30,386] {standard_task_runner.py:76} INFO - Running: ['airflow', 'tasks', 'run', 'bash_operator_dag', 'second_task', '2021-03-27T00:00:00+00:00', '--job-id', '453', '--pool', 'default_pool', '--raw', '--subdir', 'DAGS_FOLDER/simple_bash_operator_dag.py', '--cfg-path', '/tmp/tmp1o4ztgro', '--error-file', '/tmp/tmpm6i3efu0']
[2021-04-25 00:05:30,387] {standard_task_runner.py:77} INFO - Job 453: Subtask second_task
[2021-04-25 00:05:30,524] {logging_mixin.py:104} INFO - Running <TaskInstance: bash_operator_dag.second_task 2021-03-27T00:00:00+00:00 [running]> on host 4a00a306afdc
[2021-04-25 00:05:30,652] {taskinstance.py:1283} INFO - Exporting the following env vars:
AIRFLOW_CTX_DAG_OWNER=airflow
AIRFLOW_CTX_DAG_ID=bash_operator_dag
AIRFLOW_CTX_TASK_ID=second_task
AIRFLOW_CTX_EXECUTION_DATE=2021-03-27T00:00:00+00:00
AIRFLOW_CTX_DAG_RUN_ID=scheduled__2021-03-27T00:00:00+00:00
[2021-04-25 00:05:30,653] {bash.py:135} INFO - Tmp dir root location: 
 /tmp
[2021-04-25 00:05:30,656] {bash.py:158} INFO - Running command: echo "testing second bash operator"
[2021-04-25 00:05:30,690] {bash.py:169} INFO - Output:
[2021-04-25 00:05:30,693] {bash.py:173} INFO - testing second bash operator
[2021-04-25 00:05:30,705] {bash.py:177} INFO - Command exited with return code 0
[2021-04-25 00:05:30,918] {taskinstance.py:1192} INFO - Marking task as SUCCESS. dag_id=bash_operator_dag, task_id=second_task, execution_date=20210327T000000, start_date=20210425T000530, end_date=20210425T000530
[2021-04-25 00:05:31,111] {taskinstance.py:1246} INFO - 0 downstream tasks scheduled from follow-on schedule check
[2021-04-25 00:05:31,150] {local_task_job.py:146} INFO - Task exited with return code 0
[2021-04-25 00:08:40,599] {taskinstance.py:877} INFO - Dependencies all met for <TaskInstance: bash_operator_dag.second_task 2021-03-27T00:00:00+00:00 [queued]>
[2021-04-25 00:08:40,635] {taskinstance.py:877} INFO - Dependencies all met for <TaskInstance: bash_operator_dag.second_task 2021-03-27T00:00:00+00:00 [queued]>
[2021-04-25 00:08:40,636] {taskinstance.py:1068} INFO - 
--------------------------------------------------------------------------------
[2021-04-25 00:08:40,636] {taskinstance.py:1069} INFO - Starting attempt 1 of 3
[2021-04-25 00:08:40,636] {taskinstance.py:1070} INFO - 
--------------------------------------------------------------------------------
[2021-04-25 00:08:40,671] {taskinstance.py:1089} INFO - Executing <Task(BashOperator): second_task> on 2021-03-27T00:00:00+00:00
[2021-04-25 00:08:40,696] {standard_task_runner.py:76} INFO - Running: ['airflow', 'tasks', 'run', 'bash_operator_dag', 'second_task', '2021-03-27T00:00:00+00:00', '--job-id', '640', '--pool', 'default_pool', '--raw', '--subdir', 'DAGS_FOLDER/simple_bash_operator_dag.py', '--cfg-path', '/tmp/tmphx3e3y6d', '--error-file', '/tmp/tmpro9f_1ee']
[2021-04-25 00:08:40,681] {standard_task_runner.py:52} INFO - Started process 1818 to run task
[2021-04-25 00:08:40,697] {standard_task_runner.py:77} INFO - Job 640: Subtask second_task
[2021-04-25 00:08:40,896] {logging_mixin.py:104} INFO - Running <TaskInstance: bash_operator_dag.second_task 2021-03-27T00:00:00+00:00 [running]> on host 4a00a306afdc
[2021-04-25 00:08:41,066] {taskinstance.py:1283} INFO - Exporting the following env vars:
AIRFLOW_CTX_DAG_OWNER=airflow
AIRFLOW_CTX_DAG_ID=bash_operator_dag
AIRFLOW_CTX_TASK_ID=second_task
AIRFLOW_CTX_EXECUTION_DATE=2021-03-27T00:00:00+00:00
AIRFLOW_CTX_DAG_RUN_ID=scheduled__2021-03-27T00:00:00+00:00
[2021-04-25 00:08:41,069] {bash.py:135} INFO - Tmp dir root location: 
 /tmp
[2021-04-25 00:08:41,073] {bash.py:158} INFO - Running command: echo "testing second bash operator"
[2021-04-25 00:08:41,124] {bash.py:169} INFO - Output:
[2021-04-25 00:08:41,125] {bash.py:173} INFO - testing second bash operator
[2021-04-25 00:08:41,126] {bash.py:177} INFO - Command exited with return code 0
[2021-04-25 00:08:41,229] {taskinstance.py:1192} INFO - Marking task as SUCCESS. dag_id=bash_operator_dag, task_id=second_task, execution_date=20210327T000000, start_date=20210425T000840, end_date=20210425T000841
[2021-04-25 00:08:41,323] {taskinstance.py:1246} INFO - 0 downstream tasks scheduled from follow-on schedule check
[2021-04-25 00:08:41,368] {local_task_job.py:146} INFO - Task exited with return code 0
