[2021-04-25 00:05:27,489] {taskinstance.py:877} INFO - Dependencies all met for <TaskInstance: bash_operator_dag.first_task 2021-03-26T00:00:00+00:00 [queued]>
[2021-04-25 00:05:27,518] {taskinstance.py:877} INFO - Dependencies all met for <TaskInstance: bash_operator_dag.first_task 2021-03-26T00:00:00+00:00 [queued]>
[2021-04-25 00:05:27,518] {taskinstance.py:1068} INFO - 
--------------------------------------------------------------------------------
[2021-04-25 00:05:27,518] {taskinstance.py:1069} INFO - Starting attempt 1 of 1
[2021-04-25 00:05:27,519] {taskinstance.py:1070} INFO - 
--------------------------------------------------------------------------------
[2021-04-25 00:05:27,554] {taskinstance.py:1089} INFO - Executing <Task(BashOperator): first_task> on 2021-03-26T00:00:00+00:00
[2021-04-25 00:05:27,581] {standard_task_runner.py:76} INFO - Running: ['airflow', 'tasks', 'run', 'bash_operator_dag', 'first_task', '2021-03-26T00:00:00+00:00', '--job-id', '445', '--pool', 'default_pool', '--raw', '--subdir', 'DAGS_FOLDER/simple_bash_operator_dag.py', '--cfg-path', '/tmp/tmphl5zgiy8', '--error-file', '/tmp/tmp4gpqrd0k']
[2021-04-25 00:05:27,584] {standard_task_runner.py:77} INFO - Job 445: Subtask first_task
[2021-04-25 00:05:27,565] {standard_task_runner.py:52} INFO - Started process 1231 to run task
[2021-04-25 00:05:27,735] {logging_mixin.py:104} INFO - Running <TaskInstance: bash_operator_dag.first_task 2021-03-26T00:00:00+00:00 [running]> on host 4a00a306afdc
[2021-04-25 00:05:27,843] {taskinstance.py:1283} INFO - Exporting the following env vars:
AIRFLOW_CTX_DAG_OWNER=airflow
AIRFLOW_CTX_DAG_ID=bash_operator_dag
AIRFLOW_CTX_TASK_ID=first_task
AIRFLOW_CTX_EXECUTION_DATE=2021-03-26T00:00:00+00:00
AIRFLOW_CTX_DAG_RUN_ID=scheduled__2021-03-26T00:00:00+00:00
[2021-04-25 00:05:27,845] {bash.py:135} INFO - Tmp dir root location: 
 /tmp
[2021-04-25 00:05:27,847] {bash.py:158} INFO - Running command: echo "testing first bash operator"
[2021-04-25 00:05:27,861] {bash.py:169} INFO - Output:
[2021-04-25 00:05:27,863] {bash.py:173} INFO - testing first bash operator
[2021-04-25 00:05:27,864] {bash.py:177} INFO - Command exited with return code 0
[2021-04-25 00:05:27,920] {taskinstance.py:1192} INFO - Marking task as SUCCESS. dag_id=bash_operator_dag, task_id=first_task, execution_date=20210326T000000, start_date=20210425T000527, end_date=20210425T000527
[2021-04-25 00:05:28,033] {taskinstance.py:1246} INFO - 1 downstream tasks scheduled from follow-on schedule check
[2021-04-25 00:05:28,057] {local_task_job.py:146} INFO - Task exited with return code 0
[2021-04-25 00:08:36,156] {taskinstance.py:877} INFO - Dependencies all met for <TaskInstance: bash_operator_dag.first_task 2021-03-26T00:00:00+00:00 [queued]>
[2021-04-25 00:08:36,205] {taskinstance.py:877} INFO - Dependencies all met for <TaskInstance: bash_operator_dag.first_task 2021-03-26T00:00:00+00:00 [queued]>
[2021-04-25 00:08:36,206] {taskinstance.py:1068} INFO - 
--------------------------------------------------------------------------------
[2021-04-25 00:08:36,206] {taskinstance.py:1069} INFO - Starting attempt 1 of 3
[2021-04-25 00:08:36,206] {taskinstance.py:1070} INFO - 
--------------------------------------------------------------------------------
[2021-04-25 00:08:36,262] {taskinstance.py:1089} INFO - Executing <Task(BashOperator): first_task> on 2021-03-26T00:00:00+00:00
[2021-04-25 00:08:36,273] {standard_task_runner.py:52} INFO - Started process 1793 to run task
[2021-04-25 00:08:36,287] {standard_task_runner.py:76} INFO - Running: ['airflow', 'tasks', 'run', 'bash_operator_dag', 'first_task', '2021-03-26T00:00:00+00:00', '--job-id', '632', '--pool', 'default_pool', '--raw', '--subdir', 'DAGS_FOLDER/simple_bash_operator_dag.py', '--cfg-path', '/tmp/tmps802fihh', '--error-file', '/tmp/tmpa5gn2jr4']
[2021-04-25 00:08:36,288] {standard_task_runner.py:77} INFO - Job 632: Subtask first_task
[2021-04-25 00:08:36,404] {logging_mixin.py:104} INFO - Running <TaskInstance: bash_operator_dag.first_task 2021-03-26T00:00:00+00:00 [running]> on host 4a00a306afdc
[2021-04-25 00:08:36,635] {taskinstance.py:1283} INFO - Exporting the following env vars:
AIRFLOW_CTX_DAG_OWNER=airflow
AIRFLOW_CTX_DAG_ID=bash_operator_dag
AIRFLOW_CTX_TASK_ID=first_task
AIRFLOW_CTX_EXECUTION_DATE=2021-03-26T00:00:00+00:00
AIRFLOW_CTX_DAG_RUN_ID=scheduled__2021-03-26T00:00:00+00:00
[2021-04-25 00:08:36,636] {bash.py:135} INFO - Tmp dir root location: 
 /tmp
[2021-04-25 00:08:36,638] {bash.py:158} INFO - Running command: echo "testing first bash operator"
[2021-04-25 00:08:36,686] {bash.py:169} INFO - Output:
[2021-04-25 00:08:36,701] {bash.py:173} INFO - testing first bash operator
[2021-04-25 00:08:36,702] {bash.py:177} INFO - Command exited with return code 0
[2021-04-25 00:08:36,851] {taskinstance.py:1192} INFO - Marking task as SUCCESS. dag_id=bash_operator_dag, task_id=first_task, execution_date=20210326T000000, start_date=20210425T000836, end_date=20210425T000836
[2021-04-25 00:08:36,997] {taskinstance.py:1246} INFO - 1 downstream tasks scheduled from follow-on schedule check
[2021-04-25 00:08:37,046] {local_task_job.py:146} INFO - Task exited with return code 0
