[2021-04-25 00:07:24,010] {taskinstance.py:877} INFO - Dependencies all met for <TaskInstance: bash_operator_dag.first_task 2021-01-15T00:00:00+00:00 [queued]>
[2021-04-25 00:07:24,041] {taskinstance.py:877} INFO - Dependencies all met for <TaskInstance: bash_operator_dag.first_task 2021-01-15T00:00:00+00:00 [queued]>
[2021-04-25 00:07:24,041] {taskinstance.py:1068} INFO - 
--------------------------------------------------------------------------------
[2021-04-25 00:07:24,041] {taskinstance.py:1069} INFO - Starting attempt 1 of 3
[2021-04-25 00:07:24,042] {taskinstance.py:1070} INFO - 
--------------------------------------------------------------------------------
[2021-04-25 00:07:24,089] {taskinstance.py:1089} INFO - Executing <Task(BashOperator): first_task> on 2021-01-15T00:00:00+00:00
[2021-04-25 00:07:24,099] {standard_task_runner.py:52} INFO - Started process 1373 to run task
[2021-04-25 00:07:24,120] {standard_task_runner.py:76} INFO - Running: ['airflow', 'tasks', 'run', 'bash_operator_dag', 'first_task', '2021-01-15T00:00:00+00:00', '--job-id', '492', '--pool', 'default_pool', '--raw', '--subdir', 'DAGS_FOLDER/simple_bash_operator_dag.py', '--cfg-path', '/tmp/tmp_do9lrvz', '--error-file', '/tmp/tmpgsld39ex']
[2021-04-25 00:07:24,122] {standard_task_runner.py:77} INFO - Job 492: Subtask first_task
[2021-04-25 00:07:24,254] {logging_mixin.py:104} INFO - Running <TaskInstance: bash_operator_dag.first_task 2021-01-15T00:00:00+00:00 [running]> on host 4a00a306afdc
[2021-04-25 00:07:24,457] {taskinstance.py:1283} INFO - Exporting the following env vars:
AIRFLOW_CTX_DAG_OWNER=airflow
AIRFLOW_CTX_DAG_ID=bash_operator_dag
AIRFLOW_CTX_TASK_ID=first_task
AIRFLOW_CTX_EXECUTION_DATE=2021-01-15T00:00:00+00:00
AIRFLOW_CTX_DAG_RUN_ID=scheduled__2021-01-15T00:00:00+00:00
[2021-04-25 00:07:24,459] {bash.py:135} INFO - Tmp dir root location: 
 /tmp
[2021-04-25 00:07:24,462] {bash.py:158} INFO - Running command: echo "testing first bash operator"
[2021-04-25 00:07:24,487] {bash.py:169} INFO - Output:
[2021-04-25 00:07:24,494] {bash.py:173} INFO - testing first bash operator
[2021-04-25 00:07:24,496] {bash.py:177} INFO - Command exited with return code 0
[2021-04-25 00:07:24,605] {taskinstance.py:1192} INFO - Marking task as SUCCESS. dag_id=bash_operator_dag, task_id=first_task, execution_date=20210115T000000, start_date=20210425T000724, end_date=20210425T000724
[2021-04-25 00:07:24,720] {taskinstance.py:1246} INFO - 1 downstream tasks scheduled from follow-on schedule check
[2021-04-25 00:07:24,790] {local_task_job.py:146} INFO - Task exited with return code 0
[2021-04-25 00:43:44,485] {taskinstance.py:877} INFO - Dependencies all met for <TaskInstance: bash_operator_dag.first_task 2021-01-15T00:00:00+00:00 [queued]>
[2021-04-25 00:43:44,645] {taskinstance.py:877} INFO - Dependencies all met for <TaskInstance: bash_operator_dag.first_task 2021-01-15T00:00:00+00:00 [queued]>
[2021-04-25 00:43:44,646] {taskinstance.py:1068} INFO - 
--------------------------------------------------------------------------------
[2021-04-25 00:43:44,646] {taskinstance.py:1069} INFO - Starting attempt 1 of 3
[2021-04-25 00:43:44,646] {taskinstance.py:1070} INFO - 
--------------------------------------------------------------------------------
[2021-04-25 00:43:44,780] {taskinstance.py:1089} INFO - Executing <Task(BashOperator): first_task> on 2021-01-15T00:00:00+00:00
[2021-04-25 00:43:44,799] {standard_task_runner.py:52} INFO - Started process 2058 to run task
[2021-04-25 00:43:44,873] {standard_task_runner.py:76} INFO - Running: ['airflow', 'tasks', 'run', 'bash_operator_dag', 'first_task', '2021-01-15T00:00:00+00:00', '--job-id', '721', '--pool', 'default_pool', '--raw', '--subdir', 'DAGS_FOLDER/simple_bash_operator_dag.py', '--cfg-path', '/tmp/tmpcfpat_wj', '--error-file', '/tmp/tmpflo8h3n8']
[2021-04-25 00:43:44,875] {standard_task_runner.py:77} INFO - Job 721: Subtask first_task
[2021-04-25 00:43:45,302] {logging_mixin.py:104} INFO - Running <TaskInstance: bash_operator_dag.first_task 2021-01-15T00:00:00+00:00 [running]> on host 4a00a306afdc
[2021-04-25 00:43:45,735] {taskinstance.py:1283} INFO - Exporting the following env vars:
AIRFLOW_CTX_DAG_OWNER=airflow
AIRFLOW_CTX_DAG_ID=bash_operator_dag
AIRFLOW_CTX_TASK_ID=first_task
AIRFLOW_CTX_EXECUTION_DATE=2021-01-15T00:00:00+00:00
AIRFLOW_CTX_DAG_RUN_ID=scheduled__2021-01-15T00:00:00+00:00
[2021-04-25 00:43:45,736] {bash.py:135} INFO - Tmp dir root location: 
 /tmp
[2021-04-25 00:43:45,755] {bash.py:158} INFO - Running command: echo "testing first bash operator"
[2021-04-25 00:43:45,837] {bash.py:169} INFO - Output:
[2021-04-25 00:43:45,848] {bash.py:173} INFO - testing first bash operator
[2021-04-25 00:43:45,850] {bash.py:177} INFO - Command exited with return code 0
[2021-04-25 00:43:46,143] {taskinstance.py:1192} INFO - Marking task as SUCCESS. dag_id=bash_operator_dag, task_id=first_task, execution_date=20210115T000000, start_date=20210425T004344, end_date=20210425T004346
[2021-04-25 00:43:46,678] {taskinstance.py:1246} INFO - 1 downstream tasks scheduled from follow-on schedule check
[2021-04-25 00:43:46,726] {local_task_job.py:146} INFO - Task exited with return code 0
