[2021-04-25 00:05:25,796] {taskinstance.py:877} INFO - Dependencies all met for <TaskInstance: bash_operator_dag.second_task 2021-03-20T00:00:00+00:00 [queued]>
[2021-04-25 00:05:25,828] {taskinstance.py:877} INFO - Dependencies all met for <TaskInstance: bash_operator_dag.second_task 2021-03-20T00:00:00+00:00 [queued]>
[2021-04-25 00:05:25,829] {taskinstance.py:1068} INFO - 
--------------------------------------------------------------------------------
[2021-04-25 00:05:25,829] {taskinstance.py:1069} INFO - Starting attempt 1 of 1
[2021-04-25 00:05:25,829] {taskinstance.py:1070} INFO - 
--------------------------------------------------------------------------------
[2021-04-25 00:05:25,881] {taskinstance.py:1089} INFO - Executing <Task(BashOperator): second_task> on 2021-03-20T00:00:00+00:00
[2021-04-25 00:05:25,888] {standard_task_runner.py:52} INFO - Started process 1214 to run task
[2021-04-25 00:05:25,902] {standard_task_runner.py:76} INFO - Running: ['airflow', 'tasks', 'run', 'bash_operator_dag', 'second_task', '2021-03-20T00:00:00+00:00', '--job-id', '439', '--pool', 'default_pool', '--raw', '--subdir', 'DAGS_FOLDER/simple_bash_operator_dag.py', '--cfg-path', '/tmp/tmpcvgsdaz6', '--error-file', '/tmp/tmpxqsss76o']
[2021-04-25 00:05:25,902] {standard_task_runner.py:77} INFO - Job 439: Subtask second_task
[2021-04-25 00:05:26,044] {logging_mixin.py:104} INFO - Running <TaskInstance: bash_operator_dag.second_task 2021-03-20T00:00:00+00:00 [running]> on host 4a00a306afdc
[2021-04-25 00:05:26,152] {taskinstance.py:1283} INFO - Exporting the following env vars:
AIRFLOW_CTX_DAG_OWNER=airflow
AIRFLOW_CTX_DAG_ID=bash_operator_dag
AIRFLOW_CTX_TASK_ID=second_task
AIRFLOW_CTX_EXECUTION_DATE=2021-03-20T00:00:00+00:00
AIRFLOW_CTX_DAG_RUN_ID=scheduled__2021-03-20T00:00:00+00:00
[2021-04-25 00:05:26,153] {bash.py:135} INFO - Tmp dir root location: 
 /tmp
[2021-04-25 00:05:26,155] {bash.py:158} INFO - Running command: echo "testing second bash operator"
[2021-04-25 00:05:26,172] {bash.py:169} INFO - Output:
[2021-04-25 00:05:26,173] {bash.py:173} INFO - testing second bash operator
[2021-04-25 00:05:26,173] {bash.py:177} INFO - Command exited with return code 0
[2021-04-25 00:05:26,243] {taskinstance.py:1192} INFO - Marking task as SUCCESS. dag_id=bash_operator_dag, task_id=second_task, execution_date=20210320T000000, start_date=20210425T000525, end_date=20210425T000526
[2021-04-25 00:05:26,307] {taskinstance.py:1246} INFO - 0 downstream tasks scheduled from follow-on schedule check
[2021-04-25 00:05:26,325] {local_task_job.py:146} INFO - Task exited with return code 0
[2021-04-25 00:08:33,769] {taskinstance.py:877} INFO - Dependencies all met for <TaskInstance: bash_operator_dag.second_task 2021-03-20T00:00:00+00:00 [queued]>
[2021-04-25 00:08:33,831] {taskinstance.py:877} INFO - Dependencies all met for <TaskInstance: bash_operator_dag.second_task 2021-03-20T00:00:00+00:00 [queued]>
[2021-04-25 00:08:33,832] {taskinstance.py:1068} INFO - 
--------------------------------------------------------------------------------
[2021-04-25 00:08:33,833] {taskinstance.py:1069} INFO - Starting attempt 1 of 3
[2021-04-25 00:08:33,833] {taskinstance.py:1070} INFO - 
--------------------------------------------------------------------------------
[2021-04-25 00:08:33,888] {taskinstance.py:1089} INFO - Executing <Task(BashOperator): second_task> on 2021-03-20T00:00:00+00:00
[2021-04-25 00:08:33,899] {standard_task_runner.py:52} INFO - Started process 1776 to run task
[2021-04-25 00:08:33,920] {standard_task_runner.py:76} INFO - Running: ['airflow', 'tasks', 'run', 'bash_operator_dag', 'second_task', '2021-03-20T00:00:00+00:00', '--job-id', '627', '--pool', 'default_pool', '--raw', '--subdir', 'DAGS_FOLDER/simple_bash_operator_dag.py', '--cfg-path', '/tmp/tmpbpbc8s1o', '--error-file', '/tmp/tmpz6igra_w']
[2021-04-25 00:08:33,921] {standard_task_runner.py:77} INFO - Job 627: Subtask second_task
[2021-04-25 00:08:34,149] {logging_mixin.py:104} INFO - Running <TaskInstance: bash_operator_dag.second_task 2021-03-20T00:00:00+00:00 [running]> on host 4a00a306afdc
[2021-04-25 00:08:34,317] {taskinstance.py:1283} INFO - Exporting the following env vars:
AIRFLOW_CTX_DAG_OWNER=airflow
AIRFLOW_CTX_DAG_ID=bash_operator_dag
AIRFLOW_CTX_TASK_ID=second_task
AIRFLOW_CTX_EXECUTION_DATE=2021-03-20T00:00:00+00:00
AIRFLOW_CTX_DAG_RUN_ID=scheduled__2021-03-20T00:00:00+00:00
[2021-04-25 00:08:34,318] {bash.py:135} INFO - Tmp dir root location: 
 /tmp
[2021-04-25 00:08:34,320] {bash.py:158} INFO - Running command: echo "testing second bash operator"
[2021-04-25 00:08:34,348] {bash.py:169} INFO - Output:
[2021-04-25 00:08:34,350] {bash.py:173} INFO - testing second bash operator
[2021-04-25 00:08:34,351] {bash.py:177} INFO - Command exited with return code 0
[2021-04-25 00:08:34,565] {taskinstance.py:1192} INFO - Marking task as SUCCESS. dag_id=bash_operator_dag, task_id=second_task, execution_date=20210320T000000, start_date=20210425T000833, end_date=20210425T000834
[2021-04-25 00:08:34,704] {taskinstance.py:1246} INFO - 0 downstream tasks scheduled from follow-on schedule check
[2021-04-25 00:08:34,736] {local_task_job.py:146} INFO - Task exited with return code 0
