[2021-05-01 06:12:27,576] {scheduler_job.py:182} INFO - Started process (PID=3706) to work on /home/airflow/.local/lib/python3.6/site-packages/airflow/example_dags/example_latest_only_with_trigger.py
[2021-05-01 06:12:27,578] {scheduler_job.py:629} INFO - Processing file /home/airflow/.local/lib/python3.6/site-packages/airflow/example_dags/example_latest_only_with_trigger.py for tasks to queue
[2021-05-01 06:12:27,578] {logging_mixin.py:104} INFO - [2021-05-01 06:12:27,578] {dagbag.py:451} INFO - Filling up the DagBag from /home/airflow/.local/lib/python3.6/site-packages/airflow/example_dags/example_latest_only_with_trigger.py
[2021-05-01 06:12:27,590] {scheduler_job.py:639} INFO - DAG(s) dict_keys(['latest_only_with_trigger']) retrieved from /home/airflow/.local/lib/python3.6/site-packages/airflow/example_dags/example_latest_only_with_trigger.py
[2021-05-01 06:12:27,618] {logging_mixin.py:104} INFO - [2021-05-01 06:12:27,618] {dag.py:1824} INFO - Sync 1 DAGs
[2021-05-01 06:12:27,634] {logging_mixin.py:104} INFO - [2021-05-01 06:12:27,634] {dag.py:2280} INFO - Setting next_dagrun for latest_only_with_trigger to 2021-04-29 00:00:00+00:00
[2021-05-01 06:12:27,651] {scheduler_job.py:190} INFO - Processing /home/airflow/.local/lib/python3.6/site-packages/airflow/example_dags/example_latest_only_with_trigger.py took 0.078 seconds
[2021-05-01 06:12:58,124] {scheduler_job.py:182} INFO - Started process (PID=3739) to work on /home/airflow/.local/lib/python3.6/site-packages/airflow/example_dags/example_latest_only_with_trigger.py
[2021-05-01 06:12:58,126] {scheduler_job.py:629} INFO - Processing file /home/airflow/.local/lib/python3.6/site-packages/airflow/example_dags/example_latest_only_with_trigger.py for tasks to queue
[2021-05-01 06:12:58,127] {logging_mixin.py:104} INFO - [2021-05-01 06:12:58,127] {dagbag.py:451} INFO - Filling up the DagBag from /home/airflow/.local/lib/python3.6/site-packages/airflow/example_dags/example_latest_only_with_trigger.py
[2021-05-01 06:12:58,142] {scheduler_job.py:639} INFO - DAG(s) dict_keys(['latest_only_with_trigger']) retrieved from /home/airflow/.local/lib/python3.6/site-packages/airflow/example_dags/example_latest_only_with_trigger.py
[2021-05-01 06:12:58,174] {logging_mixin.py:104} INFO - [2021-05-01 06:12:58,174] {dag.py:1824} INFO - Sync 1 DAGs
[2021-05-01 06:12:58,194] {logging_mixin.py:104} INFO - [2021-05-01 06:12:58,194] {dag.py:2280} INFO - Setting next_dagrun for latest_only_with_trigger to 2021-04-29 00:00:00+00:00
[2021-05-01 06:12:58,211] {scheduler_job.py:190} INFO - Processing /home/airflow/.local/lib/python3.6/site-packages/airflow/example_dags/example_latest_only_with_trigger.py took 0.090 seconds
[2021-05-01 06:13:28,292] {scheduler_job.py:182} INFO - Started process (PID=3772) to work on /home/airflow/.local/lib/python3.6/site-packages/airflow/example_dags/example_latest_only_with_trigger.py
[2021-05-01 06:13:28,294] {scheduler_job.py:629} INFO - Processing file /home/airflow/.local/lib/python3.6/site-packages/airflow/example_dags/example_latest_only_with_trigger.py for tasks to queue
[2021-05-01 06:13:28,294] {logging_mixin.py:104} INFO - [2021-05-01 06:13:28,294] {dagbag.py:451} INFO - Filling up the DagBag from /home/airflow/.local/lib/python3.6/site-packages/airflow/example_dags/example_latest_only_with_trigger.py
[2021-05-01 06:13:28,306] {scheduler_job.py:639} INFO - DAG(s) dict_keys(['latest_only_with_trigger']) retrieved from /home/airflow/.local/lib/python3.6/site-packages/airflow/example_dags/example_latest_only_with_trigger.py
[2021-05-01 06:13:28,329] {logging_mixin.py:104} INFO - [2021-05-01 06:13:28,329] {dag.py:1824} INFO - Sync 1 DAGs
[2021-05-01 06:13:28,347] {logging_mixin.py:104} INFO - [2021-05-01 06:13:28,347] {dag.py:2280} INFO - Setting next_dagrun for latest_only_with_trigger to 2021-04-29 00:00:00+00:00
[2021-05-01 06:13:28,360] {scheduler_job.py:190} INFO - Processing /home/airflow/.local/lib/python3.6/site-packages/airflow/example_dags/example_latest_only_with_trigger.py took 0.071 seconds
[2021-05-01 06:13:58,395] {scheduler_job.py:182} INFO - Started process (PID=3805) to work on /home/airflow/.local/lib/python3.6/site-packages/airflow/example_dags/example_latest_only_with_trigger.py
[2021-05-01 06:13:58,397] {scheduler_job.py:629} INFO - Processing file /home/airflow/.local/lib/python3.6/site-packages/airflow/example_dags/example_latest_only_with_trigger.py for tasks to queue
[2021-05-01 06:13:58,397] {logging_mixin.py:104} INFO - [2021-05-01 06:13:58,397] {dagbag.py:451} INFO - Filling up the DagBag from /home/airflow/.local/lib/python3.6/site-packages/airflow/example_dags/example_latest_only_with_trigger.py
[2021-05-01 06:13:58,417] {scheduler_job.py:639} INFO - DAG(s) dict_keys(['latest_only_with_trigger']) retrieved from /home/airflow/.local/lib/python3.6/site-packages/airflow/example_dags/example_latest_only_with_trigger.py
[2021-05-01 06:13:58,452] {logging_mixin.py:104} INFO - [2021-05-01 06:13:58,451] {dag.py:1824} INFO - Sync 1 DAGs
[2021-05-01 06:13:58,478] {logging_mixin.py:104} INFO - [2021-05-01 06:13:58,478] {dag.py:2280} INFO - Setting next_dagrun for latest_only_with_trigger to 2021-04-29 00:00:00+00:00
[2021-05-01 06:13:58,490] {scheduler_job.py:190} INFO - Processing /home/airflow/.local/lib/python3.6/site-packages/airflow/example_dags/example_latest_only_with_trigger.py took 0.098 seconds
[2021-05-01 06:14:29,153] {scheduler_job.py:182} INFO - Started process (PID=3840) to work on /home/airflow/.local/lib/python3.6/site-packages/airflow/example_dags/example_latest_only_with_trigger.py
[2021-05-01 06:14:29,155] {scheduler_job.py:629} INFO - Processing file /home/airflow/.local/lib/python3.6/site-packages/airflow/example_dags/example_latest_only_with_trigger.py for tasks to queue
[2021-05-01 06:14:29,156] {logging_mixin.py:104} INFO - [2021-05-01 06:14:29,156] {dagbag.py:451} INFO - Filling up the DagBag from /home/airflow/.local/lib/python3.6/site-packages/airflow/example_dags/example_latest_only_with_trigger.py
[2021-05-01 06:14:29,168] {scheduler_job.py:639} INFO - DAG(s) dict_keys(['latest_only_with_trigger']) retrieved from /home/airflow/.local/lib/python3.6/site-packages/airflow/example_dags/example_latest_only_with_trigger.py
[2021-05-01 06:14:29,193] {logging_mixin.py:104} INFO - [2021-05-01 06:14:29,193] {dag.py:1824} INFO - Sync 1 DAGs
[2021-05-01 06:14:29,216] {logging_mixin.py:104} INFO - [2021-05-01 06:14:29,216] {dag.py:2280} INFO - Setting next_dagrun for latest_only_with_trigger to 2021-04-29 00:00:00+00:00
[2021-05-01 06:14:29,233] {scheduler_job.py:190} INFO - Processing /home/airflow/.local/lib/python3.6/site-packages/airflow/example_dags/example_latest_only_with_trigger.py took 0.083 seconds
[2021-05-01 06:14:59,654] {scheduler_job.py:182} INFO - Started process (PID=3873) to work on /home/airflow/.local/lib/python3.6/site-packages/airflow/example_dags/example_latest_only_with_trigger.py
[2021-05-01 06:14:59,655] {scheduler_job.py:629} INFO - Processing file /home/airflow/.local/lib/python3.6/site-packages/airflow/example_dags/example_latest_only_with_trigger.py for tasks to queue
[2021-05-01 06:14:59,656] {logging_mixin.py:104} INFO - [2021-05-01 06:14:59,656] {dagbag.py:451} INFO - Filling up the DagBag from /home/airflow/.local/lib/python3.6/site-packages/airflow/example_dags/example_latest_only_with_trigger.py
[2021-05-01 06:14:59,667] {scheduler_job.py:639} INFO - DAG(s) dict_keys(['latest_only_with_trigger']) retrieved from /home/airflow/.local/lib/python3.6/site-packages/airflow/example_dags/example_latest_only_with_trigger.py
[2021-05-01 06:14:59,688] {logging_mixin.py:104} INFO - [2021-05-01 06:14:59,688] {dag.py:1824} INFO - Sync 1 DAGs
[2021-05-01 06:14:59,703] {logging_mixin.py:104} INFO - [2021-05-01 06:14:59,703] {dag.py:2280} INFO - Setting next_dagrun for latest_only_with_trigger to 2021-04-29 00:00:00+00:00
[2021-05-01 06:14:59,717] {scheduler_job.py:190} INFO - Processing /home/airflow/.local/lib/python3.6/site-packages/airflow/example_dags/example_latest_only_with_trigger.py took 0.066 seconds
[2021-05-01 06:15:30,199] {scheduler_job.py:182} INFO - Started process (PID=3906) to work on /home/airflow/.local/lib/python3.6/site-packages/airflow/example_dags/example_latest_only_with_trigger.py
[2021-05-01 06:15:30,201] {scheduler_job.py:629} INFO - Processing file /home/airflow/.local/lib/python3.6/site-packages/airflow/example_dags/example_latest_only_with_trigger.py for tasks to queue
[2021-05-01 06:15:30,202] {logging_mixin.py:104} INFO - [2021-05-01 06:15:30,201] {dagbag.py:451} INFO - Filling up the DagBag from /home/airflow/.local/lib/python3.6/site-packages/airflow/example_dags/example_latest_only_with_trigger.py
[2021-05-01 06:15:30,211] {scheduler_job.py:639} INFO - DAG(s) dict_keys(['latest_only_with_trigger']) retrieved from /home/airflow/.local/lib/python3.6/site-packages/airflow/example_dags/example_latest_only_with_trigger.py
[2021-05-01 06:15:30,237] {logging_mixin.py:104} INFO - [2021-05-01 06:15:30,237] {dag.py:1824} INFO - Sync 1 DAGs
[2021-05-01 06:15:30,257] {logging_mixin.py:104} INFO - [2021-05-01 06:15:30,257] {dag.py:2280} INFO - Setting next_dagrun for latest_only_with_trigger to 2021-04-29 00:00:00+00:00
[2021-05-01 06:15:30,273] {scheduler_job.py:190} INFO - Processing /home/airflow/.local/lib/python3.6/site-packages/airflow/example_dags/example_latest_only_with_trigger.py took 0.078 seconds
[2021-05-01 06:16:00,796] {scheduler_job.py:182} INFO - Started process (PID=3939) to work on /home/airflow/.local/lib/python3.6/site-packages/airflow/example_dags/example_latest_only_with_trigger.py
[2021-05-01 06:16:00,797] {scheduler_job.py:629} INFO - Processing file /home/airflow/.local/lib/python3.6/site-packages/airflow/example_dags/example_latest_only_with_trigger.py for tasks to queue
[2021-05-01 06:16:00,798] {logging_mixin.py:104} INFO - [2021-05-01 06:16:00,798] {dagbag.py:451} INFO - Filling up the DagBag from /home/airflow/.local/lib/python3.6/site-packages/airflow/example_dags/example_latest_only_with_trigger.py
[2021-05-01 06:16:00,808] {scheduler_job.py:639} INFO - DAG(s) dict_keys(['latest_only_with_trigger']) retrieved from /home/airflow/.local/lib/python3.6/site-packages/airflow/example_dags/example_latest_only_with_trigger.py
[2021-05-01 06:16:00,833] {logging_mixin.py:104} INFO - [2021-05-01 06:16:00,833] {dag.py:1824} INFO - Sync 1 DAGs
[2021-05-01 06:16:00,851] {logging_mixin.py:104} INFO - [2021-05-01 06:16:00,851] {dag.py:2280} INFO - Setting next_dagrun for latest_only_with_trigger to 2021-04-29 00:00:00+00:00
[2021-05-01 06:16:00,867] {scheduler_job.py:190} INFO - Processing /home/airflow/.local/lib/python3.6/site-packages/airflow/example_dags/example_latest_only_with_trigger.py took 0.074 seconds
[2021-05-01 06:16:31,449] {scheduler_job.py:182} INFO - Started process (PID=3972) to work on /home/airflow/.local/lib/python3.6/site-packages/airflow/example_dags/example_latest_only_with_trigger.py
[2021-05-01 06:16:31,450] {scheduler_job.py:629} INFO - Processing file /home/airflow/.local/lib/python3.6/site-packages/airflow/example_dags/example_latest_only_with_trigger.py for tasks to queue
[2021-05-01 06:16:31,451] {logging_mixin.py:104} INFO - [2021-05-01 06:16:31,450] {dagbag.py:451} INFO - Filling up the DagBag from /home/airflow/.local/lib/python3.6/site-packages/airflow/example_dags/example_latest_only_with_trigger.py
[2021-05-01 06:16:31,463] {scheduler_job.py:639} INFO - DAG(s) dict_keys(['latest_only_with_trigger']) retrieved from /home/airflow/.local/lib/python3.6/site-packages/airflow/example_dags/example_latest_only_with_trigger.py
[2021-05-01 06:16:31,492] {logging_mixin.py:104} INFO - [2021-05-01 06:16:31,491] {dag.py:1824} INFO - Sync 1 DAGs
[2021-05-01 06:16:31,511] {logging_mixin.py:104} INFO - [2021-05-01 06:16:31,511] {dag.py:2280} INFO - Setting next_dagrun for latest_only_with_trigger to 2021-04-29 00:00:00+00:00
[2021-05-01 06:16:31,525] {scheduler_job.py:190} INFO - Processing /home/airflow/.local/lib/python3.6/site-packages/airflow/example_dags/example_latest_only_with_trigger.py took 0.079 seconds
[2021-05-01 06:17:02,050] {scheduler_job.py:182} INFO - Started process (PID=4005) to work on /home/airflow/.local/lib/python3.6/site-packages/airflow/example_dags/example_latest_only_with_trigger.py
[2021-05-01 06:17:02,051] {scheduler_job.py:629} INFO - Processing file /home/airflow/.local/lib/python3.6/site-packages/airflow/example_dags/example_latest_only_with_trigger.py for tasks to queue
[2021-05-01 06:17:02,053] {logging_mixin.py:104} INFO - [2021-05-01 06:17:02,053] {dagbag.py:451} INFO - Filling up the DagBag from /home/airflow/.local/lib/python3.6/site-packages/airflow/example_dags/example_latest_only_with_trigger.py
[2021-05-01 06:17:02,070] {scheduler_job.py:639} INFO - DAG(s) dict_keys(['latest_only_with_trigger']) retrieved from /home/airflow/.local/lib/python3.6/site-packages/airflow/example_dags/example_latest_only_with_trigger.py
[2021-05-01 06:17:02,095] {logging_mixin.py:104} INFO - [2021-05-01 06:17:02,094] {dag.py:1824} INFO - Sync 1 DAGs
[2021-05-01 06:17:02,116] {logging_mixin.py:104} INFO - [2021-05-01 06:17:02,116] {dag.py:2280} INFO - Setting next_dagrun for latest_only_with_trigger to 2021-04-29 00:00:00+00:00
[2021-05-01 06:17:02,134] {scheduler_job.py:190} INFO - Processing /home/airflow/.local/lib/python3.6/site-packages/airflow/example_dags/example_latest_only_with_trigger.py took 0.088 seconds
[2021-05-01 06:17:33,169] {scheduler_job.py:182} INFO - Started process (PID=4038) to work on /home/airflow/.local/lib/python3.6/site-packages/airflow/example_dags/example_latest_only_with_trigger.py
[2021-05-01 06:17:33,171] {scheduler_job.py:629} INFO - Processing file /home/airflow/.local/lib/python3.6/site-packages/airflow/example_dags/example_latest_only_with_trigger.py for tasks to queue
[2021-05-01 06:17:33,183] {logging_mixin.py:104} INFO - [2021-05-01 06:17:33,183] {dagbag.py:451} INFO - Filling up the DagBag from /home/airflow/.local/lib/python3.6/site-packages/airflow/example_dags/example_latest_only_with_trigger.py
[2021-05-01 06:17:33,225] {scheduler_job.py:639} INFO - DAG(s) dict_keys(['latest_only_with_trigger']) retrieved from /home/airflow/.local/lib/python3.6/site-packages/airflow/example_dags/example_latest_only_with_trigger.py
[2021-05-01 06:17:33,267] {logging_mixin.py:104} INFO - [2021-05-01 06:17:33,267] {dag.py:1824} INFO - Sync 1 DAGs
[2021-05-01 06:17:33,303] {logging_mixin.py:104} INFO - [2021-05-01 06:17:33,302] {dag.py:2280} INFO - Setting next_dagrun for latest_only_with_trigger to 2021-04-29 00:00:00+00:00
[2021-05-01 06:17:33,341] {scheduler_job.py:190} INFO - Processing /home/airflow/.local/lib/python3.6/site-packages/airflow/example_dags/example_latest_only_with_trigger.py took 0.169 seconds
[2021-05-01 06:18:03,508] {scheduler_job.py:182} INFO - Started process (PID=4083) to work on /home/airflow/.local/lib/python3.6/site-packages/airflow/example_dags/example_latest_only_with_trigger.py
[2021-05-01 06:18:03,510] {scheduler_job.py:629} INFO - Processing file /home/airflow/.local/lib/python3.6/site-packages/airflow/example_dags/example_latest_only_with_trigger.py for tasks to queue
[2021-05-01 06:18:03,512] {logging_mixin.py:104} INFO - [2021-05-01 06:18:03,512] {dagbag.py:451} INFO - Filling up the DagBag from /home/airflow/.local/lib/python3.6/site-packages/airflow/example_dags/example_latest_only_with_trigger.py
[2021-05-01 06:18:03,541] {scheduler_job.py:639} INFO - DAG(s) dict_keys(['latest_only_with_trigger']) retrieved from /home/airflow/.local/lib/python3.6/site-packages/airflow/example_dags/example_latest_only_with_trigger.py
[2021-05-01 06:18:03,587] {logging_mixin.py:104} INFO - [2021-05-01 06:18:03,586] {dag.py:1824} INFO - Sync 1 DAGs
[2021-05-01 06:18:03,619] {logging_mixin.py:104} INFO - [2021-05-01 06:18:03,619] {dag.py:2280} INFO - Setting next_dagrun for latest_only_with_trigger to 2021-04-29 00:00:00+00:00
[2021-05-01 06:18:03,638] {scheduler_job.py:190} INFO - Processing /home/airflow/.local/lib/python3.6/site-packages/airflow/example_dags/example_latest_only_with_trigger.py took 0.140 seconds
[2021-05-01 06:18:33,915] {scheduler_job.py:182} INFO - Started process (PID=4116) to work on /home/airflow/.local/lib/python3.6/site-packages/airflow/example_dags/example_latest_only_with_trigger.py
[2021-05-01 06:18:33,918] {scheduler_job.py:629} INFO - Processing file /home/airflow/.local/lib/python3.6/site-packages/airflow/example_dags/example_latest_only_with_trigger.py for tasks to queue
[2021-05-01 06:18:33,920] {logging_mixin.py:104} INFO - [2021-05-01 06:18:33,919] {dagbag.py:451} INFO - Filling up the DagBag from /home/airflow/.local/lib/python3.6/site-packages/airflow/example_dags/example_latest_only_with_trigger.py
[2021-05-01 06:18:33,944] {scheduler_job.py:639} INFO - DAG(s) dict_keys(['latest_only_with_trigger']) retrieved from /home/airflow/.local/lib/python3.6/site-packages/airflow/example_dags/example_latest_only_with_trigger.py
[2021-05-01 06:18:33,992] {logging_mixin.py:104} INFO - [2021-05-01 06:18:33,992] {dag.py:1824} INFO - Sync 1 DAGs
[2021-05-01 06:18:34,025] {logging_mixin.py:104} INFO - [2021-05-01 06:18:34,025] {dag.py:2280} INFO - Setting next_dagrun for latest_only_with_trigger to 2021-04-29 00:00:00+00:00
[2021-05-01 06:18:34,048] {scheduler_job.py:190} INFO - Processing /home/airflow/.local/lib/python3.6/site-packages/airflow/example_dags/example_latest_only_with_trigger.py took 0.141 seconds
[2021-05-01 06:19:04,791] {scheduler_job.py:182} INFO - Started process (PID=4148) to work on /home/airflow/.local/lib/python3.6/site-packages/airflow/example_dags/example_latest_only_with_trigger.py
[2021-05-01 06:19:04,792] {scheduler_job.py:629} INFO - Processing file /home/airflow/.local/lib/python3.6/site-packages/airflow/example_dags/example_latest_only_with_trigger.py for tasks to queue
[2021-05-01 06:19:04,793] {logging_mixin.py:104} INFO - [2021-05-01 06:19:04,792] {dagbag.py:451} INFO - Filling up the DagBag from /home/airflow/.local/lib/python3.6/site-packages/airflow/example_dags/example_latest_only_with_trigger.py
[2021-05-01 06:19:04,803] {scheduler_job.py:639} INFO - DAG(s) dict_keys(['latest_only_with_trigger']) retrieved from /home/airflow/.local/lib/python3.6/site-packages/airflow/example_dags/example_latest_only_with_trigger.py
[2021-05-01 06:19:04,829] {logging_mixin.py:104} INFO - [2021-05-01 06:19:04,829] {dag.py:1824} INFO - Sync 1 DAGs
[2021-05-01 06:19:04,845] {logging_mixin.py:104} INFO - [2021-05-01 06:19:04,845] {dag.py:2280} INFO - Setting next_dagrun for latest_only_with_trigger to 2021-04-29 00:00:00+00:00
[2021-05-01 06:19:04,860] {scheduler_job.py:190} INFO - Processing /home/airflow/.local/lib/python3.6/site-packages/airflow/example_dags/example_latest_only_with_trigger.py took 0.072 seconds
[2021-05-01 06:19:35,403] {scheduler_job.py:182} INFO - Started process (PID=4181) to work on /home/airflow/.local/lib/python3.6/site-packages/airflow/example_dags/example_latest_only_with_trigger.py
[2021-05-01 06:19:35,405] {scheduler_job.py:629} INFO - Processing file /home/airflow/.local/lib/python3.6/site-packages/airflow/example_dags/example_latest_only_with_trigger.py for tasks to queue
[2021-05-01 06:19:35,405] {logging_mixin.py:104} INFO - [2021-05-01 06:19:35,405] {dagbag.py:451} INFO - Filling up the DagBag from /home/airflow/.local/lib/python3.6/site-packages/airflow/example_dags/example_latest_only_with_trigger.py
[2021-05-01 06:19:35,416] {scheduler_job.py:639} INFO - DAG(s) dict_keys(['latest_only_with_trigger']) retrieved from /home/airflow/.local/lib/python3.6/site-packages/airflow/example_dags/example_latest_only_with_trigger.py
[2021-05-01 06:19:35,443] {logging_mixin.py:104} INFO - [2021-05-01 06:19:35,442] {dag.py:1824} INFO - Sync 1 DAGs
[2021-05-01 06:19:35,459] {logging_mixin.py:104} INFO - [2021-05-01 06:19:35,459] {dag.py:2280} INFO - Setting next_dagrun for latest_only_with_trigger to 2021-04-29 00:00:00+00:00
[2021-05-01 06:19:35,490] {scheduler_job.py:190} INFO - Processing /home/airflow/.local/lib/python3.6/site-packages/airflow/example_dags/example_latest_only_with_trigger.py took 0.090 seconds
[2021-05-01 06:20:06,021] {scheduler_job.py:182} INFO - Started process (PID=4221) to work on /home/airflow/.local/lib/python3.6/site-packages/airflow/example_dags/example_latest_only_with_trigger.py
[2021-05-01 06:20:06,022] {scheduler_job.py:629} INFO - Processing file /home/airflow/.local/lib/python3.6/site-packages/airflow/example_dags/example_latest_only_with_trigger.py for tasks to queue
[2021-05-01 06:20:06,023] {logging_mixin.py:104} INFO - [2021-05-01 06:20:06,022] {dagbag.py:451} INFO - Filling up the DagBag from /home/airflow/.local/lib/python3.6/site-packages/airflow/example_dags/example_latest_only_with_trigger.py
[2021-05-01 06:20:06,034] {scheduler_job.py:639} INFO - DAG(s) dict_keys(['latest_only_with_trigger']) retrieved from /home/airflow/.local/lib/python3.6/site-packages/airflow/example_dags/example_latest_only_with_trigger.py
[2021-05-01 06:20:06,057] {logging_mixin.py:104} INFO - [2021-05-01 06:20:06,056] {dag.py:1824} INFO - Sync 1 DAGs
[2021-05-01 06:20:06,072] {logging_mixin.py:104} INFO - [2021-05-01 06:20:06,072] {dag.py:2280} INFO - Setting next_dagrun for latest_only_with_trigger to 2021-04-29 00:00:00+00:00
[2021-05-01 06:20:06,087] {scheduler_job.py:190} INFO - Processing /home/airflow/.local/lib/python3.6/site-packages/airflow/example_dags/example_latest_only_with_trigger.py took 0.069 seconds
[2021-05-01 06:20:36,518] {scheduler_job.py:182} INFO - Started process (PID=4254) to work on /home/airflow/.local/lib/python3.6/site-packages/airflow/example_dags/example_latest_only_with_trigger.py
[2021-05-01 06:20:36,520] {scheduler_job.py:629} INFO - Processing file /home/airflow/.local/lib/python3.6/site-packages/airflow/example_dags/example_latest_only_with_trigger.py for tasks to queue
[2021-05-01 06:20:36,521] {logging_mixin.py:104} INFO - [2021-05-01 06:20:36,521] {dagbag.py:451} INFO - Filling up the DagBag from /home/airflow/.local/lib/python3.6/site-packages/airflow/example_dags/example_latest_only_with_trigger.py
[2021-05-01 06:20:36,531] {scheduler_job.py:639} INFO - DAG(s) dict_keys(['latest_only_with_trigger']) retrieved from /home/airflow/.local/lib/python3.6/site-packages/airflow/example_dags/example_latest_only_with_trigger.py
[2021-05-01 06:20:36,557] {logging_mixin.py:104} INFO - [2021-05-01 06:20:36,557] {dag.py:1824} INFO - Sync 1 DAGs
[2021-05-01 06:20:36,576] {logging_mixin.py:104} INFO - [2021-05-01 06:20:36,576] {dag.py:2280} INFO - Setting next_dagrun for latest_only_with_trigger to 2021-04-29 00:00:00+00:00
[2021-05-01 06:20:36,593] {scheduler_job.py:190} INFO - Processing /home/airflow/.local/lib/python3.6/site-packages/airflow/example_dags/example_latest_only_with_trigger.py took 0.078 seconds
[2021-05-01 06:21:06,822] {scheduler_job.py:182} INFO - Started process (PID=4287) to work on /home/airflow/.local/lib/python3.6/site-packages/airflow/example_dags/example_latest_only_with_trigger.py
[2021-05-01 06:21:06,823] {scheduler_job.py:629} INFO - Processing file /home/airflow/.local/lib/python3.6/site-packages/airflow/example_dags/example_latest_only_with_trigger.py for tasks to queue
[2021-05-01 06:21:06,824] {logging_mixin.py:104} INFO - [2021-05-01 06:21:06,823] {dagbag.py:451} INFO - Filling up the DagBag from /home/airflow/.local/lib/python3.6/site-packages/airflow/example_dags/example_latest_only_with_trigger.py
[2021-05-01 06:21:06,834] {scheduler_job.py:639} INFO - DAG(s) dict_keys(['latest_only_with_trigger']) retrieved from /home/airflow/.local/lib/python3.6/site-packages/airflow/example_dags/example_latest_only_with_trigger.py
[2021-05-01 06:21:06,858] {logging_mixin.py:104} INFO - [2021-05-01 06:21:06,858] {dag.py:1824} INFO - Sync 1 DAGs
[2021-05-01 06:21:06,876] {logging_mixin.py:104} INFO - [2021-05-01 06:21:06,876] {dag.py:2280} INFO - Setting next_dagrun for latest_only_with_trigger to 2021-04-29 00:00:00+00:00
[2021-05-01 06:21:06,889] {scheduler_job.py:190} INFO - Processing /home/airflow/.local/lib/python3.6/site-packages/airflow/example_dags/example_latest_only_with_trigger.py took 0.071 seconds
[2021-05-01 06:21:37,331] {scheduler_job.py:182} INFO - Started process (PID=4320) to work on /home/airflow/.local/lib/python3.6/site-packages/airflow/example_dags/example_latest_only_with_trigger.py
[2021-05-01 06:21:37,333] {scheduler_job.py:629} INFO - Processing file /home/airflow/.local/lib/python3.6/site-packages/airflow/example_dags/example_latest_only_with_trigger.py for tasks to queue
[2021-05-01 06:21:37,334] {logging_mixin.py:104} INFO - [2021-05-01 06:21:37,334] {dagbag.py:451} INFO - Filling up the DagBag from /home/airflow/.local/lib/python3.6/site-packages/airflow/example_dags/example_latest_only_with_trigger.py
[2021-05-01 06:21:37,352] {scheduler_job.py:639} INFO - DAG(s) dict_keys(['latest_only_with_trigger']) retrieved from /home/airflow/.local/lib/python3.6/site-packages/airflow/example_dags/example_latest_only_with_trigger.py
[2021-05-01 06:21:37,384] {logging_mixin.py:104} INFO - [2021-05-01 06:21:37,384] {dag.py:1824} INFO - Sync 1 DAGs
[2021-05-01 06:21:37,410] {logging_mixin.py:104} INFO - [2021-05-01 06:21:37,410] {dag.py:2280} INFO - Setting next_dagrun for latest_only_with_trigger to 2021-04-29 00:00:00+00:00
[2021-05-01 06:21:37,427] {scheduler_job.py:190} INFO - Processing /home/airflow/.local/lib/python3.6/site-packages/airflow/example_dags/example_latest_only_with_trigger.py took 0.100 seconds
[2021-05-01 06:22:08,060] {scheduler_job.py:182} INFO - Started process (PID=4356) to work on /home/airflow/.local/lib/python3.6/site-packages/airflow/example_dags/example_latest_only_with_trigger.py
[2021-05-01 06:22:08,065] {scheduler_job.py:629} INFO - Processing file /home/airflow/.local/lib/python3.6/site-packages/airflow/example_dags/example_latest_only_with_trigger.py for tasks to queue
[2021-05-01 06:22:08,067] {logging_mixin.py:104} INFO - [2021-05-01 06:22:08,066] {dagbag.py:451} INFO - Filling up the DagBag from /home/airflow/.local/lib/python3.6/site-packages/airflow/example_dags/example_latest_only_with_trigger.py
[2021-05-01 06:22:08,096] {scheduler_job.py:639} INFO - DAG(s) dict_keys(['latest_only_with_trigger']) retrieved from /home/airflow/.local/lib/python3.6/site-packages/airflow/example_dags/example_latest_only_with_trigger.py
[2021-05-01 06:22:08,143] {logging_mixin.py:104} INFO - [2021-05-01 06:22:08,142] {dag.py:1824} INFO - Sync 1 DAGs
[2021-05-01 06:22:08,181] {logging_mixin.py:104} INFO - [2021-05-01 06:22:08,181] {dag.py:2280} INFO - Setting next_dagrun for latest_only_with_trigger to 2021-04-29 00:00:00+00:00
[2021-05-01 06:22:08,202] {scheduler_job.py:190} INFO - Processing /home/airflow/.local/lib/python3.6/site-packages/airflow/example_dags/example_latest_only_with_trigger.py took 0.156 seconds
[2021-05-01 06:22:38,438] {scheduler_job.py:182} INFO - Started process (PID=4387) to work on /home/airflow/.local/lib/python3.6/site-packages/airflow/example_dags/example_latest_only_with_trigger.py
[2021-05-01 06:22:38,440] {scheduler_job.py:629} INFO - Processing file /home/airflow/.local/lib/python3.6/site-packages/airflow/example_dags/example_latest_only_with_trigger.py for tasks to queue
[2021-05-01 06:22:38,441] {logging_mixin.py:104} INFO - [2021-05-01 06:22:38,441] {dagbag.py:451} INFO - Filling up the DagBag from /home/airflow/.local/lib/python3.6/site-packages/airflow/example_dags/example_latest_only_with_trigger.py
[2021-05-01 06:22:38,465] {scheduler_job.py:639} INFO - DAG(s) dict_keys(['latest_only_with_trigger']) retrieved from /home/airflow/.local/lib/python3.6/site-packages/airflow/example_dags/example_latest_only_with_trigger.py
[2021-05-01 06:22:38,515] {logging_mixin.py:104} INFO - [2021-05-01 06:22:38,515] {dag.py:1824} INFO - Sync 1 DAGs
[2021-05-01 06:22:38,553] {logging_mixin.py:104} INFO - [2021-05-01 06:22:38,552] {dag.py:2280} INFO - Setting next_dagrun for latest_only_with_trigger to 2021-04-29 00:00:00+00:00
[2021-05-01 06:22:38,578] {scheduler_job.py:190} INFO - Processing /home/airflow/.local/lib/python3.6/site-packages/airflow/example_dags/example_latest_only_with_trigger.py took 0.146 seconds
[2021-05-01 06:23:09,587] {scheduler_job.py:182} INFO - Started process (PID=4420) to work on /home/airflow/.local/lib/python3.6/site-packages/airflow/example_dags/example_latest_only_with_trigger.py
[2021-05-01 06:23:09,589] {scheduler_job.py:629} INFO - Processing file /home/airflow/.local/lib/python3.6/site-packages/airflow/example_dags/example_latest_only_with_trigger.py for tasks to queue
[2021-05-01 06:23:09,591] {logging_mixin.py:104} INFO - [2021-05-01 06:23:09,590] {dagbag.py:451} INFO - Filling up the DagBag from /home/airflow/.local/lib/python3.6/site-packages/airflow/example_dags/example_latest_only_with_trigger.py
[2021-05-01 06:23:09,612] {scheduler_job.py:639} INFO - DAG(s) dict_keys(['latest_only_with_trigger']) retrieved from /home/airflow/.local/lib/python3.6/site-packages/airflow/example_dags/example_latest_only_with_trigger.py
[2021-05-01 06:23:09,643] {logging_mixin.py:104} INFO - [2021-05-01 06:23:09,643] {dag.py:1824} INFO - Sync 1 DAGs
[2021-05-01 06:23:09,666] {logging_mixin.py:104} INFO - [2021-05-01 06:23:09,666] {dag.py:2280} INFO - Setting next_dagrun for latest_only_with_trigger to 2021-04-29 00:00:00+00:00
[2021-05-01 06:23:09,681] {scheduler_job.py:190} INFO - Processing /home/airflow/.local/lib/python3.6/site-packages/airflow/example_dags/example_latest_only_with_trigger.py took 0.099 seconds
[2021-05-01 06:23:39,745] {scheduler_job.py:182} INFO - Started process (PID=4452) to work on /home/airflow/.local/lib/python3.6/site-packages/airflow/example_dags/example_latest_only_with_trigger.py
[2021-05-01 06:23:39,746] {scheduler_job.py:629} INFO - Processing file /home/airflow/.local/lib/python3.6/site-packages/airflow/example_dags/example_latest_only_with_trigger.py for tasks to queue
[2021-05-01 06:23:39,747] {logging_mixin.py:104} INFO - [2021-05-01 06:23:39,747] {dagbag.py:451} INFO - Filling up the DagBag from /home/airflow/.local/lib/python3.6/site-packages/airflow/example_dags/example_latest_only_with_trigger.py
[2021-05-01 06:23:39,762] {scheduler_job.py:639} INFO - DAG(s) dict_keys(['latest_only_with_trigger']) retrieved from /home/airflow/.local/lib/python3.6/site-packages/airflow/example_dags/example_latest_only_with_trigger.py
[2021-05-01 06:23:39,790] {logging_mixin.py:104} INFO - [2021-05-01 06:23:39,790] {dag.py:1824} INFO - Sync 1 DAGs
[2021-05-01 06:23:39,810] {logging_mixin.py:104} INFO - [2021-05-01 06:23:39,810] {dag.py:2280} INFO - Setting next_dagrun for latest_only_with_trigger to 2021-04-29 00:00:00+00:00
[2021-05-01 06:23:39,824] {scheduler_job.py:190} INFO - Processing /home/airflow/.local/lib/python3.6/site-packages/airflow/example_dags/example_latest_only_with_trigger.py took 0.083 seconds
[2021-05-01 06:24:10,047] {scheduler_job.py:182} INFO - Started process (PID=4485) to work on /home/airflow/.local/lib/python3.6/site-packages/airflow/example_dags/example_latest_only_with_trigger.py
[2021-05-01 06:24:10,049] {scheduler_job.py:629} INFO - Processing file /home/airflow/.local/lib/python3.6/site-packages/airflow/example_dags/example_latest_only_with_trigger.py for tasks to queue
[2021-05-01 06:24:10,050] {logging_mixin.py:104} INFO - [2021-05-01 06:24:10,049] {dagbag.py:451} INFO - Filling up the DagBag from /home/airflow/.local/lib/python3.6/site-packages/airflow/example_dags/example_latest_only_with_trigger.py
[2021-05-01 06:24:10,065] {scheduler_job.py:639} INFO - DAG(s) dict_keys(['latest_only_with_trigger']) retrieved from /home/airflow/.local/lib/python3.6/site-packages/airflow/example_dags/example_latest_only_with_trigger.py
[2021-05-01 06:24:10,096] {logging_mixin.py:104} INFO - [2021-05-01 06:24:10,096] {dag.py:1824} INFO - Sync 1 DAGs
[2021-05-01 06:24:10,118] {logging_mixin.py:104} INFO - [2021-05-01 06:24:10,117] {dag.py:2280} INFO - Setting next_dagrun for latest_only_with_trigger to 2021-04-29 00:00:00+00:00
[2021-05-01 06:24:10,131] {scheduler_job.py:190} INFO - Processing /home/airflow/.local/lib/python3.6/site-packages/airflow/example_dags/example_latest_only_with_trigger.py took 0.088 seconds
[2021-05-01 06:24:40,233] {scheduler_job.py:182} INFO - Started process (PID=4518) to work on /home/airflow/.local/lib/python3.6/site-packages/airflow/example_dags/example_latest_only_with_trigger.py
[2021-05-01 06:24:40,234] {scheduler_job.py:629} INFO - Processing file /home/airflow/.local/lib/python3.6/site-packages/airflow/example_dags/example_latest_only_with_trigger.py for tasks to queue
[2021-05-01 06:24:40,235] {logging_mixin.py:104} INFO - [2021-05-01 06:24:40,235] {dagbag.py:451} INFO - Filling up the DagBag from /home/airflow/.local/lib/python3.6/site-packages/airflow/example_dags/example_latest_only_with_trigger.py
[2021-05-01 06:24:40,251] {scheduler_job.py:639} INFO - DAG(s) dict_keys(['latest_only_with_trigger']) retrieved from /home/airflow/.local/lib/python3.6/site-packages/airflow/example_dags/example_latest_only_with_trigger.py
[2021-05-01 06:24:40,283] {logging_mixin.py:104} INFO - [2021-05-01 06:24:40,283] {dag.py:1824} INFO - Sync 1 DAGs
[2021-05-01 06:24:40,305] {logging_mixin.py:104} INFO - [2021-05-01 06:24:40,305] {dag.py:2280} INFO - Setting next_dagrun for latest_only_with_trigger to 2021-04-29 00:00:00+00:00
[2021-05-01 06:24:40,321] {scheduler_job.py:190} INFO - Processing /home/airflow/.local/lib/python3.6/site-packages/airflow/example_dags/example_latest_only_with_trigger.py took 0.092 seconds
