[2021-05-01 06:12:54,658] {scheduler_job.py:182} INFO - Started process (PID=3727) to work on /home/airflow/.local/lib/python3.6/site-packages/airflow/example_dags/example_branch_operator.py
[2021-05-01 06:12:54,659] {scheduler_job.py:629} INFO - Processing file /home/airflow/.local/lib/python3.6/site-packages/airflow/example_dags/example_branch_operator.py for tasks to queue
[2021-05-01 06:12:54,660] {logging_mixin.py:104} INFO - [2021-05-01 06:12:54,660] {dagbag.py:451} INFO - Filling up the DagBag from /home/airflow/.local/lib/python3.6/site-packages/airflow/example_dags/example_branch_operator.py
[2021-05-01 06:12:54,678] {scheduler_job.py:639} INFO - DAG(s) dict_keys(['example_branch_operator']) retrieved from /home/airflow/.local/lib/python3.6/site-packages/airflow/example_dags/example_branch_operator.py
[2021-05-01 06:12:54,710] {logging_mixin.py:104} INFO - [2021-05-01 06:12:54,710] {dag.py:1824} INFO - Sync 1 DAGs
[2021-05-01 06:12:54,737] {logging_mixin.py:104} INFO - [2021-05-01 06:12:54,736] {dag.py:2280} INFO - Setting next_dagrun for example_branch_operator to 2021-04-29 00:00:00+00:00
[2021-05-01 06:12:54,755] {scheduler_job.py:190} INFO - Processing /home/airflow/.local/lib/python3.6/site-packages/airflow/example_dags/example_branch_operator.py took 0.101 seconds
[2021-05-01 06:13:25,482] {scheduler_job.py:182} INFO - Started process (PID=3760) to work on /home/airflow/.local/lib/python3.6/site-packages/airflow/example_dags/example_branch_operator.py
[2021-05-01 06:13:25,483] {scheduler_job.py:629} INFO - Processing file /home/airflow/.local/lib/python3.6/site-packages/airflow/example_dags/example_branch_operator.py for tasks to queue
[2021-05-01 06:13:25,484] {logging_mixin.py:104} INFO - [2021-05-01 06:13:25,484] {dagbag.py:451} INFO - Filling up the DagBag from /home/airflow/.local/lib/python3.6/site-packages/airflow/example_dags/example_branch_operator.py
[2021-05-01 06:13:25,502] {scheduler_job.py:639} INFO - DAG(s) dict_keys(['example_branch_operator']) retrieved from /home/airflow/.local/lib/python3.6/site-packages/airflow/example_dags/example_branch_operator.py
[2021-05-01 06:13:25,529] {logging_mixin.py:104} INFO - [2021-05-01 06:13:25,529] {dag.py:1824} INFO - Sync 1 DAGs
[2021-05-01 06:13:25,552] {logging_mixin.py:104} INFO - [2021-05-01 06:13:25,552] {dag.py:2280} INFO - Setting next_dagrun for example_branch_operator to 2021-04-29 00:00:00+00:00
[2021-05-01 06:13:25,570] {scheduler_job.py:190} INFO - Processing /home/airflow/.local/lib/python3.6/site-packages/airflow/example_dags/example_branch_operator.py took 0.093 seconds
[2021-05-01 06:13:55,630] {scheduler_job.py:182} INFO - Started process (PID=3793) to work on /home/airflow/.local/lib/python3.6/site-packages/airflow/example_dags/example_branch_operator.py
[2021-05-01 06:13:55,631] {scheduler_job.py:629} INFO - Processing file /home/airflow/.local/lib/python3.6/site-packages/airflow/example_dags/example_branch_operator.py for tasks to queue
[2021-05-01 06:13:55,632] {logging_mixin.py:104} INFO - [2021-05-01 06:13:55,631] {dagbag.py:451} INFO - Filling up the DagBag from /home/airflow/.local/lib/python3.6/site-packages/airflow/example_dags/example_branch_operator.py
[2021-05-01 06:13:55,646] {scheduler_job.py:639} INFO - DAG(s) dict_keys(['example_branch_operator']) retrieved from /home/airflow/.local/lib/python3.6/site-packages/airflow/example_dags/example_branch_operator.py
[2021-05-01 06:13:55,674] {logging_mixin.py:104} INFO - [2021-05-01 06:13:55,674] {dag.py:1824} INFO - Sync 1 DAGs
[2021-05-01 06:13:55,697] {logging_mixin.py:104} INFO - [2021-05-01 06:13:55,697] {dag.py:2280} INFO - Setting next_dagrun for example_branch_operator to 2021-04-29 00:00:00+00:00
[2021-05-01 06:13:55,714] {scheduler_job.py:190} INFO - Processing /home/airflow/.local/lib/python3.6/site-packages/airflow/example_dags/example_branch_operator.py took 0.087 seconds
[2021-05-01 06:14:26,452] {scheduler_job.py:182} INFO - Started process (PID=3826) to work on /home/airflow/.local/lib/python3.6/site-packages/airflow/example_dags/example_branch_operator.py
[2021-05-01 06:14:26,454] {scheduler_job.py:629} INFO - Processing file /home/airflow/.local/lib/python3.6/site-packages/airflow/example_dags/example_branch_operator.py for tasks to queue
[2021-05-01 06:14:26,455] {logging_mixin.py:104} INFO - [2021-05-01 06:14:26,455] {dagbag.py:451} INFO - Filling up the DagBag from /home/airflow/.local/lib/python3.6/site-packages/airflow/example_dags/example_branch_operator.py
[2021-05-01 06:14:26,474] {scheduler_job.py:639} INFO - DAG(s) dict_keys(['example_branch_operator']) retrieved from /home/airflow/.local/lib/python3.6/site-packages/airflow/example_dags/example_branch_operator.py
[2021-05-01 06:14:26,503] {logging_mixin.py:104} INFO - [2021-05-01 06:14:26,503] {dag.py:1824} INFO - Sync 1 DAGs
[2021-05-01 06:14:26,543] {logging_mixin.py:104} INFO - [2021-05-01 06:14:26,543] {dag.py:2280} INFO - Setting next_dagrun for example_branch_operator to 2021-04-29 00:00:00+00:00
[2021-05-01 06:14:26,556] {scheduler_job.py:190} INFO - Processing /home/airflow/.local/lib/python3.6/site-packages/airflow/example_dags/example_branch_operator.py took 0.110 seconds
[2021-05-01 06:14:56,969] {scheduler_job.py:182} INFO - Started process (PID=3859) to work on /home/airflow/.local/lib/python3.6/site-packages/airflow/example_dags/example_branch_operator.py
[2021-05-01 06:14:56,970] {scheduler_job.py:629} INFO - Processing file /home/airflow/.local/lib/python3.6/site-packages/airflow/example_dags/example_branch_operator.py for tasks to queue
[2021-05-01 06:14:56,971] {logging_mixin.py:104} INFO - [2021-05-01 06:14:56,971] {dagbag.py:451} INFO - Filling up the DagBag from /home/airflow/.local/lib/python3.6/site-packages/airflow/example_dags/example_branch_operator.py
[2021-05-01 06:14:56,987] {scheduler_job.py:639} INFO - DAG(s) dict_keys(['example_branch_operator']) retrieved from /home/airflow/.local/lib/python3.6/site-packages/airflow/example_dags/example_branch_operator.py
[2021-05-01 06:14:57,017] {logging_mixin.py:104} INFO - [2021-05-01 06:14:57,017] {dag.py:1824} INFO - Sync 1 DAGs
[2021-05-01 06:14:57,042] {logging_mixin.py:104} INFO - [2021-05-01 06:14:57,042] {dag.py:2280} INFO - Setting next_dagrun for example_branch_operator to 2021-04-29 00:00:00+00:00
[2021-05-01 06:14:57,058] {scheduler_job.py:190} INFO - Processing /home/airflow/.local/lib/python3.6/site-packages/airflow/example_dags/example_branch_operator.py took 0.093 seconds
[2021-05-01 06:15:27,507] {scheduler_job.py:182} INFO - Started process (PID=3892) to work on /home/airflow/.local/lib/python3.6/site-packages/airflow/example_dags/example_branch_operator.py
[2021-05-01 06:15:27,509] {scheduler_job.py:629} INFO - Processing file /home/airflow/.local/lib/python3.6/site-packages/airflow/example_dags/example_branch_operator.py for tasks to queue
[2021-05-01 06:15:27,510] {logging_mixin.py:104} INFO - [2021-05-01 06:15:27,510] {dagbag.py:451} INFO - Filling up the DagBag from /home/airflow/.local/lib/python3.6/site-packages/airflow/example_dags/example_branch_operator.py
[2021-05-01 06:15:27,527] {scheduler_job.py:639} INFO - DAG(s) dict_keys(['example_branch_operator']) retrieved from /home/airflow/.local/lib/python3.6/site-packages/airflow/example_dags/example_branch_operator.py
[2021-05-01 06:15:27,553] {logging_mixin.py:104} INFO - [2021-05-01 06:15:27,552] {dag.py:1824} INFO - Sync 1 DAGs
[2021-05-01 06:15:27,579] {logging_mixin.py:104} INFO - [2021-05-01 06:15:27,579] {dag.py:2280} INFO - Setting next_dagrun for example_branch_operator to 2021-04-29 00:00:00+00:00
[2021-05-01 06:15:27,592] {scheduler_job.py:190} INFO - Processing /home/airflow/.local/lib/python3.6/site-packages/airflow/example_dags/example_branch_operator.py took 0.090 seconds
[2021-05-01 06:15:58,109] {scheduler_job.py:182} INFO - Started process (PID=3925) to work on /home/airflow/.local/lib/python3.6/site-packages/airflow/example_dags/example_branch_operator.py
[2021-05-01 06:15:58,110] {scheduler_job.py:629} INFO - Processing file /home/airflow/.local/lib/python3.6/site-packages/airflow/example_dags/example_branch_operator.py for tasks to queue
[2021-05-01 06:15:58,111] {logging_mixin.py:104} INFO - [2021-05-01 06:15:58,111] {dagbag.py:451} INFO - Filling up the DagBag from /home/airflow/.local/lib/python3.6/site-packages/airflow/example_dags/example_branch_operator.py
[2021-05-01 06:15:58,127] {scheduler_job.py:639} INFO - DAG(s) dict_keys(['example_branch_operator']) retrieved from /home/airflow/.local/lib/python3.6/site-packages/airflow/example_dags/example_branch_operator.py
[2021-05-01 06:15:58,154] {logging_mixin.py:104} INFO - [2021-05-01 06:15:58,154] {dag.py:1824} INFO - Sync 1 DAGs
[2021-05-01 06:15:58,179] {logging_mixin.py:104} INFO - [2021-05-01 06:15:58,179] {dag.py:2280} INFO - Setting next_dagrun for example_branch_operator to 2021-04-29 00:00:00+00:00
[2021-05-01 06:15:58,193] {scheduler_job.py:190} INFO - Processing /home/airflow/.local/lib/python3.6/site-packages/airflow/example_dags/example_branch_operator.py took 0.089 seconds
[2021-05-01 06:16:28,744] {scheduler_job.py:182} INFO - Started process (PID=3958) to work on /home/airflow/.local/lib/python3.6/site-packages/airflow/example_dags/example_branch_operator.py
[2021-05-01 06:16:28,745] {scheduler_job.py:629} INFO - Processing file /home/airflow/.local/lib/python3.6/site-packages/airflow/example_dags/example_branch_operator.py for tasks to queue
[2021-05-01 06:16:28,746] {logging_mixin.py:104} INFO - [2021-05-01 06:16:28,746] {dagbag.py:451} INFO - Filling up the DagBag from /home/airflow/.local/lib/python3.6/site-packages/airflow/example_dags/example_branch_operator.py
[2021-05-01 06:16:28,762] {scheduler_job.py:639} INFO - DAG(s) dict_keys(['example_branch_operator']) retrieved from /home/airflow/.local/lib/python3.6/site-packages/airflow/example_dags/example_branch_operator.py
[2021-05-01 06:16:28,789] {logging_mixin.py:104} INFO - [2021-05-01 06:16:28,789] {dag.py:1824} INFO - Sync 1 DAGs
[2021-05-01 06:16:28,813] {logging_mixin.py:104} INFO - [2021-05-01 06:16:28,813] {dag.py:2280} INFO - Setting next_dagrun for example_branch_operator to 2021-04-29 00:00:00+00:00
[2021-05-01 06:16:28,825] {scheduler_job.py:190} INFO - Processing /home/airflow/.local/lib/python3.6/site-packages/airflow/example_dags/example_branch_operator.py took 0.086 seconds
[2021-05-01 06:16:59,363] {scheduler_job.py:182} INFO - Started process (PID=3991) to work on /home/airflow/.local/lib/python3.6/site-packages/airflow/example_dags/example_branch_operator.py
[2021-05-01 06:16:59,364] {scheduler_job.py:629} INFO - Processing file /home/airflow/.local/lib/python3.6/site-packages/airflow/example_dags/example_branch_operator.py for tasks to queue
[2021-05-01 06:16:59,365] {logging_mixin.py:104} INFO - [2021-05-01 06:16:59,365] {dagbag.py:451} INFO - Filling up the DagBag from /home/airflow/.local/lib/python3.6/site-packages/airflow/example_dags/example_branch_operator.py
[2021-05-01 06:16:59,381] {scheduler_job.py:639} INFO - DAG(s) dict_keys(['example_branch_operator']) retrieved from /home/airflow/.local/lib/python3.6/site-packages/airflow/example_dags/example_branch_operator.py
[2021-05-01 06:16:59,408] {logging_mixin.py:104} INFO - [2021-05-01 06:16:59,408] {dag.py:1824} INFO - Sync 1 DAGs
[2021-05-01 06:16:59,432] {logging_mixin.py:104} INFO - [2021-05-01 06:16:59,432] {dag.py:2280} INFO - Setting next_dagrun for example_branch_operator to 2021-04-29 00:00:00+00:00
[2021-05-01 06:16:59,450] {scheduler_job.py:190} INFO - Processing /home/airflow/.local/lib/python3.6/site-packages/airflow/example_dags/example_branch_operator.py took 0.091 seconds
[2021-05-01 06:17:30,076] {scheduler_job.py:182} INFO - Started process (PID=4024) to work on /home/airflow/.local/lib/python3.6/site-packages/airflow/example_dags/example_branch_operator.py
[2021-05-01 06:17:30,078] {scheduler_job.py:629} INFO - Processing file /home/airflow/.local/lib/python3.6/site-packages/airflow/example_dags/example_branch_operator.py for tasks to queue
[2021-05-01 06:17:30,079] {logging_mixin.py:104} INFO - [2021-05-01 06:17:30,079] {dagbag.py:451} INFO - Filling up the DagBag from /home/airflow/.local/lib/python3.6/site-packages/airflow/example_dags/example_branch_operator.py
[2021-05-01 06:17:30,098] {scheduler_job.py:639} INFO - DAG(s) dict_keys(['example_branch_operator']) retrieved from /home/airflow/.local/lib/python3.6/site-packages/airflow/example_dags/example_branch_operator.py
[2021-05-01 06:17:30,128] {logging_mixin.py:104} INFO - [2021-05-01 06:17:30,128] {dag.py:1824} INFO - Sync 1 DAGs
[2021-05-01 06:17:30,154] {logging_mixin.py:104} INFO - [2021-05-01 06:17:30,154] {dag.py:2280} INFO - Setting next_dagrun for example_branch_operator to 2021-04-29 00:00:00+00:00
[2021-05-01 06:17:30,167] {scheduler_job.py:190} INFO - Processing /home/airflow/.local/lib/python3.6/site-packages/airflow/example_dags/example_branch_operator.py took 0.097 seconds
[2021-05-01 06:18:00,732] {scheduler_job.py:182} INFO - Started process (PID=4063) to work on /home/airflow/.local/lib/python3.6/site-packages/airflow/example_dags/example_branch_operator.py
[2021-05-01 06:18:00,734] {scheduler_job.py:629} INFO - Processing file /home/airflow/.local/lib/python3.6/site-packages/airflow/example_dags/example_branch_operator.py for tasks to queue
[2021-05-01 06:18:00,735] {logging_mixin.py:104} INFO - [2021-05-01 06:18:00,735] {dagbag.py:451} INFO - Filling up the DagBag from /home/airflow/.local/lib/python3.6/site-packages/airflow/example_dags/example_branch_operator.py
[2021-05-01 06:18:00,816] {scheduler_job.py:639} INFO - DAG(s) dict_keys(['example_branch_operator']) retrieved from /home/airflow/.local/lib/python3.6/site-packages/airflow/example_dags/example_branch_operator.py
[2021-05-01 06:18:01,020] {logging_mixin.py:104} INFO - [2021-05-01 06:18:01,018] {dag.py:1824} INFO - Sync 1 DAGs
[2021-05-01 06:18:01,284] {logging_mixin.py:104} INFO - [2021-05-01 06:18:01,283] {dag.py:2280} INFO - Setting next_dagrun for example_branch_operator to 2021-04-29 00:00:00+00:00
[2021-05-01 06:18:01,400] {scheduler_job.py:190} INFO - Processing /home/airflow/.local/lib/python3.6/site-packages/airflow/example_dags/example_branch_operator.py took 0.677 seconds
[2021-05-01 06:18:31,928] {scheduler_job.py:182} INFO - Started process (PID=4103) to work on /home/airflow/.local/lib/python3.6/site-packages/airflow/example_dags/example_branch_operator.py
[2021-05-01 06:18:31,931] {scheduler_job.py:629} INFO - Processing file /home/airflow/.local/lib/python3.6/site-packages/airflow/example_dags/example_branch_operator.py for tasks to queue
[2021-05-01 06:18:31,932] {logging_mixin.py:104} INFO - [2021-05-01 06:18:31,932] {dagbag.py:451} INFO - Filling up the DagBag from /home/airflow/.local/lib/python3.6/site-packages/airflow/example_dags/example_branch_operator.py
[2021-05-01 06:18:31,966] {scheduler_job.py:639} INFO - DAG(s) dict_keys(['example_branch_operator']) retrieved from /home/airflow/.local/lib/python3.6/site-packages/airflow/example_dags/example_branch_operator.py
[2021-05-01 06:18:32,048] {logging_mixin.py:104} INFO - [2021-05-01 06:18:32,048] {dag.py:1824} INFO - Sync 1 DAGs
[2021-05-01 06:18:32,153] {logging_mixin.py:104} INFO - [2021-05-01 06:18:32,152] {dag.py:2280} INFO - Setting next_dagrun for example_branch_operator to 2021-04-29 00:00:00+00:00
[2021-05-01 06:18:32,192] {scheduler_job.py:190} INFO - Processing /home/airflow/.local/lib/python3.6/site-packages/airflow/example_dags/example_branch_operator.py took 0.274 seconds
[2021-05-01 06:19:03,127] {scheduler_job.py:182} INFO - Started process (PID=4136) to work on /home/airflow/.local/lib/python3.6/site-packages/airflow/example_dags/example_branch_operator.py
[2021-05-01 06:19:03,129] {scheduler_job.py:629} INFO - Processing file /home/airflow/.local/lib/python3.6/site-packages/airflow/example_dags/example_branch_operator.py for tasks to queue
[2021-05-01 06:19:03,129] {logging_mixin.py:104} INFO - [2021-05-01 06:19:03,129] {dagbag.py:451} INFO - Filling up the DagBag from /home/airflow/.local/lib/python3.6/site-packages/airflow/example_dags/example_branch_operator.py
[2021-05-01 06:19:03,145] {scheduler_job.py:639} INFO - DAG(s) dict_keys(['example_branch_operator']) retrieved from /home/airflow/.local/lib/python3.6/site-packages/airflow/example_dags/example_branch_operator.py
[2021-05-01 06:19:03,170] {logging_mixin.py:104} INFO - [2021-05-01 06:19:03,170] {dag.py:1824} INFO - Sync 1 DAGs
[2021-05-01 06:19:03,196] {logging_mixin.py:104} INFO - [2021-05-01 06:19:03,196] {dag.py:2280} INFO - Setting next_dagrun for example_branch_operator to 2021-04-29 00:00:00+00:00
[2021-05-01 06:19:03,211] {scheduler_job.py:190} INFO - Processing /home/airflow/.local/lib/python3.6/site-packages/airflow/example_dags/example_branch_operator.py took 0.087 seconds
[2021-05-01 06:19:33,739] {scheduler_job.py:182} INFO - Started process (PID=4169) to work on /home/airflow/.local/lib/python3.6/site-packages/airflow/example_dags/example_branch_operator.py
[2021-05-01 06:19:33,740] {scheduler_job.py:629} INFO - Processing file /home/airflow/.local/lib/python3.6/site-packages/airflow/example_dags/example_branch_operator.py for tasks to queue
[2021-05-01 06:19:33,741] {logging_mixin.py:104} INFO - [2021-05-01 06:19:33,741] {dagbag.py:451} INFO - Filling up the DagBag from /home/airflow/.local/lib/python3.6/site-packages/airflow/example_dags/example_branch_operator.py
[2021-05-01 06:19:33,757] {scheduler_job.py:639} INFO - DAG(s) dict_keys(['example_branch_operator']) retrieved from /home/airflow/.local/lib/python3.6/site-packages/airflow/example_dags/example_branch_operator.py
[2021-05-01 06:19:33,782] {logging_mixin.py:104} INFO - [2021-05-01 06:19:33,782] {dag.py:1824} INFO - Sync 1 DAGs
[2021-05-01 06:19:33,809] {logging_mixin.py:104} INFO - [2021-05-01 06:19:33,809] {dag.py:2280} INFO - Setting next_dagrun for example_branch_operator to 2021-04-29 00:00:00+00:00
[2021-05-01 06:19:33,824] {scheduler_job.py:190} INFO - Processing /home/airflow/.local/lib/python3.6/site-packages/airflow/example_dags/example_branch_operator.py took 0.088 seconds
[2021-05-01 06:20:04,358] {scheduler_job.py:182} INFO - Started process (PID=4209) to work on /home/airflow/.local/lib/python3.6/site-packages/airflow/example_dags/example_branch_operator.py
[2021-05-01 06:20:04,359] {scheduler_job.py:629} INFO - Processing file /home/airflow/.local/lib/python3.6/site-packages/airflow/example_dags/example_branch_operator.py for tasks to queue
[2021-05-01 06:20:04,360] {logging_mixin.py:104} INFO - [2021-05-01 06:20:04,360] {dagbag.py:451} INFO - Filling up the DagBag from /home/airflow/.local/lib/python3.6/site-packages/airflow/example_dags/example_branch_operator.py
[2021-05-01 06:20:04,374] {scheduler_job.py:639} INFO - DAG(s) dict_keys(['example_branch_operator']) retrieved from /home/airflow/.local/lib/python3.6/site-packages/airflow/example_dags/example_branch_operator.py
[2021-05-01 06:20:04,401] {logging_mixin.py:104} INFO - [2021-05-01 06:20:04,401] {dag.py:1824} INFO - Sync 1 DAGs
[2021-05-01 06:20:04,426] {logging_mixin.py:104} INFO - [2021-05-01 06:20:04,426] {dag.py:2280} INFO - Setting next_dagrun for example_branch_operator to 2021-04-29 00:00:00+00:00
[2021-05-01 06:20:04,441] {scheduler_job.py:190} INFO - Processing /home/airflow/.local/lib/python3.6/site-packages/airflow/example_dags/example_branch_operator.py took 0.086 seconds
[2021-05-01 06:20:34,873] {scheduler_job.py:182} INFO - Started process (PID=4242) to work on /home/airflow/.local/lib/python3.6/site-packages/airflow/example_dags/example_branch_operator.py
[2021-05-01 06:20:34,874] {scheduler_job.py:629} INFO - Processing file /home/airflow/.local/lib/python3.6/site-packages/airflow/example_dags/example_branch_operator.py for tasks to queue
[2021-05-01 06:20:34,875] {logging_mixin.py:104} INFO - [2021-05-01 06:20:34,875] {dagbag.py:451} INFO - Filling up the DagBag from /home/airflow/.local/lib/python3.6/site-packages/airflow/example_dags/example_branch_operator.py
[2021-05-01 06:20:34,889] {scheduler_job.py:639} INFO - DAG(s) dict_keys(['example_branch_operator']) retrieved from /home/airflow/.local/lib/python3.6/site-packages/airflow/example_dags/example_branch_operator.py
[2021-05-01 06:20:34,914] {logging_mixin.py:104} INFO - [2021-05-01 06:20:34,914] {dag.py:1824} INFO - Sync 1 DAGs
[2021-05-01 06:20:34,940] {logging_mixin.py:104} INFO - [2021-05-01 06:20:34,940] {dag.py:2280} INFO - Setting next_dagrun for example_branch_operator to 2021-04-29 00:00:00+00:00
[2021-05-01 06:20:34,952] {scheduler_job.py:190} INFO - Processing /home/airflow/.local/lib/python3.6/site-packages/airflow/example_dags/example_branch_operator.py took 0.083 seconds
[2021-05-01 06:21:05,051] {scheduler_job.py:182} INFO - Started process (PID=4275) to work on /home/airflow/.local/lib/python3.6/site-packages/airflow/example_dags/example_branch_operator.py
[2021-05-01 06:21:05,052] {scheduler_job.py:629} INFO - Processing file /home/airflow/.local/lib/python3.6/site-packages/airflow/example_dags/example_branch_operator.py for tasks to queue
[2021-05-01 06:21:05,053] {logging_mixin.py:104} INFO - [2021-05-01 06:21:05,053] {dagbag.py:451} INFO - Filling up the DagBag from /home/airflow/.local/lib/python3.6/site-packages/airflow/example_dags/example_branch_operator.py
[2021-05-01 06:21:05,070] {scheduler_job.py:639} INFO - DAG(s) dict_keys(['example_branch_operator']) retrieved from /home/airflow/.local/lib/python3.6/site-packages/airflow/example_dags/example_branch_operator.py
[2021-05-01 06:21:05,100] {logging_mixin.py:104} INFO - [2021-05-01 06:21:05,100] {dag.py:1824} INFO - Sync 1 DAGs
[2021-05-01 06:21:05,129] {logging_mixin.py:104} INFO - [2021-05-01 06:21:05,129] {dag.py:2280} INFO - Setting next_dagrun for example_branch_operator to 2021-04-29 00:00:00+00:00
[2021-05-01 06:21:05,141] {scheduler_job.py:190} INFO - Processing /home/airflow/.local/lib/python3.6/site-packages/airflow/example_dags/example_branch_operator.py took 0.093 seconds
[2021-05-01 06:21:36,103] {scheduler_job.py:182} INFO - Started process (PID=4308) to work on /home/airflow/.local/lib/python3.6/site-packages/airflow/example_dags/example_branch_operator.py
[2021-05-01 06:21:36,105] {scheduler_job.py:629} INFO - Processing file /home/airflow/.local/lib/python3.6/site-packages/airflow/example_dags/example_branch_operator.py for tasks to queue
[2021-05-01 06:21:36,106] {logging_mixin.py:104} INFO - [2021-05-01 06:21:36,106] {dagbag.py:451} INFO - Filling up the DagBag from /home/airflow/.local/lib/python3.6/site-packages/airflow/example_dags/example_branch_operator.py
[2021-05-01 06:21:36,139] {scheduler_job.py:639} INFO - DAG(s) dict_keys(['example_branch_operator']) retrieved from /home/airflow/.local/lib/python3.6/site-packages/airflow/example_dags/example_branch_operator.py
[2021-05-01 06:21:36,180] {logging_mixin.py:104} INFO - [2021-05-01 06:21:36,180] {dag.py:1824} INFO - Sync 1 DAGs
[2021-05-01 06:21:36,218] {logging_mixin.py:104} INFO - [2021-05-01 06:21:36,218] {dag.py:2280} INFO - Setting next_dagrun for example_branch_operator to 2021-04-29 00:00:00+00:00
[2021-05-01 06:21:36,239] {scheduler_job.py:190} INFO - Processing /home/airflow/.local/lib/python3.6/site-packages/airflow/example_dags/example_branch_operator.py took 0.142 seconds
[2021-05-01 06:22:06,883] {scheduler_job.py:182} INFO - Started process (PID=4348) to work on /home/airflow/.local/lib/python3.6/site-packages/airflow/example_dags/example_branch_operator.py
[2021-05-01 06:22:06,886] {scheduler_job.py:629} INFO - Processing file /home/airflow/.local/lib/python3.6/site-packages/airflow/example_dags/example_branch_operator.py for tasks to queue
[2021-05-01 06:22:06,890] {logging_mixin.py:104} INFO - [2021-05-01 06:22:06,888] {dagbag.py:451} INFO - Filling up the DagBag from /home/airflow/.local/lib/python3.6/site-packages/airflow/example_dags/example_branch_operator.py
[2021-05-01 06:22:06,945] {scheduler_job.py:639} INFO - DAG(s) dict_keys(['example_branch_operator']) retrieved from /home/airflow/.local/lib/python3.6/site-packages/airflow/example_dags/example_branch_operator.py
[2021-05-01 06:22:07,037] {logging_mixin.py:104} INFO - [2021-05-01 06:22:07,037] {dag.py:1824} INFO - Sync 1 DAGs
[2021-05-01 06:22:07,138] {logging_mixin.py:104} INFO - [2021-05-01 06:22:07,138] {dag.py:2280} INFO - Setting next_dagrun for example_branch_operator to 2021-04-29 00:00:00+00:00
[2021-05-01 06:22:07,173] {scheduler_job.py:190} INFO - Processing /home/airflow/.local/lib/python3.6/site-packages/airflow/example_dags/example_branch_operator.py took 0.304 seconds
[2021-05-01 06:22:37,798] {scheduler_job.py:182} INFO - Started process (PID=4381) to work on /home/airflow/.local/lib/python3.6/site-packages/airflow/example_dags/example_branch_operator.py
[2021-05-01 06:22:37,800] {scheduler_job.py:629} INFO - Processing file /home/airflow/.local/lib/python3.6/site-packages/airflow/example_dags/example_branch_operator.py for tasks to queue
[2021-05-01 06:22:37,801] {logging_mixin.py:104} INFO - [2021-05-01 06:22:37,801] {dagbag.py:451} INFO - Filling up the DagBag from /home/airflow/.local/lib/python3.6/site-packages/airflow/example_dags/example_branch_operator.py
[2021-05-01 06:22:37,835] {scheduler_job.py:639} INFO - DAG(s) dict_keys(['example_branch_operator']) retrieved from /home/airflow/.local/lib/python3.6/site-packages/airflow/example_dags/example_branch_operator.py
[2021-05-01 06:22:37,886] {logging_mixin.py:104} INFO - [2021-05-01 06:22:37,885] {dag.py:1824} INFO - Sync 1 DAGs
[2021-05-01 06:22:37,938] {logging_mixin.py:104} INFO - [2021-05-01 06:22:37,938] {dag.py:2280} INFO - Setting next_dagrun for example_branch_operator to 2021-04-29 00:00:00+00:00
[2021-05-01 06:22:37,963] {scheduler_job.py:190} INFO - Processing /home/airflow/.local/lib/python3.6/site-packages/airflow/example_dags/example_branch_operator.py took 0.175 seconds
[2021-05-01 06:23:08,230] {scheduler_job.py:182} INFO - Started process (PID=4414) to work on /home/airflow/.local/lib/python3.6/site-packages/airflow/example_dags/example_branch_operator.py
[2021-05-01 06:23:08,231] {scheduler_job.py:629} INFO - Processing file /home/airflow/.local/lib/python3.6/site-packages/airflow/example_dags/example_branch_operator.py for tasks to queue
[2021-05-01 06:23:08,232] {logging_mixin.py:104} INFO - [2021-05-01 06:23:08,232] {dagbag.py:451} INFO - Filling up the DagBag from /home/airflow/.local/lib/python3.6/site-packages/airflow/example_dags/example_branch_operator.py
[2021-05-01 06:23:08,251] {scheduler_job.py:639} INFO - DAG(s) dict_keys(['example_branch_operator']) retrieved from /home/airflow/.local/lib/python3.6/site-packages/airflow/example_dags/example_branch_operator.py
[2021-05-01 06:23:08,282] {logging_mixin.py:104} INFO - [2021-05-01 06:23:08,282] {dag.py:1824} INFO - Sync 1 DAGs
[2021-05-01 06:23:08,314] {logging_mixin.py:104} INFO - [2021-05-01 06:23:08,313] {dag.py:2280} INFO - Setting next_dagrun for example_branch_operator to 2021-04-29 00:00:00+00:00
[2021-05-01 06:23:08,333] {scheduler_job.py:190} INFO - Processing /home/airflow/.local/lib/python3.6/site-packages/airflow/example_dags/example_branch_operator.py took 0.110 seconds
[2021-05-01 06:23:38,391] {scheduler_job.py:182} INFO - Started process (PID=4447) to work on /home/airflow/.local/lib/python3.6/site-packages/airflow/example_dags/example_branch_operator.py
[2021-05-01 06:23:38,393] {scheduler_job.py:629} INFO - Processing file /home/airflow/.local/lib/python3.6/site-packages/airflow/example_dags/example_branch_operator.py for tasks to queue
[2021-05-01 06:23:38,394] {logging_mixin.py:104} INFO - [2021-05-01 06:23:38,394] {dagbag.py:451} INFO - Filling up the DagBag from /home/airflow/.local/lib/python3.6/site-packages/airflow/example_dags/example_branch_operator.py
[2021-05-01 06:23:38,413] {scheduler_job.py:639} INFO - DAG(s) dict_keys(['example_branch_operator']) retrieved from /home/airflow/.local/lib/python3.6/site-packages/airflow/example_dags/example_branch_operator.py
[2021-05-01 06:23:38,442] {logging_mixin.py:104} INFO - [2021-05-01 06:23:38,442] {dag.py:1824} INFO - Sync 1 DAGs
[2021-05-01 06:23:38,476] {logging_mixin.py:104} INFO - [2021-05-01 06:23:38,476] {dag.py:2280} INFO - Setting next_dagrun for example_branch_operator to 2021-04-29 00:00:00+00:00
[2021-05-01 06:23:38,491] {scheduler_job.py:190} INFO - Processing /home/airflow/.local/lib/python3.6/site-packages/airflow/example_dags/example_branch_operator.py took 0.103 seconds
[2021-05-01 06:24:08,595] {scheduler_job.py:182} INFO - Started process (PID=4480) to work on /home/airflow/.local/lib/python3.6/site-packages/airflow/example_dags/example_branch_operator.py
[2021-05-01 06:24:08,598] {scheduler_job.py:629} INFO - Processing file /home/airflow/.local/lib/python3.6/site-packages/airflow/example_dags/example_branch_operator.py for tasks to queue
[2021-05-01 06:24:08,599] {logging_mixin.py:104} INFO - [2021-05-01 06:24:08,598] {dagbag.py:451} INFO - Filling up the DagBag from /home/airflow/.local/lib/python3.6/site-packages/airflow/example_dags/example_branch_operator.py
[2021-05-01 06:24:08,627] {scheduler_job.py:639} INFO - DAG(s) dict_keys(['example_branch_operator']) retrieved from /home/airflow/.local/lib/python3.6/site-packages/airflow/example_dags/example_branch_operator.py
[2021-05-01 06:24:08,679] {logging_mixin.py:104} INFO - [2021-05-01 06:24:08,679] {dag.py:1824} INFO - Sync 1 DAGs
[2021-05-01 06:24:08,738] {logging_mixin.py:104} INFO - [2021-05-01 06:24:08,737] {dag.py:2280} INFO - Setting next_dagrun for example_branch_operator to 2021-04-29 00:00:00+00:00
[2021-05-01 06:24:08,776] {scheduler_job.py:190} INFO - Processing /home/airflow/.local/lib/python3.6/site-packages/airflow/example_dags/example_branch_operator.py took 0.186 seconds
[2021-05-01 06:24:38,945] {scheduler_job.py:182} INFO - Started process (PID=4513) to work on /home/airflow/.local/lib/python3.6/site-packages/airflow/example_dags/example_branch_operator.py
[2021-05-01 06:24:38,946] {scheduler_job.py:629} INFO - Processing file /home/airflow/.local/lib/python3.6/site-packages/airflow/example_dags/example_branch_operator.py for tasks to queue
[2021-05-01 06:24:38,947] {logging_mixin.py:104} INFO - [2021-05-01 06:24:38,947] {dagbag.py:451} INFO - Filling up the DagBag from /home/airflow/.local/lib/python3.6/site-packages/airflow/example_dags/example_branch_operator.py
[2021-05-01 06:24:38,965] {scheduler_job.py:639} INFO - DAG(s) dict_keys(['example_branch_operator']) retrieved from /home/airflow/.local/lib/python3.6/site-packages/airflow/example_dags/example_branch_operator.py
[2021-05-01 06:24:38,991] {logging_mixin.py:104} INFO - [2021-05-01 06:24:38,991] {dag.py:1824} INFO - Sync 1 DAGs
[2021-05-01 06:24:39,017] {logging_mixin.py:104} INFO - [2021-05-01 06:24:39,017] {dag.py:2280} INFO - Setting next_dagrun for example_branch_operator to 2021-04-29 00:00:00+00:00
[2021-05-01 06:24:39,031] {scheduler_job.py:190} INFO - Processing /home/airflow/.local/lib/python3.6/site-packages/airflow/example_dags/example_branch_operator.py took 0.092 seconds
