[2021-05-01 04:44:04,977] {scheduler_job.py:182} INFO - Started process (PID=48) to work on /home/airflow/.local/lib/python3.6/site-packages/airflow/example_dags/example_kubernetes_executor.py
[2021-05-01 04:44:04,979] {scheduler_job.py:629} INFO - Processing file /home/airflow/.local/lib/python3.6/site-packages/airflow/example_dags/example_kubernetes_executor.py for tasks to queue
[2021-05-01 04:44:04,981] {logging_mixin.py:104} INFO - [2021-05-01 04:44:04,980] {dagbag.py:451} INFO - Filling up the DagBag from /home/airflow/.local/lib/python3.6/site-packages/airflow/example_dags/example_kubernetes_executor.py
[2021-05-01 04:44:05,027] {scheduler_job.py:639} INFO - DAG(s) dict_keys(['example_kubernetes_executor']) retrieved from /home/airflow/.local/lib/python3.6/site-packages/airflow/example_dags/example_kubernetes_executor.py
[2021-05-01 04:44:05,107] {logging_mixin.py:104} INFO - [2021-05-01 04:44:05,107] {dag.py:1824} INFO - Sync 1 DAGs
[2021-05-01 04:44:05,147] {logging_mixin.py:104} INFO - [2021-05-01 04:44:05,147] {dag.py:2280} INFO - Setting next_dagrun for example_kubernetes_executor to None
[2021-05-01 04:44:05,185] {scheduler_job.py:190} INFO - Processing /home/airflow/.local/lib/python3.6/site-packages/airflow/example_dags/example_kubernetes_executor.py took 0.215 seconds
[2021-05-01 04:44:36,173] {scheduler_job.py:182} INFO - Started process (PID=83) to work on /home/airflow/.local/lib/python3.6/site-packages/airflow/example_dags/example_kubernetes_executor.py
[2021-05-01 04:44:36,177] {scheduler_job.py:629} INFO - Processing file /home/airflow/.local/lib/python3.6/site-packages/airflow/example_dags/example_kubernetes_executor.py for tasks to queue
[2021-05-01 04:44:36,178] {logging_mixin.py:104} INFO - [2021-05-01 04:44:36,178] {dagbag.py:451} INFO - Filling up the DagBag from /home/airflow/.local/lib/python3.6/site-packages/airflow/example_dags/example_kubernetes_executor.py
[2021-05-01 04:44:36,240] {scheduler_job.py:639} INFO - DAG(s) dict_keys(['example_kubernetes_executor']) retrieved from /home/airflow/.local/lib/python3.6/site-packages/airflow/example_dags/example_kubernetes_executor.py
[2021-05-01 04:44:36,310] {logging_mixin.py:104} INFO - [2021-05-01 04:44:36,310] {dag.py:1824} INFO - Sync 1 DAGs
[2021-05-01 04:44:36,386] {logging_mixin.py:104} INFO - [2021-05-01 04:44:36,386] {dag.py:2280} INFO - Setting next_dagrun for example_kubernetes_executor to None
[2021-05-01 04:44:36,442] {scheduler_job.py:190} INFO - Processing /home/airflow/.local/lib/python3.6/site-packages/airflow/example_dags/example_kubernetes_executor.py took 0.283 seconds
[2021-05-01 04:45:07,084] {scheduler_job.py:182} INFO - Started process (PID=116) to work on /home/airflow/.local/lib/python3.6/site-packages/airflow/example_dags/example_kubernetes_executor.py
[2021-05-01 04:45:07,087] {scheduler_job.py:629} INFO - Processing file /home/airflow/.local/lib/python3.6/site-packages/airflow/example_dags/example_kubernetes_executor.py for tasks to queue
[2021-05-01 04:45:07,089] {logging_mixin.py:104} INFO - [2021-05-01 04:45:07,089] {dagbag.py:451} INFO - Filling up the DagBag from /home/airflow/.local/lib/python3.6/site-packages/airflow/example_dags/example_kubernetes_executor.py
[2021-05-01 04:45:07,120] {scheduler_job.py:639} INFO - DAG(s) dict_keys(['example_kubernetes_executor']) retrieved from /home/airflow/.local/lib/python3.6/site-packages/airflow/example_dags/example_kubernetes_executor.py
[2021-05-01 04:45:07,173] {logging_mixin.py:104} INFO - [2021-05-01 04:45:07,172] {dag.py:1824} INFO - Sync 1 DAGs
[2021-05-01 04:45:07,237] {logging_mixin.py:104} INFO - [2021-05-01 04:45:07,237] {dag.py:2280} INFO - Setting next_dagrun for example_kubernetes_executor to None
[2021-05-01 04:45:07,268] {scheduler_job.py:190} INFO - Processing /home/airflow/.local/lib/python3.6/site-packages/airflow/example_dags/example_kubernetes_executor.py took 0.194 seconds
[2021-05-01 04:45:37,664] {scheduler_job.py:182} INFO - Started process (PID=150) to work on /home/airflow/.local/lib/python3.6/site-packages/airflow/example_dags/example_kubernetes_executor.py
[2021-05-01 04:45:37,666] {scheduler_job.py:629} INFO - Processing file /home/airflow/.local/lib/python3.6/site-packages/airflow/example_dags/example_kubernetes_executor.py for tasks to queue
[2021-05-01 04:45:37,666] {logging_mixin.py:104} INFO - [2021-05-01 04:45:37,666] {dagbag.py:451} INFO - Filling up the DagBag from /home/airflow/.local/lib/python3.6/site-packages/airflow/example_dags/example_kubernetes_executor.py
[2021-05-01 04:45:37,678] {scheduler_job.py:639} INFO - DAG(s) dict_keys(['example_kubernetes_executor']) retrieved from /home/airflow/.local/lib/python3.6/site-packages/airflow/example_dags/example_kubernetes_executor.py
[2021-05-01 04:45:37,702] {logging_mixin.py:104} INFO - [2021-05-01 04:45:37,702] {dag.py:1824} INFO - Sync 1 DAGs
[2021-05-01 04:45:37,718] {logging_mixin.py:104} INFO - [2021-05-01 04:45:37,718] {dag.py:2280} INFO - Setting next_dagrun for example_kubernetes_executor to None
[2021-05-01 04:45:37,730] {scheduler_job.py:190} INFO - Processing /home/airflow/.local/lib/python3.6/site-packages/airflow/example_dags/example_kubernetes_executor.py took 0.069 seconds
[2021-05-01 04:46:08,477] {scheduler_job.py:182} INFO - Started process (PID=187) to work on /home/airflow/.local/lib/python3.6/site-packages/airflow/example_dags/example_kubernetes_executor.py
[2021-05-01 04:46:08,478] {scheduler_job.py:629} INFO - Processing file /home/airflow/.local/lib/python3.6/site-packages/airflow/example_dags/example_kubernetes_executor.py for tasks to queue
[2021-05-01 04:46:08,478] {logging_mixin.py:104} INFO - [2021-05-01 04:46:08,478] {dagbag.py:451} INFO - Filling up the DagBag from /home/airflow/.local/lib/python3.6/site-packages/airflow/example_dags/example_kubernetes_executor.py
[2021-05-01 04:46:08,488] {scheduler_job.py:639} INFO - DAG(s) dict_keys(['example_kubernetes_executor']) retrieved from /home/airflow/.local/lib/python3.6/site-packages/airflow/example_dags/example_kubernetes_executor.py
[2021-05-01 04:46:08,512] {logging_mixin.py:104} INFO - [2021-05-01 04:46:08,511] {dag.py:1824} INFO - Sync 1 DAGs
[2021-05-01 04:46:08,535] {logging_mixin.py:104} INFO - [2021-05-01 04:46:08,535] {dag.py:2280} INFO - Setting next_dagrun for example_kubernetes_executor to None
[2021-05-01 04:46:08,549] {scheduler_job.py:190} INFO - Processing /home/airflow/.local/lib/python3.6/site-packages/airflow/example_dags/example_kubernetes_executor.py took 0.075 seconds
[2021-05-01 04:46:39,138] {scheduler_job.py:182} INFO - Started process (PID=220) to work on /home/airflow/.local/lib/python3.6/site-packages/airflow/example_dags/example_kubernetes_executor.py
[2021-05-01 04:46:39,139] {scheduler_job.py:629} INFO - Processing file /home/airflow/.local/lib/python3.6/site-packages/airflow/example_dags/example_kubernetes_executor.py for tasks to queue
[2021-05-01 04:46:39,140] {logging_mixin.py:104} INFO - [2021-05-01 04:46:39,140] {dagbag.py:451} INFO - Filling up the DagBag from /home/airflow/.local/lib/python3.6/site-packages/airflow/example_dags/example_kubernetes_executor.py
[2021-05-01 04:46:39,150] {scheduler_job.py:639} INFO - DAG(s) dict_keys(['example_kubernetes_executor']) retrieved from /home/airflow/.local/lib/python3.6/site-packages/airflow/example_dags/example_kubernetes_executor.py
[2021-05-01 04:46:39,173] {logging_mixin.py:104} INFO - [2021-05-01 04:46:39,173] {dag.py:1824} INFO - Sync 1 DAGs
[2021-05-01 04:46:39,190] {logging_mixin.py:104} INFO - [2021-05-01 04:46:39,190] {dag.py:2280} INFO - Setting next_dagrun for example_kubernetes_executor to None
[2021-05-01 04:46:39,203] {scheduler_job.py:190} INFO - Processing /home/airflow/.local/lib/python3.6/site-packages/airflow/example_dags/example_kubernetes_executor.py took 0.069 seconds
[2021-05-01 04:47:09,750] {scheduler_job.py:182} INFO - Started process (PID=253) to work on /home/airflow/.local/lib/python3.6/site-packages/airflow/example_dags/example_kubernetes_executor.py
[2021-05-01 04:47:09,751] {scheduler_job.py:629} INFO - Processing file /home/airflow/.local/lib/python3.6/site-packages/airflow/example_dags/example_kubernetes_executor.py for tasks to queue
[2021-05-01 04:47:09,752] {logging_mixin.py:104} INFO - [2021-05-01 04:47:09,752] {dagbag.py:451} INFO - Filling up the DagBag from /home/airflow/.local/lib/python3.6/site-packages/airflow/example_dags/example_kubernetes_executor.py
[2021-05-01 04:47:09,769] {scheduler_job.py:639} INFO - DAG(s) dict_keys(['example_kubernetes_executor']) retrieved from /home/airflow/.local/lib/python3.6/site-packages/airflow/example_dags/example_kubernetes_executor.py
[2021-05-01 04:47:09,788] {logging_mixin.py:104} INFO - [2021-05-01 04:47:09,788] {dag.py:1824} INFO - Sync 1 DAGs
[2021-05-01 04:47:09,801] {logging_mixin.py:104} INFO - [2021-05-01 04:47:09,801] {dag.py:2280} INFO - Setting next_dagrun for example_kubernetes_executor to None
[2021-05-01 04:47:09,858] {scheduler_job.py:190} INFO - Processing /home/airflow/.local/lib/python3.6/site-packages/airflow/example_dags/example_kubernetes_executor.py took 0.111 seconds
[2021-05-01 04:47:40,483] {scheduler_job.py:182} INFO - Started process (PID=286) to work on /home/airflow/.local/lib/python3.6/site-packages/airflow/example_dags/example_kubernetes_executor.py
[2021-05-01 04:47:40,484] {scheduler_job.py:629} INFO - Processing file /home/airflow/.local/lib/python3.6/site-packages/airflow/example_dags/example_kubernetes_executor.py for tasks to queue
[2021-05-01 04:47:40,485] {logging_mixin.py:104} INFO - [2021-05-01 04:47:40,485] {dagbag.py:451} INFO - Filling up the DagBag from /home/airflow/.local/lib/python3.6/site-packages/airflow/example_dags/example_kubernetes_executor.py
[2021-05-01 04:47:40,498] {scheduler_job.py:639} INFO - DAG(s) dict_keys(['example_kubernetes_executor']) retrieved from /home/airflow/.local/lib/python3.6/site-packages/airflow/example_dags/example_kubernetes_executor.py
[2021-05-01 04:47:40,520] {logging_mixin.py:104} INFO - [2021-05-01 04:47:40,520] {dag.py:1824} INFO - Sync 1 DAGs
[2021-05-01 04:47:40,536] {logging_mixin.py:104} INFO - [2021-05-01 04:47:40,536] {dag.py:2280} INFO - Setting next_dagrun for example_kubernetes_executor to None
[2021-05-01 04:47:40,547] {scheduler_job.py:190} INFO - Processing /home/airflow/.local/lib/python3.6/site-packages/airflow/example_dags/example_kubernetes_executor.py took 0.067 seconds
[2021-05-01 04:48:12,592] {scheduler_job.py:182} INFO - Started process (PID=319) to work on /home/airflow/.local/lib/python3.6/site-packages/airflow/example_dags/example_kubernetes_executor.py
[2021-05-01 04:48:12,597] {scheduler_job.py:629} INFO - Processing file /home/airflow/.local/lib/python3.6/site-packages/airflow/example_dags/example_kubernetes_executor.py for tasks to queue
[2021-05-01 04:48:12,599] {logging_mixin.py:104} INFO - [2021-05-01 04:48:12,599] {dagbag.py:451} INFO - Filling up the DagBag from /home/airflow/.local/lib/python3.6/site-packages/airflow/example_dags/example_kubernetes_executor.py
[2021-05-01 04:48:12,672] {scheduler_job.py:639} INFO - DAG(s) dict_keys(['example_kubernetes_executor']) retrieved from /home/airflow/.local/lib/python3.6/site-packages/airflow/example_dags/example_kubernetes_executor.py
[2021-05-01 04:48:12,813] {logging_mixin.py:104} INFO - [2021-05-01 04:48:12,813] {dag.py:1824} INFO - Sync 1 DAGs
[2021-05-01 04:48:12,917] {logging_mixin.py:104} INFO - [2021-05-01 04:48:12,914] {dag.py:2280} INFO - Setting next_dagrun for example_kubernetes_executor to None
[2021-05-01 04:48:12,978] {scheduler_job.py:190} INFO - Processing /home/airflow/.local/lib/python3.6/site-packages/airflow/example_dags/example_kubernetes_executor.py took 0.400 seconds
[2021-05-01 04:48:43,178] {scheduler_job.py:182} INFO - Started process (PID=352) to work on /home/airflow/.local/lib/python3.6/site-packages/airflow/example_dags/example_kubernetes_executor.py
[2021-05-01 04:48:43,179] {scheduler_job.py:629} INFO - Processing file /home/airflow/.local/lib/python3.6/site-packages/airflow/example_dags/example_kubernetes_executor.py for tasks to queue
[2021-05-01 04:48:43,180] {logging_mixin.py:104} INFO - [2021-05-01 04:48:43,180] {dagbag.py:451} INFO - Filling up the DagBag from /home/airflow/.local/lib/python3.6/site-packages/airflow/example_dags/example_kubernetes_executor.py
[2021-05-01 04:48:43,201] {scheduler_job.py:639} INFO - DAG(s) dict_keys(['example_kubernetes_executor']) retrieved from /home/airflow/.local/lib/python3.6/site-packages/airflow/example_dags/example_kubernetes_executor.py
[2021-05-01 04:48:43,228] {logging_mixin.py:104} INFO - [2021-05-01 04:48:43,228] {dag.py:1824} INFO - Sync 1 DAGs
[2021-05-01 04:48:43,247] {logging_mixin.py:104} INFO - [2021-05-01 04:48:43,247] {dag.py:2280} INFO - Setting next_dagrun for example_kubernetes_executor to None
[2021-05-01 04:48:43,261] {scheduler_job.py:190} INFO - Processing /home/airflow/.local/lib/python3.6/site-packages/airflow/example_dags/example_kubernetes_executor.py took 0.088 seconds
[2021-05-01 04:49:14,245] {scheduler_job.py:182} INFO - Started process (PID=385) to work on /home/airflow/.local/lib/python3.6/site-packages/airflow/example_dags/example_kubernetes_executor.py
[2021-05-01 04:49:14,246] {scheduler_job.py:629} INFO - Processing file /home/airflow/.local/lib/python3.6/site-packages/airflow/example_dags/example_kubernetes_executor.py for tasks to queue
[2021-05-01 04:49:14,246] {logging_mixin.py:104} INFO - [2021-05-01 04:49:14,246] {dagbag.py:451} INFO - Filling up the DagBag from /home/airflow/.local/lib/python3.6/site-packages/airflow/example_dags/example_kubernetes_executor.py
[2021-05-01 04:49:14,269] {scheduler_job.py:639} INFO - DAG(s) dict_keys(['example_kubernetes_executor']) retrieved from /home/airflow/.local/lib/python3.6/site-packages/airflow/example_dags/example_kubernetes_executor.py
[2021-05-01 04:49:14,306] {logging_mixin.py:104} INFO - [2021-05-01 04:49:14,305] {dag.py:1824} INFO - Sync 1 DAGs
[2021-05-01 04:49:14,331] {logging_mixin.py:104} INFO - [2021-05-01 04:49:14,331] {dag.py:2280} INFO - Setting next_dagrun for example_kubernetes_executor to None
[2021-05-01 04:49:14,349] {scheduler_job.py:190} INFO - Processing /home/airflow/.local/lib/python3.6/site-packages/airflow/example_dags/example_kubernetes_executor.py took 0.109 seconds
[2021-05-01 04:49:45,130] {scheduler_job.py:182} INFO - Started process (PID=418) to work on /home/airflow/.local/lib/python3.6/site-packages/airflow/example_dags/example_kubernetes_executor.py
[2021-05-01 04:49:45,131] {scheduler_job.py:629} INFO - Processing file /home/airflow/.local/lib/python3.6/site-packages/airflow/example_dags/example_kubernetes_executor.py for tasks to queue
[2021-05-01 04:49:45,133] {logging_mixin.py:104} INFO - [2021-05-01 04:49:45,132] {dagbag.py:451} INFO - Filling up the DagBag from /home/airflow/.local/lib/python3.6/site-packages/airflow/example_dags/example_kubernetes_executor.py
[2021-05-01 04:49:45,143] {scheduler_job.py:639} INFO - DAG(s) dict_keys(['example_kubernetes_executor']) retrieved from /home/airflow/.local/lib/python3.6/site-packages/airflow/example_dags/example_kubernetes_executor.py
[2021-05-01 04:49:45,169] {logging_mixin.py:104} INFO - [2021-05-01 04:49:45,169] {dag.py:1824} INFO - Sync 1 DAGs
[2021-05-01 04:49:45,184] {logging_mixin.py:104} INFO - [2021-05-01 04:49:45,184] {dag.py:2280} INFO - Setting next_dagrun for example_kubernetes_executor to None
[2021-05-01 04:49:45,205] {scheduler_job.py:190} INFO - Processing /home/airflow/.local/lib/python3.6/site-packages/airflow/example_dags/example_kubernetes_executor.py took 0.078 seconds
[2021-05-01 04:50:15,316] {scheduler_job.py:182} INFO - Started process (PID=451) to work on /home/airflow/.local/lib/python3.6/site-packages/airflow/example_dags/example_kubernetes_executor.py
[2021-05-01 04:50:15,318] {scheduler_job.py:629} INFO - Processing file /home/airflow/.local/lib/python3.6/site-packages/airflow/example_dags/example_kubernetes_executor.py for tasks to queue
[2021-05-01 04:50:15,318] {logging_mixin.py:104} INFO - [2021-05-01 04:50:15,318] {dagbag.py:451} INFO - Filling up the DagBag from /home/airflow/.local/lib/python3.6/site-packages/airflow/example_dags/example_kubernetes_executor.py
[2021-05-01 04:50:15,329] {scheduler_job.py:639} INFO - DAG(s) dict_keys(['example_kubernetes_executor']) retrieved from /home/airflow/.local/lib/python3.6/site-packages/airflow/example_dags/example_kubernetes_executor.py
[2021-05-01 04:50:15,349] {logging_mixin.py:104} INFO - [2021-05-01 04:50:15,349] {dag.py:1824} INFO - Sync 1 DAGs
[2021-05-01 04:50:15,363] {logging_mixin.py:104} INFO - [2021-05-01 04:50:15,363] {dag.py:2280} INFO - Setting next_dagrun for example_kubernetes_executor to None
[2021-05-01 04:50:15,373] {scheduler_job.py:190} INFO - Processing /home/airflow/.local/lib/python3.6/site-packages/airflow/example_dags/example_kubernetes_executor.py took 0.061 seconds
[2021-05-01 04:50:46,027] {scheduler_job.py:182} INFO - Started process (PID=484) to work on /home/airflow/.local/lib/python3.6/site-packages/airflow/example_dags/example_kubernetes_executor.py
[2021-05-01 04:50:46,029] {scheduler_job.py:629} INFO - Processing file /home/airflow/.local/lib/python3.6/site-packages/airflow/example_dags/example_kubernetes_executor.py for tasks to queue
[2021-05-01 04:50:46,030] {logging_mixin.py:104} INFO - [2021-05-01 04:50:46,030] {dagbag.py:451} INFO - Filling up the DagBag from /home/airflow/.local/lib/python3.6/site-packages/airflow/example_dags/example_kubernetes_executor.py
[2021-05-01 04:50:46,048] {scheduler_job.py:639} INFO - DAG(s) dict_keys(['example_kubernetes_executor']) retrieved from /home/airflow/.local/lib/python3.6/site-packages/airflow/example_dags/example_kubernetes_executor.py
[2021-05-01 04:50:46,080] {logging_mixin.py:104} INFO - [2021-05-01 04:50:46,080] {dag.py:1824} INFO - Sync 1 DAGs
[2021-05-01 04:50:46,096] {logging_mixin.py:104} INFO - [2021-05-01 04:50:46,096] {dag.py:2280} INFO - Setting next_dagrun for example_kubernetes_executor to None
[2021-05-01 04:50:46,124] {scheduler_job.py:190} INFO - Processing /home/airflow/.local/lib/python3.6/site-packages/airflow/example_dags/example_kubernetes_executor.py took 0.103 seconds
[2021-05-01 04:51:16,777] {scheduler_job.py:182} INFO - Started process (PID=517) to work on /home/airflow/.local/lib/python3.6/site-packages/airflow/example_dags/example_kubernetes_executor.py
[2021-05-01 04:51:16,778] {scheduler_job.py:629} INFO - Processing file /home/airflow/.local/lib/python3.6/site-packages/airflow/example_dags/example_kubernetes_executor.py for tasks to queue
[2021-05-01 04:51:16,779] {logging_mixin.py:104} INFO - [2021-05-01 04:51:16,779] {dagbag.py:451} INFO - Filling up the DagBag from /home/airflow/.local/lib/python3.6/site-packages/airflow/example_dags/example_kubernetes_executor.py
[2021-05-01 04:51:16,789] {scheduler_job.py:639} INFO - DAG(s) dict_keys(['example_kubernetes_executor']) retrieved from /home/airflow/.local/lib/python3.6/site-packages/airflow/example_dags/example_kubernetes_executor.py
[2021-05-01 04:51:16,808] {logging_mixin.py:104} INFO - [2021-05-01 04:51:16,808] {dag.py:1824} INFO - Sync 1 DAGs
[2021-05-01 04:51:16,823] {logging_mixin.py:104} INFO - [2021-05-01 04:51:16,823] {dag.py:2280} INFO - Setting next_dagrun for example_kubernetes_executor to None
[2021-05-01 04:51:16,838] {scheduler_job.py:190} INFO - Processing /home/airflow/.local/lib/python3.6/site-packages/airflow/example_dags/example_kubernetes_executor.py took 0.064 seconds
[2021-05-01 04:51:47,542] {scheduler_job.py:182} INFO - Started process (PID=550) to work on /home/airflow/.local/lib/python3.6/site-packages/airflow/example_dags/example_kubernetes_executor.py
[2021-05-01 04:51:47,544] {scheduler_job.py:629} INFO - Processing file /home/airflow/.local/lib/python3.6/site-packages/airflow/example_dags/example_kubernetes_executor.py for tasks to queue
[2021-05-01 04:51:47,545] {logging_mixin.py:104} INFO - [2021-05-01 04:51:47,545] {dagbag.py:451} INFO - Filling up the DagBag from /home/airflow/.local/lib/python3.6/site-packages/airflow/example_dags/example_kubernetes_executor.py
[2021-05-01 04:51:47,558] {scheduler_job.py:639} INFO - DAG(s) dict_keys(['example_kubernetes_executor']) retrieved from /home/airflow/.local/lib/python3.6/site-packages/airflow/example_dags/example_kubernetes_executor.py
[2021-05-01 04:51:47,587] {logging_mixin.py:104} INFO - [2021-05-01 04:51:47,587] {dag.py:1824} INFO - Sync 1 DAGs
[2021-05-01 04:51:47,608] {logging_mixin.py:104} INFO - [2021-05-01 04:51:47,608] {dag.py:2280} INFO - Setting next_dagrun for example_kubernetes_executor to None
[2021-05-01 04:51:47,623] {scheduler_job.py:190} INFO - Processing /home/airflow/.local/lib/python3.6/site-packages/airflow/example_dags/example_kubernetes_executor.py took 0.086 seconds
[2021-05-01 04:52:18,087] {scheduler_job.py:182} INFO - Started process (PID=583) to work on /home/airflow/.local/lib/python3.6/site-packages/airflow/example_dags/example_kubernetes_executor.py
[2021-05-01 04:52:18,088] {scheduler_job.py:629} INFO - Processing file /home/airflow/.local/lib/python3.6/site-packages/airflow/example_dags/example_kubernetes_executor.py for tasks to queue
[2021-05-01 04:52:18,089] {logging_mixin.py:104} INFO - [2021-05-01 04:52:18,089] {dagbag.py:451} INFO - Filling up the DagBag from /home/airflow/.local/lib/python3.6/site-packages/airflow/example_dags/example_kubernetes_executor.py
[2021-05-01 04:52:18,100] {scheduler_job.py:639} INFO - DAG(s) dict_keys(['example_kubernetes_executor']) retrieved from /home/airflow/.local/lib/python3.6/site-packages/airflow/example_dags/example_kubernetes_executor.py
[2021-05-01 04:52:18,130] {logging_mixin.py:104} INFO - [2021-05-01 04:52:18,130] {dag.py:1824} INFO - Sync 1 DAGs
[2021-05-01 04:52:18,152] {logging_mixin.py:104} INFO - [2021-05-01 04:52:18,152] {dag.py:2280} INFO - Setting next_dagrun for example_kubernetes_executor to None
[2021-05-01 04:52:18,166] {scheduler_job.py:190} INFO - Processing /home/airflow/.local/lib/python3.6/site-packages/airflow/example_dags/example_kubernetes_executor.py took 0.081 seconds
[2021-05-01 04:52:49,037] {scheduler_job.py:182} INFO - Started process (PID=616) to work on /home/airflow/.local/lib/python3.6/site-packages/airflow/example_dags/example_kubernetes_executor.py
[2021-05-01 04:52:49,038] {scheduler_job.py:629} INFO - Processing file /home/airflow/.local/lib/python3.6/site-packages/airflow/example_dags/example_kubernetes_executor.py for tasks to queue
[2021-05-01 04:52:49,039] {logging_mixin.py:104} INFO - [2021-05-01 04:52:49,039] {dagbag.py:451} INFO - Filling up the DagBag from /home/airflow/.local/lib/python3.6/site-packages/airflow/example_dags/example_kubernetes_executor.py
[2021-05-01 04:52:49,053] {scheduler_job.py:639} INFO - DAG(s) dict_keys(['example_kubernetes_executor']) retrieved from /home/airflow/.local/lib/python3.6/site-packages/airflow/example_dags/example_kubernetes_executor.py
[2021-05-01 04:52:49,072] {logging_mixin.py:104} INFO - [2021-05-01 04:52:49,072] {dag.py:1824} INFO - Sync 1 DAGs
[2021-05-01 04:52:49,085] {logging_mixin.py:104} INFO - [2021-05-01 04:52:49,085] {dag.py:2280} INFO - Setting next_dagrun for example_kubernetes_executor to None
[2021-05-01 04:52:49,098] {scheduler_job.py:190} INFO - Processing /home/airflow/.local/lib/python3.6/site-packages/airflow/example_dags/example_kubernetes_executor.py took 0.064 seconds
[2021-05-01 04:53:19,716] {scheduler_job.py:182} INFO - Started process (PID=649) to work on /home/airflow/.local/lib/python3.6/site-packages/airflow/example_dags/example_kubernetes_executor.py
[2021-05-01 04:53:19,717] {scheduler_job.py:629} INFO - Processing file /home/airflow/.local/lib/python3.6/site-packages/airflow/example_dags/example_kubernetes_executor.py for tasks to queue
[2021-05-01 04:53:19,718] {logging_mixin.py:104} INFO - [2021-05-01 04:53:19,718] {dagbag.py:451} INFO - Filling up the DagBag from /home/airflow/.local/lib/python3.6/site-packages/airflow/example_dags/example_kubernetes_executor.py
[2021-05-01 04:53:19,729] {scheduler_job.py:639} INFO - DAG(s) dict_keys(['example_kubernetes_executor']) retrieved from /home/airflow/.local/lib/python3.6/site-packages/airflow/example_dags/example_kubernetes_executor.py
[2021-05-01 04:53:19,752] {logging_mixin.py:104} INFO - [2021-05-01 04:53:19,752] {dag.py:1824} INFO - Sync 1 DAGs
[2021-05-01 04:53:19,771] {logging_mixin.py:104} INFO - [2021-05-01 04:53:19,771] {dag.py:2280} INFO - Setting next_dagrun for example_kubernetes_executor to None
[2021-05-01 04:53:19,785] {scheduler_job.py:190} INFO - Processing /home/airflow/.local/lib/python3.6/site-packages/airflow/example_dags/example_kubernetes_executor.py took 0.072 seconds
[2021-05-01 04:53:50,380] {scheduler_job.py:182} INFO - Started process (PID=682) to work on /home/airflow/.local/lib/python3.6/site-packages/airflow/example_dags/example_kubernetes_executor.py
[2021-05-01 04:53:50,381] {scheduler_job.py:629} INFO - Processing file /home/airflow/.local/lib/python3.6/site-packages/airflow/example_dags/example_kubernetes_executor.py for tasks to queue
[2021-05-01 04:53:50,382] {logging_mixin.py:104} INFO - [2021-05-01 04:53:50,382] {dagbag.py:451} INFO - Filling up the DagBag from /home/airflow/.local/lib/python3.6/site-packages/airflow/example_dags/example_kubernetes_executor.py
[2021-05-01 04:53:50,397] {scheduler_job.py:639} INFO - DAG(s) dict_keys(['example_kubernetes_executor']) retrieved from /home/airflow/.local/lib/python3.6/site-packages/airflow/example_dags/example_kubernetes_executor.py
[2021-05-01 04:53:50,417] {logging_mixin.py:104} INFO - [2021-05-01 04:53:50,416] {dag.py:1824} INFO - Sync 1 DAGs
[2021-05-01 04:53:50,437] {logging_mixin.py:104} INFO - [2021-05-01 04:53:50,436] {dag.py:2280} INFO - Setting next_dagrun for example_kubernetes_executor to None
[2021-05-01 04:53:50,448] {scheduler_job.py:190} INFO - Processing /home/airflow/.local/lib/python3.6/site-packages/airflow/example_dags/example_kubernetes_executor.py took 0.073 seconds
[2021-05-01 04:54:21,245] {scheduler_job.py:182} INFO - Started process (PID=715) to work on /home/airflow/.local/lib/python3.6/site-packages/airflow/example_dags/example_kubernetes_executor.py
[2021-05-01 04:54:21,246] {scheduler_job.py:629} INFO - Processing file /home/airflow/.local/lib/python3.6/site-packages/airflow/example_dags/example_kubernetes_executor.py for tasks to queue
[2021-05-01 04:54:21,247] {logging_mixin.py:104} INFO - [2021-05-01 04:54:21,247] {dagbag.py:451} INFO - Filling up the DagBag from /home/airflow/.local/lib/python3.6/site-packages/airflow/example_dags/example_kubernetes_executor.py
[2021-05-01 04:54:21,261] {scheduler_job.py:639} INFO - DAG(s) dict_keys(['example_kubernetes_executor']) retrieved from /home/airflow/.local/lib/python3.6/site-packages/airflow/example_dags/example_kubernetes_executor.py
[2021-05-01 04:54:21,280] {logging_mixin.py:104} INFO - [2021-05-01 04:54:21,280] {dag.py:1824} INFO - Sync 1 DAGs
[2021-05-01 04:54:21,296] {logging_mixin.py:104} INFO - [2021-05-01 04:54:21,296] {dag.py:2280} INFO - Setting next_dagrun for example_kubernetes_executor to None
[2021-05-01 04:54:21,311] {scheduler_job.py:190} INFO - Processing /home/airflow/.local/lib/python3.6/site-packages/airflow/example_dags/example_kubernetes_executor.py took 0.069 seconds
[2021-05-01 04:54:51,942] {scheduler_job.py:182} INFO - Started process (PID=748) to work on /home/airflow/.local/lib/python3.6/site-packages/airflow/example_dags/example_kubernetes_executor.py
[2021-05-01 04:54:51,943] {scheduler_job.py:629} INFO - Processing file /home/airflow/.local/lib/python3.6/site-packages/airflow/example_dags/example_kubernetes_executor.py for tasks to queue
[2021-05-01 04:54:51,944] {logging_mixin.py:104} INFO - [2021-05-01 04:54:51,944] {dagbag.py:451} INFO - Filling up the DagBag from /home/airflow/.local/lib/python3.6/site-packages/airflow/example_dags/example_kubernetes_executor.py
[2021-05-01 04:54:51,955] {scheduler_job.py:639} INFO - DAG(s) dict_keys(['example_kubernetes_executor']) retrieved from /home/airflow/.local/lib/python3.6/site-packages/airflow/example_dags/example_kubernetes_executor.py
[2021-05-01 04:54:51,975] {logging_mixin.py:104} INFO - [2021-05-01 04:54:51,975] {dag.py:1824} INFO - Sync 1 DAGs
[2021-05-01 04:54:52,000] {logging_mixin.py:104} INFO - [2021-05-01 04:54:52,000] {dag.py:2280} INFO - Setting next_dagrun for example_kubernetes_executor to None
[2021-05-01 04:54:52,016] {scheduler_job.py:190} INFO - Processing /home/airflow/.local/lib/python3.6/site-packages/airflow/example_dags/example_kubernetes_executor.py took 0.077 seconds
[2021-05-01 04:55:22,547] {scheduler_job.py:182} INFO - Started process (PID=781) to work on /home/airflow/.local/lib/python3.6/site-packages/airflow/example_dags/example_kubernetes_executor.py
[2021-05-01 04:55:22,548] {scheduler_job.py:629} INFO - Processing file /home/airflow/.local/lib/python3.6/site-packages/airflow/example_dags/example_kubernetes_executor.py for tasks to queue
[2021-05-01 04:55:22,549] {logging_mixin.py:104} INFO - [2021-05-01 04:55:22,549] {dagbag.py:451} INFO - Filling up the DagBag from /home/airflow/.local/lib/python3.6/site-packages/airflow/example_dags/example_kubernetes_executor.py
[2021-05-01 04:55:22,564] {scheduler_job.py:639} INFO - DAG(s) dict_keys(['example_kubernetes_executor']) retrieved from /home/airflow/.local/lib/python3.6/site-packages/airflow/example_dags/example_kubernetes_executor.py
[2021-05-01 04:55:22,587] {logging_mixin.py:104} INFO - [2021-05-01 04:55:22,587] {dag.py:1824} INFO - Sync 1 DAGs
[2021-05-01 04:55:22,605] {logging_mixin.py:104} INFO - [2021-05-01 04:55:22,605] {dag.py:2280} INFO - Setting next_dagrun for example_kubernetes_executor to None
[2021-05-01 04:55:22,622] {scheduler_job.py:190} INFO - Processing /home/airflow/.local/lib/python3.6/site-packages/airflow/example_dags/example_kubernetes_executor.py took 0.080 seconds
[2021-05-01 04:55:53,397] {scheduler_job.py:182} INFO - Started process (PID=814) to work on /home/airflow/.local/lib/python3.6/site-packages/airflow/example_dags/example_kubernetes_executor.py
[2021-05-01 04:55:53,399] {scheduler_job.py:629} INFO - Processing file /home/airflow/.local/lib/python3.6/site-packages/airflow/example_dags/example_kubernetes_executor.py for tasks to queue
[2021-05-01 04:55:53,400] {logging_mixin.py:104} INFO - [2021-05-01 04:55:53,400] {dagbag.py:451} INFO - Filling up the DagBag from /home/airflow/.local/lib/python3.6/site-packages/airflow/example_dags/example_kubernetes_executor.py
[2021-05-01 04:55:53,413] {scheduler_job.py:639} INFO - DAG(s) dict_keys(['example_kubernetes_executor']) retrieved from /home/airflow/.local/lib/python3.6/site-packages/airflow/example_dags/example_kubernetes_executor.py
[2021-05-01 04:55:53,438] {logging_mixin.py:104} INFO - [2021-05-01 04:55:53,437] {dag.py:1824} INFO - Sync 1 DAGs
[2021-05-01 04:55:53,458] {logging_mixin.py:104} INFO - [2021-05-01 04:55:53,458] {dag.py:2280} INFO - Setting next_dagrun for example_kubernetes_executor to None
[2021-05-01 04:55:53,470] {scheduler_job.py:190} INFO - Processing /home/airflow/.local/lib/python3.6/site-packages/airflow/example_dags/example_kubernetes_executor.py took 0.077 seconds
[2021-05-01 04:56:24,123] {scheduler_job.py:182} INFO - Started process (PID=847) to work on /home/airflow/.local/lib/python3.6/site-packages/airflow/example_dags/example_kubernetes_executor.py
[2021-05-01 04:56:24,125] {scheduler_job.py:629} INFO - Processing file /home/airflow/.local/lib/python3.6/site-packages/airflow/example_dags/example_kubernetes_executor.py for tasks to queue
[2021-05-01 04:56:24,125] {logging_mixin.py:104} INFO - [2021-05-01 04:56:24,125] {dagbag.py:451} INFO - Filling up the DagBag from /home/airflow/.local/lib/python3.6/site-packages/airflow/example_dags/example_kubernetes_executor.py
[2021-05-01 04:56:24,140] {scheduler_job.py:639} INFO - DAG(s) dict_keys(['example_kubernetes_executor']) retrieved from /home/airflow/.local/lib/python3.6/site-packages/airflow/example_dags/example_kubernetes_executor.py
[2021-05-01 04:56:24,167] {logging_mixin.py:104} INFO - [2021-05-01 04:56:24,167] {dag.py:1824} INFO - Sync 1 DAGs
[2021-05-01 04:56:24,186] {logging_mixin.py:104} INFO - [2021-05-01 04:56:24,185] {dag.py:2280} INFO - Setting next_dagrun for example_kubernetes_executor to None
[2021-05-01 04:56:24,197] {scheduler_job.py:190} INFO - Processing /home/airflow/.local/lib/python3.6/site-packages/airflow/example_dags/example_kubernetes_executor.py took 0.078 seconds
[2021-05-01 04:56:54,999] {scheduler_job.py:182} INFO - Started process (PID=880) to work on /home/airflow/.local/lib/python3.6/site-packages/airflow/example_dags/example_kubernetes_executor.py
[2021-05-01 04:56:55,001] {scheduler_job.py:629} INFO - Processing file /home/airflow/.local/lib/python3.6/site-packages/airflow/example_dags/example_kubernetes_executor.py for tasks to queue
[2021-05-01 04:56:55,001] {logging_mixin.py:104} INFO - [2021-05-01 04:56:55,001] {dagbag.py:451} INFO - Filling up the DagBag from /home/airflow/.local/lib/python3.6/site-packages/airflow/example_dags/example_kubernetes_executor.py
[2021-05-01 04:56:55,013] {scheduler_job.py:639} INFO - DAG(s) dict_keys(['example_kubernetes_executor']) retrieved from /home/airflow/.local/lib/python3.6/site-packages/airflow/example_dags/example_kubernetes_executor.py
[2021-05-01 04:56:55,036] {logging_mixin.py:104} INFO - [2021-05-01 04:56:55,036] {dag.py:1824} INFO - Sync 1 DAGs
[2021-05-01 04:56:55,050] {logging_mixin.py:104} INFO - [2021-05-01 04:56:55,050] {dag.py:2280} INFO - Setting next_dagrun for example_kubernetes_executor to None
[2021-05-01 04:56:55,064] {scheduler_job.py:190} INFO - Processing /home/airflow/.local/lib/python3.6/site-packages/airflow/example_dags/example_kubernetes_executor.py took 0.067 seconds
[2021-05-01 04:57:25,721] {scheduler_job.py:182} INFO - Started process (PID=913) to work on /home/airflow/.local/lib/python3.6/site-packages/airflow/example_dags/example_kubernetes_executor.py
[2021-05-01 04:57:25,723] {scheduler_job.py:629} INFO - Processing file /home/airflow/.local/lib/python3.6/site-packages/airflow/example_dags/example_kubernetes_executor.py for tasks to queue
[2021-05-01 04:57:25,728] {logging_mixin.py:104} INFO - [2021-05-01 04:57:25,726] {dagbag.py:451} INFO - Filling up the DagBag from /home/airflow/.local/lib/python3.6/site-packages/airflow/example_dags/example_kubernetes_executor.py
[2021-05-01 04:57:25,752] {scheduler_job.py:639} INFO - DAG(s) dict_keys(['example_kubernetes_executor']) retrieved from /home/airflow/.local/lib/python3.6/site-packages/airflow/example_dags/example_kubernetes_executor.py
[2021-05-01 04:57:25,789] {logging_mixin.py:104} INFO - [2021-05-01 04:57:25,788] {dag.py:1824} INFO - Sync 1 DAGs
[2021-05-01 04:57:25,816] {logging_mixin.py:104} INFO - [2021-05-01 04:57:25,815] {dag.py:2280} INFO - Setting next_dagrun for example_kubernetes_executor to None
[2021-05-01 04:57:25,831] {scheduler_job.py:190} INFO - Processing /home/airflow/.local/lib/python3.6/site-packages/airflow/example_dags/example_kubernetes_executor.py took 0.115 seconds
[2021-05-01 04:57:56,037] {scheduler_job.py:182} INFO - Started process (PID=946) to work on /home/airflow/.local/lib/python3.6/site-packages/airflow/example_dags/example_kubernetes_executor.py
[2021-05-01 04:57:56,038] {scheduler_job.py:629} INFO - Processing file /home/airflow/.local/lib/python3.6/site-packages/airflow/example_dags/example_kubernetes_executor.py for tasks to queue
[2021-05-01 04:57:56,039] {logging_mixin.py:104} INFO - [2021-05-01 04:57:56,039] {dagbag.py:451} INFO - Filling up the DagBag from /home/airflow/.local/lib/python3.6/site-packages/airflow/example_dags/example_kubernetes_executor.py
[2021-05-01 04:57:56,056] {scheduler_job.py:639} INFO - DAG(s) dict_keys(['example_kubernetes_executor']) retrieved from /home/airflow/.local/lib/python3.6/site-packages/airflow/example_dags/example_kubernetes_executor.py
[2021-05-01 04:57:56,083] {logging_mixin.py:104} INFO - [2021-05-01 04:57:56,083] {dag.py:1824} INFO - Sync 1 DAGs
[2021-05-01 04:57:56,106] {logging_mixin.py:104} INFO - [2021-05-01 04:57:56,106] {dag.py:2280} INFO - Setting next_dagrun for example_kubernetes_executor to None
[2021-05-01 04:57:56,122] {scheduler_job.py:190} INFO - Processing /home/airflow/.local/lib/python3.6/site-packages/airflow/example_dags/example_kubernetes_executor.py took 0.089 seconds
[2021-05-01 04:58:26,214] {scheduler_job.py:182} INFO - Started process (PID=979) to work on /home/airflow/.local/lib/python3.6/site-packages/airflow/example_dags/example_kubernetes_executor.py
[2021-05-01 04:58:26,215] {scheduler_job.py:629} INFO - Processing file /home/airflow/.local/lib/python3.6/site-packages/airflow/example_dags/example_kubernetes_executor.py for tasks to queue
[2021-05-01 04:58:26,216] {logging_mixin.py:104} INFO - [2021-05-01 04:58:26,216] {dagbag.py:451} INFO - Filling up the DagBag from /home/airflow/.local/lib/python3.6/site-packages/airflow/example_dags/example_kubernetes_executor.py
[2021-05-01 04:58:26,227] {scheduler_job.py:639} INFO - DAG(s) dict_keys(['example_kubernetes_executor']) retrieved from /home/airflow/.local/lib/python3.6/site-packages/airflow/example_dags/example_kubernetes_executor.py
[2021-05-01 04:58:26,249] {logging_mixin.py:104} INFO - [2021-05-01 04:58:26,249] {dag.py:1824} INFO - Sync 1 DAGs
[2021-05-01 04:58:26,261] {logging_mixin.py:104} INFO - [2021-05-01 04:58:26,261] {dag.py:2280} INFO - Setting next_dagrun for example_kubernetes_executor to None
[2021-05-01 04:58:26,274] {scheduler_job.py:190} INFO - Processing /home/airflow/.local/lib/python3.6/site-packages/airflow/example_dags/example_kubernetes_executor.py took 0.063 seconds
[2021-05-01 04:58:56,415] {scheduler_job.py:182} INFO - Started process (PID=1012) to work on /home/airflow/.local/lib/python3.6/site-packages/airflow/example_dags/example_kubernetes_executor.py
[2021-05-01 04:58:56,416] {scheduler_job.py:629} INFO - Processing file /home/airflow/.local/lib/python3.6/site-packages/airflow/example_dags/example_kubernetes_executor.py for tasks to queue
[2021-05-01 04:58:56,417] {logging_mixin.py:104} INFO - [2021-05-01 04:58:56,417] {dagbag.py:451} INFO - Filling up the DagBag from /home/airflow/.local/lib/python3.6/site-packages/airflow/example_dags/example_kubernetes_executor.py
[2021-05-01 04:58:56,430] {scheduler_job.py:639} INFO - DAG(s) dict_keys(['example_kubernetes_executor']) retrieved from /home/airflow/.local/lib/python3.6/site-packages/airflow/example_dags/example_kubernetes_executor.py
[2021-05-01 04:58:56,451] {logging_mixin.py:104} INFO - [2021-05-01 04:58:56,451] {dag.py:1824} INFO - Sync 1 DAGs
[2021-05-01 04:58:56,464] {logging_mixin.py:104} INFO - [2021-05-01 04:58:56,464] {dag.py:2280} INFO - Setting next_dagrun for example_kubernetes_executor to None
[2021-05-01 04:58:56,480] {scheduler_job.py:190} INFO - Processing /home/airflow/.local/lib/python3.6/site-packages/airflow/example_dags/example_kubernetes_executor.py took 0.068 seconds
[2021-05-01 04:59:26,627] {scheduler_job.py:182} INFO - Started process (PID=1045) to work on /home/airflow/.local/lib/python3.6/site-packages/airflow/example_dags/example_kubernetes_executor.py
[2021-05-01 04:59:26,629] {scheduler_job.py:629} INFO - Processing file /home/airflow/.local/lib/python3.6/site-packages/airflow/example_dags/example_kubernetes_executor.py for tasks to queue
[2021-05-01 04:59:26,630] {logging_mixin.py:104} INFO - [2021-05-01 04:59:26,630] {dagbag.py:451} INFO - Filling up the DagBag from /home/airflow/.local/lib/python3.6/site-packages/airflow/example_dags/example_kubernetes_executor.py
[2021-05-01 04:59:26,645] {scheduler_job.py:639} INFO - DAG(s) dict_keys(['example_kubernetes_executor']) retrieved from /home/airflow/.local/lib/python3.6/site-packages/airflow/example_dags/example_kubernetes_executor.py
[2021-05-01 04:59:26,672] {logging_mixin.py:104} INFO - [2021-05-01 04:59:26,671] {dag.py:1824} INFO - Sync 1 DAGs
[2021-05-01 04:59:26,690] {logging_mixin.py:104} INFO - [2021-05-01 04:59:26,690] {dag.py:2280} INFO - Setting next_dagrun for example_kubernetes_executor to None
[2021-05-01 04:59:26,703] {scheduler_job.py:190} INFO - Processing /home/airflow/.local/lib/python3.6/site-packages/airflow/example_dags/example_kubernetes_executor.py took 0.080 seconds
[2021-05-01 04:59:57,665] {scheduler_job.py:182} INFO - Started process (PID=1078) to work on /home/airflow/.local/lib/python3.6/site-packages/airflow/example_dags/example_kubernetes_executor.py
[2021-05-01 04:59:57,666] {scheduler_job.py:629} INFO - Processing file /home/airflow/.local/lib/python3.6/site-packages/airflow/example_dags/example_kubernetes_executor.py for tasks to queue
[2021-05-01 04:59:57,667] {logging_mixin.py:104} INFO - [2021-05-01 04:59:57,667] {dagbag.py:451} INFO - Filling up the DagBag from /home/airflow/.local/lib/python3.6/site-packages/airflow/example_dags/example_kubernetes_executor.py
[2021-05-01 04:59:57,681] {scheduler_job.py:639} INFO - DAG(s) dict_keys(['example_kubernetes_executor']) retrieved from /home/airflow/.local/lib/python3.6/site-packages/airflow/example_dags/example_kubernetes_executor.py
[2021-05-01 04:59:57,702] {logging_mixin.py:104} INFO - [2021-05-01 04:59:57,701] {dag.py:1824} INFO - Sync 1 DAGs
[2021-05-01 04:59:57,720] {logging_mixin.py:104} INFO - [2021-05-01 04:59:57,719] {dag.py:2280} INFO - Setting next_dagrun for example_kubernetes_executor to None
[2021-05-01 04:59:57,735] {scheduler_job.py:190} INFO - Processing /home/airflow/.local/lib/python3.6/site-packages/airflow/example_dags/example_kubernetes_executor.py took 0.074 seconds
[2021-05-01 05:00:28,510] {scheduler_job.py:182} INFO - Started process (PID=1111) to work on /home/airflow/.local/lib/python3.6/site-packages/airflow/example_dags/example_kubernetes_executor.py
[2021-05-01 05:00:28,511] {scheduler_job.py:629} INFO - Processing file /home/airflow/.local/lib/python3.6/site-packages/airflow/example_dags/example_kubernetes_executor.py for tasks to queue
[2021-05-01 05:00:28,511] {logging_mixin.py:104} INFO - [2021-05-01 05:00:28,511] {dagbag.py:451} INFO - Filling up the DagBag from /home/airflow/.local/lib/python3.6/site-packages/airflow/example_dags/example_kubernetes_executor.py
[2021-05-01 05:00:28,523] {scheduler_job.py:639} INFO - DAG(s) dict_keys(['example_kubernetes_executor']) retrieved from /home/airflow/.local/lib/python3.6/site-packages/airflow/example_dags/example_kubernetes_executor.py
[2021-05-01 05:00:28,541] {logging_mixin.py:104} INFO - [2021-05-01 05:00:28,541] {dag.py:1824} INFO - Sync 1 DAGs
[2021-05-01 05:00:28,554] {logging_mixin.py:104} INFO - [2021-05-01 05:00:28,554] {dag.py:2280} INFO - Setting next_dagrun for example_kubernetes_executor to None
[2021-05-01 05:00:28,567] {scheduler_job.py:190} INFO - Processing /home/airflow/.local/lib/python3.6/site-packages/airflow/example_dags/example_kubernetes_executor.py took 0.060 seconds
[2021-05-01 05:00:59,245] {scheduler_job.py:182} INFO - Started process (PID=1144) to work on /home/airflow/.local/lib/python3.6/site-packages/airflow/example_dags/example_kubernetes_executor.py
[2021-05-01 05:00:59,246] {scheduler_job.py:629} INFO - Processing file /home/airflow/.local/lib/python3.6/site-packages/airflow/example_dags/example_kubernetes_executor.py for tasks to queue
[2021-05-01 05:00:59,246] {logging_mixin.py:104} INFO - [2021-05-01 05:00:59,246] {dagbag.py:451} INFO - Filling up the DagBag from /home/airflow/.local/lib/python3.6/site-packages/airflow/example_dags/example_kubernetes_executor.py
[2021-05-01 05:00:59,261] {scheduler_job.py:639} INFO - DAG(s) dict_keys(['example_kubernetes_executor']) retrieved from /home/airflow/.local/lib/python3.6/site-packages/airflow/example_dags/example_kubernetes_executor.py
[2021-05-01 05:00:59,283] {logging_mixin.py:104} INFO - [2021-05-01 05:00:59,283] {dag.py:1824} INFO - Sync 1 DAGs
[2021-05-01 05:00:59,301] {logging_mixin.py:104} INFO - [2021-05-01 05:00:59,301] {dag.py:2280} INFO - Setting next_dagrun for example_kubernetes_executor to None
[2021-05-01 05:00:59,316] {scheduler_job.py:190} INFO - Processing /home/airflow/.local/lib/python3.6/site-packages/airflow/example_dags/example_kubernetes_executor.py took 0.074 seconds
[2021-05-01 05:01:29,957] {scheduler_job.py:182} INFO - Started process (PID=1177) to work on /home/airflow/.local/lib/python3.6/site-packages/airflow/example_dags/example_kubernetes_executor.py
[2021-05-01 05:01:29,961] {scheduler_job.py:629} INFO - Processing file /home/airflow/.local/lib/python3.6/site-packages/airflow/example_dags/example_kubernetes_executor.py for tasks to queue
[2021-05-01 05:01:29,962] {logging_mixin.py:104} INFO - [2021-05-01 05:01:29,962] {dagbag.py:451} INFO - Filling up the DagBag from /home/airflow/.local/lib/python3.6/site-packages/airflow/example_dags/example_kubernetes_executor.py
[2021-05-01 05:01:29,974] {scheduler_job.py:639} INFO - DAG(s) dict_keys(['example_kubernetes_executor']) retrieved from /home/airflow/.local/lib/python3.6/site-packages/airflow/example_dags/example_kubernetes_executor.py
[2021-05-01 05:01:29,992] {logging_mixin.py:104} INFO - [2021-05-01 05:01:29,992] {dag.py:1824} INFO - Sync 1 DAGs
[2021-05-01 05:01:30,014] {logging_mixin.py:104} INFO - [2021-05-01 05:01:30,013] {dag.py:2280} INFO - Setting next_dagrun for example_kubernetes_executor to None
[2021-05-01 05:01:30,029] {scheduler_job.py:190} INFO - Processing /home/airflow/.local/lib/python3.6/site-packages/airflow/example_dags/example_kubernetes_executor.py took 0.076 seconds
[2021-05-01 05:02:00,774] {scheduler_job.py:182} INFO - Started process (PID=1210) to work on /home/airflow/.local/lib/python3.6/site-packages/airflow/example_dags/example_kubernetes_executor.py
[2021-05-01 05:02:00,775] {scheduler_job.py:629} INFO - Processing file /home/airflow/.local/lib/python3.6/site-packages/airflow/example_dags/example_kubernetes_executor.py for tasks to queue
[2021-05-01 05:02:00,778] {logging_mixin.py:104} INFO - [2021-05-01 05:02:00,777] {dagbag.py:451} INFO - Filling up the DagBag from /home/airflow/.local/lib/python3.6/site-packages/airflow/example_dags/example_kubernetes_executor.py
[2021-05-01 05:02:00,801] {scheduler_job.py:639} INFO - DAG(s) dict_keys(['example_kubernetes_executor']) retrieved from /home/airflow/.local/lib/python3.6/site-packages/airflow/example_dags/example_kubernetes_executor.py
[2021-05-01 05:02:00,827] {logging_mixin.py:104} INFO - [2021-05-01 05:02:00,826] {dag.py:1824} INFO - Sync 1 DAGs
[2021-05-01 05:02:00,848] {logging_mixin.py:104} INFO - [2021-05-01 05:02:00,848] {dag.py:2280} INFO - Setting next_dagrun for example_kubernetes_executor to None
[2021-05-01 05:02:00,865] {scheduler_job.py:190} INFO - Processing /home/airflow/.local/lib/python3.6/site-packages/airflow/example_dags/example_kubernetes_executor.py took 0.094 seconds
[2021-05-01 05:02:31,452] {scheduler_job.py:182} INFO - Started process (PID=1243) to work on /home/airflow/.local/lib/python3.6/site-packages/airflow/example_dags/example_kubernetes_executor.py
[2021-05-01 05:02:31,454] {scheduler_job.py:629} INFO - Processing file /home/airflow/.local/lib/python3.6/site-packages/airflow/example_dags/example_kubernetes_executor.py for tasks to queue
[2021-05-01 05:02:31,454] {logging_mixin.py:104} INFO - [2021-05-01 05:02:31,454] {dagbag.py:451} INFO - Filling up the DagBag from /home/airflow/.local/lib/python3.6/site-packages/airflow/example_dags/example_kubernetes_executor.py
[2021-05-01 05:02:31,465] {scheduler_job.py:639} INFO - DAG(s) dict_keys(['example_kubernetes_executor']) retrieved from /home/airflow/.local/lib/python3.6/site-packages/airflow/example_dags/example_kubernetes_executor.py
[2021-05-01 05:02:31,485] {logging_mixin.py:104} INFO - [2021-05-01 05:02:31,485] {dag.py:1824} INFO - Sync 1 DAGs
[2021-05-01 05:02:31,504] {logging_mixin.py:104} INFO - [2021-05-01 05:02:31,504] {dag.py:2280} INFO - Setting next_dagrun for example_kubernetes_executor to None
[2021-05-01 05:02:31,521] {scheduler_job.py:190} INFO - Processing /home/airflow/.local/lib/python3.6/site-packages/airflow/example_dags/example_kubernetes_executor.py took 0.072 seconds
[2021-05-01 05:03:02,188] {scheduler_job.py:182} INFO - Started process (PID=1276) to work on /home/airflow/.local/lib/python3.6/site-packages/airflow/example_dags/example_kubernetes_executor.py
[2021-05-01 05:03:02,189] {scheduler_job.py:629} INFO - Processing file /home/airflow/.local/lib/python3.6/site-packages/airflow/example_dags/example_kubernetes_executor.py for tasks to queue
[2021-05-01 05:03:02,190] {logging_mixin.py:104} INFO - [2021-05-01 05:03:02,190] {dagbag.py:451} INFO - Filling up the DagBag from /home/airflow/.local/lib/python3.6/site-packages/airflow/example_dags/example_kubernetes_executor.py
[2021-05-01 05:03:02,204] {scheduler_job.py:639} INFO - DAG(s) dict_keys(['example_kubernetes_executor']) retrieved from /home/airflow/.local/lib/python3.6/site-packages/airflow/example_dags/example_kubernetes_executor.py
[2021-05-01 05:03:02,236] {logging_mixin.py:104} INFO - [2021-05-01 05:03:02,236] {dag.py:1824} INFO - Sync 1 DAGs
[2021-05-01 05:03:02,257] {logging_mixin.py:104} INFO - [2021-05-01 05:03:02,257] {dag.py:2280} INFO - Setting next_dagrun for example_kubernetes_executor to None
[2021-05-01 05:03:02,273] {scheduler_job.py:190} INFO - Processing /home/airflow/.local/lib/python3.6/site-packages/airflow/example_dags/example_kubernetes_executor.py took 0.087 seconds
[2021-05-01 05:03:32,901] {scheduler_job.py:182} INFO - Started process (PID=1309) to work on /home/airflow/.local/lib/python3.6/site-packages/airflow/example_dags/example_kubernetes_executor.py
[2021-05-01 05:03:32,902] {scheduler_job.py:629} INFO - Processing file /home/airflow/.local/lib/python3.6/site-packages/airflow/example_dags/example_kubernetes_executor.py for tasks to queue
[2021-05-01 05:03:32,903] {logging_mixin.py:104} INFO - [2021-05-01 05:03:32,903] {dagbag.py:451} INFO - Filling up the DagBag from /home/airflow/.local/lib/python3.6/site-packages/airflow/example_dags/example_kubernetes_executor.py
[2021-05-01 05:03:32,916] {scheduler_job.py:639} INFO - DAG(s) dict_keys(['example_kubernetes_executor']) retrieved from /home/airflow/.local/lib/python3.6/site-packages/airflow/example_dags/example_kubernetes_executor.py
[2021-05-01 05:03:32,944] {logging_mixin.py:104} INFO - [2021-05-01 05:03:32,944] {dag.py:1824} INFO - Sync 1 DAGs
[2021-05-01 05:03:32,966] {logging_mixin.py:104} INFO - [2021-05-01 05:03:32,966] {dag.py:2280} INFO - Setting next_dagrun for example_kubernetes_executor to None
[2021-05-01 05:03:32,985] {scheduler_job.py:190} INFO - Processing /home/airflow/.local/lib/python3.6/site-packages/airflow/example_dags/example_kubernetes_executor.py took 0.088 seconds
[2021-05-01 05:04:03,630] {scheduler_job.py:182} INFO - Started process (PID=1342) to work on /home/airflow/.local/lib/python3.6/site-packages/airflow/example_dags/example_kubernetes_executor.py
[2021-05-01 05:04:03,632] {scheduler_job.py:629} INFO - Processing file /home/airflow/.local/lib/python3.6/site-packages/airflow/example_dags/example_kubernetes_executor.py for tasks to queue
[2021-05-01 05:04:03,633] {logging_mixin.py:104} INFO - [2021-05-01 05:04:03,633] {dagbag.py:451} INFO - Filling up the DagBag from /home/airflow/.local/lib/python3.6/site-packages/airflow/example_dags/example_kubernetes_executor.py
[2021-05-01 05:04:03,645] {scheduler_job.py:639} INFO - DAG(s) dict_keys(['example_kubernetes_executor']) retrieved from /home/airflow/.local/lib/python3.6/site-packages/airflow/example_dags/example_kubernetes_executor.py
[2021-05-01 05:04:03,673] {logging_mixin.py:104} INFO - [2021-05-01 05:04:03,673] {dag.py:1824} INFO - Sync 1 DAGs
[2021-05-01 05:04:03,698] {logging_mixin.py:104} INFO - [2021-05-01 05:04:03,697] {dag.py:2280} INFO - Setting next_dagrun for example_kubernetes_executor to None
[2021-05-01 05:04:03,716] {scheduler_job.py:190} INFO - Processing /home/airflow/.local/lib/python3.6/site-packages/airflow/example_dags/example_kubernetes_executor.py took 0.089 seconds
[2021-05-01 05:04:34,694] {scheduler_job.py:182} INFO - Started process (PID=1375) to work on /home/airflow/.local/lib/python3.6/site-packages/airflow/example_dags/example_kubernetes_executor.py
[2021-05-01 05:04:34,703] {scheduler_job.py:629} INFO - Processing file /home/airflow/.local/lib/python3.6/site-packages/airflow/example_dags/example_kubernetes_executor.py for tasks to queue
[2021-05-01 05:04:34,706] {logging_mixin.py:104} INFO - [2021-05-01 05:04:34,705] {dagbag.py:451} INFO - Filling up the DagBag from /home/airflow/.local/lib/python3.6/site-packages/airflow/example_dags/example_kubernetes_executor.py
[2021-05-01 05:04:34,730] {scheduler_job.py:639} INFO - DAG(s) dict_keys(['example_kubernetes_executor']) retrieved from /home/airflow/.local/lib/python3.6/site-packages/airflow/example_dags/example_kubernetes_executor.py
[2021-05-01 05:04:34,765] {logging_mixin.py:104} INFO - [2021-05-01 05:04:34,764] {dag.py:1824} INFO - Sync 1 DAGs
[2021-05-01 05:04:34,795] {logging_mixin.py:104} INFO - [2021-05-01 05:04:34,795] {dag.py:2280} INFO - Setting next_dagrun for example_kubernetes_executor to None
[2021-05-01 05:04:34,833] {scheduler_job.py:190} INFO - Processing /home/airflow/.local/lib/python3.6/site-packages/airflow/example_dags/example_kubernetes_executor.py took 0.155 seconds
[2021-05-01 05:05:04,921] {scheduler_job.py:182} INFO - Started process (PID=1408) to work on /home/airflow/.local/lib/python3.6/site-packages/airflow/example_dags/example_kubernetes_executor.py
[2021-05-01 05:05:04,923] {scheduler_job.py:629} INFO - Processing file /home/airflow/.local/lib/python3.6/site-packages/airflow/example_dags/example_kubernetes_executor.py for tasks to queue
[2021-05-01 05:05:04,924] {logging_mixin.py:104} INFO - [2021-05-01 05:05:04,924] {dagbag.py:451} INFO - Filling up the DagBag from /home/airflow/.local/lib/python3.6/site-packages/airflow/example_dags/example_kubernetes_executor.py
[2021-05-01 05:05:04,939] {scheduler_job.py:639} INFO - DAG(s) dict_keys(['example_kubernetes_executor']) retrieved from /home/airflow/.local/lib/python3.6/site-packages/airflow/example_dags/example_kubernetes_executor.py
[2021-05-01 05:05:04,958] {logging_mixin.py:104} INFO - [2021-05-01 05:05:04,958] {dag.py:1824} INFO - Sync 1 DAGs
[2021-05-01 05:05:04,977] {logging_mixin.py:104} INFO - [2021-05-01 05:05:04,976] {dag.py:2280} INFO - Setting next_dagrun for example_kubernetes_executor to None
[2021-05-01 05:05:04,991] {scheduler_job.py:190} INFO - Processing /home/airflow/.local/lib/python3.6/site-packages/airflow/example_dags/example_kubernetes_executor.py took 0.072 seconds
[2021-05-01 05:05:35,871] {scheduler_job.py:182} INFO - Started process (PID=1441) to work on /home/airflow/.local/lib/python3.6/site-packages/airflow/example_dags/example_kubernetes_executor.py
[2021-05-01 05:05:35,873] {scheduler_job.py:629} INFO - Processing file /home/airflow/.local/lib/python3.6/site-packages/airflow/example_dags/example_kubernetes_executor.py for tasks to queue
[2021-05-01 05:05:35,874] {logging_mixin.py:104} INFO - [2021-05-01 05:05:35,874] {dagbag.py:451} INFO - Filling up the DagBag from /home/airflow/.local/lib/python3.6/site-packages/airflow/example_dags/example_kubernetes_executor.py
[2021-05-01 05:05:35,887] {scheduler_job.py:639} INFO - DAG(s) dict_keys(['example_kubernetes_executor']) retrieved from /home/airflow/.local/lib/python3.6/site-packages/airflow/example_dags/example_kubernetes_executor.py
[2021-05-01 05:05:35,909] {logging_mixin.py:104} INFO - [2021-05-01 05:05:35,909] {dag.py:1824} INFO - Sync 1 DAGs
[2021-05-01 05:05:35,925] {logging_mixin.py:104} INFO - [2021-05-01 05:05:35,925] {dag.py:2280} INFO - Setting next_dagrun for example_kubernetes_executor to None
[2021-05-01 05:05:35,938] {scheduler_job.py:190} INFO - Processing /home/airflow/.local/lib/python3.6/site-packages/airflow/example_dags/example_kubernetes_executor.py took 0.073 seconds
[2021-05-01 05:06:06,545] {scheduler_job.py:182} INFO - Started process (PID=1474) to work on /home/airflow/.local/lib/python3.6/site-packages/airflow/example_dags/example_kubernetes_executor.py
[2021-05-01 05:06:06,547] {scheduler_job.py:629} INFO - Processing file /home/airflow/.local/lib/python3.6/site-packages/airflow/example_dags/example_kubernetes_executor.py for tasks to queue
[2021-05-01 05:06:06,548] {logging_mixin.py:104} INFO - [2021-05-01 05:06:06,548] {dagbag.py:451} INFO - Filling up the DagBag from /home/airflow/.local/lib/python3.6/site-packages/airflow/example_dags/example_kubernetes_executor.py
[2021-05-01 05:06:06,568] {scheduler_job.py:639} INFO - DAG(s) dict_keys(['example_kubernetes_executor']) retrieved from /home/airflow/.local/lib/python3.6/site-packages/airflow/example_dags/example_kubernetes_executor.py
[2021-05-01 05:06:06,598] {logging_mixin.py:104} INFO - [2021-05-01 05:06:06,598] {dag.py:1824} INFO - Sync 1 DAGs
[2021-05-01 05:06:06,625] {logging_mixin.py:104} INFO - [2021-05-01 05:06:06,625] {dag.py:2280} INFO - Setting next_dagrun for example_kubernetes_executor to None
[2021-05-01 05:06:06,644] {scheduler_job.py:190} INFO - Processing /home/airflow/.local/lib/python3.6/site-packages/airflow/example_dags/example_kubernetes_executor.py took 0.103 seconds
[2021-05-01 05:06:37,276] {scheduler_job.py:182} INFO - Started process (PID=1507) to work on /home/airflow/.local/lib/python3.6/site-packages/airflow/example_dags/example_kubernetes_executor.py
[2021-05-01 05:06:37,277] {scheduler_job.py:629} INFO - Processing file /home/airflow/.local/lib/python3.6/site-packages/airflow/example_dags/example_kubernetes_executor.py for tasks to queue
[2021-05-01 05:06:37,277] {logging_mixin.py:104} INFO - [2021-05-01 05:06:37,277] {dagbag.py:451} INFO - Filling up the DagBag from /home/airflow/.local/lib/python3.6/site-packages/airflow/example_dags/example_kubernetes_executor.py
[2021-05-01 05:06:37,288] {scheduler_job.py:639} INFO - DAG(s) dict_keys(['example_kubernetes_executor']) retrieved from /home/airflow/.local/lib/python3.6/site-packages/airflow/example_dags/example_kubernetes_executor.py
[2021-05-01 05:06:37,310] {logging_mixin.py:104} INFO - [2021-05-01 05:06:37,310] {dag.py:1824} INFO - Sync 1 DAGs
[2021-05-01 05:06:37,325] {logging_mixin.py:104} INFO - [2021-05-01 05:06:37,325] {dag.py:2280} INFO - Setting next_dagrun for example_kubernetes_executor to None
[2021-05-01 05:06:37,340] {scheduler_job.py:190} INFO - Processing /home/airflow/.local/lib/python3.6/site-packages/airflow/example_dags/example_kubernetes_executor.py took 0.067 seconds
[2021-05-01 05:07:07,912] {scheduler_job.py:182} INFO - Started process (PID=1540) to work on /home/airflow/.local/lib/python3.6/site-packages/airflow/example_dags/example_kubernetes_executor.py
[2021-05-01 05:07:07,913] {scheduler_job.py:629} INFO - Processing file /home/airflow/.local/lib/python3.6/site-packages/airflow/example_dags/example_kubernetes_executor.py for tasks to queue
[2021-05-01 05:07:07,915] {logging_mixin.py:104} INFO - [2021-05-01 05:07:07,915] {dagbag.py:451} INFO - Filling up the DagBag from /home/airflow/.local/lib/python3.6/site-packages/airflow/example_dags/example_kubernetes_executor.py
[2021-05-01 05:07:07,932] {scheduler_job.py:639} INFO - DAG(s) dict_keys(['example_kubernetes_executor']) retrieved from /home/airflow/.local/lib/python3.6/site-packages/airflow/example_dags/example_kubernetes_executor.py
[2021-05-01 05:07:07,952] {logging_mixin.py:104} INFO - [2021-05-01 05:07:07,952] {dag.py:1824} INFO - Sync 1 DAGs
[2021-05-01 05:07:07,966] {logging_mixin.py:104} INFO - [2021-05-01 05:07:07,966] {dag.py:2280} INFO - Setting next_dagrun for example_kubernetes_executor to None
[2021-05-01 05:07:07,981] {scheduler_job.py:190} INFO - Processing /home/airflow/.local/lib/python3.6/site-packages/airflow/example_dags/example_kubernetes_executor.py took 0.072 seconds
[2021-05-01 05:07:38,624] {scheduler_job.py:182} INFO - Started process (PID=1573) to work on /home/airflow/.local/lib/python3.6/site-packages/airflow/example_dags/example_kubernetes_executor.py
[2021-05-01 05:07:38,625] {scheduler_job.py:629} INFO - Processing file /home/airflow/.local/lib/python3.6/site-packages/airflow/example_dags/example_kubernetes_executor.py for tasks to queue
[2021-05-01 05:07:38,626] {logging_mixin.py:104} INFO - [2021-05-01 05:07:38,626] {dagbag.py:451} INFO - Filling up the DagBag from /home/airflow/.local/lib/python3.6/site-packages/airflow/example_dags/example_kubernetes_executor.py
[2021-05-01 05:07:38,640] {scheduler_job.py:639} INFO - DAG(s) dict_keys(['example_kubernetes_executor']) retrieved from /home/airflow/.local/lib/python3.6/site-packages/airflow/example_dags/example_kubernetes_executor.py
[2021-05-01 05:07:38,663] {logging_mixin.py:104} INFO - [2021-05-01 05:07:38,663] {dag.py:1824} INFO - Sync 1 DAGs
[2021-05-01 05:07:38,683] {logging_mixin.py:104} INFO - [2021-05-01 05:07:38,682] {dag.py:2280} INFO - Setting next_dagrun for example_kubernetes_executor to None
[2021-05-01 05:07:38,700] {scheduler_job.py:190} INFO - Processing /home/airflow/.local/lib/python3.6/site-packages/airflow/example_dags/example_kubernetes_executor.py took 0.078 seconds
[2021-05-01 05:08:09,225] {scheduler_job.py:182} INFO - Started process (PID=1606) to work on /home/airflow/.local/lib/python3.6/site-packages/airflow/example_dags/example_kubernetes_executor.py
[2021-05-01 05:08:09,227] {scheduler_job.py:629} INFO - Processing file /home/airflow/.local/lib/python3.6/site-packages/airflow/example_dags/example_kubernetes_executor.py for tasks to queue
[2021-05-01 05:08:09,228] {logging_mixin.py:104} INFO - [2021-05-01 05:08:09,228] {dagbag.py:451} INFO - Filling up the DagBag from /home/airflow/.local/lib/python3.6/site-packages/airflow/example_dags/example_kubernetes_executor.py
[2021-05-01 05:08:09,246] {scheduler_job.py:639} INFO - DAG(s) dict_keys(['example_kubernetes_executor']) retrieved from /home/airflow/.local/lib/python3.6/site-packages/airflow/example_dags/example_kubernetes_executor.py
[2021-05-01 05:08:09,269] {logging_mixin.py:104} INFO - [2021-05-01 05:08:09,269] {dag.py:1824} INFO - Sync 1 DAGs
[2021-05-01 05:08:09,287] {logging_mixin.py:104} INFO - [2021-05-01 05:08:09,287] {dag.py:2280} INFO - Setting next_dagrun for example_kubernetes_executor to None
[2021-05-01 05:08:09,300] {scheduler_job.py:190} INFO - Processing /home/airflow/.local/lib/python3.6/site-packages/airflow/example_dags/example_kubernetes_executor.py took 0.080 seconds
[2021-05-01 05:08:39,843] {scheduler_job.py:182} INFO - Started process (PID=1639) to work on /home/airflow/.local/lib/python3.6/site-packages/airflow/example_dags/example_kubernetes_executor.py
[2021-05-01 05:08:39,845] {scheduler_job.py:629} INFO - Processing file /home/airflow/.local/lib/python3.6/site-packages/airflow/example_dags/example_kubernetes_executor.py for tasks to queue
[2021-05-01 05:08:39,846] {logging_mixin.py:104} INFO - [2021-05-01 05:08:39,845] {dagbag.py:451} INFO - Filling up the DagBag from /home/airflow/.local/lib/python3.6/site-packages/airflow/example_dags/example_kubernetes_executor.py
[2021-05-01 05:08:39,862] {scheduler_job.py:639} INFO - DAG(s) dict_keys(['example_kubernetes_executor']) retrieved from /home/airflow/.local/lib/python3.6/site-packages/airflow/example_dags/example_kubernetes_executor.py
[2021-05-01 05:08:39,888] {logging_mixin.py:104} INFO - [2021-05-01 05:08:39,888] {dag.py:1824} INFO - Sync 1 DAGs
[2021-05-01 05:08:39,913] {logging_mixin.py:104} INFO - [2021-05-01 05:08:39,912] {dag.py:2280} INFO - Setting next_dagrun for example_kubernetes_executor to None
[2021-05-01 05:08:39,929] {scheduler_job.py:190} INFO - Processing /home/airflow/.local/lib/python3.6/site-packages/airflow/example_dags/example_kubernetes_executor.py took 0.090 seconds
[2021-05-01 05:09:10,683] {scheduler_job.py:182} INFO - Started process (PID=1672) to work on /home/airflow/.local/lib/python3.6/site-packages/airflow/example_dags/example_kubernetes_executor.py
[2021-05-01 05:09:10,685] {scheduler_job.py:629} INFO - Processing file /home/airflow/.local/lib/python3.6/site-packages/airflow/example_dags/example_kubernetes_executor.py for tasks to queue
[2021-05-01 05:09:10,685] {logging_mixin.py:104} INFO - [2021-05-01 05:09:10,685] {dagbag.py:451} INFO - Filling up the DagBag from /home/airflow/.local/lib/python3.6/site-packages/airflow/example_dags/example_kubernetes_executor.py
[2021-05-01 05:09:10,696] {scheduler_job.py:639} INFO - DAG(s) dict_keys(['example_kubernetes_executor']) retrieved from /home/airflow/.local/lib/python3.6/site-packages/airflow/example_dags/example_kubernetes_executor.py
[2021-05-01 05:09:10,716] {logging_mixin.py:104} INFO - [2021-05-01 05:09:10,716] {dag.py:1824} INFO - Sync 1 DAGs
[2021-05-01 05:09:10,731] {logging_mixin.py:104} INFO - [2021-05-01 05:09:10,730] {dag.py:2280} INFO - Setting next_dagrun for example_kubernetes_executor to None
[2021-05-01 05:09:10,747] {scheduler_job.py:190} INFO - Processing /home/airflow/.local/lib/python3.6/site-packages/airflow/example_dags/example_kubernetes_executor.py took 0.067 seconds
[2021-05-01 05:09:41,388] {scheduler_job.py:182} INFO - Started process (PID=1705) to work on /home/airflow/.local/lib/python3.6/site-packages/airflow/example_dags/example_kubernetes_executor.py
[2021-05-01 05:09:41,389] {scheduler_job.py:629} INFO - Processing file /home/airflow/.local/lib/python3.6/site-packages/airflow/example_dags/example_kubernetes_executor.py for tasks to queue
[2021-05-01 05:09:41,389] {logging_mixin.py:104} INFO - [2021-05-01 05:09:41,389] {dagbag.py:451} INFO - Filling up the DagBag from /home/airflow/.local/lib/python3.6/site-packages/airflow/example_dags/example_kubernetes_executor.py
[2021-05-01 05:09:41,400] {scheduler_job.py:639} INFO - DAG(s) dict_keys(['example_kubernetes_executor']) retrieved from /home/airflow/.local/lib/python3.6/site-packages/airflow/example_dags/example_kubernetes_executor.py
[2021-05-01 05:09:41,422] {logging_mixin.py:104} INFO - [2021-05-01 05:09:41,422] {dag.py:1824} INFO - Sync 1 DAGs
[2021-05-01 05:09:41,436] {logging_mixin.py:104} INFO - [2021-05-01 05:09:41,436] {dag.py:2280} INFO - Setting next_dagrun for example_kubernetes_executor to None
[2021-05-01 05:09:41,451] {scheduler_job.py:190} INFO - Processing /home/airflow/.local/lib/python3.6/site-packages/airflow/example_dags/example_kubernetes_executor.py took 0.066 seconds
[2021-05-01 05:10:12,176] {scheduler_job.py:182} INFO - Started process (PID=1738) to work on /home/airflow/.local/lib/python3.6/site-packages/airflow/example_dags/example_kubernetes_executor.py
[2021-05-01 05:10:12,178] {scheduler_job.py:629} INFO - Processing file /home/airflow/.local/lib/python3.6/site-packages/airflow/example_dags/example_kubernetes_executor.py for tasks to queue
[2021-05-01 05:10:12,178] {logging_mixin.py:104} INFO - [2021-05-01 05:10:12,178] {dagbag.py:451} INFO - Filling up the DagBag from /home/airflow/.local/lib/python3.6/site-packages/airflow/example_dags/example_kubernetes_executor.py
[2021-05-01 05:10:12,194] {scheduler_job.py:639} INFO - DAG(s) dict_keys(['example_kubernetes_executor']) retrieved from /home/airflow/.local/lib/python3.6/site-packages/airflow/example_dags/example_kubernetes_executor.py
[2021-05-01 05:10:12,218] {logging_mixin.py:104} INFO - [2021-05-01 05:10:12,218] {dag.py:1824} INFO - Sync 1 DAGs
[2021-05-01 05:10:12,238] {logging_mixin.py:104} INFO - [2021-05-01 05:10:12,238] {dag.py:2280} INFO - Setting next_dagrun for example_kubernetes_executor to None
[2021-05-01 05:10:12,250] {scheduler_job.py:190} INFO - Processing /home/airflow/.local/lib/python3.6/site-packages/airflow/example_dags/example_kubernetes_executor.py took 0.077 seconds
[2021-05-01 05:10:42,866] {scheduler_job.py:182} INFO - Started process (PID=1771) to work on /home/airflow/.local/lib/python3.6/site-packages/airflow/example_dags/example_kubernetes_executor.py
[2021-05-01 05:10:42,867] {scheduler_job.py:629} INFO - Processing file /home/airflow/.local/lib/python3.6/site-packages/airflow/example_dags/example_kubernetes_executor.py for tasks to queue
[2021-05-01 05:10:42,868] {logging_mixin.py:104} INFO - [2021-05-01 05:10:42,867] {dagbag.py:451} INFO - Filling up the DagBag from /home/airflow/.local/lib/python3.6/site-packages/airflow/example_dags/example_kubernetes_executor.py
[2021-05-01 05:10:42,882] {scheduler_job.py:639} INFO - DAG(s) dict_keys(['example_kubernetes_executor']) retrieved from /home/airflow/.local/lib/python3.6/site-packages/airflow/example_dags/example_kubernetes_executor.py
[2021-05-01 05:10:42,906] {logging_mixin.py:104} INFO - [2021-05-01 05:10:42,906] {dag.py:1824} INFO - Sync 1 DAGs
[2021-05-01 05:10:42,923] {logging_mixin.py:104} INFO - [2021-05-01 05:10:42,922] {dag.py:2280} INFO - Setting next_dagrun for example_kubernetes_executor to None
[2021-05-01 05:10:42,939] {scheduler_job.py:190} INFO - Processing /home/airflow/.local/lib/python3.6/site-packages/airflow/example_dags/example_kubernetes_executor.py took 0.076 seconds
[2021-05-01 05:11:13,573] {scheduler_job.py:182} INFO - Started process (PID=1804) to work on /home/airflow/.local/lib/python3.6/site-packages/airflow/example_dags/example_kubernetes_executor.py
[2021-05-01 05:11:13,575] {scheduler_job.py:629} INFO - Processing file /home/airflow/.local/lib/python3.6/site-packages/airflow/example_dags/example_kubernetes_executor.py for tasks to queue
[2021-05-01 05:11:13,575] {logging_mixin.py:104} INFO - [2021-05-01 05:11:13,575] {dagbag.py:451} INFO - Filling up the DagBag from /home/airflow/.local/lib/python3.6/site-packages/airflow/example_dags/example_kubernetes_executor.py
[2021-05-01 05:11:13,587] {scheduler_job.py:639} INFO - DAG(s) dict_keys(['example_kubernetes_executor']) retrieved from /home/airflow/.local/lib/python3.6/site-packages/airflow/example_dags/example_kubernetes_executor.py
[2021-05-01 05:11:13,608] {logging_mixin.py:104} INFO - [2021-05-01 05:11:13,608] {dag.py:1824} INFO - Sync 1 DAGs
[2021-05-01 05:11:13,623] {logging_mixin.py:104} INFO - [2021-05-01 05:11:13,623] {dag.py:2280} INFO - Setting next_dagrun for example_kubernetes_executor to None
[2021-05-01 05:11:13,640] {scheduler_job.py:190} INFO - Processing /home/airflow/.local/lib/python3.6/site-packages/airflow/example_dags/example_kubernetes_executor.py took 0.070 seconds
[2021-05-01 05:11:44,336] {scheduler_job.py:182} INFO - Started process (PID=1837) to work on /home/airflow/.local/lib/python3.6/site-packages/airflow/example_dags/example_kubernetes_executor.py
[2021-05-01 05:11:44,338] {scheduler_job.py:629} INFO - Processing file /home/airflow/.local/lib/python3.6/site-packages/airflow/example_dags/example_kubernetes_executor.py for tasks to queue
[2021-05-01 05:11:44,339] {logging_mixin.py:104} INFO - [2021-05-01 05:11:44,339] {dagbag.py:451} INFO - Filling up the DagBag from /home/airflow/.local/lib/python3.6/site-packages/airflow/example_dags/example_kubernetes_executor.py
[2021-05-01 05:11:44,358] {scheduler_job.py:639} INFO - DAG(s) dict_keys(['example_kubernetes_executor']) retrieved from /home/airflow/.local/lib/python3.6/site-packages/airflow/example_dags/example_kubernetes_executor.py
[2021-05-01 05:11:44,390] {logging_mixin.py:104} INFO - [2021-05-01 05:11:44,389] {dag.py:1824} INFO - Sync 1 DAGs
[2021-05-01 05:11:44,412] {logging_mixin.py:104} INFO - [2021-05-01 05:11:44,412] {dag.py:2280} INFO - Setting next_dagrun for example_kubernetes_executor to None
[2021-05-01 05:11:44,426] {scheduler_job.py:190} INFO - Processing /home/airflow/.local/lib/python3.6/site-packages/airflow/example_dags/example_kubernetes_executor.py took 0.096 seconds
[2021-05-01 05:12:15,051] {scheduler_job.py:182} INFO - Started process (PID=1870) to work on /home/airflow/.local/lib/python3.6/site-packages/airflow/example_dags/example_kubernetes_executor.py
[2021-05-01 05:12:15,052] {scheduler_job.py:629} INFO - Processing file /home/airflow/.local/lib/python3.6/site-packages/airflow/example_dags/example_kubernetes_executor.py for tasks to queue
[2021-05-01 05:12:15,052] {logging_mixin.py:104} INFO - [2021-05-01 05:12:15,052] {dagbag.py:451} INFO - Filling up the DagBag from /home/airflow/.local/lib/python3.6/site-packages/airflow/example_dags/example_kubernetes_executor.py
[2021-05-01 05:12:15,071] {scheduler_job.py:639} INFO - DAG(s) dict_keys(['example_kubernetes_executor']) retrieved from /home/airflow/.local/lib/python3.6/site-packages/airflow/example_dags/example_kubernetes_executor.py
[2021-05-01 05:12:15,091] {logging_mixin.py:104} INFO - [2021-05-01 05:12:15,091] {dag.py:1824} INFO - Sync 1 DAGs
[2021-05-01 05:12:15,104] {logging_mixin.py:104} INFO - [2021-05-01 05:12:15,104] {dag.py:2280} INFO - Setting next_dagrun for example_kubernetes_executor to None
[2021-05-01 05:12:15,116] {scheduler_job.py:190} INFO - Processing /home/airflow/.local/lib/python3.6/site-packages/airflow/example_dags/example_kubernetes_executor.py took 0.068 seconds
[2021-05-01 05:12:45,771] {scheduler_job.py:182} INFO - Started process (PID=1903) to work on /home/airflow/.local/lib/python3.6/site-packages/airflow/example_dags/example_kubernetes_executor.py
[2021-05-01 05:12:45,772] {scheduler_job.py:629} INFO - Processing file /home/airflow/.local/lib/python3.6/site-packages/airflow/example_dags/example_kubernetes_executor.py for tasks to queue
[2021-05-01 05:12:45,773] {logging_mixin.py:104} INFO - [2021-05-01 05:12:45,773] {dagbag.py:451} INFO - Filling up the DagBag from /home/airflow/.local/lib/python3.6/site-packages/airflow/example_dags/example_kubernetes_executor.py
[2021-05-01 05:12:45,788] {scheduler_job.py:639} INFO - DAG(s) dict_keys(['example_kubernetes_executor']) retrieved from /home/airflow/.local/lib/python3.6/site-packages/airflow/example_dags/example_kubernetes_executor.py
[2021-05-01 05:12:45,810] {logging_mixin.py:104} INFO - [2021-05-01 05:12:45,810] {dag.py:1824} INFO - Sync 1 DAGs
[2021-05-01 05:12:45,831] {logging_mixin.py:104} INFO - [2021-05-01 05:12:45,831] {dag.py:2280} INFO - Setting next_dagrun for example_kubernetes_executor to None
[2021-05-01 05:12:45,847] {scheduler_job.py:190} INFO - Processing /home/airflow/.local/lib/python3.6/site-packages/airflow/example_dags/example_kubernetes_executor.py took 0.078 seconds
[2021-05-01 05:13:16,436] {scheduler_job.py:182} INFO - Started process (PID=1936) to work on /home/airflow/.local/lib/python3.6/site-packages/airflow/example_dags/example_kubernetes_executor.py
[2021-05-01 05:13:16,437] {scheduler_job.py:629} INFO - Processing file /home/airflow/.local/lib/python3.6/site-packages/airflow/example_dags/example_kubernetes_executor.py for tasks to queue
[2021-05-01 05:13:16,438] {logging_mixin.py:104} INFO - [2021-05-01 05:13:16,438] {dagbag.py:451} INFO - Filling up the DagBag from /home/airflow/.local/lib/python3.6/site-packages/airflow/example_dags/example_kubernetes_executor.py
[2021-05-01 05:13:16,451] {scheduler_job.py:639} INFO - DAG(s) dict_keys(['example_kubernetes_executor']) retrieved from /home/airflow/.local/lib/python3.6/site-packages/airflow/example_dags/example_kubernetes_executor.py
[2021-05-01 05:13:16,471] {logging_mixin.py:104} INFO - [2021-05-01 05:13:16,471] {dag.py:1824} INFO - Sync 1 DAGs
[2021-05-01 05:13:16,486] {logging_mixin.py:104} INFO - [2021-05-01 05:13:16,486] {dag.py:2280} INFO - Setting next_dagrun for example_kubernetes_executor to None
[2021-05-01 05:13:16,501] {scheduler_job.py:190} INFO - Processing /home/airflow/.local/lib/python3.6/site-packages/airflow/example_dags/example_kubernetes_executor.py took 0.068 seconds
[2021-05-01 05:13:47,095] {scheduler_job.py:182} INFO - Started process (PID=1969) to work on /home/airflow/.local/lib/python3.6/site-packages/airflow/example_dags/example_kubernetes_executor.py
[2021-05-01 05:13:47,097] {scheduler_job.py:629} INFO - Processing file /home/airflow/.local/lib/python3.6/site-packages/airflow/example_dags/example_kubernetes_executor.py for tasks to queue
[2021-05-01 05:13:47,098] {logging_mixin.py:104} INFO - [2021-05-01 05:13:47,097] {dagbag.py:451} INFO - Filling up the DagBag from /home/airflow/.local/lib/python3.6/site-packages/airflow/example_dags/example_kubernetes_executor.py
[2021-05-01 05:13:47,111] {scheduler_job.py:639} INFO - DAG(s) dict_keys(['example_kubernetes_executor']) retrieved from /home/airflow/.local/lib/python3.6/site-packages/airflow/example_dags/example_kubernetes_executor.py
[2021-05-01 05:13:47,137] {logging_mixin.py:104} INFO - [2021-05-01 05:13:47,137] {dag.py:1824} INFO - Sync 1 DAGs
[2021-05-01 05:13:47,157] {logging_mixin.py:104} INFO - [2021-05-01 05:13:47,157] {dag.py:2280} INFO - Setting next_dagrun for example_kubernetes_executor to None
[2021-05-01 05:13:47,184] {scheduler_job.py:190} INFO - Processing /home/airflow/.local/lib/python3.6/site-packages/airflow/example_dags/example_kubernetes_executor.py took 0.092 seconds
[2021-05-01 05:14:17,756] {scheduler_job.py:182} INFO - Started process (PID=2002) to work on /home/airflow/.local/lib/python3.6/site-packages/airflow/example_dags/example_kubernetes_executor.py
[2021-05-01 05:14:17,757] {scheduler_job.py:629} INFO - Processing file /home/airflow/.local/lib/python3.6/site-packages/airflow/example_dags/example_kubernetes_executor.py for tasks to queue
[2021-05-01 05:14:17,758] {logging_mixin.py:104} INFO - [2021-05-01 05:14:17,758] {dagbag.py:451} INFO - Filling up the DagBag from /home/airflow/.local/lib/python3.6/site-packages/airflow/example_dags/example_kubernetes_executor.py
[2021-05-01 05:14:17,770] {scheduler_job.py:639} INFO - DAG(s) dict_keys(['example_kubernetes_executor']) retrieved from /home/airflow/.local/lib/python3.6/site-packages/airflow/example_dags/example_kubernetes_executor.py
[2021-05-01 05:14:17,792] {logging_mixin.py:104} INFO - [2021-05-01 05:14:17,792] {dag.py:1824} INFO - Sync 1 DAGs
[2021-05-01 05:14:17,807] {logging_mixin.py:104} INFO - [2021-05-01 05:14:17,807] {dag.py:2280} INFO - Setting next_dagrun for example_kubernetes_executor to None
[2021-05-01 05:14:17,819] {scheduler_job.py:190} INFO - Processing /home/airflow/.local/lib/python3.6/site-packages/airflow/example_dags/example_kubernetes_executor.py took 0.067 seconds
[2021-05-01 05:14:48,412] {scheduler_job.py:182} INFO - Started process (PID=2035) to work on /home/airflow/.local/lib/python3.6/site-packages/airflow/example_dags/example_kubernetes_executor.py
[2021-05-01 05:14:48,413] {scheduler_job.py:629} INFO - Processing file /home/airflow/.local/lib/python3.6/site-packages/airflow/example_dags/example_kubernetes_executor.py for tasks to queue
[2021-05-01 05:14:48,413] {logging_mixin.py:104} INFO - [2021-05-01 05:14:48,413] {dagbag.py:451} INFO - Filling up the DagBag from /home/airflow/.local/lib/python3.6/site-packages/airflow/example_dags/example_kubernetes_executor.py
[2021-05-01 05:14:48,424] {scheduler_job.py:639} INFO - DAG(s) dict_keys(['example_kubernetes_executor']) retrieved from /home/airflow/.local/lib/python3.6/site-packages/airflow/example_dags/example_kubernetes_executor.py
[2021-05-01 05:14:48,449] {logging_mixin.py:104} INFO - [2021-05-01 05:14:48,448] {dag.py:1824} INFO - Sync 1 DAGs
[2021-05-01 05:14:48,464] {logging_mixin.py:104} INFO - [2021-05-01 05:14:48,464] {dag.py:2280} INFO - Setting next_dagrun for example_kubernetes_executor to None
[2021-05-01 05:14:48,481] {scheduler_job.py:190} INFO - Processing /home/airflow/.local/lib/python3.6/site-packages/airflow/example_dags/example_kubernetes_executor.py took 0.072 seconds
[2021-05-01 05:15:18,892] {scheduler_job.py:182} INFO - Started process (PID=2068) to work on /home/airflow/.local/lib/python3.6/site-packages/airflow/example_dags/example_kubernetes_executor.py
[2021-05-01 05:15:18,893] {scheduler_job.py:629} INFO - Processing file /home/airflow/.local/lib/python3.6/site-packages/airflow/example_dags/example_kubernetes_executor.py for tasks to queue
[2021-05-01 05:15:18,894] {logging_mixin.py:104} INFO - [2021-05-01 05:15:18,894] {dagbag.py:451} INFO - Filling up the DagBag from /home/airflow/.local/lib/python3.6/site-packages/airflow/example_dags/example_kubernetes_executor.py
[2021-05-01 05:15:18,906] {scheduler_job.py:639} INFO - DAG(s) dict_keys(['example_kubernetes_executor']) retrieved from /home/airflow/.local/lib/python3.6/site-packages/airflow/example_dags/example_kubernetes_executor.py
[2021-05-01 05:15:18,929] {logging_mixin.py:104} INFO - [2021-05-01 05:15:18,929] {dag.py:1824} INFO - Sync 1 DAGs
[2021-05-01 05:15:18,949] {logging_mixin.py:104} INFO - [2021-05-01 05:15:18,948] {dag.py:2280} INFO - Setting next_dagrun for example_kubernetes_executor to None
[2021-05-01 05:15:18,969] {scheduler_job.py:190} INFO - Processing /home/airflow/.local/lib/python3.6/site-packages/airflow/example_dags/example_kubernetes_executor.py took 0.081 seconds
[2021-05-01 05:15:49,607] {scheduler_job.py:182} INFO - Started process (PID=2101) to work on /home/airflow/.local/lib/python3.6/site-packages/airflow/example_dags/example_kubernetes_executor.py
[2021-05-01 05:15:49,608] {scheduler_job.py:629} INFO - Processing file /home/airflow/.local/lib/python3.6/site-packages/airflow/example_dags/example_kubernetes_executor.py for tasks to queue
[2021-05-01 05:15:49,609] {logging_mixin.py:104} INFO - [2021-05-01 05:15:49,609] {dagbag.py:451} INFO - Filling up the DagBag from /home/airflow/.local/lib/python3.6/site-packages/airflow/example_dags/example_kubernetes_executor.py
[2021-05-01 05:15:49,622] {scheduler_job.py:639} INFO - DAG(s) dict_keys(['example_kubernetes_executor']) retrieved from /home/airflow/.local/lib/python3.6/site-packages/airflow/example_dags/example_kubernetes_executor.py
[2021-05-01 05:15:49,648] {logging_mixin.py:104} INFO - [2021-05-01 05:15:49,648] {dag.py:1824} INFO - Sync 1 DAGs
[2021-05-01 05:15:49,665] {logging_mixin.py:104} INFO - [2021-05-01 05:15:49,665] {dag.py:2280} INFO - Setting next_dagrun for example_kubernetes_executor to None
[2021-05-01 05:15:49,678] {scheduler_job.py:190} INFO - Processing /home/airflow/.local/lib/python3.6/site-packages/airflow/example_dags/example_kubernetes_executor.py took 0.076 seconds
[2021-05-01 05:16:20,412] {scheduler_job.py:182} INFO - Started process (PID=2134) to work on /home/airflow/.local/lib/python3.6/site-packages/airflow/example_dags/example_kubernetes_executor.py
[2021-05-01 05:16:20,414] {scheduler_job.py:629} INFO - Processing file /home/airflow/.local/lib/python3.6/site-packages/airflow/example_dags/example_kubernetes_executor.py for tasks to queue
[2021-05-01 05:16:20,415] {logging_mixin.py:104} INFO - [2021-05-01 05:16:20,415] {dagbag.py:451} INFO - Filling up the DagBag from /home/airflow/.local/lib/python3.6/site-packages/airflow/example_dags/example_kubernetes_executor.py
[2021-05-01 05:16:20,432] {scheduler_job.py:639} INFO - DAG(s) dict_keys(['example_kubernetes_executor']) retrieved from /home/airflow/.local/lib/python3.6/site-packages/airflow/example_dags/example_kubernetes_executor.py
[2021-05-01 05:16:20,469] {logging_mixin.py:104} INFO - [2021-05-01 05:16:20,468] {dag.py:1824} INFO - Sync 1 DAGs
[2021-05-01 05:16:20,492] {logging_mixin.py:104} INFO - [2021-05-01 05:16:20,492] {dag.py:2280} INFO - Setting next_dagrun for example_kubernetes_executor to None
[2021-05-01 05:16:20,515] {scheduler_job.py:190} INFO - Processing /home/airflow/.local/lib/python3.6/site-packages/airflow/example_dags/example_kubernetes_executor.py took 0.108 seconds
