[2021-05-01 06:12:31,152] {scheduler_job.py:182} INFO - Started process (PID=3717) to work on /home/airflow/.local/lib/python3.6/site-packages/airflow/example_dags/example_xcomargs.py
[2021-05-01 06:12:31,153] {scheduler_job.py:629} INFO - Processing file /home/airflow/.local/lib/python3.6/site-packages/airflow/example_dags/example_xcomargs.py for tasks to queue
[2021-05-01 06:12:31,155] {logging_mixin.py:104} INFO - [2021-05-01 06:12:31,154] {dagbag.py:451} INFO - Filling up the DagBag from /home/airflow/.local/lib/python3.6/site-packages/airflow/example_dags/example_xcomargs.py
[2021-05-01 06:12:31,179] {scheduler_job.py:639} INFO - DAG(s) dict_keys(['example_xcom_args', 'example_xcom_args_with_operators']) retrieved from /home/airflow/.local/lib/python3.6/site-packages/airflow/example_dags/example_xcomargs.py
[2021-05-01 06:12:31,211] {logging_mixin.py:104} INFO - [2021-05-01 06:12:31,211] {dag.py:1824} INFO - Sync 2 DAGs
[2021-05-01 06:12:31,227] {logging_mixin.py:104} INFO - [2021-05-01 06:12:31,227] {dag.py:2280} INFO - Setting next_dagrun for example_xcom_args to None
[2021-05-01 06:12:31,228] {logging_mixin.py:104} INFO - [2021-05-01 06:12:31,228] {dag.py:2280} INFO - Setting next_dagrun for example_xcom_args_with_operators to None
[2021-05-01 06:12:31,238] {scheduler_job.py:190} INFO - Processing /home/airflow/.local/lib/python3.6/site-packages/airflow/example_dags/example_xcomargs.py took 0.092 seconds
[2021-05-01 06:13:01,800] {scheduler_job.py:182} INFO - Started process (PID=3750) to work on /home/airflow/.local/lib/python3.6/site-packages/airflow/example_dags/example_xcomargs.py
[2021-05-01 06:13:01,804] {scheduler_job.py:629} INFO - Processing file /home/airflow/.local/lib/python3.6/site-packages/airflow/example_dags/example_xcomargs.py for tasks to queue
[2021-05-01 06:13:01,807] {logging_mixin.py:104} INFO - [2021-05-01 06:13:01,806] {dagbag.py:451} INFO - Filling up the DagBag from /home/airflow/.local/lib/python3.6/site-packages/airflow/example_dags/example_xcomargs.py
[2021-05-01 06:13:01,830] {scheduler_job.py:639} INFO - DAG(s) dict_keys(['example_xcom_args', 'example_xcom_args_with_operators']) retrieved from /home/airflow/.local/lib/python3.6/site-packages/airflow/example_dags/example_xcomargs.py
[2021-05-01 06:13:01,877] {logging_mixin.py:104} INFO - [2021-05-01 06:13:01,876] {dag.py:1824} INFO - Sync 2 DAGs
[2021-05-01 06:13:01,913] {logging_mixin.py:104} INFO - [2021-05-01 06:13:01,912] {dag.py:2280} INFO - Setting next_dagrun for example_xcom_args to None
[2021-05-01 06:13:01,916] {logging_mixin.py:104} INFO - [2021-05-01 06:13:01,915] {dag.py:2280} INFO - Setting next_dagrun for example_xcom_args_with_operators to None
[2021-05-01 06:13:01,940] {scheduler_job.py:190} INFO - Processing /home/airflow/.local/lib/python3.6/site-packages/airflow/example_dags/example_xcomargs.py took 0.145 seconds
[2021-05-01 06:13:31,981] {scheduler_job.py:182} INFO - Started process (PID=3783) to work on /home/airflow/.local/lib/python3.6/site-packages/airflow/example_dags/example_xcomargs.py
[2021-05-01 06:13:31,982] {scheduler_job.py:629} INFO - Processing file /home/airflow/.local/lib/python3.6/site-packages/airflow/example_dags/example_xcomargs.py for tasks to queue
[2021-05-01 06:13:31,983] {logging_mixin.py:104} INFO - [2021-05-01 06:13:31,983] {dagbag.py:451} INFO - Filling up the DagBag from /home/airflow/.local/lib/python3.6/site-packages/airflow/example_dags/example_xcomargs.py
[2021-05-01 06:13:31,997] {scheduler_job.py:639} INFO - DAG(s) dict_keys(['example_xcom_args', 'example_xcom_args_with_operators']) retrieved from /home/airflow/.local/lib/python3.6/site-packages/airflow/example_dags/example_xcomargs.py
[2021-05-01 06:13:32,037] {logging_mixin.py:104} INFO - [2021-05-01 06:13:32,037] {dag.py:1824} INFO - Sync 2 DAGs
[2021-05-01 06:13:32,061] {logging_mixin.py:104} INFO - [2021-05-01 06:13:32,061] {dag.py:2280} INFO - Setting next_dagrun for example_xcom_args to None
[2021-05-01 06:13:32,063] {logging_mixin.py:104} INFO - [2021-05-01 06:13:32,062] {dag.py:2280} INFO - Setting next_dagrun for example_xcom_args_with_operators to None
[2021-05-01 06:13:32,089] {scheduler_job.py:190} INFO - Processing /home/airflow/.local/lib/python3.6/site-packages/airflow/example_dags/example_xcomargs.py took 0.112 seconds
[2021-05-01 06:14:03,019] {scheduler_job.py:182} INFO - Started process (PID=3816) to work on /home/airflow/.local/lib/python3.6/site-packages/airflow/example_dags/example_xcomargs.py
[2021-05-01 06:14:03,021] {scheduler_job.py:629} INFO - Processing file /home/airflow/.local/lib/python3.6/site-packages/airflow/example_dags/example_xcomargs.py for tasks to queue
[2021-05-01 06:14:03,022] {logging_mixin.py:104} INFO - [2021-05-01 06:14:03,022] {dagbag.py:451} INFO - Filling up the DagBag from /home/airflow/.local/lib/python3.6/site-packages/airflow/example_dags/example_xcomargs.py
[2021-05-01 06:14:03,040] {scheduler_job.py:639} INFO - DAG(s) dict_keys(['example_xcom_args', 'example_xcom_args_with_operators']) retrieved from /home/airflow/.local/lib/python3.6/site-packages/airflow/example_dags/example_xcomargs.py
[2021-05-01 06:14:03,074] {logging_mixin.py:104} INFO - [2021-05-01 06:14:03,074] {dag.py:1824} INFO - Sync 2 DAGs
[2021-05-01 06:14:03,096] {logging_mixin.py:104} INFO - [2021-05-01 06:14:03,096] {dag.py:2280} INFO - Setting next_dagrun for example_xcom_args to None
[2021-05-01 06:14:03,098] {logging_mixin.py:104} INFO - [2021-05-01 06:14:03,098] {dag.py:2280} INFO - Setting next_dagrun for example_xcom_args_with_operators to None
[2021-05-01 06:14:03,116] {scheduler_job.py:190} INFO - Processing /home/airflow/.local/lib/python3.6/site-packages/airflow/example_dags/example_xcomargs.py took 0.102 seconds
[2021-05-01 06:14:33,571] {scheduler_job.py:182} INFO - Started process (PID=3849) to work on /home/airflow/.local/lib/python3.6/site-packages/airflow/example_dags/example_xcomargs.py
[2021-05-01 06:14:33,572] {scheduler_job.py:629} INFO - Processing file /home/airflow/.local/lib/python3.6/site-packages/airflow/example_dags/example_xcomargs.py for tasks to queue
[2021-05-01 06:14:33,573] {logging_mixin.py:104} INFO - [2021-05-01 06:14:33,573] {dagbag.py:451} INFO - Filling up the DagBag from /home/airflow/.local/lib/python3.6/site-packages/airflow/example_dags/example_xcomargs.py
[2021-05-01 06:14:33,588] {scheduler_job.py:639} INFO - DAG(s) dict_keys(['example_xcom_args', 'example_xcom_args_with_operators']) retrieved from /home/airflow/.local/lib/python3.6/site-packages/airflow/example_dags/example_xcomargs.py
[2021-05-01 06:14:33,616] {logging_mixin.py:104} INFO - [2021-05-01 06:14:33,616] {dag.py:1824} INFO - Sync 2 DAGs
[2021-05-01 06:14:33,633] {logging_mixin.py:104} INFO - [2021-05-01 06:14:33,633] {dag.py:2280} INFO - Setting next_dagrun for example_xcom_args to None
[2021-05-01 06:14:33,634] {logging_mixin.py:104} INFO - [2021-05-01 06:14:33,634] {dag.py:2280} INFO - Setting next_dagrun for example_xcom_args_with_operators to None
[2021-05-01 06:14:33,645] {scheduler_job.py:190} INFO - Processing /home/airflow/.local/lib/python3.6/site-packages/airflow/example_dags/example_xcomargs.py took 0.078 seconds
[2021-05-01 06:15:04,026] {scheduler_job.py:182} INFO - Started process (PID=3882) to work on /home/airflow/.local/lib/python3.6/site-packages/airflow/example_dags/example_xcomargs.py
[2021-05-01 06:15:04,028] {scheduler_job.py:629} INFO - Processing file /home/airflow/.local/lib/python3.6/site-packages/airflow/example_dags/example_xcomargs.py for tasks to queue
[2021-05-01 06:15:04,029] {logging_mixin.py:104} INFO - [2021-05-01 06:15:04,029] {dagbag.py:451} INFO - Filling up the DagBag from /home/airflow/.local/lib/python3.6/site-packages/airflow/example_dags/example_xcomargs.py
[2021-05-01 06:15:04,045] {scheduler_job.py:639} INFO - DAG(s) dict_keys(['example_xcom_args', 'example_xcom_args_with_operators']) retrieved from /home/airflow/.local/lib/python3.6/site-packages/airflow/example_dags/example_xcomargs.py
[2021-05-01 06:15:04,077] {logging_mixin.py:104} INFO - [2021-05-01 06:15:04,077] {dag.py:1824} INFO - Sync 2 DAGs
[2021-05-01 06:15:04,095] {logging_mixin.py:104} INFO - [2021-05-01 06:15:04,095] {dag.py:2280} INFO - Setting next_dagrun for example_xcom_args to None
[2021-05-01 06:15:04,096] {logging_mixin.py:104} INFO - [2021-05-01 06:15:04,096] {dag.py:2280} INFO - Setting next_dagrun for example_xcom_args_with_operators to None
[2021-05-01 06:15:04,111] {scheduler_job.py:190} INFO - Processing /home/airflow/.local/lib/python3.6/site-packages/airflow/example_dags/example_xcomargs.py took 0.089 seconds
[2021-05-01 06:15:34,598] {scheduler_job.py:182} INFO - Started process (PID=3915) to work on /home/airflow/.local/lib/python3.6/site-packages/airflow/example_dags/example_xcomargs.py
[2021-05-01 06:15:34,600] {scheduler_job.py:629} INFO - Processing file /home/airflow/.local/lib/python3.6/site-packages/airflow/example_dags/example_xcomargs.py for tasks to queue
[2021-05-01 06:15:34,601] {logging_mixin.py:104} INFO - [2021-05-01 06:15:34,601] {dagbag.py:451} INFO - Filling up the DagBag from /home/airflow/.local/lib/python3.6/site-packages/airflow/example_dags/example_xcomargs.py
[2021-05-01 06:15:34,623] {scheduler_job.py:639} INFO - DAG(s) dict_keys(['example_xcom_args', 'example_xcom_args_with_operators']) retrieved from /home/airflow/.local/lib/python3.6/site-packages/airflow/example_dags/example_xcomargs.py
[2021-05-01 06:15:34,656] {logging_mixin.py:104} INFO - [2021-05-01 06:15:34,656] {dag.py:1824} INFO - Sync 2 DAGs
[2021-05-01 06:15:34,677] {logging_mixin.py:104} INFO - [2021-05-01 06:15:34,677] {dag.py:2280} INFO - Setting next_dagrun for example_xcom_args to None
[2021-05-01 06:15:34,678] {logging_mixin.py:104} INFO - [2021-05-01 06:15:34,678] {dag.py:2280} INFO - Setting next_dagrun for example_xcom_args_with_operators to None
[2021-05-01 06:15:34,690] {scheduler_job.py:190} INFO - Processing /home/airflow/.local/lib/python3.6/site-packages/airflow/example_dags/example_xcomargs.py took 0.096 seconds
[2021-05-01 06:16:05,240] {scheduler_job.py:182} INFO - Started process (PID=3948) to work on /home/airflow/.local/lib/python3.6/site-packages/airflow/example_dags/example_xcomargs.py
[2021-05-01 06:16:05,242] {scheduler_job.py:629} INFO - Processing file /home/airflow/.local/lib/python3.6/site-packages/airflow/example_dags/example_xcomargs.py for tasks to queue
[2021-05-01 06:16:05,244] {logging_mixin.py:104} INFO - [2021-05-01 06:16:05,243] {dagbag.py:451} INFO - Filling up the DagBag from /home/airflow/.local/lib/python3.6/site-packages/airflow/example_dags/example_xcomargs.py
[2021-05-01 06:16:05,260] {scheduler_job.py:639} INFO - DAG(s) dict_keys(['example_xcom_args', 'example_xcom_args_with_operators']) retrieved from /home/airflow/.local/lib/python3.6/site-packages/airflow/example_dags/example_xcomargs.py
[2021-05-01 06:16:05,290] {logging_mixin.py:104} INFO - [2021-05-01 06:16:05,290] {dag.py:1824} INFO - Sync 2 DAGs
[2021-05-01 06:16:05,309] {logging_mixin.py:104} INFO - [2021-05-01 06:16:05,309] {dag.py:2280} INFO - Setting next_dagrun for example_xcom_args to None
[2021-05-01 06:16:05,310] {logging_mixin.py:104} INFO - [2021-05-01 06:16:05,310] {dag.py:2280} INFO - Setting next_dagrun for example_xcom_args_with_operators to None
[2021-05-01 06:16:05,322] {scheduler_job.py:190} INFO - Processing /home/airflow/.local/lib/python3.6/site-packages/airflow/example_dags/example_xcomargs.py took 0.086 seconds
[2021-05-01 06:16:35,844] {scheduler_job.py:182} INFO - Started process (PID=3981) to work on /home/airflow/.local/lib/python3.6/site-packages/airflow/example_dags/example_xcomargs.py
[2021-05-01 06:16:35,845] {scheduler_job.py:629} INFO - Processing file /home/airflow/.local/lib/python3.6/site-packages/airflow/example_dags/example_xcomargs.py for tasks to queue
[2021-05-01 06:16:35,846] {logging_mixin.py:104} INFO - [2021-05-01 06:16:35,846] {dagbag.py:451} INFO - Filling up the DagBag from /home/airflow/.local/lib/python3.6/site-packages/airflow/example_dags/example_xcomargs.py
[2021-05-01 06:16:35,863] {scheduler_job.py:639} INFO - DAG(s) dict_keys(['example_xcom_args', 'example_xcom_args_with_operators']) retrieved from /home/airflow/.local/lib/python3.6/site-packages/airflow/example_dags/example_xcomargs.py
[2021-05-01 06:16:35,895] {logging_mixin.py:104} INFO - [2021-05-01 06:16:35,895] {dag.py:1824} INFO - Sync 2 DAGs
[2021-05-01 06:16:35,914] {logging_mixin.py:104} INFO - [2021-05-01 06:16:35,913] {dag.py:2280} INFO - Setting next_dagrun for example_xcom_args to None
[2021-05-01 06:16:35,915] {logging_mixin.py:104} INFO - [2021-05-01 06:16:35,915] {dag.py:2280} INFO - Setting next_dagrun for example_xcom_args_with_operators to None
[2021-05-01 06:16:35,928] {scheduler_job.py:190} INFO - Processing /home/airflow/.local/lib/python3.6/site-packages/airflow/example_dags/example_xcomargs.py took 0.087 seconds
[2021-05-01 06:17:06,471] {scheduler_job.py:182} INFO - Started process (PID=4014) to work on /home/airflow/.local/lib/python3.6/site-packages/airflow/example_dags/example_xcomargs.py
[2021-05-01 06:17:06,472] {scheduler_job.py:629} INFO - Processing file /home/airflow/.local/lib/python3.6/site-packages/airflow/example_dags/example_xcomargs.py for tasks to queue
[2021-05-01 06:17:06,473] {logging_mixin.py:104} INFO - [2021-05-01 06:17:06,473] {dagbag.py:451} INFO - Filling up the DagBag from /home/airflow/.local/lib/python3.6/site-packages/airflow/example_dags/example_xcomargs.py
[2021-05-01 06:17:06,491] {scheduler_job.py:639} INFO - DAG(s) dict_keys(['example_xcom_args', 'example_xcom_args_with_operators']) retrieved from /home/airflow/.local/lib/python3.6/site-packages/airflow/example_dags/example_xcomargs.py
[2021-05-01 06:17:06,526] {logging_mixin.py:104} INFO - [2021-05-01 06:17:06,526] {dag.py:1824} INFO - Sync 2 DAGs
[2021-05-01 06:17:06,549] {logging_mixin.py:104} INFO - [2021-05-01 06:17:06,549] {dag.py:2280} INFO - Setting next_dagrun for example_xcom_args to None
[2021-05-01 06:17:06,550] {logging_mixin.py:104} INFO - [2021-05-01 06:17:06,550] {dag.py:2280} INFO - Setting next_dagrun for example_xcom_args_with_operators to None
[2021-05-01 06:17:06,562] {scheduler_job.py:190} INFO - Processing /home/airflow/.local/lib/python3.6/site-packages/airflow/example_dags/example_xcomargs.py took 0.096 seconds
[2021-05-01 06:17:36,780] {scheduler_job.py:182} INFO - Started process (PID=4046) to work on /home/airflow/.local/lib/python3.6/site-packages/airflow/example_dags/example_xcomargs.py
[2021-05-01 06:17:36,781] {scheduler_job.py:629} INFO - Processing file /home/airflow/.local/lib/python3.6/site-packages/airflow/example_dags/example_xcomargs.py for tasks to queue
[2021-05-01 06:17:36,782] {logging_mixin.py:104} INFO - [2021-05-01 06:17:36,782] {dagbag.py:451} INFO - Filling up the DagBag from /home/airflow/.local/lib/python3.6/site-packages/airflow/example_dags/example_xcomargs.py
[2021-05-01 06:17:36,798] {scheduler_job.py:639} INFO - DAG(s) dict_keys(['example_xcom_args', 'example_xcom_args_with_operators']) retrieved from /home/airflow/.local/lib/python3.6/site-packages/airflow/example_dags/example_xcomargs.py
[2021-05-01 06:17:36,828] {logging_mixin.py:104} INFO - [2021-05-01 06:17:36,828] {dag.py:1824} INFO - Sync 2 DAGs
[2021-05-01 06:17:36,845] {logging_mixin.py:104} INFO - [2021-05-01 06:17:36,845] {dag.py:2280} INFO - Setting next_dagrun for example_xcom_args to None
[2021-05-01 06:17:36,846] {logging_mixin.py:104} INFO - [2021-05-01 06:17:36,846] {dag.py:2280} INFO - Setting next_dagrun for example_xcom_args_with_operators to None
[2021-05-01 06:17:36,861] {scheduler_job.py:190} INFO - Processing /home/airflow/.local/lib/python3.6/site-packages/airflow/example_dags/example_xcomargs.py took 0.085 seconds
[2021-05-01 06:18:07,035] {scheduler_job.py:182} INFO - Started process (PID=4092) to work on /home/airflow/.local/lib/python3.6/site-packages/airflow/example_dags/example_xcomargs.py
[2021-05-01 06:18:07,037] {scheduler_job.py:629} INFO - Processing file /home/airflow/.local/lib/python3.6/site-packages/airflow/example_dags/example_xcomargs.py for tasks to queue
[2021-05-01 06:18:07,038] {logging_mixin.py:104} INFO - [2021-05-01 06:18:07,038] {dagbag.py:451} INFO - Filling up the DagBag from /home/airflow/.local/lib/python3.6/site-packages/airflow/example_dags/example_xcomargs.py
[2021-05-01 06:18:07,061] {scheduler_job.py:639} INFO - DAG(s) dict_keys(['example_xcom_args', 'example_xcom_args_with_operators']) retrieved from /home/airflow/.local/lib/python3.6/site-packages/airflow/example_dags/example_xcomargs.py
[2021-05-01 06:18:07,112] {logging_mixin.py:104} INFO - [2021-05-01 06:18:07,111] {dag.py:1824} INFO - Sync 2 DAGs
[2021-05-01 06:18:07,139] {logging_mixin.py:104} INFO - [2021-05-01 06:18:07,139] {dag.py:2280} INFO - Setting next_dagrun for example_xcom_args to None
[2021-05-01 06:18:07,141] {logging_mixin.py:104} INFO - [2021-05-01 06:18:07,141] {dag.py:2280} INFO - Setting next_dagrun for example_xcom_args_with_operators to None
[2021-05-01 06:18:07,161] {scheduler_job.py:190} INFO - Processing /home/airflow/.local/lib/python3.6/site-packages/airflow/example_dags/example_xcomargs.py took 0.130 seconds
[2021-05-01 06:18:37,498] {scheduler_job.py:182} INFO - Started process (PID=4126) to work on /home/airflow/.local/lib/python3.6/site-packages/airflow/example_dags/example_xcomargs.py
[2021-05-01 06:18:37,500] {scheduler_job.py:629} INFO - Processing file /home/airflow/.local/lib/python3.6/site-packages/airflow/example_dags/example_xcomargs.py for tasks to queue
[2021-05-01 06:18:37,500] {logging_mixin.py:104} INFO - [2021-05-01 06:18:37,500] {dagbag.py:451} INFO - Filling up the DagBag from /home/airflow/.local/lib/python3.6/site-packages/airflow/example_dags/example_xcomargs.py
[2021-05-01 06:18:37,527] {scheduler_job.py:639} INFO - DAG(s) dict_keys(['example_xcom_args', 'example_xcom_args_with_operators']) retrieved from /home/airflow/.local/lib/python3.6/site-packages/airflow/example_dags/example_xcomargs.py
[2021-05-01 06:18:37,572] {logging_mixin.py:104} INFO - [2021-05-01 06:18:37,572] {dag.py:1824} INFO - Sync 2 DAGs
[2021-05-01 06:18:37,597] {logging_mixin.py:104} INFO - [2021-05-01 06:18:37,597] {dag.py:2280} INFO - Setting next_dagrun for example_xcom_args to None
[2021-05-01 06:18:37,599] {logging_mixin.py:104} INFO - [2021-05-01 06:18:37,599] {dag.py:2280} INFO - Setting next_dagrun for example_xcom_args_with_operators to None
[2021-05-01 06:18:37,617] {scheduler_job.py:190} INFO - Processing /home/airflow/.local/lib/python3.6/site-packages/airflow/example_dags/example_xcomargs.py took 0.123 seconds
[2021-05-01 06:19:08,238] {scheduler_job.py:182} INFO - Started process (PID=4159) to work on /home/airflow/.local/lib/python3.6/site-packages/airflow/example_dags/example_xcomargs.py
[2021-05-01 06:19:08,239] {scheduler_job.py:629} INFO - Processing file /home/airflow/.local/lib/python3.6/site-packages/airflow/example_dags/example_xcomargs.py for tasks to queue
[2021-05-01 06:19:08,240] {logging_mixin.py:104} INFO - [2021-05-01 06:19:08,240] {dagbag.py:451} INFO - Filling up the DagBag from /home/airflow/.local/lib/python3.6/site-packages/airflow/example_dags/example_xcomargs.py
[2021-05-01 06:19:08,255] {scheduler_job.py:639} INFO - DAG(s) dict_keys(['example_xcom_args', 'example_xcom_args_with_operators']) retrieved from /home/airflow/.local/lib/python3.6/site-packages/airflow/example_dags/example_xcomargs.py
[2021-05-01 06:19:08,284] {logging_mixin.py:104} INFO - [2021-05-01 06:19:08,284] {dag.py:1824} INFO - Sync 2 DAGs
[2021-05-01 06:19:08,302] {logging_mixin.py:104} INFO - [2021-05-01 06:19:08,302] {dag.py:2280} INFO - Setting next_dagrun for example_xcom_args to None
[2021-05-01 06:19:08,303] {logging_mixin.py:104} INFO - [2021-05-01 06:19:08,303] {dag.py:2280} INFO - Setting next_dagrun for example_xcom_args_with_operators to None
[2021-05-01 06:19:08,316] {scheduler_job.py:190} INFO - Processing /home/airflow/.local/lib/python3.6/site-packages/airflow/example_dags/example_xcomargs.py took 0.081 seconds
[2021-05-01 06:19:38,899] {scheduler_job.py:182} INFO - Started process (PID=4192) to work on /home/airflow/.local/lib/python3.6/site-packages/airflow/example_dags/example_xcomargs.py
[2021-05-01 06:19:38,900] {scheduler_job.py:629} INFO - Processing file /home/airflow/.local/lib/python3.6/site-packages/airflow/example_dags/example_xcomargs.py for tasks to queue
[2021-05-01 06:19:38,901] {logging_mixin.py:104} INFO - [2021-05-01 06:19:38,900] {dagbag.py:451} INFO - Filling up the DagBag from /home/airflow/.local/lib/python3.6/site-packages/airflow/example_dags/example_xcomargs.py
[2021-05-01 06:19:38,916] {scheduler_job.py:639} INFO - DAG(s) dict_keys(['example_xcom_args', 'example_xcom_args_with_operators']) retrieved from /home/airflow/.local/lib/python3.6/site-packages/airflow/example_dags/example_xcomargs.py
[2021-05-01 06:19:38,949] {logging_mixin.py:104} INFO - [2021-05-01 06:19:38,949] {dag.py:1824} INFO - Sync 2 DAGs
[2021-05-01 06:19:38,967] {logging_mixin.py:104} INFO - [2021-05-01 06:19:38,966] {dag.py:2280} INFO - Setting next_dagrun for example_xcom_args to None
[2021-05-01 06:19:38,968] {logging_mixin.py:104} INFO - [2021-05-01 06:19:38,968] {dag.py:2280} INFO - Setting next_dagrun for example_xcom_args_with_operators to None
[2021-05-01 06:19:38,981] {scheduler_job.py:190} INFO - Processing /home/airflow/.local/lib/python3.6/site-packages/airflow/example_dags/example_xcomargs.py took 0.086 seconds
[2021-05-01 06:20:09,488] {scheduler_job.py:182} INFO - Started process (PID=4232) to work on /home/airflow/.local/lib/python3.6/site-packages/airflow/example_dags/example_xcomargs.py
[2021-05-01 06:20:09,489] {scheduler_job.py:629} INFO - Processing file /home/airflow/.local/lib/python3.6/site-packages/airflow/example_dags/example_xcomargs.py for tasks to queue
[2021-05-01 06:20:09,490] {logging_mixin.py:104} INFO - [2021-05-01 06:20:09,490] {dagbag.py:451} INFO - Filling up the DagBag from /home/airflow/.local/lib/python3.6/site-packages/airflow/example_dags/example_xcomargs.py
[2021-05-01 06:20:09,504] {scheduler_job.py:639} INFO - DAG(s) dict_keys(['example_xcom_args', 'example_xcom_args_with_operators']) retrieved from /home/airflow/.local/lib/python3.6/site-packages/airflow/example_dags/example_xcomargs.py
[2021-05-01 06:20:09,531] {logging_mixin.py:104} INFO - [2021-05-01 06:20:09,531] {dag.py:1824} INFO - Sync 2 DAGs
[2021-05-01 06:20:09,548] {logging_mixin.py:104} INFO - [2021-05-01 06:20:09,548] {dag.py:2280} INFO - Setting next_dagrun for example_xcom_args to None
[2021-05-01 06:20:09,549] {logging_mixin.py:104} INFO - [2021-05-01 06:20:09,549] {dag.py:2280} INFO - Setting next_dagrun for example_xcom_args_with_operators to None
[2021-05-01 06:20:09,561] {scheduler_job.py:190} INFO - Processing /home/airflow/.local/lib/python3.6/site-packages/airflow/example_dags/example_xcomargs.py took 0.077 seconds
[2021-05-01 06:20:40,197] {scheduler_job.py:182} INFO - Started process (PID=4265) to work on /home/airflow/.local/lib/python3.6/site-packages/airflow/example_dags/example_xcomargs.py
[2021-05-01 06:20:40,199] {scheduler_job.py:629} INFO - Processing file /home/airflow/.local/lib/python3.6/site-packages/airflow/example_dags/example_xcomargs.py for tasks to queue
[2021-05-01 06:20:40,200] {logging_mixin.py:104} INFO - [2021-05-01 06:20:40,200] {dagbag.py:451} INFO - Filling up the DagBag from /home/airflow/.local/lib/python3.6/site-packages/airflow/example_dags/example_xcomargs.py
[2021-05-01 06:20:40,215] {scheduler_job.py:639} INFO - DAG(s) dict_keys(['example_xcom_args', 'example_xcom_args_with_operators']) retrieved from /home/airflow/.local/lib/python3.6/site-packages/airflow/example_dags/example_xcomargs.py
[2021-05-01 06:20:40,254] {logging_mixin.py:104} INFO - [2021-05-01 06:20:40,254] {dag.py:1824} INFO - Sync 2 DAGs
[2021-05-01 06:20:40,272] {logging_mixin.py:104} INFO - [2021-05-01 06:20:40,272] {dag.py:2280} INFO - Setting next_dagrun for example_xcom_args to None
[2021-05-01 06:20:40,273] {logging_mixin.py:104} INFO - [2021-05-01 06:20:40,273] {dag.py:2280} INFO - Setting next_dagrun for example_xcom_args_with_operators to None
[2021-05-01 06:20:40,286] {scheduler_job.py:190} INFO - Processing /home/airflow/.local/lib/python3.6/site-packages/airflow/example_dags/example_xcomargs.py took 0.093 seconds
[2021-05-01 06:21:10,370] {scheduler_job.py:182} INFO - Started process (PID=4298) to work on /home/airflow/.local/lib/python3.6/site-packages/airflow/example_dags/example_xcomargs.py
[2021-05-01 06:21:10,371] {scheduler_job.py:629} INFO - Processing file /home/airflow/.local/lib/python3.6/site-packages/airflow/example_dags/example_xcomargs.py for tasks to queue
[2021-05-01 06:21:10,371] {logging_mixin.py:104} INFO - [2021-05-01 06:21:10,371] {dagbag.py:451} INFO - Filling up the DagBag from /home/airflow/.local/lib/python3.6/site-packages/airflow/example_dags/example_xcomargs.py
[2021-05-01 06:21:10,387] {scheduler_job.py:639} INFO - DAG(s) dict_keys(['example_xcom_args', 'example_xcom_args_with_operators']) retrieved from /home/airflow/.local/lib/python3.6/site-packages/airflow/example_dags/example_xcomargs.py
[2021-05-01 06:21:10,420] {logging_mixin.py:104} INFO - [2021-05-01 06:21:10,420] {dag.py:1824} INFO - Sync 2 DAGs
[2021-05-01 06:21:10,441] {logging_mixin.py:104} INFO - [2021-05-01 06:21:10,441] {dag.py:2280} INFO - Setting next_dagrun for example_xcom_args to None
[2021-05-01 06:21:10,442] {logging_mixin.py:104} INFO - [2021-05-01 06:21:10,442] {dag.py:2280} INFO - Setting next_dagrun for example_xcom_args_with_operators to None
[2021-05-01 06:21:10,455] {scheduler_job.py:190} INFO - Processing /home/airflow/.local/lib/python3.6/site-packages/airflow/example_dags/example_xcomargs.py took 0.089 seconds
[2021-05-01 06:21:41,013] {scheduler_job.py:182} INFO - Started process (PID=4331) to work on /home/airflow/.local/lib/python3.6/site-packages/airflow/example_dags/example_xcomargs.py
[2021-05-01 06:21:41,015] {scheduler_job.py:629} INFO - Processing file /home/airflow/.local/lib/python3.6/site-packages/airflow/example_dags/example_xcomargs.py for tasks to queue
[2021-05-01 06:21:41,016] {logging_mixin.py:104} INFO - [2021-05-01 06:21:41,015] {dagbag.py:451} INFO - Filling up the DagBag from /home/airflow/.local/lib/python3.6/site-packages/airflow/example_dags/example_xcomargs.py
[2021-05-01 06:21:41,039] {scheduler_job.py:639} INFO - DAG(s) dict_keys(['example_xcom_args', 'example_xcom_args_with_operators']) retrieved from /home/airflow/.local/lib/python3.6/site-packages/airflow/example_dags/example_xcomargs.py
[2021-05-01 06:21:41,088] {logging_mixin.py:104} INFO - [2021-05-01 06:21:41,088] {dag.py:1824} INFO - Sync 2 DAGs
[2021-05-01 06:21:41,132] {logging_mixin.py:104} INFO - [2021-05-01 06:21:41,132] {dag.py:2280} INFO - Setting next_dagrun for example_xcom_args to None
[2021-05-01 06:21:41,133] {logging_mixin.py:104} INFO - [2021-05-01 06:21:41,133] {dag.py:2280} INFO - Setting next_dagrun for example_xcom_args_with_operators to None
[2021-05-01 06:21:41,177] {scheduler_job.py:190} INFO - Processing /home/airflow/.local/lib/python3.6/site-packages/airflow/example_dags/example_xcomargs.py took 0.170 seconds
[2021-05-01 06:22:11,805] {scheduler_job.py:182} INFO - Started process (PID=4371) to work on /home/airflow/.local/lib/python3.6/site-packages/airflow/example_dags/example_xcomargs.py
[2021-05-01 06:22:11,806] {scheduler_job.py:629} INFO - Processing file /home/airflow/.local/lib/python3.6/site-packages/airflow/example_dags/example_xcomargs.py for tasks to queue
[2021-05-01 06:22:11,807] {logging_mixin.py:104} INFO - [2021-05-01 06:22:11,807] {dagbag.py:451} INFO - Filling up the DagBag from /home/airflow/.local/lib/python3.6/site-packages/airflow/example_dags/example_xcomargs.py
[2021-05-01 06:22:11,835] {scheduler_job.py:639} INFO - DAG(s) dict_keys(['example_xcom_args', 'example_xcom_args_with_operators']) retrieved from /home/airflow/.local/lib/python3.6/site-packages/airflow/example_dags/example_xcomargs.py
[2021-05-01 06:22:11,876] {logging_mixin.py:104} INFO - [2021-05-01 06:22:11,876] {dag.py:1824} INFO - Sync 2 DAGs
[2021-05-01 06:22:11,898] {logging_mixin.py:104} INFO - [2021-05-01 06:22:11,898] {dag.py:2280} INFO - Setting next_dagrun for example_xcom_args to None
[2021-05-01 06:22:11,899] {logging_mixin.py:104} INFO - [2021-05-01 06:22:11,899] {dag.py:2280} INFO - Setting next_dagrun for example_xcom_args_with_operators to None
[2021-05-01 06:22:11,918] {scheduler_job.py:190} INFO - Processing /home/airflow/.local/lib/python3.6/site-packages/airflow/example_dags/example_xcomargs.py took 0.118 seconds
[2021-05-01 06:22:42,268] {scheduler_job.py:182} INFO - Started process (PID=4403) to work on /home/airflow/.local/lib/python3.6/site-packages/airflow/example_dags/example_xcomargs.py
[2021-05-01 06:22:42,271] {scheduler_job.py:629} INFO - Processing file /home/airflow/.local/lib/python3.6/site-packages/airflow/example_dags/example_xcomargs.py for tasks to queue
[2021-05-01 06:22:42,272] {logging_mixin.py:104} INFO - [2021-05-01 06:22:42,272] {dagbag.py:451} INFO - Filling up the DagBag from /home/airflow/.local/lib/python3.6/site-packages/airflow/example_dags/example_xcomargs.py
[2021-05-01 06:22:42,328] {scheduler_job.py:639} INFO - DAG(s) dict_keys(['example_xcom_args', 'example_xcom_args_with_operators']) retrieved from /home/airflow/.local/lib/python3.6/site-packages/airflow/example_dags/example_xcomargs.py
[2021-05-01 06:22:42,405] {logging_mixin.py:104} INFO - [2021-05-01 06:22:42,405] {dag.py:1824} INFO - Sync 2 DAGs
[2021-05-01 06:22:42,445] {logging_mixin.py:104} INFO - [2021-05-01 06:22:42,445] {dag.py:2280} INFO - Setting next_dagrun for example_xcom_args to None
[2021-05-01 06:22:42,447] {logging_mixin.py:104} INFO - [2021-05-01 06:22:42,447] {dag.py:2280} INFO - Setting next_dagrun for example_xcom_args_with_operators to None
[2021-05-01 06:22:42,469] {scheduler_job.py:190} INFO - Processing /home/airflow/.local/lib/python3.6/site-packages/airflow/example_dags/example_xcomargs.py took 0.210 seconds
[2021-05-01 06:23:12,669] {scheduler_job.py:182} INFO - Started process (PID=4436) to work on /home/airflow/.local/lib/python3.6/site-packages/airflow/example_dags/example_xcomargs.py
[2021-05-01 06:23:12,670] {scheduler_job.py:629} INFO - Processing file /home/airflow/.local/lib/python3.6/site-packages/airflow/example_dags/example_xcomargs.py for tasks to queue
[2021-05-01 06:23:12,670] {logging_mixin.py:104} INFO - [2021-05-01 06:23:12,670] {dagbag.py:451} INFO - Filling up the DagBag from /home/airflow/.local/lib/python3.6/site-packages/airflow/example_dags/example_xcomargs.py
[2021-05-01 06:23:12,686] {scheduler_job.py:639} INFO - DAG(s) dict_keys(['example_xcom_args', 'example_xcom_args_with_operators']) retrieved from /home/airflow/.local/lib/python3.6/site-packages/airflow/example_dags/example_xcomargs.py
[2021-05-01 06:23:12,719] {logging_mixin.py:104} INFO - [2021-05-01 06:23:12,719] {dag.py:1824} INFO - Sync 2 DAGs
[2021-05-01 06:23:12,739] {logging_mixin.py:104} INFO - [2021-05-01 06:23:12,738] {dag.py:2280} INFO - Setting next_dagrun for example_xcom_args to None
[2021-05-01 06:23:12,740] {logging_mixin.py:104} INFO - [2021-05-01 06:23:12,740] {dag.py:2280} INFO - Setting next_dagrun for example_xcom_args_with_operators to None
[2021-05-01 06:23:12,760] {scheduler_job.py:190} INFO - Processing /home/airflow/.local/lib/python3.6/site-packages/airflow/example_dags/example_xcomargs.py took 0.095 seconds
[2021-05-01 06:23:42,853] {scheduler_job.py:182} INFO - Started process (PID=4469) to work on /home/airflow/.local/lib/python3.6/site-packages/airflow/example_dags/example_xcomargs.py
[2021-05-01 06:23:42,854] {scheduler_job.py:629} INFO - Processing file /home/airflow/.local/lib/python3.6/site-packages/airflow/example_dags/example_xcomargs.py for tasks to queue
[2021-05-01 06:23:42,855] {logging_mixin.py:104} INFO - [2021-05-01 06:23:42,855] {dagbag.py:451} INFO - Filling up the DagBag from /home/airflow/.local/lib/python3.6/site-packages/airflow/example_dags/example_xcomargs.py
[2021-05-01 06:23:42,869] {scheduler_job.py:639} INFO - DAG(s) dict_keys(['example_xcom_args', 'example_xcom_args_with_operators']) retrieved from /home/airflow/.local/lib/python3.6/site-packages/airflow/example_dags/example_xcomargs.py
[2021-05-01 06:23:42,898] {logging_mixin.py:104} INFO - [2021-05-01 06:23:42,898] {dag.py:1824} INFO - Sync 2 DAGs
[2021-05-01 06:23:42,915] {logging_mixin.py:104} INFO - [2021-05-01 06:23:42,915] {dag.py:2280} INFO - Setting next_dagrun for example_xcom_args to None
[2021-05-01 06:23:42,916] {logging_mixin.py:104} INFO - [2021-05-01 06:23:42,916] {dag.py:2280} INFO - Setting next_dagrun for example_xcom_args_with_operators to None
[2021-05-01 06:23:42,929] {scheduler_job.py:190} INFO - Processing /home/airflow/.local/lib/python3.6/site-packages/airflow/example_dags/example_xcomargs.py took 0.079 seconds
[2021-05-01 06:24:13,416] {scheduler_job.py:182} INFO - Started process (PID=4503) to work on /home/airflow/.local/lib/python3.6/site-packages/airflow/example_dags/example_xcomargs.py
[2021-05-01 06:24:13,417] {scheduler_job.py:629} INFO - Processing file /home/airflow/.local/lib/python3.6/site-packages/airflow/example_dags/example_xcomargs.py for tasks to queue
[2021-05-01 06:24:13,420] {logging_mixin.py:104} INFO - [2021-05-01 06:24:13,420] {dagbag.py:451} INFO - Filling up the DagBag from /home/airflow/.local/lib/python3.6/site-packages/airflow/example_dags/example_xcomargs.py
[2021-05-01 06:24:13,443] {scheduler_job.py:639} INFO - DAG(s) dict_keys(['example_xcom_args', 'example_xcom_args_with_operators']) retrieved from /home/airflow/.local/lib/python3.6/site-packages/airflow/example_dags/example_xcomargs.py
[2021-05-01 06:24:13,483] {logging_mixin.py:104} INFO - [2021-05-01 06:24:13,482] {dag.py:1824} INFO - Sync 2 DAGs
[2021-05-01 06:24:13,507] {logging_mixin.py:104} INFO - [2021-05-01 06:24:13,507] {dag.py:2280} INFO - Setting next_dagrun for example_xcom_args to None
[2021-05-01 06:24:13,508] {logging_mixin.py:104} INFO - [2021-05-01 06:24:13,508] {dag.py:2280} INFO - Setting next_dagrun for example_xcom_args_with_operators to None
[2021-05-01 06:24:13,524] {scheduler_job.py:190} INFO - Processing /home/airflow/.local/lib/python3.6/site-packages/airflow/example_dags/example_xcomargs.py took 0.113 seconds
