[2021-05-01 05:17:18,009] {scheduler_job.py:182} INFO - Started process (PID=2187) to work on /home/airflow/.local/lib/python3.6/site-packages/airflow/example_dags/example_python_operator.py
[2021-05-01 05:17:18,010] {scheduler_job.py:629} INFO - Processing file /home/airflow/.local/lib/python3.6/site-packages/airflow/example_dags/example_python_operator.py for tasks to queue
[2021-05-01 05:17:18,011] {logging_mixin.py:104} INFO - [2021-05-01 05:17:18,011] {dagbag.py:451} INFO - Filling up the DagBag from /home/airflow/.local/lib/python3.6/site-packages/airflow/example_dags/example_python_operator.py
[2021-05-01 05:17:18,024] {scheduler_job.py:639} INFO - DAG(s) dict_keys(['example_python_operator']) retrieved from /home/airflow/.local/lib/python3.6/site-packages/airflow/example_dags/example_python_operator.py
[2021-05-01 05:17:18,046] {logging_mixin.py:104} INFO - [2021-05-01 05:17:18,046] {dag.py:1824} INFO - Sync 1 DAGs
[2021-05-01 05:17:18,062] {logging_mixin.py:104} INFO - [2021-05-01 05:17:18,062] {dag.py:2280} INFO - Setting next_dagrun for example_python_operator to None
[2021-05-01 05:17:18,075] {scheduler_job.py:190} INFO - Processing /home/airflow/.local/lib/python3.6/site-packages/airflow/example_dags/example_python_operator.py took 0.071 seconds
[2021-05-01 05:18:18,840] {scheduler_job.py:182} INFO - Started process (PID=55) to work on /home/airflow/.local/lib/python3.6/site-packages/airflow/example_dags/example_python_operator.py
[2021-05-01 05:18:18,844] {scheduler_job.py:629} INFO - Processing file /home/airflow/.local/lib/python3.6/site-packages/airflow/example_dags/example_python_operator.py for tasks to queue
[2021-05-01 05:18:18,846] {logging_mixin.py:104} INFO - [2021-05-01 05:18:18,846] {dagbag.py:451} INFO - Filling up the DagBag from /home/airflow/.local/lib/python3.6/site-packages/airflow/example_dags/example_python_operator.py
[2021-05-01 05:18:18,935] {scheduler_job.py:639} INFO - DAG(s) dict_keys(['example_python_operator']) retrieved from /home/airflow/.local/lib/python3.6/site-packages/airflow/example_dags/example_python_operator.py
[2021-05-01 05:18:19,047] {logging_mixin.py:104} INFO - [2021-05-01 05:18:19,047] {dag.py:1824} INFO - Sync 1 DAGs
[2021-05-01 05:18:19,124] {logging_mixin.py:104} INFO - [2021-05-01 05:18:19,124] {dag.py:2280} INFO - Setting next_dagrun for example_python_operator to None
[2021-05-01 05:18:19,694] {scheduler_job.py:190} INFO - Processing /home/airflow/.local/lib/python3.6/site-packages/airflow/example_dags/example_python_operator.py took 0.874 seconds
[2021-05-01 05:18:50,205] {scheduler_job.py:182} INFO - Started process (PID=88) to work on /home/airflow/.local/lib/python3.6/site-packages/airflow/example_dags/example_python_operator.py
[2021-05-01 05:18:50,206] {scheduler_job.py:629} INFO - Processing file /home/airflow/.local/lib/python3.6/site-packages/airflow/example_dags/example_python_operator.py for tasks to queue
[2021-05-01 05:18:50,207] {logging_mixin.py:104} INFO - [2021-05-01 05:18:50,207] {dagbag.py:451} INFO - Filling up the DagBag from /home/airflow/.local/lib/python3.6/site-packages/airflow/example_dags/example_python_operator.py
[2021-05-01 05:18:50,220] {scheduler_job.py:639} INFO - DAG(s) dict_keys(['example_python_operator']) retrieved from /home/airflow/.local/lib/python3.6/site-packages/airflow/example_dags/example_python_operator.py
[2021-05-01 05:18:50,243] {logging_mixin.py:104} INFO - [2021-05-01 05:18:50,243] {dag.py:1824} INFO - Sync 1 DAGs
[2021-05-01 05:18:50,259] {logging_mixin.py:104} INFO - [2021-05-01 05:18:50,259] {dag.py:2280} INFO - Setting next_dagrun for example_python_operator to None
[2021-05-01 05:18:50,274] {scheduler_job.py:190} INFO - Processing /home/airflow/.local/lib/python3.6/site-packages/airflow/example_dags/example_python_operator.py took 0.072 seconds
[2021-05-01 05:19:20,677] {scheduler_job.py:182} INFO - Started process (PID=121) to work on /home/airflow/.local/lib/python3.6/site-packages/airflow/example_dags/example_python_operator.py
[2021-05-01 05:19:20,678] {scheduler_job.py:629} INFO - Processing file /home/airflow/.local/lib/python3.6/site-packages/airflow/example_dags/example_python_operator.py for tasks to queue
[2021-05-01 05:19:20,679] {logging_mixin.py:104} INFO - [2021-05-01 05:19:20,679] {dagbag.py:451} INFO - Filling up the DagBag from /home/airflow/.local/lib/python3.6/site-packages/airflow/example_dags/example_python_operator.py
[2021-05-01 05:19:20,691] {scheduler_job.py:639} INFO - DAG(s) dict_keys(['example_python_operator']) retrieved from /home/airflow/.local/lib/python3.6/site-packages/airflow/example_dags/example_python_operator.py
[2021-05-01 05:19:20,716] {logging_mixin.py:104} INFO - [2021-05-01 05:19:20,716] {dag.py:1824} INFO - Sync 1 DAGs
[2021-05-01 05:19:20,732] {logging_mixin.py:104} INFO - [2021-05-01 05:19:20,732] {dag.py:2280} INFO - Setting next_dagrun for example_python_operator to None
[2021-05-01 05:19:20,744] {scheduler_job.py:190} INFO - Processing /home/airflow/.local/lib/python3.6/site-packages/airflow/example_dags/example_python_operator.py took 0.071 seconds
[2021-05-01 05:19:51,087] {scheduler_job.py:182} INFO - Started process (PID=154) to work on /home/airflow/.local/lib/python3.6/site-packages/airflow/example_dags/example_python_operator.py
[2021-05-01 05:19:51,088] {scheduler_job.py:629} INFO - Processing file /home/airflow/.local/lib/python3.6/site-packages/airflow/example_dags/example_python_operator.py for tasks to queue
[2021-05-01 05:19:51,089] {logging_mixin.py:104} INFO - [2021-05-01 05:19:51,089] {dagbag.py:451} INFO - Filling up the DagBag from /home/airflow/.local/lib/python3.6/site-packages/airflow/example_dags/example_python_operator.py
[2021-05-01 05:19:51,102] {scheduler_job.py:639} INFO - DAG(s) dict_keys(['example_python_operator']) retrieved from /home/airflow/.local/lib/python3.6/site-packages/airflow/example_dags/example_python_operator.py
[2021-05-01 05:19:51,127] {logging_mixin.py:104} INFO - [2021-05-01 05:19:51,127] {dag.py:1824} INFO - Sync 1 DAGs
[2021-05-01 05:19:51,143] {logging_mixin.py:104} INFO - [2021-05-01 05:19:51,143] {dag.py:2280} INFO - Setting next_dagrun for example_python_operator to None
[2021-05-01 05:19:51,156] {scheduler_job.py:190} INFO - Processing /home/airflow/.local/lib/python3.6/site-packages/airflow/example_dags/example_python_operator.py took 0.073 seconds
[2021-05-01 05:20:21,481] {scheduler_job.py:182} INFO - Started process (PID=187) to work on /home/airflow/.local/lib/python3.6/site-packages/airflow/example_dags/example_python_operator.py
[2021-05-01 05:20:21,483] {scheduler_job.py:629} INFO - Processing file /home/airflow/.local/lib/python3.6/site-packages/airflow/example_dags/example_python_operator.py for tasks to queue
[2021-05-01 05:20:21,483] {logging_mixin.py:104} INFO - [2021-05-01 05:20:21,483] {dagbag.py:451} INFO - Filling up the DagBag from /home/airflow/.local/lib/python3.6/site-packages/airflow/example_dags/example_python_operator.py
[2021-05-01 05:20:21,496] {scheduler_job.py:639} INFO - DAG(s) dict_keys(['example_python_operator']) retrieved from /home/airflow/.local/lib/python3.6/site-packages/airflow/example_dags/example_python_operator.py
[2021-05-01 05:20:21,520] {logging_mixin.py:104} INFO - [2021-05-01 05:20:21,520] {dag.py:1824} INFO - Sync 1 DAGs
[2021-05-01 05:20:21,535] {logging_mixin.py:104} INFO - [2021-05-01 05:20:21,535] {dag.py:2280} INFO - Setting next_dagrun for example_python_operator to None
[2021-05-01 05:20:21,549] {scheduler_job.py:190} INFO - Processing /home/airflow/.local/lib/python3.6/site-packages/airflow/example_dags/example_python_operator.py took 0.071 seconds
[2021-05-01 05:20:51,979] {scheduler_job.py:182} INFO - Started process (PID=220) to work on /home/airflow/.local/lib/python3.6/site-packages/airflow/example_dags/example_python_operator.py
[2021-05-01 05:20:51,981] {scheduler_job.py:629} INFO - Processing file /home/airflow/.local/lib/python3.6/site-packages/airflow/example_dags/example_python_operator.py for tasks to queue
[2021-05-01 05:20:51,982] {logging_mixin.py:104} INFO - [2021-05-01 05:20:51,982] {dagbag.py:451} INFO - Filling up the DagBag from /home/airflow/.local/lib/python3.6/site-packages/airflow/example_dags/example_python_operator.py
[2021-05-01 05:20:51,994] {scheduler_job.py:639} INFO - DAG(s) dict_keys(['example_python_operator']) retrieved from /home/airflow/.local/lib/python3.6/site-packages/airflow/example_dags/example_python_operator.py
[2021-05-01 05:20:52,026] {logging_mixin.py:104} INFO - [2021-05-01 05:20:52,026] {dag.py:1824} INFO - Sync 1 DAGs
[2021-05-01 05:20:52,043] {logging_mixin.py:104} INFO - [2021-05-01 05:20:52,043] {dag.py:2280} INFO - Setting next_dagrun for example_python_operator to None
[2021-05-01 05:20:52,054] {scheduler_job.py:190} INFO - Processing /home/airflow/.local/lib/python3.6/site-packages/airflow/example_dags/example_python_operator.py took 0.079 seconds
[2021-05-01 05:21:22,372] {scheduler_job.py:182} INFO - Started process (PID=253) to work on /home/airflow/.local/lib/python3.6/site-packages/airflow/example_dags/example_python_operator.py
[2021-05-01 05:21:22,373] {scheduler_job.py:629} INFO - Processing file /home/airflow/.local/lib/python3.6/site-packages/airflow/example_dags/example_python_operator.py for tasks to queue
[2021-05-01 05:21:22,373] {logging_mixin.py:104} INFO - [2021-05-01 05:21:22,373] {dagbag.py:451} INFO - Filling up the DagBag from /home/airflow/.local/lib/python3.6/site-packages/airflow/example_dags/example_python_operator.py
[2021-05-01 05:21:22,385] {scheduler_job.py:639} INFO - DAG(s) dict_keys(['example_python_operator']) retrieved from /home/airflow/.local/lib/python3.6/site-packages/airflow/example_dags/example_python_operator.py
[2021-05-01 05:21:22,410] {logging_mixin.py:104} INFO - [2021-05-01 05:21:22,410] {dag.py:1824} INFO - Sync 1 DAGs
[2021-05-01 05:21:22,426] {logging_mixin.py:104} INFO - [2021-05-01 05:21:22,425] {dag.py:2280} INFO - Setting next_dagrun for example_python_operator to None
[2021-05-01 05:21:22,439] {scheduler_job.py:190} INFO - Processing /home/airflow/.local/lib/python3.6/site-packages/airflow/example_dags/example_python_operator.py took 0.070 seconds
[2021-05-01 05:21:52,801] {scheduler_job.py:182} INFO - Started process (PID=286) to work on /home/airflow/.local/lib/python3.6/site-packages/airflow/example_dags/example_python_operator.py
[2021-05-01 05:21:52,802] {scheduler_job.py:629} INFO - Processing file /home/airflow/.local/lib/python3.6/site-packages/airflow/example_dags/example_python_operator.py for tasks to queue
[2021-05-01 05:21:52,803] {logging_mixin.py:104} INFO - [2021-05-01 05:21:52,803] {dagbag.py:451} INFO - Filling up the DagBag from /home/airflow/.local/lib/python3.6/site-packages/airflow/example_dags/example_python_operator.py
[2021-05-01 05:21:52,814] {scheduler_job.py:639} INFO - DAG(s) dict_keys(['example_python_operator']) retrieved from /home/airflow/.local/lib/python3.6/site-packages/airflow/example_dags/example_python_operator.py
[2021-05-01 05:21:52,842] {logging_mixin.py:104} INFO - [2021-05-01 05:21:52,842] {dag.py:1824} INFO - Sync 1 DAGs
[2021-05-01 05:21:52,860] {logging_mixin.py:104} INFO - [2021-05-01 05:21:52,860] {dag.py:2280} INFO - Setting next_dagrun for example_python_operator to None
[2021-05-01 05:21:52,875] {scheduler_job.py:190} INFO - Processing /home/airflow/.local/lib/python3.6/site-packages/airflow/example_dags/example_python_operator.py took 0.077 seconds
[2021-05-01 05:22:23,238] {scheduler_job.py:182} INFO - Started process (PID=319) to work on /home/airflow/.local/lib/python3.6/site-packages/airflow/example_dags/example_python_operator.py
[2021-05-01 05:22:23,240] {scheduler_job.py:629} INFO - Processing file /home/airflow/.local/lib/python3.6/site-packages/airflow/example_dags/example_python_operator.py for tasks to queue
[2021-05-01 05:22:23,241] {logging_mixin.py:104} INFO - [2021-05-01 05:22:23,240] {dagbag.py:451} INFO - Filling up the DagBag from /home/airflow/.local/lib/python3.6/site-packages/airflow/example_dags/example_python_operator.py
[2021-05-01 05:22:23,255] {scheduler_job.py:639} INFO - DAG(s) dict_keys(['example_python_operator']) retrieved from /home/airflow/.local/lib/python3.6/site-packages/airflow/example_dags/example_python_operator.py
[2021-05-01 05:22:23,277] {logging_mixin.py:104} INFO - [2021-05-01 05:22:23,277] {dag.py:1824} INFO - Sync 1 DAGs
[2021-05-01 05:22:23,303] {logging_mixin.py:104} INFO - [2021-05-01 05:22:23,302] {dag.py:2280} INFO - Setting next_dagrun for example_python_operator to None
[2021-05-01 05:22:23,316] {scheduler_job.py:190} INFO - Processing /home/airflow/.local/lib/python3.6/site-packages/airflow/example_dags/example_python_operator.py took 0.087 seconds
[2021-05-01 05:22:53,691] {scheduler_job.py:182} INFO - Started process (PID=352) to work on /home/airflow/.local/lib/python3.6/site-packages/airflow/example_dags/example_python_operator.py
[2021-05-01 05:22:53,693] {scheduler_job.py:629} INFO - Processing file /home/airflow/.local/lib/python3.6/site-packages/airflow/example_dags/example_python_operator.py for tasks to queue
[2021-05-01 05:22:53,694] {logging_mixin.py:104} INFO - [2021-05-01 05:22:53,694] {dagbag.py:451} INFO - Filling up the DagBag from /home/airflow/.local/lib/python3.6/site-packages/airflow/example_dags/example_python_operator.py
[2021-05-01 05:22:53,709] {scheduler_job.py:639} INFO - DAG(s) dict_keys(['example_python_operator']) retrieved from /home/airflow/.local/lib/python3.6/site-packages/airflow/example_dags/example_python_operator.py
[2021-05-01 05:22:53,730] {logging_mixin.py:104} INFO - [2021-05-01 05:22:53,730] {dag.py:1824} INFO - Sync 1 DAGs
[2021-05-01 05:22:53,745] {logging_mixin.py:104} INFO - [2021-05-01 05:22:53,745] {dag.py:2280} INFO - Setting next_dagrun for example_python_operator to None
[2021-05-01 05:22:53,769] {scheduler_job.py:190} INFO - Processing /home/airflow/.local/lib/python3.6/site-packages/airflow/example_dags/example_python_operator.py took 0.082 seconds
[2021-05-01 05:23:24,236] {scheduler_job.py:182} INFO - Started process (PID=385) to work on /home/airflow/.local/lib/python3.6/site-packages/airflow/example_dags/example_python_operator.py
[2021-05-01 05:23:24,237] {scheduler_job.py:629} INFO - Processing file /home/airflow/.local/lib/python3.6/site-packages/airflow/example_dags/example_python_operator.py for tasks to queue
[2021-05-01 05:23:24,238] {logging_mixin.py:104} INFO - [2021-05-01 05:23:24,238] {dagbag.py:451} INFO - Filling up the DagBag from /home/airflow/.local/lib/python3.6/site-packages/airflow/example_dags/example_python_operator.py
[2021-05-01 05:23:24,250] {scheduler_job.py:639} INFO - DAG(s) dict_keys(['example_python_operator']) retrieved from /home/airflow/.local/lib/python3.6/site-packages/airflow/example_dags/example_python_operator.py
[2021-05-01 05:23:24,274] {logging_mixin.py:104} INFO - [2021-05-01 05:23:24,274] {dag.py:1824} INFO - Sync 1 DAGs
[2021-05-01 05:23:24,290] {logging_mixin.py:104} INFO - [2021-05-01 05:23:24,290] {dag.py:2280} INFO - Setting next_dagrun for example_python_operator to None
[2021-05-01 05:23:24,304] {scheduler_job.py:190} INFO - Processing /home/airflow/.local/lib/python3.6/site-packages/airflow/example_dags/example_python_operator.py took 0.071 seconds
[2021-05-01 05:23:54,917] {scheduler_job.py:182} INFO - Started process (PID=418) to work on /home/airflow/.local/lib/python3.6/site-packages/airflow/example_dags/example_python_operator.py
[2021-05-01 05:23:54,918] {scheduler_job.py:629} INFO - Processing file /home/airflow/.local/lib/python3.6/site-packages/airflow/example_dags/example_python_operator.py for tasks to queue
[2021-05-01 05:23:54,919] {logging_mixin.py:104} INFO - [2021-05-01 05:23:54,919] {dagbag.py:451} INFO - Filling up the DagBag from /home/airflow/.local/lib/python3.6/site-packages/airflow/example_dags/example_python_operator.py
[2021-05-01 05:23:54,932] {scheduler_job.py:639} INFO - DAG(s) dict_keys(['example_python_operator']) retrieved from /home/airflow/.local/lib/python3.6/site-packages/airflow/example_dags/example_python_operator.py
[2021-05-01 05:23:54,958] {logging_mixin.py:104} INFO - [2021-05-01 05:23:54,958] {dag.py:1824} INFO - Sync 1 DAGs
[2021-05-01 05:23:54,975] {logging_mixin.py:104} INFO - [2021-05-01 05:23:54,974] {dag.py:2280} INFO - Setting next_dagrun for example_python_operator to None
[2021-05-01 05:23:54,988] {scheduler_job.py:190} INFO - Processing /home/airflow/.local/lib/python3.6/site-packages/airflow/example_dags/example_python_operator.py took 0.075 seconds
[2021-05-01 05:24:25,262] {scheduler_job.py:182} INFO - Started process (PID=451) to work on /home/airflow/.local/lib/python3.6/site-packages/airflow/example_dags/example_python_operator.py
[2021-05-01 05:24:25,263] {scheduler_job.py:629} INFO - Processing file /home/airflow/.local/lib/python3.6/site-packages/airflow/example_dags/example_python_operator.py for tasks to queue
[2021-05-01 05:24:25,264] {logging_mixin.py:104} INFO - [2021-05-01 05:24:25,264] {dagbag.py:451} INFO - Filling up the DagBag from /home/airflow/.local/lib/python3.6/site-packages/airflow/example_dags/example_python_operator.py
[2021-05-01 05:24:25,276] {scheduler_job.py:639} INFO - DAG(s) dict_keys(['example_python_operator']) retrieved from /home/airflow/.local/lib/python3.6/site-packages/airflow/example_dags/example_python_operator.py
[2021-05-01 05:24:25,300] {logging_mixin.py:104} INFO - [2021-05-01 05:24:25,300] {dag.py:1824} INFO - Sync 1 DAGs
[2021-05-01 05:24:25,314] {logging_mixin.py:104} INFO - [2021-05-01 05:24:25,314] {dag.py:2280} INFO - Setting next_dagrun for example_python_operator to None
[2021-05-01 05:24:25,327] {scheduler_job.py:190} INFO - Processing /home/airflow/.local/lib/python3.6/site-packages/airflow/example_dags/example_python_operator.py took 0.068 seconds
[2021-05-01 05:24:55,671] {scheduler_job.py:182} INFO - Started process (PID=484) to work on /home/airflow/.local/lib/python3.6/site-packages/airflow/example_dags/example_python_operator.py
[2021-05-01 05:24:55,672] {scheduler_job.py:629} INFO - Processing file /home/airflow/.local/lib/python3.6/site-packages/airflow/example_dags/example_python_operator.py for tasks to queue
[2021-05-01 05:24:55,673] {logging_mixin.py:104} INFO - [2021-05-01 05:24:55,672] {dagbag.py:451} INFO - Filling up the DagBag from /home/airflow/.local/lib/python3.6/site-packages/airflow/example_dags/example_python_operator.py
[2021-05-01 05:24:55,685] {scheduler_job.py:639} INFO - DAG(s) dict_keys(['example_python_operator']) retrieved from /home/airflow/.local/lib/python3.6/site-packages/airflow/example_dags/example_python_operator.py
[2021-05-01 05:24:55,711] {logging_mixin.py:104} INFO - [2021-05-01 05:24:55,711] {dag.py:1824} INFO - Sync 1 DAGs
[2021-05-01 05:24:55,727] {logging_mixin.py:104} INFO - [2021-05-01 05:24:55,727] {dag.py:2280} INFO - Setting next_dagrun for example_python_operator to None
[2021-05-01 05:24:55,741] {scheduler_job.py:190} INFO - Processing /home/airflow/.local/lib/python3.6/site-packages/airflow/example_dags/example_python_operator.py took 0.074 seconds
[2021-05-01 05:25:26,246] {scheduler_job.py:182} INFO - Started process (PID=517) to work on /home/airflow/.local/lib/python3.6/site-packages/airflow/example_dags/example_python_operator.py
[2021-05-01 05:25:26,248] {scheduler_job.py:629} INFO - Processing file /home/airflow/.local/lib/python3.6/site-packages/airflow/example_dags/example_python_operator.py for tasks to queue
[2021-05-01 05:25:26,249] {logging_mixin.py:104} INFO - [2021-05-01 05:25:26,249] {dagbag.py:451} INFO - Filling up the DagBag from /home/airflow/.local/lib/python3.6/site-packages/airflow/example_dags/example_python_operator.py
[2021-05-01 05:25:26,265] {scheduler_job.py:639} INFO - DAG(s) dict_keys(['example_python_operator']) retrieved from /home/airflow/.local/lib/python3.6/site-packages/airflow/example_dags/example_python_operator.py
[2021-05-01 05:25:26,297] {logging_mixin.py:104} INFO - [2021-05-01 05:25:26,297] {dag.py:1824} INFO - Sync 1 DAGs
[2021-05-01 05:25:26,319] {logging_mixin.py:104} INFO - [2021-05-01 05:25:26,319] {dag.py:2280} INFO - Setting next_dagrun for example_python_operator to None
[2021-05-01 05:25:26,332] {scheduler_job.py:190} INFO - Processing /home/airflow/.local/lib/python3.6/site-packages/airflow/example_dags/example_python_operator.py took 0.090 seconds
[2021-05-01 05:25:57,159] {scheduler_job.py:182} INFO - Started process (PID=550) to work on /home/airflow/.local/lib/python3.6/site-packages/airflow/example_dags/example_python_operator.py
[2021-05-01 05:25:57,160] {scheduler_job.py:629} INFO - Processing file /home/airflow/.local/lib/python3.6/site-packages/airflow/example_dags/example_python_operator.py for tasks to queue
[2021-05-01 05:25:57,161] {logging_mixin.py:104} INFO - [2021-05-01 05:25:57,161] {dagbag.py:451} INFO - Filling up the DagBag from /home/airflow/.local/lib/python3.6/site-packages/airflow/example_dags/example_python_operator.py
[2021-05-01 05:25:57,176] {scheduler_job.py:639} INFO - DAG(s) dict_keys(['example_python_operator']) retrieved from /home/airflow/.local/lib/python3.6/site-packages/airflow/example_dags/example_python_operator.py
[2021-05-01 05:25:57,205] {logging_mixin.py:104} INFO - [2021-05-01 05:25:57,205] {dag.py:1824} INFO - Sync 1 DAGs
[2021-05-01 05:25:57,228] {logging_mixin.py:104} INFO - [2021-05-01 05:25:57,228] {dag.py:2280} INFO - Setting next_dagrun for example_python_operator to None
[2021-05-01 05:25:57,244] {scheduler_job.py:190} INFO - Processing /home/airflow/.local/lib/python3.6/site-packages/airflow/example_dags/example_python_operator.py took 0.089 seconds
[2021-05-01 05:26:28,143] {scheduler_job.py:182} INFO - Started process (PID=583) to work on /home/airflow/.local/lib/python3.6/site-packages/airflow/example_dags/example_python_operator.py
[2021-05-01 05:26:28,144] {scheduler_job.py:629} INFO - Processing file /home/airflow/.local/lib/python3.6/site-packages/airflow/example_dags/example_python_operator.py for tasks to queue
[2021-05-01 05:26:28,146] {logging_mixin.py:104} INFO - [2021-05-01 05:26:28,145] {dagbag.py:451} INFO - Filling up the DagBag from /home/airflow/.local/lib/python3.6/site-packages/airflow/example_dags/example_python_operator.py
[2021-05-01 05:26:28,164] {scheduler_job.py:639} INFO - DAG(s) dict_keys(['example_python_operator']) retrieved from /home/airflow/.local/lib/python3.6/site-packages/airflow/example_dags/example_python_operator.py
[2021-05-01 05:26:28,194] {logging_mixin.py:104} INFO - [2021-05-01 05:26:28,193] {dag.py:1824} INFO - Sync 1 DAGs
[2021-05-01 05:26:28,215] {logging_mixin.py:104} INFO - [2021-05-01 05:26:28,215] {dag.py:2280} INFO - Setting next_dagrun for example_python_operator to None
[2021-05-01 05:26:28,231] {scheduler_job.py:190} INFO - Processing /home/airflow/.local/lib/python3.6/site-packages/airflow/example_dags/example_python_operator.py took 0.092 seconds
[2021-05-01 05:26:58,773] {scheduler_job.py:182} INFO - Started process (PID=616) to work on /home/airflow/.local/lib/python3.6/site-packages/airflow/example_dags/example_python_operator.py
[2021-05-01 05:26:58,774] {scheduler_job.py:629} INFO - Processing file /home/airflow/.local/lib/python3.6/site-packages/airflow/example_dags/example_python_operator.py for tasks to queue
[2021-05-01 05:26:58,774] {logging_mixin.py:104} INFO - [2021-05-01 05:26:58,774] {dagbag.py:451} INFO - Filling up the DagBag from /home/airflow/.local/lib/python3.6/site-packages/airflow/example_dags/example_python_operator.py
[2021-05-01 05:26:58,787] {scheduler_job.py:639} INFO - DAG(s) dict_keys(['example_python_operator']) retrieved from /home/airflow/.local/lib/python3.6/site-packages/airflow/example_dags/example_python_operator.py
[2021-05-01 05:26:58,814] {logging_mixin.py:104} INFO - [2021-05-01 05:26:58,814] {dag.py:1824} INFO - Sync 1 DAGs
[2021-05-01 05:26:58,832] {logging_mixin.py:104} INFO - [2021-05-01 05:26:58,832] {dag.py:2280} INFO - Setting next_dagrun for example_python_operator to None
[2021-05-01 05:26:58,847] {scheduler_job.py:190} INFO - Processing /home/airflow/.local/lib/python3.6/site-packages/airflow/example_dags/example_python_operator.py took 0.078 seconds
[2021-05-01 05:27:29,235] {scheduler_job.py:182} INFO - Started process (PID=649) to work on /home/airflow/.local/lib/python3.6/site-packages/airflow/example_dags/example_python_operator.py
[2021-05-01 05:27:29,236] {scheduler_job.py:629} INFO - Processing file /home/airflow/.local/lib/python3.6/site-packages/airflow/example_dags/example_python_operator.py for tasks to queue
[2021-05-01 05:27:29,237] {logging_mixin.py:104} INFO - [2021-05-01 05:27:29,237] {dagbag.py:451} INFO - Filling up the DagBag from /home/airflow/.local/lib/python3.6/site-packages/airflow/example_dags/example_python_operator.py
[2021-05-01 05:27:29,250] {scheduler_job.py:639} INFO - DAG(s) dict_keys(['example_python_operator']) retrieved from /home/airflow/.local/lib/python3.6/site-packages/airflow/example_dags/example_python_operator.py
[2021-05-01 05:27:29,272] {logging_mixin.py:104} INFO - [2021-05-01 05:27:29,272] {dag.py:1824} INFO - Sync 1 DAGs
[2021-05-01 05:27:29,290] {logging_mixin.py:104} INFO - [2021-05-01 05:27:29,290] {dag.py:2280} INFO - Setting next_dagrun for example_python_operator to None
[2021-05-01 05:27:29,302] {scheduler_job.py:190} INFO - Processing /home/airflow/.local/lib/python3.6/site-packages/airflow/example_dags/example_python_operator.py took 0.071 seconds
[2021-05-01 05:27:59,672] {scheduler_job.py:182} INFO - Started process (PID=682) to work on /home/airflow/.local/lib/python3.6/site-packages/airflow/example_dags/example_python_operator.py
[2021-05-01 05:27:59,673] {scheduler_job.py:629} INFO - Processing file /home/airflow/.local/lib/python3.6/site-packages/airflow/example_dags/example_python_operator.py for tasks to queue
[2021-05-01 05:27:59,673] {logging_mixin.py:104} INFO - [2021-05-01 05:27:59,673] {dagbag.py:451} INFO - Filling up the DagBag from /home/airflow/.local/lib/python3.6/site-packages/airflow/example_dags/example_python_operator.py
[2021-05-01 05:27:59,685] {scheduler_job.py:639} INFO - DAG(s) dict_keys(['example_python_operator']) retrieved from /home/airflow/.local/lib/python3.6/site-packages/airflow/example_dags/example_python_operator.py
[2021-05-01 05:27:59,708] {logging_mixin.py:104} INFO - [2021-05-01 05:27:59,708] {dag.py:1824} INFO - Sync 1 DAGs
[2021-05-01 05:27:59,726] {logging_mixin.py:104} INFO - [2021-05-01 05:27:59,726] {dag.py:2280} INFO - Setting next_dagrun for example_python_operator to None
[2021-05-01 05:27:59,742] {scheduler_job.py:190} INFO - Processing /home/airflow/.local/lib/python3.6/site-packages/airflow/example_dags/example_python_operator.py took 0.074 seconds
[2021-05-01 05:28:30,263] {scheduler_job.py:182} INFO - Started process (PID=715) to work on /home/airflow/.local/lib/python3.6/site-packages/airflow/example_dags/example_python_operator.py
[2021-05-01 05:28:30,264] {scheduler_job.py:629} INFO - Processing file /home/airflow/.local/lib/python3.6/site-packages/airflow/example_dags/example_python_operator.py for tasks to queue
[2021-05-01 05:28:30,265] {logging_mixin.py:104} INFO - [2021-05-01 05:28:30,265] {dagbag.py:451} INFO - Filling up the DagBag from /home/airflow/.local/lib/python3.6/site-packages/airflow/example_dags/example_python_operator.py
[2021-05-01 05:28:30,277] {scheduler_job.py:639} INFO - DAG(s) dict_keys(['example_python_operator']) retrieved from /home/airflow/.local/lib/python3.6/site-packages/airflow/example_dags/example_python_operator.py
[2021-05-01 05:28:30,306] {logging_mixin.py:104} INFO - [2021-05-01 05:28:30,306] {dag.py:1824} INFO - Sync 1 DAGs
[2021-05-01 05:28:30,323] {logging_mixin.py:104} INFO - [2021-05-01 05:28:30,322] {dag.py:2280} INFO - Setting next_dagrun for example_python_operator to None
[2021-05-01 05:28:30,335] {scheduler_job.py:190} INFO - Processing /home/airflow/.local/lib/python3.6/site-packages/airflow/example_dags/example_python_operator.py took 0.076 seconds
[2021-05-01 05:29:00,829] {scheduler_job.py:182} INFO - Started process (PID=748) to work on /home/airflow/.local/lib/python3.6/site-packages/airflow/example_dags/example_python_operator.py
[2021-05-01 05:29:00,831] {scheduler_job.py:629} INFO - Processing file /home/airflow/.local/lib/python3.6/site-packages/airflow/example_dags/example_python_operator.py for tasks to queue
[2021-05-01 05:29:00,832] {logging_mixin.py:104} INFO - [2021-05-01 05:29:00,831] {dagbag.py:451} INFO - Filling up the DagBag from /home/airflow/.local/lib/python3.6/site-packages/airflow/example_dags/example_python_operator.py
[2021-05-01 05:29:00,843] {scheduler_job.py:639} INFO - DAG(s) dict_keys(['example_python_operator']) retrieved from /home/airflow/.local/lib/python3.6/site-packages/airflow/example_dags/example_python_operator.py
[2021-05-01 05:29:00,869] {logging_mixin.py:104} INFO - [2021-05-01 05:29:00,869] {dag.py:1824} INFO - Sync 1 DAGs
[2021-05-01 05:29:00,886] {logging_mixin.py:104} INFO - [2021-05-01 05:29:00,886] {dag.py:2280} INFO - Setting next_dagrun for example_python_operator to None
[2021-05-01 05:29:00,901] {scheduler_job.py:190} INFO - Processing /home/airflow/.local/lib/python3.6/site-packages/airflow/example_dags/example_python_operator.py took 0.075 seconds
[2021-05-01 05:29:31,337] {scheduler_job.py:182} INFO - Started process (PID=781) to work on /home/airflow/.local/lib/python3.6/site-packages/airflow/example_dags/example_python_operator.py
[2021-05-01 05:29:31,338] {scheduler_job.py:629} INFO - Processing file /home/airflow/.local/lib/python3.6/site-packages/airflow/example_dags/example_python_operator.py for tasks to queue
[2021-05-01 05:29:31,338] {logging_mixin.py:104} INFO - [2021-05-01 05:29:31,338] {dagbag.py:451} INFO - Filling up the DagBag from /home/airflow/.local/lib/python3.6/site-packages/airflow/example_dags/example_python_operator.py
[2021-05-01 05:29:31,350] {scheduler_job.py:639} INFO - DAG(s) dict_keys(['example_python_operator']) retrieved from /home/airflow/.local/lib/python3.6/site-packages/airflow/example_dags/example_python_operator.py
[2021-05-01 05:29:31,374] {logging_mixin.py:104} INFO - [2021-05-01 05:29:31,374] {dag.py:1824} INFO - Sync 1 DAGs
[2021-05-01 05:29:31,391] {logging_mixin.py:104} INFO - [2021-05-01 05:29:31,391] {dag.py:2280} INFO - Setting next_dagrun for example_python_operator to None
[2021-05-01 05:29:31,407] {scheduler_job.py:190} INFO - Processing /home/airflow/.local/lib/python3.6/site-packages/airflow/example_dags/example_python_operator.py took 0.074 seconds
[2021-05-01 05:30:01,928] {scheduler_job.py:182} INFO - Started process (PID=814) to work on /home/airflow/.local/lib/python3.6/site-packages/airflow/example_dags/example_python_operator.py
[2021-05-01 05:30:01,929] {scheduler_job.py:629} INFO - Processing file /home/airflow/.local/lib/python3.6/site-packages/airflow/example_dags/example_python_operator.py for tasks to queue
[2021-05-01 05:30:01,930] {logging_mixin.py:104} INFO - [2021-05-01 05:30:01,930] {dagbag.py:451} INFO - Filling up the DagBag from /home/airflow/.local/lib/python3.6/site-packages/airflow/example_dags/example_python_operator.py
[2021-05-01 05:30:01,944] {scheduler_job.py:639} INFO - DAG(s) dict_keys(['example_python_operator']) retrieved from /home/airflow/.local/lib/python3.6/site-packages/airflow/example_dags/example_python_operator.py
[2021-05-01 05:30:01,971] {logging_mixin.py:104} INFO - [2021-05-01 05:30:01,971] {dag.py:1824} INFO - Sync 1 DAGs
[2021-05-01 05:30:01,989] {logging_mixin.py:104} INFO - [2021-05-01 05:30:01,989] {dag.py:2280} INFO - Setting next_dagrun for example_python_operator to None
[2021-05-01 05:30:01,999] {scheduler_job.py:190} INFO - Processing /home/airflow/.local/lib/python3.6/site-packages/airflow/example_dags/example_python_operator.py took 0.075 seconds
[2021-05-01 05:30:32,536] {scheduler_job.py:182} INFO - Started process (PID=847) to work on /home/airflow/.local/lib/python3.6/site-packages/airflow/example_dags/example_python_operator.py
[2021-05-01 05:30:32,539] {scheduler_job.py:629} INFO - Processing file /home/airflow/.local/lib/python3.6/site-packages/airflow/example_dags/example_python_operator.py for tasks to queue
[2021-05-01 05:30:32,539] {logging_mixin.py:104} INFO - [2021-05-01 05:30:32,539] {dagbag.py:451} INFO - Filling up the DagBag from /home/airflow/.local/lib/python3.6/site-packages/airflow/example_dags/example_python_operator.py
[2021-05-01 05:30:32,557] {scheduler_job.py:639} INFO - DAG(s) dict_keys(['example_python_operator']) retrieved from /home/airflow/.local/lib/python3.6/site-packages/airflow/example_dags/example_python_operator.py
[2021-05-01 05:30:32,592] {logging_mixin.py:104} INFO - [2021-05-01 05:30:32,592] {dag.py:1824} INFO - Sync 1 DAGs
[2021-05-01 05:30:32,622] {logging_mixin.py:104} INFO - [2021-05-01 05:30:32,622] {dag.py:2280} INFO - Setting next_dagrun for example_python_operator to None
[2021-05-01 05:30:32,645] {scheduler_job.py:190} INFO - Processing /home/airflow/.local/lib/python3.6/site-packages/airflow/example_dags/example_python_operator.py took 0.113 seconds
[2021-05-01 05:31:03,296] {scheduler_job.py:182} INFO - Started process (PID=880) to work on /home/airflow/.local/lib/python3.6/site-packages/airflow/example_dags/example_python_operator.py
[2021-05-01 05:31:03,298] {scheduler_job.py:629} INFO - Processing file /home/airflow/.local/lib/python3.6/site-packages/airflow/example_dags/example_python_operator.py for tasks to queue
[2021-05-01 05:31:03,299] {logging_mixin.py:104} INFO - [2021-05-01 05:31:03,299] {dagbag.py:451} INFO - Filling up the DagBag from /home/airflow/.local/lib/python3.6/site-packages/airflow/example_dags/example_python_operator.py
[2021-05-01 05:31:03,315] {scheduler_job.py:639} INFO - DAG(s) dict_keys(['example_python_operator']) retrieved from /home/airflow/.local/lib/python3.6/site-packages/airflow/example_dags/example_python_operator.py
[2021-05-01 05:31:03,375] {logging_mixin.py:104} INFO - [2021-05-01 05:31:03,374] {dag.py:1824} INFO - Sync 1 DAGs
[2021-05-01 05:31:03,398] {logging_mixin.py:104} INFO - [2021-05-01 05:31:03,398] {dag.py:2280} INFO - Setting next_dagrun for example_python_operator to None
[2021-05-01 05:31:03,410] {scheduler_job.py:190} INFO - Processing /home/airflow/.local/lib/python3.6/site-packages/airflow/example_dags/example_python_operator.py took 0.118 seconds
[2021-05-01 05:31:33,865] {scheduler_job.py:182} INFO - Started process (PID=913) to work on /home/airflow/.local/lib/python3.6/site-packages/airflow/example_dags/example_python_operator.py
[2021-05-01 05:31:33,866] {scheduler_job.py:629} INFO - Processing file /home/airflow/.local/lib/python3.6/site-packages/airflow/example_dags/example_python_operator.py for tasks to queue
[2021-05-01 05:31:33,867] {logging_mixin.py:104} INFO - [2021-05-01 05:31:33,866] {dagbag.py:451} INFO - Filling up the DagBag from /home/airflow/.local/lib/python3.6/site-packages/airflow/example_dags/example_python_operator.py
[2021-05-01 05:31:33,878] {scheduler_job.py:639} INFO - DAG(s) dict_keys(['example_python_operator']) retrieved from /home/airflow/.local/lib/python3.6/site-packages/airflow/example_dags/example_python_operator.py
[2021-05-01 05:31:33,905] {logging_mixin.py:104} INFO - [2021-05-01 05:31:33,905] {dag.py:1824} INFO - Sync 1 DAGs
[2021-05-01 05:31:33,923] {logging_mixin.py:104} INFO - [2021-05-01 05:31:33,922] {dag.py:2280} INFO - Setting next_dagrun for example_python_operator to None
[2021-05-01 05:31:33,938] {scheduler_job.py:190} INFO - Processing /home/airflow/.local/lib/python3.6/site-packages/airflow/example_dags/example_python_operator.py took 0.077 seconds
[2021-05-01 05:32:04,540] {scheduler_job.py:182} INFO - Started process (PID=946) to work on /home/airflow/.local/lib/python3.6/site-packages/airflow/example_dags/example_python_operator.py
[2021-05-01 05:32:04,541] {scheduler_job.py:629} INFO - Processing file /home/airflow/.local/lib/python3.6/site-packages/airflow/example_dags/example_python_operator.py for tasks to queue
[2021-05-01 05:32:04,542] {logging_mixin.py:104} INFO - [2021-05-01 05:32:04,542] {dagbag.py:451} INFO - Filling up the DagBag from /home/airflow/.local/lib/python3.6/site-packages/airflow/example_dags/example_python_operator.py
[2021-05-01 05:32:04,553] {scheduler_job.py:639} INFO - DAG(s) dict_keys(['example_python_operator']) retrieved from /home/airflow/.local/lib/python3.6/site-packages/airflow/example_dags/example_python_operator.py
[2021-05-01 05:32:04,581] {logging_mixin.py:104} INFO - [2021-05-01 05:32:04,581] {dag.py:1824} INFO - Sync 1 DAGs
[2021-05-01 05:32:04,599] {logging_mixin.py:104} INFO - [2021-05-01 05:32:04,599] {dag.py:2280} INFO - Setting next_dagrun for example_python_operator to None
[2021-05-01 05:32:04,615] {scheduler_job.py:190} INFO - Processing /home/airflow/.local/lib/python3.6/site-packages/airflow/example_dags/example_python_operator.py took 0.078 seconds
[2021-05-01 05:32:35,095] {scheduler_job.py:182} INFO - Started process (PID=979) to work on /home/airflow/.local/lib/python3.6/site-packages/airflow/example_dags/example_python_operator.py
[2021-05-01 05:32:35,097] {scheduler_job.py:629} INFO - Processing file /home/airflow/.local/lib/python3.6/site-packages/airflow/example_dags/example_python_operator.py for tasks to queue
[2021-05-01 05:32:35,098] {logging_mixin.py:104} INFO - [2021-05-01 05:32:35,097] {dagbag.py:451} INFO - Filling up the DagBag from /home/airflow/.local/lib/python3.6/site-packages/airflow/example_dags/example_python_operator.py
[2021-05-01 05:32:35,112] {scheduler_job.py:639} INFO - DAG(s) dict_keys(['example_python_operator']) retrieved from /home/airflow/.local/lib/python3.6/site-packages/airflow/example_dags/example_python_operator.py
[2021-05-01 05:32:35,137] {logging_mixin.py:104} INFO - [2021-05-01 05:32:35,137] {dag.py:1824} INFO - Sync 1 DAGs
[2021-05-01 05:32:35,153] {logging_mixin.py:104} INFO - [2021-05-01 05:32:35,153] {dag.py:2280} INFO - Setting next_dagrun for example_python_operator to None
[2021-05-01 05:32:35,164] {scheduler_job.py:190} INFO - Processing /home/airflow/.local/lib/python3.6/site-packages/airflow/example_dags/example_python_operator.py took 0.072 seconds
[2021-05-01 05:33:05,547] {scheduler_job.py:182} INFO - Started process (PID=1012) to work on /home/airflow/.local/lib/python3.6/site-packages/airflow/example_dags/example_python_operator.py
[2021-05-01 05:33:05,549] {scheduler_job.py:629} INFO - Processing file /home/airflow/.local/lib/python3.6/site-packages/airflow/example_dags/example_python_operator.py for tasks to queue
[2021-05-01 05:33:05,549] {logging_mixin.py:104} INFO - [2021-05-01 05:33:05,549] {dagbag.py:451} INFO - Filling up the DagBag from /home/airflow/.local/lib/python3.6/site-packages/airflow/example_dags/example_python_operator.py
[2021-05-01 05:33:05,562] {scheduler_job.py:639} INFO - DAG(s) dict_keys(['example_python_operator']) retrieved from /home/airflow/.local/lib/python3.6/site-packages/airflow/example_dags/example_python_operator.py
[2021-05-01 05:33:05,584] {logging_mixin.py:104} INFO - [2021-05-01 05:33:05,584] {dag.py:1824} INFO - Sync 1 DAGs
[2021-05-01 05:33:05,600] {logging_mixin.py:104} INFO - [2021-05-01 05:33:05,600] {dag.py:2280} INFO - Setting next_dagrun for example_python_operator to None
[2021-05-01 05:33:05,611] {scheduler_job.py:190} INFO - Processing /home/airflow/.local/lib/python3.6/site-packages/airflow/example_dags/example_python_operator.py took 0.066 seconds
[2021-05-01 05:33:36,379] {scheduler_job.py:182} INFO - Started process (PID=1046) to work on /home/airflow/.local/lib/python3.6/site-packages/airflow/example_dags/example_python_operator.py
[2021-05-01 05:33:36,381] {scheduler_job.py:629} INFO - Processing file /home/airflow/.local/lib/python3.6/site-packages/airflow/example_dags/example_python_operator.py for tasks to queue
[2021-05-01 05:33:36,381] {logging_mixin.py:104} INFO - [2021-05-01 05:33:36,381] {dagbag.py:451} INFO - Filling up the DagBag from /home/airflow/.local/lib/python3.6/site-packages/airflow/example_dags/example_python_operator.py
[2021-05-01 05:33:36,398] {scheduler_job.py:639} INFO - DAG(s) dict_keys(['example_python_operator']) retrieved from /home/airflow/.local/lib/python3.6/site-packages/airflow/example_dags/example_python_operator.py
[2021-05-01 05:33:36,428] {logging_mixin.py:104} INFO - [2021-05-01 05:33:36,428] {dag.py:1824} INFO - Sync 1 DAGs
[2021-05-01 05:33:36,449] {logging_mixin.py:104} INFO - [2021-05-01 05:33:36,449] {dag.py:2280} INFO - Setting next_dagrun for example_python_operator to None
[2021-05-01 05:33:36,466] {scheduler_job.py:190} INFO - Processing /home/airflow/.local/lib/python3.6/site-packages/airflow/example_dags/example_python_operator.py took 0.090 seconds
[2021-05-01 05:34:07,047] {scheduler_job.py:182} INFO - Started process (PID=1079) to work on /home/airflow/.local/lib/python3.6/site-packages/airflow/example_dags/example_python_operator.py
[2021-05-01 05:34:07,048] {scheduler_job.py:629} INFO - Processing file /home/airflow/.local/lib/python3.6/site-packages/airflow/example_dags/example_python_operator.py for tasks to queue
[2021-05-01 05:34:07,049] {logging_mixin.py:104} INFO - [2021-05-01 05:34:07,049] {dagbag.py:451} INFO - Filling up the DagBag from /home/airflow/.local/lib/python3.6/site-packages/airflow/example_dags/example_python_operator.py
[2021-05-01 05:34:07,062] {scheduler_job.py:639} INFO - DAG(s) dict_keys(['example_python_operator']) retrieved from /home/airflow/.local/lib/python3.6/site-packages/airflow/example_dags/example_python_operator.py
[2021-05-01 05:34:07,088] {logging_mixin.py:104} INFO - [2021-05-01 05:34:07,088] {dag.py:1824} INFO - Sync 1 DAGs
[2021-05-01 05:34:07,103] {logging_mixin.py:104} INFO - [2021-05-01 05:34:07,103] {dag.py:2280} INFO - Setting next_dagrun for example_python_operator to None
[2021-05-01 05:34:07,117] {scheduler_job.py:190} INFO - Processing /home/airflow/.local/lib/python3.6/site-packages/airflow/example_dags/example_python_operator.py took 0.074 seconds
[2021-05-01 05:34:37,497] {scheduler_job.py:182} INFO - Started process (PID=1112) to work on /home/airflow/.local/lib/python3.6/site-packages/airflow/example_dags/example_python_operator.py
[2021-05-01 05:34:37,499] {scheduler_job.py:629} INFO - Processing file /home/airflow/.local/lib/python3.6/site-packages/airflow/example_dags/example_python_operator.py for tasks to queue
[2021-05-01 05:34:37,500] {logging_mixin.py:104} INFO - [2021-05-01 05:34:37,500] {dagbag.py:451} INFO - Filling up the DagBag from /home/airflow/.local/lib/python3.6/site-packages/airflow/example_dags/example_python_operator.py
[2021-05-01 05:34:37,516] {scheduler_job.py:639} INFO - DAG(s) dict_keys(['example_python_operator']) retrieved from /home/airflow/.local/lib/python3.6/site-packages/airflow/example_dags/example_python_operator.py
[2021-05-01 05:34:37,546] {logging_mixin.py:104} INFO - [2021-05-01 05:34:37,546] {dag.py:1824} INFO - Sync 1 DAGs
[2021-05-01 05:34:37,567] {logging_mixin.py:104} INFO - [2021-05-01 05:34:37,567] {dag.py:2280} INFO - Setting next_dagrun for example_python_operator to None
[2021-05-01 05:34:37,581] {scheduler_job.py:190} INFO - Processing /home/airflow/.local/lib/python3.6/site-packages/airflow/example_dags/example_python_operator.py took 0.087 seconds
[2021-05-01 05:35:08,440] {scheduler_job.py:182} INFO - Started process (PID=1145) to work on /home/airflow/.local/lib/python3.6/site-packages/airflow/example_dags/example_python_operator.py
[2021-05-01 05:35:08,445] {scheduler_job.py:629} INFO - Processing file /home/airflow/.local/lib/python3.6/site-packages/airflow/example_dags/example_python_operator.py for tasks to queue
[2021-05-01 05:35:08,447] {logging_mixin.py:104} INFO - [2021-05-01 05:35:08,447] {dagbag.py:451} INFO - Filling up the DagBag from /home/airflow/.local/lib/python3.6/site-packages/airflow/example_dags/example_python_operator.py
[2021-05-01 05:35:08,469] {scheduler_job.py:639} INFO - DAG(s) dict_keys(['example_python_operator']) retrieved from /home/airflow/.local/lib/python3.6/site-packages/airflow/example_dags/example_python_operator.py
[2021-05-01 05:35:08,506] {logging_mixin.py:104} INFO - [2021-05-01 05:35:08,506] {dag.py:1824} INFO - Sync 1 DAGs
[2021-05-01 05:35:08,535] {logging_mixin.py:104} INFO - [2021-05-01 05:35:08,535] {dag.py:2280} INFO - Setting next_dagrun for example_python_operator to None
[2021-05-01 05:35:08,551] {scheduler_job.py:190} INFO - Processing /home/airflow/.local/lib/python3.6/site-packages/airflow/example_dags/example_python_operator.py took 0.117 seconds
[2021-05-01 05:35:39,073] {scheduler_job.py:182} INFO - Started process (PID=1178) to work on /home/airflow/.local/lib/python3.6/site-packages/airflow/example_dags/example_python_operator.py
[2021-05-01 05:35:39,075] {scheduler_job.py:629} INFO - Processing file /home/airflow/.local/lib/python3.6/site-packages/airflow/example_dags/example_python_operator.py for tasks to queue
[2021-05-01 05:35:39,075] {logging_mixin.py:104} INFO - [2021-05-01 05:35:39,075] {dagbag.py:451} INFO - Filling up the DagBag from /home/airflow/.local/lib/python3.6/site-packages/airflow/example_dags/example_python_operator.py
[2021-05-01 05:35:39,090] {scheduler_job.py:639} INFO - DAG(s) dict_keys(['example_python_operator']) retrieved from /home/airflow/.local/lib/python3.6/site-packages/airflow/example_dags/example_python_operator.py
[2021-05-01 05:35:39,120] {logging_mixin.py:104} INFO - [2021-05-01 05:35:39,120] {dag.py:1824} INFO - Sync 1 DAGs
[2021-05-01 05:35:39,141] {logging_mixin.py:104} INFO - [2021-05-01 05:35:39,141] {dag.py:2280} INFO - Setting next_dagrun for example_python_operator to None
[2021-05-01 05:35:39,155] {scheduler_job.py:190} INFO - Processing /home/airflow/.local/lib/python3.6/site-packages/airflow/example_dags/example_python_operator.py took 0.085 seconds
[2021-05-01 05:36:09,708] {scheduler_job.py:182} INFO - Started process (PID=1211) to work on /home/airflow/.local/lib/python3.6/site-packages/airflow/example_dags/example_python_operator.py
[2021-05-01 05:36:09,709] {scheduler_job.py:629} INFO - Processing file /home/airflow/.local/lib/python3.6/site-packages/airflow/example_dags/example_python_operator.py for tasks to queue
[2021-05-01 05:36:09,710] {logging_mixin.py:104} INFO - [2021-05-01 05:36:09,710] {dagbag.py:451} INFO - Filling up the DagBag from /home/airflow/.local/lib/python3.6/site-packages/airflow/example_dags/example_python_operator.py
[2021-05-01 05:36:09,725] {scheduler_job.py:639} INFO - DAG(s) dict_keys(['example_python_operator']) retrieved from /home/airflow/.local/lib/python3.6/site-packages/airflow/example_dags/example_python_operator.py
[2021-05-01 05:36:09,754] {logging_mixin.py:104} INFO - [2021-05-01 05:36:09,753] {dag.py:1824} INFO - Sync 1 DAGs
[2021-05-01 05:36:09,773] {logging_mixin.py:104} INFO - [2021-05-01 05:36:09,772] {dag.py:2280} INFO - Setting next_dagrun for example_python_operator to None
[2021-05-01 05:36:09,787] {scheduler_job.py:190} INFO - Processing /home/airflow/.local/lib/python3.6/site-packages/airflow/example_dags/example_python_operator.py took 0.082 seconds
[2021-05-01 05:36:40,347] {scheduler_job.py:182} INFO - Started process (PID=1244) to work on /home/airflow/.local/lib/python3.6/site-packages/airflow/example_dags/example_python_operator.py
[2021-05-01 05:36:40,348] {scheduler_job.py:629} INFO - Processing file /home/airflow/.local/lib/python3.6/site-packages/airflow/example_dags/example_python_operator.py for tasks to queue
[2021-05-01 05:36:40,349] {logging_mixin.py:104} INFO - [2021-05-01 05:36:40,349] {dagbag.py:451} INFO - Filling up the DagBag from /home/airflow/.local/lib/python3.6/site-packages/airflow/example_dags/example_python_operator.py
[2021-05-01 05:36:40,365] {scheduler_job.py:639} INFO - DAG(s) dict_keys(['example_python_operator']) retrieved from /home/airflow/.local/lib/python3.6/site-packages/airflow/example_dags/example_python_operator.py
[2021-05-01 05:36:40,391] {logging_mixin.py:104} INFO - [2021-05-01 05:36:40,391] {dag.py:1824} INFO - Sync 1 DAGs
[2021-05-01 05:36:40,413] {logging_mixin.py:104} INFO - [2021-05-01 05:36:40,413] {dag.py:2280} INFO - Setting next_dagrun for example_python_operator to None
[2021-05-01 05:36:40,427] {scheduler_job.py:190} INFO - Processing /home/airflow/.local/lib/python3.6/site-packages/airflow/example_dags/example_python_operator.py took 0.084 seconds
[2021-05-01 05:37:11,015] {scheduler_job.py:182} INFO - Started process (PID=1277) to work on /home/airflow/.local/lib/python3.6/site-packages/airflow/example_dags/example_python_operator.py
[2021-05-01 05:37:11,016] {scheduler_job.py:629} INFO - Processing file /home/airflow/.local/lib/python3.6/site-packages/airflow/example_dags/example_python_operator.py for tasks to queue
[2021-05-01 05:37:11,017] {logging_mixin.py:104} INFO - [2021-05-01 05:37:11,017] {dagbag.py:451} INFO - Filling up the DagBag from /home/airflow/.local/lib/python3.6/site-packages/airflow/example_dags/example_python_operator.py
[2021-05-01 05:37:11,029] {scheduler_job.py:639} INFO - DAG(s) dict_keys(['example_python_operator']) retrieved from /home/airflow/.local/lib/python3.6/site-packages/airflow/example_dags/example_python_operator.py
[2021-05-01 05:37:11,056] {logging_mixin.py:104} INFO - [2021-05-01 05:37:11,056] {dag.py:1824} INFO - Sync 1 DAGs
[2021-05-01 05:37:11,072] {logging_mixin.py:104} INFO - [2021-05-01 05:37:11,072] {dag.py:2280} INFO - Setting next_dagrun for example_python_operator to None
[2021-05-01 05:37:11,088] {scheduler_job.py:190} INFO - Processing /home/airflow/.local/lib/python3.6/site-packages/airflow/example_dags/example_python_operator.py took 0.076 seconds
[2021-05-01 05:37:41,381] {scheduler_job.py:182} INFO - Started process (PID=1310) to work on /home/airflow/.local/lib/python3.6/site-packages/airflow/example_dags/example_python_operator.py
[2021-05-01 05:37:41,382] {scheduler_job.py:629} INFO - Processing file /home/airflow/.local/lib/python3.6/site-packages/airflow/example_dags/example_python_operator.py for tasks to queue
[2021-05-01 05:37:41,383] {logging_mixin.py:104} INFO - [2021-05-01 05:37:41,383] {dagbag.py:451} INFO - Filling up the DagBag from /home/airflow/.local/lib/python3.6/site-packages/airflow/example_dags/example_python_operator.py
[2021-05-01 05:37:41,395] {scheduler_job.py:639} INFO - DAG(s) dict_keys(['example_python_operator']) retrieved from /home/airflow/.local/lib/python3.6/site-packages/airflow/example_dags/example_python_operator.py
[2021-05-01 05:37:41,419] {logging_mixin.py:104} INFO - [2021-05-01 05:37:41,419] {dag.py:1824} INFO - Sync 1 DAGs
[2021-05-01 05:37:41,435] {logging_mixin.py:104} INFO - [2021-05-01 05:37:41,435] {dag.py:2280} INFO - Setting next_dagrun for example_python_operator to None
[2021-05-01 05:37:41,447] {scheduler_job.py:190} INFO - Processing /home/airflow/.local/lib/python3.6/site-packages/airflow/example_dags/example_python_operator.py took 0.069 seconds
[2021-05-01 05:38:11,896] {scheduler_job.py:182} INFO - Started process (PID=1343) to work on /home/airflow/.local/lib/python3.6/site-packages/airflow/example_dags/example_python_operator.py
[2021-05-01 05:38:11,898] {scheduler_job.py:629} INFO - Processing file /home/airflow/.local/lib/python3.6/site-packages/airflow/example_dags/example_python_operator.py for tasks to queue
[2021-05-01 05:38:11,899] {logging_mixin.py:104} INFO - [2021-05-01 05:38:11,899] {dagbag.py:451} INFO - Filling up the DagBag from /home/airflow/.local/lib/python3.6/site-packages/airflow/example_dags/example_python_operator.py
[2021-05-01 05:38:11,915] {scheduler_job.py:639} INFO - DAG(s) dict_keys(['example_python_operator']) retrieved from /home/airflow/.local/lib/python3.6/site-packages/airflow/example_dags/example_python_operator.py
[2021-05-01 05:38:11,939] {logging_mixin.py:104} INFO - [2021-05-01 05:38:11,939] {dag.py:1824} INFO - Sync 1 DAGs
[2021-05-01 05:38:11,966] {logging_mixin.py:104} INFO - [2021-05-01 05:38:11,966] {dag.py:2280} INFO - Setting next_dagrun for example_python_operator to None
[2021-05-01 05:38:11,984] {scheduler_job.py:190} INFO - Processing /home/airflow/.local/lib/python3.6/site-packages/airflow/example_dags/example_python_operator.py took 0.092 seconds
[2021-05-01 05:38:42,458] {scheduler_job.py:182} INFO - Started process (PID=1376) to work on /home/airflow/.local/lib/python3.6/site-packages/airflow/example_dags/example_python_operator.py
[2021-05-01 05:38:42,461] {scheduler_job.py:629} INFO - Processing file /home/airflow/.local/lib/python3.6/site-packages/airflow/example_dags/example_python_operator.py for tasks to queue
[2021-05-01 05:38:42,462] {logging_mixin.py:104} INFO - [2021-05-01 05:38:42,461] {dagbag.py:451} INFO - Filling up the DagBag from /home/airflow/.local/lib/python3.6/site-packages/airflow/example_dags/example_python_operator.py
[2021-05-01 05:38:42,479] {scheduler_job.py:639} INFO - DAG(s) dict_keys(['example_python_operator']) retrieved from /home/airflow/.local/lib/python3.6/site-packages/airflow/example_dags/example_python_operator.py
[2021-05-01 05:38:42,513] {logging_mixin.py:104} INFO - [2021-05-01 05:38:42,512] {dag.py:1824} INFO - Sync 1 DAGs
[2021-05-01 05:38:42,536] {logging_mixin.py:104} INFO - [2021-05-01 05:38:42,536] {dag.py:2280} INFO - Setting next_dagrun for example_python_operator to None
[2021-05-01 05:38:42,561] {scheduler_job.py:190} INFO - Processing /home/airflow/.local/lib/python3.6/site-packages/airflow/example_dags/example_python_operator.py took 0.109 seconds
[2021-05-01 05:39:13,211] {scheduler_job.py:182} INFO - Started process (PID=1409) to work on /home/airflow/.local/lib/python3.6/site-packages/airflow/example_dags/example_python_operator.py
[2021-05-01 05:39:13,212] {scheduler_job.py:629} INFO - Processing file /home/airflow/.local/lib/python3.6/site-packages/airflow/example_dags/example_python_operator.py for tasks to queue
[2021-05-01 05:39:13,215] {logging_mixin.py:104} INFO - [2021-05-01 05:39:13,214] {dagbag.py:451} INFO - Filling up the DagBag from /home/airflow/.local/lib/python3.6/site-packages/airflow/example_dags/example_python_operator.py
[2021-05-01 05:39:13,233] {scheduler_job.py:639} INFO - DAG(s) dict_keys(['example_python_operator']) retrieved from /home/airflow/.local/lib/python3.6/site-packages/airflow/example_dags/example_python_operator.py
[2021-05-01 05:39:13,266] {logging_mixin.py:104} INFO - [2021-05-01 05:39:13,266] {dag.py:1824} INFO - Sync 1 DAGs
[2021-05-01 05:39:13,293] {logging_mixin.py:104} INFO - [2021-05-01 05:39:13,293] {dag.py:2280} INFO - Setting next_dagrun for example_python_operator to None
[2021-05-01 05:39:13,317] {scheduler_job.py:190} INFO - Processing /home/airflow/.local/lib/python3.6/site-packages/airflow/example_dags/example_python_operator.py took 0.110 seconds
[2021-05-01 05:39:44,046] {scheduler_job.py:182} INFO - Started process (PID=1442) to work on /home/airflow/.local/lib/python3.6/site-packages/airflow/example_dags/example_python_operator.py
[2021-05-01 05:39:44,047] {scheduler_job.py:629} INFO - Processing file /home/airflow/.local/lib/python3.6/site-packages/airflow/example_dags/example_python_operator.py for tasks to queue
[2021-05-01 05:39:44,048] {logging_mixin.py:104} INFO - [2021-05-01 05:39:44,048] {dagbag.py:451} INFO - Filling up the DagBag from /home/airflow/.local/lib/python3.6/site-packages/airflow/example_dags/example_python_operator.py
[2021-05-01 05:39:44,075] {scheduler_job.py:639} INFO - DAG(s) dict_keys(['example_python_operator']) retrieved from /home/airflow/.local/lib/python3.6/site-packages/airflow/example_dags/example_python_operator.py
[2021-05-01 05:39:44,104] {logging_mixin.py:104} INFO - [2021-05-01 05:39:44,104] {dag.py:1824} INFO - Sync 1 DAGs
[2021-05-01 05:39:44,123] {logging_mixin.py:104} INFO - [2021-05-01 05:39:44,123] {dag.py:2280} INFO - Setting next_dagrun for example_python_operator to None
[2021-05-01 05:39:44,138] {scheduler_job.py:190} INFO - Processing /home/airflow/.local/lib/python3.6/site-packages/airflow/example_dags/example_python_operator.py took 0.095 seconds
[2021-05-01 05:40:14,819] {scheduler_job.py:182} INFO - Started process (PID=1475) to work on /home/airflow/.local/lib/python3.6/site-packages/airflow/example_dags/example_python_operator.py
[2021-05-01 05:40:14,821] {scheduler_job.py:629} INFO - Processing file /home/airflow/.local/lib/python3.6/site-packages/airflow/example_dags/example_python_operator.py for tasks to queue
[2021-05-01 05:40:14,822] {logging_mixin.py:104} INFO - [2021-05-01 05:40:14,822] {dagbag.py:451} INFO - Filling up the DagBag from /home/airflow/.local/lib/python3.6/site-packages/airflow/example_dags/example_python_operator.py
[2021-05-01 05:40:14,837] {scheduler_job.py:639} INFO - DAG(s) dict_keys(['example_python_operator']) retrieved from /home/airflow/.local/lib/python3.6/site-packages/airflow/example_dags/example_python_operator.py
[2021-05-01 05:40:14,869] {logging_mixin.py:104} INFO - [2021-05-01 05:40:14,868] {dag.py:1824} INFO - Sync 1 DAGs
[2021-05-01 05:40:14,888] {logging_mixin.py:104} INFO - [2021-05-01 05:40:14,888] {dag.py:2280} INFO - Setting next_dagrun for example_python_operator to None
[2021-05-01 05:40:14,904] {scheduler_job.py:190} INFO - Processing /home/airflow/.local/lib/python3.6/site-packages/airflow/example_dags/example_python_operator.py took 0.089 seconds
[2021-05-01 05:40:45,521] {scheduler_job.py:182} INFO - Started process (PID=1508) to work on /home/airflow/.local/lib/python3.6/site-packages/airflow/example_dags/example_python_operator.py
[2021-05-01 05:40:45,522] {scheduler_job.py:629} INFO - Processing file /home/airflow/.local/lib/python3.6/site-packages/airflow/example_dags/example_python_operator.py for tasks to queue
[2021-05-01 05:40:45,523] {logging_mixin.py:104} INFO - [2021-05-01 05:40:45,523] {dagbag.py:451} INFO - Filling up the DagBag from /home/airflow/.local/lib/python3.6/site-packages/airflow/example_dags/example_python_operator.py
[2021-05-01 05:40:45,541] {scheduler_job.py:639} INFO - DAG(s) dict_keys(['example_python_operator']) retrieved from /home/airflow/.local/lib/python3.6/site-packages/airflow/example_dags/example_python_operator.py
[2021-05-01 05:40:45,575] {logging_mixin.py:104} INFO - [2021-05-01 05:40:45,575] {dag.py:1824} INFO - Sync 1 DAGs
[2021-05-01 05:40:45,599] {logging_mixin.py:104} INFO - [2021-05-01 05:40:45,598] {dag.py:2280} INFO - Setting next_dagrun for example_python_operator to None
[2021-05-01 05:40:45,615] {scheduler_job.py:190} INFO - Processing /home/airflow/.local/lib/python3.6/site-packages/airflow/example_dags/example_python_operator.py took 0.099 seconds
[2021-05-01 05:41:16,200] {scheduler_job.py:182} INFO - Started process (PID=1541) to work on /home/airflow/.local/lib/python3.6/site-packages/airflow/example_dags/example_python_operator.py
[2021-05-01 05:41:16,201] {scheduler_job.py:629} INFO - Processing file /home/airflow/.local/lib/python3.6/site-packages/airflow/example_dags/example_python_operator.py for tasks to queue
[2021-05-01 05:41:16,202] {logging_mixin.py:104} INFO - [2021-05-01 05:41:16,202] {dagbag.py:451} INFO - Filling up the DagBag from /home/airflow/.local/lib/python3.6/site-packages/airflow/example_dags/example_python_operator.py
[2021-05-01 05:41:16,214] {scheduler_job.py:639} INFO - DAG(s) dict_keys(['example_python_operator']) retrieved from /home/airflow/.local/lib/python3.6/site-packages/airflow/example_dags/example_python_operator.py
[2021-05-01 05:41:16,243] {logging_mixin.py:104} INFO - [2021-05-01 05:41:16,243] {dag.py:1824} INFO - Sync 1 DAGs
[2021-05-01 05:41:16,265] {logging_mixin.py:104} INFO - [2021-05-01 05:41:16,265] {dag.py:2280} INFO - Setting next_dagrun for example_python_operator to None
[2021-05-01 05:41:16,280] {scheduler_job.py:190} INFO - Processing /home/airflow/.local/lib/python3.6/site-packages/airflow/example_dags/example_python_operator.py took 0.084 seconds
[2021-05-01 05:41:47,184] {scheduler_job.py:182} INFO - Started process (PID=1574) to work on /home/airflow/.local/lib/python3.6/site-packages/airflow/example_dags/example_python_operator.py
[2021-05-01 05:41:47,186] {scheduler_job.py:629} INFO - Processing file /home/airflow/.local/lib/python3.6/site-packages/airflow/example_dags/example_python_operator.py for tasks to queue
[2021-05-01 05:41:47,187] {logging_mixin.py:104} INFO - [2021-05-01 05:41:47,187] {dagbag.py:451} INFO - Filling up the DagBag from /home/airflow/.local/lib/python3.6/site-packages/airflow/example_dags/example_python_operator.py
[2021-05-01 05:41:47,203] {scheduler_job.py:639} INFO - DAG(s) dict_keys(['example_python_operator']) retrieved from /home/airflow/.local/lib/python3.6/site-packages/airflow/example_dags/example_python_operator.py
[2021-05-01 05:41:47,229] {logging_mixin.py:104} INFO - [2021-05-01 05:41:47,229] {dag.py:1824} INFO - Sync 1 DAGs
[2021-05-01 05:41:47,251] {logging_mixin.py:104} INFO - [2021-05-01 05:41:47,251] {dag.py:2280} INFO - Setting next_dagrun for example_python_operator to None
[2021-05-01 05:41:47,267] {scheduler_job.py:190} INFO - Processing /home/airflow/.local/lib/python3.6/site-packages/airflow/example_dags/example_python_operator.py took 0.087 seconds
[2021-05-01 05:42:17,499] {scheduler_job.py:182} INFO - Started process (PID=1607) to work on /home/airflow/.local/lib/python3.6/site-packages/airflow/example_dags/example_python_operator.py
[2021-05-01 05:42:17,501] {scheduler_job.py:629} INFO - Processing file /home/airflow/.local/lib/python3.6/site-packages/airflow/example_dags/example_python_operator.py for tasks to queue
[2021-05-01 05:42:17,503] {logging_mixin.py:104} INFO - [2021-05-01 05:42:17,502] {dagbag.py:451} INFO - Filling up the DagBag from /home/airflow/.local/lib/python3.6/site-packages/airflow/example_dags/example_python_operator.py
[2021-05-01 05:42:17,525] {scheduler_job.py:639} INFO - DAG(s) dict_keys(['example_python_operator']) retrieved from /home/airflow/.local/lib/python3.6/site-packages/airflow/example_dags/example_python_operator.py
[2021-05-01 05:42:17,590] {logging_mixin.py:104} INFO - [2021-05-01 05:42:17,590] {dag.py:1824} INFO - Sync 1 DAGs
[2021-05-01 05:42:17,626] {logging_mixin.py:104} INFO - [2021-05-01 05:42:17,626] {dag.py:2280} INFO - Setting next_dagrun for example_python_operator to None
[2021-05-01 05:42:17,642] {scheduler_job.py:190} INFO - Processing /home/airflow/.local/lib/python3.6/site-packages/airflow/example_dags/example_python_operator.py took 0.149 seconds
[2021-05-01 05:42:48,267] {scheduler_job.py:182} INFO - Started process (PID=1640) to work on /home/airflow/.local/lib/python3.6/site-packages/airflow/example_dags/example_python_operator.py
[2021-05-01 05:42:48,269] {scheduler_job.py:629} INFO - Processing file /home/airflow/.local/lib/python3.6/site-packages/airflow/example_dags/example_python_operator.py for tasks to queue
[2021-05-01 05:42:48,271] {logging_mixin.py:104} INFO - [2021-05-01 05:42:48,271] {dagbag.py:451} INFO - Filling up the DagBag from /home/airflow/.local/lib/python3.6/site-packages/airflow/example_dags/example_python_operator.py
[2021-05-01 05:42:48,307] {scheduler_job.py:639} INFO - DAG(s) dict_keys(['example_python_operator']) retrieved from /home/airflow/.local/lib/python3.6/site-packages/airflow/example_dags/example_python_operator.py
[2021-05-01 05:42:48,368] {logging_mixin.py:104} INFO - [2021-05-01 05:42:48,367] {dag.py:1824} INFO - Sync 1 DAGs
[2021-05-01 05:42:48,405] {logging_mixin.py:104} INFO - [2021-05-01 05:42:48,405] {dag.py:2280} INFO - Setting next_dagrun for example_python_operator to None
[2021-05-01 05:42:48,428] {scheduler_job.py:190} INFO - Processing /home/airflow/.local/lib/python3.6/site-packages/airflow/example_dags/example_python_operator.py took 0.174 seconds
[2021-05-01 05:43:18,787] {scheduler_job.py:182} INFO - Started process (PID=1679) to work on /home/airflow/.local/lib/python3.6/site-packages/airflow/example_dags/example_python_operator.py
[2021-05-01 05:43:18,789] {scheduler_job.py:629} INFO - Processing file /home/airflow/.local/lib/python3.6/site-packages/airflow/example_dags/example_python_operator.py for tasks to queue
[2021-05-01 05:43:18,791] {logging_mixin.py:104} INFO - [2021-05-01 05:43:18,790] {dagbag.py:451} INFO - Filling up the DagBag from /home/airflow/.local/lib/python3.6/site-packages/airflow/example_dags/example_python_operator.py
[2021-05-01 05:43:18,819] {scheduler_job.py:639} INFO - DAG(s) dict_keys(['example_python_operator']) retrieved from /home/airflow/.local/lib/python3.6/site-packages/airflow/example_dags/example_python_operator.py
[2021-05-01 05:43:18,863] {logging_mixin.py:104} INFO - [2021-05-01 05:43:18,863] {dag.py:1824} INFO - Sync 1 DAGs
[2021-05-01 05:43:18,892] {logging_mixin.py:104} INFO - [2021-05-01 05:43:18,892] {dag.py:2280} INFO - Setting next_dagrun for example_python_operator to None
[2021-05-01 05:43:18,914] {scheduler_job.py:190} INFO - Processing /home/airflow/.local/lib/python3.6/site-packages/airflow/example_dags/example_python_operator.py took 0.132 seconds
[2021-05-01 05:43:49,038] {scheduler_job.py:182} INFO - Started process (PID=1712) to work on /home/airflow/.local/lib/python3.6/site-packages/airflow/example_dags/example_python_operator.py
[2021-05-01 05:43:49,045] {scheduler_job.py:629} INFO - Processing file /home/airflow/.local/lib/python3.6/site-packages/airflow/example_dags/example_python_operator.py for tasks to queue
[2021-05-01 05:43:49,052] {logging_mixin.py:104} INFO - [2021-05-01 05:43:49,051] {dagbag.py:451} INFO - Filling up the DagBag from /home/airflow/.local/lib/python3.6/site-packages/airflow/example_dags/example_python_operator.py
[2021-05-01 05:43:49,108] {scheduler_job.py:639} INFO - DAG(s) dict_keys(['example_python_operator']) retrieved from /home/airflow/.local/lib/python3.6/site-packages/airflow/example_dags/example_python_operator.py
[2021-05-01 05:43:49,213] {logging_mixin.py:104} INFO - [2021-05-01 05:43:49,213] {dag.py:1824} INFO - Sync 1 DAGs
[2021-05-01 05:43:49,272] {logging_mixin.py:104} INFO - [2021-05-01 05:43:49,271] {dag.py:2280} INFO - Setting next_dagrun for example_python_operator to None
[2021-05-01 05:43:49,303] {scheduler_job.py:190} INFO - Processing /home/airflow/.local/lib/python3.6/site-packages/airflow/example_dags/example_python_operator.py took 0.282 seconds
[2021-05-01 05:44:19,689] {scheduler_job.py:182} INFO - Started process (PID=1751) to work on /home/airflow/.local/lib/python3.6/site-packages/airflow/example_dags/example_python_operator.py
[2021-05-01 05:44:19,699] {scheduler_job.py:629} INFO - Processing file /home/airflow/.local/lib/python3.6/site-packages/airflow/example_dags/example_python_operator.py for tasks to queue
[2021-05-01 05:44:19,701] {logging_mixin.py:104} INFO - [2021-05-01 05:44:19,701] {dagbag.py:451} INFO - Filling up the DagBag from /home/airflow/.local/lib/python3.6/site-packages/airflow/example_dags/example_python_operator.py
[2021-05-01 05:44:19,741] {scheduler_job.py:639} INFO - DAG(s) dict_keys(['example_python_operator']) retrieved from /home/airflow/.local/lib/python3.6/site-packages/airflow/example_dags/example_python_operator.py
[2021-05-01 05:44:19,787] {logging_mixin.py:104} INFO - [2021-05-01 05:44:19,787] {dag.py:1824} INFO - Sync 1 DAGs
[2021-05-01 05:44:19,832] {logging_mixin.py:104} INFO - [2021-05-01 05:44:19,832] {dag.py:2280} INFO - Setting next_dagrun for example_python_operator to None
[2021-05-01 05:44:19,862] {scheduler_job.py:190} INFO - Processing /home/airflow/.local/lib/python3.6/site-packages/airflow/example_dags/example_python_operator.py took 0.184 seconds
[2021-05-01 05:44:50,079] {scheduler_job.py:182} INFO - Started process (PID=1784) to work on /home/airflow/.local/lib/python3.6/site-packages/airflow/example_dags/example_python_operator.py
[2021-05-01 05:44:50,082] {scheduler_job.py:629} INFO - Processing file /home/airflow/.local/lib/python3.6/site-packages/airflow/example_dags/example_python_operator.py for tasks to queue
[2021-05-01 05:44:50,083] {logging_mixin.py:104} INFO - [2021-05-01 05:44:50,083] {dagbag.py:451} INFO - Filling up the DagBag from /home/airflow/.local/lib/python3.6/site-packages/airflow/example_dags/example_python_operator.py
[2021-05-01 05:44:50,114] {scheduler_job.py:639} INFO - DAG(s) dict_keys(['example_python_operator']) retrieved from /home/airflow/.local/lib/python3.6/site-packages/airflow/example_dags/example_python_operator.py
[2021-05-01 05:44:50,173] {logging_mixin.py:104} INFO - [2021-05-01 05:44:50,172] {dag.py:1824} INFO - Sync 1 DAGs
[2021-05-01 05:44:50,213] {logging_mixin.py:104} INFO - [2021-05-01 05:44:50,213] {dag.py:2280} INFO - Setting next_dagrun for example_python_operator to None
[2021-05-01 05:44:50,249] {scheduler_job.py:190} INFO - Processing /home/airflow/.local/lib/python3.6/site-packages/airflow/example_dags/example_python_operator.py took 0.179 seconds
[2021-05-01 05:45:20,629] {scheduler_job.py:182} INFO - Started process (PID=1817) to work on /home/airflow/.local/lib/python3.6/site-packages/airflow/example_dags/example_python_operator.py
[2021-05-01 05:45:20,631] {scheduler_job.py:629} INFO - Processing file /home/airflow/.local/lib/python3.6/site-packages/airflow/example_dags/example_python_operator.py for tasks to queue
[2021-05-01 05:45:20,632] {logging_mixin.py:104} INFO - [2021-05-01 05:45:20,632] {dagbag.py:451} INFO - Filling up the DagBag from /home/airflow/.local/lib/python3.6/site-packages/airflow/example_dags/example_python_operator.py
[2021-05-01 05:45:20,645] {scheduler_job.py:639} INFO - DAG(s) dict_keys(['example_python_operator']) retrieved from /home/airflow/.local/lib/python3.6/site-packages/airflow/example_dags/example_python_operator.py
[2021-05-01 05:45:20,674] {logging_mixin.py:104} INFO - [2021-05-01 05:45:20,674] {dag.py:1824} INFO - Sync 1 DAGs
[2021-05-01 05:45:20,695] {logging_mixin.py:104} INFO - [2021-05-01 05:45:20,695] {dag.py:2280} INFO - Setting next_dagrun for example_python_operator to None
[2021-05-01 05:45:20,713] {scheduler_job.py:190} INFO - Processing /home/airflow/.local/lib/python3.6/site-packages/airflow/example_dags/example_python_operator.py took 0.087 seconds
[2021-05-01 05:45:51,190] {scheduler_job.py:182} INFO - Started process (PID=1850) to work on /home/airflow/.local/lib/python3.6/site-packages/airflow/example_dags/example_python_operator.py
[2021-05-01 05:45:51,192] {scheduler_job.py:629} INFO - Processing file /home/airflow/.local/lib/python3.6/site-packages/airflow/example_dags/example_python_operator.py for tasks to queue
[2021-05-01 05:45:51,193] {logging_mixin.py:104} INFO - [2021-05-01 05:45:51,192] {dagbag.py:451} INFO - Filling up the DagBag from /home/airflow/.local/lib/python3.6/site-packages/airflow/example_dags/example_python_operator.py
[2021-05-01 05:45:51,209] {scheduler_job.py:639} INFO - DAG(s) dict_keys(['example_python_operator']) retrieved from /home/airflow/.local/lib/python3.6/site-packages/airflow/example_dags/example_python_operator.py
[2021-05-01 05:45:51,239] {logging_mixin.py:104} INFO - [2021-05-01 05:45:51,239] {dag.py:1824} INFO - Sync 1 DAGs
[2021-05-01 05:45:51,259] {logging_mixin.py:104} INFO - [2021-05-01 05:45:51,259] {dag.py:2280} INFO - Setting next_dagrun for example_python_operator to None
[2021-05-01 05:45:51,274] {scheduler_job.py:190} INFO - Processing /home/airflow/.local/lib/python3.6/site-packages/airflow/example_dags/example_python_operator.py took 0.090 seconds
[2021-05-01 05:46:21,923] {scheduler_job.py:182} INFO - Started process (PID=1883) to work on /home/airflow/.local/lib/python3.6/site-packages/airflow/example_dags/example_python_operator.py
[2021-05-01 05:46:21,925] {scheduler_job.py:629} INFO - Processing file /home/airflow/.local/lib/python3.6/site-packages/airflow/example_dags/example_python_operator.py for tasks to queue
[2021-05-01 05:46:21,926] {logging_mixin.py:104} INFO - [2021-05-01 05:46:21,926] {dagbag.py:451} INFO - Filling up the DagBag from /home/airflow/.local/lib/python3.6/site-packages/airflow/example_dags/example_python_operator.py
[2021-05-01 05:46:21,945] {scheduler_job.py:639} INFO - DAG(s) dict_keys(['example_python_operator']) retrieved from /home/airflow/.local/lib/python3.6/site-packages/airflow/example_dags/example_python_operator.py
[2021-05-01 05:46:21,972] {logging_mixin.py:104} INFO - [2021-05-01 05:46:21,972] {dag.py:1824} INFO - Sync 1 DAGs
[2021-05-01 05:46:21,989] {logging_mixin.py:104} INFO - [2021-05-01 05:46:21,989] {dag.py:2280} INFO - Setting next_dagrun for example_python_operator to None
[2021-05-01 05:46:22,002] {scheduler_job.py:190} INFO - Processing /home/airflow/.local/lib/python3.6/site-packages/airflow/example_dags/example_python_operator.py took 0.084 seconds
[2021-05-01 05:46:52,703] {scheduler_job.py:182} INFO - Started process (PID=1916) to work on /home/airflow/.local/lib/python3.6/site-packages/airflow/example_dags/example_python_operator.py
[2021-05-01 05:46:52,704] {scheduler_job.py:629} INFO - Processing file /home/airflow/.local/lib/python3.6/site-packages/airflow/example_dags/example_python_operator.py for tasks to queue
[2021-05-01 05:46:52,706] {logging_mixin.py:104} INFO - [2021-05-01 05:46:52,705] {dagbag.py:451} INFO - Filling up the DagBag from /home/airflow/.local/lib/python3.6/site-packages/airflow/example_dags/example_python_operator.py
[2021-05-01 05:46:52,722] {scheduler_job.py:639} INFO - DAG(s) dict_keys(['example_python_operator']) retrieved from /home/airflow/.local/lib/python3.6/site-packages/airflow/example_dags/example_python_operator.py
[2021-05-01 05:46:52,750] {logging_mixin.py:104} INFO - [2021-05-01 05:46:52,750] {dag.py:1824} INFO - Sync 1 DAGs
[2021-05-01 05:46:52,767] {logging_mixin.py:104} INFO - [2021-05-01 05:46:52,767] {dag.py:2280} INFO - Setting next_dagrun for example_python_operator to None
[2021-05-01 05:46:52,784] {scheduler_job.py:190} INFO - Processing /home/airflow/.local/lib/python3.6/site-packages/airflow/example_dags/example_python_operator.py took 0.085 seconds
[2021-05-01 05:47:23,502] {scheduler_job.py:182} INFO - Started process (PID=1949) to work on /home/airflow/.local/lib/python3.6/site-packages/airflow/example_dags/example_python_operator.py
[2021-05-01 05:47:23,504] {scheduler_job.py:629} INFO - Processing file /home/airflow/.local/lib/python3.6/site-packages/airflow/example_dags/example_python_operator.py for tasks to queue
[2021-05-01 05:47:23,505] {logging_mixin.py:104} INFO - [2021-05-01 05:47:23,505] {dagbag.py:451} INFO - Filling up the DagBag from /home/airflow/.local/lib/python3.6/site-packages/airflow/example_dags/example_python_operator.py
[2021-05-01 05:47:23,550] {scheduler_job.py:639} INFO - DAG(s) dict_keys(['example_python_operator']) retrieved from /home/airflow/.local/lib/python3.6/site-packages/airflow/example_dags/example_python_operator.py
[2021-05-01 05:47:23,632] {logging_mixin.py:104} INFO - [2021-05-01 05:47:23,631] {dag.py:1824} INFO - Sync 1 DAGs
[2021-05-01 05:47:23,682] {logging_mixin.py:104} INFO - [2021-05-01 05:47:23,681] {dag.py:2280} INFO - Setting next_dagrun for example_python_operator to None
[2021-05-01 05:47:23,711] {scheduler_job.py:190} INFO - Processing /home/airflow/.local/lib/python3.6/site-packages/airflow/example_dags/example_python_operator.py took 0.217 seconds
[2021-05-01 05:47:53,952] {scheduler_job.py:182} INFO - Started process (PID=1988) to work on /home/airflow/.local/lib/python3.6/site-packages/airflow/example_dags/example_python_operator.py
[2021-05-01 05:47:53,955] {scheduler_job.py:629} INFO - Processing file /home/airflow/.local/lib/python3.6/site-packages/airflow/example_dags/example_python_operator.py for tasks to queue
[2021-05-01 05:47:53,956] {logging_mixin.py:104} INFO - [2021-05-01 05:47:53,956] {dagbag.py:451} INFO - Filling up the DagBag from /home/airflow/.local/lib/python3.6/site-packages/airflow/example_dags/example_python_operator.py
[2021-05-01 05:47:53,980] {scheduler_job.py:639} INFO - DAG(s) dict_keys(['example_python_operator']) retrieved from /home/airflow/.local/lib/python3.6/site-packages/airflow/example_dags/example_python_operator.py
[2021-05-01 05:47:54,012] {logging_mixin.py:104} INFO - [2021-05-01 05:47:54,012] {dag.py:1824} INFO - Sync 1 DAGs
[2021-05-01 05:47:54,037] {logging_mixin.py:104} INFO - [2021-05-01 05:47:54,036] {dag.py:2280} INFO - Setting next_dagrun for example_python_operator to None
[2021-05-01 05:47:54,054] {scheduler_job.py:190} INFO - Processing /home/airflow/.local/lib/python3.6/site-packages/airflow/example_dags/example_python_operator.py took 0.108 seconds
[2021-05-01 05:48:24,196] {scheduler_job.py:182} INFO - Started process (PID=2029) to work on /home/airflow/.local/lib/python3.6/site-packages/airflow/example_dags/example_python_operator.py
[2021-05-01 05:48:24,198] {scheduler_job.py:629} INFO - Processing file /home/airflow/.local/lib/python3.6/site-packages/airflow/example_dags/example_python_operator.py for tasks to queue
[2021-05-01 05:48:24,199] {logging_mixin.py:104} INFO - [2021-05-01 05:48:24,199] {dagbag.py:451} INFO - Filling up the DagBag from /home/airflow/.local/lib/python3.6/site-packages/airflow/example_dags/example_python_operator.py
[2021-05-01 05:48:24,232] {scheduler_job.py:639} INFO - DAG(s) dict_keys(['example_python_operator']) retrieved from /home/airflow/.local/lib/python3.6/site-packages/airflow/example_dags/example_python_operator.py
[2021-05-01 05:48:24,285] {logging_mixin.py:104} INFO - [2021-05-01 05:48:24,285] {dag.py:1824} INFO - Sync 1 DAGs
[2021-05-01 05:48:24,317] {logging_mixin.py:104} INFO - [2021-05-01 05:48:24,317] {dag.py:2280} INFO - Setting next_dagrun for example_python_operator to None
[2021-05-01 05:48:24,335] {scheduler_job.py:190} INFO - Processing /home/airflow/.local/lib/python3.6/site-packages/airflow/example_dags/example_python_operator.py took 0.146 seconds
[2021-05-01 05:48:54,850] {scheduler_job.py:182} INFO - Started process (PID=2062) to work on /home/airflow/.local/lib/python3.6/site-packages/airflow/example_dags/example_python_operator.py
[2021-05-01 05:48:54,853] {scheduler_job.py:629} INFO - Processing file /home/airflow/.local/lib/python3.6/site-packages/airflow/example_dags/example_python_operator.py for tasks to queue
[2021-05-01 05:48:54,854] {logging_mixin.py:104} INFO - [2021-05-01 05:48:54,854] {dagbag.py:451} INFO - Filling up the DagBag from /home/airflow/.local/lib/python3.6/site-packages/airflow/example_dags/example_python_operator.py
[2021-05-01 05:48:54,883] {scheduler_job.py:639} INFO - DAG(s) dict_keys(['example_python_operator']) retrieved from /home/airflow/.local/lib/python3.6/site-packages/airflow/example_dags/example_python_operator.py
[2021-05-01 05:48:54,939] {logging_mixin.py:104} INFO - [2021-05-01 05:48:54,939] {dag.py:1824} INFO - Sync 1 DAGs
[2021-05-01 05:48:54,971] {logging_mixin.py:104} INFO - [2021-05-01 05:48:54,971] {dag.py:2280} INFO - Setting next_dagrun for example_python_operator to None
[2021-05-01 05:48:55,000] {scheduler_job.py:190} INFO - Processing /home/airflow/.local/lib/python3.6/site-packages/airflow/example_dags/example_python_operator.py took 0.157 seconds
