[2021-05-01 05:17:24,174] {scheduler_job.py:182} INFO - Started process (PID=2209) to work on /home/airflow/.local/lib/python3.6/site-packages/airflow/example_dags/example_nested_branch_dag.py
[2021-05-01 05:17:24,175] {scheduler_job.py:629} INFO - Processing file /home/airflow/.local/lib/python3.6/site-packages/airflow/example_dags/example_nested_branch_dag.py for tasks to queue
[2021-05-01 05:17:24,176] {logging_mixin.py:104} INFO - [2021-05-01 05:17:24,176] {dagbag.py:451} INFO - Filling up the DagBag from /home/airflow/.local/lib/python3.6/site-packages/airflow/example_dags/example_nested_branch_dag.py
[2021-05-01 05:17:24,191] {scheduler_job.py:639} INFO - DAG(s) dict_keys(['example_nested_branch_dag']) retrieved from /home/airflow/.local/lib/python3.6/site-packages/airflow/example_dags/example_nested_branch_dag.py
[2021-05-01 05:17:24,213] {logging_mixin.py:104} INFO - [2021-05-01 05:17:24,213] {dag.py:1824} INFO - Sync 1 DAGs
[2021-05-01 05:17:24,235] {logging_mixin.py:104} INFO - [2021-05-01 05:17:24,235] {dag.py:2280} INFO - Setting next_dagrun for example_nested_branch_dag to 2021-04-29 00:00:00+00:00
[2021-05-01 05:17:24,246] {scheduler_job.py:190} INFO - Processing /home/airflow/.local/lib/python3.6/site-packages/airflow/example_dags/example_nested_branch_dag.py took 0.076 seconds
[2021-05-01 05:18:16,411] {scheduler_job.py:182} INFO - Started process (PID=46) to work on /home/airflow/.local/lib/python3.6/site-packages/airflow/example_dags/example_nested_branch_dag.py
[2021-05-01 05:18:16,414] {scheduler_job.py:629} INFO - Processing file /home/airflow/.local/lib/python3.6/site-packages/airflow/example_dags/example_nested_branch_dag.py for tasks to queue
[2021-05-01 05:18:16,416] {logging_mixin.py:104} INFO - [2021-05-01 05:18:16,416] {dagbag.py:451} INFO - Filling up the DagBag from /home/airflow/.local/lib/python3.6/site-packages/airflow/example_dags/example_nested_branch_dag.py
[2021-05-01 05:18:16,492] {scheduler_job.py:639} INFO - DAG(s) dict_keys(['example_nested_branch_dag']) retrieved from /home/airflow/.local/lib/python3.6/site-packages/airflow/example_dags/example_nested_branch_dag.py
[2021-05-01 05:18:16,632] {logging_mixin.py:104} INFO - [2021-05-01 05:18:16,631] {dag.py:1824} INFO - Sync 1 DAGs
[2021-05-01 05:18:16,760] {logging_mixin.py:104} INFO - [2021-05-01 05:18:16,760] {dag.py:2280} INFO - Setting next_dagrun for example_nested_branch_dag to 2021-04-29 00:00:00+00:00
[2021-05-01 05:18:16,792] {scheduler_job.py:190} INFO - Processing /home/airflow/.local/lib/python3.6/site-packages/airflow/example_dags/example_nested_branch_dag.py took 0.411 seconds
[2021-05-01 05:18:46,858] {scheduler_job.py:182} INFO - Started process (PID=79) to work on /home/airflow/.local/lib/python3.6/site-packages/airflow/example_dags/example_nested_branch_dag.py
[2021-05-01 05:18:46,859] {scheduler_job.py:629} INFO - Processing file /home/airflow/.local/lib/python3.6/site-packages/airflow/example_dags/example_nested_branch_dag.py for tasks to queue
[2021-05-01 05:18:46,860] {logging_mixin.py:104} INFO - [2021-05-01 05:18:46,860] {dagbag.py:451} INFO - Filling up the DagBag from /home/airflow/.local/lib/python3.6/site-packages/airflow/example_dags/example_nested_branch_dag.py
[2021-05-01 05:18:46,877] {scheduler_job.py:639} INFO - DAG(s) dict_keys(['example_nested_branch_dag']) retrieved from /home/airflow/.local/lib/python3.6/site-packages/airflow/example_dags/example_nested_branch_dag.py
[2021-05-01 05:18:46,899] {logging_mixin.py:104} INFO - [2021-05-01 05:18:46,899] {dag.py:1824} INFO - Sync 1 DAGs
[2021-05-01 05:18:46,934] {logging_mixin.py:104} INFO - [2021-05-01 05:18:46,933] {dag.py:2280} INFO - Setting next_dagrun for example_nested_branch_dag to 2021-04-29 00:00:00+00:00
[2021-05-01 05:18:46,944] {scheduler_job.py:190} INFO - Processing /home/airflow/.local/lib/python3.6/site-packages/airflow/example_dags/example_nested_branch_dag.py took 0.090 seconds
[2021-05-01 05:19:17,212] {scheduler_job.py:182} INFO - Started process (PID=109) to work on /home/airflow/.local/lib/python3.6/site-packages/airflow/example_dags/example_nested_branch_dag.py
[2021-05-01 05:19:17,213] {scheduler_job.py:629} INFO - Processing file /home/airflow/.local/lib/python3.6/site-packages/airflow/example_dags/example_nested_branch_dag.py for tasks to queue
[2021-05-01 05:19:17,214] {logging_mixin.py:104} INFO - [2021-05-01 05:19:17,214] {dagbag.py:451} INFO - Filling up the DagBag from /home/airflow/.local/lib/python3.6/site-packages/airflow/example_dags/example_nested_branch_dag.py
[2021-05-01 05:19:17,227] {scheduler_job.py:639} INFO - DAG(s) dict_keys(['example_nested_branch_dag']) retrieved from /home/airflow/.local/lib/python3.6/site-packages/airflow/example_dags/example_nested_branch_dag.py
[2021-05-01 05:19:17,253] {logging_mixin.py:104} INFO - [2021-05-01 05:19:17,253] {dag.py:1824} INFO - Sync 1 DAGs
[2021-05-01 05:19:17,278] {logging_mixin.py:104} INFO - [2021-05-01 05:19:17,278] {dag.py:2280} INFO - Setting next_dagrun for example_nested_branch_dag to 2021-04-29 00:00:00+00:00
[2021-05-01 05:19:17,292] {scheduler_job.py:190} INFO - Processing /home/airflow/.local/lib/python3.6/site-packages/airflow/example_dags/example_nested_branch_dag.py took 0.084 seconds
[2021-05-01 05:19:47,630] {scheduler_job.py:182} INFO - Started process (PID=142) to work on /home/airflow/.local/lib/python3.6/site-packages/airflow/example_dags/example_nested_branch_dag.py
[2021-05-01 05:19:47,634] {scheduler_job.py:629} INFO - Processing file /home/airflow/.local/lib/python3.6/site-packages/airflow/example_dags/example_nested_branch_dag.py for tasks to queue
[2021-05-01 05:19:47,635] {logging_mixin.py:104} INFO - [2021-05-01 05:19:47,635] {dagbag.py:451} INFO - Filling up the DagBag from /home/airflow/.local/lib/python3.6/site-packages/airflow/example_dags/example_nested_branch_dag.py
[2021-05-01 05:19:47,649] {scheduler_job.py:639} INFO - DAG(s) dict_keys(['example_nested_branch_dag']) retrieved from /home/airflow/.local/lib/python3.6/site-packages/airflow/example_dags/example_nested_branch_dag.py
[2021-05-01 05:19:47,672] {logging_mixin.py:104} INFO - [2021-05-01 05:19:47,672] {dag.py:1824} INFO - Sync 1 DAGs
[2021-05-01 05:19:47,693] {logging_mixin.py:104} INFO - [2021-05-01 05:19:47,693] {dag.py:2280} INFO - Setting next_dagrun for example_nested_branch_dag to 2021-04-29 00:00:00+00:00
[2021-05-01 05:19:47,706] {scheduler_job.py:190} INFO - Processing /home/airflow/.local/lib/python3.6/site-packages/airflow/example_dags/example_nested_branch_dag.py took 0.078 seconds
[2021-05-01 05:20:18,018] {scheduler_job.py:182} INFO - Started process (PID=175) to work on /home/airflow/.local/lib/python3.6/site-packages/airflow/example_dags/example_nested_branch_dag.py
[2021-05-01 05:20:18,019] {scheduler_job.py:629} INFO - Processing file /home/airflow/.local/lib/python3.6/site-packages/airflow/example_dags/example_nested_branch_dag.py for tasks to queue
[2021-05-01 05:20:18,021] {logging_mixin.py:104} INFO - [2021-05-01 05:20:18,021] {dagbag.py:451} INFO - Filling up the DagBag from /home/airflow/.local/lib/python3.6/site-packages/airflow/example_dags/example_nested_branch_dag.py
[2021-05-01 05:20:18,034] {scheduler_job.py:639} INFO - DAG(s) dict_keys(['example_nested_branch_dag']) retrieved from /home/airflow/.local/lib/python3.6/site-packages/airflow/example_dags/example_nested_branch_dag.py
[2021-05-01 05:20:18,061] {logging_mixin.py:104} INFO - [2021-05-01 05:20:18,061] {dag.py:1824} INFO - Sync 1 DAGs
[2021-05-01 05:20:18,082] {logging_mixin.py:104} INFO - [2021-05-01 05:20:18,082] {dag.py:2280} INFO - Setting next_dagrun for example_nested_branch_dag to 2021-04-29 00:00:00+00:00
[2021-05-01 05:20:18,096] {scheduler_job.py:190} INFO - Processing /home/airflow/.local/lib/python3.6/site-packages/airflow/example_dags/example_nested_branch_dag.py took 0.081 seconds
[2021-05-01 05:20:48,518] {scheduler_job.py:182} INFO - Started process (PID=208) to work on /home/airflow/.local/lib/python3.6/site-packages/airflow/example_dags/example_nested_branch_dag.py
[2021-05-01 05:20:48,520] {scheduler_job.py:629} INFO - Processing file /home/airflow/.local/lib/python3.6/site-packages/airflow/example_dags/example_nested_branch_dag.py for tasks to queue
[2021-05-01 05:20:48,521] {logging_mixin.py:104} INFO - [2021-05-01 05:20:48,521] {dagbag.py:451} INFO - Filling up the DagBag from /home/airflow/.local/lib/python3.6/site-packages/airflow/example_dags/example_nested_branch_dag.py
[2021-05-01 05:20:48,536] {scheduler_job.py:639} INFO - DAG(s) dict_keys(['example_nested_branch_dag']) retrieved from /home/airflow/.local/lib/python3.6/site-packages/airflow/example_dags/example_nested_branch_dag.py
[2021-05-01 05:20:48,558] {logging_mixin.py:104} INFO - [2021-05-01 05:20:48,558] {dag.py:1824} INFO - Sync 1 DAGs
[2021-05-01 05:20:48,579] {logging_mixin.py:104} INFO - [2021-05-01 05:20:48,579] {dag.py:2280} INFO - Setting next_dagrun for example_nested_branch_dag to 2021-04-29 00:00:00+00:00
[2021-05-01 05:20:48,594] {scheduler_job.py:190} INFO - Processing /home/airflow/.local/lib/python3.6/site-packages/airflow/example_dags/example_nested_branch_dag.py took 0.079 seconds
[2021-05-01 05:21:18,910] {scheduler_job.py:182} INFO - Started process (PID=241) to work on /home/airflow/.local/lib/python3.6/site-packages/airflow/example_dags/example_nested_branch_dag.py
[2021-05-01 05:21:18,911] {scheduler_job.py:629} INFO - Processing file /home/airflow/.local/lib/python3.6/site-packages/airflow/example_dags/example_nested_branch_dag.py for tasks to queue
[2021-05-01 05:21:18,913] {logging_mixin.py:104} INFO - [2021-05-01 05:21:18,913] {dagbag.py:451} INFO - Filling up the DagBag from /home/airflow/.local/lib/python3.6/site-packages/airflow/example_dags/example_nested_branch_dag.py
[2021-05-01 05:21:18,931] {scheduler_job.py:639} INFO - DAG(s) dict_keys(['example_nested_branch_dag']) retrieved from /home/airflow/.local/lib/python3.6/site-packages/airflow/example_dags/example_nested_branch_dag.py
[2021-05-01 05:21:18,958] {logging_mixin.py:104} INFO - [2021-05-01 05:21:18,958] {dag.py:1824} INFO - Sync 1 DAGs
[2021-05-01 05:21:18,984] {logging_mixin.py:104} INFO - [2021-05-01 05:21:18,984] {dag.py:2280} INFO - Setting next_dagrun for example_nested_branch_dag to 2021-04-29 00:00:00+00:00
[2021-05-01 05:21:19,000] {scheduler_job.py:190} INFO - Processing /home/airflow/.local/lib/python3.6/site-packages/airflow/example_dags/example_nested_branch_dag.py took 0.095 seconds
[2021-05-01 05:21:49,345] {scheduler_job.py:182} INFO - Started process (PID=274) to work on /home/airflow/.local/lib/python3.6/site-packages/airflow/example_dags/example_nested_branch_dag.py
[2021-05-01 05:21:49,346] {scheduler_job.py:629} INFO - Processing file /home/airflow/.local/lib/python3.6/site-packages/airflow/example_dags/example_nested_branch_dag.py for tasks to queue
[2021-05-01 05:21:49,348] {logging_mixin.py:104} INFO - [2021-05-01 05:21:49,348] {dagbag.py:451} INFO - Filling up the DagBag from /home/airflow/.local/lib/python3.6/site-packages/airflow/example_dags/example_nested_branch_dag.py
[2021-05-01 05:21:49,362] {scheduler_job.py:639} INFO - DAG(s) dict_keys(['example_nested_branch_dag']) retrieved from /home/airflow/.local/lib/python3.6/site-packages/airflow/example_dags/example_nested_branch_dag.py
[2021-05-01 05:21:49,388] {logging_mixin.py:104} INFO - [2021-05-01 05:21:49,388] {dag.py:1824} INFO - Sync 1 DAGs
[2021-05-01 05:21:49,408] {logging_mixin.py:104} INFO - [2021-05-01 05:21:49,408] {dag.py:2280} INFO - Setting next_dagrun for example_nested_branch_dag to 2021-04-29 00:00:00+00:00
[2021-05-01 05:21:49,420] {scheduler_job.py:190} INFO - Processing /home/airflow/.local/lib/python3.6/site-packages/airflow/example_dags/example_nested_branch_dag.py took 0.078 seconds
[2021-05-01 05:22:19,760] {scheduler_job.py:182} INFO - Started process (PID=307) to work on /home/airflow/.local/lib/python3.6/site-packages/airflow/example_dags/example_nested_branch_dag.py
[2021-05-01 05:22:19,761] {scheduler_job.py:629} INFO - Processing file /home/airflow/.local/lib/python3.6/site-packages/airflow/example_dags/example_nested_branch_dag.py for tasks to queue
[2021-05-01 05:22:19,762] {logging_mixin.py:104} INFO - [2021-05-01 05:22:19,762] {dagbag.py:451} INFO - Filling up the DagBag from /home/airflow/.local/lib/python3.6/site-packages/airflow/example_dags/example_nested_branch_dag.py
[2021-05-01 05:22:19,775] {scheduler_job.py:639} INFO - DAG(s) dict_keys(['example_nested_branch_dag']) retrieved from /home/airflow/.local/lib/python3.6/site-packages/airflow/example_dags/example_nested_branch_dag.py
[2021-05-01 05:22:19,799] {logging_mixin.py:104} INFO - [2021-05-01 05:22:19,799] {dag.py:1824} INFO - Sync 1 DAGs
[2021-05-01 05:22:19,820] {logging_mixin.py:104} INFO - [2021-05-01 05:22:19,820] {dag.py:2280} INFO - Setting next_dagrun for example_nested_branch_dag to 2021-04-29 00:00:00+00:00
[2021-05-01 05:22:19,833] {scheduler_job.py:190} INFO - Processing /home/airflow/.local/lib/python3.6/site-packages/airflow/example_dags/example_nested_branch_dag.py took 0.075 seconds
[2021-05-01 05:22:50,212] {scheduler_job.py:182} INFO - Started process (PID=340) to work on /home/airflow/.local/lib/python3.6/site-packages/airflow/example_dags/example_nested_branch_dag.py
[2021-05-01 05:22:50,214] {scheduler_job.py:629} INFO - Processing file /home/airflow/.local/lib/python3.6/site-packages/airflow/example_dags/example_nested_branch_dag.py for tasks to queue
[2021-05-01 05:22:50,226] {logging_mixin.py:104} INFO - [2021-05-01 05:22:50,226] {dagbag.py:451} INFO - Filling up the DagBag from /home/airflow/.local/lib/python3.6/site-packages/airflow/example_dags/example_nested_branch_dag.py
[2021-05-01 05:22:50,240] {scheduler_job.py:639} INFO - DAG(s) dict_keys(['example_nested_branch_dag']) retrieved from /home/airflow/.local/lib/python3.6/site-packages/airflow/example_dags/example_nested_branch_dag.py
[2021-05-01 05:22:50,265] {logging_mixin.py:104} INFO - [2021-05-01 05:22:50,265] {dag.py:1824} INFO - Sync 1 DAGs
[2021-05-01 05:22:50,283] {logging_mixin.py:104} INFO - [2021-05-01 05:22:50,283] {dag.py:2280} INFO - Setting next_dagrun for example_nested_branch_dag to 2021-04-29 00:00:00+00:00
[2021-05-01 05:22:50,301] {scheduler_job.py:190} INFO - Processing /home/airflow/.local/lib/python3.6/site-packages/airflow/example_dags/example_nested_branch_dag.py took 0.091 seconds
[2021-05-01 05:23:20,785] {scheduler_job.py:182} INFO - Started process (PID=373) to work on /home/airflow/.local/lib/python3.6/site-packages/airflow/example_dags/example_nested_branch_dag.py
[2021-05-01 05:23:20,786] {scheduler_job.py:629} INFO - Processing file /home/airflow/.local/lib/python3.6/site-packages/airflow/example_dags/example_nested_branch_dag.py for tasks to queue
[2021-05-01 05:23:20,786] {logging_mixin.py:104} INFO - [2021-05-01 05:23:20,786] {dagbag.py:451} INFO - Filling up the DagBag from /home/airflow/.local/lib/python3.6/site-packages/airflow/example_dags/example_nested_branch_dag.py
[2021-05-01 05:23:20,800] {scheduler_job.py:639} INFO - DAG(s) dict_keys(['example_nested_branch_dag']) retrieved from /home/airflow/.local/lib/python3.6/site-packages/airflow/example_dags/example_nested_branch_dag.py
[2021-05-01 05:23:20,824] {logging_mixin.py:104} INFO - [2021-05-01 05:23:20,824] {dag.py:1824} INFO - Sync 1 DAGs
[2021-05-01 05:23:20,845] {logging_mixin.py:104} INFO - [2021-05-01 05:23:20,845] {dag.py:2280} INFO - Setting next_dagrun for example_nested_branch_dag to 2021-04-29 00:00:00+00:00
[2021-05-01 05:23:20,859] {scheduler_job.py:190} INFO - Processing /home/airflow/.local/lib/python3.6/site-packages/airflow/example_dags/example_nested_branch_dag.py took 0.077 seconds
[2021-05-01 05:23:51,473] {scheduler_job.py:182} INFO - Started process (PID=406) to work on /home/airflow/.local/lib/python3.6/site-packages/airflow/example_dags/example_nested_branch_dag.py
[2021-05-01 05:23:51,475] {scheduler_job.py:629} INFO - Processing file /home/airflow/.local/lib/python3.6/site-packages/airflow/example_dags/example_nested_branch_dag.py for tasks to queue
[2021-05-01 05:23:51,475] {logging_mixin.py:104} INFO - [2021-05-01 05:23:51,475] {dagbag.py:451} INFO - Filling up the DagBag from /home/airflow/.local/lib/python3.6/site-packages/airflow/example_dags/example_nested_branch_dag.py
[2021-05-01 05:23:51,489] {scheduler_job.py:639} INFO - DAG(s) dict_keys(['example_nested_branch_dag']) retrieved from /home/airflow/.local/lib/python3.6/site-packages/airflow/example_dags/example_nested_branch_dag.py
[2021-05-01 05:23:51,514] {logging_mixin.py:104} INFO - [2021-05-01 05:23:51,514] {dag.py:1824} INFO - Sync 1 DAGs
[2021-05-01 05:23:51,536] {logging_mixin.py:104} INFO - [2021-05-01 05:23:51,536] {dag.py:2280} INFO - Setting next_dagrun for example_nested_branch_dag to 2021-04-29 00:00:00+00:00
[2021-05-01 05:23:51,553] {scheduler_job.py:190} INFO - Processing /home/airflow/.local/lib/python3.6/site-packages/airflow/example_dags/example_nested_branch_dag.py took 0.082 seconds
[2021-05-01 05:24:21,808] {scheduler_job.py:182} INFO - Started process (PID=439) to work on /home/airflow/.local/lib/python3.6/site-packages/airflow/example_dags/example_nested_branch_dag.py
[2021-05-01 05:24:21,809] {scheduler_job.py:629} INFO - Processing file /home/airflow/.local/lib/python3.6/site-packages/airflow/example_dags/example_nested_branch_dag.py for tasks to queue
[2021-05-01 05:24:21,810] {logging_mixin.py:104} INFO - [2021-05-01 05:24:21,810] {dagbag.py:451} INFO - Filling up the DagBag from /home/airflow/.local/lib/python3.6/site-packages/airflow/example_dags/example_nested_branch_dag.py
[2021-05-01 05:24:21,824] {scheduler_job.py:639} INFO - DAG(s) dict_keys(['example_nested_branch_dag']) retrieved from /home/airflow/.local/lib/python3.6/site-packages/airflow/example_dags/example_nested_branch_dag.py
[2021-05-01 05:24:21,850] {logging_mixin.py:104} INFO - [2021-05-01 05:24:21,850] {dag.py:1824} INFO - Sync 1 DAGs
[2021-05-01 05:24:21,871] {logging_mixin.py:104} INFO - [2021-05-01 05:24:21,871] {dag.py:2280} INFO - Setting next_dagrun for example_nested_branch_dag to 2021-04-29 00:00:00+00:00
[2021-05-01 05:24:21,887] {scheduler_job.py:190} INFO - Processing /home/airflow/.local/lib/python3.6/site-packages/airflow/example_dags/example_nested_branch_dag.py took 0.082 seconds
[2021-05-01 05:24:52,229] {scheduler_job.py:182} INFO - Started process (PID=472) to work on /home/airflow/.local/lib/python3.6/site-packages/airflow/example_dags/example_nested_branch_dag.py
[2021-05-01 05:24:52,230] {scheduler_job.py:629} INFO - Processing file /home/airflow/.local/lib/python3.6/site-packages/airflow/example_dags/example_nested_branch_dag.py for tasks to queue
[2021-05-01 05:24:52,231] {logging_mixin.py:104} INFO - [2021-05-01 05:24:52,231] {dagbag.py:451} INFO - Filling up the DagBag from /home/airflow/.local/lib/python3.6/site-packages/airflow/example_dags/example_nested_branch_dag.py
[2021-05-01 05:24:52,244] {scheduler_job.py:639} INFO - DAG(s) dict_keys(['example_nested_branch_dag']) retrieved from /home/airflow/.local/lib/python3.6/site-packages/airflow/example_dags/example_nested_branch_dag.py
[2021-05-01 05:24:52,269] {logging_mixin.py:104} INFO - [2021-05-01 05:24:52,269] {dag.py:1824} INFO - Sync 1 DAGs
[2021-05-01 05:24:52,288] {logging_mixin.py:104} INFO - [2021-05-01 05:24:52,288] {dag.py:2280} INFO - Setting next_dagrun for example_nested_branch_dag to 2021-04-29 00:00:00+00:00
[2021-05-01 05:24:52,303] {scheduler_job.py:190} INFO - Processing /home/airflow/.local/lib/python3.6/site-packages/airflow/example_dags/example_nested_branch_dag.py took 0.077 seconds
[2021-05-01 05:25:22,715] {scheduler_job.py:182} INFO - Started process (PID=505) to work on /home/airflow/.local/lib/python3.6/site-packages/airflow/example_dags/example_nested_branch_dag.py
[2021-05-01 05:25:22,716] {scheduler_job.py:629} INFO - Processing file /home/airflow/.local/lib/python3.6/site-packages/airflow/example_dags/example_nested_branch_dag.py for tasks to queue
[2021-05-01 05:25:22,717] {logging_mixin.py:104} INFO - [2021-05-01 05:25:22,717] {dagbag.py:451} INFO - Filling up the DagBag from /home/airflow/.local/lib/python3.6/site-packages/airflow/example_dags/example_nested_branch_dag.py
[2021-05-01 05:25:22,735] {scheduler_job.py:639} INFO - DAG(s) dict_keys(['example_nested_branch_dag']) retrieved from /home/airflow/.local/lib/python3.6/site-packages/airflow/example_dags/example_nested_branch_dag.py
[2021-05-01 05:25:22,761] {logging_mixin.py:104} INFO - [2021-05-01 05:25:22,761] {dag.py:1824} INFO - Sync 1 DAGs
[2021-05-01 05:25:22,784] {logging_mixin.py:104} INFO - [2021-05-01 05:25:22,783] {dag.py:2280} INFO - Setting next_dagrun for example_nested_branch_dag to 2021-04-29 00:00:00+00:00
[2021-05-01 05:25:22,799] {scheduler_job.py:190} INFO - Processing /home/airflow/.local/lib/python3.6/site-packages/airflow/example_dags/example_nested_branch_dag.py took 0.087 seconds
[2021-05-01 05:25:53,572] {scheduler_job.py:182} INFO - Started process (PID=538) to work on /home/airflow/.local/lib/python3.6/site-packages/airflow/example_dags/example_nested_branch_dag.py
[2021-05-01 05:25:53,574] {scheduler_job.py:629} INFO - Processing file /home/airflow/.local/lib/python3.6/site-packages/airflow/example_dags/example_nested_branch_dag.py for tasks to queue
[2021-05-01 05:25:53,575] {logging_mixin.py:104} INFO - [2021-05-01 05:25:53,575] {dagbag.py:451} INFO - Filling up the DagBag from /home/airflow/.local/lib/python3.6/site-packages/airflow/example_dags/example_nested_branch_dag.py
[2021-05-01 05:25:53,592] {scheduler_job.py:639} INFO - DAG(s) dict_keys(['example_nested_branch_dag']) retrieved from /home/airflow/.local/lib/python3.6/site-packages/airflow/example_dags/example_nested_branch_dag.py
[2021-05-01 05:25:53,620] {logging_mixin.py:104} INFO - [2021-05-01 05:25:53,620] {dag.py:1824} INFO - Sync 1 DAGs
[2021-05-01 05:25:53,650] {logging_mixin.py:104} INFO - [2021-05-01 05:25:53,650] {dag.py:2280} INFO - Setting next_dagrun for example_nested_branch_dag to 2021-04-29 00:00:00+00:00
[2021-05-01 05:25:53,666] {scheduler_job.py:190} INFO - Processing /home/airflow/.local/lib/python3.6/site-packages/airflow/example_dags/example_nested_branch_dag.py took 0.097 seconds
[2021-05-01 05:26:24,556] {scheduler_job.py:182} INFO - Started process (PID=571) to work on /home/airflow/.local/lib/python3.6/site-packages/airflow/example_dags/example_nested_branch_dag.py
[2021-05-01 05:26:24,557] {scheduler_job.py:629} INFO - Processing file /home/airflow/.local/lib/python3.6/site-packages/airflow/example_dags/example_nested_branch_dag.py for tasks to queue
[2021-05-01 05:26:24,559] {logging_mixin.py:104} INFO - [2021-05-01 05:26:24,559] {dagbag.py:451} INFO - Filling up the DagBag from /home/airflow/.local/lib/python3.6/site-packages/airflow/example_dags/example_nested_branch_dag.py
[2021-05-01 05:26:24,579] {scheduler_job.py:639} INFO - DAG(s) dict_keys(['example_nested_branch_dag']) retrieved from /home/airflow/.local/lib/python3.6/site-packages/airflow/example_dags/example_nested_branch_dag.py
[2021-05-01 05:26:24,607] {logging_mixin.py:104} INFO - [2021-05-01 05:26:24,607] {dag.py:1824} INFO - Sync 1 DAGs
[2021-05-01 05:26:24,636] {logging_mixin.py:104} INFO - [2021-05-01 05:26:24,636] {dag.py:2280} INFO - Setting next_dagrun for example_nested_branch_dag to 2021-04-29 00:00:00+00:00
[2021-05-01 05:26:24,650] {scheduler_job.py:190} INFO - Processing /home/airflow/.local/lib/python3.6/site-packages/airflow/example_dags/example_nested_branch_dag.py took 0.098 seconds
[2021-05-01 05:26:55,308] {scheduler_job.py:182} INFO - Started process (PID=604) to work on /home/airflow/.local/lib/python3.6/site-packages/airflow/example_dags/example_nested_branch_dag.py
[2021-05-01 05:26:55,309] {scheduler_job.py:629} INFO - Processing file /home/airflow/.local/lib/python3.6/site-packages/airflow/example_dags/example_nested_branch_dag.py for tasks to queue
[2021-05-01 05:26:55,310] {logging_mixin.py:104} INFO - [2021-05-01 05:26:55,310] {dagbag.py:451} INFO - Filling up the DagBag from /home/airflow/.local/lib/python3.6/site-packages/airflow/example_dags/example_nested_branch_dag.py
[2021-05-01 05:26:55,325] {scheduler_job.py:639} INFO - DAG(s) dict_keys(['example_nested_branch_dag']) retrieved from /home/airflow/.local/lib/python3.6/site-packages/airflow/example_dags/example_nested_branch_dag.py
[2021-05-01 05:26:55,348] {logging_mixin.py:104} INFO - [2021-05-01 05:26:55,348] {dag.py:1824} INFO - Sync 1 DAGs
[2021-05-01 05:26:55,377] {logging_mixin.py:104} INFO - [2021-05-01 05:26:55,377] {dag.py:2280} INFO - Setting next_dagrun for example_nested_branch_dag to 2021-04-29 00:00:00+00:00
[2021-05-01 05:26:55,389] {scheduler_job.py:190} INFO - Processing /home/airflow/.local/lib/python3.6/site-packages/airflow/example_dags/example_nested_branch_dag.py took 0.085 seconds
[2021-05-01 05:27:25,777] {scheduler_job.py:182} INFO - Started process (PID=637) to work on /home/airflow/.local/lib/python3.6/site-packages/airflow/example_dags/example_nested_branch_dag.py
[2021-05-01 05:27:25,778] {scheduler_job.py:629} INFO - Processing file /home/airflow/.local/lib/python3.6/site-packages/airflow/example_dags/example_nested_branch_dag.py for tasks to queue
[2021-05-01 05:27:25,779] {logging_mixin.py:104} INFO - [2021-05-01 05:27:25,778] {dagbag.py:451} INFO - Filling up the DagBag from /home/airflow/.local/lib/python3.6/site-packages/airflow/example_dags/example_nested_branch_dag.py
[2021-05-01 05:27:25,792] {scheduler_job.py:639} INFO - DAG(s) dict_keys(['example_nested_branch_dag']) retrieved from /home/airflow/.local/lib/python3.6/site-packages/airflow/example_dags/example_nested_branch_dag.py
[2021-05-01 05:27:25,815] {logging_mixin.py:104} INFO - [2021-05-01 05:27:25,815] {dag.py:1824} INFO - Sync 1 DAGs
[2021-05-01 05:27:25,838] {logging_mixin.py:104} INFO - [2021-05-01 05:27:25,838] {dag.py:2280} INFO - Setting next_dagrun for example_nested_branch_dag to 2021-04-29 00:00:00+00:00
[2021-05-01 05:27:25,850] {scheduler_job.py:190} INFO - Processing /home/airflow/.local/lib/python3.6/site-packages/airflow/example_dags/example_nested_branch_dag.py took 0.077 seconds
[2021-05-01 05:27:56,210] {scheduler_job.py:182} INFO - Started process (PID=670) to work on /home/airflow/.local/lib/python3.6/site-packages/airflow/example_dags/example_nested_branch_dag.py
[2021-05-01 05:27:56,212] {scheduler_job.py:629} INFO - Processing file /home/airflow/.local/lib/python3.6/site-packages/airflow/example_dags/example_nested_branch_dag.py for tasks to queue
[2021-05-01 05:27:56,213] {logging_mixin.py:104} INFO - [2021-05-01 05:27:56,212] {dagbag.py:451} INFO - Filling up the DagBag from /home/airflow/.local/lib/python3.6/site-packages/airflow/example_dags/example_nested_branch_dag.py
[2021-05-01 05:27:56,227] {scheduler_job.py:639} INFO - DAG(s) dict_keys(['example_nested_branch_dag']) retrieved from /home/airflow/.local/lib/python3.6/site-packages/airflow/example_dags/example_nested_branch_dag.py
[2021-05-01 05:27:56,252] {logging_mixin.py:104} INFO - [2021-05-01 05:27:56,252] {dag.py:1824} INFO - Sync 1 DAGs
[2021-05-01 05:27:56,281] {logging_mixin.py:104} INFO - [2021-05-01 05:27:56,281] {dag.py:2280} INFO - Setting next_dagrun for example_nested_branch_dag to 2021-04-29 00:00:00+00:00
[2021-05-01 05:27:56,295] {scheduler_job.py:190} INFO - Processing /home/airflow/.local/lib/python3.6/site-packages/airflow/example_dags/example_nested_branch_dag.py took 0.088 seconds
[2021-05-01 05:28:26,767] {scheduler_job.py:182} INFO - Started process (PID=703) to work on /home/airflow/.local/lib/python3.6/site-packages/airflow/example_dags/example_nested_branch_dag.py
[2021-05-01 05:28:26,769] {scheduler_job.py:629} INFO - Processing file /home/airflow/.local/lib/python3.6/site-packages/airflow/example_dags/example_nested_branch_dag.py for tasks to queue
[2021-05-01 05:28:26,770] {logging_mixin.py:104} INFO - [2021-05-01 05:28:26,770] {dagbag.py:451} INFO - Filling up the DagBag from /home/airflow/.local/lib/python3.6/site-packages/airflow/example_dags/example_nested_branch_dag.py
[2021-05-01 05:28:26,787] {scheduler_job.py:639} INFO - DAG(s) dict_keys(['example_nested_branch_dag']) retrieved from /home/airflow/.local/lib/python3.6/site-packages/airflow/example_dags/example_nested_branch_dag.py
[2021-05-01 05:28:26,815] {logging_mixin.py:104} INFO - [2021-05-01 05:28:26,815] {dag.py:1824} INFO - Sync 1 DAGs
[2021-05-01 05:28:26,844] {logging_mixin.py:104} INFO - [2021-05-01 05:28:26,844] {dag.py:2280} INFO - Setting next_dagrun for example_nested_branch_dag to 2021-04-29 00:00:00+00:00
[2021-05-01 05:28:26,856] {scheduler_job.py:190} INFO - Processing /home/airflow/.local/lib/python3.6/site-packages/airflow/example_dags/example_nested_branch_dag.py took 0.092 seconds
[2021-05-01 05:28:57,352] {scheduler_job.py:182} INFO - Started process (PID=736) to work on /home/airflow/.local/lib/python3.6/site-packages/airflow/example_dags/example_nested_branch_dag.py
[2021-05-01 05:28:57,353] {scheduler_job.py:629} INFO - Processing file /home/airflow/.local/lib/python3.6/site-packages/airflow/example_dags/example_nested_branch_dag.py for tasks to queue
[2021-05-01 05:28:57,354] {logging_mixin.py:104} INFO - [2021-05-01 05:28:57,354] {dagbag.py:451} INFO - Filling up the DagBag from /home/airflow/.local/lib/python3.6/site-packages/airflow/example_dags/example_nested_branch_dag.py
[2021-05-01 05:28:57,368] {scheduler_job.py:639} INFO - DAG(s) dict_keys(['example_nested_branch_dag']) retrieved from /home/airflow/.local/lib/python3.6/site-packages/airflow/example_dags/example_nested_branch_dag.py
[2021-05-01 05:28:57,394] {logging_mixin.py:104} INFO - [2021-05-01 05:28:57,394] {dag.py:1824} INFO - Sync 1 DAGs
[2021-05-01 05:28:57,420] {logging_mixin.py:104} INFO - [2021-05-01 05:28:57,420] {dag.py:2280} INFO - Setting next_dagrun for example_nested_branch_dag to 2021-04-29 00:00:00+00:00
[2021-05-01 05:28:57,434] {scheduler_job.py:190} INFO - Processing /home/airflow/.local/lib/python3.6/site-packages/airflow/example_dags/example_nested_branch_dag.py took 0.085 seconds
[2021-05-01 05:29:27,857] {scheduler_job.py:182} INFO - Started process (PID=769) to work on /home/airflow/.local/lib/python3.6/site-packages/airflow/example_dags/example_nested_branch_dag.py
[2021-05-01 05:29:27,858] {scheduler_job.py:629} INFO - Processing file /home/airflow/.local/lib/python3.6/site-packages/airflow/example_dags/example_nested_branch_dag.py for tasks to queue
[2021-05-01 05:29:27,859] {logging_mixin.py:104} INFO - [2021-05-01 05:29:27,859] {dagbag.py:451} INFO - Filling up the DagBag from /home/airflow/.local/lib/python3.6/site-packages/airflow/example_dags/example_nested_branch_dag.py
[2021-05-01 05:29:27,873] {scheduler_job.py:639} INFO - DAG(s) dict_keys(['example_nested_branch_dag']) retrieved from /home/airflow/.local/lib/python3.6/site-packages/airflow/example_dags/example_nested_branch_dag.py
[2021-05-01 05:29:27,898] {logging_mixin.py:104} INFO - [2021-05-01 05:29:27,898] {dag.py:1824} INFO - Sync 1 DAGs
[2021-05-01 05:29:27,920] {logging_mixin.py:104} INFO - [2021-05-01 05:29:27,919] {dag.py:2280} INFO - Setting next_dagrun for example_nested_branch_dag to 2021-04-29 00:00:00+00:00
[2021-05-01 05:29:27,936] {scheduler_job.py:190} INFO - Processing /home/airflow/.local/lib/python3.6/site-packages/airflow/example_dags/example_nested_branch_dag.py took 0.082 seconds
[2021-05-01 05:29:58,454] {scheduler_job.py:182} INFO - Started process (PID=802) to work on /home/airflow/.local/lib/python3.6/site-packages/airflow/example_dags/example_nested_branch_dag.py
[2021-05-01 05:29:58,455] {scheduler_job.py:629} INFO - Processing file /home/airflow/.local/lib/python3.6/site-packages/airflow/example_dags/example_nested_branch_dag.py for tasks to queue
[2021-05-01 05:29:58,455] {logging_mixin.py:104} INFO - [2021-05-01 05:29:58,455] {dagbag.py:451} INFO - Filling up the DagBag from /home/airflow/.local/lib/python3.6/site-packages/airflow/example_dags/example_nested_branch_dag.py
[2021-05-01 05:29:58,469] {scheduler_job.py:639} INFO - DAG(s) dict_keys(['example_nested_branch_dag']) retrieved from /home/airflow/.local/lib/python3.6/site-packages/airflow/example_dags/example_nested_branch_dag.py
[2021-05-01 05:29:58,494] {logging_mixin.py:104} INFO - [2021-05-01 05:29:58,494] {dag.py:1824} INFO - Sync 1 DAGs
[2021-05-01 05:29:58,513] {logging_mixin.py:104} INFO - [2021-05-01 05:29:58,513] {dag.py:2280} INFO - Setting next_dagrun for example_nested_branch_dag to 2021-04-29 00:00:00+00:00
[2021-05-01 05:29:58,527] {scheduler_job.py:190} INFO - Processing /home/airflow/.local/lib/python3.6/site-packages/airflow/example_dags/example_nested_branch_dag.py took 0.076 seconds
[2021-05-01 05:30:29,048] {scheduler_job.py:182} INFO - Started process (PID=835) to work on /home/airflow/.local/lib/python3.6/site-packages/airflow/example_dags/example_nested_branch_dag.py
[2021-05-01 05:30:29,050] {scheduler_job.py:629} INFO - Processing file /home/airflow/.local/lib/python3.6/site-packages/airflow/example_dags/example_nested_branch_dag.py for tasks to queue
[2021-05-01 05:30:29,051] {logging_mixin.py:104} INFO - [2021-05-01 05:30:29,051] {dagbag.py:451} INFO - Filling up the DagBag from /home/airflow/.local/lib/python3.6/site-packages/airflow/example_dags/example_nested_branch_dag.py
[2021-05-01 05:30:29,065] {scheduler_job.py:639} INFO - DAG(s) dict_keys(['example_nested_branch_dag']) retrieved from /home/airflow/.local/lib/python3.6/site-packages/airflow/example_dags/example_nested_branch_dag.py
[2021-05-01 05:30:29,086] {logging_mixin.py:104} INFO - [2021-05-01 05:30:29,086] {dag.py:1824} INFO - Sync 1 DAGs
[2021-05-01 05:30:29,115] {logging_mixin.py:104} INFO - [2021-05-01 05:30:29,115] {dag.py:2280} INFO - Setting next_dagrun for example_nested_branch_dag to 2021-04-29 00:00:00+00:00
[2021-05-01 05:30:29,129] {scheduler_job.py:190} INFO - Processing /home/airflow/.local/lib/python3.6/site-packages/airflow/example_dags/example_nested_branch_dag.py took 0.083 seconds
[2021-05-01 05:30:59,623] {scheduler_job.py:182} INFO - Started process (PID=868) to work on /home/airflow/.local/lib/python3.6/site-packages/airflow/example_dags/example_nested_branch_dag.py
[2021-05-01 05:30:59,624] {scheduler_job.py:629} INFO - Processing file /home/airflow/.local/lib/python3.6/site-packages/airflow/example_dags/example_nested_branch_dag.py for tasks to queue
[2021-05-01 05:30:59,625] {logging_mixin.py:104} INFO - [2021-05-01 05:30:59,625] {dagbag.py:451} INFO - Filling up the DagBag from /home/airflow/.local/lib/python3.6/site-packages/airflow/example_dags/example_nested_branch_dag.py
[2021-05-01 05:30:59,638] {scheduler_job.py:639} INFO - DAG(s) dict_keys(['example_nested_branch_dag']) retrieved from /home/airflow/.local/lib/python3.6/site-packages/airflow/example_dags/example_nested_branch_dag.py
[2021-05-01 05:30:59,665] {logging_mixin.py:104} INFO - [2021-05-01 05:30:59,665] {dag.py:1824} INFO - Sync 1 DAGs
[2021-05-01 05:30:59,687] {logging_mixin.py:104} INFO - [2021-05-01 05:30:59,687] {dag.py:2280} INFO - Setting next_dagrun for example_nested_branch_dag to 2021-04-29 00:00:00+00:00
[2021-05-01 05:30:59,701] {scheduler_job.py:190} INFO - Processing /home/airflow/.local/lib/python3.6/site-packages/airflow/example_dags/example_nested_branch_dag.py took 0.081 seconds
[2021-05-01 05:31:30,365] {scheduler_job.py:182} INFO - Started process (PID=901) to work on /home/airflow/.local/lib/python3.6/site-packages/airflow/example_dags/example_nested_branch_dag.py
[2021-05-01 05:31:30,366] {scheduler_job.py:629} INFO - Processing file /home/airflow/.local/lib/python3.6/site-packages/airflow/example_dags/example_nested_branch_dag.py for tasks to queue
[2021-05-01 05:31:30,367] {logging_mixin.py:104} INFO - [2021-05-01 05:31:30,367] {dagbag.py:451} INFO - Filling up the DagBag from /home/airflow/.local/lib/python3.6/site-packages/airflow/example_dags/example_nested_branch_dag.py
[2021-05-01 05:31:30,385] {scheduler_job.py:639} INFO - DAG(s) dict_keys(['example_nested_branch_dag']) retrieved from /home/airflow/.local/lib/python3.6/site-packages/airflow/example_dags/example_nested_branch_dag.py
[2021-05-01 05:31:30,415] {logging_mixin.py:104} INFO - [2021-05-01 05:31:30,415] {dag.py:1824} INFO - Sync 1 DAGs
[2021-05-01 05:31:30,442] {logging_mixin.py:104} INFO - [2021-05-01 05:31:30,441] {dag.py:2280} INFO - Setting next_dagrun for example_nested_branch_dag to 2021-04-29 00:00:00+00:00
[2021-05-01 05:31:30,462] {scheduler_job.py:190} INFO - Processing /home/airflow/.local/lib/python3.6/site-packages/airflow/example_dags/example_nested_branch_dag.py took 0.102 seconds
[2021-05-01 05:32:00,957] {scheduler_job.py:182} INFO - Started process (PID=934) to work on /home/airflow/.local/lib/python3.6/site-packages/airflow/example_dags/example_nested_branch_dag.py
[2021-05-01 05:32:00,959] {scheduler_job.py:629} INFO - Processing file /home/airflow/.local/lib/python3.6/site-packages/airflow/example_dags/example_nested_branch_dag.py for tasks to queue
[2021-05-01 05:32:00,960] {logging_mixin.py:104} INFO - [2021-05-01 05:32:00,959] {dagbag.py:451} INFO - Filling up the DagBag from /home/airflow/.local/lib/python3.6/site-packages/airflow/example_dags/example_nested_branch_dag.py
[2021-05-01 05:32:00,977] {scheduler_job.py:639} INFO - DAG(s) dict_keys(['example_nested_branch_dag']) retrieved from /home/airflow/.local/lib/python3.6/site-packages/airflow/example_dags/example_nested_branch_dag.py
[2021-05-01 05:32:01,008] {logging_mixin.py:104} INFO - [2021-05-01 05:32:01,008] {dag.py:1824} INFO - Sync 1 DAGs
[2021-05-01 05:32:01,031] {logging_mixin.py:104} INFO - [2021-05-01 05:32:01,031] {dag.py:2280} INFO - Setting next_dagrun for example_nested_branch_dag to 2021-04-29 00:00:00+00:00
[2021-05-01 05:32:01,046] {scheduler_job.py:190} INFO - Processing /home/airflow/.local/lib/python3.6/site-packages/airflow/example_dags/example_nested_branch_dag.py took 0.093 seconds
[2021-05-01 05:32:31,535] {scheduler_job.py:182} INFO - Started process (PID=967) to work on /home/airflow/.local/lib/python3.6/site-packages/airflow/example_dags/example_nested_branch_dag.py
[2021-05-01 05:32:31,536] {scheduler_job.py:629} INFO - Processing file /home/airflow/.local/lib/python3.6/site-packages/airflow/example_dags/example_nested_branch_dag.py for tasks to queue
[2021-05-01 05:32:31,537] {logging_mixin.py:104} INFO - [2021-05-01 05:32:31,537] {dagbag.py:451} INFO - Filling up the DagBag from /home/airflow/.local/lib/python3.6/site-packages/airflow/example_dags/example_nested_branch_dag.py
[2021-05-01 05:32:31,551] {scheduler_job.py:639} INFO - DAG(s) dict_keys(['example_nested_branch_dag']) retrieved from /home/airflow/.local/lib/python3.6/site-packages/airflow/example_dags/example_nested_branch_dag.py
[2021-05-01 05:32:31,578] {logging_mixin.py:104} INFO - [2021-05-01 05:32:31,578] {dag.py:1824} INFO - Sync 1 DAGs
[2021-05-01 05:32:31,605] {logging_mixin.py:104} INFO - [2021-05-01 05:32:31,604] {dag.py:2280} INFO - Setting next_dagrun for example_nested_branch_dag to 2021-04-29 00:00:00+00:00
[2021-05-01 05:32:31,616] {scheduler_job.py:190} INFO - Processing /home/airflow/.local/lib/python3.6/site-packages/airflow/example_dags/example_nested_branch_dag.py took 0.084 seconds
[2021-05-01 05:33:02,144] {scheduler_job.py:182} INFO - Started process (PID=1000) to work on /home/airflow/.local/lib/python3.6/site-packages/airflow/example_dags/example_nested_branch_dag.py
[2021-05-01 05:33:02,145] {scheduler_job.py:629} INFO - Processing file /home/airflow/.local/lib/python3.6/site-packages/airflow/example_dags/example_nested_branch_dag.py for tasks to queue
[2021-05-01 05:33:02,146] {logging_mixin.py:104} INFO - [2021-05-01 05:33:02,146] {dagbag.py:451} INFO - Filling up the DagBag from /home/airflow/.local/lib/python3.6/site-packages/airflow/example_dags/example_nested_branch_dag.py
[2021-05-01 05:33:02,161] {scheduler_job.py:639} INFO - DAG(s) dict_keys(['example_nested_branch_dag']) retrieved from /home/airflow/.local/lib/python3.6/site-packages/airflow/example_dags/example_nested_branch_dag.py
[2021-05-01 05:33:02,183] {logging_mixin.py:104} INFO - [2021-05-01 05:33:02,183] {dag.py:1824} INFO - Sync 1 DAGs
[2021-05-01 05:33:02,204] {logging_mixin.py:104} INFO - [2021-05-01 05:33:02,204] {dag.py:2280} INFO - Setting next_dagrun for example_nested_branch_dag to 2021-04-29 00:00:00+00:00
[2021-05-01 05:33:02,216] {scheduler_job.py:190} INFO - Processing /home/airflow/.local/lib/python3.6/site-packages/airflow/example_dags/example_nested_branch_dag.py took 0.076 seconds
[2021-05-01 05:33:32,930] {scheduler_job.py:182} INFO - Started process (PID=1036) to work on /home/airflow/.local/lib/python3.6/site-packages/airflow/example_dags/example_nested_branch_dag.py
[2021-05-01 05:33:32,932] {scheduler_job.py:629} INFO - Processing file /home/airflow/.local/lib/python3.6/site-packages/airflow/example_dags/example_nested_branch_dag.py for tasks to queue
[2021-05-01 05:33:32,933] {logging_mixin.py:104} INFO - [2021-05-01 05:33:32,933] {dagbag.py:451} INFO - Filling up the DagBag from /home/airflow/.local/lib/python3.6/site-packages/airflow/example_dags/example_nested_branch_dag.py
[2021-05-01 05:33:32,958] {scheduler_job.py:639} INFO - DAG(s) dict_keys(['example_nested_branch_dag']) retrieved from /home/airflow/.local/lib/python3.6/site-packages/airflow/example_dags/example_nested_branch_dag.py
[2021-05-01 05:33:32,980] {logging_mixin.py:104} INFO - [2021-05-01 05:33:32,979] {dag.py:1824} INFO - Sync 1 DAGs
[2021-05-01 05:33:33,004] {logging_mixin.py:104} INFO - [2021-05-01 05:33:33,004] {dag.py:2280} INFO - Setting next_dagrun for example_nested_branch_dag to 2021-04-29 00:00:00+00:00
[2021-05-01 05:33:33,018] {scheduler_job.py:190} INFO - Processing /home/airflow/.local/lib/python3.6/site-packages/airflow/example_dags/example_nested_branch_dag.py took 0.093 seconds
[2021-05-01 05:34:03,618] {scheduler_job.py:182} INFO - Started process (PID=1069) to work on /home/airflow/.local/lib/python3.6/site-packages/airflow/example_dags/example_nested_branch_dag.py
[2021-05-01 05:34:03,619] {scheduler_job.py:629} INFO - Processing file /home/airflow/.local/lib/python3.6/site-packages/airflow/example_dags/example_nested_branch_dag.py for tasks to queue
[2021-05-01 05:34:03,620] {logging_mixin.py:104} INFO - [2021-05-01 05:34:03,620] {dagbag.py:451} INFO - Filling up the DagBag from /home/airflow/.local/lib/python3.6/site-packages/airflow/example_dags/example_nested_branch_dag.py
[2021-05-01 05:34:03,639] {scheduler_job.py:639} INFO - DAG(s) dict_keys(['example_nested_branch_dag']) retrieved from /home/airflow/.local/lib/python3.6/site-packages/airflow/example_dags/example_nested_branch_dag.py
[2021-05-01 05:34:03,669] {logging_mixin.py:104} INFO - [2021-05-01 05:34:03,669] {dag.py:1824} INFO - Sync 1 DAGs
[2021-05-01 05:34:03,709] {logging_mixin.py:104} INFO - [2021-05-01 05:34:03,708] {dag.py:2280} INFO - Setting next_dagrun for example_nested_branch_dag to 2021-04-29 00:00:00+00:00
[2021-05-01 05:34:03,723] {scheduler_job.py:190} INFO - Processing /home/airflow/.local/lib/python3.6/site-packages/airflow/example_dags/example_nested_branch_dag.py took 0.108 seconds
[2021-05-01 05:34:34,128] {scheduler_job.py:182} INFO - Started process (PID=1102) to work on /home/airflow/.local/lib/python3.6/site-packages/airflow/example_dags/example_nested_branch_dag.py
[2021-05-01 05:34:34,129] {scheduler_job.py:629} INFO - Processing file /home/airflow/.local/lib/python3.6/site-packages/airflow/example_dags/example_nested_branch_dag.py for tasks to queue
[2021-05-01 05:34:34,130] {logging_mixin.py:104} INFO - [2021-05-01 05:34:34,130] {dagbag.py:451} INFO - Filling up the DagBag from /home/airflow/.local/lib/python3.6/site-packages/airflow/example_dags/example_nested_branch_dag.py
[2021-05-01 05:34:34,145] {scheduler_job.py:639} INFO - DAG(s) dict_keys(['example_nested_branch_dag']) retrieved from /home/airflow/.local/lib/python3.6/site-packages/airflow/example_dags/example_nested_branch_dag.py
[2021-05-01 05:34:34,169] {logging_mixin.py:104} INFO - [2021-05-01 05:34:34,169] {dag.py:1824} INFO - Sync 1 DAGs
[2021-05-01 05:34:34,191] {logging_mixin.py:104} INFO - [2021-05-01 05:34:34,191] {dag.py:2280} INFO - Setting next_dagrun for example_nested_branch_dag to 2021-04-29 00:00:00+00:00
[2021-05-01 05:34:34,203] {scheduler_job.py:190} INFO - Processing /home/airflow/.local/lib/python3.6/site-packages/airflow/example_dags/example_nested_branch_dag.py took 0.078 seconds
[2021-05-01 05:35:04,805] {scheduler_job.py:182} INFO - Started process (PID=1135) to work on /home/airflow/.local/lib/python3.6/site-packages/airflow/example_dags/example_nested_branch_dag.py
[2021-05-01 05:35:04,808] {scheduler_job.py:629} INFO - Processing file /home/airflow/.local/lib/python3.6/site-packages/airflow/example_dags/example_nested_branch_dag.py for tasks to queue
[2021-05-01 05:35:04,808] {logging_mixin.py:104} INFO - [2021-05-01 05:35:04,808] {dagbag.py:451} INFO - Filling up the DagBag from /home/airflow/.local/lib/python3.6/site-packages/airflow/example_dags/example_nested_branch_dag.py
[2021-05-01 05:35:04,826] {scheduler_job.py:639} INFO - DAG(s) dict_keys(['example_nested_branch_dag']) retrieved from /home/airflow/.local/lib/python3.6/site-packages/airflow/example_dags/example_nested_branch_dag.py
[2021-05-01 05:35:04,857] {logging_mixin.py:104} INFO - [2021-05-01 05:35:04,857] {dag.py:1824} INFO - Sync 1 DAGs
[2021-05-01 05:35:04,883] {logging_mixin.py:104} INFO - [2021-05-01 05:35:04,883] {dag.py:2280} INFO - Setting next_dagrun for example_nested_branch_dag to 2021-04-29 00:00:00+00:00
[2021-05-01 05:35:04,903] {scheduler_job.py:190} INFO - Processing /home/airflow/.local/lib/python3.6/site-packages/airflow/example_dags/example_nested_branch_dag.py took 0.102 seconds
[2021-05-01 05:35:35,649] {scheduler_job.py:182} INFO - Started process (PID=1168) to work on /home/airflow/.local/lib/python3.6/site-packages/airflow/example_dags/example_nested_branch_dag.py
[2021-05-01 05:35:35,650] {scheduler_job.py:629} INFO - Processing file /home/airflow/.local/lib/python3.6/site-packages/airflow/example_dags/example_nested_branch_dag.py for tasks to queue
[2021-05-01 05:35:35,651] {logging_mixin.py:104} INFO - [2021-05-01 05:35:35,651] {dagbag.py:451} INFO - Filling up the DagBag from /home/airflow/.local/lib/python3.6/site-packages/airflow/example_dags/example_nested_branch_dag.py
[2021-05-01 05:35:35,669] {scheduler_job.py:639} INFO - DAG(s) dict_keys(['example_nested_branch_dag']) retrieved from /home/airflow/.local/lib/python3.6/site-packages/airflow/example_dags/example_nested_branch_dag.py
[2021-05-01 05:35:35,693] {logging_mixin.py:104} INFO - [2021-05-01 05:35:35,692] {dag.py:1824} INFO - Sync 1 DAGs
[2021-05-01 05:35:35,718] {logging_mixin.py:104} INFO - [2021-05-01 05:35:35,717] {dag.py:2280} INFO - Setting next_dagrun for example_nested_branch_dag to 2021-04-29 00:00:00+00:00
[2021-05-01 05:35:35,732] {scheduler_job.py:190} INFO - Processing /home/airflow/.local/lib/python3.6/site-packages/airflow/example_dags/example_nested_branch_dag.py took 0.087 seconds
[2021-05-01 05:36:06,250] {scheduler_job.py:182} INFO - Started process (PID=1201) to work on /home/airflow/.local/lib/python3.6/site-packages/airflow/example_dags/example_nested_branch_dag.py
[2021-05-01 05:36:06,251] {scheduler_job.py:629} INFO - Processing file /home/airflow/.local/lib/python3.6/site-packages/airflow/example_dags/example_nested_branch_dag.py for tasks to queue
[2021-05-01 05:36:06,253] {logging_mixin.py:104} INFO - [2021-05-01 05:36:06,253] {dagbag.py:451} INFO - Filling up the DagBag from /home/airflow/.local/lib/python3.6/site-packages/airflow/example_dags/example_nested_branch_dag.py
[2021-05-01 05:36:06,270] {scheduler_job.py:639} INFO - DAG(s) dict_keys(['example_nested_branch_dag']) retrieved from /home/airflow/.local/lib/python3.6/site-packages/airflow/example_dags/example_nested_branch_dag.py
[2021-05-01 05:36:06,324] {logging_mixin.py:104} INFO - [2021-05-01 05:36:06,324] {dag.py:1824} INFO - Sync 1 DAGs
[2021-05-01 05:36:06,354] {logging_mixin.py:104} INFO - [2021-05-01 05:36:06,354] {dag.py:2280} INFO - Setting next_dagrun for example_nested_branch_dag to 2021-04-29 00:00:00+00:00
[2021-05-01 05:36:06,368] {scheduler_job.py:190} INFO - Processing /home/airflow/.local/lib/python3.6/site-packages/airflow/example_dags/example_nested_branch_dag.py took 0.123 seconds
[2021-05-01 05:36:36,921] {scheduler_job.py:182} INFO - Started process (PID=1234) to work on /home/airflow/.local/lib/python3.6/site-packages/airflow/example_dags/example_nested_branch_dag.py
[2021-05-01 05:36:36,922] {scheduler_job.py:629} INFO - Processing file /home/airflow/.local/lib/python3.6/site-packages/airflow/example_dags/example_nested_branch_dag.py for tasks to queue
[2021-05-01 05:36:36,923] {logging_mixin.py:104} INFO - [2021-05-01 05:36:36,923] {dagbag.py:451} INFO - Filling up the DagBag from /home/airflow/.local/lib/python3.6/site-packages/airflow/example_dags/example_nested_branch_dag.py
[2021-05-01 05:36:36,940] {scheduler_job.py:639} INFO - DAG(s) dict_keys(['example_nested_branch_dag']) retrieved from /home/airflow/.local/lib/python3.6/site-packages/airflow/example_dags/example_nested_branch_dag.py
[2021-05-01 05:36:36,969] {logging_mixin.py:104} INFO - [2021-05-01 05:36:36,969] {dag.py:1824} INFO - Sync 1 DAGs
[2021-05-01 05:36:36,994] {logging_mixin.py:104} INFO - [2021-05-01 05:36:36,994] {dag.py:2280} INFO - Setting next_dagrun for example_nested_branch_dag to 2021-04-29 00:00:00+00:00
[2021-05-01 05:36:37,010] {scheduler_job.py:190} INFO - Processing /home/airflow/.local/lib/python3.6/site-packages/airflow/example_dags/example_nested_branch_dag.py took 0.092 seconds
[2021-05-01 05:37:07,634] {scheduler_job.py:182} INFO - Started process (PID=1267) to work on /home/airflow/.local/lib/python3.6/site-packages/airflow/example_dags/example_nested_branch_dag.py
[2021-05-01 05:37:07,635] {scheduler_job.py:629} INFO - Processing file /home/airflow/.local/lib/python3.6/site-packages/airflow/example_dags/example_nested_branch_dag.py for tasks to queue
[2021-05-01 05:37:07,636] {logging_mixin.py:104} INFO - [2021-05-01 05:37:07,635] {dagbag.py:451} INFO - Filling up the DagBag from /home/airflow/.local/lib/python3.6/site-packages/airflow/example_dags/example_nested_branch_dag.py
[2021-05-01 05:37:07,650] {scheduler_job.py:639} INFO - DAG(s) dict_keys(['example_nested_branch_dag']) retrieved from /home/airflow/.local/lib/python3.6/site-packages/airflow/example_dags/example_nested_branch_dag.py
[2021-05-01 05:37:07,674] {logging_mixin.py:104} INFO - [2021-05-01 05:37:07,674] {dag.py:1824} INFO - Sync 1 DAGs
[2021-05-01 05:37:07,698] {logging_mixin.py:104} INFO - [2021-05-01 05:37:07,698] {dag.py:2280} INFO - Setting next_dagrun for example_nested_branch_dag to 2021-04-29 00:00:00+00:00
[2021-05-01 05:37:07,709] {scheduler_job.py:190} INFO - Processing /home/airflow/.local/lib/python3.6/site-packages/airflow/example_dags/example_nested_branch_dag.py took 0.079 seconds
[2021-05-01 05:37:38,008] {scheduler_job.py:182} INFO - Started process (PID=1300) to work on /home/airflow/.local/lib/python3.6/site-packages/airflow/example_dags/example_nested_branch_dag.py
[2021-05-01 05:37:38,010] {scheduler_job.py:629} INFO - Processing file /home/airflow/.local/lib/python3.6/site-packages/airflow/example_dags/example_nested_branch_dag.py for tasks to queue
[2021-05-01 05:37:38,010] {logging_mixin.py:104} INFO - [2021-05-01 05:37:38,010] {dagbag.py:451} INFO - Filling up the DagBag from /home/airflow/.local/lib/python3.6/site-packages/airflow/example_dags/example_nested_branch_dag.py
[2021-05-01 05:37:38,025] {scheduler_job.py:639} INFO - DAG(s) dict_keys(['example_nested_branch_dag']) retrieved from /home/airflow/.local/lib/python3.6/site-packages/airflow/example_dags/example_nested_branch_dag.py
[2021-05-01 05:37:38,048] {logging_mixin.py:104} INFO - [2021-05-01 05:37:38,048] {dag.py:1824} INFO - Sync 1 DAGs
[2021-05-01 05:37:38,071] {logging_mixin.py:104} INFO - [2021-05-01 05:37:38,070] {dag.py:2280} INFO - Setting next_dagrun for example_nested_branch_dag to 2021-04-29 00:00:00+00:00
[2021-05-01 05:37:38,084] {scheduler_job.py:190} INFO - Processing /home/airflow/.local/lib/python3.6/site-packages/airflow/example_dags/example_nested_branch_dag.py took 0.080 seconds
[2021-05-01 05:38:08,511] {scheduler_job.py:182} INFO - Started process (PID=1333) to work on /home/airflow/.local/lib/python3.6/site-packages/airflow/example_dags/example_nested_branch_dag.py
[2021-05-01 05:38:08,514] {scheduler_job.py:629} INFO - Processing file /home/airflow/.local/lib/python3.6/site-packages/airflow/example_dags/example_nested_branch_dag.py for tasks to queue
[2021-05-01 05:38:08,515] {logging_mixin.py:104} INFO - [2021-05-01 05:38:08,514] {dagbag.py:451} INFO - Filling up the DagBag from /home/airflow/.local/lib/python3.6/site-packages/airflow/example_dags/example_nested_branch_dag.py
[2021-05-01 05:38:08,532] {scheduler_job.py:639} INFO - DAG(s) dict_keys(['example_nested_branch_dag']) retrieved from /home/airflow/.local/lib/python3.6/site-packages/airflow/example_dags/example_nested_branch_dag.py
[2021-05-01 05:38:08,556] {logging_mixin.py:104} INFO - [2021-05-01 05:38:08,556] {dag.py:1824} INFO - Sync 1 DAGs
[2021-05-01 05:38:08,579] {logging_mixin.py:104} INFO - [2021-05-01 05:38:08,579] {dag.py:2280} INFO - Setting next_dagrun for example_nested_branch_dag to 2021-04-29 00:00:00+00:00
[2021-05-01 05:38:08,592] {scheduler_job.py:190} INFO - Processing /home/airflow/.local/lib/python3.6/site-packages/airflow/example_dags/example_nested_branch_dag.py took 0.083 seconds
[2021-05-01 05:38:39,026] {scheduler_job.py:182} INFO - Started process (PID=1366) to work on /home/airflow/.local/lib/python3.6/site-packages/airflow/example_dags/example_nested_branch_dag.py
[2021-05-01 05:38:39,027] {scheduler_job.py:629} INFO - Processing file /home/airflow/.local/lib/python3.6/site-packages/airflow/example_dags/example_nested_branch_dag.py for tasks to queue
[2021-05-01 05:38:39,028] {logging_mixin.py:104} INFO - [2021-05-01 05:38:39,028] {dagbag.py:451} INFO - Filling up the DagBag from /home/airflow/.local/lib/python3.6/site-packages/airflow/example_dags/example_nested_branch_dag.py
[2021-05-01 05:38:39,046] {scheduler_job.py:639} INFO - DAG(s) dict_keys(['example_nested_branch_dag']) retrieved from /home/airflow/.local/lib/python3.6/site-packages/airflow/example_dags/example_nested_branch_dag.py
[2021-05-01 05:38:39,072] {logging_mixin.py:104} INFO - [2021-05-01 05:38:39,072] {dag.py:1824} INFO - Sync 1 DAGs
[2021-05-01 05:38:39,098] {logging_mixin.py:104} INFO - [2021-05-01 05:38:39,098] {dag.py:2280} INFO - Setting next_dagrun for example_nested_branch_dag to 2021-04-29 00:00:00+00:00
[2021-05-01 05:38:39,114] {scheduler_job.py:190} INFO - Processing /home/airflow/.local/lib/python3.6/site-packages/airflow/example_dags/example_nested_branch_dag.py took 0.092 seconds
[2021-05-01 05:39:09,681] {scheduler_job.py:182} INFO - Started process (PID=1399) to work on /home/airflow/.local/lib/python3.6/site-packages/airflow/example_dags/example_nested_branch_dag.py
[2021-05-01 05:39:09,683] {scheduler_job.py:629} INFO - Processing file /home/airflow/.local/lib/python3.6/site-packages/airflow/example_dags/example_nested_branch_dag.py for tasks to queue
[2021-05-01 05:39:09,684] {logging_mixin.py:104} INFO - [2021-05-01 05:39:09,683] {dagbag.py:451} INFO - Filling up the DagBag from /home/airflow/.local/lib/python3.6/site-packages/airflow/example_dags/example_nested_branch_dag.py
[2021-05-01 05:39:09,715] {scheduler_job.py:639} INFO - DAG(s) dict_keys(['example_nested_branch_dag']) retrieved from /home/airflow/.local/lib/python3.6/site-packages/airflow/example_dags/example_nested_branch_dag.py
[2021-05-01 05:39:09,757] {logging_mixin.py:104} INFO - [2021-05-01 05:39:09,757] {dag.py:1824} INFO - Sync 1 DAGs
[2021-05-01 05:39:09,791] {logging_mixin.py:104} INFO - [2021-05-01 05:39:09,791] {dag.py:2280} INFO - Setting next_dagrun for example_nested_branch_dag to 2021-04-29 00:00:00+00:00
[2021-05-01 05:39:09,807] {scheduler_job.py:190} INFO - Processing /home/airflow/.local/lib/python3.6/site-packages/airflow/example_dags/example_nested_branch_dag.py took 0.131 seconds
[2021-05-01 05:39:40,594] {scheduler_job.py:182} INFO - Started process (PID=1432) to work on /home/airflow/.local/lib/python3.6/site-packages/airflow/example_dags/example_nested_branch_dag.py
[2021-05-01 05:39:40,596] {scheduler_job.py:629} INFO - Processing file /home/airflow/.local/lib/python3.6/site-packages/airflow/example_dags/example_nested_branch_dag.py for tasks to queue
[2021-05-01 05:39:40,597] {logging_mixin.py:104} INFO - [2021-05-01 05:39:40,596] {dagbag.py:451} INFO - Filling up the DagBag from /home/airflow/.local/lib/python3.6/site-packages/airflow/example_dags/example_nested_branch_dag.py
[2021-05-01 05:39:40,620] {scheduler_job.py:639} INFO - DAG(s) dict_keys(['example_nested_branch_dag']) retrieved from /home/airflow/.local/lib/python3.6/site-packages/airflow/example_dags/example_nested_branch_dag.py
[2021-05-01 05:39:40,649] {logging_mixin.py:104} INFO - [2021-05-01 05:39:40,649] {dag.py:1824} INFO - Sync 1 DAGs
[2021-05-01 05:39:40,678] {logging_mixin.py:104} INFO - [2021-05-01 05:39:40,678] {dag.py:2280} INFO - Setting next_dagrun for example_nested_branch_dag to 2021-04-29 00:00:00+00:00
[2021-05-01 05:39:40,694] {scheduler_job.py:190} INFO - Processing /home/airflow/.local/lib/python3.6/site-packages/airflow/example_dags/example_nested_branch_dag.py took 0.103 seconds
[2021-05-01 05:40:11,385] {scheduler_job.py:182} INFO - Started process (PID=1465) to work on /home/airflow/.local/lib/python3.6/site-packages/airflow/example_dags/example_nested_branch_dag.py
[2021-05-01 05:40:11,387] {scheduler_job.py:629} INFO - Processing file /home/airflow/.local/lib/python3.6/site-packages/airflow/example_dags/example_nested_branch_dag.py for tasks to queue
[2021-05-01 05:40:11,387] {logging_mixin.py:104} INFO - [2021-05-01 05:40:11,387] {dagbag.py:451} INFO - Filling up the DagBag from /home/airflow/.local/lib/python3.6/site-packages/airflow/example_dags/example_nested_branch_dag.py
[2021-05-01 05:40:11,401] {scheduler_job.py:639} INFO - DAG(s) dict_keys(['example_nested_branch_dag']) retrieved from /home/airflow/.local/lib/python3.6/site-packages/airflow/example_dags/example_nested_branch_dag.py
[2021-05-01 05:40:11,428] {logging_mixin.py:104} INFO - [2021-05-01 05:40:11,428] {dag.py:1824} INFO - Sync 1 DAGs
[2021-05-01 05:40:11,456] {logging_mixin.py:104} INFO - [2021-05-01 05:40:11,456] {dag.py:2280} INFO - Setting next_dagrun for example_nested_branch_dag to 2021-04-29 00:00:00+00:00
[2021-05-01 05:40:11,473] {scheduler_job.py:190} INFO - Processing /home/airflow/.local/lib/python3.6/site-packages/airflow/example_dags/example_nested_branch_dag.py took 0.092 seconds
[2021-05-01 05:40:42,091] {scheduler_job.py:182} INFO - Started process (PID=1498) to work on /home/airflow/.local/lib/python3.6/site-packages/airflow/example_dags/example_nested_branch_dag.py
[2021-05-01 05:40:42,092] {scheduler_job.py:629} INFO - Processing file /home/airflow/.local/lib/python3.6/site-packages/airflow/example_dags/example_nested_branch_dag.py for tasks to queue
[2021-05-01 05:40:42,093] {logging_mixin.py:104} INFO - [2021-05-01 05:40:42,093] {dagbag.py:451} INFO - Filling up the DagBag from /home/airflow/.local/lib/python3.6/site-packages/airflow/example_dags/example_nested_branch_dag.py
[2021-05-01 05:40:42,110] {scheduler_job.py:639} INFO - DAG(s) dict_keys(['example_nested_branch_dag']) retrieved from /home/airflow/.local/lib/python3.6/site-packages/airflow/example_dags/example_nested_branch_dag.py
[2021-05-01 05:40:42,138] {logging_mixin.py:104} INFO - [2021-05-01 05:40:42,138] {dag.py:1824} INFO - Sync 1 DAGs
[2021-05-01 05:40:42,167] {logging_mixin.py:104} INFO - [2021-05-01 05:40:42,167] {dag.py:2280} INFO - Setting next_dagrun for example_nested_branch_dag to 2021-04-29 00:00:00+00:00
[2021-05-01 05:40:42,181] {scheduler_job.py:190} INFO - Processing /home/airflow/.local/lib/python3.6/site-packages/airflow/example_dags/example_nested_branch_dag.py took 0.093 seconds
[2021-05-01 05:41:12,742] {scheduler_job.py:182} INFO - Started process (PID=1531) to work on /home/airflow/.local/lib/python3.6/site-packages/airflow/example_dags/example_nested_branch_dag.py
[2021-05-01 05:41:12,743] {scheduler_job.py:629} INFO - Processing file /home/airflow/.local/lib/python3.6/site-packages/airflow/example_dags/example_nested_branch_dag.py for tasks to queue
[2021-05-01 05:41:12,743] {logging_mixin.py:104} INFO - [2021-05-01 05:41:12,743] {dagbag.py:451} INFO - Filling up the DagBag from /home/airflow/.local/lib/python3.6/site-packages/airflow/example_dags/example_nested_branch_dag.py
[2021-05-01 05:41:12,760] {scheduler_job.py:639} INFO - DAG(s) dict_keys(['example_nested_branch_dag']) retrieved from /home/airflow/.local/lib/python3.6/site-packages/airflow/example_dags/example_nested_branch_dag.py
[2021-05-01 05:41:12,790] {logging_mixin.py:104} INFO - [2021-05-01 05:41:12,790] {dag.py:1824} INFO - Sync 1 DAGs
[2021-05-01 05:41:12,817] {logging_mixin.py:104} INFO - [2021-05-01 05:41:12,817] {dag.py:2280} INFO - Setting next_dagrun for example_nested_branch_dag to 2021-04-29 00:00:00+00:00
[2021-05-01 05:41:12,831] {scheduler_job.py:190} INFO - Processing /home/airflow/.local/lib/python3.6/site-packages/airflow/example_dags/example_nested_branch_dag.py took 0.093 seconds
[2021-05-01 05:41:43,701] {scheduler_job.py:182} INFO - Started process (PID=1564) to work on /home/airflow/.local/lib/python3.6/site-packages/airflow/example_dags/example_nested_branch_dag.py
[2021-05-01 05:41:43,702] {scheduler_job.py:629} INFO - Processing file /home/airflow/.local/lib/python3.6/site-packages/airflow/example_dags/example_nested_branch_dag.py for tasks to queue
[2021-05-01 05:41:43,703] {logging_mixin.py:104} INFO - [2021-05-01 05:41:43,703] {dagbag.py:451} INFO - Filling up the DagBag from /home/airflow/.local/lib/python3.6/site-packages/airflow/example_dags/example_nested_branch_dag.py
[2021-05-01 05:41:43,723] {scheduler_job.py:639} INFO - DAG(s) dict_keys(['example_nested_branch_dag']) retrieved from /home/airflow/.local/lib/python3.6/site-packages/airflow/example_dags/example_nested_branch_dag.py
[2021-05-01 05:41:43,755] {logging_mixin.py:104} INFO - [2021-05-01 05:41:43,755] {dag.py:1824} INFO - Sync 1 DAGs
[2021-05-01 05:41:43,787] {logging_mixin.py:104} INFO - [2021-05-01 05:41:43,787] {dag.py:2280} INFO - Setting next_dagrun for example_nested_branch_dag to 2021-04-29 00:00:00+00:00
[2021-05-01 05:41:43,805] {scheduler_job.py:190} INFO - Processing /home/airflow/.local/lib/python3.6/site-packages/airflow/example_dags/example_nested_branch_dag.py took 0.110 seconds
[2021-05-01 05:42:14,053] {scheduler_job.py:182} INFO - Started process (PID=1597) to work on /home/airflow/.local/lib/python3.6/site-packages/airflow/example_dags/example_nested_branch_dag.py
[2021-05-01 05:42:14,054] {scheduler_job.py:629} INFO - Processing file /home/airflow/.local/lib/python3.6/site-packages/airflow/example_dags/example_nested_branch_dag.py for tasks to queue
[2021-05-01 05:42:14,055] {logging_mixin.py:104} INFO - [2021-05-01 05:42:14,055] {dagbag.py:451} INFO - Filling up the DagBag from /home/airflow/.local/lib/python3.6/site-packages/airflow/example_dags/example_nested_branch_dag.py
[2021-05-01 05:42:14,079] {scheduler_job.py:639} INFO - DAG(s) dict_keys(['example_nested_branch_dag']) retrieved from /home/airflow/.local/lib/python3.6/site-packages/airflow/example_dags/example_nested_branch_dag.py
[2021-05-01 05:42:14,114] {logging_mixin.py:104} INFO - [2021-05-01 05:42:14,114] {dag.py:1824} INFO - Sync 1 DAGs
[2021-05-01 05:42:14,143] {logging_mixin.py:104} INFO - [2021-05-01 05:42:14,143] {dag.py:2280} INFO - Setting next_dagrun for example_nested_branch_dag to 2021-04-29 00:00:00+00:00
[2021-05-01 05:42:14,162] {scheduler_job.py:190} INFO - Processing /home/airflow/.local/lib/python3.6/site-packages/airflow/example_dags/example_nested_branch_dag.py took 0.114 seconds
[2021-05-01 05:42:44,807] {scheduler_job.py:182} INFO - Started process (PID=1630) to work on /home/airflow/.local/lib/python3.6/site-packages/airflow/example_dags/example_nested_branch_dag.py
[2021-05-01 05:42:44,809] {scheduler_job.py:629} INFO - Processing file /home/airflow/.local/lib/python3.6/site-packages/airflow/example_dags/example_nested_branch_dag.py for tasks to queue
[2021-05-01 05:42:44,810] {logging_mixin.py:104} INFO - [2021-05-01 05:42:44,810] {dagbag.py:451} INFO - Filling up the DagBag from /home/airflow/.local/lib/python3.6/site-packages/airflow/example_dags/example_nested_branch_dag.py
[2021-05-01 05:42:44,826] {scheduler_job.py:639} INFO - DAG(s) dict_keys(['example_nested_branch_dag']) retrieved from /home/airflow/.local/lib/python3.6/site-packages/airflow/example_dags/example_nested_branch_dag.py
[2021-05-01 05:42:44,852] {logging_mixin.py:104} INFO - [2021-05-01 05:42:44,852] {dag.py:1824} INFO - Sync 1 DAGs
[2021-05-01 05:42:44,881] {logging_mixin.py:104} INFO - [2021-05-01 05:42:44,881] {dag.py:2280} INFO - Setting next_dagrun for example_nested_branch_dag to 2021-04-29 00:00:00+00:00
[2021-05-01 05:42:44,895] {scheduler_job.py:190} INFO - Processing /home/airflow/.local/lib/python3.6/site-packages/airflow/example_dags/example_nested_branch_dag.py took 0.091 seconds
[2021-05-01 05:43:15,042] {scheduler_job.py:182} INFO - Started process (PID=1669) to work on /home/airflow/.local/lib/python3.6/site-packages/airflow/example_dags/example_nested_branch_dag.py
[2021-05-01 05:43:15,044] {scheduler_job.py:629} INFO - Processing file /home/airflow/.local/lib/python3.6/site-packages/airflow/example_dags/example_nested_branch_dag.py for tasks to queue
[2021-05-01 05:43:15,044] {logging_mixin.py:104} INFO - [2021-05-01 05:43:15,044] {dagbag.py:451} INFO - Filling up the DagBag from /home/airflow/.local/lib/python3.6/site-packages/airflow/example_dags/example_nested_branch_dag.py
[2021-05-01 05:43:15,062] {scheduler_job.py:639} INFO - DAG(s) dict_keys(['example_nested_branch_dag']) retrieved from /home/airflow/.local/lib/python3.6/site-packages/airflow/example_dags/example_nested_branch_dag.py
[2021-05-01 05:43:15,086] {logging_mixin.py:104} INFO - [2021-05-01 05:43:15,086] {dag.py:1824} INFO - Sync 1 DAGs
[2021-05-01 05:43:15,109] {logging_mixin.py:104} INFO - [2021-05-01 05:43:15,109] {dag.py:2280} INFO - Setting next_dagrun for example_nested_branch_dag to 2021-04-29 00:00:00+00:00
[2021-05-01 05:43:15,125] {scheduler_job.py:190} INFO - Processing /home/airflow/.local/lib/python3.6/site-packages/airflow/example_dags/example_nested_branch_dag.py took 0.088 seconds
[2021-05-01 05:43:45,469] {scheduler_job.py:182} INFO - Started process (PID=1702) to work on /home/airflow/.local/lib/python3.6/site-packages/airflow/example_dags/example_nested_branch_dag.py
[2021-05-01 05:43:45,470] {scheduler_job.py:629} INFO - Processing file /home/airflow/.local/lib/python3.6/site-packages/airflow/example_dags/example_nested_branch_dag.py for tasks to queue
[2021-05-01 05:43:45,470] {logging_mixin.py:104} INFO - [2021-05-01 05:43:45,470] {dagbag.py:451} INFO - Filling up the DagBag from /home/airflow/.local/lib/python3.6/site-packages/airflow/example_dags/example_nested_branch_dag.py
[2021-05-01 05:43:45,492] {scheduler_job.py:639} INFO - DAG(s) dict_keys(['example_nested_branch_dag']) retrieved from /home/airflow/.local/lib/python3.6/site-packages/airflow/example_dags/example_nested_branch_dag.py
[2021-05-01 05:43:45,527] {logging_mixin.py:104} INFO - [2021-05-01 05:43:45,527] {dag.py:1824} INFO - Sync 1 DAGs
[2021-05-01 05:43:45,560] {logging_mixin.py:104} INFO - [2021-05-01 05:43:45,560] {dag.py:2280} INFO - Setting next_dagrun for example_nested_branch_dag to 2021-04-29 00:00:00+00:00
[2021-05-01 05:43:45,576] {scheduler_job.py:190} INFO - Processing /home/airflow/.local/lib/python3.6/site-packages/airflow/example_dags/example_nested_branch_dag.py took 0.111 seconds
[2021-05-01 05:44:16,150] {scheduler_job.py:182} INFO - Started process (PID=1741) to work on /home/airflow/.local/lib/python3.6/site-packages/airflow/example_dags/example_nested_branch_dag.py
[2021-05-01 05:44:16,152] {scheduler_job.py:629} INFO - Processing file /home/airflow/.local/lib/python3.6/site-packages/airflow/example_dags/example_nested_branch_dag.py for tasks to queue
[2021-05-01 05:44:16,152] {logging_mixin.py:104} INFO - [2021-05-01 05:44:16,152] {dagbag.py:451} INFO - Filling up the DagBag from /home/airflow/.local/lib/python3.6/site-packages/airflow/example_dags/example_nested_branch_dag.py
[2021-05-01 05:44:16,167] {scheduler_job.py:639} INFO - DAG(s) dict_keys(['example_nested_branch_dag']) retrieved from /home/airflow/.local/lib/python3.6/site-packages/airflow/example_dags/example_nested_branch_dag.py
[2021-05-01 05:44:16,194] {logging_mixin.py:104} INFO - [2021-05-01 05:44:16,194] {dag.py:1824} INFO - Sync 1 DAGs
[2021-05-01 05:44:16,223] {logging_mixin.py:104} INFO - [2021-05-01 05:44:16,222] {dag.py:2280} INFO - Setting next_dagrun for example_nested_branch_dag to 2021-04-29 00:00:00+00:00
[2021-05-01 05:44:16,238] {scheduler_job.py:190} INFO - Processing /home/airflow/.local/lib/python3.6/site-packages/airflow/example_dags/example_nested_branch_dag.py took 0.090 seconds
[2021-05-01 05:44:46,597] {scheduler_job.py:182} INFO - Started process (PID=1774) to work on /home/airflow/.local/lib/python3.6/site-packages/airflow/example_dags/example_nested_branch_dag.py
[2021-05-01 05:44:46,598] {scheduler_job.py:629} INFO - Processing file /home/airflow/.local/lib/python3.6/site-packages/airflow/example_dags/example_nested_branch_dag.py for tasks to queue
[2021-05-01 05:44:46,599] {logging_mixin.py:104} INFO - [2021-05-01 05:44:46,599] {dagbag.py:451} INFO - Filling up the DagBag from /home/airflow/.local/lib/python3.6/site-packages/airflow/example_dags/example_nested_branch_dag.py
[2021-05-01 05:44:46,622] {scheduler_job.py:639} INFO - DAG(s) dict_keys(['example_nested_branch_dag']) retrieved from /home/airflow/.local/lib/python3.6/site-packages/airflow/example_dags/example_nested_branch_dag.py
[2021-05-01 05:44:46,648] {logging_mixin.py:104} INFO - [2021-05-01 05:44:46,648] {dag.py:1824} INFO - Sync 1 DAGs
[2021-05-01 05:44:46,673] {logging_mixin.py:104} INFO - [2021-05-01 05:44:46,673] {dag.py:2280} INFO - Setting next_dagrun for example_nested_branch_dag to 2021-04-29 00:00:00+00:00
[2021-05-01 05:44:46,685] {scheduler_job.py:190} INFO - Processing /home/airflow/.local/lib/python3.6/site-packages/airflow/example_dags/example_nested_branch_dag.py took 0.093 seconds
[2021-05-01 05:45:17,077] {scheduler_job.py:182} INFO - Started process (PID=1807) to work on /home/airflow/.local/lib/python3.6/site-packages/airflow/example_dags/example_nested_branch_dag.py
[2021-05-01 05:45:17,079] {scheduler_job.py:629} INFO - Processing file /home/airflow/.local/lib/python3.6/site-packages/airflow/example_dags/example_nested_branch_dag.py for tasks to queue
[2021-05-01 05:45:17,080] {logging_mixin.py:104} INFO - [2021-05-01 05:45:17,080] {dagbag.py:451} INFO - Filling up the DagBag from /home/airflow/.local/lib/python3.6/site-packages/airflow/example_dags/example_nested_branch_dag.py
[2021-05-01 05:45:17,099] {scheduler_job.py:639} INFO - DAG(s) dict_keys(['example_nested_branch_dag']) retrieved from /home/airflow/.local/lib/python3.6/site-packages/airflow/example_dags/example_nested_branch_dag.py
[2021-05-01 05:45:17,125] {logging_mixin.py:104} INFO - [2021-05-01 05:45:17,125] {dag.py:1824} INFO - Sync 1 DAGs
[2021-05-01 05:45:17,150] {logging_mixin.py:104} INFO - [2021-05-01 05:45:17,149] {dag.py:2280} INFO - Setting next_dagrun for example_nested_branch_dag to 2021-04-29 00:00:00+00:00
[2021-05-01 05:45:17,163] {scheduler_job.py:190} INFO - Processing /home/airflow/.local/lib/python3.6/site-packages/airflow/example_dags/example_nested_branch_dag.py took 0.090 seconds
[2021-05-01 05:45:47,498] {scheduler_job.py:182} INFO - Started process (PID=1840) to work on /home/airflow/.local/lib/python3.6/site-packages/airflow/example_dags/example_nested_branch_dag.py
[2021-05-01 05:45:47,501] {scheduler_job.py:629} INFO - Processing file /home/airflow/.local/lib/python3.6/site-packages/airflow/example_dags/example_nested_branch_dag.py for tasks to queue
[2021-05-01 05:45:47,512] {logging_mixin.py:104} INFO - [2021-05-01 05:45:47,512] {dagbag.py:451} INFO - Filling up the DagBag from /home/airflow/.local/lib/python3.6/site-packages/airflow/example_dags/example_nested_branch_dag.py
[2021-05-01 05:45:47,603] {scheduler_job.py:639} INFO - DAG(s) dict_keys(['example_nested_branch_dag']) retrieved from /home/airflow/.local/lib/python3.6/site-packages/airflow/example_dags/example_nested_branch_dag.py
[2021-05-01 05:45:47,760] {logging_mixin.py:104} INFO - [2021-05-01 05:45:47,759] {dag.py:1824} INFO - Sync 1 DAGs
[2021-05-01 05:45:47,884] {logging_mixin.py:104} INFO - [2021-05-01 05:45:47,884] {dag.py:2280} INFO - Setting next_dagrun for example_nested_branch_dag to 2021-04-29 00:00:00+00:00
[2021-05-01 05:45:47,939] {scheduler_job.py:190} INFO - Processing /home/airflow/.local/lib/python3.6/site-packages/airflow/example_dags/example_nested_branch_dag.py took 0.457 seconds
[2021-05-01 05:46:18,445] {scheduler_job.py:182} INFO - Started process (PID=1874) to work on /home/airflow/.local/lib/python3.6/site-packages/airflow/example_dags/example_nested_branch_dag.py
[2021-05-01 05:46:18,447] {scheduler_job.py:629} INFO - Processing file /home/airflow/.local/lib/python3.6/site-packages/airflow/example_dags/example_nested_branch_dag.py for tasks to queue
[2021-05-01 05:46:18,448] {logging_mixin.py:104} INFO - [2021-05-01 05:46:18,448] {dagbag.py:451} INFO - Filling up the DagBag from /home/airflow/.local/lib/python3.6/site-packages/airflow/example_dags/example_nested_branch_dag.py
[2021-05-01 05:46:18,469] {scheduler_job.py:639} INFO - DAG(s) dict_keys(['example_nested_branch_dag']) retrieved from /home/airflow/.local/lib/python3.6/site-packages/airflow/example_dags/example_nested_branch_dag.py
[2021-05-01 05:46:18,497] {logging_mixin.py:104} INFO - [2021-05-01 05:46:18,496] {dag.py:1824} INFO - Sync 1 DAGs
[2021-05-01 05:46:18,520] {logging_mixin.py:104} INFO - [2021-05-01 05:46:18,520] {dag.py:2280} INFO - Setting next_dagrun for example_nested_branch_dag to 2021-04-29 00:00:00+00:00
[2021-05-01 05:46:18,533] {scheduler_job.py:190} INFO - Processing /home/airflow/.local/lib/python3.6/site-packages/airflow/example_dags/example_nested_branch_dag.py took 0.093 seconds
[2021-05-01 05:46:49,212] {scheduler_job.py:182} INFO - Started process (PID=1907) to work on /home/airflow/.local/lib/python3.6/site-packages/airflow/example_dags/example_nested_branch_dag.py
[2021-05-01 05:46:49,214] {scheduler_job.py:629} INFO - Processing file /home/airflow/.local/lib/python3.6/site-packages/airflow/example_dags/example_nested_branch_dag.py for tasks to queue
[2021-05-01 05:46:49,215] {logging_mixin.py:104} INFO - [2021-05-01 05:46:49,215] {dagbag.py:451} INFO - Filling up the DagBag from /home/airflow/.local/lib/python3.6/site-packages/airflow/example_dags/example_nested_branch_dag.py
[2021-05-01 05:46:49,231] {scheduler_job.py:639} INFO - DAG(s) dict_keys(['example_nested_branch_dag']) retrieved from /home/airflow/.local/lib/python3.6/site-packages/airflow/example_dags/example_nested_branch_dag.py
[2021-05-01 05:46:49,261] {logging_mixin.py:104} INFO - [2021-05-01 05:46:49,260] {dag.py:1824} INFO - Sync 1 DAGs
[2021-05-01 05:46:49,290] {logging_mixin.py:104} INFO - [2021-05-01 05:46:49,290] {dag.py:2280} INFO - Setting next_dagrun for example_nested_branch_dag to 2021-04-29 00:00:00+00:00
[2021-05-01 05:46:49,305] {scheduler_job.py:190} INFO - Processing /home/airflow/.local/lib/python3.6/site-packages/airflow/example_dags/example_nested_branch_dag.py took 0.097 seconds
[2021-05-01 05:47:19,977] {scheduler_job.py:182} INFO - Started process (PID=1940) to work on /home/airflow/.local/lib/python3.6/site-packages/airflow/example_dags/example_nested_branch_dag.py
[2021-05-01 05:47:19,979] {scheduler_job.py:629} INFO - Processing file /home/airflow/.local/lib/python3.6/site-packages/airflow/example_dags/example_nested_branch_dag.py for tasks to queue
[2021-05-01 05:47:19,982] {logging_mixin.py:104} INFO - [2021-05-01 05:47:19,982] {dagbag.py:451} INFO - Filling up the DagBag from /home/airflow/.local/lib/python3.6/site-packages/airflow/example_dags/example_nested_branch_dag.py
[2021-05-01 05:47:20,006] {scheduler_job.py:639} INFO - DAG(s) dict_keys(['example_nested_branch_dag']) retrieved from /home/airflow/.local/lib/python3.6/site-packages/airflow/example_dags/example_nested_branch_dag.py
[2021-05-01 05:47:20,043] {logging_mixin.py:104} INFO - [2021-05-01 05:47:20,043] {dag.py:1824} INFO - Sync 1 DAGs
[2021-05-01 05:47:20,076] {logging_mixin.py:104} INFO - [2021-05-01 05:47:20,075] {dag.py:2280} INFO - Setting next_dagrun for example_nested_branch_dag to 2021-04-29 00:00:00+00:00
[2021-05-01 05:47:20,095] {scheduler_job.py:190} INFO - Processing /home/airflow/.local/lib/python3.6/site-packages/airflow/example_dags/example_nested_branch_dag.py took 0.123 seconds
[2021-05-01 05:47:50,455] {scheduler_job.py:182} INFO - Started process (PID=1979) to work on /home/airflow/.local/lib/python3.6/site-packages/airflow/example_dags/example_nested_branch_dag.py
[2021-05-01 05:47:50,456] {scheduler_job.py:629} INFO - Processing file /home/airflow/.local/lib/python3.6/site-packages/airflow/example_dags/example_nested_branch_dag.py for tasks to queue
[2021-05-01 05:47:50,457] {logging_mixin.py:104} INFO - [2021-05-01 05:47:50,457] {dagbag.py:451} INFO - Filling up the DagBag from /home/airflow/.local/lib/python3.6/site-packages/airflow/example_dags/example_nested_branch_dag.py
[2021-05-01 05:47:50,472] {scheduler_job.py:639} INFO - DAG(s) dict_keys(['example_nested_branch_dag']) retrieved from /home/airflow/.local/lib/python3.6/site-packages/airflow/example_dags/example_nested_branch_dag.py
[2021-05-01 05:47:50,502] {logging_mixin.py:104} INFO - [2021-05-01 05:47:50,502] {dag.py:1824} INFO - Sync 1 DAGs
[2021-05-01 05:47:50,527] {logging_mixin.py:104} INFO - [2021-05-01 05:47:50,527] {dag.py:2280} INFO - Setting next_dagrun for example_nested_branch_dag to 2021-04-29 00:00:00+00:00
[2021-05-01 05:47:50,541] {scheduler_job.py:190} INFO - Processing /home/airflow/.local/lib/python3.6/site-packages/airflow/example_dags/example_nested_branch_dag.py took 0.089 seconds
[2021-05-01 05:48:21,227] {scheduler_job.py:182} INFO - Started process (PID=2020) to work on /home/airflow/.local/lib/python3.6/site-packages/airflow/example_dags/example_nested_branch_dag.py
[2021-05-01 05:48:21,229] {scheduler_job.py:629} INFO - Processing file /home/airflow/.local/lib/python3.6/site-packages/airflow/example_dags/example_nested_branch_dag.py for tasks to queue
[2021-05-01 05:48:21,231] {logging_mixin.py:104} INFO - [2021-05-01 05:48:21,230] {dagbag.py:451} INFO - Filling up the DagBag from /home/airflow/.local/lib/python3.6/site-packages/airflow/example_dags/example_nested_branch_dag.py
[2021-05-01 05:48:21,249] {scheduler_job.py:639} INFO - DAG(s) dict_keys(['example_nested_branch_dag']) retrieved from /home/airflow/.local/lib/python3.6/site-packages/airflow/example_dags/example_nested_branch_dag.py
[2021-05-01 05:48:21,277] {logging_mixin.py:104} INFO - [2021-05-01 05:48:21,277] {dag.py:1824} INFO - Sync 1 DAGs
[2021-05-01 05:48:21,303] {logging_mixin.py:104} INFO - [2021-05-01 05:48:21,302] {dag.py:2280} INFO - Setting next_dagrun for example_nested_branch_dag to 2021-04-29 00:00:00+00:00
[2021-05-01 05:48:21,316] {scheduler_job.py:190} INFO - Processing /home/airflow/.local/lib/python3.6/site-packages/airflow/example_dags/example_nested_branch_dag.py took 0.094 seconds
[2021-05-01 05:48:51,870] {scheduler_job.py:182} INFO - Started process (PID=2053) to work on /home/airflow/.local/lib/python3.6/site-packages/airflow/example_dags/example_nested_branch_dag.py
[2021-05-01 05:48:51,871] {scheduler_job.py:629} INFO - Processing file /home/airflow/.local/lib/python3.6/site-packages/airflow/example_dags/example_nested_branch_dag.py for tasks to queue
[2021-05-01 05:48:51,872] {logging_mixin.py:104} INFO - [2021-05-01 05:48:51,872] {dagbag.py:451} INFO - Filling up the DagBag from /home/airflow/.local/lib/python3.6/site-packages/airflow/example_dags/example_nested_branch_dag.py
[2021-05-01 05:48:51,898] {scheduler_job.py:639} INFO - DAG(s) dict_keys(['example_nested_branch_dag']) retrieved from /home/airflow/.local/lib/python3.6/site-packages/airflow/example_dags/example_nested_branch_dag.py
[2021-05-01 05:48:51,929] {logging_mixin.py:104} INFO - [2021-05-01 05:48:51,929] {dag.py:1824} INFO - Sync 1 DAGs
[2021-05-01 05:48:51,965] {logging_mixin.py:104} INFO - [2021-05-01 05:48:51,964] {dag.py:2280} INFO - Setting next_dagrun for example_nested_branch_dag to 2021-04-29 00:00:00+00:00
[2021-05-01 05:48:51,978] {scheduler_job.py:190} INFO - Processing /home/airflow/.local/lib/python3.6/site-packages/airflow/example_dags/example_nested_branch_dag.py took 0.111 seconds
