[2021-05-01 04:42:45,141] {scheduler_job.py:182} INFO - Started process (PID=17758) to work on /home/airflow/.local/lib/python3.6/site-packages/airflow/example_dags/example_xcom.py
[2021-05-01 04:42:45,142] {scheduler_job.py:629} INFO - Processing file /home/airflow/.local/lib/python3.6/site-packages/airflow/example_dags/example_xcom.py for tasks to queue
[2021-05-01 04:42:45,143] {logging_mixin.py:104} INFO - [2021-05-01 04:42:45,143] {dagbag.py:451} INFO - Filling up the DagBag from /home/airflow/.local/lib/python3.6/site-packages/airflow/example_dags/example_xcom.py
[2021-05-01 04:42:45,163] {scheduler_job.py:639} INFO - DAG(s) dict_keys(['example_xcom']) retrieved from /home/airflow/.local/lib/python3.6/site-packages/airflow/example_dags/example_xcom.py
[2021-05-01 04:42:45,198] {logging_mixin.py:104} INFO - [2021-05-01 04:42:45,198] {dag.py:1824} INFO - Sync 1 DAGs
[2021-05-01 04:42:45,218] {logging_mixin.py:104} INFO - [2021-05-01 04:42:45,218] {dag.py:2280} INFO - Setting next_dagrun for example_xcom to 2021-04-29 00:00:00+00:00
[2021-05-01 04:42:45,265] {scheduler_job.py:190} INFO - Processing /home/airflow/.local/lib/python3.6/site-packages/airflow/example_dags/example_xcom.py took 0.132 seconds
[2021-05-01 04:42:46,307] {scheduler_job.py:182} INFO - Started process (PID=17760) to work on /home/airflow/.local/lib/python3.6/site-packages/airflow/example_dags/example_xcom.py
[2021-05-01 04:42:46,309] {scheduler_job.py:629} INFO - Processing file /home/airflow/.local/lib/python3.6/site-packages/airflow/example_dags/example_xcom.py for tasks to queue
[2021-05-01 04:42:46,311] {logging_mixin.py:104} INFO - [2021-05-01 04:42:46,310] {dagbag.py:451} INFO - Filling up the DagBag from /home/airflow/.local/lib/python3.6/site-packages/airflow/example_dags/example_xcom.py
[2021-05-01 04:42:46,345] {scheduler_job.py:639} INFO - DAG(s) dict_keys(['example_xcom']) retrieved from /home/airflow/.local/lib/python3.6/site-packages/airflow/example_dags/example_xcom.py
[2021-05-01 04:42:46,407] {logging_mixin.py:104} INFO - [2021-05-01 04:42:46,400] {dag.py:1824} INFO - Sync 1 DAGs
[2021-05-01 04:42:46,451] {logging_mixin.py:104} INFO - [2021-05-01 04:42:46,450] {dag.py:2280} INFO - Setting next_dagrun for example_xcom to 2021-04-29 00:00:00+00:00
[2021-05-01 04:42:46,498] {scheduler_job.py:190} INFO - Processing /home/airflow/.local/lib/python3.6/site-packages/airflow/example_dags/example_xcom.py took 0.204 seconds
[2021-05-01 04:44:02,731] {scheduler_job.py:182} INFO - Started process (PID=36) to work on /home/airflow/.local/lib/python3.6/site-packages/airflow/example_dags/example_xcom.py
[2021-05-01 04:44:02,738] {scheduler_job.py:629} INFO - Processing file /home/airflow/.local/lib/python3.6/site-packages/airflow/example_dags/example_xcom.py for tasks to queue
[2021-05-01 04:44:02,739] {logging_mixin.py:104} INFO - [2021-05-01 04:44:02,739] {dagbag.py:451} INFO - Filling up the DagBag from /home/airflow/.local/lib/python3.6/site-packages/airflow/example_dags/example_xcom.py
[2021-05-01 04:44:02,778] {scheduler_job.py:639} INFO - DAG(s) dict_keys(['example_xcom']) retrieved from /home/airflow/.local/lib/python3.6/site-packages/airflow/example_dags/example_xcom.py
[2021-05-01 04:44:03,026] {logging_mixin.py:104} INFO - [2021-05-01 04:44:03,026] {dag.py:1824} INFO - Sync 1 DAGs
[2021-05-01 04:44:03,147] {logging_mixin.py:104} INFO - [2021-05-01 04:44:03,146] {dag.py:2280} INFO - Setting next_dagrun for example_xcom to 2021-04-29 00:00:00+00:00
[2021-05-01 04:44:03,266] {scheduler_job.py:190} INFO - Processing /home/airflow/.local/lib/python3.6/site-packages/airflow/example_dags/example_xcom.py took 0.553 seconds
[2021-05-01 04:44:34,025] {scheduler_job.py:182} INFO - Started process (PID=70) to work on /home/airflow/.local/lib/python3.6/site-packages/airflow/example_dags/example_xcom.py
[2021-05-01 04:44:34,028] {scheduler_job.py:629} INFO - Processing file /home/airflow/.local/lib/python3.6/site-packages/airflow/example_dags/example_xcom.py for tasks to queue
[2021-05-01 04:44:34,030] {logging_mixin.py:104} INFO - [2021-05-01 04:44:34,029] {dagbag.py:451} INFO - Filling up the DagBag from /home/airflow/.local/lib/python3.6/site-packages/airflow/example_dags/example_xcom.py
[2021-05-01 04:44:34,102] {scheduler_job.py:639} INFO - DAG(s) dict_keys(['example_xcom']) retrieved from /home/airflow/.local/lib/python3.6/site-packages/airflow/example_dags/example_xcom.py
[2021-05-01 04:44:34,218] {logging_mixin.py:104} INFO - [2021-05-01 04:44:34,218] {dag.py:1824} INFO - Sync 1 DAGs
[2021-05-01 04:44:34,311] {logging_mixin.py:104} INFO - [2021-05-01 04:44:34,311] {dag.py:2280} INFO - Setting next_dagrun for example_xcom to 2021-04-29 00:00:00+00:00
[2021-05-01 04:44:34,360] {scheduler_job.py:190} INFO - Processing /home/airflow/.local/lib/python3.6/site-packages/airflow/example_dags/example_xcom.py took 0.367 seconds
[2021-05-01 04:45:04,828] {scheduler_job.py:182} INFO - Started process (PID=104) to work on /home/airflow/.local/lib/python3.6/site-packages/airflow/example_dags/example_xcom.py
[2021-05-01 04:45:04,830] {scheduler_job.py:629} INFO - Processing file /home/airflow/.local/lib/python3.6/site-packages/airflow/example_dags/example_xcom.py for tasks to queue
[2021-05-01 04:45:04,831] {logging_mixin.py:104} INFO - [2021-05-01 04:45:04,831] {dagbag.py:451} INFO - Filling up the DagBag from /home/airflow/.local/lib/python3.6/site-packages/airflow/example_dags/example_xcom.py
[2021-05-01 04:45:04,854] {scheduler_job.py:639} INFO - DAG(s) dict_keys(['example_xcom']) retrieved from /home/airflow/.local/lib/python3.6/site-packages/airflow/example_dags/example_xcom.py
[2021-05-01 04:45:04,894] {logging_mixin.py:104} INFO - [2021-05-01 04:45:04,894] {dag.py:1824} INFO - Sync 1 DAGs
[2021-05-01 04:45:04,926] {logging_mixin.py:104} INFO - [2021-05-01 04:45:04,926] {dag.py:2280} INFO - Setting next_dagrun for example_xcom to 2021-04-29 00:00:00+00:00
[2021-05-01 04:45:04,954] {scheduler_job.py:190} INFO - Processing /home/airflow/.local/lib/python3.6/site-packages/airflow/example_dags/example_xcom.py took 0.133 seconds
[2021-05-01 04:45:35,128] {scheduler_job.py:182} INFO - Started process (PID=137) to work on /home/airflow/.local/lib/python3.6/site-packages/airflow/example_dags/example_xcom.py
[2021-05-01 04:45:35,129] {scheduler_job.py:629} INFO - Processing file /home/airflow/.local/lib/python3.6/site-packages/airflow/example_dags/example_xcom.py for tasks to queue
[2021-05-01 04:45:35,130] {logging_mixin.py:104} INFO - [2021-05-01 04:45:35,130] {dagbag.py:451} INFO - Filling up the DagBag from /home/airflow/.local/lib/python3.6/site-packages/airflow/example_dags/example_xcom.py
[2021-05-01 04:45:35,144] {scheduler_job.py:639} INFO - DAG(s) dict_keys(['example_xcom']) retrieved from /home/airflow/.local/lib/python3.6/site-packages/airflow/example_dags/example_xcom.py
[2021-05-01 04:45:35,168] {logging_mixin.py:104} INFO - [2021-05-01 04:45:35,168] {dag.py:1824} INFO - Sync 1 DAGs
[2021-05-01 04:45:35,185] {logging_mixin.py:104} INFO - [2021-05-01 04:45:35,185] {dag.py:2280} INFO - Setting next_dagrun for example_xcom to 2021-04-29 00:00:00+00:00
[2021-05-01 04:45:35,195] {scheduler_job.py:190} INFO - Processing /home/airflow/.local/lib/python3.6/site-packages/airflow/example_dags/example_xcom.py took 0.070 seconds
[2021-05-01 04:46:05,682] {scheduler_job.py:182} INFO - Started process (PID=171) to work on /home/airflow/.local/lib/python3.6/site-packages/airflow/example_dags/example_xcom.py
[2021-05-01 04:46:05,683] {scheduler_job.py:629} INFO - Processing file /home/airflow/.local/lib/python3.6/site-packages/airflow/example_dags/example_xcom.py for tasks to queue
[2021-05-01 04:46:05,684] {logging_mixin.py:104} INFO - [2021-05-01 04:46:05,683] {dagbag.py:451} INFO - Filling up the DagBag from /home/airflow/.local/lib/python3.6/site-packages/airflow/example_dags/example_xcom.py
[2021-05-01 04:46:05,694] {scheduler_job.py:639} INFO - DAG(s) dict_keys(['example_xcom']) retrieved from /home/airflow/.local/lib/python3.6/site-packages/airflow/example_dags/example_xcom.py
[2021-05-01 04:46:05,714] {logging_mixin.py:104} INFO - [2021-05-01 04:46:05,714] {dag.py:1824} INFO - Sync 1 DAGs
[2021-05-01 04:46:05,729] {logging_mixin.py:104} INFO - [2021-05-01 04:46:05,728] {dag.py:2280} INFO - Setting next_dagrun for example_xcom to 2021-04-29 00:00:00+00:00
[2021-05-01 04:46:05,739] {scheduler_job.py:190} INFO - Processing /home/airflow/.local/lib/python3.6/site-packages/airflow/example_dags/example_xcom.py took 0.061 seconds
[2021-05-01 04:46:36,485] {scheduler_job.py:182} INFO - Started process (PID=207) to work on /home/airflow/.local/lib/python3.6/site-packages/airflow/example_dags/example_xcom.py
[2021-05-01 04:46:36,486] {scheduler_job.py:629} INFO - Processing file /home/airflow/.local/lib/python3.6/site-packages/airflow/example_dags/example_xcom.py for tasks to queue
[2021-05-01 04:46:36,487] {logging_mixin.py:104} INFO - [2021-05-01 04:46:36,487] {dagbag.py:451} INFO - Filling up the DagBag from /home/airflow/.local/lib/python3.6/site-packages/airflow/example_dags/example_xcom.py
[2021-05-01 04:46:36,497] {scheduler_job.py:639} INFO - DAG(s) dict_keys(['example_xcom']) retrieved from /home/airflow/.local/lib/python3.6/site-packages/airflow/example_dags/example_xcom.py
[2021-05-01 04:46:36,518] {logging_mixin.py:104} INFO - [2021-05-01 04:46:36,518] {dag.py:1824} INFO - Sync 1 DAGs
[2021-05-01 04:46:36,538] {logging_mixin.py:104} INFO - [2021-05-01 04:46:36,537] {dag.py:2280} INFO - Setting next_dagrun for example_xcom to 2021-04-29 00:00:00+00:00
[2021-05-01 04:46:36,566] {scheduler_job.py:190} INFO - Processing /home/airflow/.local/lib/python3.6/site-packages/airflow/example_dags/example_xcom.py took 0.084 seconds
[2021-05-01 04:47:07,200] {scheduler_job.py:182} INFO - Started process (PID=240) to work on /home/airflow/.local/lib/python3.6/site-packages/airflow/example_dags/example_xcom.py
[2021-05-01 04:47:07,201] {scheduler_job.py:629} INFO - Processing file /home/airflow/.local/lib/python3.6/site-packages/airflow/example_dags/example_xcom.py for tasks to queue
[2021-05-01 04:47:07,201] {logging_mixin.py:104} INFO - [2021-05-01 04:47:07,201] {dagbag.py:451} INFO - Filling up the DagBag from /home/airflow/.local/lib/python3.6/site-packages/airflow/example_dags/example_xcom.py
[2021-05-01 04:47:07,211] {scheduler_job.py:639} INFO - DAG(s) dict_keys(['example_xcom']) retrieved from /home/airflow/.local/lib/python3.6/site-packages/airflow/example_dags/example_xcom.py
[2021-05-01 04:47:07,234] {logging_mixin.py:104} INFO - [2021-05-01 04:47:07,234] {dag.py:1824} INFO - Sync 1 DAGs
[2021-05-01 04:47:07,249] {logging_mixin.py:104} INFO - [2021-05-01 04:47:07,249] {dag.py:2280} INFO - Setting next_dagrun for example_xcom to 2021-04-29 00:00:00+00:00
[2021-05-01 04:47:07,270] {scheduler_job.py:190} INFO - Processing /home/airflow/.local/lib/python3.6/site-packages/airflow/example_dags/example_xcom.py took 0.074 seconds
[2021-05-01 04:47:37,921] {scheduler_job.py:182} INFO - Started process (PID=273) to work on /home/airflow/.local/lib/python3.6/site-packages/airflow/example_dags/example_xcom.py
[2021-05-01 04:47:37,922] {scheduler_job.py:629} INFO - Processing file /home/airflow/.local/lib/python3.6/site-packages/airflow/example_dags/example_xcom.py for tasks to queue
[2021-05-01 04:47:37,923] {logging_mixin.py:104} INFO - [2021-05-01 04:47:37,923] {dagbag.py:451} INFO - Filling up the DagBag from /home/airflow/.local/lib/python3.6/site-packages/airflow/example_dags/example_xcom.py
[2021-05-01 04:47:37,936] {scheduler_job.py:639} INFO - DAG(s) dict_keys(['example_xcom']) retrieved from /home/airflow/.local/lib/python3.6/site-packages/airflow/example_dags/example_xcom.py
[2021-05-01 04:47:37,959] {logging_mixin.py:104} INFO - [2021-05-01 04:47:37,959] {dag.py:1824} INFO - Sync 1 DAGs
[2021-05-01 04:47:37,979] {logging_mixin.py:104} INFO - [2021-05-01 04:47:37,979] {dag.py:2280} INFO - Setting next_dagrun for example_xcom to 2021-04-29 00:00:00+00:00
[2021-05-01 04:47:37,993] {scheduler_job.py:190} INFO - Processing /home/airflow/.local/lib/python3.6/site-packages/airflow/example_dags/example_xcom.py took 0.075 seconds
[2021-05-01 04:48:09,924] {scheduler_job.py:182} INFO - Started process (PID=306) to work on /home/airflow/.local/lib/python3.6/site-packages/airflow/example_dags/example_xcom.py
[2021-05-01 04:48:09,926] {scheduler_job.py:629} INFO - Processing file /home/airflow/.local/lib/python3.6/site-packages/airflow/example_dags/example_xcom.py for tasks to queue
[2021-05-01 04:48:09,927] {logging_mixin.py:104} INFO - [2021-05-01 04:48:09,927] {dagbag.py:451} INFO - Filling up the DagBag from /home/airflow/.local/lib/python3.6/site-packages/airflow/example_dags/example_xcom.py
[2021-05-01 04:48:09,984] {scheduler_job.py:639} INFO - DAG(s) dict_keys(['example_xcom']) retrieved from /home/airflow/.local/lib/python3.6/site-packages/airflow/example_dags/example_xcom.py
[2021-05-01 04:48:10,077] {logging_mixin.py:104} INFO - [2021-05-01 04:48:10,076] {dag.py:1824} INFO - Sync 1 DAGs
[2021-05-01 04:48:10,153] {logging_mixin.py:104} INFO - [2021-05-01 04:48:10,152] {dag.py:2280} INFO - Setting next_dagrun for example_xcom to 2021-04-29 00:00:00+00:00
[2021-05-01 04:48:10,195] {scheduler_job.py:190} INFO - Processing /home/airflow/.local/lib/python3.6/site-packages/airflow/example_dags/example_xcom.py took 0.284 seconds
[2021-05-01 04:48:40,507] {scheduler_job.py:182} INFO - Started process (PID=338) to work on /home/airflow/.local/lib/python3.6/site-packages/airflow/example_dags/example_xcom.py
[2021-05-01 04:48:40,508] {scheduler_job.py:629} INFO - Processing file /home/airflow/.local/lib/python3.6/site-packages/airflow/example_dags/example_xcom.py for tasks to queue
[2021-05-01 04:48:40,508] {logging_mixin.py:104} INFO - [2021-05-01 04:48:40,508] {dagbag.py:451} INFO - Filling up the DagBag from /home/airflow/.local/lib/python3.6/site-packages/airflow/example_dags/example_xcom.py
[2021-05-01 04:48:40,523] {scheduler_job.py:639} INFO - DAG(s) dict_keys(['example_xcom']) retrieved from /home/airflow/.local/lib/python3.6/site-packages/airflow/example_dags/example_xcom.py
[2021-05-01 04:48:40,548] {logging_mixin.py:104} INFO - [2021-05-01 04:48:40,548] {dag.py:1824} INFO - Sync 1 DAGs
[2021-05-01 04:48:40,566] {logging_mixin.py:104} INFO - [2021-05-01 04:48:40,565] {dag.py:2280} INFO - Setting next_dagrun for example_xcom to 2021-04-29 00:00:00+00:00
[2021-05-01 04:48:40,587] {scheduler_job.py:190} INFO - Processing /home/airflow/.local/lib/python3.6/site-packages/airflow/example_dags/example_xcom.py took 0.084 seconds
[2021-05-01 04:49:11,432] {scheduler_job.py:182} INFO - Started process (PID=372) to work on /home/airflow/.local/lib/python3.6/site-packages/airflow/example_dags/example_xcom.py
[2021-05-01 04:49:11,433] {scheduler_job.py:629} INFO - Processing file /home/airflow/.local/lib/python3.6/site-packages/airflow/example_dags/example_xcom.py for tasks to queue
[2021-05-01 04:49:11,436] {logging_mixin.py:104} INFO - [2021-05-01 04:49:11,435] {dagbag.py:451} INFO - Filling up the DagBag from /home/airflow/.local/lib/python3.6/site-packages/airflow/example_dags/example_xcom.py
[2021-05-01 04:49:11,449] {scheduler_job.py:639} INFO - DAG(s) dict_keys(['example_xcom']) retrieved from /home/airflow/.local/lib/python3.6/site-packages/airflow/example_dags/example_xcom.py
[2021-05-01 04:49:11,478] {logging_mixin.py:104} INFO - [2021-05-01 04:49:11,477] {dag.py:1824} INFO - Sync 1 DAGs
[2021-05-01 04:49:11,492] {logging_mixin.py:104} INFO - [2021-05-01 04:49:11,492] {dag.py:2280} INFO - Setting next_dagrun for example_xcom to 2021-04-29 00:00:00+00:00
[2021-05-01 04:49:11,505] {scheduler_job.py:190} INFO - Processing /home/airflow/.local/lib/python3.6/site-packages/airflow/example_dags/example_xcom.py took 0.076 seconds
[2021-05-01 04:49:42,479] {scheduler_job.py:182} INFO - Started process (PID=405) to work on /home/airflow/.local/lib/python3.6/site-packages/airflow/example_dags/example_xcom.py
[2021-05-01 04:49:42,481] {scheduler_job.py:629} INFO - Processing file /home/airflow/.local/lib/python3.6/site-packages/airflow/example_dags/example_xcom.py for tasks to queue
[2021-05-01 04:49:42,484] {logging_mixin.py:104} INFO - [2021-05-01 04:49:42,483] {dagbag.py:451} INFO - Filling up the DagBag from /home/airflow/.local/lib/python3.6/site-packages/airflow/example_dags/example_xcom.py
[2021-05-01 04:49:42,497] {scheduler_job.py:639} INFO - DAG(s) dict_keys(['example_xcom']) retrieved from /home/airflow/.local/lib/python3.6/site-packages/airflow/example_dags/example_xcom.py
[2021-05-01 04:49:42,528] {logging_mixin.py:104} INFO - [2021-05-01 04:49:42,527] {dag.py:1824} INFO - Sync 1 DAGs
[2021-05-01 04:49:42,549] {logging_mixin.py:104} INFO - [2021-05-01 04:49:42,549] {dag.py:2280} INFO - Setting next_dagrun for example_xcom to 2021-04-29 00:00:00+00:00
[2021-05-01 04:49:42,571] {scheduler_job.py:190} INFO - Processing /home/airflow/.local/lib/python3.6/site-packages/airflow/example_dags/example_xcom.py took 0.095 seconds
[2021-05-01 04:50:12,730] {scheduler_job.py:182} INFO - Started process (PID=439) to work on /home/airflow/.local/lib/python3.6/site-packages/airflow/example_dags/example_xcom.py
[2021-05-01 04:50:12,731] {scheduler_job.py:629} INFO - Processing file /home/airflow/.local/lib/python3.6/site-packages/airflow/example_dags/example_xcom.py for tasks to queue
[2021-05-01 04:50:12,732] {logging_mixin.py:104} INFO - [2021-05-01 04:50:12,732] {dagbag.py:451} INFO - Filling up the DagBag from /home/airflow/.local/lib/python3.6/site-packages/airflow/example_dags/example_xcom.py
[2021-05-01 04:50:12,750] {scheduler_job.py:639} INFO - DAG(s) dict_keys(['example_xcom']) retrieved from /home/airflow/.local/lib/python3.6/site-packages/airflow/example_dags/example_xcom.py
[2021-05-01 04:50:12,776] {logging_mixin.py:104} INFO - [2021-05-01 04:50:12,776] {dag.py:1824} INFO - Sync 1 DAGs
[2021-05-01 04:50:12,790] {logging_mixin.py:104} INFO - [2021-05-01 04:50:12,790] {dag.py:2280} INFO - Setting next_dagrun for example_xcom to 2021-04-29 00:00:00+00:00
[2021-05-01 04:50:12,803] {scheduler_job.py:190} INFO - Processing /home/airflow/.local/lib/python3.6/site-packages/airflow/example_dags/example_xcom.py took 0.078 seconds
[2021-05-01 04:50:43,275] {scheduler_job.py:182} INFO - Started process (PID=471) to work on /home/airflow/.local/lib/python3.6/site-packages/airflow/example_dags/example_xcom.py
[2021-05-01 04:50:43,277] {scheduler_job.py:629} INFO - Processing file /home/airflow/.local/lib/python3.6/site-packages/airflow/example_dags/example_xcom.py for tasks to queue
[2021-05-01 04:50:43,278] {logging_mixin.py:104} INFO - [2021-05-01 04:50:43,278] {dagbag.py:451} INFO - Filling up the DagBag from /home/airflow/.local/lib/python3.6/site-packages/airflow/example_dags/example_xcom.py
[2021-05-01 04:50:43,292] {scheduler_job.py:639} INFO - DAG(s) dict_keys(['example_xcom']) retrieved from /home/airflow/.local/lib/python3.6/site-packages/airflow/example_dags/example_xcom.py
[2021-05-01 04:50:43,313] {logging_mixin.py:104} INFO - [2021-05-01 04:50:43,313] {dag.py:1824} INFO - Sync 1 DAGs
[2021-05-01 04:50:43,328] {logging_mixin.py:104} INFO - [2021-05-01 04:50:43,328] {dag.py:2280} INFO - Setting next_dagrun for example_xcom to 2021-04-29 00:00:00+00:00
[2021-05-01 04:50:43,340] {scheduler_job.py:190} INFO - Processing /home/airflow/.local/lib/python3.6/site-packages/airflow/example_dags/example_xcom.py took 0.069 seconds
[2021-05-01 04:51:14,066] {scheduler_job.py:182} INFO - Started process (PID=504) to work on /home/airflow/.local/lib/python3.6/site-packages/airflow/example_dags/example_xcom.py
[2021-05-01 04:51:14,068] {scheduler_job.py:629} INFO - Processing file /home/airflow/.local/lib/python3.6/site-packages/airflow/example_dags/example_xcom.py for tasks to queue
[2021-05-01 04:51:14,069] {logging_mixin.py:104} INFO - [2021-05-01 04:51:14,069] {dagbag.py:451} INFO - Filling up the DagBag from /home/airflow/.local/lib/python3.6/site-packages/airflow/example_dags/example_xcom.py
[2021-05-01 04:51:14,083] {scheduler_job.py:639} INFO - DAG(s) dict_keys(['example_xcom']) retrieved from /home/airflow/.local/lib/python3.6/site-packages/airflow/example_dags/example_xcom.py
[2021-05-01 04:51:14,108] {logging_mixin.py:104} INFO - [2021-05-01 04:51:14,108] {dag.py:1824} INFO - Sync 1 DAGs
[2021-05-01 04:51:14,126] {logging_mixin.py:104} INFO - [2021-05-01 04:51:14,126] {dag.py:2280} INFO - Setting next_dagrun for example_xcom to 2021-04-29 00:00:00+00:00
[2021-05-01 04:51:14,138] {scheduler_job.py:190} INFO - Processing /home/airflow/.local/lib/python3.6/site-packages/airflow/example_dags/example_xcom.py took 0.077 seconds
[2021-05-01 04:51:44,920] {scheduler_job.py:182} INFO - Started process (PID=537) to work on /home/airflow/.local/lib/python3.6/site-packages/airflow/example_dags/example_xcom.py
[2021-05-01 04:51:44,921] {scheduler_job.py:629} INFO - Processing file /home/airflow/.local/lib/python3.6/site-packages/airflow/example_dags/example_xcom.py for tasks to queue
[2021-05-01 04:51:44,921] {logging_mixin.py:104} INFO - [2021-05-01 04:51:44,921] {dagbag.py:451} INFO - Filling up the DagBag from /home/airflow/.local/lib/python3.6/site-packages/airflow/example_dags/example_xcom.py
[2021-05-01 04:51:44,934] {scheduler_job.py:639} INFO - DAG(s) dict_keys(['example_xcom']) retrieved from /home/airflow/.local/lib/python3.6/site-packages/airflow/example_dags/example_xcom.py
[2021-05-01 04:51:44,959] {logging_mixin.py:104} INFO - [2021-05-01 04:51:44,959] {dag.py:1824} INFO - Sync 1 DAGs
[2021-05-01 04:51:44,974] {logging_mixin.py:104} INFO - [2021-05-01 04:51:44,974] {dag.py:2280} INFO - Setting next_dagrun for example_xcom to 2021-04-29 00:00:00+00:00
[2021-05-01 04:51:44,988] {scheduler_job.py:190} INFO - Processing /home/airflow/.local/lib/python3.6/site-packages/airflow/example_dags/example_xcom.py took 0.072 seconds
[2021-05-01 04:52:15,800] {scheduler_job.py:182} INFO - Started process (PID=570) to work on /home/airflow/.local/lib/python3.6/site-packages/airflow/example_dags/example_xcom.py
[2021-05-01 04:52:15,802] {scheduler_job.py:629} INFO - Processing file /home/airflow/.local/lib/python3.6/site-packages/airflow/example_dags/example_xcom.py for tasks to queue
[2021-05-01 04:52:15,804] {logging_mixin.py:104} INFO - [2021-05-01 04:52:15,803] {dagbag.py:451} INFO - Filling up the DagBag from /home/airflow/.local/lib/python3.6/site-packages/airflow/example_dags/example_xcom.py
[2021-05-01 04:52:15,855] {scheduler_job.py:639} INFO - DAG(s) dict_keys(['example_xcom']) retrieved from /home/airflow/.local/lib/python3.6/site-packages/airflow/example_dags/example_xcom.py
[2021-05-01 04:52:15,923] {logging_mixin.py:104} INFO - [2021-05-01 04:52:15,922] {dag.py:1824} INFO - Sync 1 DAGs
[2021-05-01 04:52:15,971] {logging_mixin.py:104} INFO - [2021-05-01 04:52:15,971] {dag.py:2280} INFO - Setting next_dagrun for example_xcom to 2021-04-29 00:00:00+00:00
[2021-05-01 04:52:15,987] {scheduler_job.py:190} INFO - Processing /home/airflow/.local/lib/python3.6/site-packages/airflow/example_dags/example_xcom.py took 0.201 seconds
[2021-05-01 04:52:46,250] {scheduler_job.py:182} INFO - Started process (PID=603) to work on /home/airflow/.local/lib/python3.6/site-packages/airflow/example_dags/example_xcom.py
[2021-05-01 04:52:46,251] {scheduler_job.py:629} INFO - Processing file /home/airflow/.local/lib/python3.6/site-packages/airflow/example_dags/example_xcom.py for tasks to queue
[2021-05-01 04:52:46,252] {logging_mixin.py:104} INFO - [2021-05-01 04:52:46,252] {dagbag.py:451} INFO - Filling up the DagBag from /home/airflow/.local/lib/python3.6/site-packages/airflow/example_dags/example_xcom.py
[2021-05-01 04:52:46,266] {scheduler_job.py:639} INFO - DAG(s) dict_keys(['example_xcom']) retrieved from /home/airflow/.local/lib/python3.6/site-packages/airflow/example_dags/example_xcom.py
[2021-05-01 04:52:46,291] {logging_mixin.py:104} INFO - [2021-05-01 04:52:46,291] {dag.py:1824} INFO - Sync 1 DAGs
[2021-05-01 04:52:46,307] {logging_mixin.py:104} INFO - [2021-05-01 04:52:46,307] {dag.py:2280} INFO - Setting next_dagrun for example_xcom to 2021-04-29 00:00:00+00:00
[2021-05-01 04:52:46,319] {scheduler_job.py:190} INFO - Processing /home/airflow/.local/lib/python3.6/site-packages/airflow/example_dags/example_xcom.py took 0.074 seconds
[2021-05-01 04:53:17,073] {scheduler_job.py:182} INFO - Started process (PID=636) to work on /home/airflow/.local/lib/python3.6/site-packages/airflow/example_dags/example_xcom.py
[2021-05-01 04:53:17,074] {scheduler_job.py:629} INFO - Processing file /home/airflow/.local/lib/python3.6/site-packages/airflow/example_dags/example_xcom.py for tasks to queue
[2021-05-01 04:53:17,075] {logging_mixin.py:104} INFO - [2021-05-01 04:53:17,075] {dagbag.py:451} INFO - Filling up the DagBag from /home/airflow/.local/lib/python3.6/site-packages/airflow/example_dags/example_xcom.py
[2021-05-01 04:53:17,091] {scheduler_job.py:639} INFO - DAG(s) dict_keys(['example_xcom']) retrieved from /home/airflow/.local/lib/python3.6/site-packages/airflow/example_dags/example_xcom.py
[2021-05-01 04:53:17,114] {logging_mixin.py:104} INFO - [2021-05-01 04:53:17,114] {dag.py:1824} INFO - Sync 1 DAGs
[2021-05-01 04:53:17,131] {logging_mixin.py:104} INFO - [2021-05-01 04:53:17,131] {dag.py:2280} INFO - Setting next_dagrun for example_xcom to 2021-04-29 00:00:00+00:00
[2021-05-01 04:53:17,144] {scheduler_job.py:190} INFO - Processing /home/airflow/.local/lib/python3.6/site-packages/airflow/example_dags/example_xcom.py took 0.075 seconds
[2021-05-01 04:53:47,762] {scheduler_job.py:182} INFO - Started process (PID=669) to work on /home/airflow/.local/lib/python3.6/site-packages/airflow/example_dags/example_xcom.py
[2021-05-01 04:53:47,763] {scheduler_job.py:629} INFO - Processing file /home/airflow/.local/lib/python3.6/site-packages/airflow/example_dags/example_xcom.py for tasks to queue
[2021-05-01 04:53:47,764] {logging_mixin.py:104} INFO - [2021-05-01 04:53:47,764] {dagbag.py:451} INFO - Filling up the DagBag from /home/airflow/.local/lib/python3.6/site-packages/airflow/example_dags/example_xcom.py
[2021-05-01 04:53:47,778] {scheduler_job.py:639} INFO - DAG(s) dict_keys(['example_xcom']) retrieved from /home/airflow/.local/lib/python3.6/site-packages/airflow/example_dags/example_xcom.py
[2021-05-01 04:53:47,803] {logging_mixin.py:104} INFO - [2021-05-01 04:53:47,803] {dag.py:1824} INFO - Sync 1 DAGs
[2021-05-01 04:53:47,822] {logging_mixin.py:104} INFO - [2021-05-01 04:53:47,822] {dag.py:2280} INFO - Setting next_dagrun for example_xcom to 2021-04-29 00:00:00+00:00
[2021-05-01 04:53:47,833] {scheduler_job.py:190} INFO - Processing /home/airflow/.local/lib/python3.6/site-packages/airflow/example_dags/example_xcom.py took 0.075 seconds
[2021-05-01 04:54:18,528] {scheduler_job.py:182} INFO - Started process (PID=702) to work on /home/airflow/.local/lib/python3.6/site-packages/airflow/example_dags/example_xcom.py
[2021-05-01 04:54:18,529] {scheduler_job.py:629} INFO - Processing file /home/airflow/.local/lib/python3.6/site-packages/airflow/example_dags/example_xcom.py for tasks to queue
[2021-05-01 04:54:18,530] {logging_mixin.py:104} INFO - [2021-05-01 04:54:18,530] {dagbag.py:451} INFO - Filling up the DagBag from /home/airflow/.local/lib/python3.6/site-packages/airflow/example_dags/example_xcom.py
[2021-05-01 04:54:18,551] {scheduler_job.py:639} INFO - DAG(s) dict_keys(['example_xcom']) retrieved from /home/airflow/.local/lib/python3.6/site-packages/airflow/example_dags/example_xcom.py
[2021-05-01 04:54:18,577] {logging_mixin.py:104} INFO - [2021-05-01 04:54:18,576] {dag.py:1824} INFO - Sync 1 DAGs
[2021-05-01 04:54:18,595] {logging_mixin.py:104} INFO - [2021-05-01 04:54:18,594] {dag.py:2280} INFO - Setting next_dagrun for example_xcom to 2021-04-29 00:00:00+00:00
[2021-05-01 04:54:18,610] {scheduler_job.py:190} INFO - Processing /home/airflow/.local/lib/python3.6/site-packages/airflow/example_dags/example_xcom.py took 0.087 seconds
[2021-05-01 04:54:49,317] {scheduler_job.py:182} INFO - Started process (PID=735) to work on /home/airflow/.local/lib/python3.6/site-packages/airflow/example_dags/example_xcom.py
[2021-05-01 04:54:49,318] {scheduler_job.py:629} INFO - Processing file /home/airflow/.local/lib/python3.6/site-packages/airflow/example_dags/example_xcom.py for tasks to queue
[2021-05-01 04:54:49,319] {logging_mixin.py:104} INFO - [2021-05-01 04:54:49,318] {dagbag.py:451} INFO - Filling up the DagBag from /home/airflow/.local/lib/python3.6/site-packages/airflow/example_dags/example_xcom.py
[2021-05-01 04:54:49,333] {scheduler_job.py:639} INFO - DAG(s) dict_keys(['example_xcom']) retrieved from /home/airflow/.local/lib/python3.6/site-packages/airflow/example_dags/example_xcom.py
[2021-05-01 04:54:49,358] {logging_mixin.py:104} INFO - [2021-05-01 04:54:49,357] {dag.py:1824} INFO - Sync 1 DAGs
[2021-05-01 04:54:49,382] {logging_mixin.py:104} INFO - [2021-05-01 04:54:49,382] {dag.py:2280} INFO - Setting next_dagrun for example_xcom to 2021-04-29 00:00:00+00:00
[2021-05-01 04:54:49,398] {scheduler_job.py:190} INFO - Processing /home/airflow/.local/lib/python3.6/site-packages/airflow/example_dags/example_xcom.py took 0.085 seconds
[2021-05-01 04:55:19,995] {scheduler_job.py:182} INFO - Started process (PID=768) to work on /home/airflow/.local/lib/python3.6/site-packages/airflow/example_dags/example_xcom.py
[2021-05-01 04:55:19,997] {scheduler_job.py:629} INFO - Processing file /home/airflow/.local/lib/python3.6/site-packages/airflow/example_dags/example_xcom.py for tasks to queue
[2021-05-01 04:55:19,998] {logging_mixin.py:104} INFO - [2021-05-01 04:55:19,997] {dagbag.py:451} INFO - Filling up the DagBag from /home/airflow/.local/lib/python3.6/site-packages/airflow/example_dags/example_xcom.py
[2021-05-01 04:55:20,013] {scheduler_job.py:639} INFO - DAG(s) dict_keys(['example_xcom']) retrieved from /home/airflow/.local/lib/python3.6/site-packages/airflow/example_dags/example_xcom.py
[2021-05-01 04:55:20,037] {logging_mixin.py:104} INFO - [2021-05-01 04:55:20,036] {dag.py:1824} INFO - Sync 1 DAGs
[2021-05-01 04:55:20,054] {logging_mixin.py:104} INFO - [2021-05-01 04:55:20,054] {dag.py:2280} INFO - Setting next_dagrun for example_xcom to 2021-04-29 00:00:00+00:00
[2021-05-01 04:55:20,065] {scheduler_job.py:190} INFO - Processing /home/airflow/.local/lib/python3.6/site-packages/airflow/example_dags/example_xcom.py took 0.074 seconds
[2021-05-01 04:55:50,772] {scheduler_job.py:182} INFO - Started process (PID=801) to work on /home/airflow/.local/lib/python3.6/site-packages/airflow/example_dags/example_xcom.py
[2021-05-01 04:55:50,773] {scheduler_job.py:629} INFO - Processing file /home/airflow/.local/lib/python3.6/site-packages/airflow/example_dags/example_xcom.py for tasks to queue
[2021-05-01 04:55:50,773] {logging_mixin.py:104} INFO - [2021-05-01 04:55:50,773] {dagbag.py:451} INFO - Filling up the DagBag from /home/airflow/.local/lib/python3.6/site-packages/airflow/example_dags/example_xcom.py
[2021-05-01 04:55:50,786] {scheduler_job.py:639} INFO - DAG(s) dict_keys(['example_xcom']) retrieved from /home/airflow/.local/lib/python3.6/site-packages/airflow/example_dags/example_xcom.py
[2021-05-01 04:55:50,813] {logging_mixin.py:104} INFO - [2021-05-01 04:55:50,812] {dag.py:1824} INFO - Sync 1 DAGs
[2021-05-01 04:55:50,833] {logging_mixin.py:104} INFO - [2021-05-01 04:55:50,833] {dag.py:2280} INFO - Setting next_dagrun for example_xcom to 2021-04-29 00:00:00+00:00
[2021-05-01 04:55:50,853] {scheduler_job.py:190} INFO - Processing /home/airflow/.local/lib/python3.6/site-packages/airflow/example_dags/example_xcom.py took 0.084 seconds
[2021-05-01 04:56:21,552] {scheduler_job.py:182} INFO - Started process (PID=834) to work on /home/airflow/.local/lib/python3.6/site-packages/airflow/example_dags/example_xcom.py
[2021-05-01 04:56:21,554] {scheduler_job.py:629} INFO - Processing file /home/airflow/.local/lib/python3.6/site-packages/airflow/example_dags/example_xcom.py for tasks to queue
[2021-05-01 04:56:21,555] {logging_mixin.py:104} INFO - [2021-05-01 04:56:21,555] {dagbag.py:451} INFO - Filling up the DagBag from /home/airflow/.local/lib/python3.6/site-packages/airflow/example_dags/example_xcom.py
[2021-05-01 04:56:21,569] {scheduler_job.py:639} INFO - DAG(s) dict_keys(['example_xcom']) retrieved from /home/airflow/.local/lib/python3.6/site-packages/airflow/example_dags/example_xcom.py
[2021-05-01 04:56:21,599] {logging_mixin.py:104} INFO - [2021-05-01 04:56:21,599] {dag.py:1824} INFO - Sync 1 DAGs
[2021-05-01 04:56:21,619] {logging_mixin.py:104} INFO - [2021-05-01 04:56:21,618] {dag.py:2280} INFO - Setting next_dagrun for example_xcom to 2021-04-29 00:00:00+00:00
[2021-05-01 04:56:21,632] {scheduler_job.py:190} INFO - Processing /home/airflow/.local/lib/python3.6/site-packages/airflow/example_dags/example_xcom.py took 0.083 seconds
[2021-05-01 04:56:52,352] {scheduler_job.py:182} INFO - Started process (PID=867) to work on /home/airflow/.local/lib/python3.6/site-packages/airflow/example_dags/example_xcom.py
[2021-05-01 04:56:52,353] {scheduler_job.py:629} INFO - Processing file /home/airflow/.local/lib/python3.6/site-packages/airflow/example_dags/example_xcom.py for tasks to queue
[2021-05-01 04:56:52,354] {logging_mixin.py:104} INFO - [2021-05-01 04:56:52,354] {dagbag.py:451} INFO - Filling up the DagBag from /home/airflow/.local/lib/python3.6/site-packages/airflow/example_dags/example_xcom.py
[2021-05-01 04:56:52,368] {scheduler_job.py:639} INFO - DAG(s) dict_keys(['example_xcom']) retrieved from /home/airflow/.local/lib/python3.6/site-packages/airflow/example_dags/example_xcom.py
[2021-05-01 04:56:52,397] {logging_mixin.py:104} INFO - [2021-05-01 04:56:52,397] {dag.py:1824} INFO - Sync 1 DAGs
[2021-05-01 04:56:52,420] {logging_mixin.py:104} INFO - [2021-05-01 04:56:52,420] {dag.py:2280} INFO - Setting next_dagrun for example_xcom to 2021-04-29 00:00:00+00:00
[2021-05-01 04:56:52,433] {scheduler_job.py:190} INFO - Processing /home/airflow/.local/lib/python3.6/site-packages/airflow/example_dags/example_xcom.py took 0.085 seconds
[2021-05-01 04:57:23,004] {scheduler_job.py:182} INFO - Started process (PID=900) to work on /home/airflow/.local/lib/python3.6/site-packages/airflow/example_dags/example_xcom.py
[2021-05-01 04:57:23,006] {scheduler_job.py:629} INFO - Processing file /home/airflow/.local/lib/python3.6/site-packages/airflow/example_dags/example_xcom.py for tasks to queue
[2021-05-01 04:57:23,007] {logging_mixin.py:104} INFO - [2021-05-01 04:57:23,007] {dagbag.py:451} INFO - Filling up the DagBag from /home/airflow/.local/lib/python3.6/site-packages/airflow/example_dags/example_xcom.py
[2021-05-01 04:57:23,024] {scheduler_job.py:639} INFO - DAG(s) dict_keys(['example_xcom']) retrieved from /home/airflow/.local/lib/python3.6/site-packages/airflow/example_dags/example_xcom.py
[2021-05-01 04:57:23,057] {logging_mixin.py:104} INFO - [2021-05-01 04:57:23,057] {dag.py:1824} INFO - Sync 1 DAGs
[2021-05-01 04:57:23,081] {logging_mixin.py:104} INFO - [2021-05-01 04:57:23,081] {dag.py:2280} INFO - Setting next_dagrun for example_xcom to 2021-04-29 00:00:00+00:00
[2021-05-01 04:57:23,093] {scheduler_job.py:190} INFO - Processing /home/airflow/.local/lib/python3.6/site-packages/airflow/example_dags/example_xcom.py took 0.093 seconds
[2021-05-01 04:57:53,997] {scheduler_job.py:182} INFO - Started process (PID=933) to work on /home/airflow/.local/lib/python3.6/site-packages/airflow/example_dags/example_xcom.py
[2021-05-01 04:57:53,999] {scheduler_job.py:629} INFO - Processing file /home/airflow/.local/lib/python3.6/site-packages/airflow/example_dags/example_xcom.py for tasks to queue
[2021-05-01 04:57:54,000] {logging_mixin.py:104} INFO - [2021-05-01 04:57:54,000] {dagbag.py:451} INFO - Filling up the DagBag from /home/airflow/.local/lib/python3.6/site-packages/airflow/example_dags/example_xcom.py
[2021-05-01 04:57:54,023] {scheduler_job.py:639} INFO - DAG(s) dict_keys(['example_xcom']) retrieved from /home/airflow/.local/lib/python3.6/site-packages/airflow/example_dags/example_xcom.py
[2021-05-01 04:57:54,078] {logging_mixin.py:104} INFO - [2021-05-01 04:57:54,077] {dag.py:1824} INFO - Sync 1 DAGs
[2021-05-01 04:57:54,118] {logging_mixin.py:104} INFO - [2021-05-01 04:57:54,117] {dag.py:2280} INFO - Setting next_dagrun for example_xcom to 2021-04-29 00:00:00+00:00
[2021-05-01 04:57:54,136] {scheduler_job.py:190} INFO - Processing /home/airflow/.local/lib/python3.6/site-packages/airflow/example_dags/example_xcom.py took 0.152 seconds
[2021-05-01 04:58:24,171] {scheduler_job.py:182} INFO - Started process (PID=965) to work on /home/airflow/.local/lib/python3.6/site-packages/airflow/example_dags/example_xcom.py
[2021-05-01 04:58:24,172] {scheduler_job.py:629} INFO - Processing file /home/airflow/.local/lib/python3.6/site-packages/airflow/example_dags/example_xcom.py for tasks to queue
[2021-05-01 04:58:24,174] {logging_mixin.py:104} INFO - [2021-05-01 04:58:24,173] {dagbag.py:451} INFO - Filling up the DagBag from /home/airflow/.local/lib/python3.6/site-packages/airflow/example_dags/example_xcom.py
[2021-05-01 04:58:24,192] {scheduler_job.py:639} INFO - DAG(s) dict_keys(['example_xcom']) retrieved from /home/airflow/.local/lib/python3.6/site-packages/airflow/example_dags/example_xcom.py
[2021-05-01 04:58:24,222] {logging_mixin.py:104} INFO - [2021-05-01 04:58:24,221] {dag.py:1824} INFO - Sync 1 DAGs
[2021-05-01 04:58:24,246] {logging_mixin.py:104} INFO - [2021-05-01 04:58:24,246] {dag.py:2280} INFO - Setting next_dagrun for example_xcom to 2021-04-29 00:00:00+00:00
[2021-05-01 04:58:24,260] {scheduler_job.py:190} INFO - Processing /home/airflow/.local/lib/python3.6/site-packages/airflow/example_dags/example_xcom.py took 0.095 seconds
[2021-05-01 04:58:54,342] {scheduler_job.py:182} INFO - Started process (PID=998) to work on /home/airflow/.local/lib/python3.6/site-packages/airflow/example_dags/example_xcom.py
[2021-05-01 04:58:54,343] {scheduler_job.py:629} INFO - Processing file /home/airflow/.local/lib/python3.6/site-packages/airflow/example_dags/example_xcom.py for tasks to queue
[2021-05-01 04:58:54,343] {logging_mixin.py:104} INFO - [2021-05-01 04:58:54,343] {dagbag.py:451} INFO - Filling up the DagBag from /home/airflow/.local/lib/python3.6/site-packages/airflow/example_dags/example_xcom.py
[2021-05-01 04:58:54,356] {scheduler_job.py:639} INFO - DAG(s) dict_keys(['example_xcom']) retrieved from /home/airflow/.local/lib/python3.6/site-packages/airflow/example_dags/example_xcom.py
[2021-05-01 04:58:54,379] {logging_mixin.py:104} INFO - [2021-05-01 04:58:54,379] {dag.py:1824} INFO - Sync 1 DAGs
[2021-05-01 04:58:54,394] {logging_mixin.py:104} INFO - [2021-05-01 04:58:54,394] {dag.py:2280} INFO - Setting next_dagrun for example_xcom to 2021-04-29 00:00:00+00:00
[2021-05-01 04:58:54,409] {scheduler_job.py:190} INFO - Processing /home/airflow/.local/lib/python3.6/site-packages/airflow/example_dags/example_xcom.py took 0.072 seconds
[2021-05-01 04:59:24,527] {scheduler_job.py:182} INFO - Started process (PID=1031) to work on /home/airflow/.local/lib/python3.6/site-packages/airflow/example_dags/example_xcom.py
[2021-05-01 04:59:24,528] {scheduler_job.py:629} INFO - Processing file /home/airflow/.local/lib/python3.6/site-packages/airflow/example_dags/example_xcom.py for tasks to queue
[2021-05-01 04:59:24,529] {logging_mixin.py:104} INFO - [2021-05-01 04:59:24,529] {dagbag.py:451} INFO - Filling up the DagBag from /home/airflow/.local/lib/python3.6/site-packages/airflow/example_dags/example_xcom.py
[2021-05-01 04:59:24,543] {scheduler_job.py:639} INFO - DAG(s) dict_keys(['example_xcom']) retrieved from /home/airflow/.local/lib/python3.6/site-packages/airflow/example_dags/example_xcom.py
[2021-05-01 04:59:24,565] {logging_mixin.py:104} INFO - [2021-05-01 04:59:24,565] {dag.py:1824} INFO - Sync 1 DAGs
[2021-05-01 04:59:24,582] {logging_mixin.py:104} INFO - [2021-05-01 04:59:24,582] {dag.py:2280} INFO - Setting next_dagrun for example_xcom to 2021-04-29 00:00:00+00:00
[2021-05-01 04:59:24,598] {scheduler_job.py:190} INFO - Processing /home/airflow/.local/lib/python3.6/site-packages/airflow/example_dags/example_xcom.py took 0.075 seconds
[2021-05-01 04:59:54,758] {scheduler_job.py:182} INFO - Started process (PID=1065) to work on /home/airflow/.local/lib/python3.6/site-packages/airflow/example_dags/example_xcom.py
[2021-05-01 04:59:54,760] {scheduler_job.py:629} INFO - Processing file /home/airflow/.local/lib/python3.6/site-packages/airflow/example_dags/example_xcom.py for tasks to queue
[2021-05-01 04:59:54,761] {logging_mixin.py:104} INFO - [2021-05-01 04:59:54,761] {dagbag.py:451} INFO - Filling up the DagBag from /home/airflow/.local/lib/python3.6/site-packages/airflow/example_dags/example_xcom.py
[2021-05-01 04:59:54,776] {scheduler_job.py:639} INFO - DAG(s) dict_keys(['example_xcom']) retrieved from /home/airflow/.local/lib/python3.6/site-packages/airflow/example_dags/example_xcom.py
[2021-05-01 04:59:54,797] {logging_mixin.py:104} INFO - [2021-05-01 04:59:54,797] {dag.py:1824} INFO - Sync 1 DAGs
[2021-05-01 04:59:54,818] {logging_mixin.py:104} INFO - [2021-05-01 04:59:54,818] {dag.py:2280} INFO - Setting next_dagrun for example_xcom to 2021-04-29 00:00:00+00:00
[2021-05-01 04:59:54,830] {scheduler_job.py:190} INFO - Processing /home/airflow/.local/lib/python3.6/site-packages/airflow/example_dags/example_xcom.py took 0.077 seconds
[2021-05-01 05:00:25,961] {scheduler_job.py:182} INFO - Started process (PID=1101) to work on /home/airflow/.local/lib/python3.6/site-packages/airflow/example_dags/example_xcom.py
[2021-05-01 05:00:25,963] {scheduler_job.py:629} INFO - Processing file /home/airflow/.local/lib/python3.6/site-packages/airflow/example_dags/example_xcom.py for tasks to queue
[2021-05-01 05:00:25,964] {logging_mixin.py:104} INFO - [2021-05-01 05:00:25,963] {dagbag.py:451} INFO - Filling up the DagBag from /home/airflow/.local/lib/python3.6/site-packages/airflow/example_dags/example_xcom.py
[2021-05-01 05:00:25,976] {scheduler_job.py:639} INFO - DAG(s) dict_keys(['example_xcom']) retrieved from /home/airflow/.local/lib/python3.6/site-packages/airflow/example_dags/example_xcom.py
[2021-05-01 05:00:25,997] {logging_mixin.py:104} INFO - [2021-05-01 05:00:25,997] {dag.py:1824} INFO - Sync 1 DAGs
[2021-05-01 05:00:26,011] {logging_mixin.py:104} INFO - [2021-05-01 05:00:26,011] {dag.py:2280} INFO - Setting next_dagrun for example_xcom to 2021-04-29 00:00:00+00:00
[2021-05-01 05:00:26,023] {scheduler_job.py:190} INFO - Processing /home/airflow/.local/lib/python3.6/site-packages/airflow/example_dags/example_xcom.py took 0.065 seconds
[2021-05-01 05:00:56,717] {scheduler_job.py:182} INFO - Started process (PID=1134) to work on /home/airflow/.local/lib/python3.6/site-packages/airflow/example_dags/example_xcom.py
[2021-05-01 05:00:56,719] {scheduler_job.py:629} INFO - Processing file /home/airflow/.local/lib/python3.6/site-packages/airflow/example_dags/example_xcom.py for tasks to queue
[2021-05-01 05:00:56,719] {logging_mixin.py:104} INFO - [2021-05-01 05:00:56,719] {dagbag.py:451} INFO - Filling up the DagBag from /home/airflow/.local/lib/python3.6/site-packages/airflow/example_dags/example_xcom.py
[2021-05-01 05:00:56,734] {scheduler_job.py:639} INFO - DAG(s) dict_keys(['example_xcom']) retrieved from /home/airflow/.local/lib/python3.6/site-packages/airflow/example_dags/example_xcom.py
[2021-05-01 05:00:56,759] {logging_mixin.py:104} INFO - [2021-05-01 05:00:56,759] {dag.py:1824} INFO - Sync 1 DAGs
[2021-05-01 05:00:56,776] {logging_mixin.py:104} INFO - [2021-05-01 05:00:56,776] {dag.py:2280} INFO - Setting next_dagrun for example_xcom to 2021-04-29 00:00:00+00:00
[2021-05-01 05:00:56,789] {scheduler_job.py:190} INFO - Processing /home/airflow/.local/lib/python3.6/site-packages/airflow/example_dags/example_xcom.py took 0.076 seconds
[2021-05-01 05:01:27,429] {scheduler_job.py:182} INFO - Started process (PID=1167) to work on /home/airflow/.local/lib/python3.6/site-packages/airflow/example_dags/example_xcom.py
[2021-05-01 05:01:27,433] {scheduler_job.py:629} INFO - Processing file /home/airflow/.local/lib/python3.6/site-packages/airflow/example_dags/example_xcom.py for tasks to queue
[2021-05-01 05:01:27,433] {logging_mixin.py:104} INFO - [2021-05-01 05:01:27,433] {dagbag.py:451} INFO - Filling up the DagBag from /home/airflow/.local/lib/python3.6/site-packages/airflow/example_dags/example_xcom.py
[2021-05-01 05:01:27,446] {scheduler_job.py:639} INFO - DAG(s) dict_keys(['example_xcom']) retrieved from /home/airflow/.local/lib/python3.6/site-packages/airflow/example_dags/example_xcom.py
[2021-05-01 05:01:27,466] {logging_mixin.py:104} INFO - [2021-05-01 05:01:27,466] {dag.py:1824} INFO - Sync 1 DAGs
[2021-05-01 05:01:27,481] {logging_mixin.py:104} INFO - [2021-05-01 05:01:27,481] {dag.py:2280} INFO - Setting next_dagrun for example_xcom to 2021-04-29 00:00:00+00:00
[2021-05-01 05:01:27,491] {scheduler_job.py:190} INFO - Processing /home/airflow/.local/lib/python3.6/site-packages/airflow/example_dags/example_xcom.py took 0.065 seconds
[2021-05-01 05:01:58,284] {scheduler_job.py:182} INFO - Started process (PID=1201) to work on /home/airflow/.local/lib/python3.6/site-packages/airflow/example_dags/example_xcom.py
[2021-05-01 05:01:58,285] {scheduler_job.py:629} INFO - Processing file /home/airflow/.local/lib/python3.6/site-packages/airflow/example_dags/example_xcom.py for tasks to queue
[2021-05-01 05:01:58,286] {logging_mixin.py:104} INFO - [2021-05-01 05:01:58,286] {dagbag.py:451} INFO - Filling up the DagBag from /home/airflow/.local/lib/python3.6/site-packages/airflow/example_dags/example_xcom.py
[2021-05-01 05:01:58,299] {scheduler_job.py:639} INFO - DAG(s) dict_keys(['example_xcom']) retrieved from /home/airflow/.local/lib/python3.6/site-packages/airflow/example_dags/example_xcom.py
[2021-05-01 05:01:58,320] {logging_mixin.py:104} INFO - [2021-05-01 05:01:58,319] {dag.py:1824} INFO - Sync 1 DAGs
[2021-05-01 05:01:58,338] {logging_mixin.py:104} INFO - [2021-05-01 05:01:58,338] {dag.py:2280} INFO - Setting next_dagrun for example_xcom to 2021-04-29 00:00:00+00:00
[2021-05-01 05:01:58,349] {scheduler_job.py:190} INFO - Processing /home/airflow/.local/lib/python3.6/site-packages/airflow/example_dags/example_xcom.py took 0.069 seconds
[2021-05-01 05:02:28,979] {scheduler_job.py:182} INFO - Started process (PID=1234) to work on /home/airflow/.local/lib/python3.6/site-packages/airflow/example_dags/example_xcom.py
[2021-05-01 05:02:28,980] {scheduler_job.py:629} INFO - Processing file /home/airflow/.local/lib/python3.6/site-packages/airflow/example_dags/example_xcom.py for tasks to queue
[2021-05-01 05:02:28,981] {logging_mixin.py:104} INFO - [2021-05-01 05:02:28,981] {dagbag.py:451} INFO - Filling up the DagBag from /home/airflow/.local/lib/python3.6/site-packages/airflow/example_dags/example_xcom.py
[2021-05-01 05:02:28,992] {scheduler_job.py:639} INFO - DAG(s) dict_keys(['example_xcom']) retrieved from /home/airflow/.local/lib/python3.6/site-packages/airflow/example_dags/example_xcom.py
[2021-05-01 05:02:29,011] {logging_mixin.py:104} INFO - [2021-05-01 05:02:29,011] {dag.py:1824} INFO - Sync 1 DAGs
[2021-05-01 05:02:29,024] {logging_mixin.py:104} INFO - [2021-05-01 05:02:29,024] {dag.py:2280} INFO - Setting next_dagrun for example_xcom to 2021-04-29 00:00:00+00:00
[2021-05-01 05:02:29,033] {scheduler_job.py:190} INFO - Processing /home/airflow/.local/lib/python3.6/site-packages/airflow/example_dags/example_xcom.py took 0.057 seconds
[2021-05-01 05:02:59,699] {scheduler_job.py:182} INFO - Started process (PID=1267) to work on /home/airflow/.local/lib/python3.6/site-packages/airflow/example_dags/example_xcom.py
[2021-05-01 05:02:59,700] {scheduler_job.py:629} INFO - Processing file /home/airflow/.local/lib/python3.6/site-packages/airflow/example_dags/example_xcom.py for tasks to queue
[2021-05-01 05:02:59,701] {logging_mixin.py:104} INFO - [2021-05-01 05:02:59,701] {dagbag.py:451} INFO - Filling up the DagBag from /home/airflow/.local/lib/python3.6/site-packages/airflow/example_dags/example_xcom.py
[2021-05-01 05:02:59,716] {scheduler_job.py:639} INFO - DAG(s) dict_keys(['example_xcom']) retrieved from /home/airflow/.local/lib/python3.6/site-packages/airflow/example_dags/example_xcom.py
[2021-05-01 05:02:59,740] {logging_mixin.py:104} INFO - [2021-05-01 05:02:59,740] {dag.py:1824} INFO - Sync 1 DAGs
[2021-05-01 05:02:59,760] {logging_mixin.py:104} INFO - [2021-05-01 05:02:59,759] {dag.py:2280} INFO - Setting next_dagrun for example_xcom to 2021-04-29 00:00:00+00:00
[2021-05-01 05:02:59,772] {scheduler_job.py:190} INFO - Processing /home/airflow/.local/lib/python3.6/site-packages/airflow/example_dags/example_xcom.py took 0.079 seconds
[2021-05-01 05:03:30,507] {scheduler_job.py:182} INFO - Started process (PID=1300) to work on /home/airflow/.local/lib/python3.6/site-packages/airflow/example_dags/example_xcom.py
[2021-05-01 05:03:30,509] {scheduler_job.py:629} INFO - Processing file /home/airflow/.local/lib/python3.6/site-packages/airflow/example_dags/example_xcom.py for tasks to queue
[2021-05-01 05:03:30,510] {logging_mixin.py:104} INFO - [2021-05-01 05:03:30,509] {dagbag.py:451} INFO - Filling up the DagBag from /home/airflow/.local/lib/python3.6/site-packages/airflow/example_dags/example_xcom.py
[2021-05-01 05:03:30,526] {scheduler_job.py:639} INFO - DAG(s) dict_keys(['example_xcom']) retrieved from /home/airflow/.local/lib/python3.6/site-packages/airflow/example_dags/example_xcom.py
[2021-05-01 05:03:30,548] {logging_mixin.py:104} INFO - [2021-05-01 05:03:30,548] {dag.py:1824} INFO - Sync 1 DAGs
[2021-05-01 05:03:30,564] {logging_mixin.py:104} INFO - [2021-05-01 05:03:30,564] {dag.py:2280} INFO - Setting next_dagrun for example_xcom to 2021-04-29 00:00:00+00:00
[2021-05-01 05:03:30,579] {scheduler_job.py:190} INFO - Processing /home/airflow/.local/lib/python3.6/site-packages/airflow/example_dags/example_xcom.py took 0.075 seconds
[2021-05-01 05:04:01,180] {scheduler_job.py:182} INFO - Started process (PID=1334) to work on /home/airflow/.local/lib/python3.6/site-packages/airflow/example_dags/example_xcom.py
[2021-05-01 05:04:01,182] {scheduler_job.py:629} INFO - Processing file /home/airflow/.local/lib/python3.6/site-packages/airflow/example_dags/example_xcom.py for tasks to queue
[2021-05-01 05:04:01,183] {logging_mixin.py:104} INFO - [2021-05-01 05:04:01,183] {dagbag.py:451} INFO - Filling up the DagBag from /home/airflow/.local/lib/python3.6/site-packages/airflow/example_dags/example_xcom.py
[2021-05-01 05:04:01,200] {scheduler_job.py:639} INFO - DAG(s) dict_keys(['example_xcom']) retrieved from /home/airflow/.local/lib/python3.6/site-packages/airflow/example_dags/example_xcom.py
[2021-05-01 05:04:01,219] {logging_mixin.py:104} INFO - [2021-05-01 05:04:01,219] {dag.py:1824} INFO - Sync 1 DAGs
[2021-05-01 05:04:01,234] {logging_mixin.py:104} INFO - [2021-05-01 05:04:01,233] {dag.py:2280} INFO - Setting next_dagrun for example_xcom to 2021-04-29 00:00:00+00:00
[2021-05-01 05:04:01,242] {scheduler_job.py:190} INFO - Processing /home/airflow/.local/lib/python3.6/site-packages/airflow/example_dags/example_xcom.py took 0.065 seconds
[2021-05-01 05:04:32,046] {scheduler_job.py:182} INFO - Started process (PID=1367) to work on /home/airflow/.local/lib/python3.6/site-packages/airflow/example_dags/example_xcom.py
[2021-05-01 05:04:32,047] {scheduler_job.py:629} INFO - Processing file /home/airflow/.local/lib/python3.6/site-packages/airflow/example_dags/example_xcom.py for tasks to queue
[2021-05-01 05:04:32,049] {logging_mixin.py:104} INFO - [2021-05-01 05:04:32,048] {dagbag.py:451} INFO - Filling up the DagBag from /home/airflow/.local/lib/python3.6/site-packages/airflow/example_dags/example_xcom.py
[2021-05-01 05:04:32,062] {scheduler_job.py:639} INFO - DAG(s) dict_keys(['example_xcom']) retrieved from /home/airflow/.local/lib/python3.6/site-packages/airflow/example_dags/example_xcom.py
[2021-05-01 05:04:32,083] {logging_mixin.py:104} INFO - [2021-05-01 05:04:32,083] {dag.py:1824} INFO - Sync 1 DAGs
[2021-05-01 05:04:32,100] {logging_mixin.py:104} INFO - [2021-05-01 05:04:32,100] {dag.py:2280} INFO - Setting next_dagrun for example_xcom to 2021-04-29 00:00:00+00:00
[2021-05-01 05:04:32,110] {scheduler_job.py:190} INFO - Processing /home/airflow/.local/lib/python3.6/site-packages/airflow/example_dags/example_xcom.py took 0.067 seconds
[2021-05-01 05:05:02,299] {scheduler_job.py:182} INFO - Started process (PID=1400) to work on /home/airflow/.local/lib/python3.6/site-packages/airflow/example_dags/example_xcom.py
[2021-05-01 05:05:02,301] {scheduler_job.py:629} INFO - Processing file /home/airflow/.local/lib/python3.6/site-packages/airflow/example_dags/example_xcom.py for tasks to queue
[2021-05-01 05:05:02,303] {logging_mixin.py:104} INFO - [2021-05-01 05:05:02,302] {dagbag.py:451} INFO - Filling up the DagBag from /home/airflow/.local/lib/python3.6/site-packages/airflow/example_dags/example_xcom.py
[2021-05-01 05:05:02,318] {scheduler_job.py:639} INFO - DAG(s) dict_keys(['example_xcom']) retrieved from /home/airflow/.local/lib/python3.6/site-packages/airflow/example_dags/example_xcom.py
[2021-05-01 05:05:02,345] {logging_mixin.py:104} INFO - [2021-05-01 05:05:02,345] {dag.py:1824} INFO - Sync 1 DAGs
[2021-05-01 05:05:02,366] {logging_mixin.py:104} INFO - [2021-05-01 05:05:02,366] {dag.py:2280} INFO - Setting next_dagrun for example_xcom to 2021-04-29 00:00:00+00:00
[2021-05-01 05:05:02,379] {scheduler_job.py:190} INFO - Processing /home/airflow/.local/lib/python3.6/site-packages/airflow/example_dags/example_xcom.py took 0.086 seconds
[2021-05-01 05:05:32,451] {scheduler_job.py:182} INFO - Started process (PID=1433) to work on /home/airflow/.local/lib/python3.6/site-packages/airflow/example_dags/example_xcom.py
[2021-05-01 05:05:32,453] {scheduler_job.py:629} INFO - Processing file /home/airflow/.local/lib/python3.6/site-packages/airflow/example_dags/example_xcom.py for tasks to queue
[2021-05-01 05:05:32,454] {logging_mixin.py:104} INFO - [2021-05-01 05:05:32,453] {dagbag.py:451} INFO - Filling up the DagBag from /home/airflow/.local/lib/python3.6/site-packages/airflow/example_dags/example_xcom.py
[2021-05-01 05:05:32,472] {scheduler_job.py:639} INFO - DAG(s) dict_keys(['example_xcom']) retrieved from /home/airflow/.local/lib/python3.6/site-packages/airflow/example_dags/example_xcom.py
[2021-05-01 05:05:32,499] {logging_mixin.py:104} INFO - [2021-05-01 05:05:32,499] {dag.py:1824} INFO - Sync 1 DAGs
[2021-05-01 05:05:32,513] {logging_mixin.py:104} INFO - [2021-05-01 05:05:32,513] {dag.py:2280} INFO - Setting next_dagrun for example_xcom to 2021-04-29 00:00:00+00:00
[2021-05-01 05:05:32,525] {scheduler_job.py:190} INFO - Processing /home/airflow/.local/lib/python3.6/site-packages/airflow/example_dags/example_xcom.py took 0.079 seconds
[2021-05-01 05:06:03,090] {scheduler_job.py:182} INFO - Started process (PID=1466) to work on /home/airflow/.local/lib/python3.6/site-packages/airflow/example_dags/example_xcom.py
[2021-05-01 05:06:03,092] {scheduler_job.py:629} INFO - Processing file /home/airflow/.local/lib/python3.6/site-packages/airflow/example_dags/example_xcom.py for tasks to queue
[2021-05-01 05:06:03,093] {logging_mixin.py:104} INFO - [2021-05-01 05:06:03,093] {dagbag.py:451} INFO - Filling up the DagBag from /home/airflow/.local/lib/python3.6/site-packages/airflow/example_dags/example_xcom.py
[2021-05-01 05:06:03,105] {scheduler_job.py:639} INFO - DAG(s) dict_keys(['example_xcom']) retrieved from /home/airflow/.local/lib/python3.6/site-packages/airflow/example_dags/example_xcom.py
[2021-05-01 05:06:03,128] {logging_mixin.py:104} INFO - [2021-05-01 05:06:03,128] {dag.py:1824} INFO - Sync 1 DAGs
[2021-05-01 05:06:03,143] {logging_mixin.py:104} INFO - [2021-05-01 05:06:03,143] {dag.py:2280} INFO - Setting next_dagrun for example_xcom to 2021-04-29 00:00:00+00:00
[2021-05-01 05:06:03,152] {scheduler_job.py:190} INFO - Processing /home/airflow/.local/lib/python3.6/site-packages/airflow/example_dags/example_xcom.py took 0.065 seconds
[2021-05-01 05:06:33,837] {scheduler_job.py:182} INFO - Started process (PID=1498) to work on /home/airflow/.local/lib/python3.6/site-packages/airflow/example_dags/example_xcom.py
[2021-05-01 05:06:33,839] {scheduler_job.py:629} INFO - Processing file /home/airflow/.local/lib/python3.6/site-packages/airflow/example_dags/example_xcom.py for tasks to queue
[2021-05-01 05:06:33,840] {logging_mixin.py:104} INFO - [2021-05-01 05:06:33,839] {dagbag.py:451} INFO - Filling up the DagBag from /home/airflow/.local/lib/python3.6/site-packages/airflow/example_dags/example_xcom.py
[2021-05-01 05:06:33,854] {scheduler_job.py:639} INFO - DAG(s) dict_keys(['example_xcom']) retrieved from /home/airflow/.local/lib/python3.6/site-packages/airflow/example_dags/example_xcom.py
[2021-05-01 05:06:33,874] {logging_mixin.py:104} INFO - [2021-05-01 05:06:33,873] {dag.py:1824} INFO - Sync 1 DAGs
[2021-05-01 05:06:33,891] {logging_mixin.py:104} INFO - [2021-05-01 05:06:33,891] {dag.py:2280} INFO - Setting next_dagrun for example_xcom to 2021-04-29 00:00:00+00:00
[2021-05-01 05:06:33,905] {scheduler_job.py:190} INFO - Processing /home/airflow/.local/lib/python3.6/site-packages/airflow/example_dags/example_xcom.py took 0.071 seconds
[2021-05-01 05:07:04,439] {scheduler_job.py:182} INFO - Started process (PID=1532) to work on /home/airflow/.local/lib/python3.6/site-packages/airflow/example_dags/example_xcom.py
[2021-05-01 05:07:04,441] {scheduler_job.py:629} INFO - Processing file /home/airflow/.local/lib/python3.6/site-packages/airflow/example_dags/example_xcom.py for tasks to queue
[2021-05-01 05:07:04,442] {logging_mixin.py:104} INFO - [2021-05-01 05:07:04,442] {dagbag.py:451} INFO - Filling up the DagBag from /home/airflow/.local/lib/python3.6/site-packages/airflow/example_dags/example_xcom.py
[2021-05-01 05:07:04,455] {scheduler_job.py:639} INFO - DAG(s) dict_keys(['example_xcom']) retrieved from /home/airflow/.local/lib/python3.6/site-packages/airflow/example_dags/example_xcom.py
[2021-05-01 05:07:04,474] {logging_mixin.py:104} INFO - [2021-05-01 05:07:04,474] {dag.py:1824} INFO - Sync 1 DAGs
[2021-05-01 05:07:04,489] {logging_mixin.py:104} INFO - [2021-05-01 05:07:04,489] {dag.py:2280} INFO - Setting next_dagrun for example_xcom to 2021-04-29 00:00:00+00:00
[2021-05-01 05:07:04,503] {scheduler_job.py:190} INFO - Processing /home/airflow/.local/lib/python3.6/site-packages/airflow/example_dags/example_xcom.py took 0.067 seconds
[2021-05-01 05:07:35,159] {scheduler_job.py:182} INFO - Started process (PID=1564) to work on /home/airflow/.local/lib/python3.6/site-packages/airflow/example_dags/example_xcom.py
[2021-05-01 05:07:35,160] {scheduler_job.py:629} INFO - Processing file /home/airflow/.local/lib/python3.6/site-packages/airflow/example_dags/example_xcom.py for tasks to queue
[2021-05-01 05:07:35,161] {logging_mixin.py:104} INFO - [2021-05-01 05:07:35,161] {dagbag.py:451} INFO - Filling up the DagBag from /home/airflow/.local/lib/python3.6/site-packages/airflow/example_dags/example_xcom.py
[2021-05-01 05:07:35,174] {scheduler_job.py:639} INFO - DAG(s) dict_keys(['example_xcom']) retrieved from /home/airflow/.local/lib/python3.6/site-packages/airflow/example_dags/example_xcom.py
[2021-05-01 05:07:35,196] {logging_mixin.py:104} INFO - [2021-05-01 05:07:35,196] {dag.py:1824} INFO - Sync 1 DAGs
[2021-05-01 05:07:35,210] {logging_mixin.py:104} INFO - [2021-05-01 05:07:35,210] {dag.py:2280} INFO - Setting next_dagrun for example_xcom to 2021-04-29 00:00:00+00:00
[2021-05-01 05:07:35,220] {scheduler_job.py:190} INFO - Processing /home/airflow/.local/lib/python3.6/site-packages/airflow/example_dags/example_xcom.py took 0.065 seconds
[2021-05-01 05:08:05,866] {scheduler_job.py:182} INFO - Started process (PID=1597) to work on /home/airflow/.local/lib/python3.6/site-packages/airflow/example_dags/example_xcom.py
[2021-05-01 05:08:05,867] {scheduler_job.py:629} INFO - Processing file /home/airflow/.local/lib/python3.6/site-packages/airflow/example_dags/example_xcom.py for tasks to queue
[2021-05-01 05:08:05,868] {logging_mixin.py:104} INFO - [2021-05-01 05:08:05,868] {dagbag.py:451} INFO - Filling up the DagBag from /home/airflow/.local/lib/python3.6/site-packages/airflow/example_dags/example_xcom.py
[2021-05-01 05:08:05,879] {scheduler_job.py:639} INFO - DAG(s) dict_keys(['example_xcom']) retrieved from /home/airflow/.local/lib/python3.6/site-packages/airflow/example_dags/example_xcom.py
[2021-05-01 05:08:05,899] {logging_mixin.py:104} INFO - [2021-05-01 05:08:05,899] {dag.py:1824} INFO - Sync 1 DAGs
[2021-05-01 05:08:05,912] {logging_mixin.py:104} INFO - [2021-05-01 05:08:05,911] {dag.py:2280} INFO - Setting next_dagrun for example_xcom to 2021-04-29 00:00:00+00:00
[2021-05-01 05:08:05,927] {scheduler_job.py:190} INFO - Processing /home/airflow/.local/lib/python3.6/site-packages/airflow/example_dags/example_xcom.py took 0.065 seconds
[2021-05-01 05:08:36,522] {scheduler_job.py:182} INFO - Started process (PID=1631) to work on /home/airflow/.local/lib/python3.6/site-packages/airflow/example_dags/example_xcom.py
[2021-05-01 05:08:36,523] {scheduler_job.py:629} INFO - Processing file /home/airflow/.local/lib/python3.6/site-packages/airflow/example_dags/example_xcom.py for tasks to queue
[2021-05-01 05:08:36,524] {logging_mixin.py:104} INFO - [2021-05-01 05:08:36,524] {dagbag.py:451} INFO - Filling up the DagBag from /home/airflow/.local/lib/python3.6/site-packages/airflow/example_dags/example_xcom.py
[2021-05-01 05:08:36,540] {scheduler_job.py:639} INFO - DAG(s) dict_keys(['example_xcom']) retrieved from /home/airflow/.local/lib/python3.6/site-packages/airflow/example_dags/example_xcom.py
[2021-05-01 05:08:36,567] {logging_mixin.py:104} INFO - [2021-05-01 05:08:36,566] {dag.py:1824} INFO - Sync 1 DAGs
[2021-05-01 05:08:36,591] {logging_mixin.py:104} INFO - [2021-05-01 05:08:36,590] {dag.py:2280} INFO - Setting next_dagrun for example_xcom to 2021-04-29 00:00:00+00:00
[2021-05-01 05:08:36,607] {scheduler_job.py:190} INFO - Processing /home/airflow/.local/lib/python3.6/site-packages/airflow/example_dags/example_xcom.py took 0.089 seconds
[2021-05-01 05:09:07,297] {scheduler_job.py:182} INFO - Started process (PID=1664) to work on /home/airflow/.local/lib/python3.6/site-packages/airflow/example_dags/example_xcom.py
[2021-05-01 05:09:07,299] {scheduler_job.py:629} INFO - Processing file /home/airflow/.local/lib/python3.6/site-packages/airflow/example_dags/example_xcom.py for tasks to queue
[2021-05-01 05:09:07,300] {logging_mixin.py:104} INFO - [2021-05-01 05:09:07,300] {dagbag.py:451} INFO - Filling up the DagBag from /home/airflow/.local/lib/python3.6/site-packages/airflow/example_dags/example_xcom.py
[2021-05-01 05:09:07,313] {scheduler_job.py:639} INFO - DAG(s) dict_keys(['example_xcom']) retrieved from /home/airflow/.local/lib/python3.6/site-packages/airflow/example_dags/example_xcom.py
[2021-05-01 05:09:07,334] {logging_mixin.py:104} INFO - [2021-05-01 05:09:07,334] {dag.py:1824} INFO - Sync 1 DAGs
[2021-05-01 05:09:07,351] {logging_mixin.py:104} INFO - [2021-05-01 05:09:07,351] {dag.py:2280} INFO - Setting next_dagrun for example_xcom to 2021-04-29 00:00:00+00:00
[2021-05-01 05:09:07,368] {scheduler_job.py:190} INFO - Processing /home/airflow/.local/lib/python3.6/site-packages/airflow/example_dags/example_xcom.py took 0.073 seconds
[2021-05-01 05:09:37,915] {scheduler_job.py:182} INFO - Started process (PID=1697) to work on /home/airflow/.local/lib/python3.6/site-packages/airflow/example_dags/example_xcom.py
[2021-05-01 05:09:37,917] {scheduler_job.py:629} INFO - Processing file /home/airflow/.local/lib/python3.6/site-packages/airflow/example_dags/example_xcom.py for tasks to queue
[2021-05-01 05:09:37,918] {logging_mixin.py:104} INFO - [2021-05-01 05:09:37,918] {dagbag.py:451} INFO - Filling up the DagBag from /home/airflow/.local/lib/python3.6/site-packages/airflow/example_dags/example_xcom.py
[2021-05-01 05:09:37,930] {scheduler_job.py:639} INFO - DAG(s) dict_keys(['example_xcom']) retrieved from /home/airflow/.local/lib/python3.6/site-packages/airflow/example_dags/example_xcom.py
[2021-05-01 05:09:37,950] {logging_mixin.py:104} INFO - [2021-05-01 05:09:37,950] {dag.py:1824} INFO - Sync 1 DAGs
[2021-05-01 05:09:37,967] {logging_mixin.py:104} INFO - [2021-05-01 05:09:37,966] {dag.py:2280} INFO - Setting next_dagrun for example_xcom to 2021-04-29 00:00:00+00:00
[2021-05-01 05:09:37,979] {scheduler_job.py:190} INFO - Processing /home/airflow/.local/lib/python3.6/site-packages/airflow/example_dags/example_xcom.py took 0.067 seconds
[2021-05-01 05:10:08,679] {scheduler_job.py:182} INFO - Started process (PID=1729) to work on /home/airflow/.local/lib/python3.6/site-packages/airflow/example_dags/example_xcom.py
[2021-05-01 05:10:08,680] {scheduler_job.py:629} INFO - Processing file /home/airflow/.local/lib/python3.6/site-packages/airflow/example_dags/example_xcom.py for tasks to queue
[2021-05-01 05:10:08,681] {logging_mixin.py:104} INFO - [2021-05-01 05:10:08,681] {dagbag.py:451} INFO - Filling up the DagBag from /home/airflow/.local/lib/python3.6/site-packages/airflow/example_dags/example_xcom.py
[2021-05-01 05:10:08,695] {scheduler_job.py:639} INFO - DAG(s) dict_keys(['example_xcom']) retrieved from /home/airflow/.local/lib/python3.6/site-packages/airflow/example_dags/example_xcom.py
[2021-05-01 05:10:08,719] {logging_mixin.py:104} INFO - [2021-05-01 05:10:08,719] {dag.py:1824} INFO - Sync 1 DAGs
[2021-05-01 05:10:08,740] {logging_mixin.py:104} INFO - [2021-05-01 05:10:08,740] {dag.py:2280} INFO - Setting next_dagrun for example_xcom to 2021-04-29 00:00:00+00:00
[2021-05-01 05:10:08,758] {scheduler_job.py:190} INFO - Processing /home/airflow/.local/lib/python3.6/site-packages/airflow/example_dags/example_xcom.py took 0.082 seconds
[2021-05-01 05:10:39,415] {scheduler_job.py:182} INFO - Started process (PID=1762) to work on /home/airflow/.local/lib/python3.6/site-packages/airflow/example_dags/example_xcom.py
[2021-05-01 05:10:39,416] {scheduler_job.py:629} INFO - Processing file /home/airflow/.local/lib/python3.6/site-packages/airflow/example_dags/example_xcom.py for tasks to queue
[2021-05-01 05:10:39,417] {logging_mixin.py:104} INFO - [2021-05-01 05:10:39,417] {dagbag.py:451} INFO - Filling up the DagBag from /home/airflow/.local/lib/python3.6/site-packages/airflow/example_dags/example_xcom.py
[2021-05-01 05:10:39,431] {scheduler_job.py:639} INFO - DAG(s) dict_keys(['example_xcom']) retrieved from /home/airflow/.local/lib/python3.6/site-packages/airflow/example_dags/example_xcom.py
[2021-05-01 05:10:39,456] {logging_mixin.py:104} INFO - [2021-05-01 05:10:39,455] {dag.py:1824} INFO - Sync 1 DAGs
[2021-05-01 05:10:39,472] {logging_mixin.py:104} INFO - [2021-05-01 05:10:39,472] {dag.py:2280} INFO - Setting next_dagrun for example_xcom to 2021-04-29 00:00:00+00:00
[2021-05-01 05:10:39,491] {scheduler_job.py:190} INFO - Processing /home/airflow/.local/lib/python3.6/site-packages/airflow/example_dags/example_xcom.py took 0.079 seconds
[2021-05-01 05:11:10,090] {scheduler_job.py:182} INFO - Started process (PID=1796) to work on /home/airflow/.local/lib/python3.6/site-packages/airflow/example_dags/example_xcom.py
[2021-05-01 05:11:10,093] {scheduler_job.py:629} INFO - Processing file /home/airflow/.local/lib/python3.6/site-packages/airflow/example_dags/example_xcom.py for tasks to queue
[2021-05-01 05:11:10,094] {logging_mixin.py:104} INFO - [2021-05-01 05:11:10,094] {dagbag.py:451} INFO - Filling up the DagBag from /home/airflow/.local/lib/python3.6/site-packages/airflow/example_dags/example_xcom.py
[2021-05-01 05:11:10,108] {scheduler_job.py:639} INFO - DAG(s) dict_keys(['example_xcom']) retrieved from /home/airflow/.local/lib/python3.6/site-packages/airflow/example_dags/example_xcom.py
[2021-05-01 05:11:10,131] {logging_mixin.py:104} INFO - [2021-05-01 05:11:10,131] {dag.py:1824} INFO - Sync 1 DAGs
[2021-05-01 05:11:10,150] {logging_mixin.py:104} INFO - [2021-05-01 05:11:10,150] {dag.py:2280} INFO - Setting next_dagrun for example_xcom to 2021-04-29 00:00:00+00:00
[2021-05-01 05:11:10,162] {scheduler_job.py:190} INFO - Processing /home/airflow/.local/lib/python3.6/site-packages/airflow/example_dags/example_xcom.py took 0.076 seconds
[2021-05-01 05:11:40,897] {scheduler_job.py:182} INFO - Started process (PID=1828) to work on /home/airflow/.local/lib/python3.6/site-packages/airflow/example_dags/example_xcom.py
[2021-05-01 05:11:40,898] {scheduler_job.py:629} INFO - Processing file /home/airflow/.local/lib/python3.6/site-packages/airflow/example_dags/example_xcom.py for tasks to queue
[2021-05-01 05:11:40,899] {logging_mixin.py:104} INFO - [2021-05-01 05:11:40,899] {dagbag.py:451} INFO - Filling up the DagBag from /home/airflow/.local/lib/python3.6/site-packages/airflow/example_dags/example_xcom.py
[2021-05-01 05:11:40,914] {scheduler_job.py:639} INFO - DAG(s) dict_keys(['example_xcom']) retrieved from /home/airflow/.local/lib/python3.6/site-packages/airflow/example_dags/example_xcom.py
[2021-05-01 05:11:40,942] {logging_mixin.py:104} INFO - [2021-05-01 05:11:40,941] {dag.py:1824} INFO - Sync 1 DAGs
[2021-05-01 05:11:40,960] {logging_mixin.py:104} INFO - [2021-05-01 05:11:40,960] {dag.py:2280} INFO - Setting next_dagrun for example_xcom to 2021-04-29 00:00:00+00:00
[2021-05-01 05:11:40,974] {scheduler_job.py:190} INFO - Processing /home/airflow/.local/lib/python3.6/site-packages/airflow/example_dags/example_xcom.py took 0.081 seconds
[2021-05-01 05:12:11,603] {scheduler_job.py:182} INFO - Started process (PID=1861) to work on /home/airflow/.local/lib/python3.6/site-packages/airflow/example_dags/example_xcom.py
[2021-05-01 05:12:11,605] {scheduler_job.py:629} INFO - Processing file /home/airflow/.local/lib/python3.6/site-packages/airflow/example_dags/example_xcom.py for tasks to queue
[2021-05-01 05:12:11,606] {logging_mixin.py:104} INFO - [2021-05-01 05:12:11,605] {dagbag.py:451} INFO - Filling up the DagBag from /home/airflow/.local/lib/python3.6/site-packages/airflow/example_dags/example_xcom.py
[2021-05-01 05:12:11,622] {scheduler_job.py:639} INFO - DAG(s) dict_keys(['example_xcom']) retrieved from /home/airflow/.local/lib/python3.6/site-packages/airflow/example_dags/example_xcom.py
[2021-05-01 05:12:11,645] {logging_mixin.py:104} INFO - [2021-05-01 05:12:11,645] {dag.py:1824} INFO - Sync 1 DAGs
[2021-05-01 05:12:11,663] {logging_mixin.py:104} INFO - [2021-05-01 05:12:11,663] {dag.py:2280} INFO - Setting next_dagrun for example_xcom to 2021-04-29 00:00:00+00:00
[2021-05-01 05:12:11,674] {scheduler_job.py:190} INFO - Processing /home/airflow/.local/lib/python3.6/site-packages/airflow/example_dags/example_xcom.py took 0.075 seconds
[2021-05-01 05:12:42,371] {scheduler_job.py:182} INFO - Started process (PID=1895) to work on /home/airflow/.local/lib/python3.6/site-packages/airflow/example_dags/example_xcom.py
[2021-05-01 05:12:42,373] {scheduler_job.py:629} INFO - Processing file /home/airflow/.local/lib/python3.6/site-packages/airflow/example_dags/example_xcom.py for tasks to queue
[2021-05-01 05:12:42,374] {logging_mixin.py:104} INFO - [2021-05-01 05:12:42,374] {dagbag.py:451} INFO - Filling up the DagBag from /home/airflow/.local/lib/python3.6/site-packages/airflow/example_dags/example_xcom.py
[2021-05-01 05:12:42,390] {scheduler_job.py:639} INFO - DAG(s) dict_keys(['example_xcom']) retrieved from /home/airflow/.local/lib/python3.6/site-packages/airflow/example_dags/example_xcom.py
[2021-05-01 05:12:42,409] {logging_mixin.py:104} INFO - [2021-05-01 05:12:42,409] {dag.py:1824} INFO - Sync 1 DAGs
[2021-05-01 05:12:42,427] {logging_mixin.py:104} INFO - [2021-05-01 05:12:42,427] {dag.py:2280} INFO - Setting next_dagrun for example_xcom to 2021-04-29 00:00:00+00:00
[2021-05-01 05:12:42,444] {scheduler_job.py:190} INFO - Processing /home/airflow/.local/lib/python3.6/site-packages/airflow/example_dags/example_xcom.py took 0.076 seconds
[2021-05-01 05:13:13,051] {scheduler_job.py:182} INFO - Started process (PID=1928) to work on /home/airflow/.local/lib/python3.6/site-packages/airflow/example_dags/example_xcom.py
[2021-05-01 05:13:13,052] {scheduler_job.py:629} INFO - Processing file /home/airflow/.local/lib/python3.6/site-packages/airflow/example_dags/example_xcom.py for tasks to queue
[2021-05-01 05:13:13,054] {logging_mixin.py:104} INFO - [2021-05-01 05:13:13,053] {dagbag.py:451} INFO - Filling up the DagBag from /home/airflow/.local/lib/python3.6/site-packages/airflow/example_dags/example_xcom.py
[2021-05-01 05:13:13,067] {scheduler_job.py:639} INFO - DAG(s) dict_keys(['example_xcom']) retrieved from /home/airflow/.local/lib/python3.6/site-packages/airflow/example_dags/example_xcom.py
[2021-05-01 05:13:13,085] {logging_mixin.py:104} INFO - [2021-05-01 05:13:13,085] {dag.py:1824} INFO - Sync 1 DAGs
[2021-05-01 05:13:13,102] {logging_mixin.py:104} INFO - [2021-05-01 05:13:13,102] {dag.py:2280} INFO - Setting next_dagrun for example_xcom to 2021-04-29 00:00:00+00:00
[2021-05-01 05:13:13,119] {scheduler_job.py:190} INFO - Processing /home/airflow/.local/lib/python3.6/site-packages/airflow/example_dags/example_xcom.py took 0.071 seconds
[2021-05-01 05:13:43,719] {scheduler_job.py:182} INFO - Started process (PID=1961) to work on /home/airflow/.local/lib/python3.6/site-packages/airflow/example_dags/example_xcom.py
[2021-05-01 05:13:43,720] {scheduler_job.py:629} INFO - Processing file /home/airflow/.local/lib/python3.6/site-packages/airflow/example_dags/example_xcom.py for tasks to queue
[2021-05-01 05:13:43,721] {logging_mixin.py:104} INFO - [2021-05-01 05:13:43,721] {dagbag.py:451} INFO - Filling up the DagBag from /home/airflow/.local/lib/python3.6/site-packages/airflow/example_dags/example_xcom.py
[2021-05-01 05:13:43,733] {scheduler_job.py:639} INFO - DAG(s) dict_keys(['example_xcom']) retrieved from /home/airflow/.local/lib/python3.6/site-packages/airflow/example_dags/example_xcom.py
[2021-05-01 05:13:43,755] {logging_mixin.py:104} INFO - [2021-05-01 05:13:43,755] {dag.py:1824} INFO - Sync 1 DAGs
[2021-05-01 05:13:43,770] {logging_mixin.py:104} INFO - [2021-05-01 05:13:43,770] {dag.py:2280} INFO - Setting next_dagrun for example_xcom to 2021-04-29 00:00:00+00:00
[2021-05-01 05:13:43,795] {scheduler_job.py:190} INFO - Processing /home/airflow/.local/lib/python3.6/site-packages/airflow/example_dags/example_xcom.py took 0.079 seconds
[2021-05-01 05:14:14,399] {scheduler_job.py:182} INFO - Started process (PID=1993) to work on /home/airflow/.local/lib/python3.6/site-packages/airflow/example_dags/example_xcom.py
[2021-05-01 05:14:14,400] {scheduler_job.py:629} INFO - Processing file /home/airflow/.local/lib/python3.6/site-packages/airflow/example_dags/example_xcom.py for tasks to queue
[2021-05-01 05:14:14,401] {logging_mixin.py:104} INFO - [2021-05-01 05:14:14,401] {dagbag.py:451} INFO - Filling up the DagBag from /home/airflow/.local/lib/python3.6/site-packages/airflow/example_dags/example_xcom.py
[2021-05-01 05:14:14,411] {scheduler_job.py:639} INFO - DAG(s) dict_keys(['example_xcom']) retrieved from /home/airflow/.local/lib/python3.6/site-packages/airflow/example_dags/example_xcom.py
[2021-05-01 05:14:14,432] {logging_mixin.py:104} INFO - [2021-05-01 05:14:14,431] {dag.py:1824} INFO - Sync 1 DAGs
[2021-05-01 05:14:14,446] {logging_mixin.py:104} INFO - [2021-05-01 05:14:14,446] {dag.py:2280} INFO - Setting next_dagrun for example_xcom to 2021-04-29 00:00:00+00:00
[2021-05-01 05:14:14,458] {scheduler_job.py:190} INFO - Processing /home/airflow/.local/lib/python3.6/site-packages/airflow/example_dags/example_xcom.py took 0.061 seconds
[2021-05-01 05:14:45,068] {scheduler_job.py:182} INFO - Started process (PID=2027) to work on /home/airflow/.local/lib/python3.6/site-packages/airflow/example_dags/example_xcom.py
[2021-05-01 05:14:45,070] {scheduler_job.py:629} INFO - Processing file /home/airflow/.local/lib/python3.6/site-packages/airflow/example_dags/example_xcom.py for tasks to queue
[2021-05-01 05:14:45,071] {logging_mixin.py:104} INFO - [2021-05-01 05:14:45,070] {dagbag.py:451} INFO - Filling up the DagBag from /home/airflow/.local/lib/python3.6/site-packages/airflow/example_dags/example_xcom.py
[2021-05-01 05:14:45,083] {scheduler_job.py:639} INFO - DAG(s) dict_keys(['example_xcom']) retrieved from /home/airflow/.local/lib/python3.6/site-packages/airflow/example_dags/example_xcom.py
[2021-05-01 05:14:45,103] {logging_mixin.py:104} INFO - [2021-05-01 05:14:45,103] {dag.py:1824} INFO - Sync 1 DAGs
[2021-05-01 05:14:45,125] {logging_mixin.py:104} INFO - [2021-05-01 05:14:45,125] {dag.py:2280} INFO - Setting next_dagrun for example_xcom to 2021-04-29 00:00:00+00:00
[2021-05-01 05:14:45,143] {scheduler_job.py:190} INFO - Processing /home/airflow/.local/lib/python3.6/site-packages/airflow/example_dags/example_xcom.py took 0.077 seconds
[2021-05-01 05:15:15,589] {scheduler_job.py:182} INFO - Started process (PID=2060) to work on /home/airflow/.local/lib/python3.6/site-packages/airflow/example_dags/example_xcom.py
[2021-05-01 05:15:15,591] {scheduler_job.py:629} INFO - Processing file /home/airflow/.local/lib/python3.6/site-packages/airflow/example_dags/example_xcom.py for tasks to queue
[2021-05-01 05:15:15,591] {logging_mixin.py:104} INFO - [2021-05-01 05:15:15,591] {dagbag.py:451} INFO - Filling up the DagBag from /home/airflow/.local/lib/python3.6/site-packages/airflow/example_dags/example_xcom.py
[2021-05-01 05:15:15,604] {scheduler_job.py:639} INFO - DAG(s) dict_keys(['example_xcom']) retrieved from /home/airflow/.local/lib/python3.6/site-packages/airflow/example_dags/example_xcom.py
[2021-05-01 05:15:15,628] {logging_mixin.py:104} INFO - [2021-05-01 05:15:15,628] {dag.py:1824} INFO - Sync 1 DAGs
[2021-05-01 05:15:15,643] {logging_mixin.py:104} INFO - [2021-05-01 05:15:15,643] {dag.py:2280} INFO - Setting next_dagrun for example_xcom to 2021-04-29 00:00:00+00:00
[2021-05-01 05:15:15,655] {scheduler_job.py:190} INFO - Processing /home/airflow/.local/lib/python3.6/site-packages/airflow/example_dags/example_xcom.py took 0.070 seconds
[2021-05-01 05:15:46,254] {scheduler_job.py:182} INFO - Started process (PID=2093) to work on /home/airflow/.local/lib/python3.6/site-packages/airflow/example_dags/example_xcom.py
[2021-05-01 05:15:46,255] {scheduler_job.py:629} INFO - Processing file /home/airflow/.local/lib/python3.6/site-packages/airflow/example_dags/example_xcom.py for tasks to queue
[2021-05-01 05:15:46,256] {logging_mixin.py:104} INFO - [2021-05-01 05:15:46,256] {dagbag.py:451} INFO - Filling up the DagBag from /home/airflow/.local/lib/python3.6/site-packages/airflow/example_dags/example_xcom.py
[2021-05-01 05:15:46,268] {scheduler_job.py:639} INFO - DAG(s) dict_keys(['example_xcom']) retrieved from /home/airflow/.local/lib/python3.6/site-packages/airflow/example_dags/example_xcom.py
[2021-05-01 05:15:46,288] {logging_mixin.py:104} INFO - [2021-05-01 05:15:46,288] {dag.py:1824} INFO - Sync 1 DAGs
[2021-05-01 05:15:46,303] {logging_mixin.py:104} INFO - [2021-05-01 05:15:46,303] {dag.py:2280} INFO - Setting next_dagrun for example_xcom to 2021-04-29 00:00:00+00:00
[2021-05-01 05:15:46,316] {scheduler_job.py:190} INFO - Processing /home/airflow/.local/lib/python3.6/site-packages/airflow/example_dags/example_xcom.py took 0.065 seconds
[2021-05-01 05:16:16,909] {scheduler_job.py:182} INFO - Started process (PID=2126) to work on /home/airflow/.local/lib/python3.6/site-packages/airflow/example_dags/example_xcom.py
[2021-05-01 05:16:16,911] {scheduler_job.py:629} INFO - Processing file /home/airflow/.local/lib/python3.6/site-packages/airflow/example_dags/example_xcom.py for tasks to queue
[2021-05-01 05:16:16,914] {logging_mixin.py:104} INFO - [2021-05-01 05:16:16,913] {dagbag.py:451} INFO - Filling up the DagBag from /home/airflow/.local/lib/python3.6/site-packages/airflow/example_dags/example_xcom.py
[2021-05-01 05:16:16,934] {scheduler_job.py:639} INFO - DAG(s) dict_keys(['example_xcom']) retrieved from /home/airflow/.local/lib/python3.6/site-packages/airflow/example_dags/example_xcom.py
[2021-05-01 05:16:16,965] {logging_mixin.py:104} INFO - [2021-05-01 05:16:16,965] {dag.py:1824} INFO - Sync 1 DAGs
[2021-05-01 05:16:16,989] {logging_mixin.py:104} INFO - [2021-05-01 05:16:16,989] {dag.py:2280} INFO - Setting next_dagrun for example_xcom to 2021-04-29 00:00:00+00:00
[2021-05-01 05:16:17,011] {scheduler_job.py:190} INFO - Processing /home/airflow/.local/lib/python3.6/site-packages/airflow/example_dags/example_xcom.py took 0.107 seconds
