[2021-05-01 06:12:54,650] {scheduler_job.py:182} INFO - Started process (PID=3726) to work on /home/airflow/.local/lib/python3.6/site-packages/airflow/example_dags/example_subdag_operator.py
[2021-05-01 06:12:54,652] {scheduler_job.py:629} INFO - Processing file /home/airflow/.local/lib/python3.6/site-packages/airflow/example_dags/example_subdag_operator.py for tasks to queue
[2021-05-01 06:12:54,653] {logging_mixin.py:104} INFO - [2021-05-01 06:12:54,653] {dagbag.py:451} INFO - Filling up the DagBag from /home/airflow/.local/lib/python3.6/site-packages/airflow/example_dags/example_subdag_operator.py
[2021-05-01 06:12:54,696] {scheduler_job.py:639} INFO - DAG(s) dict_keys(['example_subdag_operator.section-1', 'example_subdag_operator.section-2', 'example_subdag_operator']) retrieved from /home/airflow/.local/lib/python3.6/site-packages/airflow/example_dags/example_subdag_operator.py
[2021-05-01 06:12:54,713] {logging_mixin.py:104} INFO - [2021-05-01 06:12:54,713] {dag.py:1824} INFO - Sync 3 DAGs
[2021-05-01 06:12:54,732] {logging_mixin.py:104} INFO - [2021-05-01 06:12:54,732] {dag.py:2280} INFO - Setting next_dagrun for example_subdag_operator to 2021-04-29 00:00:00+00:00
[2021-05-01 06:12:54,733] {logging_mixin.py:104} INFO - [2021-05-01 06:12:54,733] {dag.py:2280} INFO - Setting next_dagrun for example_subdag_operator.section-1 to None
[2021-05-01 06:12:54,734] {logging_mixin.py:104} INFO - [2021-05-01 06:12:54,734] {dag.py:2280} INFO - Setting next_dagrun for example_subdag_operator.section-2 to None
[2021-05-01 06:12:54,748] {logging_mixin.py:104} INFO - [2021-05-01 06:12:54,748] {dag.py:1824} INFO - Sync 2 DAGs
[2021-05-01 06:12:54,763] {logging_mixin.py:104} INFO - [2021-05-01 06:12:54,763] {dag.py:2280} INFO - Setting next_dagrun for example_subdag_operator.section-1 to None
[2021-05-01 06:12:54,764] {logging_mixin.py:104} INFO - [2021-05-01 06:12:54,764] {dag.py:2280} INFO - Setting next_dagrun for example_subdag_operator.section-2 to None
[2021-05-01 06:12:54,775] {scheduler_job.py:190} INFO - Processing /home/airflow/.local/lib/python3.6/site-packages/airflow/example_dags/example_subdag_operator.py took 0.128 seconds
[2021-05-01 06:13:25,477] {scheduler_job.py:182} INFO - Started process (PID=3759) to work on /home/airflow/.local/lib/python3.6/site-packages/airflow/example_dags/example_subdag_operator.py
[2021-05-01 06:13:25,479] {scheduler_job.py:629} INFO - Processing file /home/airflow/.local/lib/python3.6/site-packages/airflow/example_dags/example_subdag_operator.py for tasks to queue
[2021-05-01 06:13:25,480] {logging_mixin.py:104} INFO - [2021-05-01 06:13:25,479] {dagbag.py:451} INFO - Filling up the DagBag from /home/airflow/.local/lib/python3.6/site-packages/airflow/example_dags/example_subdag_operator.py
[2021-05-01 06:13:25,519] {scheduler_job.py:639} INFO - DAG(s) dict_keys(['example_subdag_operator.section-1', 'example_subdag_operator.section-2', 'example_subdag_operator']) retrieved from /home/airflow/.local/lib/python3.6/site-packages/airflow/example_dags/example_subdag_operator.py
[2021-05-01 06:13:25,533] {logging_mixin.py:104} INFO - [2021-05-01 06:13:25,533] {dag.py:1824} INFO - Sync 3 DAGs
[2021-05-01 06:13:25,550] {logging_mixin.py:104} INFO - [2021-05-01 06:13:25,550] {dag.py:2280} INFO - Setting next_dagrun for example_subdag_operator to 2021-04-29 00:00:00+00:00
[2021-05-01 06:13:25,552] {logging_mixin.py:104} INFO - [2021-05-01 06:13:25,552] {dag.py:2280} INFO - Setting next_dagrun for example_subdag_operator.section-1 to None
[2021-05-01 06:13:25,552] {logging_mixin.py:104} INFO - [2021-05-01 06:13:25,552] {dag.py:2280} INFO - Setting next_dagrun for example_subdag_operator.section-2 to None
[2021-05-01 06:13:25,563] {logging_mixin.py:104} INFO - [2021-05-01 06:13:25,563] {dag.py:1824} INFO - Sync 2 DAGs
[2021-05-01 06:13:25,576] {logging_mixin.py:104} INFO - [2021-05-01 06:13:25,576] {dag.py:2280} INFO - Setting next_dagrun for example_subdag_operator.section-1 to None
[2021-05-01 06:13:25,576] {logging_mixin.py:104} INFO - [2021-05-01 06:13:25,576] {dag.py:2280} INFO - Setting next_dagrun for example_subdag_operator.section-2 to None
[2021-05-01 06:13:25,588] {scheduler_job.py:190} INFO - Processing /home/airflow/.local/lib/python3.6/site-packages/airflow/example_dags/example_subdag_operator.py took 0.114 seconds
[2021-05-01 06:13:55,627] {scheduler_job.py:182} INFO - Started process (PID=3792) to work on /home/airflow/.local/lib/python3.6/site-packages/airflow/example_dags/example_subdag_operator.py
[2021-05-01 06:13:55,628] {scheduler_job.py:629} INFO - Processing file /home/airflow/.local/lib/python3.6/site-packages/airflow/example_dags/example_subdag_operator.py for tasks to queue
[2021-05-01 06:13:55,629] {logging_mixin.py:104} INFO - [2021-05-01 06:13:55,629] {dagbag.py:451} INFO - Filling up the DagBag from /home/airflow/.local/lib/python3.6/site-packages/airflow/example_dags/example_subdag_operator.py
[2021-05-01 06:13:55,664] {scheduler_job.py:639} INFO - DAG(s) dict_keys(['example_subdag_operator.section-1', 'example_subdag_operator.section-2', 'example_subdag_operator']) retrieved from /home/airflow/.local/lib/python3.6/site-packages/airflow/example_dags/example_subdag_operator.py
[2021-05-01 06:13:55,678] {logging_mixin.py:104} INFO - [2021-05-01 06:13:55,678] {dag.py:1824} INFO - Sync 3 DAGs
[2021-05-01 06:13:55,694] {logging_mixin.py:104} INFO - [2021-05-01 06:13:55,694] {dag.py:2280} INFO - Setting next_dagrun for example_subdag_operator to 2021-04-29 00:00:00+00:00
[2021-05-01 06:13:55,696] {logging_mixin.py:104} INFO - [2021-05-01 06:13:55,696] {dag.py:2280} INFO - Setting next_dagrun for example_subdag_operator.section-1 to None
[2021-05-01 06:13:55,696] {logging_mixin.py:104} INFO - [2021-05-01 06:13:55,696] {dag.py:2280} INFO - Setting next_dagrun for example_subdag_operator.section-2 to None
[2021-05-01 06:13:55,706] {logging_mixin.py:104} INFO - [2021-05-01 06:13:55,706] {dag.py:1824} INFO - Sync 2 DAGs
[2021-05-01 06:13:55,720] {logging_mixin.py:104} INFO - [2021-05-01 06:13:55,720] {dag.py:2280} INFO - Setting next_dagrun for example_subdag_operator.section-1 to None
[2021-05-01 06:13:55,721] {logging_mixin.py:104} INFO - [2021-05-01 06:13:55,721] {dag.py:2280} INFO - Setting next_dagrun for example_subdag_operator.section-2 to None
[2021-05-01 06:13:55,736] {scheduler_job.py:190} INFO - Processing /home/airflow/.local/lib/python3.6/site-packages/airflow/example_dags/example_subdag_operator.py took 0.112 seconds
[2021-05-01 06:14:26,447] {scheduler_job.py:182} INFO - Started process (PID=3825) to work on /home/airflow/.local/lib/python3.6/site-packages/airflow/example_dags/example_subdag_operator.py
[2021-05-01 06:14:26,449] {scheduler_job.py:629} INFO - Processing file /home/airflow/.local/lib/python3.6/site-packages/airflow/example_dags/example_subdag_operator.py for tasks to queue
[2021-05-01 06:14:26,450] {logging_mixin.py:104} INFO - [2021-05-01 06:14:26,450] {dagbag.py:451} INFO - Filling up the DagBag from /home/airflow/.local/lib/python3.6/site-packages/airflow/example_dags/example_subdag_operator.py
[2021-05-01 06:14:26,489] {scheduler_job.py:639} INFO - DAG(s) dict_keys(['example_subdag_operator.section-1', 'example_subdag_operator.section-2', 'example_subdag_operator']) retrieved from /home/airflow/.local/lib/python3.6/site-packages/airflow/example_dags/example_subdag_operator.py
[2021-05-01 06:14:26,507] {logging_mixin.py:104} INFO - [2021-05-01 06:14:26,507] {dag.py:1824} INFO - Sync 3 DAGs
[2021-05-01 06:14:26,536] {logging_mixin.py:104} INFO - [2021-05-01 06:14:26,536] {dag.py:2280} INFO - Setting next_dagrun for example_subdag_operator to 2021-04-29 00:00:00+00:00
[2021-05-01 06:14:26,539] {logging_mixin.py:104} INFO - [2021-05-01 06:14:26,539] {dag.py:2280} INFO - Setting next_dagrun for example_subdag_operator.section-1 to None
[2021-05-01 06:14:26,539] {logging_mixin.py:104} INFO - [2021-05-01 06:14:26,539] {dag.py:2280} INFO - Setting next_dagrun for example_subdag_operator.section-2 to None
[2021-05-01 06:14:26,550] {logging_mixin.py:104} INFO - [2021-05-01 06:14:26,550] {dag.py:1824} INFO - Sync 2 DAGs
[2021-05-01 06:14:26,560] {logging_mixin.py:104} INFO - [2021-05-01 06:14:26,559] {dag.py:2280} INFO - Setting next_dagrun for example_subdag_operator.section-1 to None
[2021-05-01 06:14:26,560] {logging_mixin.py:104} INFO - [2021-05-01 06:14:26,560] {dag.py:2280} INFO - Setting next_dagrun for example_subdag_operator.section-2 to None
[2021-05-01 06:14:26,568] {scheduler_job.py:190} INFO - Processing /home/airflow/.local/lib/python3.6/site-packages/airflow/example_dags/example_subdag_operator.py took 0.126 seconds
[2021-05-01 06:14:56,965] {scheduler_job.py:182} INFO - Started process (PID=3858) to work on /home/airflow/.local/lib/python3.6/site-packages/airflow/example_dags/example_subdag_operator.py
[2021-05-01 06:14:56,966] {scheduler_job.py:629} INFO - Processing file /home/airflow/.local/lib/python3.6/site-packages/airflow/example_dags/example_subdag_operator.py for tasks to queue
[2021-05-01 06:14:56,967] {logging_mixin.py:104} INFO - [2021-05-01 06:14:56,967] {dagbag.py:451} INFO - Filling up the DagBag from /home/airflow/.local/lib/python3.6/site-packages/airflow/example_dags/example_subdag_operator.py
[2021-05-01 06:14:57,002] {scheduler_job.py:639} INFO - DAG(s) dict_keys(['example_subdag_operator.section-1', 'example_subdag_operator.section-2', 'example_subdag_operator']) retrieved from /home/airflow/.local/lib/python3.6/site-packages/airflow/example_dags/example_subdag_operator.py
[2021-05-01 06:14:57,019] {logging_mixin.py:104} INFO - [2021-05-01 06:14:57,019] {dag.py:1824} INFO - Sync 3 DAGs
[2021-05-01 06:14:57,038] {logging_mixin.py:104} INFO - [2021-05-01 06:14:57,038] {dag.py:2280} INFO - Setting next_dagrun for example_subdag_operator to 2021-04-29 00:00:00+00:00
[2021-05-01 06:14:57,040] {logging_mixin.py:104} INFO - [2021-05-01 06:14:57,040] {dag.py:2280} INFO - Setting next_dagrun for example_subdag_operator.section-1 to None
[2021-05-01 06:14:57,040] {logging_mixin.py:104} INFO - [2021-05-01 06:14:57,040] {dag.py:2280} INFO - Setting next_dagrun for example_subdag_operator.section-2 to None
[2021-05-01 06:14:57,051] {logging_mixin.py:104} INFO - [2021-05-01 06:14:57,051] {dag.py:1824} INFO - Sync 2 DAGs
[2021-05-01 06:14:57,062] {logging_mixin.py:104} INFO - [2021-05-01 06:14:57,062] {dag.py:2280} INFO - Setting next_dagrun for example_subdag_operator.section-1 to None
[2021-05-01 06:14:57,063] {logging_mixin.py:104} INFO - [2021-05-01 06:14:57,063] {dag.py:2280} INFO - Setting next_dagrun for example_subdag_operator.section-2 to None
[2021-05-01 06:14:57,072] {scheduler_job.py:190} INFO - Processing /home/airflow/.local/lib/python3.6/site-packages/airflow/example_dags/example_subdag_operator.py took 0.109 seconds
[2021-05-01 06:15:27,502] {scheduler_job.py:182} INFO - Started process (PID=3891) to work on /home/airflow/.local/lib/python3.6/site-packages/airflow/example_dags/example_subdag_operator.py
[2021-05-01 06:15:27,504] {scheduler_job.py:629} INFO - Processing file /home/airflow/.local/lib/python3.6/site-packages/airflow/example_dags/example_subdag_operator.py for tasks to queue
[2021-05-01 06:15:27,505] {logging_mixin.py:104} INFO - [2021-05-01 06:15:27,505] {dagbag.py:451} INFO - Filling up the DagBag from /home/airflow/.local/lib/python3.6/site-packages/airflow/example_dags/example_subdag_operator.py
[2021-05-01 06:15:27,540] {scheduler_job.py:639} INFO - DAG(s) dict_keys(['example_subdag_operator.section-1', 'example_subdag_operator.section-2', 'example_subdag_operator']) retrieved from /home/airflow/.local/lib/python3.6/site-packages/airflow/example_dags/example_subdag_operator.py
[2021-05-01 06:15:27,553] {logging_mixin.py:104} INFO - [2021-05-01 06:15:27,552] {dag.py:1824} INFO - Sync 3 DAGs
[2021-05-01 06:15:27,573] {logging_mixin.py:104} INFO - [2021-05-01 06:15:27,573] {dag.py:2280} INFO - Setting next_dagrun for example_subdag_operator to 2021-04-29 00:00:00+00:00
[2021-05-01 06:15:27,574] {logging_mixin.py:104} INFO - [2021-05-01 06:15:27,574] {dag.py:2280} INFO - Setting next_dagrun for example_subdag_operator.section-1 to None
[2021-05-01 06:15:27,574] {logging_mixin.py:104} INFO - [2021-05-01 06:15:27,574] {dag.py:2280} INFO - Setting next_dagrun for example_subdag_operator.section-2 to None
[2021-05-01 06:15:27,585] {logging_mixin.py:104} INFO - [2021-05-01 06:15:27,585] {dag.py:1824} INFO - Sync 2 DAGs
[2021-05-01 06:15:27,594] {logging_mixin.py:104} INFO - [2021-05-01 06:15:27,594] {dag.py:2280} INFO - Setting next_dagrun for example_subdag_operator.section-1 to None
[2021-05-01 06:15:27,595] {logging_mixin.py:104} INFO - [2021-05-01 06:15:27,595] {dag.py:2280} INFO - Setting next_dagrun for example_subdag_operator.section-2 to None
[2021-05-01 06:15:27,605] {scheduler_job.py:190} INFO - Processing /home/airflow/.local/lib/python3.6/site-packages/airflow/example_dags/example_subdag_operator.py took 0.106 seconds
[2021-05-01 06:15:58,105] {scheduler_job.py:182} INFO - Started process (PID=3924) to work on /home/airflow/.local/lib/python3.6/site-packages/airflow/example_dags/example_subdag_operator.py
[2021-05-01 06:15:58,106] {scheduler_job.py:629} INFO - Processing file /home/airflow/.local/lib/python3.6/site-packages/airflow/example_dags/example_subdag_operator.py for tasks to queue
[2021-05-01 06:15:58,107] {logging_mixin.py:104} INFO - [2021-05-01 06:15:58,107] {dagbag.py:451} INFO - Filling up the DagBag from /home/airflow/.local/lib/python3.6/site-packages/airflow/example_dags/example_subdag_operator.py
[2021-05-01 06:15:58,142] {scheduler_job.py:639} INFO - DAG(s) dict_keys(['example_subdag_operator.section-1', 'example_subdag_operator.section-2', 'example_subdag_operator']) retrieved from /home/airflow/.local/lib/python3.6/site-packages/airflow/example_dags/example_subdag_operator.py
[2021-05-01 06:15:58,156] {logging_mixin.py:104} INFO - [2021-05-01 06:15:58,155] {dag.py:1824} INFO - Sync 3 DAGs
[2021-05-01 06:15:58,173] {logging_mixin.py:104} INFO - [2021-05-01 06:15:58,173] {dag.py:2280} INFO - Setting next_dagrun for example_subdag_operator to 2021-04-29 00:00:00+00:00
[2021-05-01 06:15:58,174] {logging_mixin.py:104} INFO - [2021-05-01 06:15:58,174] {dag.py:2280} INFO - Setting next_dagrun for example_subdag_operator.section-1 to None
[2021-05-01 06:15:58,175] {logging_mixin.py:104} INFO - [2021-05-01 06:15:58,175] {dag.py:2280} INFO - Setting next_dagrun for example_subdag_operator.section-2 to None
[2021-05-01 06:15:58,185] {logging_mixin.py:104} INFO - [2021-05-01 06:15:58,185] {dag.py:1824} INFO - Sync 2 DAGs
[2021-05-01 06:15:58,194] {logging_mixin.py:104} INFO - [2021-05-01 06:15:58,194] {dag.py:2280} INFO - Setting next_dagrun for example_subdag_operator.section-1 to None
[2021-05-01 06:15:58,195] {logging_mixin.py:104} INFO - [2021-05-01 06:15:58,195] {dag.py:2280} INFO - Setting next_dagrun for example_subdag_operator.section-2 to None
[2021-05-01 06:15:58,204] {scheduler_job.py:190} INFO - Processing /home/airflow/.local/lib/python3.6/site-packages/airflow/example_dags/example_subdag_operator.py took 0.102 seconds
[2021-05-01 06:16:28,740] {scheduler_job.py:182} INFO - Started process (PID=3957) to work on /home/airflow/.local/lib/python3.6/site-packages/airflow/example_dags/example_subdag_operator.py
[2021-05-01 06:16:28,741] {scheduler_job.py:629} INFO - Processing file /home/airflow/.local/lib/python3.6/site-packages/airflow/example_dags/example_subdag_operator.py for tasks to queue
[2021-05-01 06:16:28,742] {logging_mixin.py:104} INFO - [2021-05-01 06:16:28,742] {dagbag.py:451} INFO - Filling up the DagBag from /home/airflow/.local/lib/python3.6/site-packages/airflow/example_dags/example_subdag_operator.py
[2021-05-01 06:16:28,777] {scheduler_job.py:639} INFO - DAG(s) dict_keys(['example_subdag_operator.section-1', 'example_subdag_operator.section-2', 'example_subdag_operator']) retrieved from /home/airflow/.local/lib/python3.6/site-packages/airflow/example_dags/example_subdag_operator.py
[2021-05-01 06:16:28,790] {logging_mixin.py:104} INFO - [2021-05-01 06:16:28,790] {dag.py:1824} INFO - Sync 3 DAGs
[2021-05-01 06:16:28,807] {logging_mixin.py:104} INFO - [2021-05-01 06:16:28,807] {dag.py:2280} INFO - Setting next_dagrun for example_subdag_operator to 2021-04-29 00:00:00+00:00
[2021-05-01 06:16:28,808] {logging_mixin.py:104} INFO - [2021-05-01 06:16:28,808] {dag.py:2280} INFO - Setting next_dagrun for example_subdag_operator.section-1 to None
[2021-05-01 06:16:28,809] {logging_mixin.py:104} INFO - [2021-05-01 06:16:28,809] {dag.py:2280} INFO - Setting next_dagrun for example_subdag_operator.section-2 to None
[2021-05-01 06:16:28,820] {logging_mixin.py:104} INFO - [2021-05-01 06:16:28,820] {dag.py:1824} INFO - Sync 2 DAGs
[2021-05-01 06:16:28,830] {logging_mixin.py:104} INFO - [2021-05-01 06:16:28,830] {dag.py:2280} INFO - Setting next_dagrun for example_subdag_operator.section-1 to None
[2021-05-01 06:16:28,830] {logging_mixin.py:104} INFO - [2021-05-01 06:16:28,830] {dag.py:2280} INFO - Setting next_dagrun for example_subdag_operator.section-2 to None
[2021-05-01 06:16:28,837] {scheduler_job.py:190} INFO - Processing /home/airflow/.local/lib/python3.6/site-packages/airflow/example_dags/example_subdag_operator.py took 0.100 seconds
[2021-05-01 06:16:59,359] {scheduler_job.py:182} INFO - Started process (PID=3990) to work on /home/airflow/.local/lib/python3.6/site-packages/airflow/example_dags/example_subdag_operator.py
[2021-05-01 06:16:59,361] {scheduler_job.py:629} INFO - Processing file /home/airflow/.local/lib/python3.6/site-packages/airflow/example_dags/example_subdag_operator.py for tasks to queue
[2021-05-01 06:16:59,362] {logging_mixin.py:104} INFO - [2021-05-01 06:16:59,362] {dagbag.py:451} INFO - Filling up the DagBag from /home/airflow/.local/lib/python3.6/site-packages/airflow/example_dags/example_subdag_operator.py
[2021-05-01 06:16:59,399] {scheduler_job.py:639} INFO - DAG(s) dict_keys(['example_subdag_operator.section-1', 'example_subdag_operator.section-2', 'example_subdag_operator']) retrieved from /home/airflow/.local/lib/python3.6/site-packages/airflow/example_dags/example_subdag_operator.py
[2021-05-01 06:16:59,414] {logging_mixin.py:104} INFO - [2021-05-01 06:16:59,414] {dag.py:1824} INFO - Sync 3 DAGs
[2021-05-01 06:16:59,431] {logging_mixin.py:104} INFO - [2021-05-01 06:16:59,430] {dag.py:2280} INFO - Setting next_dagrun for example_subdag_operator to 2021-04-29 00:00:00+00:00
[2021-05-01 06:16:59,432] {logging_mixin.py:104} INFO - [2021-05-01 06:16:59,432] {dag.py:2280} INFO - Setting next_dagrun for example_subdag_operator.section-1 to None
[2021-05-01 06:16:59,432] {logging_mixin.py:104} INFO - [2021-05-01 06:16:59,432] {dag.py:2280} INFO - Setting next_dagrun for example_subdag_operator.section-2 to None
[2021-05-01 06:16:59,445] {logging_mixin.py:104} INFO - [2021-05-01 06:16:59,445] {dag.py:1824} INFO - Sync 2 DAGs
[2021-05-01 06:16:59,455] {logging_mixin.py:104} INFO - [2021-05-01 06:16:59,455] {dag.py:2280} INFO - Setting next_dagrun for example_subdag_operator.section-1 to None
[2021-05-01 06:16:59,456] {logging_mixin.py:104} INFO - [2021-05-01 06:16:59,456] {dag.py:2280} INFO - Setting next_dagrun for example_subdag_operator.section-2 to None
[2021-05-01 06:16:59,465] {scheduler_job.py:190} INFO - Processing /home/airflow/.local/lib/python3.6/site-packages/airflow/example_dags/example_subdag_operator.py took 0.109 seconds
[2021-05-01 06:17:30,071] {scheduler_job.py:182} INFO - Started process (PID=4023) to work on /home/airflow/.local/lib/python3.6/site-packages/airflow/example_dags/example_subdag_operator.py
[2021-05-01 06:17:30,072] {scheduler_job.py:629} INFO - Processing file /home/airflow/.local/lib/python3.6/site-packages/airflow/example_dags/example_subdag_operator.py for tasks to queue
[2021-05-01 06:17:30,074] {logging_mixin.py:104} INFO - [2021-05-01 06:17:30,073] {dagbag.py:451} INFO - Filling up the DagBag from /home/airflow/.local/lib/python3.6/site-packages/airflow/example_dags/example_subdag_operator.py
[2021-05-01 06:17:30,116] {scheduler_job.py:639} INFO - DAG(s) dict_keys(['example_subdag_operator.section-1', 'example_subdag_operator.section-2', 'example_subdag_operator']) retrieved from /home/airflow/.local/lib/python3.6/site-packages/airflow/example_dags/example_subdag_operator.py
[2021-05-01 06:17:30,130] {logging_mixin.py:104} INFO - [2021-05-01 06:17:30,129] {dag.py:1824} INFO - Sync 3 DAGs
[2021-05-01 06:17:30,149] {logging_mixin.py:104} INFO - [2021-05-01 06:17:30,149] {dag.py:2280} INFO - Setting next_dagrun for example_subdag_operator to 2021-04-29 00:00:00+00:00
[2021-05-01 06:17:30,150] {logging_mixin.py:104} INFO - [2021-05-01 06:17:30,150] {dag.py:2280} INFO - Setting next_dagrun for example_subdag_operator.section-1 to None
[2021-05-01 06:17:30,150] {logging_mixin.py:104} INFO - [2021-05-01 06:17:30,150] {dag.py:2280} INFO - Setting next_dagrun for example_subdag_operator.section-2 to None
[2021-05-01 06:17:30,160] {logging_mixin.py:104} INFO - [2021-05-01 06:17:30,160] {dag.py:1824} INFO - Sync 2 DAGs
[2021-05-01 06:17:30,169] {logging_mixin.py:104} INFO - [2021-05-01 06:17:30,169] {dag.py:2280} INFO - Setting next_dagrun for example_subdag_operator.section-1 to None
[2021-05-01 06:17:30,170] {logging_mixin.py:104} INFO - [2021-05-01 06:17:30,170] {dag.py:2280} INFO - Setting next_dagrun for example_subdag_operator.section-2 to None
[2021-05-01 06:17:30,179] {scheduler_job.py:190} INFO - Processing /home/airflow/.local/lib/python3.6/site-packages/airflow/example_dags/example_subdag_operator.py took 0.112 seconds
[2021-05-01 06:18:00,725] {scheduler_job.py:182} INFO - Started process (PID=4062) to work on /home/airflow/.local/lib/python3.6/site-packages/airflow/example_dags/example_subdag_operator.py
[2021-05-01 06:18:00,728] {scheduler_job.py:629} INFO - Processing file /home/airflow/.local/lib/python3.6/site-packages/airflow/example_dags/example_subdag_operator.py for tasks to queue
[2021-05-01 06:18:00,729] {logging_mixin.py:104} INFO - [2021-05-01 06:18:00,729] {dagbag.py:451} INFO - Filling up the DagBag from /home/airflow/.local/lib/python3.6/site-packages/airflow/example_dags/example_subdag_operator.py
[2021-05-01 06:18:00,905] {scheduler_job.py:639} INFO - DAG(s) dict_keys(['example_subdag_operator.section-1', 'example_subdag_operator.section-2', 'example_subdag_operator']) retrieved from /home/airflow/.local/lib/python3.6/site-packages/airflow/example_dags/example_subdag_operator.py
[2021-05-01 06:18:00,948] {logging_mixin.py:104} INFO - [2021-05-01 06:18:00,948] {dag.py:1824} INFO - Sync 3 DAGs
[2021-05-01 06:18:01,050] {logging_mixin.py:104} INFO - [2021-05-01 06:18:01,050] {dag.py:2280} INFO - Setting next_dagrun for example_subdag_operator to 2021-04-29 00:00:00+00:00
[2021-05-01 06:18:01,055] {logging_mixin.py:104} INFO - [2021-05-01 06:18:01,054] {dag.py:2280} INFO - Setting next_dagrun for example_subdag_operator.section-1 to None
[2021-05-01 06:18:01,056] {logging_mixin.py:104} INFO - [2021-05-01 06:18:01,056] {dag.py:2280} INFO - Setting next_dagrun for example_subdag_operator.section-2 to None
[2021-05-01 06:18:01,165] {logging_mixin.py:104} INFO - [2021-05-01 06:18:01,164] {dag.py:1824} INFO - Sync 2 DAGs
[2021-05-01 06:18:01,206] {logging_mixin.py:104} INFO - [2021-05-01 06:18:01,205] {dag.py:2280} INFO - Setting next_dagrun for example_subdag_operator.section-1 to None
[2021-05-01 06:18:01,208] {logging_mixin.py:104} INFO - [2021-05-01 06:18:01,207] {dag.py:2280} INFO - Setting next_dagrun for example_subdag_operator.section-2 to None
[2021-05-01 06:18:01,340] {scheduler_job.py:190} INFO - Processing /home/airflow/.local/lib/python3.6/site-packages/airflow/example_dags/example_subdag_operator.py took 0.623 seconds
[2021-05-01 06:18:31,918] {scheduler_job.py:182} INFO - Started process (PID=4102) to work on /home/airflow/.local/lib/python3.6/site-packages/airflow/example_dags/example_subdag_operator.py
[2021-05-01 06:18:31,922] {scheduler_job.py:629} INFO - Processing file /home/airflow/.local/lib/python3.6/site-packages/airflow/example_dags/example_subdag_operator.py for tasks to queue
[2021-05-01 06:18:31,924] {logging_mixin.py:104} INFO - [2021-05-01 06:18:31,924] {dagbag.py:451} INFO - Filling up the DagBag from /home/airflow/.local/lib/python3.6/site-packages/airflow/example_dags/example_subdag_operator.py
[2021-05-01 06:18:32,007] {scheduler_job.py:639} INFO - DAG(s) dict_keys(['example_subdag_operator.section-1', 'example_subdag_operator.section-2', 'example_subdag_operator']) retrieved from /home/airflow/.local/lib/python3.6/site-packages/airflow/example_dags/example_subdag_operator.py
[2021-05-01 06:18:32,061] {logging_mixin.py:104} INFO - [2021-05-01 06:18:32,061] {dag.py:1824} INFO - Sync 3 DAGs
[2021-05-01 06:18:32,139] {logging_mixin.py:104} INFO - [2021-05-01 06:18:32,138] {dag.py:2280} INFO - Setting next_dagrun for example_subdag_operator to 2021-04-29 00:00:00+00:00
[2021-05-01 06:18:32,153] {logging_mixin.py:104} INFO - [2021-05-01 06:18:32,142] {dag.py:2280} INFO - Setting next_dagrun for example_subdag_operator.section-1 to None
[2021-05-01 06:18:32,155] {logging_mixin.py:104} INFO - [2021-05-01 06:18:32,154] {dag.py:2280} INFO - Setting next_dagrun for example_subdag_operator.section-2 to None
[2021-05-01 06:18:32,187] {logging_mixin.py:104} INFO - [2021-05-01 06:18:32,186] {dag.py:1824} INFO - Sync 2 DAGs
[2021-05-01 06:18:32,222] {logging_mixin.py:104} INFO - [2021-05-01 06:18:32,221] {dag.py:2280} INFO - Setting next_dagrun for example_subdag_operator.section-1 to None
[2021-05-01 06:18:32,224] {logging_mixin.py:104} INFO - [2021-05-01 06:18:32,223] {dag.py:2280} INFO - Setting next_dagrun for example_subdag_operator.section-2 to None
[2021-05-01 06:18:32,248] {scheduler_job.py:190} INFO - Processing /home/airflow/.local/lib/python3.6/site-packages/airflow/example_dags/example_subdag_operator.py took 0.339 seconds
[2021-05-01 06:19:03,124] {scheduler_job.py:182} INFO - Started process (PID=4135) to work on /home/airflow/.local/lib/python3.6/site-packages/airflow/example_dags/example_subdag_operator.py
[2021-05-01 06:19:03,125] {scheduler_job.py:629} INFO - Processing file /home/airflow/.local/lib/python3.6/site-packages/airflow/example_dags/example_subdag_operator.py for tasks to queue
[2021-05-01 06:19:03,126] {logging_mixin.py:104} INFO - [2021-05-01 06:19:03,126] {dagbag.py:451} INFO - Filling up the DagBag from /home/airflow/.local/lib/python3.6/site-packages/airflow/example_dags/example_subdag_operator.py
[2021-05-01 06:19:03,159] {scheduler_job.py:639} INFO - DAG(s) dict_keys(['example_subdag_operator.section-1', 'example_subdag_operator.section-2', 'example_subdag_operator']) retrieved from /home/airflow/.local/lib/python3.6/site-packages/airflow/example_dags/example_subdag_operator.py
[2021-05-01 06:19:03,171] {logging_mixin.py:104} INFO - [2021-05-01 06:19:03,171] {dag.py:1824} INFO - Sync 3 DAGs
[2021-05-01 06:19:03,191] {logging_mixin.py:104} INFO - [2021-05-01 06:19:03,190] {dag.py:2280} INFO - Setting next_dagrun for example_subdag_operator to 2021-04-29 00:00:00+00:00
[2021-05-01 06:19:03,192] {logging_mixin.py:104} INFO - [2021-05-01 06:19:03,192] {dag.py:2280} INFO - Setting next_dagrun for example_subdag_operator.section-1 to None
[2021-05-01 06:19:03,193] {logging_mixin.py:104} INFO - [2021-05-01 06:19:03,192] {dag.py:2280} INFO - Setting next_dagrun for example_subdag_operator.section-2 to None
[2021-05-01 06:19:03,204] {logging_mixin.py:104} INFO - [2021-05-01 06:19:03,204] {dag.py:1824} INFO - Sync 2 DAGs
[2021-05-01 06:19:03,214] {logging_mixin.py:104} INFO - [2021-05-01 06:19:03,214] {dag.py:2280} INFO - Setting next_dagrun for example_subdag_operator.section-1 to None
[2021-05-01 06:19:03,214] {logging_mixin.py:104} INFO - [2021-05-01 06:19:03,214] {dag.py:2280} INFO - Setting next_dagrun for example_subdag_operator.section-2 to None
[2021-05-01 06:19:03,223] {scheduler_job.py:190} INFO - Processing /home/airflow/.local/lib/python3.6/site-packages/airflow/example_dags/example_subdag_operator.py took 0.103 seconds
[2021-05-01 06:19:33,735] {scheduler_job.py:182} INFO - Started process (PID=4168) to work on /home/airflow/.local/lib/python3.6/site-packages/airflow/example_dags/example_subdag_operator.py
[2021-05-01 06:19:33,736] {scheduler_job.py:629} INFO - Processing file /home/airflow/.local/lib/python3.6/site-packages/airflow/example_dags/example_subdag_operator.py for tasks to queue
[2021-05-01 06:19:33,737] {logging_mixin.py:104} INFO - [2021-05-01 06:19:33,737] {dagbag.py:451} INFO - Filling up the DagBag from /home/airflow/.local/lib/python3.6/site-packages/airflow/example_dags/example_subdag_operator.py
[2021-05-01 06:19:33,772] {scheduler_job.py:639} INFO - DAG(s) dict_keys(['example_subdag_operator.section-1', 'example_subdag_operator.section-2', 'example_subdag_operator']) retrieved from /home/airflow/.local/lib/python3.6/site-packages/airflow/example_dags/example_subdag_operator.py
[2021-05-01 06:19:33,784] {logging_mixin.py:104} INFO - [2021-05-01 06:19:33,784] {dag.py:1824} INFO - Sync 3 DAGs
[2021-05-01 06:19:33,804] {logging_mixin.py:104} INFO - [2021-05-01 06:19:33,804] {dag.py:2280} INFO - Setting next_dagrun for example_subdag_operator to 2021-04-29 00:00:00+00:00
[2021-05-01 06:19:33,805] {logging_mixin.py:104} INFO - [2021-05-01 06:19:33,805] {dag.py:2280} INFO - Setting next_dagrun for example_subdag_operator.section-1 to None
[2021-05-01 06:19:33,806] {logging_mixin.py:104} INFO - [2021-05-01 06:19:33,806] {dag.py:2280} INFO - Setting next_dagrun for example_subdag_operator.section-2 to None
[2021-05-01 06:19:33,815] {logging_mixin.py:104} INFO - [2021-05-01 06:19:33,815] {dag.py:1824} INFO - Sync 2 DAGs
[2021-05-01 06:19:33,827] {logging_mixin.py:104} INFO - [2021-05-01 06:19:33,827] {dag.py:2280} INFO - Setting next_dagrun for example_subdag_operator.section-1 to None
[2021-05-01 06:19:33,828] {logging_mixin.py:104} INFO - [2021-05-01 06:19:33,828] {dag.py:2280} INFO - Setting next_dagrun for example_subdag_operator.section-2 to None
[2021-05-01 06:19:33,838] {scheduler_job.py:190} INFO - Processing /home/airflow/.local/lib/python3.6/site-packages/airflow/example_dags/example_subdag_operator.py took 0.106 seconds
[2021-05-01 06:20:04,360] {scheduler_job.py:182} INFO - Started process (PID=4208) to work on /home/airflow/.local/lib/python3.6/site-packages/airflow/example_dags/example_subdag_operator.py
[2021-05-01 06:20:04,361] {scheduler_job.py:629} INFO - Processing file /home/airflow/.local/lib/python3.6/site-packages/airflow/example_dags/example_subdag_operator.py for tasks to queue
[2021-05-01 06:20:04,362] {logging_mixin.py:104} INFO - [2021-05-01 06:20:04,361] {dagbag.py:451} INFO - Filling up the DagBag from /home/airflow/.local/lib/python3.6/site-packages/airflow/example_dags/example_subdag_operator.py
[2021-05-01 06:20:04,396] {scheduler_job.py:639} INFO - DAG(s) dict_keys(['example_subdag_operator.section-1', 'example_subdag_operator.section-2', 'example_subdag_operator']) retrieved from /home/airflow/.local/lib/python3.6/site-packages/airflow/example_dags/example_subdag_operator.py
[2021-05-01 06:20:04,409] {logging_mixin.py:104} INFO - [2021-05-01 06:20:04,409] {dag.py:1824} INFO - Sync 3 DAGs
[2021-05-01 06:20:04,429] {logging_mixin.py:104} INFO - [2021-05-01 06:20:04,429] {dag.py:2280} INFO - Setting next_dagrun for example_subdag_operator to 2021-04-29 00:00:00+00:00
[2021-05-01 06:20:04,430] {logging_mixin.py:104} INFO - [2021-05-01 06:20:04,430] {dag.py:2280} INFO - Setting next_dagrun for example_subdag_operator.section-1 to None
[2021-05-01 06:20:04,431] {logging_mixin.py:104} INFO - [2021-05-01 06:20:04,430] {dag.py:2280} INFO - Setting next_dagrun for example_subdag_operator.section-2 to None
[2021-05-01 06:20:04,441] {logging_mixin.py:104} INFO - [2021-05-01 06:20:04,441] {dag.py:1824} INFO - Sync 2 DAGs
[2021-05-01 06:20:04,451] {logging_mixin.py:104} INFO - [2021-05-01 06:20:04,451] {dag.py:2280} INFO - Setting next_dagrun for example_subdag_operator.section-1 to None
[2021-05-01 06:20:04,451] {logging_mixin.py:104} INFO - [2021-05-01 06:20:04,451] {dag.py:2280} INFO - Setting next_dagrun for example_subdag_operator.section-2 to None
[2021-05-01 06:20:04,461] {scheduler_job.py:190} INFO - Processing /home/airflow/.local/lib/python3.6/site-packages/airflow/example_dags/example_subdag_operator.py took 0.104 seconds
[2021-05-01 06:20:34,870] {scheduler_job.py:182} INFO - Started process (PID=4241) to work on /home/airflow/.local/lib/python3.6/site-packages/airflow/example_dags/example_subdag_operator.py
[2021-05-01 06:20:34,871] {scheduler_job.py:629} INFO - Processing file /home/airflow/.local/lib/python3.6/site-packages/airflow/example_dags/example_subdag_operator.py for tasks to queue
[2021-05-01 06:20:34,872] {logging_mixin.py:104} INFO - [2021-05-01 06:20:34,872] {dagbag.py:451} INFO - Filling up the DagBag from /home/airflow/.local/lib/python3.6/site-packages/airflow/example_dags/example_subdag_operator.py
[2021-05-01 06:20:34,903] {scheduler_job.py:639} INFO - DAG(s) dict_keys(['example_subdag_operator.section-1', 'example_subdag_operator.section-2', 'example_subdag_operator']) retrieved from /home/airflow/.local/lib/python3.6/site-packages/airflow/example_dags/example_subdag_operator.py
[2021-05-01 06:20:34,917] {logging_mixin.py:104} INFO - [2021-05-01 06:20:34,917] {dag.py:1824} INFO - Sync 3 DAGs
[2021-05-01 06:20:34,936] {logging_mixin.py:104} INFO - [2021-05-01 06:20:34,936] {dag.py:2280} INFO - Setting next_dagrun for example_subdag_operator to 2021-04-29 00:00:00+00:00
[2021-05-01 06:20:34,938] {logging_mixin.py:104} INFO - [2021-05-01 06:20:34,937] {dag.py:2280} INFO - Setting next_dagrun for example_subdag_operator.section-1 to None
[2021-05-01 06:20:34,938] {logging_mixin.py:104} INFO - [2021-05-01 06:20:34,938] {dag.py:2280} INFO - Setting next_dagrun for example_subdag_operator.section-2 to None
[2021-05-01 06:20:34,947] {logging_mixin.py:104} INFO - [2021-05-01 06:20:34,947] {dag.py:1824} INFO - Sync 2 DAGs
[2021-05-01 06:20:34,957] {logging_mixin.py:104} INFO - [2021-05-01 06:20:34,957] {dag.py:2280} INFO - Setting next_dagrun for example_subdag_operator.section-1 to None
[2021-05-01 06:20:34,957] {logging_mixin.py:104} INFO - [2021-05-01 06:20:34,957] {dag.py:2280} INFO - Setting next_dagrun for example_subdag_operator.section-2 to None
[2021-05-01 06:20:34,966] {scheduler_job.py:190} INFO - Processing /home/airflow/.local/lib/python3.6/site-packages/airflow/example_dags/example_subdag_operator.py took 0.099 seconds
[2021-05-01 06:21:05,048] {scheduler_job.py:182} INFO - Started process (PID=4274) to work on /home/airflow/.local/lib/python3.6/site-packages/airflow/example_dags/example_subdag_operator.py
[2021-05-01 06:21:05,049] {scheduler_job.py:629} INFO - Processing file /home/airflow/.local/lib/python3.6/site-packages/airflow/example_dags/example_subdag_operator.py for tasks to queue
[2021-05-01 06:21:05,050] {logging_mixin.py:104} INFO - [2021-05-01 06:21:05,050] {dagbag.py:451} INFO - Filling up the DagBag from /home/airflow/.local/lib/python3.6/site-packages/airflow/example_dags/example_subdag_operator.py
[2021-05-01 06:21:05,090] {scheduler_job.py:639} INFO - DAG(s) dict_keys(['example_subdag_operator.section-1', 'example_subdag_operator.section-2', 'example_subdag_operator']) retrieved from /home/airflow/.local/lib/python3.6/site-packages/airflow/example_dags/example_subdag_operator.py
[2021-05-01 06:21:05,103] {logging_mixin.py:104} INFO - [2021-05-01 06:21:05,103] {dag.py:1824} INFO - Sync 3 DAGs
[2021-05-01 06:21:05,125] {logging_mixin.py:104} INFO - [2021-05-01 06:21:05,125] {dag.py:2280} INFO - Setting next_dagrun for example_subdag_operator to 2021-04-29 00:00:00+00:00
[2021-05-01 06:21:05,127] {logging_mixin.py:104} INFO - [2021-05-01 06:21:05,127] {dag.py:2280} INFO - Setting next_dagrun for example_subdag_operator.section-1 to None
[2021-05-01 06:21:05,127] {logging_mixin.py:104} INFO - [2021-05-01 06:21:05,127] {dag.py:2280} INFO - Setting next_dagrun for example_subdag_operator.section-2 to None
[2021-05-01 06:21:05,136] {logging_mixin.py:104} INFO - [2021-05-01 06:21:05,136] {dag.py:1824} INFO - Sync 2 DAGs
[2021-05-01 06:21:05,148] {logging_mixin.py:104} INFO - [2021-05-01 06:21:05,148] {dag.py:2280} INFO - Setting next_dagrun for example_subdag_operator.section-1 to None
[2021-05-01 06:21:05,148] {logging_mixin.py:104} INFO - [2021-05-01 06:21:05,148] {dag.py:2280} INFO - Setting next_dagrun for example_subdag_operator.section-2 to None
[2021-05-01 06:21:05,158] {scheduler_job.py:190} INFO - Processing /home/airflow/.local/lib/python3.6/site-packages/airflow/example_dags/example_subdag_operator.py took 0.114 seconds
[2021-05-01 06:21:36,098] {scheduler_job.py:182} INFO - Started process (PID=4307) to work on /home/airflow/.local/lib/python3.6/site-packages/airflow/example_dags/example_subdag_operator.py
[2021-05-01 06:21:36,101] {scheduler_job.py:629} INFO - Processing file /home/airflow/.local/lib/python3.6/site-packages/airflow/example_dags/example_subdag_operator.py for tasks to queue
[2021-05-01 06:21:36,102] {logging_mixin.py:104} INFO - [2021-05-01 06:21:36,101] {dagbag.py:451} INFO - Filling up the DagBag from /home/airflow/.local/lib/python3.6/site-packages/airflow/example_dags/example_subdag_operator.py
[2021-05-01 06:21:36,157] {scheduler_job.py:639} INFO - DAG(s) dict_keys(['example_subdag_operator.section-1', 'example_subdag_operator.section-2', 'example_subdag_operator']) retrieved from /home/airflow/.local/lib/python3.6/site-packages/airflow/example_dags/example_subdag_operator.py
[2021-05-01 06:21:36,177] {logging_mixin.py:104} INFO - [2021-05-01 06:21:36,177] {dag.py:1824} INFO - Sync 3 DAGs
[2021-05-01 06:21:36,206] {logging_mixin.py:104} INFO - [2021-05-01 06:21:36,206] {dag.py:2280} INFO - Setting next_dagrun for example_subdag_operator to 2021-04-29 00:00:00+00:00
[2021-05-01 06:21:36,208] {logging_mixin.py:104} INFO - [2021-05-01 06:21:36,208] {dag.py:2280} INFO - Setting next_dagrun for example_subdag_operator.section-1 to None
[2021-05-01 06:21:36,209] {logging_mixin.py:104} INFO - [2021-05-01 06:21:36,208] {dag.py:2280} INFO - Setting next_dagrun for example_subdag_operator.section-2 to None
[2021-05-01 06:21:36,225] {logging_mixin.py:104} INFO - [2021-05-01 06:21:36,225] {dag.py:1824} INFO - Sync 2 DAGs
[2021-05-01 06:21:36,238] {logging_mixin.py:104} INFO - [2021-05-01 06:21:36,238] {dag.py:2280} INFO - Setting next_dagrun for example_subdag_operator.section-1 to None
[2021-05-01 06:21:36,239] {logging_mixin.py:104} INFO - [2021-05-01 06:21:36,239] {dag.py:2280} INFO - Setting next_dagrun for example_subdag_operator.section-2 to None
[2021-05-01 06:21:36,253] {scheduler_job.py:190} INFO - Processing /home/airflow/.local/lib/python3.6/site-packages/airflow/example_dags/example_subdag_operator.py took 0.161 seconds
[2021-05-01 06:22:06,867] {scheduler_job.py:182} INFO - Started process (PID=4347) to work on /home/airflow/.local/lib/python3.6/site-packages/airflow/example_dags/example_subdag_operator.py
[2021-05-01 06:22:06,870] {scheduler_job.py:629} INFO - Processing file /home/airflow/.local/lib/python3.6/site-packages/airflow/example_dags/example_subdag_operator.py for tasks to queue
[2021-05-01 06:22:06,881] {logging_mixin.py:104} INFO - [2021-05-01 06:22:06,872] {dagbag.py:451} INFO - Filling up the DagBag from /home/airflow/.local/lib/python3.6/site-packages/airflow/example_dags/example_subdag_operator.py
[2021-05-01 06:22:07,013] {scheduler_job.py:639} INFO - DAG(s) dict_keys(['example_subdag_operator.section-1', 'example_subdag_operator.section-2', 'example_subdag_operator']) retrieved from /home/airflow/.local/lib/python3.6/site-packages/airflow/example_dags/example_subdag_operator.py
[2021-05-01 06:22:07,069] {logging_mixin.py:104} INFO - [2021-05-01 06:22:07,068] {dag.py:1824} INFO - Sync 3 DAGs
[2021-05-01 06:22:07,166] {logging_mixin.py:104} INFO - [2021-05-01 06:22:07,165] {dag.py:2280} INFO - Setting next_dagrun for example_subdag_operator to 2021-04-29 00:00:00+00:00
[2021-05-01 06:22:07,169] {logging_mixin.py:104} INFO - [2021-05-01 06:22:07,169] {dag.py:2280} INFO - Setting next_dagrun for example_subdag_operator.section-1 to None
[2021-05-01 06:22:07,170] {logging_mixin.py:104} INFO - [2021-05-01 06:22:07,170] {dag.py:2280} INFO - Setting next_dagrun for example_subdag_operator.section-2 to None
[2021-05-01 06:22:07,196] {logging_mixin.py:104} INFO - [2021-05-01 06:22:07,195] {dag.py:1824} INFO - Sync 2 DAGs
[2021-05-01 06:22:07,226] {logging_mixin.py:104} INFO - [2021-05-01 06:22:07,226] {dag.py:2280} INFO - Setting next_dagrun for example_subdag_operator.section-1 to None
[2021-05-01 06:22:07,231] {logging_mixin.py:104} INFO - [2021-05-01 06:22:07,230] {dag.py:2280} INFO - Setting next_dagrun for example_subdag_operator.section-2 to None
[2021-05-01 06:22:07,251] {scheduler_job.py:190} INFO - Processing /home/airflow/.local/lib/python3.6/site-packages/airflow/example_dags/example_subdag_operator.py took 0.399 seconds
[2021-05-01 06:22:37,789] {scheduler_job.py:182} INFO - Started process (PID=4380) to work on /home/airflow/.local/lib/python3.6/site-packages/airflow/example_dags/example_subdag_operator.py
[2021-05-01 06:22:37,794] {scheduler_job.py:629} INFO - Processing file /home/airflow/.local/lib/python3.6/site-packages/airflow/example_dags/example_subdag_operator.py for tasks to queue
[2021-05-01 06:22:37,796] {logging_mixin.py:104} INFO - [2021-05-01 06:22:37,796] {dagbag.py:451} INFO - Filling up the DagBag from /home/airflow/.local/lib/python3.6/site-packages/airflow/example_dags/example_subdag_operator.py
[2021-05-01 06:22:37,868] {scheduler_job.py:639} INFO - DAG(s) dict_keys(['example_subdag_operator.section-1', 'example_subdag_operator.section-2', 'example_subdag_operator']) retrieved from /home/airflow/.local/lib/python3.6/site-packages/airflow/example_dags/example_subdag_operator.py
[2021-05-01 06:22:37,889] {logging_mixin.py:104} INFO - [2021-05-01 06:22:37,888] {dag.py:1824} INFO - Sync 3 DAGs
[2021-05-01 06:22:37,923] {logging_mixin.py:104} INFO - [2021-05-01 06:22:37,922] {dag.py:2280} INFO - Setting next_dagrun for example_subdag_operator to 2021-04-29 00:00:00+00:00
[2021-05-01 06:22:37,926] {logging_mixin.py:104} INFO - [2021-05-01 06:22:37,925] {dag.py:2280} INFO - Setting next_dagrun for example_subdag_operator.section-1 to None
[2021-05-01 06:22:37,926] {logging_mixin.py:104} INFO - [2021-05-01 06:22:37,926] {dag.py:2280} INFO - Setting next_dagrun for example_subdag_operator.section-2 to None
[2021-05-01 06:22:37,945] {logging_mixin.py:104} INFO - [2021-05-01 06:22:37,945] {dag.py:1824} INFO - Sync 2 DAGs
[2021-05-01 06:22:37,963] {logging_mixin.py:104} INFO - [2021-05-01 06:22:37,962] {dag.py:2280} INFO - Setting next_dagrun for example_subdag_operator.section-1 to None
[2021-05-01 06:22:37,963] {logging_mixin.py:104} INFO - [2021-05-01 06:22:37,963] {dag.py:2280} INFO - Setting next_dagrun for example_subdag_operator.section-2 to None
[2021-05-01 06:22:37,978] {scheduler_job.py:190} INFO - Processing /home/airflow/.local/lib/python3.6/site-packages/airflow/example_dags/example_subdag_operator.py took 0.195 seconds
[2021-05-01 06:23:08,224] {scheduler_job.py:182} INFO - Started process (PID=4413) to work on /home/airflow/.local/lib/python3.6/site-packages/airflow/example_dags/example_subdag_operator.py
[2021-05-01 06:23:08,226] {scheduler_job.py:629} INFO - Processing file /home/airflow/.local/lib/python3.6/site-packages/airflow/example_dags/example_subdag_operator.py for tasks to queue
[2021-05-01 06:23:08,229] {logging_mixin.py:104} INFO - [2021-05-01 06:23:08,228] {dagbag.py:451} INFO - Filling up the DagBag from /home/airflow/.local/lib/python3.6/site-packages/airflow/example_dags/example_subdag_operator.py
[2021-05-01 06:23:08,270] {scheduler_job.py:639} INFO - DAG(s) dict_keys(['example_subdag_operator.section-1', 'example_subdag_operator.section-2', 'example_subdag_operator']) retrieved from /home/airflow/.local/lib/python3.6/site-packages/airflow/example_dags/example_subdag_operator.py
[2021-05-01 06:23:08,287] {logging_mixin.py:104} INFO - [2021-05-01 06:23:08,287] {dag.py:1824} INFO - Sync 3 DAGs
[2021-05-01 06:23:08,311] {logging_mixin.py:104} INFO - [2021-05-01 06:23:08,311] {dag.py:2280} INFO - Setting next_dagrun for example_subdag_operator to 2021-04-29 00:00:00+00:00
[2021-05-01 06:23:08,312] {logging_mixin.py:104} INFO - [2021-05-01 06:23:08,312] {dag.py:2280} INFO - Setting next_dagrun for example_subdag_operator.section-1 to None
[2021-05-01 06:23:08,313] {logging_mixin.py:104} INFO - [2021-05-01 06:23:08,313] {dag.py:2280} INFO - Setting next_dagrun for example_subdag_operator.section-2 to None
[2021-05-01 06:23:08,328] {logging_mixin.py:104} INFO - [2021-05-01 06:23:08,328] {dag.py:1824} INFO - Sync 2 DAGs
[2021-05-01 06:23:08,340] {logging_mixin.py:104} INFO - [2021-05-01 06:23:08,339] {dag.py:2280} INFO - Setting next_dagrun for example_subdag_operator.section-1 to None
[2021-05-01 06:23:08,341] {logging_mixin.py:104} INFO - [2021-05-01 06:23:08,341] {dag.py:2280} INFO - Setting next_dagrun for example_subdag_operator.section-2 to None
[2021-05-01 06:23:08,351] {scheduler_job.py:190} INFO - Processing /home/airflow/.local/lib/python3.6/site-packages/airflow/example_dags/example_subdag_operator.py took 0.134 seconds
[2021-05-01 06:23:38,390] {scheduler_job.py:182} INFO - Started process (PID=4446) to work on /home/airflow/.local/lib/python3.6/site-packages/airflow/example_dags/example_subdag_operator.py
[2021-05-01 06:23:38,392] {scheduler_job.py:629} INFO - Processing file /home/airflow/.local/lib/python3.6/site-packages/airflow/example_dags/example_subdag_operator.py for tasks to queue
[2021-05-01 06:23:38,393] {logging_mixin.py:104} INFO - [2021-05-01 06:23:38,393] {dagbag.py:451} INFO - Filling up the DagBag from /home/airflow/.local/lib/python3.6/site-packages/airflow/example_dags/example_subdag_operator.py
[2021-05-01 06:23:38,429] {scheduler_job.py:639} INFO - DAG(s) dict_keys(['example_subdag_operator.section-1', 'example_subdag_operator.section-2', 'example_subdag_operator']) retrieved from /home/airflow/.local/lib/python3.6/site-packages/airflow/example_dags/example_subdag_operator.py
[2021-05-01 06:23:38,444] {logging_mixin.py:104} INFO - [2021-05-01 06:23:38,444] {dag.py:1824} INFO - Sync 3 DAGs
[2021-05-01 06:23:38,468] {logging_mixin.py:104} INFO - [2021-05-01 06:23:38,468] {dag.py:2280} INFO - Setting next_dagrun for example_subdag_operator to 2021-04-29 00:00:00+00:00
[2021-05-01 06:23:38,470] {logging_mixin.py:104} INFO - [2021-05-01 06:23:38,469] {dag.py:2280} INFO - Setting next_dagrun for example_subdag_operator.section-1 to None
[2021-05-01 06:23:38,470] {logging_mixin.py:104} INFO - [2021-05-01 06:23:38,470] {dag.py:2280} INFO - Setting next_dagrun for example_subdag_operator.section-2 to None
[2021-05-01 06:23:38,482] {logging_mixin.py:104} INFO - [2021-05-01 06:23:38,482] {dag.py:1824} INFO - Sync 2 DAGs
[2021-05-01 06:23:38,494] {logging_mixin.py:104} INFO - [2021-05-01 06:23:38,493] {dag.py:2280} INFO - Setting next_dagrun for example_subdag_operator.section-1 to None
[2021-05-01 06:23:38,494] {logging_mixin.py:104} INFO - [2021-05-01 06:23:38,494] {dag.py:2280} INFO - Setting next_dagrun for example_subdag_operator.section-2 to None
[2021-05-01 06:23:38,505] {scheduler_job.py:190} INFO - Processing /home/airflow/.local/lib/python3.6/site-packages/airflow/example_dags/example_subdag_operator.py took 0.119 seconds
[2021-05-01 06:24:08,591] {scheduler_job.py:182} INFO - Started process (PID=4479) to work on /home/airflow/.local/lib/python3.6/site-packages/airflow/example_dags/example_subdag_operator.py
[2021-05-01 06:24:08,593] {scheduler_job.py:629} INFO - Processing file /home/airflow/.local/lib/python3.6/site-packages/airflow/example_dags/example_subdag_operator.py for tasks to queue
[2021-05-01 06:24:08,595] {logging_mixin.py:104} INFO - [2021-05-01 06:24:08,595] {dagbag.py:451} INFO - Filling up the DagBag from /home/airflow/.local/lib/python3.6/site-packages/airflow/example_dags/example_subdag_operator.py
[2021-05-01 06:24:08,657] {scheduler_job.py:639} INFO - DAG(s) dict_keys(['example_subdag_operator.section-1', 'example_subdag_operator.section-2', 'example_subdag_operator']) retrieved from /home/airflow/.local/lib/python3.6/site-packages/airflow/example_dags/example_subdag_operator.py
[2021-05-01 06:24:08,689] {logging_mixin.py:104} INFO - [2021-05-01 06:24:08,684] {dag.py:1824} INFO - Sync 3 DAGs
[2021-05-01 06:24:08,730] {logging_mixin.py:104} INFO - [2021-05-01 06:24:08,730] {dag.py:2280} INFO - Setting next_dagrun for example_subdag_operator to 2021-04-29 00:00:00+00:00
[2021-05-01 06:24:08,750] {logging_mixin.py:104} INFO - [2021-05-01 06:24:08,750] {dag.py:2280} INFO - Setting next_dagrun for example_subdag_operator.section-1 to None
[2021-05-01 06:24:08,750] {logging_mixin.py:104} INFO - [2021-05-01 06:24:08,750] {dag.py:2280} INFO - Setting next_dagrun for example_subdag_operator.section-2 to None
[2021-05-01 06:24:08,777] {logging_mixin.py:104} INFO - [2021-05-01 06:24:08,777] {dag.py:1824} INFO - Sync 2 DAGs
[2021-05-01 06:24:08,793] {logging_mixin.py:104} INFO - [2021-05-01 06:24:08,792] {dag.py:2280} INFO - Setting next_dagrun for example_subdag_operator.section-1 to None
[2021-05-01 06:24:08,793] {logging_mixin.py:104} INFO - [2021-05-01 06:24:08,793] {dag.py:2280} INFO - Setting next_dagrun for example_subdag_operator.section-2 to None
[2021-05-01 06:24:08,818] {scheduler_job.py:190} INFO - Processing /home/airflow/.local/lib/python3.6/site-packages/airflow/example_dags/example_subdag_operator.py took 0.232 seconds
[2021-05-01 06:24:38,929] {scheduler_job.py:182} INFO - Started process (PID=4512) to work on /home/airflow/.local/lib/python3.6/site-packages/airflow/example_dags/example_subdag_operator.py
[2021-05-01 06:24:38,930] {scheduler_job.py:629} INFO - Processing file /home/airflow/.local/lib/python3.6/site-packages/airflow/example_dags/example_subdag_operator.py for tasks to queue
[2021-05-01 06:24:38,931] {logging_mixin.py:104} INFO - [2021-05-01 06:24:38,930] {dagbag.py:451} INFO - Filling up the DagBag from /home/airflow/.local/lib/python3.6/site-packages/airflow/example_dags/example_subdag_operator.py
[2021-05-01 06:24:38,971] {scheduler_job.py:639} INFO - DAG(s) dict_keys(['example_subdag_operator.section-1', 'example_subdag_operator.section-2', 'example_subdag_operator']) retrieved from /home/airflow/.local/lib/python3.6/site-packages/airflow/example_dags/example_subdag_operator.py
[2021-05-01 06:24:38,985] {logging_mixin.py:104} INFO - [2021-05-01 06:24:38,985] {dag.py:1824} INFO - Sync 3 DAGs
[2021-05-01 06:24:39,004] {logging_mixin.py:104} INFO - [2021-05-01 06:24:39,004] {dag.py:2280} INFO - Setting next_dagrun for example_subdag_operator to 2021-04-29 00:00:00+00:00
[2021-05-01 06:24:39,005] {logging_mixin.py:104} INFO - [2021-05-01 06:24:39,005] {dag.py:2280} INFO - Setting next_dagrun for example_subdag_operator.section-1 to None
[2021-05-01 06:24:39,006] {logging_mixin.py:104} INFO - [2021-05-01 06:24:39,006] {dag.py:2280} INFO - Setting next_dagrun for example_subdag_operator.section-2 to None
[2021-05-01 06:24:39,015] {logging_mixin.py:104} INFO - [2021-05-01 06:24:39,015] {dag.py:1824} INFO - Sync 2 DAGs
[2021-05-01 06:24:39,025] {logging_mixin.py:104} INFO - [2021-05-01 06:24:39,025] {dag.py:2280} INFO - Setting next_dagrun for example_subdag_operator.section-1 to None
[2021-05-01 06:24:39,025] {logging_mixin.py:104} INFO - [2021-05-01 06:24:39,025] {dag.py:2280} INFO - Setting next_dagrun for example_subdag_operator.section-2 to None
[2021-05-01 06:24:39,035] {scheduler_job.py:190} INFO - Processing /home/airflow/.local/lib/python3.6/site-packages/airflow/example_dags/example_subdag_operator.py took 0.112 seconds
