[2021-05-01 05:17:18,025] {scheduler_job.py:182} INFO - Started process (PID=2188) to work on /home/airflow/.local/lib/python3.6/site-packages/airflow/example_dags/example_external_task_marker_dag.py
[2021-05-01 05:17:18,026] {scheduler_job.py:629} INFO - Processing file /home/airflow/.local/lib/python3.6/site-packages/airflow/example_dags/example_external_task_marker_dag.py for tasks to queue
[2021-05-01 05:17:18,027] {logging_mixin.py:104} INFO - [2021-05-01 05:17:18,027] {dagbag.py:451} INFO - Filling up the DagBag from /home/airflow/.local/lib/python3.6/site-packages/airflow/example_dags/example_external_task_marker_dag.py
[2021-05-01 05:17:18,038] {scheduler_job.py:639} INFO - DAG(s) dict_keys(['example_external_task_marker_parent', 'example_external_task_marker_child']) retrieved from /home/airflow/.local/lib/python3.6/site-packages/airflow/example_dags/example_external_task_marker_dag.py
[2021-05-01 05:17:18,067] {logging_mixin.py:104} INFO - [2021-05-01 05:17:18,066] {dag.py:1824} INFO - Sync 2 DAGs
[2021-05-01 05:17:18,083] {logging_mixin.py:104} INFO - [2021-05-01 05:17:18,083] {dag.py:2280} INFO - Setting next_dagrun for example_external_task_marker_child to None
[2021-05-01 05:17:18,084] {logging_mixin.py:104} INFO - [2021-05-01 05:17:18,084] {dag.py:2280} INFO - Setting next_dagrun for example_external_task_marker_parent to None
[2021-05-01 05:17:18,099] {scheduler_job.py:190} INFO - Processing /home/airflow/.local/lib/python3.6/site-packages/airflow/example_dags/example_external_task_marker_dag.py took 0.077 seconds
[2021-05-01 05:18:15,192] {scheduler_job.py:182} INFO - Started process (PID=44) to work on /home/airflow/.local/lib/python3.6/site-packages/airflow/example_dags/example_external_task_marker_dag.py
[2021-05-01 05:18:15,195] {scheduler_job.py:629} INFO - Processing file /home/airflow/.local/lib/python3.6/site-packages/airflow/example_dags/example_external_task_marker_dag.py for tasks to queue
[2021-05-01 05:18:15,197] {logging_mixin.py:104} INFO - [2021-05-01 05:18:15,197] {dagbag.py:451} INFO - Filling up the DagBag from /home/airflow/.local/lib/python3.6/site-packages/airflow/example_dags/example_external_task_marker_dag.py
[2021-05-01 05:18:15,378] {scheduler_job.py:639} INFO - DAG(s) dict_keys(['example_external_task_marker_parent', 'example_external_task_marker_child']) retrieved from /home/airflow/.local/lib/python3.6/site-packages/airflow/example_dags/example_external_task_marker_dag.py
[2021-05-01 05:18:15,674] {logging_mixin.py:104} INFO - [2021-05-01 05:18:15,674] {dag.py:1824} INFO - Sync 2 DAGs
[2021-05-01 05:18:15,793] {logging_mixin.py:104} INFO - [2021-05-01 05:18:15,793] {dag.py:2280} INFO - Setting next_dagrun for example_external_task_marker_child to None
[2021-05-01 05:18:15,796] {logging_mixin.py:104} INFO - [2021-05-01 05:18:15,796] {dag.py:2280} INFO - Setting next_dagrun for example_external_task_marker_parent to None
[2021-05-01 05:18:16,342] {scheduler_job.py:190} INFO - Processing /home/airflow/.local/lib/python3.6/site-packages/airflow/example_dags/example_external_task_marker_dag.py took 1.197 seconds
[2021-05-01 05:18:46,762] {scheduler_job.py:182} INFO - Started process (PID=77) to work on /home/airflow/.local/lib/python3.6/site-packages/airflow/example_dags/example_external_task_marker_dag.py
[2021-05-01 05:18:46,763] {scheduler_job.py:629} INFO - Processing file /home/airflow/.local/lib/python3.6/site-packages/airflow/example_dags/example_external_task_marker_dag.py for tasks to queue
[2021-05-01 05:18:46,764] {logging_mixin.py:104} INFO - [2021-05-01 05:18:46,763] {dagbag.py:451} INFO - Filling up the DagBag from /home/airflow/.local/lib/python3.6/site-packages/airflow/example_dags/example_external_task_marker_dag.py
[2021-05-01 05:18:46,775] {scheduler_job.py:639} INFO - DAG(s) dict_keys(['example_external_task_marker_parent', 'example_external_task_marker_child']) retrieved from /home/airflow/.local/lib/python3.6/site-packages/airflow/example_dags/example_external_task_marker_dag.py
[2021-05-01 05:18:46,805] {logging_mixin.py:104} INFO - [2021-05-01 05:18:46,805] {dag.py:1824} INFO - Sync 2 DAGs
[2021-05-01 05:18:46,821] {logging_mixin.py:104} INFO - [2021-05-01 05:18:46,821] {dag.py:2280} INFO - Setting next_dagrun for example_external_task_marker_child to None
[2021-05-01 05:18:46,822] {logging_mixin.py:104} INFO - [2021-05-01 05:18:46,822] {dag.py:2280} INFO - Setting next_dagrun for example_external_task_marker_parent to None
[2021-05-01 05:18:46,838] {scheduler_job.py:190} INFO - Processing /home/airflow/.local/lib/python3.6/site-packages/airflow/example_dags/example_external_task_marker_dag.py took 0.080 seconds
[2021-05-01 05:19:17,305] {scheduler_job.py:182} INFO - Started process (PID=111) to work on /home/airflow/.local/lib/python3.6/site-packages/airflow/example_dags/example_external_task_marker_dag.py
[2021-05-01 05:19:17,306] {scheduler_job.py:629} INFO - Processing file /home/airflow/.local/lib/python3.6/site-packages/airflow/example_dags/example_external_task_marker_dag.py for tasks to queue
[2021-05-01 05:19:17,306] {logging_mixin.py:104} INFO - [2021-05-01 05:19:17,306] {dagbag.py:451} INFO - Filling up the DagBag from /home/airflow/.local/lib/python3.6/site-packages/airflow/example_dags/example_external_task_marker_dag.py
[2021-05-01 05:19:17,318] {scheduler_job.py:639} INFO - DAG(s) dict_keys(['example_external_task_marker_parent', 'example_external_task_marker_child']) retrieved from /home/airflow/.local/lib/python3.6/site-packages/airflow/example_dags/example_external_task_marker_dag.py
[2021-05-01 05:19:17,343] {logging_mixin.py:104} INFO - [2021-05-01 05:19:17,343] {dag.py:1824} INFO - Sync 2 DAGs
[2021-05-01 05:19:17,361] {logging_mixin.py:104} INFO - [2021-05-01 05:19:17,361] {dag.py:2280} INFO - Setting next_dagrun for example_external_task_marker_child to None
[2021-05-01 05:19:17,362] {logging_mixin.py:104} INFO - [2021-05-01 05:19:17,362] {dag.py:2280} INFO - Setting next_dagrun for example_external_task_marker_parent to None
[2021-05-01 05:19:17,376] {scheduler_job.py:190} INFO - Processing /home/airflow/.local/lib/python3.6/site-packages/airflow/example_dags/example_external_task_marker_dag.py took 0.075 seconds
[2021-05-01 05:19:47,717] {scheduler_job.py:182} INFO - Started process (PID=144) to work on /home/airflow/.local/lib/python3.6/site-packages/airflow/example_dags/example_external_task_marker_dag.py
[2021-05-01 05:19:47,718] {scheduler_job.py:629} INFO - Processing file /home/airflow/.local/lib/python3.6/site-packages/airflow/example_dags/example_external_task_marker_dag.py for tasks to queue
[2021-05-01 05:19:47,719] {logging_mixin.py:104} INFO - [2021-05-01 05:19:47,719] {dagbag.py:451} INFO - Filling up the DagBag from /home/airflow/.local/lib/python3.6/site-packages/airflow/example_dags/example_external_task_marker_dag.py
[2021-05-01 05:19:47,729] {scheduler_job.py:639} INFO - DAG(s) dict_keys(['example_external_task_marker_parent', 'example_external_task_marker_child']) retrieved from /home/airflow/.local/lib/python3.6/site-packages/airflow/example_dags/example_external_task_marker_dag.py
[2021-05-01 05:19:47,762] {logging_mixin.py:104} INFO - [2021-05-01 05:19:47,762] {dag.py:1824} INFO - Sync 2 DAGs
[2021-05-01 05:19:47,778] {logging_mixin.py:104} INFO - [2021-05-01 05:19:47,778] {dag.py:2280} INFO - Setting next_dagrun for example_external_task_marker_child to None
[2021-05-01 05:19:47,779] {logging_mixin.py:104} INFO - [2021-05-01 05:19:47,779] {dag.py:2280} INFO - Setting next_dagrun for example_external_task_marker_parent to None
[2021-05-01 05:19:47,794] {scheduler_job.py:190} INFO - Processing /home/airflow/.local/lib/python3.6/site-packages/airflow/example_dags/example_external_task_marker_dag.py took 0.080 seconds
[2021-05-01 05:20:18,112] {scheduler_job.py:182} INFO - Started process (PID=177) to work on /home/airflow/.local/lib/python3.6/site-packages/airflow/example_dags/example_external_task_marker_dag.py
[2021-05-01 05:20:18,113] {scheduler_job.py:629} INFO - Processing file /home/airflow/.local/lib/python3.6/site-packages/airflow/example_dags/example_external_task_marker_dag.py for tasks to queue
[2021-05-01 05:20:18,114] {logging_mixin.py:104} INFO - [2021-05-01 05:20:18,113] {dagbag.py:451} INFO - Filling up the DagBag from /home/airflow/.local/lib/python3.6/site-packages/airflow/example_dags/example_external_task_marker_dag.py
[2021-05-01 05:20:18,123] {scheduler_job.py:639} INFO - DAG(s) dict_keys(['example_external_task_marker_parent', 'example_external_task_marker_child']) retrieved from /home/airflow/.local/lib/python3.6/site-packages/airflow/example_dags/example_external_task_marker_dag.py
[2021-05-01 05:20:18,150] {logging_mixin.py:104} INFO - [2021-05-01 05:20:18,150] {dag.py:1824} INFO - Sync 2 DAGs
[2021-05-01 05:20:18,168] {logging_mixin.py:104} INFO - [2021-05-01 05:20:18,168] {dag.py:2280} INFO - Setting next_dagrun for example_external_task_marker_child to None
[2021-05-01 05:20:18,169] {logging_mixin.py:104} INFO - [2021-05-01 05:20:18,169] {dag.py:2280} INFO - Setting next_dagrun for example_external_task_marker_parent to None
[2021-05-01 05:20:18,186] {scheduler_job.py:190} INFO - Processing /home/airflow/.local/lib/python3.6/site-packages/airflow/example_dags/example_external_task_marker_dag.py took 0.077 seconds
[2021-05-01 05:20:48,609] {scheduler_job.py:182} INFO - Started process (PID=210) to work on /home/airflow/.local/lib/python3.6/site-packages/airflow/example_dags/example_external_task_marker_dag.py
[2021-05-01 05:20:48,610] {scheduler_job.py:629} INFO - Processing file /home/airflow/.local/lib/python3.6/site-packages/airflow/example_dags/example_external_task_marker_dag.py for tasks to queue
[2021-05-01 05:20:48,611] {logging_mixin.py:104} INFO - [2021-05-01 05:20:48,611] {dagbag.py:451} INFO - Filling up the DagBag from /home/airflow/.local/lib/python3.6/site-packages/airflow/example_dags/example_external_task_marker_dag.py
[2021-05-01 05:20:48,621] {scheduler_job.py:639} INFO - DAG(s) dict_keys(['example_external_task_marker_parent', 'example_external_task_marker_child']) retrieved from /home/airflow/.local/lib/python3.6/site-packages/airflow/example_dags/example_external_task_marker_dag.py
[2021-05-01 05:20:48,650] {logging_mixin.py:104} INFO - [2021-05-01 05:20:48,650] {dag.py:1824} INFO - Sync 2 DAGs
[2021-05-01 05:20:48,665] {logging_mixin.py:104} INFO - [2021-05-01 05:20:48,665] {dag.py:2280} INFO - Setting next_dagrun for example_external_task_marker_child to None
[2021-05-01 05:20:48,666] {logging_mixin.py:104} INFO - [2021-05-01 05:20:48,666] {dag.py:2280} INFO - Setting next_dagrun for example_external_task_marker_parent to None
[2021-05-01 05:20:48,682] {scheduler_job.py:190} INFO - Processing /home/airflow/.local/lib/python3.6/site-packages/airflow/example_dags/example_external_task_marker_dag.py took 0.077 seconds
[2021-05-01 05:21:19,015] {scheduler_job.py:182} INFO - Started process (PID=243) to work on /home/airflow/.local/lib/python3.6/site-packages/airflow/example_dags/example_external_task_marker_dag.py
[2021-05-01 05:21:19,016] {scheduler_job.py:629} INFO - Processing file /home/airflow/.local/lib/python3.6/site-packages/airflow/example_dags/example_external_task_marker_dag.py for tasks to queue
[2021-05-01 05:21:19,016] {logging_mixin.py:104} INFO - [2021-05-01 05:21:19,016] {dagbag.py:451} INFO - Filling up the DagBag from /home/airflow/.local/lib/python3.6/site-packages/airflow/example_dags/example_external_task_marker_dag.py
[2021-05-01 05:21:19,026] {scheduler_job.py:639} INFO - DAG(s) dict_keys(['example_external_task_marker_parent', 'example_external_task_marker_child']) retrieved from /home/airflow/.local/lib/python3.6/site-packages/airflow/example_dags/example_external_task_marker_dag.py
[2021-05-01 05:21:19,049] {logging_mixin.py:104} INFO - [2021-05-01 05:21:19,049] {dag.py:1824} INFO - Sync 2 DAGs
[2021-05-01 05:21:19,064] {logging_mixin.py:104} INFO - [2021-05-01 05:21:19,064] {dag.py:2280} INFO - Setting next_dagrun for example_external_task_marker_child to None
[2021-05-01 05:21:19,065] {logging_mixin.py:104} INFO - [2021-05-01 05:21:19,065] {dag.py:2280} INFO - Setting next_dagrun for example_external_task_marker_parent to None
[2021-05-01 05:21:19,079] {scheduler_job.py:190} INFO - Processing /home/airflow/.local/lib/python3.6/site-packages/airflow/example_dags/example_external_task_marker_dag.py took 0.067 seconds
[2021-05-01 05:21:49,432] {scheduler_job.py:182} INFO - Started process (PID=276) to work on /home/airflow/.local/lib/python3.6/site-packages/airflow/example_dags/example_external_task_marker_dag.py
[2021-05-01 05:21:49,434] {scheduler_job.py:629} INFO - Processing file /home/airflow/.local/lib/python3.6/site-packages/airflow/example_dags/example_external_task_marker_dag.py for tasks to queue
[2021-05-01 05:21:49,434] {logging_mixin.py:104} INFO - [2021-05-01 05:21:49,434] {dagbag.py:451} INFO - Filling up the DagBag from /home/airflow/.local/lib/python3.6/site-packages/airflow/example_dags/example_external_task_marker_dag.py
[2021-05-01 05:21:49,444] {scheduler_job.py:639} INFO - DAG(s) dict_keys(['example_external_task_marker_parent', 'example_external_task_marker_child']) retrieved from /home/airflow/.local/lib/python3.6/site-packages/airflow/example_dags/example_external_task_marker_dag.py
[2021-05-01 05:21:49,479] {logging_mixin.py:104} INFO - [2021-05-01 05:21:49,479] {dag.py:1824} INFO - Sync 2 DAGs
[2021-05-01 05:21:49,499] {logging_mixin.py:104} INFO - [2021-05-01 05:21:49,499] {dag.py:2280} INFO - Setting next_dagrun for example_external_task_marker_child to None
[2021-05-01 05:21:49,501] {logging_mixin.py:104} INFO - [2021-05-01 05:21:49,501] {dag.py:2280} INFO - Setting next_dagrun for example_external_task_marker_parent to None
[2021-05-01 05:21:49,513] {scheduler_job.py:190} INFO - Processing /home/airflow/.local/lib/python3.6/site-packages/airflow/example_dags/example_external_task_marker_dag.py took 0.084 seconds
[2021-05-01 05:22:19,846] {scheduler_job.py:182} INFO - Started process (PID=309) to work on /home/airflow/.local/lib/python3.6/site-packages/airflow/example_dags/example_external_task_marker_dag.py
[2021-05-01 05:22:19,847] {scheduler_job.py:629} INFO - Processing file /home/airflow/.local/lib/python3.6/site-packages/airflow/example_dags/example_external_task_marker_dag.py for tasks to queue
[2021-05-01 05:22:19,848] {logging_mixin.py:104} INFO - [2021-05-01 05:22:19,848] {dagbag.py:451} INFO - Filling up the DagBag from /home/airflow/.local/lib/python3.6/site-packages/airflow/example_dags/example_external_task_marker_dag.py
[2021-05-01 05:22:19,859] {scheduler_job.py:639} INFO - DAG(s) dict_keys(['example_external_task_marker_parent', 'example_external_task_marker_child']) retrieved from /home/airflow/.local/lib/python3.6/site-packages/airflow/example_dags/example_external_task_marker_dag.py
[2021-05-01 05:22:19,891] {logging_mixin.py:104} INFO - [2021-05-01 05:22:19,891] {dag.py:1824} INFO - Sync 2 DAGs
[2021-05-01 05:22:19,909] {logging_mixin.py:104} INFO - [2021-05-01 05:22:19,909] {dag.py:2280} INFO - Setting next_dagrun for example_external_task_marker_child to None
[2021-05-01 05:22:19,910] {logging_mixin.py:104} INFO - [2021-05-01 05:22:19,910] {dag.py:2280} INFO - Setting next_dagrun for example_external_task_marker_parent to None
[2021-05-01 05:22:19,926] {scheduler_job.py:190} INFO - Processing /home/airflow/.local/lib/python3.6/site-packages/airflow/example_dags/example_external_task_marker_dag.py took 0.083 seconds
[2021-05-01 05:22:50,312] {scheduler_job.py:182} INFO - Started process (PID=342) to work on /home/airflow/.local/lib/python3.6/site-packages/airflow/example_dags/example_external_task_marker_dag.py
[2021-05-01 05:22:50,314] {scheduler_job.py:629} INFO - Processing file /home/airflow/.local/lib/python3.6/site-packages/airflow/example_dags/example_external_task_marker_dag.py for tasks to queue
[2021-05-01 05:22:50,315] {logging_mixin.py:104} INFO - [2021-05-01 05:22:50,314] {dagbag.py:451} INFO - Filling up the DagBag from /home/airflow/.local/lib/python3.6/site-packages/airflow/example_dags/example_external_task_marker_dag.py
[2021-05-01 05:22:50,328] {scheduler_job.py:639} INFO - DAG(s) dict_keys(['example_external_task_marker_parent', 'example_external_task_marker_child']) retrieved from /home/airflow/.local/lib/python3.6/site-packages/airflow/example_dags/example_external_task_marker_dag.py
[2021-05-01 05:22:50,362] {logging_mixin.py:104} INFO - [2021-05-01 05:22:50,362] {dag.py:1824} INFO - Sync 2 DAGs
[2021-05-01 05:22:50,379] {logging_mixin.py:104} INFO - [2021-05-01 05:22:50,379] {dag.py:2280} INFO - Setting next_dagrun for example_external_task_marker_child to None
[2021-05-01 05:22:50,380] {logging_mixin.py:104} INFO - [2021-05-01 05:22:50,380] {dag.py:2280} INFO - Setting next_dagrun for example_external_task_marker_parent to None
[2021-05-01 05:22:50,394] {scheduler_job.py:190} INFO - Processing /home/airflow/.local/lib/python3.6/site-packages/airflow/example_dags/example_external_task_marker_dag.py took 0.085 seconds
[2021-05-01 05:23:20,873] {scheduler_job.py:182} INFO - Started process (PID=375) to work on /home/airflow/.local/lib/python3.6/site-packages/airflow/example_dags/example_external_task_marker_dag.py
[2021-05-01 05:23:20,874] {scheduler_job.py:629} INFO - Processing file /home/airflow/.local/lib/python3.6/site-packages/airflow/example_dags/example_external_task_marker_dag.py for tasks to queue
[2021-05-01 05:23:20,875] {logging_mixin.py:104} INFO - [2021-05-01 05:23:20,875] {dagbag.py:451} INFO - Filling up the DagBag from /home/airflow/.local/lib/python3.6/site-packages/airflow/example_dags/example_external_task_marker_dag.py
[2021-05-01 05:23:20,888] {scheduler_job.py:639} INFO - DAG(s) dict_keys(['example_external_task_marker_parent', 'example_external_task_marker_child']) retrieved from /home/airflow/.local/lib/python3.6/site-packages/airflow/example_dags/example_external_task_marker_dag.py
[2021-05-01 05:23:20,919] {logging_mixin.py:104} INFO - [2021-05-01 05:23:20,919] {dag.py:1824} INFO - Sync 2 DAGs
[2021-05-01 05:23:20,936] {logging_mixin.py:104} INFO - [2021-05-01 05:23:20,936] {dag.py:2280} INFO - Setting next_dagrun for example_external_task_marker_child to None
[2021-05-01 05:23:20,937] {logging_mixin.py:104} INFO - [2021-05-01 05:23:20,937] {dag.py:2280} INFO - Setting next_dagrun for example_external_task_marker_parent to None
[2021-05-01 05:23:20,952] {scheduler_job.py:190} INFO - Processing /home/airflow/.local/lib/python3.6/site-packages/airflow/example_dags/example_external_task_marker_dag.py took 0.083 seconds
[2021-05-01 05:23:51,568] {scheduler_job.py:182} INFO - Started process (PID=408) to work on /home/airflow/.local/lib/python3.6/site-packages/airflow/example_dags/example_external_task_marker_dag.py
[2021-05-01 05:23:51,570] {scheduler_job.py:629} INFO - Processing file /home/airflow/.local/lib/python3.6/site-packages/airflow/example_dags/example_external_task_marker_dag.py for tasks to queue
[2021-05-01 05:23:51,570] {logging_mixin.py:104} INFO - [2021-05-01 05:23:51,570] {dagbag.py:451} INFO - Filling up the DagBag from /home/airflow/.local/lib/python3.6/site-packages/airflow/example_dags/example_external_task_marker_dag.py
[2021-05-01 05:23:51,582] {scheduler_job.py:639} INFO - DAG(s) dict_keys(['example_external_task_marker_parent', 'example_external_task_marker_child']) retrieved from /home/airflow/.local/lib/python3.6/site-packages/airflow/example_dags/example_external_task_marker_dag.py
[2021-05-01 05:23:51,609] {logging_mixin.py:104} INFO - [2021-05-01 05:23:51,609] {dag.py:1824} INFO - Sync 2 DAGs
[2021-05-01 05:23:51,625] {logging_mixin.py:104} INFO - [2021-05-01 05:23:51,625] {dag.py:2280} INFO - Setting next_dagrun for example_external_task_marker_child to None
[2021-05-01 05:23:51,627] {logging_mixin.py:104} INFO - [2021-05-01 05:23:51,627] {dag.py:2280} INFO - Setting next_dagrun for example_external_task_marker_parent to None
[2021-05-01 05:23:51,641] {scheduler_job.py:190} INFO - Processing /home/airflow/.local/lib/python3.6/site-packages/airflow/example_dags/example_external_task_marker_dag.py took 0.076 seconds
[2021-05-01 05:24:21,899] {scheduler_job.py:182} INFO - Started process (PID=441) to work on /home/airflow/.local/lib/python3.6/site-packages/airflow/example_dags/example_external_task_marker_dag.py
[2021-05-01 05:24:21,900] {scheduler_job.py:629} INFO - Processing file /home/airflow/.local/lib/python3.6/site-packages/airflow/example_dags/example_external_task_marker_dag.py for tasks to queue
[2021-05-01 05:24:21,901] {logging_mixin.py:104} INFO - [2021-05-01 05:24:21,901] {dagbag.py:451} INFO - Filling up the DagBag from /home/airflow/.local/lib/python3.6/site-packages/airflow/example_dags/example_external_task_marker_dag.py
[2021-05-01 05:24:21,915] {scheduler_job.py:639} INFO - DAG(s) dict_keys(['example_external_task_marker_parent', 'example_external_task_marker_child']) retrieved from /home/airflow/.local/lib/python3.6/site-packages/airflow/example_dags/example_external_task_marker_dag.py
[2021-05-01 05:24:21,944] {logging_mixin.py:104} INFO - [2021-05-01 05:24:21,943] {dag.py:1824} INFO - Sync 2 DAGs
[2021-05-01 05:24:21,960] {logging_mixin.py:104} INFO - [2021-05-01 05:24:21,960] {dag.py:2280} INFO - Setting next_dagrun for example_external_task_marker_child to None
[2021-05-01 05:24:21,961] {logging_mixin.py:104} INFO - [2021-05-01 05:24:21,960] {dag.py:2280} INFO - Setting next_dagrun for example_external_task_marker_parent to None
[2021-05-01 05:24:21,970] {scheduler_job.py:190} INFO - Processing /home/airflow/.local/lib/python3.6/site-packages/airflow/example_dags/example_external_task_marker_dag.py took 0.074 seconds
[2021-05-01 05:24:52,316] {scheduler_job.py:182} INFO - Started process (PID=474) to work on /home/airflow/.local/lib/python3.6/site-packages/airflow/example_dags/example_external_task_marker_dag.py
[2021-05-01 05:24:52,318] {scheduler_job.py:629} INFO - Processing file /home/airflow/.local/lib/python3.6/site-packages/airflow/example_dags/example_external_task_marker_dag.py for tasks to queue
[2021-05-01 05:24:52,319] {logging_mixin.py:104} INFO - [2021-05-01 05:24:52,319] {dagbag.py:451} INFO - Filling up the DagBag from /home/airflow/.local/lib/python3.6/site-packages/airflow/example_dags/example_external_task_marker_dag.py
[2021-05-01 05:24:52,332] {scheduler_job.py:639} INFO - DAG(s) dict_keys(['example_external_task_marker_parent', 'example_external_task_marker_child']) retrieved from /home/airflow/.local/lib/python3.6/site-packages/airflow/example_dags/example_external_task_marker_dag.py
[2021-05-01 05:24:52,357] {logging_mixin.py:104} INFO - [2021-05-01 05:24:52,357] {dag.py:1824} INFO - Sync 2 DAGs
[2021-05-01 05:24:52,371] {logging_mixin.py:104} INFO - [2021-05-01 05:24:52,371] {dag.py:2280} INFO - Setting next_dagrun for example_external_task_marker_child to None
[2021-05-01 05:24:52,372] {logging_mixin.py:104} INFO - [2021-05-01 05:24:52,372] {dag.py:2280} INFO - Setting next_dagrun for example_external_task_marker_parent to None
[2021-05-01 05:24:52,387] {scheduler_job.py:190} INFO - Processing /home/airflow/.local/lib/python3.6/site-packages/airflow/example_dags/example_external_task_marker_dag.py took 0.074 seconds
[2021-05-01 05:25:22,813] {scheduler_job.py:182} INFO - Started process (PID=507) to work on /home/airflow/.local/lib/python3.6/site-packages/airflow/example_dags/example_external_task_marker_dag.py
[2021-05-01 05:25:22,816] {scheduler_job.py:629} INFO - Processing file /home/airflow/.local/lib/python3.6/site-packages/airflow/example_dags/example_external_task_marker_dag.py for tasks to queue
[2021-05-01 05:25:22,817] {logging_mixin.py:104} INFO - [2021-05-01 05:25:22,817] {dagbag.py:451} INFO - Filling up the DagBag from /home/airflow/.local/lib/python3.6/site-packages/airflow/example_dags/example_external_task_marker_dag.py
[2021-05-01 05:25:22,830] {scheduler_job.py:639} INFO - DAG(s) dict_keys(['example_external_task_marker_parent', 'example_external_task_marker_child']) retrieved from /home/airflow/.local/lib/python3.6/site-packages/airflow/example_dags/example_external_task_marker_dag.py
[2021-05-01 05:25:22,862] {logging_mixin.py:104} INFO - [2021-05-01 05:25:22,862] {dag.py:1824} INFO - Sync 2 DAGs
[2021-05-01 05:25:22,881] {logging_mixin.py:104} INFO - [2021-05-01 05:25:22,881] {dag.py:2280} INFO - Setting next_dagrun for example_external_task_marker_child to None
[2021-05-01 05:25:22,882] {logging_mixin.py:104} INFO - [2021-05-01 05:25:22,882] {dag.py:2280} INFO - Setting next_dagrun for example_external_task_marker_parent to None
[2021-05-01 05:25:22,900] {scheduler_job.py:190} INFO - Processing /home/airflow/.local/lib/python3.6/site-packages/airflow/example_dags/example_external_task_marker_dag.py took 0.091 seconds
[2021-05-01 05:25:53,678] {scheduler_job.py:182} INFO - Started process (PID=540) to work on /home/airflow/.local/lib/python3.6/site-packages/airflow/example_dags/example_external_task_marker_dag.py
[2021-05-01 05:25:53,679] {scheduler_job.py:629} INFO - Processing file /home/airflow/.local/lib/python3.6/site-packages/airflow/example_dags/example_external_task_marker_dag.py for tasks to queue
[2021-05-01 05:25:53,680] {logging_mixin.py:104} INFO - [2021-05-01 05:25:53,680] {dagbag.py:451} INFO - Filling up the DagBag from /home/airflow/.local/lib/python3.6/site-packages/airflow/example_dags/example_external_task_marker_dag.py
[2021-05-01 05:25:53,697] {scheduler_job.py:639} INFO - DAG(s) dict_keys(['example_external_task_marker_parent', 'example_external_task_marker_child']) retrieved from /home/airflow/.local/lib/python3.6/site-packages/airflow/example_dags/example_external_task_marker_dag.py
[2021-05-01 05:25:53,732] {logging_mixin.py:104} INFO - [2021-05-01 05:25:53,732] {dag.py:1824} INFO - Sync 2 DAGs
[2021-05-01 05:25:53,752] {logging_mixin.py:104} INFO - [2021-05-01 05:25:53,751] {dag.py:2280} INFO - Setting next_dagrun for example_external_task_marker_child to None
[2021-05-01 05:25:53,753] {logging_mixin.py:104} INFO - [2021-05-01 05:25:53,753] {dag.py:2280} INFO - Setting next_dagrun for example_external_task_marker_parent to None
[2021-05-01 05:25:53,773] {scheduler_job.py:190} INFO - Processing /home/airflow/.local/lib/python3.6/site-packages/airflow/example_dags/example_external_task_marker_dag.py took 0.099 seconds
[2021-05-01 05:26:24,664] {scheduler_job.py:182} INFO - Started process (PID=573) to work on /home/airflow/.local/lib/python3.6/site-packages/airflow/example_dags/example_external_task_marker_dag.py
[2021-05-01 05:26:24,666] {scheduler_job.py:629} INFO - Processing file /home/airflow/.local/lib/python3.6/site-packages/airflow/example_dags/example_external_task_marker_dag.py for tasks to queue
[2021-05-01 05:26:24,667] {logging_mixin.py:104} INFO - [2021-05-01 05:26:24,667] {dagbag.py:451} INFO - Filling up the DagBag from /home/airflow/.local/lib/python3.6/site-packages/airflow/example_dags/example_external_task_marker_dag.py
[2021-05-01 05:26:24,681] {scheduler_job.py:639} INFO - DAG(s) dict_keys(['example_external_task_marker_parent', 'example_external_task_marker_child']) retrieved from /home/airflow/.local/lib/python3.6/site-packages/airflow/example_dags/example_external_task_marker_dag.py
[2021-05-01 05:26:24,713] {logging_mixin.py:104} INFO - [2021-05-01 05:26:24,713] {dag.py:1824} INFO - Sync 2 DAGs
[2021-05-01 05:26:24,734] {logging_mixin.py:104} INFO - [2021-05-01 05:26:24,733] {dag.py:2280} INFO - Setting next_dagrun for example_external_task_marker_child to None
[2021-05-01 05:26:24,735] {logging_mixin.py:104} INFO - [2021-05-01 05:26:24,735] {dag.py:2280} INFO - Setting next_dagrun for example_external_task_marker_parent to None
[2021-05-01 05:26:24,752] {scheduler_job.py:190} INFO - Processing /home/airflow/.local/lib/python3.6/site-packages/airflow/example_dags/example_external_task_marker_dag.py took 0.091 seconds
[2021-05-01 05:26:55,397] {scheduler_job.py:182} INFO - Started process (PID=606) to work on /home/airflow/.local/lib/python3.6/site-packages/airflow/example_dags/example_external_task_marker_dag.py
[2021-05-01 05:26:55,398] {scheduler_job.py:629} INFO - Processing file /home/airflow/.local/lib/python3.6/site-packages/airflow/example_dags/example_external_task_marker_dag.py for tasks to queue
[2021-05-01 05:26:55,399] {logging_mixin.py:104} INFO - [2021-05-01 05:26:55,399] {dagbag.py:451} INFO - Filling up the DagBag from /home/airflow/.local/lib/python3.6/site-packages/airflow/example_dags/example_external_task_marker_dag.py
[2021-05-01 05:26:55,409] {scheduler_job.py:639} INFO - DAG(s) dict_keys(['example_external_task_marker_parent', 'example_external_task_marker_child']) retrieved from /home/airflow/.local/lib/python3.6/site-packages/airflow/example_dags/example_external_task_marker_dag.py
[2021-05-01 05:26:55,441] {logging_mixin.py:104} INFO - [2021-05-01 05:26:55,441] {dag.py:1824} INFO - Sync 2 DAGs
[2021-05-01 05:26:55,459] {logging_mixin.py:104} INFO - [2021-05-01 05:26:55,459] {dag.py:2280} INFO - Setting next_dagrun for example_external_task_marker_child to None
[2021-05-01 05:26:55,461] {logging_mixin.py:104} INFO - [2021-05-01 05:26:55,461] {dag.py:2280} INFO - Setting next_dagrun for example_external_task_marker_parent to None
[2021-05-01 05:26:55,475] {scheduler_job.py:190} INFO - Processing /home/airflow/.local/lib/python3.6/site-packages/airflow/example_dags/example_external_task_marker_dag.py took 0.081 seconds
[2021-05-01 05:27:25,866] {scheduler_job.py:182} INFO - Started process (PID=639) to work on /home/airflow/.local/lib/python3.6/site-packages/airflow/example_dags/example_external_task_marker_dag.py
[2021-05-01 05:27:25,867] {scheduler_job.py:629} INFO - Processing file /home/airflow/.local/lib/python3.6/site-packages/airflow/example_dags/example_external_task_marker_dag.py for tasks to queue
[2021-05-01 05:27:25,868] {logging_mixin.py:104} INFO - [2021-05-01 05:27:25,868] {dagbag.py:451} INFO - Filling up the DagBag from /home/airflow/.local/lib/python3.6/site-packages/airflow/example_dags/example_external_task_marker_dag.py
[2021-05-01 05:27:25,879] {scheduler_job.py:639} INFO - DAG(s) dict_keys(['example_external_task_marker_parent', 'example_external_task_marker_child']) retrieved from /home/airflow/.local/lib/python3.6/site-packages/airflow/example_dags/example_external_task_marker_dag.py
[2021-05-01 05:27:25,905] {logging_mixin.py:104} INFO - [2021-05-01 05:27:25,905] {dag.py:1824} INFO - Sync 2 DAGs
[2021-05-01 05:27:25,928] {logging_mixin.py:104} INFO - [2021-05-01 05:27:25,928] {dag.py:2280} INFO - Setting next_dagrun for example_external_task_marker_child to None
[2021-05-01 05:27:25,929] {logging_mixin.py:104} INFO - [2021-05-01 05:27:25,929] {dag.py:2280} INFO - Setting next_dagrun for example_external_task_marker_parent to None
[2021-05-01 05:27:25,943] {scheduler_job.py:190} INFO - Processing /home/airflow/.local/lib/python3.6/site-packages/airflow/example_dags/example_external_task_marker_dag.py took 0.079 seconds
[2021-05-01 05:27:56,307] {scheduler_job.py:182} INFO - Started process (PID=672) to work on /home/airflow/.local/lib/python3.6/site-packages/airflow/example_dags/example_external_task_marker_dag.py
[2021-05-01 05:27:56,308] {scheduler_job.py:629} INFO - Processing file /home/airflow/.local/lib/python3.6/site-packages/airflow/example_dags/example_external_task_marker_dag.py for tasks to queue
[2021-05-01 05:27:56,309] {logging_mixin.py:104} INFO - [2021-05-01 05:27:56,309] {dagbag.py:451} INFO - Filling up the DagBag from /home/airflow/.local/lib/python3.6/site-packages/airflow/example_dags/example_external_task_marker_dag.py
[2021-05-01 05:27:56,320] {scheduler_job.py:639} INFO - DAG(s) dict_keys(['example_external_task_marker_parent', 'example_external_task_marker_child']) retrieved from /home/airflow/.local/lib/python3.6/site-packages/airflow/example_dags/example_external_task_marker_dag.py
[2021-05-01 05:27:56,348] {logging_mixin.py:104} INFO - [2021-05-01 05:27:56,348] {dag.py:1824} INFO - Sync 2 DAGs
[2021-05-01 05:27:56,364] {logging_mixin.py:104} INFO - [2021-05-01 05:27:56,364] {dag.py:2280} INFO - Setting next_dagrun for example_external_task_marker_child to None
[2021-05-01 05:27:56,365] {logging_mixin.py:104} INFO - [2021-05-01 05:27:56,365] {dag.py:2280} INFO - Setting next_dagrun for example_external_task_marker_parent to None
[2021-05-01 05:27:56,378] {scheduler_job.py:190} INFO - Processing /home/airflow/.local/lib/python3.6/site-packages/airflow/example_dags/example_external_task_marker_dag.py took 0.075 seconds
[2021-05-01 05:28:26,870] {scheduler_job.py:182} INFO - Started process (PID=705) to work on /home/airflow/.local/lib/python3.6/site-packages/airflow/example_dags/example_external_task_marker_dag.py
[2021-05-01 05:28:26,872] {scheduler_job.py:629} INFO - Processing file /home/airflow/.local/lib/python3.6/site-packages/airflow/example_dags/example_external_task_marker_dag.py for tasks to queue
[2021-05-01 05:28:26,873] {logging_mixin.py:104} INFO - [2021-05-01 05:28:26,873] {dagbag.py:451} INFO - Filling up the DagBag from /home/airflow/.local/lib/python3.6/site-packages/airflow/example_dags/example_external_task_marker_dag.py
[2021-05-01 05:28:26,888] {scheduler_job.py:639} INFO - DAG(s) dict_keys(['example_external_task_marker_parent', 'example_external_task_marker_child']) retrieved from /home/airflow/.local/lib/python3.6/site-packages/airflow/example_dags/example_external_task_marker_dag.py
[2021-05-01 05:28:26,921] {logging_mixin.py:104} INFO - [2021-05-01 05:28:26,920] {dag.py:1824} INFO - Sync 2 DAGs
[2021-05-01 05:28:26,940] {logging_mixin.py:104} INFO - [2021-05-01 05:28:26,940] {dag.py:2280} INFO - Setting next_dagrun for example_external_task_marker_child to None
[2021-05-01 05:28:26,941] {logging_mixin.py:104} INFO - [2021-05-01 05:28:26,941] {dag.py:2280} INFO - Setting next_dagrun for example_external_task_marker_parent to None
[2021-05-01 05:28:26,956] {scheduler_job.py:190} INFO - Processing /home/airflow/.local/lib/python3.6/site-packages/airflow/example_dags/example_external_task_marker_dag.py took 0.089 seconds
[2021-05-01 05:28:57,448] {scheduler_job.py:182} INFO - Started process (PID=738) to work on /home/airflow/.local/lib/python3.6/site-packages/airflow/example_dags/example_external_task_marker_dag.py
[2021-05-01 05:28:57,450] {scheduler_job.py:629} INFO - Processing file /home/airflow/.local/lib/python3.6/site-packages/airflow/example_dags/example_external_task_marker_dag.py for tasks to queue
[2021-05-01 05:28:57,450] {logging_mixin.py:104} INFO - [2021-05-01 05:28:57,450] {dagbag.py:451} INFO - Filling up the DagBag from /home/airflow/.local/lib/python3.6/site-packages/airflow/example_dags/example_external_task_marker_dag.py
[2021-05-01 05:28:57,462] {scheduler_job.py:639} INFO - DAG(s) dict_keys(['example_external_task_marker_parent', 'example_external_task_marker_child']) retrieved from /home/airflow/.local/lib/python3.6/site-packages/airflow/example_dags/example_external_task_marker_dag.py
[2021-05-01 05:28:57,488] {logging_mixin.py:104} INFO - [2021-05-01 05:28:57,488] {dag.py:1824} INFO - Sync 2 DAGs
[2021-05-01 05:28:57,506] {logging_mixin.py:104} INFO - [2021-05-01 05:28:57,505] {dag.py:2280} INFO - Setting next_dagrun for example_external_task_marker_child to None
[2021-05-01 05:28:57,507] {logging_mixin.py:104} INFO - [2021-05-01 05:28:57,507] {dag.py:2280} INFO - Setting next_dagrun for example_external_task_marker_parent to None
[2021-05-01 05:28:57,520] {scheduler_job.py:190} INFO - Processing /home/airflow/.local/lib/python3.6/site-packages/airflow/example_dags/example_external_task_marker_dag.py took 0.074 seconds
[2021-05-01 05:29:27,951] {scheduler_job.py:182} INFO - Started process (PID=771) to work on /home/airflow/.local/lib/python3.6/site-packages/airflow/example_dags/example_external_task_marker_dag.py
[2021-05-01 05:29:27,952] {scheduler_job.py:629} INFO - Processing file /home/airflow/.local/lib/python3.6/site-packages/airflow/example_dags/example_external_task_marker_dag.py for tasks to queue
[2021-05-01 05:29:27,953] {logging_mixin.py:104} INFO - [2021-05-01 05:29:27,953] {dagbag.py:451} INFO - Filling up the DagBag from /home/airflow/.local/lib/python3.6/site-packages/airflow/example_dags/example_external_task_marker_dag.py
[2021-05-01 05:29:27,967] {scheduler_job.py:639} INFO - DAG(s) dict_keys(['example_external_task_marker_parent', 'example_external_task_marker_child']) retrieved from /home/airflow/.local/lib/python3.6/site-packages/airflow/example_dags/example_external_task_marker_dag.py
[2021-05-01 05:29:27,995] {logging_mixin.py:104} INFO - [2021-05-01 05:29:27,995] {dag.py:1824} INFO - Sync 2 DAGs
[2021-05-01 05:29:28,013] {logging_mixin.py:104} INFO - [2021-05-01 05:29:28,013] {dag.py:2280} INFO - Setting next_dagrun for example_external_task_marker_child to None
[2021-05-01 05:29:28,014] {logging_mixin.py:104} INFO - [2021-05-01 05:29:28,014] {dag.py:2280} INFO - Setting next_dagrun for example_external_task_marker_parent to None
[2021-05-01 05:29:28,029] {scheduler_job.py:190} INFO - Processing /home/airflow/.local/lib/python3.6/site-packages/airflow/example_dags/example_external_task_marker_dag.py took 0.083 seconds
[2021-05-01 05:29:58,541] {scheduler_job.py:182} INFO - Started process (PID=804) to work on /home/airflow/.local/lib/python3.6/site-packages/airflow/example_dags/example_external_task_marker_dag.py
[2021-05-01 05:29:58,542] {scheduler_job.py:629} INFO - Processing file /home/airflow/.local/lib/python3.6/site-packages/airflow/example_dags/example_external_task_marker_dag.py for tasks to queue
[2021-05-01 05:29:58,543] {logging_mixin.py:104} INFO - [2021-05-01 05:29:58,543] {dagbag.py:451} INFO - Filling up the DagBag from /home/airflow/.local/lib/python3.6/site-packages/airflow/example_dags/example_external_task_marker_dag.py
[2021-05-01 05:29:58,554] {scheduler_job.py:639} INFO - DAG(s) dict_keys(['example_external_task_marker_parent', 'example_external_task_marker_child']) retrieved from /home/airflow/.local/lib/python3.6/site-packages/airflow/example_dags/example_external_task_marker_dag.py
[2021-05-01 05:29:58,584] {logging_mixin.py:104} INFO - [2021-05-01 05:29:58,583] {dag.py:1824} INFO - Sync 2 DAGs
[2021-05-01 05:29:58,602] {logging_mixin.py:104} INFO - [2021-05-01 05:29:58,602] {dag.py:2280} INFO - Setting next_dagrun for example_external_task_marker_child to None
[2021-05-01 05:29:58,603] {logging_mixin.py:104} INFO - [2021-05-01 05:29:58,603] {dag.py:2280} INFO - Setting next_dagrun for example_external_task_marker_parent to None
[2021-05-01 05:29:58,617] {scheduler_job.py:190} INFO - Processing /home/airflow/.local/lib/python3.6/site-packages/airflow/example_dags/example_external_task_marker_dag.py took 0.079 seconds
[2021-05-01 05:30:29,142] {scheduler_job.py:182} INFO - Started process (PID=837) to work on /home/airflow/.local/lib/python3.6/site-packages/airflow/example_dags/example_external_task_marker_dag.py
[2021-05-01 05:30:29,145] {scheduler_job.py:629} INFO - Processing file /home/airflow/.local/lib/python3.6/site-packages/airflow/example_dags/example_external_task_marker_dag.py for tasks to queue
[2021-05-01 05:30:29,146] {logging_mixin.py:104} INFO - [2021-05-01 05:30:29,146] {dagbag.py:451} INFO - Filling up the DagBag from /home/airflow/.local/lib/python3.6/site-packages/airflow/example_dags/example_external_task_marker_dag.py
[2021-05-01 05:30:29,158] {scheduler_job.py:639} INFO - DAG(s) dict_keys(['example_external_task_marker_parent', 'example_external_task_marker_child']) retrieved from /home/airflow/.local/lib/python3.6/site-packages/airflow/example_dags/example_external_task_marker_dag.py
[2021-05-01 05:30:29,205] {logging_mixin.py:104} INFO - [2021-05-01 05:30:29,204] {dag.py:1824} INFO - Sync 2 DAGs
[2021-05-01 05:30:29,220] {logging_mixin.py:104} INFO - [2021-05-01 05:30:29,220] {dag.py:2280} INFO - Setting next_dagrun for example_external_task_marker_child to None
[2021-05-01 05:30:29,221] {logging_mixin.py:104} INFO - [2021-05-01 05:30:29,221] {dag.py:2280} INFO - Setting next_dagrun for example_external_task_marker_parent to None
[2021-05-01 05:30:29,234] {scheduler_job.py:190} INFO - Processing /home/airflow/.local/lib/python3.6/site-packages/airflow/example_dags/example_external_task_marker_dag.py took 0.095 seconds
[2021-05-01 05:30:59,713] {scheduler_job.py:182} INFO - Started process (PID=870) to work on /home/airflow/.local/lib/python3.6/site-packages/airflow/example_dags/example_external_task_marker_dag.py
[2021-05-01 05:30:59,714] {scheduler_job.py:629} INFO - Processing file /home/airflow/.local/lib/python3.6/site-packages/airflow/example_dags/example_external_task_marker_dag.py for tasks to queue
[2021-05-01 05:30:59,715] {logging_mixin.py:104} INFO - [2021-05-01 05:30:59,715] {dagbag.py:451} INFO - Filling up the DagBag from /home/airflow/.local/lib/python3.6/site-packages/airflow/example_dags/example_external_task_marker_dag.py
[2021-05-01 05:30:59,726] {scheduler_job.py:639} INFO - DAG(s) dict_keys(['example_external_task_marker_parent', 'example_external_task_marker_child']) retrieved from /home/airflow/.local/lib/python3.6/site-packages/airflow/example_dags/example_external_task_marker_dag.py
[2021-05-01 05:30:59,791] {logging_mixin.py:104} INFO - [2021-05-01 05:30:59,791] {dag.py:1824} INFO - Sync 2 DAGs
[2021-05-01 05:30:59,813] {logging_mixin.py:104} INFO - [2021-05-01 05:30:59,813] {dag.py:2280} INFO - Setting next_dagrun for example_external_task_marker_child to None
[2021-05-01 05:30:59,814] {logging_mixin.py:104} INFO - [2021-05-01 05:30:59,814] {dag.py:2280} INFO - Setting next_dagrun for example_external_task_marker_parent to None
[2021-05-01 05:30:59,830] {scheduler_job.py:190} INFO - Processing /home/airflow/.local/lib/python3.6/site-packages/airflow/example_dags/example_external_task_marker_dag.py took 0.119 seconds
[2021-05-01 05:31:30,479] {scheduler_job.py:182} INFO - Started process (PID=903) to work on /home/airflow/.local/lib/python3.6/site-packages/airflow/example_dags/example_external_task_marker_dag.py
[2021-05-01 05:31:30,480] {scheduler_job.py:629} INFO - Processing file /home/airflow/.local/lib/python3.6/site-packages/airflow/example_dags/example_external_task_marker_dag.py for tasks to queue
[2021-05-01 05:31:30,481] {logging_mixin.py:104} INFO - [2021-05-01 05:31:30,481] {dagbag.py:451} INFO - Filling up the DagBag from /home/airflow/.local/lib/python3.6/site-packages/airflow/example_dags/example_external_task_marker_dag.py
[2021-05-01 05:31:30,492] {scheduler_job.py:639} INFO - DAG(s) dict_keys(['example_external_task_marker_parent', 'example_external_task_marker_child']) retrieved from /home/airflow/.local/lib/python3.6/site-packages/airflow/example_dags/example_external_task_marker_dag.py
[2021-05-01 05:31:30,520] {logging_mixin.py:104} INFO - [2021-05-01 05:31:30,520] {dag.py:1824} INFO - Sync 2 DAGs
[2021-05-01 05:31:30,537] {logging_mixin.py:104} INFO - [2021-05-01 05:31:30,537] {dag.py:2280} INFO - Setting next_dagrun for example_external_task_marker_child to None
[2021-05-01 05:31:30,539] {logging_mixin.py:104} INFO - [2021-05-01 05:31:30,539] {dag.py:2280} INFO - Setting next_dagrun for example_external_task_marker_parent to None
[2021-05-01 05:31:30,554] {scheduler_job.py:190} INFO - Processing /home/airflow/.local/lib/python3.6/site-packages/airflow/example_dags/example_external_task_marker_dag.py took 0.079 seconds
[2021-05-01 05:32:01,063] {scheduler_job.py:182} INFO - Started process (PID=936) to work on /home/airflow/.local/lib/python3.6/site-packages/airflow/example_dags/example_external_task_marker_dag.py
[2021-05-01 05:32:01,064] {scheduler_job.py:629} INFO - Processing file /home/airflow/.local/lib/python3.6/site-packages/airflow/example_dags/example_external_task_marker_dag.py for tasks to queue
[2021-05-01 05:32:01,065] {logging_mixin.py:104} INFO - [2021-05-01 05:32:01,065] {dagbag.py:451} INFO - Filling up the DagBag from /home/airflow/.local/lib/python3.6/site-packages/airflow/example_dags/example_external_task_marker_dag.py
[2021-05-01 05:32:01,078] {scheduler_job.py:639} INFO - DAG(s) dict_keys(['example_external_task_marker_parent', 'example_external_task_marker_child']) retrieved from /home/airflow/.local/lib/python3.6/site-packages/airflow/example_dags/example_external_task_marker_dag.py
[2021-05-01 05:32:01,104] {logging_mixin.py:104} INFO - [2021-05-01 05:32:01,103] {dag.py:1824} INFO - Sync 2 DAGs
[2021-05-01 05:32:01,120] {logging_mixin.py:104} INFO - [2021-05-01 05:32:01,120] {dag.py:2280} INFO - Setting next_dagrun for example_external_task_marker_child to None
[2021-05-01 05:32:01,121] {logging_mixin.py:104} INFO - [2021-05-01 05:32:01,121] {dag.py:2280} INFO - Setting next_dagrun for example_external_task_marker_parent to None
[2021-05-01 05:32:01,135] {scheduler_job.py:190} INFO - Processing /home/airflow/.local/lib/python3.6/site-packages/airflow/example_dags/example_external_task_marker_dag.py took 0.076 seconds
[2021-05-01 05:32:31,633] {scheduler_job.py:182} INFO - Started process (PID=969) to work on /home/airflow/.local/lib/python3.6/site-packages/airflow/example_dags/example_external_task_marker_dag.py
[2021-05-01 05:32:31,634] {scheduler_job.py:629} INFO - Processing file /home/airflow/.local/lib/python3.6/site-packages/airflow/example_dags/example_external_task_marker_dag.py for tasks to queue
[2021-05-01 05:32:31,635] {logging_mixin.py:104} INFO - [2021-05-01 05:32:31,635] {dagbag.py:451} INFO - Filling up the DagBag from /home/airflow/.local/lib/python3.6/site-packages/airflow/example_dags/example_external_task_marker_dag.py
[2021-05-01 05:32:31,647] {scheduler_job.py:639} INFO - DAG(s) dict_keys(['example_external_task_marker_parent', 'example_external_task_marker_child']) retrieved from /home/airflow/.local/lib/python3.6/site-packages/airflow/example_dags/example_external_task_marker_dag.py
[2021-05-01 05:32:31,684] {logging_mixin.py:104} INFO - [2021-05-01 05:32:31,684] {dag.py:1824} INFO - Sync 2 DAGs
[2021-05-01 05:32:31,702] {logging_mixin.py:104} INFO - [2021-05-01 05:32:31,702] {dag.py:2280} INFO - Setting next_dagrun for example_external_task_marker_child to None
[2021-05-01 05:32:31,703] {logging_mixin.py:104} INFO - [2021-05-01 05:32:31,703] {dag.py:2280} INFO - Setting next_dagrun for example_external_task_marker_parent to None
[2021-05-01 05:32:31,719] {scheduler_job.py:190} INFO - Processing /home/airflow/.local/lib/python3.6/site-packages/airflow/example_dags/example_external_task_marker_dag.py took 0.090 seconds
[2021-05-01 05:33:02,163] {scheduler_job.py:182} INFO - Started process (PID=1002) to work on /home/airflow/.local/lib/python3.6/site-packages/airflow/example_dags/example_external_task_marker_dag.py
[2021-05-01 05:33:02,164] {scheduler_job.py:629} INFO - Processing file /home/airflow/.local/lib/python3.6/site-packages/airflow/example_dags/example_external_task_marker_dag.py for tasks to queue
[2021-05-01 05:33:02,165] {logging_mixin.py:104} INFO - [2021-05-01 05:33:02,164] {dagbag.py:451} INFO - Filling up the DagBag from /home/airflow/.local/lib/python3.6/site-packages/airflow/example_dags/example_external_task_marker_dag.py
[2021-05-01 05:33:02,177] {scheduler_job.py:639} INFO - DAG(s) dict_keys(['example_external_task_marker_parent', 'example_external_task_marker_child']) retrieved from /home/airflow/.local/lib/python3.6/site-packages/airflow/example_dags/example_external_task_marker_dag.py
[2021-05-01 05:33:02,206] {logging_mixin.py:104} INFO - [2021-05-01 05:33:02,206] {dag.py:1824} INFO - Sync 2 DAGs
[2021-05-01 05:33:02,223] {logging_mixin.py:104} INFO - [2021-05-01 05:33:02,223] {dag.py:2280} INFO - Setting next_dagrun for example_external_task_marker_child to None
[2021-05-01 05:33:02,224] {logging_mixin.py:104} INFO - [2021-05-01 05:33:02,224] {dag.py:2280} INFO - Setting next_dagrun for example_external_task_marker_parent to None
[2021-05-01 05:33:02,238] {scheduler_job.py:190} INFO - Processing /home/airflow/.local/lib/python3.6/site-packages/airflow/example_dags/example_external_task_marker_dag.py took 0.078 seconds
[2021-05-01 05:33:32,935] {scheduler_job.py:182} INFO - Started process (PID=1037) to work on /home/airflow/.local/lib/python3.6/site-packages/airflow/example_dags/example_external_task_marker_dag.py
[2021-05-01 05:33:32,937] {scheduler_job.py:629} INFO - Processing file /home/airflow/.local/lib/python3.6/site-packages/airflow/example_dags/example_external_task_marker_dag.py for tasks to queue
[2021-05-01 05:33:32,938] {logging_mixin.py:104} INFO - [2021-05-01 05:33:32,938] {dagbag.py:451} INFO - Filling up the DagBag from /home/airflow/.local/lib/python3.6/site-packages/airflow/example_dags/example_external_task_marker_dag.py
[2021-05-01 05:33:32,958] {scheduler_job.py:639} INFO - DAG(s) dict_keys(['example_external_task_marker_parent', 'example_external_task_marker_child']) retrieved from /home/airflow/.local/lib/python3.6/site-packages/airflow/example_dags/example_external_task_marker_dag.py
[2021-05-01 05:33:32,986] {logging_mixin.py:104} INFO - [2021-05-01 05:33:32,986] {dag.py:1824} INFO - Sync 2 DAGs
[2021-05-01 05:33:33,005] {logging_mixin.py:104} INFO - [2021-05-01 05:33:33,005] {dag.py:2280} INFO - Setting next_dagrun for example_external_task_marker_child to None
[2021-05-01 05:33:33,006] {logging_mixin.py:104} INFO - [2021-05-01 05:33:33,006] {dag.py:2280} INFO - Setting next_dagrun for example_external_task_marker_parent to None
[2021-05-01 05:33:33,024] {scheduler_job.py:190} INFO - Processing /home/airflow/.local/lib/python3.6/site-packages/airflow/example_dags/example_external_task_marker_dag.py took 0.094 seconds
[2021-05-01 05:34:03,622] {scheduler_job.py:182} INFO - Started process (PID=1070) to work on /home/airflow/.local/lib/python3.6/site-packages/airflow/example_dags/example_external_task_marker_dag.py
[2021-05-01 05:34:03,623] {scheduler_job.py:629} INFO - Processing file /home/airflow/.local/lib/python3.6/site-packages/airflow/example_dags/example_external_task_marker_dag.py for tasks to queue
[2021-05-01 05:34:03,624] {logging_mixin.py:104} INFO - [2021-05-01 05:34:03,624] {dagbag.py:451} INFO - Filling up the DagBag from /home/airflow/.local/lib/python3.6/site-packages/airflow/example_dags/example_external_task_marker_dag.py
[2021-05-01 05:34:03,639] {scheduler_job.py:639} INFO - DAG(s) dict_keys(['example_external_task_marker_parent', 'example_external_task_marker_child']) retrieved from /home/airflow/.local/lib/python3.6/site-packages/airflow/example_dags/example_external_task_marker_dag.py
[2021-05-01 05:34:03,681] {logging_mixin.py:104} INFO - [2021-05-01 05:34:03,681] {dag.py:1824} INFO - Sync 2 DAGs
[2021-05-01 05:34:03,711] {logging_mixin.py:104} INFO - [2021-05-01 05:34:03,711] {dag.py:2280} INFO - Setting next_dagrun for example_external_task_marker_child to None
[2021-05-01 05:34:03,712] {logging_mixin.py:104} INFO - [2021-05-01 05:34:03,712] {dag.py:2280} INFO - Setting next_dagrun for example_external_task_marker_parent to None
[2021-05-01 05:34:03,732] {scheduler_job.py:190} INFO - Processing /home/airflow/.local/lib/python3.6/site-packages/airflow/example_dags/example_external_task_marker_dag.py took 0.114 seconds
[2021-05-01 05:34:34,131] {scheduler_job.py:182} INFO - Started process (PID=1103) to work on /home/airflow/.local/lib/python3.6/site-packages/airflow/example_dags/example_external_task_marker_dag.py
[2021-05-01 05:34:34,132] {scheduler_job.py:629} INFO - Processing file /home/airflow/.local/lib/python3.6/site-packages/airflow/example_dags/example_external_task_marker_dag.py for tasks to queue
[2021-05-01 05:34:34,133] {logging_mixin.py:104} INFO - [2021-05-01 05:34:34,133] {dagbag.py:451} INFO - Filling up the DagBag from /home/airflow/.local/lib/python3.6/site-packages/airflow/example_dags/example_external_task_marker_dag.py
[2021-05-01 05:34:34,144] {scheduler_job.py:639} INFO - DAG(s) dict_keys(['example_external_task_marker_parent', 'example_external_task_marker_child']) retrieved from /home/airflow/.local/lib/python3.6/site-packages/airflow/example_dags/example_external_task_marker_dag.py
[2021-05-01 05:34:34,175] {logging_mixin.py:104} INFO - [2021-05-01 05:34:34,175] {dag.py:1824} INFO - Sync 2 DAGs
[2021-05-01 05:34:34,192] {logging_mixin.py:104} INFO - [2021-05-01 05:34:34,192] {dag.py:2280} INFO - Setting next_dagrun for example_external_task_marker_child to None
[2021-05-01 05:34:34,193] {logging_mixin.py:104} INFO - [2021-05-01 05:34:34,193] {dag.py:2280} INFO - Setting next_dagrun for example_external_task_marker_parent to None
[2021-05-01 05:34:34,207] {scheduler_job.py:190} INFO - Processing /home/airflow/.local/lib/python3.6/site-packages/airflow/example_dags/example_external_task_marker_dag.py took 0.079 seconds
[2021-05-01 05:35:04,808] {scheduler_job.py:182} INFO - Started process (PID=1136) to work on /home/airflow/.local/lib/python3.6/site-packages/airflow/example_dags/example_external_task_marker_dag.py
[2021-05-01 05:35:04,812] {scheduler_job.py:629} INFO - Processing file /home/airflow/.local/lib/python3.6/site-packages/airflow/example_dags/example_external_task_marker_dag.py for tasks to queue
[2021-05-01 05:35:04,812] {logging_mixin.py:104} INFO - [2021-05-01 05:35:04,812] {dagbag.py:451} INFO - Filling up the DagBag from /home/airflow/.local/lib/python3.6/site-packages/airflow/example_dags/example_external_task_marker_dag.py
[2021-05-01 05:35:04,826] {scheduler_job.py:639} INFO - DAG(s) dict_keys(['example_external_task_marker_parent', 'example_external_task_marker_child']) retrieved from /home/airflow/.local/lib/python3.6/site-packages/airflow/example_dags/example_external_task_marker_dag.py
[2021-05-01 05:35:04,864] {logging_mixin.py:104} INFO - [2021-05-01 05:35:04,864] {dag.py:1824} INFO - Sync 2 DAGs
[2021-05-01 05:35:04,885] {logging_mixin.py:104} INFO - [2021-05-01 05:35:04,885] {dag.py:2280} INFO - Setting next_dagrun for example_external_task_marker_child to None
[2021-05-01 05:35:04,887] {logging_mixin.py:104} INFO - [2021-05-01 05:35:04,887] {dag.py:2280} INFO - Setting next_dagrun for example_external_task_marker_parent to None
[2021-05-01 05:35:04,913] {scheduler_job.py:190} INFO - Processing /home/airflow/.local/lib/python3.6/site-packages/airflow/example_dags/example_external_task_marker_dag.py took 0.109 seconds
[2021-05-01 05:35:35,652] {scheduler_job.py:182} INFO - Started process (PID=1169) to work on /home/airflow/.local/lib/python3.6/site-packages/airflow/example_dags/example_external_task_marker_dag.py
[2021-05-01 05:35:35,653] {scheduler_job.py:629} INFO - Processing file /home/airflow/.local/lib/python3.6/site-packages/airflow/example_dags/example_external_task_marker_dag.py for tasks to queue
[2021-05-01 05:35:35,655] {logging_mixin.py:104} INFO - [2021-05-01 05:35:35,655] {dagbag.py:451} INFO - Filling up the DagBag from /home/airflow/.local/lib/python3.6/site-packages/airflow/example_dags/example_external_task_marker_dag.py
[2021-05-01 05:35:35,668] {scheduler_job.py:639} INFO - DAG(s) dict_keys(['example_external_task_marker_parent', 'example_external_task_marker_child']) retrieved from /home/airflow/.local/lib/python3.6/site-packages/airflow/example_dags/example_external_task_marker_dag.py
[2021-05-01 05:35:35,699] {logging_mixin.py:104} INFO - [2021-05-01 05:35:35,698] {dag.py:1824} INFO - Sync 2 DAGs
[2021-05-01 05:35:35,717] {logging_mixin.py:104} INFO - [2021-05-01 05:35:35,717] {dag.py:2280} INFO - Setting next_dagrun for example_external_task_marker_child to None
[2021-05-01 05:35:35,718] {logging_mixin.py:104} INFO - [2021-05-01 05:35:35,718] {dag.py:2280} INFO - Setting next_dagrun for example_external_task_marker_parent to None
[2021-05-01 05:35:35,735] {scheduler_job.py:190} INFO - Processing /home/airflow/.local/lib/python3.6/site-packages/airflow/example_dags/example_external_task_marker_dag.py took 0.087 seconds
[2021-05-01 05:36:06,255] {scheduler_job.py:182} INFO - Started process (PID=1202) to work on /home/airflow/.local/lib/python3.6/site-packages/airflow/example_dags/example_external_task_marker_dag.py
[2021-05-01 05:36:06,256] {scheduler_job.py:629} INFO - Processing file /home/airflow/.local/lib/python3.6/site-packages/airflow/example_dags/example_external_task_marker_dag.py for tasks to queue
[2021-05-01 05:36:06,257] {logging_mixin.py:104} INFO - [2021-05-01 05:36:06,257] {dagbag.py:451} INFO - Filling up the DagBag from /home/airflow/.local/lib/python3.6/site-packages/airflow/example_dags/example_external_task_marker_dag.py
[2021-05-01 05:36:06,271] {scheduler_job.py:639} INFO - DAG(s) dict_keys(['example_external_task_marker_parent', 'example_external_task_marker_child']) retrieved from /home/airflow/.local/lib/python3.6/site-packages/airflow/example_dags/example_external_task_marker_dag.py
[2021-05-01 05:36:06,326] {logging_mixin.py:104} INFO - [2021-05-01 05:36:06,326] {dag.py:1824} INFO - Sync 2 DAGs
[2021-05-01 05:36:06,351] {logging_mixin.py:104} INFO - [2021-05-01 05:36:06,350] {dag.py:2280} INFO - Setting next_dagrun for example_external_task_marker_child to None
[2021-05-01 05:36:06,351] {logging_mixin.py:104} INFO - [2021-05-01 05:36:06,351] {dag.py:2280} INFO - Setting next_dagrun for example_external_task_marker_parent to None
[2021-05-01 05:36:06,367] {scheduler_job.py:190} INFO - Processing /home/airflow/.local/lib/python3.6/site-packages/airflow/example_dags/example_external_task_marker_dag.py took 0.117 seconds
[2021-05-01 05:36:36,925] {scheduler_job.py:182} INFO - Started process (PID=1235) to work on /home/airflow/.local/lib/python3.6/site-packages/airflow/example_dags/example_external_task_marker_dag.py
[2021-05-01 05:36:36,926] {scheduler_job.py:629} INFO - Processing file /home/airflow/.local/lib/python3.6/site-packages/airflow/example_dags/example_external_task_marker_dag.py for tasks to queue
[2021-05-01 05:36:36,927] {logging_mixin.py:104} INFO - [2021-05-01 05:36:36,927] {dagbag.py:451} INFO - Filling up the DagBag from /home/airflow/.local/lib/python3.6/site-packages/airflow/example_dags/example_external_task_marker_dag.py
[2021-05-01 05:36:36,939] {scheduler_job.py:639} INFO - DAG(s) dict_keys(['example_external_task_marker_parent', 'example_external_task_marker_child']) retrieved from /home/airflow/.local/lib/python3.6/site-packages/airflow/example_dags/example_external_task_marker_dag.py
[2021-05-01 05:36:36,976] {logging_mixin.py:104} INFO - [2021-05-01 05:36:36,976] {dag.py:1824} INFO - Sync 2 DAGs
[2021-05-01 05:36:36,994] {logging_mixin.py:104} INFO - [2021-05-01 05:36:36,994] {dag.py:2280} INFO - Setting next_dagrun for example_external_task_marker_child to None
[2021-05-01 05:36:36,996] {logging_mixin.py:104} INFO - [2021-05-01 05:36:36,995] {dag.py:2280} INFO - Setting next_dagrun for example_external_task_marker_parent to None
[2021-05-01 05:36:37,013] {scheduler_job.py:190} INFO - Processing /home/airflow/.local/lib/python3.6/site-packages/airflow/example_dags/example_external_task_marker_dag.py took 0.092 seconds
[2021-05-01 05:37:07,637] {scheduler_job.py:182} INFO - Started process (PID=1268) to work on /home/airflow/.local/lib/python3.6/site-packages/airflow/example_dags/example_external_task_marker_dag.py
[2021-05-01 05:37:07,638] {scheduler_job.py:629} INFO - Processing file /home/airflow/.local/lib/python3.6/site-packages/airflow/example_dags/example_external_task_marker_dag.py for tasks to queue
[2021-05-01 05:37:07,639] {logging_mixin.py:104} INFO - [2021-05-01 05:37:07,638] {dagbag.py:451} INFO - Filling up the DagBag from /home/airflow/.local/lib/python3.6/site-packages/airflow/example_dags/example_external_task_marker_dag.py
[2021-05-01 05:37:07,649] {scheduler_job.py:639} INFO - DAG(s) dict_keys(['example_external_task_marker_parent', 'example_external_task_marker_child']) retrieved from /home/airflow/.local/lib/python3.6/site-packages/airflow/example_dags/example_external_task_marker_dag.py
[2021-05-01 05:37:07,680] {logging_mixin.py:104} INFO - [2021-05-01 05:37:07,680] {dag.py:1824} INFO - Sync 2 DAGs
[2021-05-01 05:37:07,698] {logging_mixin.py:104} INFO - [2021-05-01 05:37:07,697] {dag.py:2280} INFO - Setting next_dagrun for example_external_task_marker_child to None
[2021-05-01 05:37:07,699] {logging_mixin.py:104} INFO - [2021-05-01 05:37:07,699] {dag.py:2280} INFO - Setting next_dagrun for example_external_task_marker_parent to None
[2021-05-01 05:37:07,713] {scheduler_job.py:190} INFO - Processing /home/airflow/.local/lib/python3.6/site-packages/airflow/example_dags/example_external_task_marker_dag.py took 0.079 seconds
[2021-05-01 05:37:38,013] {scheduler_job.py:182} INFO - Started process (PID=1301) to work on /home/airflow/.local/lib/python3.6/site-packages/airflow/example_dags/example_external_task_marker_dag.py
[2021-05-01 05:37:38,014] {scheduler_job.py:629} INFO - Processing file /home/airflow/.local/lib/python3.6/site-packages/airflow/example_dags/example_external_task_marker_dag.py for tasks to queue
[2021-05-01 05:37:38,014] {logging_mixin.py:104} INFO - [2021-05-01 05:37:38,014] {dagbag.py:451} INFO - Filling up the DagBag from /home/airflow/.local/lib/python3.6/site-packages/airflow/example_dags/example_external_task_marker_dag.py
[2021-05-01 05:37:38,025] {scheduler_job.py:639} INFO - DAG(s) dict_keys(['example_external_task_marker_parent', 'example_external_task_marker_child']) retrieved from /home/airflow/.local/lib/python3.6/site-packages/airflow/example_dags/example_external_task_marker_dag.py
[2021-05-01 05:37:38,051] {logging_mixin.py:104} INFO - [2021-05-01 05:37:38,050] {dag.py:1824} INFO - Sync 2 DAGs
[2021-05-01 05:37:38,067] {logging_mixin.py:104} INFO - [2021-05-01 05:37:38,067] {dag.py:2280} INFO - Setting next_dagrun for example_external_task_marker_child to None
[2021-05-01 05:37:38,068] {logging_mixin.py:104} INFO - [2021-05-01 05:37:38,068] {dag.py:2280} INFO - Setting next_dagrun for example_external_task_marker_parent to None
[2021-05-01 05:37:38,083] {scheduler_job.py:190} INFO - Processing /home/airflow/.local/lib/python3.6/site-packages/airflow/example_dags/example_external_task_marker_dag.py took 0.075 seconds
[2021-05-01 05:38:08,516] {scheduler_job.py:182} INFO - Started process (PID=1334) to work on /home/airflow/.local/lib/python3.6/site-packages/airflow/example_dags/example_external_task_marker_dag.py
[2021-05-01 05:38:08,518] {scheduler_job.py:629} INFO - Processing file /home/airflow/.local/lib/python3.6/site-packages/airflow/example_dags/example_external_task_marker_dag.py for tasks to queue
[2021-05-01 05:38:08,518] {logging_mixin.py:104} INFO - [2021-05-01 05:38:08,518] {dagbag.py:451} INFO - Filling up the DagBag from /home/airflow/.local/lib/python3.6/site-packages/airflow/example_dags/example_external_task_marker_dag.py
[2021-05-01 05:38:08,531] {scheduler_job.py:639} INFO - DAG(s) dict_keys(['example_external_task_marker_parent', 'example_external_task_marker_child']) retrieved from /home/airflow/.local/lib/python3.6/site-packages/airflow/example_dags/example_external_task_marker_dag.py
[2021-05-01 05:38:08,562] {logging_mixin.py:104} INFO - [2021-05-01 05:38:08,562] {dag.py:1824} INFO - Sync 2 DAGs
[2021-05-01 05:38:08,579] {logging_mixin.py:104} INFO - [2021-05-01 05:38:08,579] {dag.py:2280} INFO - Setting next_dagrun for example_external_task_marker_child to None
[2021-05-01 05:38:08,580] {logging_mixin.py:104} INFO - [2021-05-01 05:38:08,580] {dag.py:2280} INFO - Setting next_dagrun for example_external_task_marker_parent to None
[2021-05-01 05:38:08,596] {scheduler_job.py:190} INFO - Processing /home/airflow/.local/lib/python3.6/site-packages/airflow/example_dags/example_external_task_marker_dag.py took 0.085 seconds
[2021-05-01 05:38:39,031] {scheduler_job.py:182} INFO - Started process (PID=1367) to work on /home/airflow/.local/lib/python3.6/site-packages/airflow/example_dags/example_external_task_marker_dag.py
[2021-05-01 05:38:39,032] {scheduler_job.py:629} INFO - Processing file /home/airflow/.local/lib/python3.6/site-packages/airflow/example_dags/example_external_task_marker_dag.py for tasks to queue
[2021-05-01 05:38:39,033] {logging_mixin.py:104} INFO - [2021-05-01 05:38:39,033] {dagbag.py:451} INFO - Filling up the DagBag from /home/airflow/.local/lib/python3.6/site-packages/airflow/example_dags/example_external_task_marker_dag.py
[2021-05-01 05:38:39,047] {scheduler_job.py:639} INFO - DAG(s) dict_keys(['example_external_task_marker_parent', 'example_external_task_marker_child']) retrieved from /home/airflow/.local/lib/python3.6/site-packages/airflow/example_dags/example_external_task_marker_dag.py
[2021-05-01 05:38:39,079] {logging_mixin.py:104} INFO - [2021-05-01 05:38:39,079] {dag.py:1824} INFO - Sync 2 DAGs
[2021-05-01 05:38:39,098] {logging_mixin.py:104} INFO - [2021-05-01 05:38:39,098] {dag.py:2280} INFO - Setting next_dagrun for example_external_task_marker_child to None
[2021-05-01 05:38:39,100] {logging_mixin.py:104} INFO - [2021-05-01 05:38:39,099] {dag.py:2280} INFO - Setting next_dagrun for example_external_task_marker_parent to None
[2021-05-01 05:38:39,119] {scheduler_job.py:190} INFO - Processing /home/airflow/.local/lib/python3.6/site-packages/airflow/example_dags/example_external_task_marker_dag.py took 0.092 seconds
[2021-05-01 05:39:09,687] {scheduler_job.py:182} INFO - Started process (PID=1400) to work on /home/airflow/.local/lib/python3.6/site-packages/airflow/example_dags/example_external_task_marker_dag.py
[2021-05-01 05:39:09,690] {scheduler_job.py:629} INFO - Processing file /home/airflow/.local/lib/python3.6/site-packages/airflow/example_dags/example_external_task_marker_dag.py for tasks to queue
[2021-05-01 05:39:09,691] {logging_mixin.py:104} INFO - [2021-05-01 05:39:09,691] {dagbag.py:451} INFO - Filling up the DagBag from /home/airflow/.local/lib/python3.6/site-packages/airflow/example_dags/example_external_task_marker_dag.py
[2021-05-01 05:39:09,714] {scheduler_job.py:639} INFO - DAG(s) dict_keys(['example_external_task_marker_parent', 'example_external_task_marker_child']) retrieved from /home/airflow/.local/lib/python3.6/site-packages/airflow/example_dags/example_external_task_marker_dag.py
[2021-05-01 05:39:09,766] {logging_mixin.py:104} INFO - [2021-05-01 05:39:09,766] {dag.py:1824} INFO - Sync 2 DAGs
[2021-05-01 05:39:09,789] {logging_mixin.py:104} INFO - [2021-05-01 05:39:09,789] {dag.py:2280} INFO - Setting next_dagrun for example_external_task_marker_child to None
[2021-05-01 05:39:09,791] {logging_mixin.py:104} INFO - [2021-05-01 05:39:09,791] {dag.py:2280} INFO - Setting next_dagrun for example_external_task_marker_parent to None
[2021-05-01 05:39:09,810] {scheduler_job.py:190} INFO - Processing /home/airflow/.local/lib/python3.6/site-packages/airflow/example_dags/example_external_task_marker_dag.py took 0.129 seconds
[2021-05-01 05:39:40,598] {scheduler_job.py:182} INFO - Started process (PID=1433) to work on /home/airflow/.local/lib/python3.6/site-packages/airflow/example_dags/example_external_task_marker_dag.py
[2021-05-01 05:39:40,600] {scheduler_job.py:629} INFO - Processing file /home/airflow/.local/lib/python3.6/site-packages/airflow/example_dags/example_external_task_marker_dag.py for tasks to queue
[2021-05-01 05:39:40,602] {logging_mixin.py:104} INFO - [2021-05-01 05:39:40,601] {dagbag.py:451} INFO - Filling up the DagBag from /home/airflow/.local/lib/python3.6/site-packages/airflow/example_dags/example_external_task_marker_dag.py
[2021-05-01 05:39:40,617] {scheduler_job.py:639} INFO - DAG(s) dict_keys(['example_external_task_marker_parent', 'example_external_task_marker_child']) retrieved from /home/airflow/.local/lib/python3.6/site-packages/airflow/example_dags/example_external_task_marker_dag.py
[2021-05-01 05:39:40,652] {logging_mixin.py:104} INFO - [2021-05-01 05:39:40,652] {dag.py:1824} INFO - Sync 2 DAGs
[2021-05-01 05:39:40,674] {logging_mixin.py:104} INFO - [2021-05-01 05:39:40,674] {dag.py:2280} INFO - Setting next_dagrun for example_external_task_marker_child to None
[2021-05-01 05:39:40,675] {logging_mixin.py:104} INFO - [2021-05-01 05:39:40,675] {dag.py:2280} INFO - Setting next_dagrun for example_external_task_marker_parent to None
[2021-05-01 05:39:40,692] {scheduler_job.py:190} INFO - Processing /home/airflow/.local/lib/python3.6/site-packages/airflow/example_dags/example_external_task_marker_dag.py took 0.097 seconds
[2021-05-01 05:40:11,388] {scheduler_job.py:182} INFO - Started process (PID=1466) to work on /home/airflow/.local/lib/python3.6/site-packages/airflow/example_dags/example_external_task_marker_dag.py
[2021-05-01 05:40:11,390] {scheduler_job.py:629} INFO - Processing file /home/airflow/.local/lib/python3.6/site-packages/airflow/example_dags/example_external_task_marker_dag.py for tasks to queue
[2021-05-01 05:40:11,390] {logging_mixin.py:104} INFO - [2021-05-01 05:40:11,390] {dagbag.py:451} INFO - Filling up the DagBag from /home/airflow/.local/lib/python3.6/site-packages/airflow/example_dags/example_external_task_marker_dag.py
[2021-05-01 05:40:11,401] {scheduler_job.py:639} INFO - DAG(s) dict_keys(['example_external_task_marker_parent', 'example_external_task_marker_child']) retrieved from /home/airflow/.local/lib/python3.6/site-packages/airflow/example_dags/example_external_task_marker_dag.py
[2021-05-01 05:40:11,436] {logging_mixin.py:104} INFO - [2021-05-01 05:40:11,436] {dag.py:1824} INFO - Sync 2 DAGs
[2021-05-01 05:40:11,457] {logging_mixin.py:104} INFO - [2021-05-01 05:40:11,457] {dag.py:2280} INFO - Setting next_dagrun for example_external_task_marker_child to None
[2021-05-01 05:40:11,458] {logging_mixin.py:104} INFO - [2021-05-01 05:40:11,458] {dag.py:2280} INFO - Setting next_dagrun for example_external_task_marker_parent to None
[2021-05-01 05:40:11,477] {scheduler_job.py:190} INFO - Processing /home/airflow/.local/lib/python3.6/site-packages/airflow/example_dags/example_external_task_marker_dag.py took 0.092 seconds
[2021-05-01 05:40:42,096] {scheduler_job.py:182} INFO - Started process (PID=1499) to work on /home/airflow/.local/lib/python3.6/site-packages/airflow/example_dags/example_external_task_marker_dag.py
[2021-05-01 05:40:42,097] {scheduler_job.py:629} INFO - Processing file /home/airflow/.local/lib/python3.6/site-packages/airflow/example_dags/example_external_task_marker_dag.py for tasks to queue
[2021-05-01 05:40:42,098] {logging_mixin.py:104} INFO - [2021-05-01 05:40:42,098] {dagbag.py:451} INFO - Filling up the DagBag from /home/airflow/.local/lib/python3.6/site-packages/airflow/example_dags/example_external_task_marker_dag.py
[2021-05-01 05:40:42,110] {scheduler_job.py:639} INFO - DAG(s) dict_keys(['example_external_task_marker_parent', 'example_external_task_marker_child']) retrieved from /home/airflow/.local/lib/python3.6/site-packages/airflow/example_dags/example_external_task_marker_dag.py
[2021-05-01 05:40:42,142] {logging_mixin.py:104} INFO - [2021-05-01 05:40:42,142] {dag.py:1824} INFO - Sync 2 DAGs
[2021-05-01 05:40:42,165] {logging_mixin.py:104} INFO - [2021-05-01 05:40:42,165] {dag.py:2280} INFO - Setting next_dagrun for example_external_task_marker_child to None
[2021-05-01 05:40:42,167] {logging_mixin.py:104} INFO - [2021-05-01 05:40:42,166] {dag.py:2280} INFO - Setting next_dagrun for example_external_task_marker_parent to None
[2021-05-01 05:40:42,182] {scheduler_job.py:190} INFO - Processing /home/airflow/.local/lib/python3.6/site-packages/airflow/example_dags/example_external_task_marker_dag.py took 0.090 seconds
[2021-05-01 05:41:12,744] {scheduler_job.py:182} INFO - Started process (PID=1532) to work on /home/airflow/.local/lib/python3.6/site-packages/airflow/example_dags/example_external_task_marker_dag.py
[2021-05-01 05:41:12,746] {scheduler_job.py:629} INFO - Processing file /home/airflow/.local/lib/python3.6/site-packages/airflow/example_dags/example_external_task_marker_dag.py for tasks to queue
[2021-05-01 05:41:12,747] {logging_mixin.py:104} INFO - [2021-05-01 05:41:12,747] {dagbag.py:451} INFO - Filling up the DagBag from /home/airflow/.local/lib/python3.6/site-packages/airflow/example_dags/example_external_task_marker_dag.py
[2021-05-01 05:41:12,759] {scheduler_job.py:639} INFO - DAG(s) dict_keys(['example_external_task_marker_parent', 'example_external_task_marker_child']) retrieved from /home/airflow/.local/lib/python3.6/site-packages/airflow/example_dags/example_external_task_marker_dag.py
[2021-05-01 05:41:12,796] {logging_mixin.py:104} INFO - [2021-05-01 05:41:12,796] {dag.py:1824} INFO - Sync 2 DAGs
[2021-05-01 05:41:12,817] {logging_mixin.py:104} INFO - [2021-05-01 05:41:12,816] {dag.py:2280} INFO - Setting next_dagrun for example_external_task_marker_child to None
[2021-05-01 05:41:12,818] {logging_mixin.py:104} INFO - [2021-05-01 05:41:12,818] {dag.py:2280} INFO - Setting next_dagrun for example_external_task_marker_parent to None
[2021-05-01 05:41:12,834] {scheduler_job.py:190} INFO - Processing /home/airflow/.local/lib/python3.6/site-packages/airflow/example_dags/example_external_task_marker_dag.py took 0.093 seconds
[2021-05-01 05:41:43,704] {scheduler_job.py:182} INFO - Started process (PID=1565) to work on /home/airflow/.local/lib/python3.6/site-packages/airflow/example_dags/example_external_task_marker_dag.py
[2021-05-01 05:41:43,705] {scheduler_job.py:629} INFO - Processing file /home/airflow/.local/lib/python3.6/site-packages/airflow/example_dags/example_external_task_marker_dag.py for tasks to queue
[2021-05-01 05:41:43,706] {logging_mixin.py:104} INFO - [2021-05-01 05:41:43,705] {dagbag.py:451} INFO - Filling up the DagBag from /home/airflow/.local/lib/python3.6/site-packages/airflow/example_dags/example_external_task_marker_dag.py
[2021-05-01 05:41:43,722] {scheduler_job.py:639} INFO - DAG(s) dict_keys(['example_external_task_marker_parent', 'example_external_task_marker_child']) retrieved from /home/airflow/.local/lib/python3.6/site-packages/airflow/example_dags/example_external_task_marker_dag.py
[2021-05-01 05:41:43,770] {logging_mixin.py:104} INFO - [2021-05-01 05:41:43,769] {dag.py:1824} INFO - Sync 2 DAGs
[2021-05-01 05:41:43,790] {logging_mixin.py:104} INFO - [2021-05-01 05:41:43,789] {dag.py:2280} INFO - Setting next_dagrun for example_external_task_marker_child to None
[2021-05-01 05:41:43,791] {logging_mixin.py:104} INFO - [2021-05-01 05:41:43,791] {dag.py:2280} INFO - Setting next_dagrun for example_external_task_marker_parent to None
[2021-05-01 05:41:43,814] {scheduler_job.py:190} INFO - Processing /home/airflow/.local/lib/python3.6/site-packages/airflow/example_dags/example_external_task_marker_dag.py took 0.114 seconds
[2021-05-01 05:42:14,051] {scheduler_job.py:182} INFO - Started process (PID=1598) to work on /home/airflow/.local/lib/python3.6/site-packages/airflow/example_dags/example_external_task_marker_dag.py
[2021-05-01 05:42:14,053] {scheduler_job.py:629} INFO - Processing file /home/airflow/.local/lib/python3.6/site-packages/airflow/example_dags/example_external_task_marker_dag.py for tasks to queue
[2021-05-01 05:42:14,054] {logging_mixin.py:104} INFO - [2021-05-01 05:42:14,054] {dagbag.py:451} INFO - Filling up the DagBag from /home/airflow/.local/lib/python3.6/site-packages/airflow/example_dags/example_external_task_marker_dag.py
[2021-05-01 05:42:14,071] {scheduler_job.py:639} INFO - DAG(s) dict_keys(['example_external_task_marker_parent', 'example_external_task_marker_child']) retrieved from /home/airflow/.local/lib/python3.6/site-packages/airflow/example_dags/example_external_task_marker_dag.py
[2021-05-01 05:42:14,116] {logging_mixin.py:104} INFO - [2021-05-01 05:42:14,116] {dag.py:1824} INFO - Sync 2 DAGs
[2021-05-01 05:42:14,137] {logging_mixin.py:104} INFO - [2021-05-01 05:42:14,137] {dag.py:2280} INFO - Setting next_dagrun for example_external_task_marker_child to None
[2021-05-01 05:42:14,139] {logging_mixin.py:104} INFO - [2021-05-01 05:42:14,138] {dag.py:2280} INFO - Setting next_dagrun for example_external_task_marker_parent to None
[2021-05-01 05:42:14,156] {scheduler_job.py:190} INFO - Processing /home/airflow/.local/lib/python3.6/site-packages/airflow/example_dags/example_external_task_marker_dag.py took 0.110 seconds
[2021-05-01 05:42:44,812] {scheduler_job.py:182} INFO - Started process (PID=1631) to work on /home/airflow/.local/lib/python3.6/site-packages/airflow/example_dags/example_external_task_marker_dag.py
[2021-05-01 05:42:44,813] {scheduler_job.py:629} INFO - Processing file /home/airflow/.local/lib/python3.6/site-packages/airflow/example_dags/example_external_task_marker_dag.py for tasks to queue
[2021-05-01 05:42:44,814] {logging_mixin.py:104} INFO - [2021-05-01 05:42:44,814] {dagbag.py:451} INFO - Filling up the DagBag from /home/airflow/.local/lib/python3.6/site-packages/airflow/example_dags/example_external_task_marker_dag.py
[2021-05-01 05:42:44,825] {scheduler_job.py:639} INFO - DAG(s) dict_keys(['example_external_task_marker_parent', 'example_external_task_marker_child']) retrieved from /home/airflow/.local/lib/python3.6/site-packages/airflow/example_dags/example_external_task_marker_dag.py
[2021-05-01 05:42:44,856] {logging_mixin.py:104} INFO - [2021-05-01 05:42:44,856] {dag.py:1824} INFO - Sync 2 DAGs
[2021-05-01 05:42:44,879] {logging_mixin.py:104} INFO - [2021-05-01 05:42:44,879] {dag.py:2280} INFO - Setting next_dagrun for example_external_task_marker_child to None
[2021-05-01 05:42:44,880] {logging_mixin.py:104} INFO - [2021-05-01 05:42:44,880] {dag.py:2280} INFO - Setting next_dagrun for example_external_task_marker_parent to None
[2021-05-01 05:42:44,894] {scheduler_job.py:190} INFO - Processing /home/airflow/.local/lib/python3.6/site-packages/airflow/example_dags/example_external_task_marker_dag.py took 0.087 seconds
[2021-05-01 05:43:15,047] {scheduler_job.py:182} INFO - Started process (PID=1670) to work on /home/airflow/.local/lib/python3.6/site-packages/airflow/example_dags/example_external_task_marker_dag.py
[2021-05-01 05:43:15,049] {scheduler_job.py:629} INFO - Processing file /home/airflow/.local/lib/python3.6/site-packages/airflow/example_dags/example_external_task_marker_dag.py for tasks to queue
[2021-05-01 05:43:15,050] {logging_mixin.py:104} INFO - [2021-05-01 05:43:15,050] {dagbag.py:451} INFO - Filling up the DagBag from /home/airflow/.local/lib/python3.6/site-packages/airflow/example_dags/example_external_task_marker_dag.py
[2021-05-01 05:43:15,063] {scheduler_job.py:639} INFO - DAG(s) dict_keys(['example_external_task_marker_parent', 'example_external_task_marker_child']) retrieved from /home/airflow/.local/lib/python3.6/site-packages/airflow/example_dags/example_external_task_marker_dag.py
[2021-05-01 05:43:15,091] {logging_mixin.py:104} INFO - [2021-05-01 05:43:15,091] {dag.py:1824} INFO - Sync 2 DAGs
[2021-05-01 05:43:15,109] {logging_mixin.py:104} INFO - [2021-05-01 05:43:15,109] {dag.py:2280} INFO - Setting next_dagrun for example_external_task_marker_child to None
[2021-05-01 05:43:15,110] {logging_mixin.py:104} INFO - [2021-05-01 05:43:15,110] {dag.py:2280} INFO - Setting next_dagrun for example_external_task_marker_parent to None
[2021-05-01 05:43:15,129] {scheduler_job.py:190} INFO - Processing /home/airflow/.local/lib/python3.6/site-packages/airflow/example_dags/example_external_task_marker_dag.py took 0.085 seconds
[2021-05-01 05:43:45,475] {scheduler_job.py:182} INFO - Started process (PID=1703) to work on /home/airflow/.local/lib/python3.6/site-packages/airflow/example_dags/example_external_task_marker_dag.py
[2021-05-01 05:43:45,477] {scheduler_job.py:629} INFO - Processing file /home/airflow/.local/lib/python3.6/site-packages/airflow/example_dags/example_external_task_marker_dag.py for tasks to queue
[2021-05-01 05:43:45,478] {logging_mixin.py:104} INFO - [2021-05-01 05:43:45,478] {dagbag.py:451} INFO - Filling up the DagBag from /home/airflow/.local/lib/python3.6/site-packages/airflow/example_dags/example_external_task_marker_dag.py
[2021-05-01 05:43:45,494] {scheduler_job.py:639} INFO - DAG(s) dict_keys(['example_external_task_marker_parent', 'example_external_task_marker_child']) retrieved from /home/airflow/.local/lib/python3.6/site-packages/airflow/example_dags/example_external_task_marker_dag.py
[2021-05-01 05:43:45,536] {logging_mixin.py:104} INFO - [2021-05-01 05:43:45,535] {dag.py:1824} INFO - Sync 2 DAGs
[2021-05-01 05:43:45,558] {logging_mixin.py:104} INFO - [2021-05-01 05:43:45,557] {dag.py:2280} INFO - Setting next_dagrun for example_external_task_marker_child to None
[2021-05-01 05:43:45,559] {logging_mixin.py:104} INFO - [2021-05-01 05:43:45,559] {dag.py:2280} INFO - Setting next_dagrun for example_external_task_marker_parent to None
[2021-05-01 05:43:45,580] {scheduler_job.py:190} INFO - Processing /home/airflow/.local/lib/python3.6/site-packages/airflow/example_dags/example_external_task_marker_dag.py took 0.112 seconds
[2021-05-01 05:44:16,150] {scheduler_job.py:182} INFO - Started process (PID=1742) to work on /home/airflow/.local/lib/python3.6/site-packages/airflow/example_dags/example_external_task_marker_dag.py
[2021-05-01 05:44:16,151] {scheduler_job.py:629} INFO - Processing file /home/airflow/.local/lib/python3.6/site-packages/airflow/example_dags/example_external_task_marker_dag.py for tasks to queue
[2021-05-01 05:44:16,152] {logging_mixin.py:104} INFO - [2021-05-01 05:44:16,151] {dagbag.py:451} INFO - Filling up the DagBag from /home/airflow/.local/lib/python3.6/site-packages/airflow/example_dags/example_external_task_marker_dag.py
[2021-05-01 05:44:16,163] {scheduler_job.py:639} INFO - DAG(s) dict_keys(['example_external_task_marker_parent', 'example_external_task_marker_child']) retrieved from /home/airflow/.local/lib/python3.6/site-packages/airflow/example_dags/example_external_task_marker_dag.py
[2021-05-01 05:44:16,197] {logging_mixin.py:104} INFO - [2021-05-01 05:44:16,196] {dag.py:1824} INFO - Sync 2 DAGs
[2021-05-01 05:44:16,217] {logging_mixin.py:104} INFO - [2021-05-01 05:44:16,217] {dag.py:2280} INFO - Setting next_dagrun for example_external_task_marker_child to None
[2021-05-01 05:44:16,218] {logging_mixin.py:104} INFO - [2021-05-01 05:44:16,218] {dag.py:2280} INFO - Setting next_dagrun for example_external_task_marker_parent to None
[2021-05-01 05:44:16,236] {scheduler_job.py:190} INFO - Processing /home/airflow/.local/lib/python3.6/site-packages/airflow/example_dags/example_external_task_marker_dag.py took 0.090 seconds
[2021-05-01 05:44:46,600] {scheduler_job.py:182} INFO - Started process (PID=1775) to work on /home/airflow/.local/lib/python3.6/site-packages/airflow/example_dags/example_external_task_marker_dag.py
[2021-05-01 05:44:46,601] {scheduler_job.py:629} INFO - Processing file /home/airflow/.local/lib/python3.6/site-packages/airflow/example_dags/example_external_task_marker_dag.py for tasks to queue
[2021-05-01 05:44:46,602] {logging_mixin.py:104} INFO - [2021-05-01 05:44:46,602] {dagbag.py:451} INFO - Filling up the DagBag from /home/airflow/.local/lib/python3.6/site-packages/airflow/example_dags/example_external_task_marker_dag.py
[2021-05-01 05:44:46,617] {scheduler_job.py:639} INFO - DAG(s) dict_keys(['example_external_task_marker_parent', 'example_external_task_marker_child']) retrieved from /home/airflow/.local/lib/python3.6/site-packages/airflow/example_dags/example_external_task_marker_dag.py
[2021-05-01 05:44:46,649] {logging_mixin.py:104} INFO - [2021-05-01 05:44:46,648] {dag.py:1824} INFO - Sync 2 DAGs
[2021-05-01 05:44:46,666] {logging_mixin.py:104} INFO - [2021-05-01 05:44:46,666] {dag.py:2280} INFO - Setting next_dagrun for example_external_task_marker_child to None
[2021-05-01 05:44:46,667] {logging_mixin.py:104} INFO - [2021-05-01 05:44:46,667] {dag.py:2280} INFO - Setting next_dagrun for example_external_task_marker_parent to None
[2021-05-01 05:44:46,680] {scheduler_job.py:190} INFO - Processing /home/airflow/.local/lib/python3.6/site-packages/airflow/example_dags/example_external_task_marker_dag.py took 0.085 seconds
[2021-05-01 05:45:17,081] {scheduler_job.py:182} INFO - Started process (PID=1808) to work on /home/airflow/.local/lib/python3.6/site-packages/airflow/example_dags/example_external_task_marker_dag.py
[2021-05-01 05:45:17,083] {scheduler_job.py:629} INFO - Processing file /home/airflow/.local/lib/python3.6/site-packages/airflow/example_dags/example_external_task_marker_dag.py for tasks to queue
[2021-05-01 05:45:17,085] {logging_mixin.py:104} INFO - [2021-05-01 05:45:17,084] {dagbag.py:451} INFO - Filling up the DagBag from /home/airflow/.local/lib/python3.6/site-packages/airflow/example_dags/example_external_task_marker_dag.py
[2021-05-01 05:45:17,098] {scheduler_job.py:639} INFO - DAG(s) dict_keys(['example_external_task_marker_parent', 'example_external_task_marker_child']) retrieved from /home/airflow/.local/lib/python3.6/site-packages/airflow/example_dags/example_external_task_marker_dag.py
[2021-05-01 05:45:17,131] {logging_mixin.py:104} INFO - [2021-05-01 05:45:17,131] {dag.py:1824} INFO - Sync 2 DAGs
[2021-05-01 05:45:17,151] {logging_mixin.py:104} INFO - [2021-05-01 05:45:17,151] {dag.py:2280} INFO - Setting next_dagrun for example_external_task_marker_child to None
[2021-05-01 05:45:17,152] {logging_mixin.py:104} INFO - [2021-05-01 05:45:17,152] {dag.py:2280} INFO - Setting next_dagrun for example_external_task_marker_parent to None
[2021-05-01 05:45:17,169] {scheduler_job.py:190} INFO - Processing /home/airflow/.local/lib/python3.6/site-packages/airflow/example_dags/example_external_task_marker_dag.py took 0.091 seconds
[2021-05-01 05:45:47,792] {scheduler_job.py:182} INFO - Started process (PID=1841) to work on /home/airflow/.local/lib/python3.6/site-packages/airflow/example_dags/example_external_task_marker_dag.py
[2021-05-01 05:45:47,795] {scheduler_job.py:629} INFO - Processing file /home/airflow/.local/lib/python3.6/site-packages/airflow/example_dags/example_external_task_marker_dag.py for tasks to queue
[2021-05-01 05:45:47,797] {logging_mixin.py:104} INFO - [2021-05-01 05:45:47,797] {dagbag.py:451} INFO - Filling up the DagBag from /home/airflow/.local/lib/python3.6/site-packages/airflow/example_dags/example_external_task_marker_dag.py
[2021-05-01 05:45:47,853] {scheduler_job.py:639} INFO - DAG(s) dict_keys(['example_external_task_marker_parent', 'example_external_task_marker_child']) retrieved from /home/airflow/.local/lib/python3.6/site-packages/airflow/example_dags/example_external_task_marker_dag.py
[2021-05-01 05:45:47,994] {logging_mixin.py:104} INFO - [2021-05-01 05:45:47,994] {dag.py:1824} INFO - Sync 2 DAGs
[2021-05-01 05:45:48,055] {logging_mixin.py:104} INFO - [2021-05-01 05:45:48,054] {dag.py:2280} INFO - Setting next_dagrun for example_external_task_marker_child to None
[2021-05-01 05:45:48,058] {logging_mixin.py:104} INFO - [2021-05-01 05:45:48,057] {dag.py:2280} INFO - Setting next_dagrun for example_external_task_marker_parent to None
[2021-05-01 05:45:48,094] {scheduler_job.py:190} INFO - Processing /home/airflow/.local/lib/python3.6/site-packages/airflow/example_dags/example_external_task_marker_dag.py took 0.319 seconds
[2021-05-01 05:46:18,237] {scheduler_job.py:182} INFO - Started process (PID=1871) to work on /home/airflow/.local/lib/python3.6/site-packages/airflow/example_dags/example_external_task_marker_dag.py
[2021-05-01 05:46:18,238] {scheduler_job.py:629} INFO - Processing file /home/airflow/.local/lib/python3.6/site-packages/airflow/example_dags/example_external_task_marker_dag.py for tasks to queue
[2021-05-01 05:46:18,239] {logging_mixin.py:104} INFO - [2021-05-01 05:46:18,239] {dagbag.py:451} INFO - Filling up the DagBag from /home/airflow/.local/lib/python3.6/site-packages/airflow/example_dags/example_external_task_marker_dag.py
[2021-05-01 05:46:18,253] {scheduler_job.py:639} INFO - DAG(s) dict_keys(['example_external_task_marker_parent', 'example_external_task_marker_child']) retrieved from /home/airflow/.local/lib/python3.6/site-packages/airflow/example_dags/example_external_task_marker_dag.py
[2021-05-01 05:46:18,292] {logging_mixin.py:104} INFO - [2021-05-01 05:46:18,292] {dag.py:1824} INFO - Sync 2 DAGs
[2021-05-01 05:46:18,311] {logging_mixin.py:104} INFO - [2021-05-01 05:46:18,311] {dag.py:2280} INFO - Setting next_dagrun for example_external_task_marker_child to None
[2021-05-01 05:46:18,312] {logging_mixin.py:104} INFO - [2021-05-01 05:46:18,312] {dag.py:2280} INFO - Setting next_dagrun for example_external_task_marker_parent to None
[2021-05-01 05:46:18,330] {scheduler_job.py:190} INFO - Processing /home/airflow/.local/lib/python3.6/site-packages/airflow/example_dags/example_external_task_marker_dag.py took 0.096 seconds
[2021-05-01 05:46:49,009] {scheduler_job.py:182} INFO - Started process (PID=1904) to work on /home/airflow/.local/lib/python3.6/site-packages/airflow/example_dags/example_external_task_marker_dag.py
[2021-05-01 05:46:49,010] {scheduler_job.py:629} INFO - Processing file /home/airflow/.local/lib/python3.6/site-packages/airflow/example_dags/example_external_task_marker_dag.py for tasks to queue
[2021-05-01 05:46:49,011] {logging_mixin.py:104} INFO - [2021-05-01 05:46:49,011] {dagbag.py:451} INFO - Filling up the DagBag from /home/airflow/.local/lib/python3.6/site-packages/airflow/example_dags/example_external_task_marker_dag.py
[2021-05-01 05:46:49,022] {scheduler_job.py:639} INFO - DAG(s) dict_keys(['example_external_task_marker_parent', 'example_external_task_marker_child']) retrieved from /home/airflow/.local/lib/python3.6/site-packages/airflow/example_dags/example_external_task_marker_dag.py
[2021-05-01 05:46:49,058] {logging_mixin.py:104} INFO - [2021-05-01 05:46:49,057] {dag.py:1824} INFO - Sync 2 DAGs
[2021-05-01 05:46:49,080] {logging_mixin.py:104} INFO - [2021-05-01 05:46:49,079] {dag.py:2280} INFO - Setting next_dagrun for example_external_task_marker_child to None
[2021-05-01 05:46:49,081] {logging_mixin.py:104} INFO - [2021-05-01 05:46:49,081] {dag.py:2280} INFO - Setting next_dagrun for example_external_task_marker_parent to None
[2021-05-01 05:46:49,098] {scheduler_job.py:190} INFO - Processing /home/airflow/.local/lib/python3.6/site-packages/airflow/example_dags/example_external_task_marker_dag.py took 0.092 seconds
[2021-05-01 05:47:19,838] {scheduler_job.py:182} INFO - Started process (PID=1937) to work on /home/airflow/.local/lib/python3.6/site-packages/airflow/example_dags/example_external_task_marker_dag.py
[2021-05-01 05:47:19,839] {scheduler_job.py:629} INFO - Processing file /home/airflow/.local/lib/python3.6/site-packages/airflow/example_dags/example_external_task_marker_dag.py for tasks to queue
[2021-05-01 05:47:19,840] {logging_mixin.py:104} INFO - [2021-05-01 05:47:19,840] {dagbag.py:451} INFO - Filling up the DagBag from /home/airflow/.local/lib/python3.6/site-packages/airflow/example_dags/example_external_task_marker_dag.py
[2021-05-01 05:47:19,857] {scheduler_job.py:639} INFO - DAG(s) dict_keys(['example_external_task_marker_parent', 'example_external_task_marker_child']) retrieved from /home/airflow/.local/lib/python3.6/site-packages/airflow/example_dags/example_external_task_marker_dag.py
[2021-05-01 05:47:19,905] {logging_mixin.py:104} INFO - [2021-05-01 05:47:19,905] {dag.py:1824} INFO - Sync 2 DAGs
[2021-05-01 05:47:19,932] {logging_mixin.py:104} INFO - [2021-05-01 05:47:19,932] {dag.py:2280} INFO - Setting next_dagrun for example_external_task_marker_child to None
[2021-05-01 05:47:19,934] {logging_mixin.py:104} INFO - [2021-05-01 05:47:19,934] {dag.py:2280} INFO - Setting next_dagrun for example_external_task_marker_parent to None
[2021-05-01 05:47:19,953] {scheduler_job.py:190} INFO - Processing /home/airflow/.local/lib/python3.6/site-packages/airflow/example_dags/example_external_task_marker_dag.py took 0.120 seconds
[2021-05-01 05:47:50,246] {scheduler_job.py:182} INFO - Started process (PID=1976) to work on /home/airflow/.local/lib/python3.6/site-packages/airflow/example_dags/example_external_task_marker_dag.py
[2021-05-01 05:47:50,247] {scheduler_job.py:629} INFO - Processing file /home/airflow/.local/lib/python3.6/site-packages/airflow/example_dags/example_external_task_marker_dag.py for tasks to queue
[2021-05-01 05:47:50,248] {logging_mixin.py:104} INFO - [2021-05-01 05:47:50,247] {dagbag.py:451} INFO - Filling up the DagBag from /home/airflow/.local/lib/python3.6/site-packages/airflow/example_dags/example_external_task_marker_dag.py
[2021-05-01 05:47:50,261] {scheduler_job.py:639} INFO - DAG(s) dict_keys(['example_external_task_marker_parent', 'example_external_task_marker_child']) retrieved from /home/airflow/.local/lib/python3.6/site-packages/airflow/example_dags/example_external_task_marker_dag.py
[2021-05-01 05:47:50,294] {logging_mixin.py:104} INFO - [2021-05-01 05:47:50,293] {dag.py:1824} INFO - Sync 2 DAGs
[2021-05-01 05:47:50,317] {logging_mixin.py:104} INFO - [2021-05-01 05:47:50,317] {dag.py:2280} INFO - Setting next_dagrun for example_external_task_marker_child to None
[2021-05-01 05:47:50,318] {logging_mixin.py:104} INFO - [2021-05-01 05:47:50,318] {dag.py:2280} INFO - Setting next_dagrun for example_external_task_marker_parent to None
[2021-05-01 05:47:50,337] {scheduler_job.py:190} INFO - Processing /home/airflow/.local/lib/python3.6/site-packages/airflow/example_dags/example_external_task_marker_dag.py took 0.096 seconds
[2021-05-01 05:48:20,994] {scheduler_job.py:182} INFO - Started process (PID=2017) to work on /home/airflow/.local/lib/python3.6/site-packages/airflow/example_dags/example_external_task_marker_dag.py
[2021-05-01 05:48:20,995] {scheduler_job.py:629} INFO - Processing file /home/airflow/.local/lib/python3.6/site-packages/airflow/example_dags/example_external_task_marker_dag.py for tasks to queue
[2021-05-01 05:48:20,996] {logging_mixin.py:104} INFO - [2021-05-01 05:48:20,996] {dagbag.py:451} INFO - Filling up the DagBag from /home/airflow/.local/lib/python3.6/site-packages/airflow/example_dags/example_external_task_marker_dag.py
[2021-05-01 05:48:21,013] {scheduler_job.py:639} INFO - DAG(s) dict_keys(['example_external_task_marker_parent', 'example_external_task_marker_child']) retrieved from /home/airflow/.local/lib/python3.6/site-packages/airflow/example_dags/example_external_task_marker_dag.py
[2021-05-01 05:48:21,053] {logging_mixin.py:104} INFO - [2021-05-01 05:48:21,053] {dag.py:1824} INFO - Sync 2 DAGs
[2021-05-01 05:48:21,088] {logging_mixin.py:104} INFO - [2021-05-01 05:48:21,088] {dag.py:2280} INFO - Setting next_dagrun for example_external_task_marker_child to None
[2021-05-01 05:48:21,089] {logging_mixin.py:104} INFO - [2021-05-01 05:48:21,089] {dag.py:2280} INFO - Setting next_dagrun for example_external_task_marker_parent to None
[2021-05-01 05:48:21,106] {scheduler_job.py:190} INFO - Processing /home/airflow/.local/lib/python3.6/site-packages/airflow/example_dags/example_external_task_marker_dag.py took 0.117 seconds
[2021-05-01 05:48:51,630] {scheduler_job.py:182} INFO - Started process (PID=2050) to work on /home/airflow/.local/lib/python3.6/site-packages/airflow/example_dags/example_external_task_marker_dag.py
[2021-05-01 05:48:51,631] {scheduler_job.py:629} INFO - Processing file /home/airflow/.local/lib/python3.6/site-packages/airflow/example_dags/example_external_task_marker_dag.py for tasks to queue
[2021-05-01 05:48:51,632] {logging_mixin.py:104} INFO - [2021-05-01 05:48:51,632] {dagbag.py:451} INFO - Filling up the DagBag from /home/airflow/.local/lib/python3.6/site-packages/airflow/example_dags/example_external_task_marker_dag.py
[2021-05-01 05:48:51,645] {scheduler_job.py:639} INFO - DAG(s) dict_keys(['example_external_task_marker_parent', 'example_external_task_marker_child']) retrieved from /home/airflow/.local/lib/python3.6/site-packages/airflow/example_dags/example_external_task_marker_dag.py
[2021-05-01 05:48:51,679] {logging_mixin.py:104} INFO - [2021-05-01 05:48:51,678] {dag.py:1824} INFO - Sync 2 DAGs
[2021-05-01 05:48:51,701] {logging_mixin.py:104} INFO - [2021-05-01 05:48:51,701] {dag.py:2280} INFO - Setting next_dagrun for example_external_task_marker_child to None
[2021-05-01 05:48:51,702] {logging_mixin.py:104} INFO - [2021-05-01 05:48:51,702] {dag.py:2280} INFO - Setting next_dagrun for example_external_task_marker_parent to None
[2021-05-01 05:48:51,726] {scheduler_job.py:190} INFO - Processing /home/airflow/.local/lib/python3.6/site-packages/airflow/example_dags/example_external_task_marker_dag.py took 0.099 seconds
