[2021-05-01 04:42:49,015] {scheduler_job.py:182} INFO - Started process (PID=17770) to work on /home/airflow/.local/lib/python3.6/site-packages/airflow/example_dags/example_bash_operator.py
[2021-05-01 04:42:49,017] {scheduler_job.py:629} INFO - Processing file /home/airflow/.local/lib/python3.6/site-packages/airflow/example_dags/example_bash_operator.py for tasks to queue
[2021-05-01 04:42:49,030] {logging_mixin.py:104} INFO - [2021-05-01 04:42:49,018] {dagbag.py:451} INFO - Filling up the DagBag from /home/airflow/.local/lib/python3.6/site-packages/airflow/example_dags/example_bash_operator.py
[2021-05-01 04:42:49,066] {scheduler_job.py:639} INFO - DAG(s) dict_keys(['example_bash_operator']) retrieved from /home/airflow/.local/lib/python3.6/site-packages/airflow/example_dags/example_bash_operator.py
[2021-05-01 04:42:49,178] {logging_mixin.py:104} INFO - [2021-05-01 04:42:49,177] {dag.py:1824} INFO - Sync 1 DAGs
[2021-05-01 04:42:49,270] {logging_mixin.py:104} INFO - [2021-05-01 04:42:49,270] {dag.py:2280} INFO - Setting next_dagrun for example_bash_operator to 2021-04-29 00:00:00+00:00
[2021-05-01 04:42:49,679] {scheduler_job.py:190} INFO - Processing /home/airflow/.local/lib/python3.6/site-packages/airflow/example_dags/example_bash_operator.py took 0.680 seconds
[2021-05-01 04:44:04,669] {scheduler_job.py:182} INFO - Started process (PID=46) to work on /home/airflow/.local/lib/python3.6/site-packages/airflow/example_dags/example_bash_operator.py
[2021-05-01 04:44:04,671] {scheduler_job.py:629} INFO - Processing file /home/airflow/.local/lib/python3.6/site-packages/airflow/example_dags/example_bash_operator.py for tasks to queue
[2021-05-01 04:44:04,672] {logging_mixin.py:104} INFO - [2021-05-01 04:44:04,672] {dagbag.py:451} INFO - Filling up the DagBag from /home/airflow/.local/lib/python3.6/site-packages/airflow/example_dags/example_bash_operator.py
[2021-05-01 04:44:04,744] {scheduler_job.py:639} INFO - DAG(s) dict_keys(['example_bash_operator']) retrieved from /home/airflow/.local/lib/python3.6/site-packages/airflow/example_dags/example_bash_operator.py
[2021-05-01 04:44:04,859] {logging_mixin.py:104} INFO - [2021-05-01 04:44:04,859] {dag.py:1824} INFO - Sync 1 DAGs
[2021-05-01 04:44:04,921] {logging_mixin.py:104} INFO - [2021-05-01 04:44:04,921] {dag.py:2280} INFO - Setting next_dagrun for example_bash_operator to 2021-04-29 00:00:00+00:00
[2021-05-01 04:44:04,946] {scheduler_job.py:190} INFO - Processing /home/airflow/.local/lib/python3.6/site-packages/airflow/example_dags/example_bash_operator.py took 0.284 seconds
[2021-05-01 04:44:35,575] {scheduler_job.py:182} INFO - Started process (PID=80) to work on /home/airflow/.local/lib/python3.6/site-packages/airflow/example_dags/example_bash_operator.py
[2021-05-01 04:44:35,584] {scheduler_job.py:629} INFO - Processing file /home/airflow/.local/lib/python3.6/site-packages/airflow/example_dags/example_bash_operator.py for tasks to queue
[2021-05-01 04:44:35,587] {logging_mixin.py:104} INFO - [2021-05-01 04:44:35,586] {dagbag.py:451} INFO - Filling up the DagBag from /home/airflow/.local/lib/python3.6/site-packages/airflow/example_dags/example_bash_operator.py
[2021-05-01 04:44:35,666] {scheduler_job.py:639} INFO - DAG(s) dict_keys(['example_bash_operator']) retrieved from /home/airflow/.local/lib/python3.6/site-packages/airflow/example_dags/example_bash_operator.py
[2021-05-01 04:44:35,790] {logging_mixin.py:104} INFO - [2021-05-01 04:44:35,790] {dag.py:1824} INFO - Sync 1 DAGs
[2021-05-01 04:44:35,878] {logging_mixin.py:104} INFO - [2021-05-01 04:44:35,878] {dag.py:2280} INFO - Setting next_dagrun for example_bash_operator to 2021-04-29 00:00:00+00:00
[2021-05-01 04:44:35,958] {scheduler_job.py:190} INFO - Processing /home/airflow/.local/lib/python3.6/site-packages/airflow/example_dags/example_bash_operator.py took 0.407 seconds
[2021-05-01 04:45:06,933] {scheduler_job.py:182} INFO - Started process (PID=115) to work on /home/airflow/.local/lib/python3.6/site-packages/airflow/example_dags/example_bash_operator.py
[2021-05-01 04:45:06,936] {scheduler_job.py:629} INFO - Processing file /home/airflow/.local/lib/python3.6/site-packages/airflow/example_dags/example_bash_operator.py for tasks to queue
[2021-05-01 04:45:06,937] {logging_mixin.py:104} INFO - [2021-05-01 04:45:06,937] {dagbag.py:451} INFO - Filling up the DagBag from /home/airflow/.local/lib/python3.6/site-packages/airflow/example_dags/example_bash_operator.py
[2021-05-01 04:45:06,967] {scheduler_job.py:639} INFO - DAG(s) dict_keys(['example_bash_operator']) retrieved from /home/airflow/.local/lib/python3.6/site-packages/airflow/example_dags/example_bash_operator.py
[2021-05-01 04:45:07,017] {logging_mixin.py:104} INFO - [2021-05-01 04:45:07,016] {dag.py:1824} INFO - Sync 1 DAGs
[2021-05-01 04:45:07,066] {logging_mixin.py:104} INFO - [2021-05-01 04:45:07,066] {dag.py:2280} INFO - Setting next_dagrun for example_bash_operator to 2021-04-29 00:00:00+00:00
[2021-05-01 04:45:07,091] {scheduler_job.py:190} INFO - Processing /home/airflow/.local/lib/python3.6/site-packages/airflow/example_dags/example_bash_operator.py took 0.181 seconds
[2021-05-01 04:45:37,652] {scheduler_job.py:182} INFO - Started process (PID=149) to work on /home/airflow/.local/lib/python3.6/site-packages/airflow/example_dags/example_bash_operator.py
[2021-05-01 04:45:37,653] {scheduler_job.py:629} INFO - Processing file /home/airflow/.local/lib/python3.6/site-packages/airflow/example_dags/example_bash_operator.py for tasks to queue
[2021-05-01 04:45:37,654] {logging_mixin.py:104} INFO - [2021-05-01 04:45:37,653] {dagbag.py:451} INFO - Filling up the DagBag from /home/airflow/.local/lib/python3.6/site-packages/airflow/example_dags/example_bash_operator.py
[2021-05-01 04:45:37,667] {scheduler_job.py:639} INFO - DAG(s) dict_keys(['example_bash_operator']) retrieved from /home/airflow/.local/lib/python3.6/site-packages/airflow/example_dags/example_bash_operator.py
[2021-05-01 04:45:37,688] {logging_mixin.py:104} INFO - [2021-05-01 04:45:37,688] {dag.py:1824} INFO - Sync 1 DAGs
[2021-05-01 04:45:37,712] {logging_mixin.py:104} INFO - [2021-05-01 04:45:37,712] {dag.py:2280} INFO - Setting next_dagrun for example_bash_operator to 2021-04-29 00:00:00+00:00
[2021-05-01 04:45:37,724] {scheduler_job.py:190} INFO - Processing /home/airflow/.local/lib/python3.6/site-packages/airflow/example_dags/example_bash_operator.py took 0.076 seconds
[2021-05-01 04:46:08,169] {scheduler_job.py:182} INFO - Started process (PID=182) to work on /home/airflow/.local/lib/python3.6/site-packages/airflow/example_dags/example_bash_operator.py
[2021-05-01 04:46:08,169] {scheduler_job.py:629} INFO - Processing file /home/airflow/.local/lib/python3.6/site-packages/airflow/example_dags/example_bash_operator.py for tasks to queue
[2021-05-01 04:46:08,170] {logging_mixin.py:104} INFO - [2021-05-01 04:46:08,170] {dagbag.py:451} INFO - Filling up the DagBag from /home/airflow/.local/lib/python3.6/site-packages/airflow/example_dags/example_bash_operator.py
[2021-05-01 04:46:08,183] {scheduler_job.py:639} INFO - DAG(s) dict_keys(['example_bash_operator']) retrieved from /home/airflow/.local/lib/python3.6/site-packages/airflow/example_dags/example_bash_operator.py
[2021-05-01 04:46:08,204] {logging_mixin.py:104} INFO - [2021-05-01 04:46:08,204] {dag.py:1824} INFO - Sync 1 DAGs
[2021-05-01 04:46:08,226] {logging_mixin.py:104} INFO - [2021-05-01 04:46:08,226] {dag.py:2280} INFO - Setting next_dagrun for example_bash_operator to 2021-04-29 00:00:00+00:00
[2021-05-01 04:46:08,235] {scheduler_job.py:190} INFO - Processing /home/airflow/.local/lib/python3.6/site-packages/airflow/example_dags/example_bash_operator.py took 0.069 seconds
[2021-05-01 04:46:38,851] {scheduler_job.py:182} INFO - Started process (PID=215) to work on /home/airflow/.local/lib/python3.6/site-packages/airflow/example_dags/example_bash_operator.py
[2021-05-01 04:46:38,853] {scheduler_job.py:629} INFO - Processing file /home/airflow/.local/lib/python3.6/site-packages/airflow/example_dags/example_bash_operator.py for tasks to queue
[2021-05-01 04:46:38,854] {logging_mixin.py:104} INFO - [2021-05-01 04:46:38,854] {dagbag.py:451} INFO - Filling up the DagBag from /home/airflow/.local/lib/python3.6/site-packages/airflow/example_dags/example_bash_operator.py
[2021-05-01 04:46:38,867] {scheduler_job.py:639} INFO - DAG(s) dict_keys(['example_bash_operator']) retrieved from /home/airflow/.local/lib/python3.6/site-packages/airflow/example_dags/example_bash_operator.py
[2021-05-01 04:46:38,889] {logging_mixin.py:104} INFO - [2021-05-01 04:46:38,889] {dag.py:1824} INFO - Sync 1 DAGs
[2021-05-01 04:46:38,912] {logging_mixin.py:104} INFO - [2021-05-01 04:46:38,912] {dag.py:2280} INFO - Setting next_dagrun for example_bash_operator to 2021-04-29 00:00:00+00:00
[2021-05-01 04:46:38,922] {scheduler_job.py:190} INFO - Processing /home/airflow/.local/lib/python3.6/site-packages/airflow/example_dags/example_bash_operator.py took 0.075 seconds
[2021-05-01 04:47:09,477] {scheduler_job.py:182} INFO - Started process (PID=248) to work on /home/airflow/.local/lib/python3.6/site-packages/airflow/example_dags/example_bash_operator.py
[2021-05-01 04:47:09,478] {scheduler_job.py:629} INFO - Processing file /home/airflow/.local/lib/python3.6/site-packages/airflow/example_dags/example_bash_operator.py for tasks to queue
[2021-05-01 04:47:09,478] {logging_mixin.py:104} INFO - [2021-05-01 04:47:09,478] {dagbag.py:451} INFO - Filling up the DagBag from /home/airflow/.local/lib/python3.6/site-packages/airflow/example_dags/example_bash_operator.py
[2021-05-01 04:47:09,489] {scheduler_job.py:639} INFO - DAG(s) dict_keys(['example_bash_operator']) retrieved from /home/airflow/.local/lib/python3.6/site-packages/airflow/example_dags/example_bash_operator.py
[2021-05-01 04:47:09,510] {logging_mixin.py:104} INFO - [2021-05-01 04:47:09,509] {dag.py:1824} INFO - Sync 1 DAGs
[2021-05-01 04:47:09,528] {logging_mixin.py:104} INFO - [2021-05-01 04:47:09,528] {dag.py:2280} INFO - Setting next_dagrun for example_bash_operator to 2021-04-29 00:00:00+00:00
[2021-05-01 04:47:09,606] {scheduler_job.py:190} INFO - Processing /home/airflow/.local/lib/python3.6/site-packages/airflow/example_dags/example_bash_operator.py took 0.132 seconds
[2021-05-01 04:47:40,297] {scheduler_job.py:182} INFO - Started process (PID=281) to work on /home/airflow/.local/lib/python3.6/site-packages/airflow/example_dags/example_bash_operator.py
[2021-05-01 04:47:40,298] {scheduler_job.py:629} INFO - Processing file /home/airflow/.local/lib/python3.6/site-packages/airflow/example_dags/example_bash_operator.py for tasks to queue
[2021-05-01 04:47:40,299] {logging_mixin.py:104} INFO - [2021-05-01 04:47:40,299] {dagbag.py:451} INFO - Filling up the DagBag from /home/airflow/.local/lib/python3.6/site-packages/airflow/example_dags/example_bash_operator.py
[2021-05-01 04:47:40,312] {scheduler_job.py:639} INFO - DAG(s) dict_keys(['example_bash_operator']) retrieved from /home/airflow/.local/lib/python3.6/site-packages/airflow/example_dags/example_bash_operator.py
[2021-05-01 04:47:40,334] {logging_mixin.py:104} INFO - [2021-05-01 04:47:40,334] {dag.py:1824} INFO - Sync 1 DAGs
[2021-05-01 04:47:40,358] {logging_mixin.py:104} INFO - [2021-05-01 04:47:40,358] {dag.py:2280} INFO - Setting next_dagrun for example_bash_operator to 2021-04-29 00:00:00+00:00
[2021-05-01 04:47:40,370] {scheduler_job.py:190} INFO - Processing /home/airflow/.local/lib/python3.6/site-packages/airflow/example_dags/example_bash_operator.py took 0.076 seconds
[2021-05-01 04:48:11,506] {scheduler_job.py:182} INFO - Started process (PID=314) to work on /home/airflow/.local/lib/python3.6/site-packages/airflow/example_dags/example_bash_operator.py
[2021-05-01 04:48:11,509] {scheduler_job.py:629} INFO - Processing file /home/airflow/.local/lib/python3.6/site-packages/airflow/example_dags/example_bash_operator.py for tasks to queue
[2021-05-01 04:48:11,523] {logging_mixin.py:104} INFO - [2021-05-01 04:48:11,522] {dagbag.py:451} INFO - Filling up the DagBag from /home/airflow/.local/lib/python3.6/site-packages/airflow/example_dags/example_bash_operator.py
[2021-05-01 04:48:11,624] {scheduler_job.py:639} INFO - DAG(s) dict_keys(['example_bash_operator']) retrieved from /home/airflow/.local/lib/python3.6/site-packages/airflow/example_dags/example_bash_operator.py
[2021-05-01 04:48:11,801] {logging_mixin.py:104} INFO - [2021-05-01 04:48:11,801] {dag.py:1824} INFO - Sync 1 DAGs
[2021-05-01 04:48:11,888] {logging_mixin.py:104} INFO - [2021-05-01 04:48:11,887] {dag.py:2280} INFO - Setting next_dagrun for example_bash_operator to 2021-04-29 00:00:00+00:00
[2021-05-01 04:48:11,926] {scheduler_job.py:190} INFO - Processing /home/airflow/.local/lib/python3.6/site-packages/airflow/example_dags/example_bash_operator.py took 0.440 seconds
[2021-05-01 04:48:42,013] {scheduler_job.py:182} INFO - Started process (PID=348) to work on /home/airflow/.local/lib/python3.6/site-packages/airflow/example_dags/example_bash_operator.py
[2021-05-01 04:48:42,015] {scheduler_job.py:629} INFO - Processing file /home/airflow/.local/lib/python3.6/site-packages/airflow/example_dags/example_bash_operator.py for tasks to queue
[2021-05-01 04:48:42,015] {logging_mixin.py:104} INFO - [2021-05-01 04:48:42,015] {dagbag.py:451} INFO - Filling up the DagBag from /home/airflow/.local/lib/python3.6/site-packages/airflow/example_dags/example_bash_operator.py
[2021-05-01 04:48:42,032] {scheduler_job.py:639} INFO - DAG(s) dict_keys(['example_bash_operator']) retrieved from /home/airflow/.local/lib/python3.6/site-packages/airflow/example_dags/example_bash_operator.py
[2021-05-01 04:48:42,054] {logging_mixin.py:104} INFO - [2021-05-01 04:48:42,054] {dag.py:1824} INFO - Sync 1 DAGs
[2021-05-01 04:48:42,075] {logging_mixin.py:104} INFO - [2021-05-01 04:48:42,075] {dag.py:2280} INFO - Setting next_dagrun for example_bash_operator to 2021-04-29 00:00:00+00:00
[2021-05-01 04:48:42,086] {scheduler_job.py:190} INFO - Processing /home/airflow/.local/lib/python3.6/site-packages/airflow/example_dags/example_bash_operator.py took 0.077 seconds
[2021-05-01 04:49:12,823] {scheduler_job.py:182} INFO - Started process (PID=379) to work on /home/airflow/.local/lib/python3.6/site-packages/airflow/example_dags/example_bash_operator.py
[2021-05-01 04:49:12,824] {scheduler_job.py:629} INFO - Processing file /home/airflow/.local/lib/python3.6/site-packages/airflow/example_dags/example_bash_operator.py for tasks to queue
[2021-05-01 04:49:12,825] {logging_mixin.py:104} INFO - [2021-05-01 04:49:12,825] {dagbag.py:451} INFO - Filling up the DagBag from /home/airflow/.local/lib/python3.6/site-packages/airflow/example_dags/example_bash_operator.py
[2021-05-01 04:49:12,838] {scheduler_job.py:639} INFO - DAG(s) dict_keys(['example_bash_operator']) retrieved from /home/airflow/.local/lib/python3.6/site-packages/airflow/example_dags/example_bash_operator.py
[2021-05-01 04:49:12,874] {logging_mixin.py:104} INFO - [2021-05-01 04:49:12,874] {dag.py:1824} INFO - Sync 1 DAGs
[2021-05-01 04:49:12,897] {logging_mixin.py:104} INFO - [2021-05-01 04:49:12,897] {dag.py:2280} INFO - Setting next_dagrun for example_bash_operator to 2021-04-29 00:00:00+00:00
[2021-05-01 04:49:12,911] {scheduler_job.py:190} INFO - Processing /home/airflow/.local/lib/python3.6/site-packages/airflow/example_dags/example_bash_operator.py took 0.093 seconds
[2021-05-01 04:49:43,832] {scheduler_job.py:182} INFO - Started process (PID=412) to work on /home/airflow/.local/lib/python3.6/site-packages/airflow/example_dags/example_bash_operator.py
[2021-05-01 04:49:43,834] {scheduler_job.py:629} INFO - Processing file /home/airflow/.local/lib/python3.6/site-packages/airflow/example_dags/example_bash_operator.py for tasks to queue
[2021-05-01 04:49:43,835] {logging_mixin.py:104} INFO - [2021-05-01 04:49:43,835] {dagbag.py:451} INFO - Filling up the DagBag from /home/airflow/.local/lib/python3.6/site-packages/airflow/example_dags/example_bash_operator.py
[2021-05-01 04:49:43,847] {scheduler_job.py:639} INFO - DAG(s) dict_keys(['example_bash_operator']) retrieved from /home/airflow/.local/lib/python3.6/site-packages/airflow/example_dags/example_bash_operator.py
[2021-05-01 04:49:43,872] {logging_mixin.py:104} INFO - [2021-05-01 04:49:43,872] {dag.py:1824} INFO - Sync 1 DAGs
[2021-05-01 04:49:43,895] {logging_mixin.py:104} INFO - [2021-05-01 04:49:43,894] {dag.py:2280} INFO - Setting next_dagrun for example_bash_operator to 2021-04-29 00:00:00+00:00
[2021-05-01 04:49:43,920] {scheduler_job.py:190} INFO - Processing /home/airflow/.local/lib/python3.6/site-packages/airflow/example_dags/example_bash_operator.py took 0.092 seconds
[2021-05-01 04:50:14,010] {scheduler_job.py:182} INFO - Started process (PID=445) to work on /home/airflow/.local/lib/python3.6/site-packages/airflow/example_dags/example_bash_operator.py
[2021-05-01 04:50:14,011] {scheduler_job.py:629} INFO - Processing file /home/airflow/.local/lib/python3.6/site-packages/airflow/example_dags/example_bash_operator.py for tasks to queue
[2021-05-01 04:50:14,012] {logging_mixin.py:104} INFO - [2021-05-01 04:50:14,012] {dagbag.py:451} INFO - Filling up the DagBag from /home/airflow/.local/lib/python3.6/site-packages/airflow/example_dags/example_bash_operator.py
[2021-05-01 04:50:14,024] {scheduler_job.py:639} INFO - DAG(s) dict_keys(['example_bash_operator']) retrieved from /home/airflow/.local/lib/python3.6/site-packages/airflow/example_dags/example_bash_operator.py
[2021-05-01 04:50:14,046] {logging_mixin.py:104} INFO - [2021-05-01 04:50:14,046] {dag.py:1824} INFO - Sync 1 DAGs
[2021-05-01 04:50:14,072] {logging_mixin.py:104} INFO - [2021-05-01 04:50:14,072] {dag.py:2280} INFO - Setting next_dagrun for example_bash_operator to 2021-04-29 00:00:00+00:00
[2021-05-01 04:50:14,085] {scheduler_job.py:190} INFO - Processing /home/airflow/.local/lib/python3.6/site-packages/airflow/example_dags/example_bash_operator.py took 0.078 seconds
[2021-05-01 04:50:44,624] {scheduler_job.py:182} INFO - Started process (PID=478) to work on /home/airflow/.local/lib/python3.6/site-packages/airflow/example_dags/example_bash_operator.py
[2021-05-01 04:50:44,625] {scheduler_job.py:629} INFO - Processing file /home/airflow/.local/lib/python3.6/site-packages/airflow/example_dags/example_bash_operator.py for tasks to queue
[2021-05-01 04:50:44,626] {logging_mixin.py:104} INFO - [2021-05-01 04:50:44,626] {dagbag.py:451} INFO - Filling up the DagBag from /home/airflow/.local/lib/python3.6/site-packages/airflow/example_dags/example_bash_operator.py
[2021-05-01 04:50:44,638] {scheduler_job.py:639} INFO - DAG(s) dict_keys(['example_bash_operator']) retrieved from /home/airflow/.local/lib/python3.6/site-packages/airflow/example_dags/example_bash_operator.py
[2021-05-01 04:50:44,658] {logging_mixin.py:104} INFO - [2021-05-01 04:50:44,658] {dag.py:1824} INFO - Sync 1 DAGs
[2021-05-01 04:50:44,683] {logging_mixin.py:104} INFO - [2021-05-01 04:50:44,683] {dag.py:2280} INFO - Setting next_dagrun for example_bash_operator to 2021-04-29 00:00:00+00:00
[2021-05-01 04:50:44,695] {scheduler_job.py:190} INFO - Processing /home/airflow/.local/lib/python3.6/site-packages/airflow/example_dags/example_bash_operator.py took 0.075 seconds
[2021-05-01 04:51:15,402] {scheduler_job.py:182} INFO - Started process (PID=511) to work on /home/airflow/.local/lib/python3.6/site-packages/airflow/example_dags/example_bash_operator.py
[2021-05-01 04:51:15,404] {scheduler_job.py:629} INFO - Processing file /home/airflow/.local/lib/python3.6/site-packages/airflow/example_dags/example_bash_operator.py for tasks to queue
[2021-05-01 04:51:15,405] {logging_mixin.py:104} INFO - [2021-05-01 04:51:15,405] {dagbag.py:451} INFO - Filling up the DagBag from /home/airflow/.local/lib/python3.6/site-packages/airflow/example_dags/example_bash_operator.py
[2021-05-01 04:51:15,419] {scheduler_job.py:639} INFO - DAG(s) dict_keys(['example_bash_operator']) retrieved from /home/airflow/.local/lib/python3.6/site-packages/airflow/example_dags/example_bash_operator.py
[2021-05-01 04:51:15,441] {logging_mixin.py:104} INFO - [2021-05-01 04:51:15,441] {dag.py:1824} INFO - Sync 1 DAGs
[2021-05-01 04:51:15,465] {logging_mixin.py:104} INFO - [2021-05-01 04:51:15,465] {dag.py:2280} INFO - Setting next_dagrun for example_bash_operator to 2021-04-29 00:00:00+00:00
[2021-05-01 04:51:15,476] {scheduler_job.py:190} INFO - Processing /home/airflow/.local/lib/python3.6/site-packages/airflow/example_dags/example_bash_operator.py took 0.078 seconds
[2021-05-01 04:51:46,240] {scheduler_job.py:182} INFO - Started process (PID=544) to work on /home/airflow/.local/lib/python3.6/site-packages/airflow/example_dags/example_bash_operator.py
[2021-05-01 04:51:46,242] {scheduler_job.py:629} INFO - Processing file /home/airflow/.local/lib/python3.6/site-packages/airflow/example_dags/example_bash_operator.py for tasks to queue
[2021-05-01 04:51:46,243] {logging_mixin.py:104} INFO - [2021-05-01 04:51:46,243] {dagbag.py:451} INFO - Filling up the DagBag from /home/airflow/.local/lib/python3.6/site-packages/airflow/example_dags/example_bash_operator.py
[2021-05-01 04:51:46,258] {scheduler_job.py:639} INFO - DAG(s) dict_keys(['example_bash_operator']) retrieved from /home/airflow/.local/lib/python3.6/site-packages/airflow/example_dags/example_bash_operator.py
[2021-05-01 04:51:46,277] {logging_mixin.py:104} INFO - [2021-05-01 04:51:46,277] {dag.py:1824} INFO - Sync 1 DAGs
[2021-05-01 04:51:46,301] {logging_mixin.py:104} INFO - [2021-05-01 04:51:46,301] {dag.py:2280} INFO - Setting next_dagrun for example_bash_operator to 2021-04-29 00:00:00+00:00
[2021-05-01 04:51:46,317] {scheduler_job.py:190} INFO - Processing /home/airflow/.local/lib/python3.6/site-packages/airflow/example_dags/example_bash_operator.py took 0.081 seconds
[2021-05-01 04:52:16,666] {scheduler_job.py:182} INFO - Started process (PID=577) to work on /home/airflow/.local/lib/python3.6/site-packages/airflow/example_dags/example_bash_operator.py
[2021-05-01 04:52:16,668] {scheduler_job.py:629} INFO - Processing file /home/airflow/.local/lib/python3.6/site-packages/airflow/example_dags/example_bash_operator.py for tasks to queue
[2021-05-01 04:52:16,669] {logging_mixin.py:104} INFO - [2021-05-01 04:52:16,669] {dagbag.py:451} INFO - Filling up the DagBag from /home/airflow/.local/lib/python3.6/site-packages/airflow/example_dags/example_bash_operator.py
[2021-05-01 04:52:16,688] {scheduler_job.py:639} INFO - DAG(s) dict_keys(['example_bash_operator']) retrieved from /home/airflow/.local/lib/python3.6/site-packages/airflow/example_dags/example_bash_operator.py
[2021-05-01 04:52:16,717] {logging_mixin.py:104} INFO - [2021-05-01 04:52:16,717] {dag.py:1824} INFO - Sync 1 DAGs
[2021-05-01 04:52:16,751] {logging_mixin.py:104} INFO - [2021-05-01 04:52:16,751] {dag.py:2280} INFO - Setting next_dagrun for example_bash_operator to 2021-04-29 00:00:00+00:00
[2021-05-01 04:52:16,776] {scheduler_job.py:190} INFO - Processing /home/airflow/.local/lib/python3.6/site-packages/airflow/example_dags/example_bash_operator.py took 0.114 seconds
[2021-05-01 04:52:47,670] {scheduler_job.py:182} INFO - Started process (PID=610) to work on /home/airflow/.local/lib/python3.6/site-packages/airflow/example_dags/example_bash_operator.py
[2021-05-01 04:52:47,672] {scheduler_job.py:629} INFO - Processing file /home/airflow/.local/lib/python3.6/site-packages/airflow/example_dags/example_bash_operator.py for tasks to queue
[2021-05-01 04:52:47,673] {logging_mixin.py:104} INFO - [2021-05-01 04:52:47,673] {dagbag.py:451} INFO - Filling up the DagBag from /home/airflow/.local/lib/python3.6/site-packages/airflow/example_dags/example_bash_operator.py
[2021-05-01 04:52:47,687] {scheduler_job.py:639} INFO - DAG(s) dict_keys(['example_bash_operator']) retrieved from /home/airflow/.local/lib/python3.6/site-packages/airflow/example_dags/example_bash_operator.py
[2021-05-01 04:52:47,714] {logging_mixin.py:104} INFO - [2021-05-01 04:52:47,714] {dag.py:1824} INFO - Sync 1 DAGs
[2021-05-01 04:52:47,744] {logging_mixin.py:104} INFO - [2021-05-01 04:52:47,743] {dag.py:2280} INFO - Setting next_dagrun for example_bash_operator to 2021-04-29 00:00:00+00:00
[2021-05-01 04:52:47,758] {scheduler_job.py:190} INFO - Processing /home/airflow/.local/lib/python3.6/site-packages/airflow/example_dags/example_bash_operator.py took 0.092 seconds
[2021-05-01 04:53:18,417] {scheduler_job.py:182} INFO - Started process (PID=643) to work on /home/airflow/.local/lib/python3.6/site-packages/airflow/example_dags/example_bash_operator.py
[2021-05-01 04:53:18,420] {scheduler_job.py:629} INFO - Processing file /home/airflow/.local/lib/python3.6/site-packages/airflow/example_dags/example_bash_operator.py for tasks to queue
[2021-05-01 04:53:18,421] {logging_mixin.py:104} INFO - [2021-05-01 04:53:18,420] {dagbag.py:451} INFO - Filling up the DagBag from /home/airflow/.local/lib/python3.6/site-packages/airflow/example_dags/example_bash_operator.py
[2021-05-01 04:53:18,438] {scheduler_job.py:639} INFO - DAG(s) dict_keys(['example_bash_operator']) retrieved from /home/airflow/.local/lib/python3.6/site-packages/airflow/example_dags/example_bash_operator.py
[2021-05-01 04:53:18,461] {logging_mixin.py:104} INFO - [2021-05-01 04:53:18,461] {dag.py:1824} INFO - Sync 1 DAGs
[2021-05-01 04:53:18,488] {logging_mixin.py:104} INFO - [2021-05-01 04:53:18,487] {dag.py:2280} INFO - Setting next_dagrun for example_bash_operator to 2021-04-29 00:00:00+00:00
[2021-05-01 04:53:18,502] {scheduler_job.py:190} INFO - Processing /home/airflow/.local/lib/python3.6/site-packages/airflow/example_dags/example_bash_operator.py took 0.089 seconds
[2021-05-01 04:53:49,097] {scheduler_job.py:182} INFO - Started process (PID=676) to work on /home/airflow/.local/lib/python3.6/site-packages/airflow/example_dags/example_bash_operator.py
[2021-05-01 04:53:49,098] {scheduler_job.py:629} INFO - Processing file /home/airflow/.local/lib/python3.6/site-packages/airflow/example_dags/example_bash_operator.py for tasks to queue
[2021-05-01 04:53:49,099] {logging_mixin.py:104} INFO - [2021-05-01 04:53:49,099] {dagbag.py:451} INFO - Filling up the DagBag from /home/airflow/.local/lib/python3.6/site-packages/airflow/example_dags/example_bash_operator.py
[2021-05-01 04:53:49,115] {scheduler_job.py:639} INFO - DAG(s) dict_keys(['example_bash_operator']) retrieved from /home/airflow/.local/lib/python3.6/site-packages/airflow/example_dags/example_bash_operator.py
[2021-05-01 04:53:49,147] {logging_mixin.py:104} INFO - [2021-05-01 04:53:49,146] {dag.py:1824} INFO - Sync 1 DAGs
[2021-05-01 04:53:49,169] {logging_mixin.py:104} INFO - [2021-05-01 04:53:49,169] {dag.py:2280} INFO - Setting next_dagrun for example_bash_operator to 2021-04-29 00:00:00+00:00
[2021-05-01 04:53:49,182] {scheduler_job.py:190} INFO - Processing /home/airflow/.local/lib/python3.6/site-packages/airflow/example_dags/example_bash_operator.py took 0.089 seconds
[2021-05-01 04:54:19,873] {scheduler_job.py:182} INFO - Started process (PID=709) to work on /home/airflow/.local/lib/python3.6/site-packages/airflow/example_dags/example_bash_operator.py
[2021-05-01 04:54:19,874] {scheduler_job.py:629} INFO - Processing file /home/airflow/.local/lib/python3.6/site-packages/airflow/example_dags/example_bash_operator.py for tasks to queue
[2021-05-01 04:54:19,875] {logging_mixin.py:104} INFO - [2021-05-01 04:54:19,875] {dagbag.py:451} INFO - Filling up the DagBag from /home/airflow/.local/lib/python3.6/site-packages/airflow/example_dags/example_bash_operator.py
[2021-05-01 04:54:19,893] {scheduler_job.py:639} INFO - DAG(s) dict_keys(['example_bash_operator']) retrieved from /home/airflow/.local/lib/python3.6/site-packages/airflow/example_dags/example_bash_operator.py
[2021-05-01 04:54:19,918] {logging_mixin.py:104} INFO - [2021-05-01 04:54:19,918] {dag.py:1824} INFO - Sync 1 DAGs
[2021-05-01 04:54:19,948] {logging_mixin.py:104} INFO - [2021-05-01 04:54:19,948] {dag.py:2280} INFO - Setting next_dagrun for example_bash_operator to 2021-04-29 00:00:00+00:00
[2021-05-01 04:54:19,961] {scheduler_job.py:190} INFO - Processing /home/airflow/.local/lib/python3.6/site-packages/airflow/example_dags/example_bash_operator.py took 0.093 seconds
[2021-05-01 04:54:50,651] {scheduler_job.py:182} INFO - Started process (PID=742) to work on /home/airflow/.local/lib/python3.6/site-packages/airflow/example_dags/example_bash_operator.py
[2021-05-01 04:54:50,653] {scheduler_job.py:629} INFO - Processing file /home/airflow/.local/lib/python3.6/site-packages/airflow/example_dags/example_bash_operator.py for tasks to queue
[2021-05-01 04:54:50,654] {logging_mixin.py:104} INFO - [2021-05-01 04:54:50,654] {dagbag.py:451} INFO - Filling up the DagBag from /home/airflow/.local/lib/python3.6/site-packages/airflow/example_dags/example_bash_operator.py
[2021-05-01 04:54:50,671] {scheduler_job.py:639} INFO - DAG(s) dict_keys(['example_bash_operator']) retrieved from /home/airflow/.local/lib/python3.6/site-packages/airflow/example_dags/example_bash_operator.py
[2021-05-01 04:54:50,702] {logging_mixin.py:104} INFO - [2021-05-01 04:54:50,702] {dag.py:1824} INFO - Sync 1 DAGs
[2021-05-01 04:54:50,735] {logging_mixin.py:104} INFO - [2021-05-01 04:54:50,734] {dag.py:2280} INFO - Setting next_dagrun for example_bash_operator to 2021-04-29 00:00:00+00:00
[2021-05-01 04:54:50,748] {scheduler_job.py:190} INFO - Processing /home/airflow/.local/lib/python3.6/site-packages/airflow/example_dags/example_bash_operator.py took 0.100 seconds
[2021-05-01 04:55:21,335] {scheduler_job.py:182} INFO - Started process (PID=775) to work on /home/airflow/.local/lib/python3.6/site-packages/airflow/example_dags/example_bash_operator.py
[2021-05-01 04:55:21,336] {scheduler_job.py:629} INFO - Processing file /home/airflow/.local/lib/python3.6/site-packages/airflow/example_dags/example_bash_operator.py for tasks to queue
[2021-05-01 04:55:21,337] {logging_mixin.py:104} INFO - [2021-05-01 04:55:21,336] {dagbag.py:451} INFO - Filling up the DagBag from /home/airflow/.local/lib/python3.6/site-packages/airflow/example_dags/example_bash_operator.py
[2021-05-01 04:55:21,350] {scheduler_job.py:639} INFO - DAG(s) dict_keys(['example_bash_operator']) retrieved from /home/airflow/.local/lib/python3.6/site-packages/airflow/example_dags/example_bash_operator.py
[2021-05-01 04:55:21,372] {logging_mixin.py:104} INFO - [2021-05-01 04:55:21,371] {dag.py:1824} INFO - Sync 1 DAGs
[2021-05-01 04:55:21,396] {logging_mixin.py:104} INFO - [2021-05-01 04:55:21,396] {dag.py:2280} INFO - Setting next_dagrun for example_bash_operator to 2021-04-29 00:00:00+00:00
[2021-05-01 04:55:21,412] {scheduler_job.py:190} INFO - Processing /home/airflow/.local/lib/python3.6/site-packages/airflow/example_dags/example_bash_operator.py took 0.082 seconds
[2021-05-01 04:55:52,165] {scheduler_job.py:182} INFO - Started process (PID=808) to work on /home/airflow/.local/lib/python3.6/site-packages/airflow/example_dags/example_bash_operator.py
[2021-05-01 04:55:52,167] {scheduler_job.py:629} INFO - Processing file /home/airflow/.local/lib/python3.6/site-packages/airflow/example_dags/example_bash_operator.py for tasks to queue
[2021-05-01 04:55:52,168] {logging_mixin.py:104} INFO - [2021-05-01 04:55:52,168] {dagbag.py:451} INFO - Filling up the DagBag from /home/airflow/.local/lib/python3.6/site-packages/airflow/example_dags/example_bash_operator.py
[2021-05-01 04:55:52,185] {scheduler_job.py:639} INFO - DAG(s) dict_keys(['example_bash_operator']) retrieved from /home/airflow/.local/lib/python3.6/site-packages/airflow/example_dags/example_bash_operator.py
[2021-05-01 04:55:52,208] {logging_mixin.py:104} INFO - [2021-05-01 04:55:52,208] {dag.py:1824} INFO - Sync 1 DAGs
[2021-05-01 04:55:52,234] {logging_mixin.py:104} INFO - [2021-05-01 04:55:52,234] {dag.py:2280} INFO - Setting next_dagrun for example_bash_operator to 2021-04-29 00:00:00+00:00
[2021-05-01 04:55:52,246] {scheduler_job.py:190} INFO - Processing /home/airflow/.local/lib/python3.6/site-packages/airflow/example_dags/example_bash_operator.py took 0.085 seconds
[2021-05-01 04:56:22,882] {scheduler_job.py:182} INFO - Started process (PID=841) to work on /home/airflow/.local/lib/python3.6/site-packages/airflow/example_dags/example_bash_operator.py
[2021-05-01 04:56:22,885] {scheduler_job.py:629} INFO - Processing file /home/airflow/.local/lib/python3.6/site-packages/airflow/example_dags/example_bash_operator.py for tasks to queue
[2021-05-01 04:56:22,885] {logging_mixin.py:104} INFO - [2021-05-01 04:56:22,885] {dagbag.py:451} INFO - Filling up the DagBag from /home/airflow/.local/lib/python3.6/site-packages/airflow/example_dags/example_bash_operator.py
[2021-05-01 04:56:22,904] {scheduler_job.py:639} INFO - DAG(s) dict_keys(['example_bash_operator']) retrieved from /home/airflow/.local/lib/python3.6/site-packages/airflow/example_dags/example_bash_operator.py
[2021-05-01 04:56:22,929] {logging_mixin.py:104} INFO - [2021-05-01 04:56:22,929] {dag.py:1824} INFO - Sync 1 DAGs
[2021-05-01 04:56:22,953] {logging_mixin.py:104} INFO - [2021-05-01 04:56:22,953] {dag.py:2280} INFO - Setting next_dagrun for example_bash_operator to 2021-04-29 00:00:00+00:00
[2021-05-01 04:56:22,968] {scheduler_job.py:190} INFO - Processing /home/airflow/.local/lib/python3.6/site-packages/airflow/example_dags/example_bash_operator.py took 0.089 seconds
[2021-05-01 04:56:53,700] {scheduler_job.py:182} INFO - Started process (PID=874) to work on /home/airflow/.local/lib/python3.6/site-packages/airflow/example_dags/example_bash_operator.py
[2021-05-01 04:56:53,702] {scheduler_job.py:629} INFO - Processing file /home/airflow/.local/lib/python3.6/site-packages/airflow/example_dags/example_bash_operator.py for tasks to queue
[2021-05-01 04:56:53,704] {logging_mixin.py:104} INFO - [2021-05-01 04:56:53,703] {dagbag.py:451} INFO - Filling up the DagBag from /home/airflow/.local/lib/python3.6/site-packages/airflow/example_dags/example_bash_operator.py
[2021-05-01 04:56:53,721] {scheduler_job.py:639} INFO - DAG(s) dict_keys(['example_bash_operator']) retrieved from /home/airflow/.local/lib/python3.6/site-packages/airflow/example_dags/example_bash_operator.py
[2021-05-01 04:56:53,750] {logging_mixin.py:104} INFO - [2021-05-01 04:56:53,749] {dag.py:1824} INFO - Sync 1 DAGs
[2021-05-01 04:56:53,777] {logging_mixin.py:104} INFO - [2021-05-01 04:56:53,777] {dag.py:2280} INFO - Setting next_dagrun for example_bash_operator to 2021-04-29 00:00:00+00:00
[2021-05-01 04:56:53,788] {scheduler_job.py:190} INFO - Processing /home/airflow/.local/lib/python3.6/site-packages/airflow/example_dags/example_bash_operator.py took 0.092 seconds
[2021-05-01 04:57:24,359] {scheduler_job.py:182} INFO - Started process (PID=907) to work on /home/airflow/.local/lib/python3.6/site-packages/airflow/example_dags/example_bash_operator.py
[2021-05-01 04:57:24,360] {scheduler_job.py:629} INFO - Processing file /home/airflow/.local/lib/python3.6/site-packages/airflow/example_dags/example_bash_operator.py for tasks to queue
[2021-05-01 04:57:24,361] {logging_mixin.py:104} INFO - [2021-05-01 04:57:24,361] {dagbag.py:451} INFO - Filling up the DagBag from /home/airflow/.local/lib/python3.6/site-packages/airflow/example_dags/example_bash_operator.py
[2021-05-01 04:57:24,378] {scheduler_job.py:639} INFO - DAG(s) dict_keys(['example_bash_operator']) retrieved from /home/airflow/.local/lib/python3.6/site-packages/airflow/example_dags/example_bash_operator.py
[2021-05-01 04:57:24,406] {logging_mixin.py:104} INFO - [2021-05-01 04:57:24,406] {dag.py:1824} INFO - Sync 1 DAGs
[2021-05-01 04:57:24,439] {logging_mixin.py:104} INFO - [2021-05-01 04:57:24,439] {dag.py:2280} INFO - Setting next_dagrun for example_bash_operator to 2021-04-29 00:00:00+00:00
[2021-05-01 04:57:24,457] {scheduler_job.py:190} INFO - Processing /home/airflow/.local/lib/python3.6/site-packages/airflow/example_dags/example_bash_operator.py took 0.101 seconds
[2021-05-01 04:57:54,717] {scheduler_job.py:182} INFO - Started process (PID=940) to work on /home/airflow/.local/lib/python3.6/site-packages/airflow/example_dags/example_bash_operator.py
[2021-05-01 04:57:54,719] {scheduler_job.py:629} INFO - Processing file /home/airflow/.local/lib/python3.6/site-packages/airflow/example_dags/example_bash_operator.py for tasks to queue
[2021-05-01 04:57:54,720] {logging_mixin.py:104} INFO - [2021-05-01 04:57:54,720] {dagbag.py:451} INFO - Filling up the DagBag from /home/airflow/.local/lib/python3.6/site-packages/airflow/example_dags/example_bash_operator.py
[2021-05-01 04:57:54,742] {scheduler_job.py:639} INFO - DAG(s) dict_keys(['example_bash_operator']) retrieved from /home/airflow/.local/lib/python3.6/site-packages/airflow/example_dags/example_bash_operator.py
[2021-05-01 04:57:54,782] {logging_mixin.py:104} INFO - [2021-05-01 04:57:54,782] {dag.py:1824} INFO - Sync 1 DAGs
[2021-05-01 04:57:54,818] {logging_mixin.py:104} INFO - [2021-05-01 04:57:54,818] {dag.py:2280} INFO - Setting next_dagrun for example_bash_operator to 2021-04-29 00:00:00+00:00
[2021-05-01 04:57:54,838] {scheduler_job.py:190} INFO - Processing /home/airflow/.local/lib/python3.6/site-packages/airflow/example_dags/example_bash_operator.py took 0.127 seconds
[2021-05-01 04:58:24,874] {scheduler_job.py:182} INFO - Started process (PID=973) to work on /home/airflow/.local/lib/python3.6/site-packages/airflow/example_dags/example_bash_operator.py
[2021-05-01 04:58:24,875] {scheduler_job.py:629} INFO - Processing file /home/airflow/.local/lib/python3.6/site-packages/airflow/example_dags/example_bash_operator.py for tasks to queue
[2021-05-01 04:58:24,876] {logging_mixin.py:104} INFO - [2021-05-01 04:58:24,876] {dagbag.py:451} INFO - Filling up the DagBag from /home/airflow/.local/lib/python3.6/site-packages/airflow/example_dags/example_bash_operator.py
[2021-05-01 04:58:24,893] {scheduler_job.py:639} INFO - DAG(s) dict_keys(['example_bash_operator']) retrieved from /home/airflow/.local/lib/python3.6/site-packages/airflow/example_dags/example_bash_operator.py
[2021-05-01 04:58:24,918] {logging_mixin.py:104} INFO - [2021-05-01 04:58:24,918] {dag.py:1824} INFO - Sync 1 DAGs
[2021-05-01 04:58:24,942] {logging_mixin.py:104} INFO - [2021-05-01 04:58:24,942] {dag.py:2280} INFO - Setting next_dagrun for example_bash_operator to 2021-04-29 00:00:00+00:00
[2021-05-01 04:58:24,957] {scheduler_job.py:190} INFO - Processing /home/airflow/.local/lib/python3.6/site-packages/airflow/example_dags/example_bash_operator.py took 0.088 seconds
[2021-05-01 04:58:55,049] {scheduler_job.py:182} INFO - Started process (PID=1006) to work on /home/airflow/.local/lib/python3.6/site-packages/airflow/example_dags/example_bash_operator.py
[2021-05-01 04:58:55,050] {scheduler_job.py:629} INFO - Processing file /home/airflow/.local/lib/python3.6/site-packages/airflow/example_dags/example_bash_operator.py for tasks to queue
[2021-05-01 04:58:55,051] {logging_mixin.py:104} INFO - [2021-05-01 04:58:55,050] {dagbag.py:451} INFO - Filling up the DagBag from /home/airflow/.local/lib/python3.6/site-packages/airflow/example_dags/example_bash_operator.py
[2021-05-01 04:58:55,063] {scheduler_job.py:639} INFO - DAG(s) dict_keys(['example_bash_operator']) retrieved from /home/airflow/.local/lib/python3.6/site-packages/airflow/example_dags/example_bash_operator.py
[2021-05-01 04:58:55,092] {logging_mixin.py:104} INFO - [2021-05-01 04:58:55,091] {dag.py:1824} INFO - Sync 1 DAGs
[2021-05-01 04:58:55,118] {logging_mixin.py:104} INFO - [2021-05-01 04:58:55,118] {dag.py:2280} INFO - Setting next_dagrun for example_bash_operator to 2021-04-29 00:00:00+00:00
[2021-05-01 04:58:55,131] {scheduler_job.py:190} INFO - Processing /home/airflow/.local/lib/python3.6/site-packages/airflow/example_dags/example_bash_operator.py took 0.087 seconds
[2021-05-01 04:59:25,212] {scheduler_job.py:182} INFO - Started process (PID=1039) to work on /home/airflow/.local/lib/python3.6/site-packages/airflow/example_dags/example_bash_operator.py
[2021-05-01 04:59:25,213] {scheduler_job.py:629} INFO - Processing file /home/airflow/.local/lib/python3.6/site-packages/airflow/example_dags/example_bash_operator.py for tasks to queue
[2021-05-01 04:59:25,214] {logging_mixin.py:104} INFO - [2021-05-01 04:59:25,214] {dagbag.py:451} INFO - Filling up the DagBag from /home/airflow/.local/lib/python3.6/site-packages/airflow/example_dags/example_bash_operator.py
[2021-05-01 04:59:25,232] {scheduler_job.py:639} INFO - DAG(s) dict_keys(['example_bash_operator']) retrieved from /home/airflow/.local/lib/python3.6/site-packages/airflow/example_dags/example_bash_operator.py
[2021-05-01 04:59:25,265] {logging_mixin.py:104} INFO - [2021-05-01 04:59:25,265] {dag.py:1824} INFO - Sync 1 DAGs
[2021-05-01 04:59:25,291] {logging_mixin.py:104} INFO - [2021-05-01 04:59:25,291] {dag.py:2280} INFO - Setting next_dagrun for example_bash_operator to 2021-04-29 00:00:00+00:00
[2021-05-01 04:59:25,307] {scheduler_job.py:190} INFO - Processing /home/airflow/.local/lib/python3.6/site-packages/airflow/example_dags/example_bash_operator.py took 0.100 seconds
[2021-05-01 04:59:56,349] {scheduler_job.py:182} INFO - Started process (PID=1074) to work on /home/airflow/.local/lib/python3.6/site-packages/airflow/example_dags/example_bash_operator.py
[2021-05-01 04:59:56,351] {scheduler_job.py:629} INFO - Processing file /home/airflow/.local/lib/python3.6/site-packages/airflow/example_dags/example_bash_operator.py for tasks to queue
[2021-05-01 04:59:56,352] {logging_mixin.py:104} INFO - [2021-05-01 04:59:56,352] {dagbag.py:451} INFO - Filling up the DagBag from /home/airflow/.local/lib/python3.6/site-packages/airflow/example_dags/example_bash_operator.py
[2021-05-01 04:59:56,373] {scheduler_job.py:639} INFO - DAG(s) dict_keys(['example_bash_operator']) retrieved from /home/airflow/.local/lib/python3.6/site-packages/airflow/example_dags/example_bash_operator.py
[2021-05-01 04:59:56,396] {logging_mixin.py:104} INFO - [2021-05-01 04:59:56,396] {dag.py:1824} INFO - Sync 1 DAGs
[2021-05-01 04:59:56,429] {logging_mixin.py:104} INFO - [2021-05-01 04:59:56,428] {dag.py:2280} INFO - Setting next_dagrun for example_bash_operator to 2021-04-29 00:00:00+00:00
[2021-05-01 04:59:56,443] {scheduler_job.py:190} INFO - Processing /home/airflow/.local/lib/python3.6/site-packages/airflow/example_dags/example_bash_operator.py took 0.096 seconds
[2021-05-01 05:00:27,232] {scheduler_job.py:182} INFO - Started process (PID=1107) to work on /home/airflow/.local/lib/python3.6/site-packages/airflow/example_dags/example_bash_operator.py
[2021-05-01 05:00:27,233] {scheduler_job.py:629} INFO - Processing file /home/airflow/.local/lib/python3.6/site-packages/airflow/example_dags/example_bash_operator.py for tasks to queue
[2021-05-01 05:00:27,234] {logging_mixin.py:104} INFO - [2021-05-01 05:00:27,234] {dagbag.py:451} INFO - Filling up the DagBag from /home/airflow/.local/lib/python3.6/site-packages/airflow/example_dags/example_bash_operator.py
[2021-05-01 05:00:27,247] {scheduler_job.py:639} INFO - DAG(s) dict_keys(['example_bash_operator']) retrieved from /home/airflow/.local/lib/python3.6/site-packages/airflow/example_dags/example_bash_operator.py
[2021-05-01 05:00:27,269] {logging_mixin.py:104} INFO - [2021-05-01 05:00:27,269] {dag.py:1824} INFO - Sync 1 DAGs
[2021-05-01 05:00:27,294] {logging_mixin.py:104} INFO - [2021-05-01 05:00:27,294] {dag.py:2280} INFO - Setting next_dagrun for example_bash_operator to 2021-04-29 00:00:00+00:00
[2021-05-01 05:00:27,308] {scheduler_job.py:190} INFO - Processing /home/airflow/.local/lib/python3.6/site-packages/airflow/example_dags/example_bash_operator.py took 0.079 seconds
[2021-05-01 05:00:57,983] {scheduler_job.py:182} INFO - Started process (PID=1140) to work on /home/airflow/.local/lib/python3.6/site-packages/airflow/example_dags/example_bash_operator.py
[2021-05-01 05:00:57,985] {scheduler_job.py:629} INFO - Processing file /home/airflow/.local/lib/python3.6/site-packages/airflow/example_dags/example_bash_operator.py for tasks to queue
[2021-05-01 05:00:57,986] {logging_mixin.py:104} INFO - [2021-05-01 05:00:57,986] {dagbag.py:451} INFO - Filling up the DagBag from /home/airflow/.local/lib/python3.6/site-packages/airflow/example_dags/example_bash_operator.py
[2021-05-01 05:00:58,002] {scheduler_job.py:639} INFO - DAG(s) dict_keys(['example_bash_operator']) retrieved from /home/airflow/.local/lib/python3.6/site-packages/airflow/example_dags/example_bash_operator.py
[2021-05-01 05:00:58,031] {logging_mixin.py:104} INFO - [2021-05-01 05:00:58,030] {dag.py:1824} INFO - Sync 1 DAGs
[2021-05-01 05:00:58,056] {logging_mixin.py:104} INFO - [2021-05-01 05:00:58,056] {dag.py:2280} INFO - Setting next_dagrun for example_bash_operator to 2021-04-29 00:00:00+00:00
[2021-05-01 05:00:58,067] {scheduler_job.py:190} INFO - Processing /home/airflow/.local/lib/python3.6/site-packages/airflow/example_dags/example_bash_operator.py took 0.088 seconds
[2021-05-01 05:01:28,665] {scheduler_job.py:182} INFO - Started process (PID=1173) to work on /home/airflow/.local/lib/python3.6/site-packages/airflow/example_dags/example_bash_operator.py
[2021-05-01 05:01:28,669] {scheduler_job.py:629} INFO - Processing file /home/airflow/.local/lib/python3.6/site-packages/airflow/example_dags/example_bash_operator.py for tasks to queue
[2021-05-01 05:01:28,670] {logging_mixin.py:104} INFO - [2021-05-01 05:01:28,670] {dagbag.py:451} INFO - Filling up the DagBag from /home/airflow/.local/lib/python3.6/site-packages/airflow/example_dags/example_bash_operator.py
[2021-05-01 05:01:28,684] {scheduler_job.py:639} INFO - DAG(s) dict_keys(['example_bash_operator']) retrieved from /home/airflow/.local/lib/python3.6/site-packages/airflow/example_dags/example_bash_operator.py
[2021-05-01 05:01:28,710] {logging_mixin.py:104} INFO - [2021-05-01 05:01:28,710] {dag.py:1824} INFO - Sync 1 DAGs
[2021-05-01 05:01:28,731] {logging_mixin.py:104} INFO - [2021-05-01 05:01:28,731] {dag.py:2280} INFO - Setting next_dagrun for example_bash_operator to 2021-04-29 00:00:00+00:00
[2021-05-01 05:01:28,744] {scheduler_job.py:190} INFO - Processing /home/airflow/.local/lib/python3.6/site-packages/airflow/example_dags/example_bash_operator.py took 0.083 seconds
[2021-05-01 05:01:59,478] {scheduler_job.py:182} INFO - Started process (PID=1206) to work on /home/airflow/.local/lib/python3.6/site-packages/airflow/example_dags/example_bash_operator.py
[2021-05-01 05:01:59,480] {scheduler_job.py:629} INFO - Processing file /home/airflow/.local/lib/python3.6/site-packages/airflow/example_dags/example_bash_operator.py for tasks to queue
[2021-05-01 05:01:59,481] {logging_mixin.py:104} INFO - [2021-05-01 05:01:59,481] {dagbag.py:451} INFO - Filling up the DagBag from /home/airflow/.local/lib/python3.6/site-packages/airflow/example_dags/example_bash_operator.py
[2021-05-01 05:01:59,497] {scheduler_job.py:639} INFO - DAG(s) dict_keys(['example_bash_operator']) retrieved from /home/airflow/.local/lib/python3.6/site-packages/airflow/example_dags/example_bash_operator.py
[2021-05-01 05:01:59,525] {logging_mixin.py:104} INFO - [2021-05-01 05:01:59,525] {dag.py:1824} INFO - Sync 1 DAGs
[2021-05-01 05:01:59,556] {logging_mixin.py:104} INFO - [2021-05-01 05:01:59,556] {dag.py:2280} INFO - Setting next_dagrun for example_bash_operator to 2021-04-29 00:00:00+00:00
[2021-05-01 05:01:59,571] {scheduler_job.py:190} INFO - Processing /home/airflow/.local/lib/python3.6/site-packages/airflow/example_dags/example_bash_operator.py took 0.098 seconds
[2021-05-01 05:02:30,168] {scheduler_job.py:182} INFO - Started process (PID=1239) to work on /home/airflow/.local/lib/python3.6/site-packages/airflow/example_dags/example_bash_operator.py
[2021-05-01 05:02:30,170] {scheduler_job.py:629} INFO - Processing file /home/airflow/.local/lib/python3.6/site-packages/airflow/example_dags/example_bash_operator.py for tasks to queue
[2021-05-01 05:02:30,171] {logging_mixin.py:104} INFO - [2021-05-01 05:02:30,170] {dagbag.py:451} INFO - Filling up the DagBag from /home/airflow/.local/lib/python3.6/site-packages/airflow/example_dags/example_bash_operator.py
[2021-05-01 05:02:30,187] {scheduler_job.py:639} INFO - DAG(s) dict_keys(['example_bash_operator']) retrieved from /home/airflow/.local/lib/python3.6/site-packages/airflow/example_dags/example_bash_operator.py
[2021-05-01 05:02:30,208] {logging_mixin.py:104} INFO - [2021-05-01 05:02:30,208] {dag.py:1824} INFO - Sync 1 DAGs
[2021-05-01 05:02:30,229] {logging_mixin.py:104} INFO - [2021-05-01 05:02:30,229] {dag.py:2280} INFO - Setting next_dagrun for example_bash_operator to 2021-04-29 00:00:00+00:00
[2021-05-01 05:02:30,241] {scheduler_job.py:190} INFO - Processing /home/airflow/.local/lib/python3.6/site-packages/airflow/example_dags/example_bash_operator.py took 0.078 seconds
[2021-05-01 05:03:00,921] {scheduler_job.py:182} INFO - Started process (PID=1272) to work on /home/airflow/.local/lib/python3.6/site-packages/airflow/example_dags/example_bash_operator.py
[2021-05-01 05:03:00,922] {scheduler_job.py:629} INFO - Processing file /home/airflow/.local/lib/python3.6/site-packages/airflow/example_dags/example_bash_operator.py for tasks to queue
[2021-05-01 05:03:00,923] {logging_mixin.py:104} INFO - [2021-05-01 05:03:00,923] {dagbag.py:451} INFO - Filling up the DagBag from /home/airflow/.local/lib/python3.6/site-packages/airflow/example_dags/example_bash_operator.py
[2021-05-01 05:03:00,938] {scheduler_job.py:639} INFO - DAG(s) dict_keys(['example_bash_operator']) retrieved from /home/airflow/.local/lib/python3.6/site-packages/airflow/example_dags/example_bash_operator.py
[2021-05-01 05:03:00,959] {logging_mixin.py:104} INFO - [2021-05-01 05:03:00,959] {dag.py:1824} INFO - Sync 1 DAGs
[2021-05-01 05:03:00,981] {logging_mixin.py:104} INFO - [2021-05-01 05:03:00,981] {dag.py:2280} INFO - Setting next_dagrun for example_bash_operator to 2021-04-29 00:00:00+00:00
[2021-05-01 05:03:00,995] {scheduler_job.py:190} INFO - Processing /home/airflow/.local/lib/python3.6/site-packages/airflow/example_dags/example_bash_operator.py took 0.077 seconds
[2021-05-01 05:03:31,704] {scheduler_job.py:182} INFO - Started process (PID=1305) to work on /home/airflow/.local/lib/python3.6/site-packages/airflow/example_dags/example_bash_operator.py
[2021-05-01 05:03:31,705] {scheduler_job.py:629} INFO - Processing file /home/airflow/.local/lib/python3.6/site-packages/airflow/example_dags/example_bash_operator.py for tasks to queue
[2021-05-01 05:03:31,707] {logging_mixin.py:104} INFO - [2021-05-01 05:03:31,706] {dagbag.py:451} INFO - Filling up the DagBag from /home/airflow/.local/lib/python3.6/site-packages/airflow/example_dags/example_bash_operator.py
[2021-05-01 05:03:31,724] {scheduler_job.py:639} INFO - DAG(s) dict_keys(['example_bash_operator']) retrieved from /home/airflow/.local/lib/python3.6/site-packages/airflow/example_dags/example_bash_operator.py
[2021-05-01 05:03:31,747] {logging_mixin.py:104} INFO - [2021-05-01 05:03:31,747] {dag.py:1824} INFO - Sync 1 DAGs
[2021-05-01 05:03:31,772] {logging_mixin.py:104} INFO - [2021-05-01 05:03:31,772] {dag.py:2280} INFO - Setting next_dagrun for example_bash_operator to 2021-04-29 00:00:00+00:00
[2021-05-01 05:03:31,785] {scheduler_job.py:190} INFO - Processing /home/airflow/.local/lib/python3.6/site-packages/airflow/example_dags/example_bash_operator.py took 0.084 seconds
[2021-05-01 05:04:02,371] {scheduler_job.py:182} INFO - Started process (PID=1338) to work on /home/airflow/.local/lib/python3.6/site-packages/airflow/example_dags/example_bash_operator.py
[2021-05-01 05:04:02,372] {scheduler_job.py:629} INFO - Processing file /home/airflow/.local/lib/python3.6/site-packages/airflow/example_dags/example_bash_operator.py for tasks to queue
[2021-05-01 05:04:02,372] {logging_mixin.py:104} INFO - [2021-05-01 05:04:02,372] {dagbag.py:451} INFO - Filling up the DagBag from /home/airflow/.local/lib/python3.6/site-packages/airflow/example_dags/example_bash_operator.py
[2021-05-01 05:04:02,386] {scheduler_job.py:639} INFO - DAG(s) dict_keys(['example_bash_operator']) retrieved from /home/airflow/.local/lib/python3.6/site-packages/airflow/example_dags/example_bash_operator.py
[2021-05-01 05:04:02,409] {logging_mixin.py:104} INFO - [2021-05-01 05:04:02,409] {dag.py:1824} INFO - Sync 1 DAGs
[2021-05-01 05:04:02,430] {logging_mixin.py:104} INFO - [2021-05-01 05:04:02,430] {dag.py:2280} INFO - Setting next_dagrun for example_bash_operator to 2021-04-29 00:00:00+00:00
[2021-05-01 05:04:02,441] {scheduler_job.py:190} INFO - Processing /home/airflow/.local/lib/python3.6/site-packages/airflow/example_dags/example_bash_operator.py took 0.074 seconds
[2021-05-01 05:04:33,226] {scheduler_job.py:182} INFO - Started process (PID=1371) to work on /home/airflow/.local/lib/python3.6/site-packages/airflow/example_dags/example_bash_operator.py
[2021-05-01 05:04:33,228] {scheduler_job.py:629} INFO - Processing file /home/airflow/.local/lib/python3.6/site-packages/airflow/example_dags/example_bash_operator.py for tasks to queue
[2021-05-01 05:04:33,228] {logging_mixin.py:104} INFO - [2021-05-01 05:04:33,228] {dagbag.py:451} INFO - Filling up the DagBag from /home/airflow/.local/lib/python3.6/site-packages/airflow/example_dags/example_bash_operator.py
[2021-05-01 05:04:33,243] {scheduler_job.py:639} INFO - DAG(s) dict_keys(['example_bash_operator']) retrieved from /home/airflow/.local/lib/python3.6/site-packages/airflow/example_dags/example_bash_operator.py
[2021-05-01 05:04:33,267] {logging_mixin.py:104} INFO - [2021-05-01 05:04:33,267] {dag.py:1824} INFO - Sync 1 DAGs
[2021-05-01 05:04:33,292] {logging_mixin.py:104} INFO - [2021-05-01 05:04:33,292] {dag.py:2280} INFO - Setting next_dagrun for example_bash_operator to 2021-04-29 00:00:00+00:00
[2021-05-01 05:04:33,306] {scheduler_job.py:190} INFO - Processing /home/airflow/.local/lib/python3.6/site-packages/airflow/example_dags/example_bash_operator.py took 0.084 seconds
[2021-05-01 05:05:03,560] {scheduler_job.py:182} INFO - Started process (PID=1404) to work on /home/airflow/.local/lib/python3.6/site-packages/airflow/example_dags/example_bash_operator.py
[2021-05-01 05:05:03,561] {scheduler_job.py:629} INFO - Processing file /home/airflow/.local/lib/python3.6/site-packages/airflow/example_dags/example_bash_operator.py for tasks to queue
[2021-05-01 05:05:03,562] {logging_mixin.py:104} INFO - [2021-05-01 05:05:03,562] {dagbag.py:451} INFO - Filling up the DagBag from /home/airflow/.local/lib/python3.6/site-packages/airflow/example_dags/example_bash_operator.py
[2021-05-01 05:05:03,574] {scheduler_job.py:639} INFO - DAG(s) dict_keys(['example_bash_operator']) retrieved from /home/airflow/.local/lib/python3.6/site-packages/airflow/example_dags/example_bash_operator.py
[2021-05-01 05:05:03,594] {logging_mixin.py:104} INFO - [2021-05-01 05:05:03,594] {dag.py:1824} INFO - Sync 1 DAGs
[2021-05-01 05:05:03,620] {logging_mixin.py:104} INFO - [2021-05-01 05:05:03,620] {dag.py:2280} INFO - Setting next_dagrun for example_bash_operator to 2021-04-29 00:00:00+00:00
[2021-05-01 05:05:03,637] {scheduler_job.py:190} INFO - Processing /home/airflow/.local/lib/python3.6/site-packages/airflow/example_dags/example_bash_operator.py took 0.079 seconds
[2021-05-01 05:05:33,662] {scheduler_job.py:182} INFO - Started process (PID=1437) to work on /home/airflow/.local/lib/python3.6/site-packages/airflow/example_dags/example_bash_operator.py
[2021-05-01 05:05:33,664] {scheduler_job.py:629} INFO - Processing file /home/airflow/.local/lib/python3.6/site-packages/airflow/example_dags/example_bash_operator.py for tasks to queue
[2021-05-01 05:05:33,665] {logging_mixin.py:104} INFO - [2021-05-01 05:05:33,664] {dagbag.py:451} INFO - Filling up the DagBag from /home/airflow/.local/lib/python3.6/site-packages/airflow/example_dags/example_bash_operator.py
[2021-05-01 05:05:33,680] {scheduler_job.py:639} INFO - DAG(s) dict_keys(['example_bash_operator']) retrieved from /home/airflow/.local/lib/python3.6/site-packages/airflow/example_dags/example_bash_operator.py
[2021-05-01 05:05:33,701] {logging_mixin.py:104} INFO - [2021-05-01 05:05:33,701] {dag.py:1824} INFO - Sync 1 DAGs
[2021-05-01 05:05:33,722] {logging_mixin.py:104} INFO - [2021-05-01 05:05:33,722] {dag.py:2280} INFO - Setting next_dagrun for example_bash_operator to 2021-04-29 00:00:00+00:00
[2021-05-01 05:05:33,732] {scheduler_job.py:190} INFO - Processing /home/airflow/.local/lib/python3.6/site-packages/airflow/example_dags/example_bash_operator.py took 0.072 seconds
[2021-05-01 05:06:04,249] {scheduler_job.py:182} INFO - Started process (PID=1470) to work on /home/airflow/.local/lib/python3.6/site-packages/airflow/example_dags/example_bash_operator.py
[2021-05-01 05:06:04,251] {scheduler_job.py:629} INFO - Processing file /home/airflow/.local/lib/python3.6/site-packages/airflow/example_dags/example_bash_operator.py for tasks to queue
[2021-05-01 05:06:04,252] {logging_mixin.py:104} INFO - [2021-05-01 05:06:04,252] {dagbag.py:451} INFO - Filling up the DagBag from /home/airflow/.local/lib/python3.6/site-packages/airflow/example_dags/example_bash_operator.py
[2021-05-01 05:06:04,264] {scheduler_job.py:639} INFO - DAG(s) dict_keys(['example_bash_operator']) retrieved from /home/airflow/.local/lib/python3.6/site-packages/airflow/example_dags/example_bash_operator.py
[2021-05-01 05:06:04,288] {logging_mixin.py:104} INFO - [2021-05-01 05:06:04,288] {dag.py:1824} INFO - Sync 1 DAGs
[2021-05-01 05:06:04,313] {logging_mixin.py:104} INFO - [2021-05-01 05:06:04,313] {dag.py:2280} INFO - Setting next_dagrun for example_bash_operator to 2021-04-29 00:00:00+00:00
[2021-05-01 05:06:04,326] {scheduler_job.py:190} INFO - Processing /home/airflow/.local/lib/python3.6/site-packages/airflow/example_dags/example_bash_operator.py took 0.079 seconds
[2021-05-01 05:06:35,023] {scheduler_job.py:182} INFO - Started process (PID=1503) to work on /home/airflow/.local/lib/python3.6/site-packages/airflow/example_dags/example_bash_operator.py
[2021-05-01 05:06:35,024] {scheduler_job.py:629} INFO - Processing file /home/airflow/.local/lib/python3.6/site-packages/airflow/example_dags/example_bash_operator.py for tasks to queue
[2021-05-01 05:06:35,025] {logging_mixin.py:104} INFO - [2021-05-01 05:06:35,025] {dagbag.py:451} INFO - Filling up the DagBag from /home/airflow/.local/lib/python3.6/site-packages/airflow/example_dags/example_bash_operator.py
[2021-05-01 05:06:35,040] {scheduler_job.py:639} INFO - DAG(s) dict_keys(['example_bash_operator']) retrieved from /home/airflow/.local/lib/python3.6/site-packages/airflow/example_dags/example_bash_operator.py
[2021-05-01 05:06:35,069] {logging_mixin.py:104} INFO - [2021-05-01 05:06:35,068] {dag.py:1824} INFO - Sync 1 DAGs
[2021-05-01 05:06:35,095] {logging_mixin.py:104} INFO - [2021-05-01 05:06:35,095] {dag.py:2280} INFO - Setting next_dagrun for example_bash_operator to 2021-04-29 00:00:00+00:00
[2021-05-01 05:06:35,108] {scheduler_job.py:190} INFO - Processing /home/airflow/.local/lib/python3.6/site-packages/airflow/example_dags/example_bash_operator.py took 0.089 seconds
[2021-05-01 05:07:05,632] {scheduler_job.py:182} INFO - Started process (PID=1536) to work on /home/airflow/.local/lib/python3.6/site-packages/airflow/example_dags/example_bash_operator.py
[2021-05-01 05:07:05,634] {scheduler_job.py:629} INFO - Processing file /home/airflow/.local/lib/python3.6/site-packages/airflow/example_dags/example_bash_operator.py for tasks to queue
[2021-05-01 05:07:05,635] {logging_mixin.py:104} INFO - [2021-05-01 05:07:05,635] {dagbag.py:451} INFO - Filling up the DagBag from /home/airflow/.local/lib/python3.6/site-packages/airflow/example_dags/example_bash_operator.py
[2021-05-01 05:07:05,649] {scheduler_job.py:639} INFO - DAG(s) dict_keys(['example_bash_operator']) retrieved from /home/airflow/.local/lib/python3.6/site-packages/airflow/example_dags/example_bash_operator.py
[2021-05-01 05:07:05,670] {logging_mixin.py:104} INFO - [2021-05-01 05:07:05,670] {dag.py:1824} INFO - Sync 1 DAGs
[2021-05-01 05:07:05,696] {logging_mixin.py:104} INFO - [2021-05-01 05:07:05,696] {dag.py:2280} INFO - Setting next_dagrun for example_bash_operator to 2021-04-29 00:00:00+00:00
[2021-05-01 05:07:05,708] {scheduler_job.py:190} INFO - Processing /home/airflow/.local/lib/python3.6/site-packages/airflow/example_dags/example_bash_operator.py took 0.081 seconds
[2021-05-01 05:07:36,341] {scheduler_job.py:182} INFO - Started process (PID=1569) to work on /home/airflow/.local/lib/python3.6/site-packages/airflow/example_dags/example_bash_operator.py
[2021-05-01 05:07:36,343] {scheduler_job.py:629} INFO - Processing file /home/airflow/.local/lib/python3.6/site-packages/airflow/example_dags/example_bash_operator.py for tasks to queue
[2021-05-01 05:07:36,344] {logging_mixin.py:104} INFO - [2021-05-01 05:07:36,344] {dagbag.py:451} INFO - Filling up the DagBag from /home/airflow/.local/lib/python3.6/site-packages/airflow/example_dags/example_bash_operator.py
[2021-05-01 05:07:36,358] {scheduler_job.py:639} INFO - DAG(s) dict_keys(['example_bash_operator']) retrieved from /home/airflow/.local/lib/python3.6/site-packages/airflow/example_dags/example_bash_operator.py
[2021-05-01 05:07:36,380] {logging_mixin.py:104} INFO - [2021-05-01 05:07:36,380] {dag.py:1824} INFO - Sync 1 DAGs
[2021-05-01 05:07:36,405] {logging_mixin.py:104} INFO - [2021-05-01 05:07:36,405] {dag.py:2280} INFO - Setting next_dagrun for example_bash_operator to 2021-04-29 00:00:00+00:00
[2021-05-01 05:07:36,421] {scheduler_job.py:190} INFO - Processing /home/airflow/.local/lib/python3.6/site-packages/airflow/example_dags/example_bash_operator.py took 0.084 seconds
[2021-05-01 05:08:07,046] {scheduler_job.py:182} INFO - Started process (PID=1602) to work on /home/airflow/.local/lib/python3.6/site-packages/airflow/example_dags/example_bash_operator.py
[2021-05-01 05:08:07,048] {scheduler_job.py:629} INFO - Processing file /home/airflow/.local/lib/python3.6/site-packages/airflow/example_dags/example_bash_operator.py for tasks to queue
[2021-05-01 05:08:07,049] {logging_mixin.py:104} INFO - [2021-05-01 05:08:07,049] {dagbag.py:451} INFO - Filling up the DagBag from /home/airflow/.local/lib/python3.6/site-packages/airflow/example_dags/example_bash_operator.py
[2021-05-01 05:08:07,066] {scheduler_job.py:639} INFO - DAG(s) dict_keys(['example_bash_operator']) retrieved from /home/airflow/.local/lib/python3.6/site-packages/airflow/example_dags/example_bash_operator.py
[2021-05-01 05:08:07,086] {logging_mixin.py:104} INFO - [2021-05-01 05:08:07,086] {dag.py:1824} INFO - Sync 1 DAGs
[2021-05-01 05:08:07,106] {logging_mixin.py:104} INFO - [2021-05-01 05:08:07,106] {dag.py:2280} INFO - Setting next_dagrun for example_bash_operator to 2021-04-29 00:00:00+00:00
[2021-05-01 05:08:07,118] {scheduler_job.py:190} INFO - Processing /home/airflow/.local/lib/python3.6/site-packages/airflow/example_dags/example_bash_operator.py took 0.075 seconds
[2021-05-01 05:08:37,648] {scheduler_job.py:182} INFO - Started process (PID=1635) to work on /home/airflow/.local/lib/python3.6/site-packages/airflow/example_dags/example_bash_operator.py
[2021-05-01 05:08:37,650] {scheduler_job.py:629} INFO - Processing file /home/airflow/.local/lib/python3.6/site-packages/airflow/example_dags/example_bash_operator.py for tasks to queue
[2021-05-01 05:08:37,651] {logging_mixin.py:104} INFO - [2021-05-01 05:08:37,651] {dagbag.py:451} INFO - Filling up the DagBag from /home/airflow/.local/lib/python3.6/site-packages/airflow/example_dags/example_bash_operator.py
[2021-05-01 05:08:37,668] {scheduler_job.py:639} INFO - DAG(s) dict_keys(['example_bash_operator']) retrieved from /home/airflow/.local/lib/python3.6/site-packages/airflow/example_dags/example_bash_operator.py
[2021-05-01 05:08:37,694] {logging_mixin.py:104} INFO - [2021-05-01 05:08:37,693] {dag.py:1824} INFO - Sync 1 DAGs
[2021-05-01 05:08:37,720] {logging_mixin.py:104} INFO - [2021-05-01 05:08:37,720] {dag.py:2280} INFO - Setting next_dagrun for example_bash_operator to 2021-04-29 00:00:00+00:00
[2021-05-01 05:08:37,731] {scheduler_job.py:190} INFO - Processing /home/airflow/.local/lib/python3.6/site-packages/airflow/example_dags/example_bash_operator.py took 0.086 seconds
[2021-05-01 05:09:08,414] {scheduler_job.py:182} INFO - Started process (PID=1668) to work on /home/airflow/.local/lib/python3.6/site-packages/airflow/example_dags/example_bash_operator.py
[2021-05-01 05:09:08,415] {scheduler_job.py:629} INFO - Processing file /home/airflow/.local/lib/python3.6/site-packages/airflow/example_dags/example_bash_operator.py for tasks to queue
[2021-05-01 05:09:08,416] {logging_mixin.py:104} INFO - [2021-05-01 05:09:08,416] {dagbag.py:451} INFO - Filling up the DagBag from /home/airflow/.local/lib/python3.6/site-packages/airflow/example_dags/example_bash_operator.py
[2021-05-01 05:09:08,431] {scheduler_job.py:639} INFO - DAG(s) dict_keys(['example_bash_operator']) retrieved from /home/airflow/.local/lib/python3.6/site-packages/airflow/example_dags/example_bash_operator.py
[2021-05-01 05:09:08,461] {logging_mixin.py:104} INFO - [2021-05-01 05:09:08,461] {dag.py:1824} INFO - Sync 1 DAGs
[2021-05-01 05:09:08,490] {logging_mixin.py:104} INFO - [2021-05-01 05:09:08,490] {dag.py:2280} INFO - Setting next_dagrun for example_bash_operator to 2021-04-29 00:00:00+00:00
[2021-05-01 05:09:08,508] {scheduler_job.py:190} INFO - Processing /home/airflow/.local/lib/python3.6/site-packages/airflow/example_dags/example_bash_operator.py took 0.099 seconds
[2021-05-01 05:09:39,106] {scheduler_job.py:182} INFO - Started process (PID=1701) to work on /home/airflow/.local/lib/python3.6/site-packages/airflow/example_dags/example_bash_operator.py
[2021-05-01 05:09:39,108] {scheduler_job.py:629} INFO - Processing file /home/airflow/.local/lib/python3.6/site-packages/airflow/example_dags/example_bash_operator.py for tasks to queue
[2021-05-01 05:09:39,109] {logging_mixin.py:104} INFO - [2021-05-01 05:09:39,109] {dagbag.py:451} INFO - Filling up the DagBag from /home/airflow/.local/lib/python3.6/site-packages/airflow/example_dags/example_bash_operator.py
[2021-05-01 05:09:39,125] {scheduler_job.py:639} INFO - DAG(s) dict_keys(['example_bash_operator']) retrieved from /home/airflow/.local/lib/python3.6/site-packages/airflow/example_dags/example_bash_operator.py
[2021-05-01 05:09:39,150] {logging_mixin.py:104} INFO - [2021-05-01 05:09:39,150] {dag.py:1824} INFO - Sync 1 DAGs
[2021-05-01 05:09:39,182] {logging_mixin.py:104} INFO - [2021-05-01 05:09:39,182] {dag.py:2280} INFO - Setting next_dagrun for example_bash_operator to 2021-04-29 00:00:00+00:00
[2021-05-01 05:09:39,195] {scheduler_job.py:190} INFO - Processing /home/airflow/.local/lib/python3.6/site-packages/airflow/example_dags/example_bash_operator.py took 0.093 seconds
[2021-05-01 05:10:09,886] {scheduler_job.py:182} INFO - Started process (PID=1734) to work on /home/airflow/.local/lib/python3.6/site-packages/airflow/example_dags/example_bash_operator.py
[2021-05-01 05:10:09,888] {scheduler_job.py:629} INFO - Processing file /home/airflow/.local/lib/python3.6/site-packages/airflow/example_dags/example_bash_operator.py for tasks to queue
[2021-05-01 05:10:09,889] {logging_mixin.py:104} INFO - [2021-05-01 05:10:09,889] {dagbag.py:451} INFO - Filling up the DagBag from /home/airflow/.local/lib/python3.6/site-packages/airflow/example_dags/example_bash_operator.py
[2021-05-01 05:10:09,903] {scheduler_job.py:639} INFO - DAG(s) dict_keys(['example_bash_operator']) retrieved from /home/airflow/.local/lib/python3.6/site-packages/airflow/example_dags/example_bash_operator.py
[2021-05-01 05:10:09,927] {logging_mixin.py:104} INFO - [2021-05-01 05:10:09,927] {dag.py:1824} INFO - Sync 1 DAGs
[2021-05-01 05:10:09,952] {logging_mixin.py:104} INFO - [2021-05-01 05:10:09,952] {dag.py:2280} INFO - Setting next_dagrun for example_bash_operator to 2021-04-29 00:00:00+00:00
[2021-05-01 05:10:09,965] {scheduler_job.py:190} INFO - Processing /home/airflow/.local/lib/python3.6/site-packages/airflow/example_dags/example_bash_operator.py took 0.082 seconds
[2021-05-01 05:10:40,610] {scheduler_job.py:182} INFO - Started process (PID=1767) to work on /home/airflow/.local/lib/python3.6/site-packages/airflow/example_dags/example_bash_operator.py
[2021-05-01 05:10:40,612] {scheduler_job.py:629} INFO - Processing file /home/airflow/.local/lib/python3.6/site-packages/airflow/example_dags/example_bash_operator.py for tasks to queue
[2021-05-01 05:10:40,613] {logging_mixin.py:104} INFO - [2021-05-01 05:10:40,613] {dagbag.py:451} INFO - Filling up the DagBag from /home/airflow/.local/lib/python3.6/site-packages/airflow/example_dags/example_bash_operator.py
[2021-05-01 05:10:40,630] {scheduler_job.py:639} INFO - DAG(s) dict_keys(['example_bash_operator']) retrieved from /home/airflow/.local/lib/python3.6/site-packages/airflow/example_dags/example_bash_operator.py
[2021-05-01 05:10:40,652] {logging_mixin.py:104} INFO - [2021-05-01 05:10:40,652] {dag.py:1824} INFO - Sync 1 DAGs
[2021-05-01 05:10:40,677] {logging_mixin.py:104} INFO - [2021-05-01 05:10:40,677] {dag.py:2280} INFO - Setting next_dagrun for example_bash_operator to 2021-04-29 00:00:00+00:00
[2021-05-01 05:10:40,689] {scheduler_job.py:190} INFO - Processing /home/airflow/.local/lib/python3.6/site-packages/airflow/example_dags/example_bash_operator.py took 0.081 seconds
[2021-05-01 05:11:11,282] {scheduler_job.py:182} INFO - Started process (PID=1800) to work on /home/airflow/.local/lib/python3.6/site-packages/airflow/example_dags/example_bash_operator.py
[2021-05-01 05:11:11,285] {scheduler_job.py:629} INFO - Processing file /home/airflow/.local/lib/python3.6/site-packages/airflow/example_dags/example_bash_operator.py for tasks to queue
[2021-05-01 05:11:11,285] {logging_mixin.py:104} INFO - [2021-05-01 05:11:11,285] {dagbag.py:451} INFO - Filling up the DagBag from /home/airflow/.local/lib/python3.6/site-packages/airflow/example_dags/example_bash_operator.py
[2021-05-01 05:11:11,300] {scheduler_job.py:639} INFO - DAG(s) dict_keys(['example_bash_operator']) retrieved from /home/airflow/.local/lib/python3.6/site-packages/airflow/example_dags/example_bash_operator.py
[2021-05-01 05:11:11,322] {logging_mixin.py:104} INFO - [2021-05-01 05:11:11,322] {dag.py:1824} INFO - Sync 1 DAGs
[2021-05-01 05:11:11,354] {logging_mixin.py:104} INFO - [2021-05-01 05:11:11,353] {dag.py:2280} INFO - Setting next_dagrun for example_bash_operator to 2021-04-29 00:00:00+00:00
[2021-05-01 05:11:11,368] {scheduler_job.py:190} INFO - Processing /home/airflow/.local/lib/python3.6/site-packages/airflow/example_dags/example_bash_operator.py took 0.089 seconds
[2021-05-01 05:11:42,138] {scheduler_job.py:182} INFO - Started process (PID=1833) to work on /home/airflow/.local/lib/python3.6/site-packages/airflow/example_dags/example_bash_operator.py
[2021-05-01 05:11:42,153] {scheduler_job.py:629} INFO - Processing file /home/airflow/.local/lib/python3.6/site-packages/airflow/example_dags/example_bash_operator.py for tasks to queue
[2021-05-01 05:11:42,155] {logging_mixin.py:104} INFO - [2021-05-01 05:11:42,155] {dagbag.py:451} INFO - Filling up the DagBag from /home/airflow/.local/lib/python3.6/site-packages/airflow/example_dags/example_bash_operator.py
[2021-05-01 05:11:42,174] {scheduler_job.py:639} INFO - DAG(s) dict_keys(['example_bash_operator']) retrieved from /home/airflow/.local/lib/python3.6/site-packages/airflow/example_dags/example_bash_operator.py
[2021-05-01 05:11:42,199] {logging_mixin.py:104} INFO - [2021-05-01 05:11:42,198] {dag.py:1824} INFO - Sync 1 DAGs
[2021-05-01 05:11:42,223] {logging_mixin.py:104} INFO - [2021-05-01 05:11:42,223] {dag.py:2280} INFO - Setting next_dagrun for example_bash_operator to 2021-04-29 00:00:00+00:00
[2021-05-01 05:11:42,237] {scheduler_job.py:190} INFO - Processing /home/airflow/.local/lib/python3.6/site-packages/airflow/example_dags/example_bash_operator.py took 0.105 seconds
[2021-05-01 05:12:12,789] {scheduler_job.py:182} INFO - Started process (PID=1866) to work on /home/airflow/.local/lib/python3.6/site-packages/airflow/example_dags/example_bash_operator.py
[2021-05-01 05:12:12,791] {scheduler_job.py:629} INFO - Processing file /home/airflow/.local/lib/python3.6/site-packages/airflow/example_dags/example_bash_operator.py for tasks to queue
[2021-05-01 05:12:12,791] {logging_mixin.py:104} INFO - [2021-05-01 05:12:12,791] {dagbag.py:451} INFO - Filling up the DagBag from /home/airflow/.local/lib/python3.6/site-packages/airflow/example_dags/example_bash_operator.py
[2021-05-01 05:12:12,806] {scheduler_job.py:639} INFO - DAG(s) dict_keys(['example_bash_operator']) retrieved from /home/airflow/.local/lib/python3.6/site-packages/airflow/example_dags/example_bash_operator.py
[2021-05-01 05:12:12,829] {logging_mixin.py:104} INFO - [2021-05-01 05:12:12,829] {dag.py:1824} INFO - Sync 1 DAGs
[2021-05-01 05:12:12,852] {logging_mixin.py:104} INFO - [2021-05-01 05:12:12,852] {dag.py:2280} INFO - Setting next_dagrun for example_bash_operator to 2021-04-29 00:00:00+00:00
[2021-05-01 05:12:12,864] {scheduler_job.py:190} INFO - Processing /home/airflow/.local/lib/python3.6/site-packages/airflow/example_dags/example_bash_operator.py took 0.078 seconds
[2021-05-01 05:12:43,495] {scheduler_job.py:182} INFO - Started process (PID=1899) to work on /home/airflow/.local/lib/python3.6/site-packages/airflow/example_dags/example_bash_operator.py
[2021-05-01 05:12:43,497] {scheduler_job.py:629} INFO - Processing file /home/airflow/.local/lib/python3.6/site-packages/airflow/example_dags/example_bash_operator.py for tasks to queue
[2021-05-01 05:12:43,498] {logging_mixin.py:104} INFO - [2021-05-01 05:12:43,498] {dagbag.py:451} INFO - Filling up the DagBag from /home/airflow/.local/lib/python3.6/site-packages/airflow/example_dags/example_bash_operator.py
[2021-05-01 05:12:43,523] {scheduler_job.py:639} INFO - DAG(s) dict_keys(['example_bash_operator']) retrieved from /home/airflow/.local/lib/python3.6/site-packages/airflow/example_dags/example_bash_operator.py
[2021-05-01 05:12:43,550] {logging_mixin.py:104} INFO - [2021-05-01 05:12:43,550] {dag.py:1824} INFO - Sync 1 DAGs
[2021-05-01 05:12:43,573] {logging_mixin.py:104} INFO - [2021-05-01 05:12:43,573] {dag.py:2280} INFO - Setting next_dagrun for example_bash_operator to 2021-04-29 00:00:00+00:00
[2021-05-01 05:12:43,587] {scheduler_job.py:190} INFO - Processing /home/airflow/.local/lib/python3.6/site-packages/airflow/example_dags/example_bash_operator.py took 0.098 seconds
[2021-05-01 05:13:14,165] {scheduler_job.py:182} INFO - Started process (PID=1932) to work on /home/airflow/.local/lib/python3.6/site-packages/airflow/example_dags/example_bash_operator.py
[2021-05-01 05:13:14,166] {scheduler_job.py:629} INFO - Processing file /home/airflow/.local/lib/python3.6/site-packages/airflow/example_dags/example_bash_operator.py for tasks to queue
[2021-05-01 05:13:14,167] {logging_mixin.py:104} INFO - [2021-05-01 05:13:14,166] {dagbag.py:451} INFO - Filling up the DagBag from /home/airflow/.local/lib/python3.6/site-packages/airflow/example_dags/example_bash_operator.py
[2021-05-01 05:13:14,182] {scheduler_job.py:639} INFO - DAG(s) dict_keys(['example_bash_operator']) retrieved from /home/airflow/.local/lib/python3.6/site-packages/airflow/example_dags/example_bash_operator.py
[2021-05-01 05:13:14,206] {logging_mixin.py:104} INFO - [2021-05-01 05:13:14,205] {dag.py:1824} INFO - Sync 1 DAGs
[2021-05-01 05:13:14,231] {logging_mixin.py:104} INFO - [2021-05-01 05:13:14,231] {dag.py:2280} INFO - Setting next_dagrun for example_bash_operator to 2021-04-29 00:00:00+00:00
[2021-05-01 05:13:14,244] {scheduler_job.py:190} INFO - Processing /home/airflow/.local/lib/python3.6/site-packages/airflow/example_dags/example_bash_operator.py took 0.083 seconds
[2021-05-01 05:13:44,838] {scheduler_job.py:182} INFO - Started process (PID=1965) to work on /home/airflow/.local/lib/python3.6/site-packages/airflow/example_dags/example_bash_operator.py
[2021-05-01 05:13:44,839] {scheduler_job.py:629} INFO - Processing file /home/airflow/.local/lib/python3.6/site-packages/airflow/example_dags/example_bash_operator.py for tasks to queue
[2021-05-01 05:13:44,839] {logging_mixin.py:104} INFO - [2021-05-01 05:13:44,839] {dagbag.py:451} INFO - Filling up the DagBag from /home/airflow/.local/lib/python3.6/site-packages/airflow/example_dags/example_bash_operator.py
[2021-05-01 05:13:44,853] {scheduler_job.py:639} INFO - DAG(s) dict_keys(['example_bash_operator']) retrieved from /home/airflow/.local/lib/python3.6/site-packages/airflow/example_dags/example_bash_operator.py
[2021-05-01 05:13:44,875] {logging_mixin.py:104} INFO - [2021-05-01 05:13:44,875] {dag.py:1824} INFO - Sync 1 DAGs
[2021-05-01 05:13:44,895] {logging_mixin.py:104} INFO - [2021-05-01 05:13:44,895] {dag.py:2280} INFO - Setting next_dagrun for example_bash_operator to 2021-04-29 00:00:00+00:00
[2021-05-01 05:13:44,907] {scheduler_job.py:190} INFO - Processing /home/airflow/.local/lib/python3.6/site-packages/airflow/example_dags/example_bash_operator.py took 0.073 seconds
[2021-05-01 05:14:15,581] {scheduler_job.py:182} INFO - Started process (PID=1998) to work on /home/airflow/.local/lib/python3.6/site-packages/airflow/example_dags/example_bash_operator.py
[2021-05-01 05:14:15,582] {scheduler_job.py:629} INFO - Processing file /home/airflow/.local/lib/python3.6/site-packages/airflow/example_dags/example_bash_operator.py for tasks to queue
[2021-05-01 05:14:15,582] {logging_mixin.py:104} INFO - [2021-05-01 05:14:15,582] {dagbag.py:451} INFO - Filling up the DagBag from /home/airflow/.local/lib/python3.6/site-packages/airflow/example_dags/example_bash_operator.py
[2021-05-01 05:14:15,597] {scheduler_job.py:639} INFO - DAG(s) dict_keys(['example_bash_operator']) retrieved from /home/airflow/.local/lib/python3.6/site-packages/airflow/example_dags/example_bash_operator.py
[2021-05-01 05:14:15,619] {logging_mixin.py:104} INFO - [2021-05-01 05:14:15,619] {dag.py:1824} INFO - Sync 1 DAGs
[2021-05-01 05:14:15,642] {logging_mixin.py:104} INFO - [2021-05-01 05:14:15,642] {dag.py:2280} INFO - Setting next_dagrun for example_bash_operator to 2021-04-29 00:00:00+00:00
[2021-05-01 05:14:15,654] {scheduler_job.py:190} INFO - Processing /home/airflow/.local/lib/python3.6/site-packages/airflow/example_dags/example_bash_operator.py took 0.076 seconds
[2021-05-01 05:14:46,167] {scheduler_job.py:182} INFO - Started process (PID=2031) to work on /home/airflow/.local/lib/python3.6/site-packages/airflow/example_dags/example_bash_operator.py
[2021-05-01 05:14:46,168] {scheduler_job.py:629} INFO - Processing file /home/airflow/.local/lib/python3.6/site-packages/airflow/example_dags/example_bash_operator.py for tasks to queue
[2021-05-01 05:14:46,169] {logging_mixin.py:104} INFO - [2021-05-01 05:14:46,169] {dagbag.py:451} INFO - Filling up the DagBag from /home/airflow/.local/lib/python3.6/site-packages/airflow/example_dags/example_bash_operator.py
[2021-05-01 05:14:46,183] {scheduler_job.py:639} INFO - DAG(s) dict_keys(['example_bash_operator']) retrieved from /home/airflow/.local/lib/python3.6/site-packages/airflow/example_dags/example_bash_operator.py
[2021-05-01 05:14:46,205] {logging_mixin.py:104} INFO - [2021-05-01 05:14:46,205] {dag.py:1824} INFO - Sync 1 DAGs
[2021-05-01 05:14:46,226] {logging_mixin.py:104} INFO - [2021-05-01 05:14:46,226] {dag.py:2280} INFO - Setting next_dagrun for example_bash_operator to 2021-04-29 00:00:00+00:00
[2021-05-01 05:14:46,239] {scheduler_job.py:190} INFO - Processing /home/airflow/.local/lib/python3.6/site-packages/airflow/example_dags/example_bash_operator.py took 0.076 seconds
[2021-05-01 05:15:16,713] {scheduler_job.py:182} INFO - Started process (PID=2064) to work on /home/airflow/.local/lib/python3.6/site-packages/airflow/example_dags/example_bash_operator.py
[2021-05-01 05:15:16,714] {scheduler_job.py:629} INFO - Processing file /home/airflow/.local/lib/python3.6/site-packages/airflow/example_dags/example_bash_operator.py for tasks to queue
[2021-05-01 05:15:16,715] {logging_mixin.py:104} INFO - [2021-05-01 05:15:16,715] {dagbag.py:451} INFO - Filling up the DagBag from /home/airflow/.local/lib/python3.6/site-packages/airflow/example_dags/example_bash_operator.py
[2021-05-01 05:15:16,728] {scheduler_job.py:639} INFO - DAG(s) dict_keys(['example_bash_operator']) retrieved from /home/airflow/.local/lib/python3.6/site-packages/airflow/example_dags/example_bash_operator.py
[2021-05-01 05:15:16,752] {logging_mixin.py:104} INFO - [2021-05-01 05:15:16,752] {dag.py:1824} INFO - Sync 1 DAGs
[2021-05-01 05:15:16,774] {logging_mixin.py:104} INFO - [2021-05-01 05:15:16,774] {dag.py:2280} INFO - Setting next_dagrun for example_bash_operator to 2021-04-29 00:00:00+00:00
[2021-05-01 05:15:16,788] {scheduler_job.py:190} INFO - Processing /home/airflow/.local/lib/python3.6/site-packages/airflow/example_dags/example_bash_operator.py took 0.079 seconds
[2021-05-01 05:15:47,419] {scheduler_job.py:182} INFO - Started process (PID=2097) to work on /home/airflow/.local/lib/python3.6/site-packages/airflow/example_dags/example_bash_operator.py
[2021-05-01 05:15:47,420] {scheduler_job.py:629} INFO - Processing file /home/airflow/.local/lib/python3.6/site-packages/airflow/example_dags/example_bash_operator.py for tasks to queue
[2021-05-01 05:15:47,422] {logging_mixin.py:104} INFO - [2021-05-01 05:15:47,421] {dagbag.py:451} INFO - Filling up the DagBag from /home/airflow/.local/lib/python3.6/site-packages/airflow/example_dags/example_bash_operator.py
[2021-05-01 05:15:47,438] {scheduler_job.py:639} INFO - DAG(s) dict_keys(['example_bash_operator']) retrieved from /home/airflow/.local/lib/python3.6/site-packages/airflow/example_dags/example_bash_operator.py
[2021-05-01 05:15:47,462] {logging_mixin.py:104} INFO - [2021-05-01 05:15:47,462] {dag.py:1824} INFO - Sync 1 DAGs
[2021-05-01 05:15:47,486] {logging_mixin.py:104} INFO - [2021-05-01 05:15:47,486] {dag.py:2280} INFO - Setting next_dagrun for example_bash_operator to 2021-04-29 00:00:00+00:00
[2021-05-01 05:15:47,500] {scheduler_job.py:190} INFO - Processing /home/airflow/.local/lib/python3.6/site-packages/airflow/example_dags/example_bash_operator.py took 0.087 seconds
[2021-05-01 05:16:18,107] {scheduler_job.py:182} INFO - Started process (PID=2130) to work on /home/airflow/.local/lib/python3.6/site-packages/airflow/example_dags/example_bash_operator.py
[2021-05-01 05:16:18,109] {scheduler_job.py:629} INFO - Processing file /home/airflow/.local/lib/python3.6/site-packages/airflow/example_dags/example_bash_operator.py for tasks to queue
[2021-05-01 05:16:18,110] {logging_mixin.py:104} INFO - [2021-05-01 05:16:18,110] {dagbag.py:451} INFO - Filling up the DagBag from /home/airflow/.local/lib/python3.6/site-packages/airflow/example_dags/example_bash_operator.py
[2021-05-01 05:16:18,127] {scheduler_job.py:639} INFO - DAG(s) dict_keys(['example_bash_operator']) retrieved from /home/airflow/.local/lib/python3.6/site-packages/airflow/example_dags/example_bash_operator.py
[2021-05-01 05:16:18,155] {logging_mixin.py:104} INFO - [2021-05-01 05:16:18,154] {dag.py:1824} INFO - Sync 1 DAGs
[2021-05-01 05:16:18,185] {logging_mixin.py:104} INFO - [2021-05-01 05:16:18,184] {dag.py:2280} INFO - Setting next_dagrun for example_bash_operator to 2021-04-29 00:00:00+00:00
[2021-05-01 05:16:18,200] {scheduler_job.py:190} INFO - Processing /home/airflow/.local/lib/python3.6/site-packages/airflow/example_dags/example_bash_operator.py took 0.096 seconds
