[2021-05-01 04:42:50,524] {scheduler_job.py:182} INFO - Started process (PID=17774) to work on /home/airflow/.local/lib/python3.6/site-packages/airflow/example_dags/example_latest_only.py
[2021-05-01 04:42:50,535] {scheduler_job.py:629} INFO - Processing file /home/airflow/.local/lib/python3.6/site-packages/airflow/example_dags/example_latest_only.py for tasks to queue
[2021-05-01 04:42:50,537] {logging_mixin.py:104} INFO - [2021-05-01 04:42:50,537] {dagbag.py:451} INFO - Filling up the DagBag from /home/airflow/.local/lib/python3.6/site-packages/airflow/example_dags/example_latest_only.py
[2021-05-01 04:42:50,569] {scheduler_job.py:639} INFO - DAG(s) dict_keys(['latest_only']) retrieved from /home/airflow/.local/lib/python3.6/site-packages/airflow/example_dags/example_latest_only.py
[2021-05-01 04:42:50,671] {logging_mixin.py:104} INFO - [2021-05-01 04:42:50,671] {dag.py:1824} INFO - Sync 1 DAGs
[2021-05-01 04:42:50,780] {logging_mixin.py:104} INFO - [2021-05-01 04:42:50,780] {dag.py:2280} INFO - Setting next_dagrun for latest_only to 2021-04-29 00:00:00+00:00
[2021-05-01 04:42:50,842] {scheduler_job.py:190} INFO - Processing /home/airflow/.local/lib/python3.6/site-packages/airflow/example_dags/example_latest_only.py took 0.335 seconds
[2021-05-01 04:44:07,460] {scheduler_job.py:182} INFO - Started process (PID=62) to work on /home/airflow/.local/lib/python3.6/site-packages/airflow/example_dags/example_latest_only.py
[2021-05-01 04:44:07,461] {scheduler_job.py:629} INFO - Processing file /home/airflow/.local/lib/python3.6/site-packages/airflow/example_dags/example_latest_only.py for tasks to queue
[2021-05-01 04:44:07,463] {logging_mixin.py:104} INFO - [2021-05-01 04:44:07,463] {dagbag.py:451} INFO - Filling up the DagBag from /home/airflow/.local/lib/python3.6/site-packages/airflow/example_dags/example_latest_only.py
[2021-05-01 04:44:07,496] {scheduler_job.py:639} INFO - DAG(s) dict_keys(['latest_only']) retrieved from /home/airflow/.local/lib/python3.6/site-packages/airflow/example_dags/example_latest_only.py
[2021-05-01 04:44:07,542] {logging_mixin.py:104} INFO - [2021-05-01 04:44:07,541] {dag.py:1824} INFO - Sync 1 DAGs
[2021-05-01 04:44:07,585] {logging_mixin.py:104} INFO - [2021-05-01 04:44:07,585] {dag.py:2280} INFO - Setting next_dagrun for latest_only to 2021-04-29 00:00:00+00:00
[2021-05-01 04:44:07,627] {scheduler_job.py:190} INFO - Processing /home/airflow/.local/lib/python3.6/site-packages/airflow/example_dags/example_latest_only.py took 0.177 seconds
[2021-05-01 04:44:37,725] {scheduler_job.py:182} INFO - Started process (PID=95) to work on /home/airflow/.local/lib/python3.6/site-packages/airflow/example_dags/example_latest_only.py
[2021-05-01 04:44:37,727] {scheduler_job.py:629} INFO - Processing file /home/airflow/.local/lib/python3.6/site-packages/airflow/example_dags/example_latest_only.py for tasks to queue
[2021-05-01 04:44:37,728] {logging_mixin.py:104} INFO - [2021-05-01 04:44:37,728] {dagbag.py:451} INFO - Filling up the DagBag from /home/airflow/.local/lib/python3.6/site-packages/airflow/example_dags/example_latest_only.py
[2021-05-01 04:44:37,758] {scheduler_job.py:639} INFO - DAG(s) dict_keys(['latest_only']) retrieved from /home/airflow/.local/lib/python3.6/site-packages/airflow/example_dags/example_latest_only.py
[2021-05-01 04:44:37,809] {logging_mixin.py:104} INFO - [2021-05-01 04:44:37,809] {dag.py:1824} INFO - Sync 1 DAGs
[2021-05-01 04:44:37,843] {logging_mixin.py:104} INFO - [2021-05-01 04:44:37,842] {dag.py:2280} INFO - Setting next_dagrun for latest_only to 2021-04-29 00:00:00+00:00
[2021-05-01 04:44:37,859] {scheduler_job.py:190} INFO - Processing /home/airflow/.local/lib/python3.6/site-packages/airflow/example_dags/example_latest_only.py took 0.139 seconds
[2021-05-01 04:45:08,660] {scheduler_job.py:182} INFO - Started process (PID=130) to work on /home/airflow/.local/lib/python3.6/site-packages/airflow/example_dags/example_latest_only.py
[2021-05-01 04:45:08,664] {scheduler_job.py:629} INFO - Processing file /home/airflow/.local/lib/python3.6/site-packages/airflow/example_dags/example_latest_only.py for tasks to queue
[2021-05-01 04:45:08,666] {logging_mixin.py:104} INFO - [2021-05-01 04:45:08,666] {dagbag.py:451} INFO - Filling up the DagBag from /home/airflow/.local/lib/python3.6/site-packages/airflow/example_dags/example_latest_only.py
[2021-05-01 04:45:08,694] {scheduler_job.py:639} INFO - DAG(s) dict_keys(['latest_only']) retrieved from /home/airflow/.local/lib/python3.6/site-packages/airflow/example_dags/example_latest_only.py
[2021-05-01 04:45:08,735] {logging_mixin.py:104} INFO - [2021-05-01 04:45:08,734] {dag.py:1824} INFO - Sync 1 DAGs
[2021-05-01 04:45:08,784] {logging_mixin.py:104} INFO - [2021-05-01 04:45:08,784] {dag.py:2280} INFO - Setting next_dagrun for latest_only to 2021-04-29 00:00:00+00:00
[2021-05-01 04:45:08,806] {scheduler_job.py:190} INFO - Processing /home/airflow/.local/lib/python3.6/site-packages/airflow/example_dags/example_latest_only.py took 0.155 seconds
[2021-05-01 04:45:39,165] {scheduler_job.py:182} INFO - Started process (PID=161) to work on /home/airflow/.local/lib/python3.6/site-packages/airflow/example_dags/example_latest_only.py
[2021-05-01 04:45:39,166] {scheduler_job.py:629} INFO - Processing file /home/airflow/.local/lib/python3.6/site-packages/airflow/example_dags/example_latest_only.py for tasks to queue
[2021-05-01 04:45:39,167] {logging_mixin.py:104} INFO - [2021-05-01 04:45:39,167] {dagbag.py:451} INFO - Filling up the DagBag from /home/airflow/.local/lib/python3.6/site-packages/airflow/example_dags/example_latest_only.py
[2021-05-01 04:45:39,176] {scheduler_job.py:639} INFO - DAG(s) dict_keys(['latest_only']) retrieved from /home/airflow/.local/lib/python3.6/site-packages/airflow/example_dags/example_latest_only.py
[2021-05-01 04:45:39,196] {logging_mixin.py:104} INFO - [2021-05-01 04:45:39,196] {dag.py:1824} INFO - Sync 1 DAGs
[2021-05-01 04:45:39,209] {logging_mixin.py:104} INFO - [2021-05-01 04:45:39,209] {dag.py:2280} INFO - Setting next_dagrun for latest_only to 2021-04-29 00:00:00+00:00
[2021-05-01 04:45:39,217] {scheduler_job.py:190} INFO - Processing /home/airflow/.local/lib/python3.6/site-packages/airflow/example_dags/example_latest_only.py took 0.055 seconds
[2021-05-01 04:46:09,762] {scheduler_job.py:182} INFO - Started process (PID=194) to work on /home/airflow/.local/lib/python3.6/site-packages/airflow/example_dags/example_latest_only.py
[2021-05-01 04:46:09,763] {scheduler_job.py:629} INFO - Processing file /home/airflow/.local/lib/python3.6/site-packages/airflow/example_dags/example_latest_only.py for tasks to queue
[2021-05-01 04:46:09,764] {logging_mixin.py:104} INFO - [2021-05-01 04:46:09,764] {dagbag.py:451} INFO - Filling up the DagBag from /home/airflow/.local/lib/python3.6/site-packages/airflow/example_dags/example_latest_only.py
[2021-05-01 04:46:09,776] {scheduler_job.py:639} INFO - DAG(s) dict_keys(['latest_only']) retrieved from /home/airflow/.local/lib/python3.6/site-packages/airflow/example_dags/example_latest_only.py
[2021-05-01 04:46:09,798] {logging_mixin.py:104} INFO - [2021-05-01 04:46:09,798] {dag.py:1824} INFO - Sync 1 DAGs
[2021-05-01 04:46:09,815] {logging_mixin.py:104} INFO - [2021-05-01 04:46:09,815] {dag.py:2280} INFO - Setting next_dagrun for latest_only to 2021-04-29 00:00:00+00:00
[2021-05-01 04:46:09,827] {scheduler_job.py:190} INFO - Processing /home/airflow/.local/lib/python3.6/site-packages/airflow/example_dags/example_latest_only.py took 0.068 seconds
[2021-05-01 04:46:40,413] {scheduler_job.py:182} INFO - Started process (PID=227) to work on /home/airflow/.local/lib/python3.6/site-packages/airflow/example_dags/example_latest_only.py
[2021-05-01 04:46:40,414] {scheduler_job.py:629} INFO - Processing file /home/airflow/.local/lib/python3.6/site-packages/airflow/example_dags/example_latest_only.py for tasks to queue
[2021-05-01 04:46:40,415] {logging_mixin.py:104} INFO - [2021-05-01 04:46:40,415] {dagbag.py:451} INFO - Filling up the DagBag from /home/airflow/.local/lib/python3.6/site-packages/airflow/example_dags/example_latest_only.py
[2021-05-01 04:46:40,424] {scheduler_job.py:639} INFO - DAG(s) dict_keys(['latest_only']) retrieved from /home/airflow/.local/lib/python3.6/site-packages/airflow/example_dags/example_latest_only.py
[2021-05-01 04:46:40,448] {logging_mixin.py:104} INFO - [2021-05-01 04:46:40,447] {dag.py:1824} INFO - Sync 1 DAGs
[2021-05-01 04:46:40,468] {logging_mixin.py:104} INFO - [2021-05-01 04:46:40,468] {dag.py:2280} INFO - Setting next_dagrun for latest_only to 2021-04-29 00:00:00+00:00
[2021-05-01 04:46:40,478] {scheduler_job.py:190} INFO - Processing /home/airflow/.local/lib/python3.6/site-packages/airflow/example_dags/example_latest_only.py took 0.070 seconds
[2021-05-01 04:47:11,048] {scheduler_job.py:182} INFO - Started process (PID=260) to work on /home/airflow/.local/lib/python3.6/site-packages/airflow/example_dags/example_latest_only.py
[2021-05-01 04:47:11,049] {scheduler_job.py:629} INFO - Processing file /home/airflow/.local/lib/python3.6/site-packages/airflow/example_dags/example_latest_only.py for tasks to queue
[2021-05-01 04:47:11,050] {logging_mixin.py:104} INFO - [2021-05-01 04:47:11,049] {dagbag.py:451} INFO - Filling up the DagBag from /home/airflow/.local/lib/python3.6/site-packages/airflow/example_dags/example_latest_only.py
[2021-05-01 04:47:11,058] {scheduler_job.py:639} INFO - DAG(s) dict_keys(['latest_only']) retrieved from /home/airflow/.local/lib/python3.6/site-packages/airflow/example_dags/example_latest_only.py
[2021-05-01 04:47:11,076] {logging_mixin.py:104} INFO - [2021-05-01 04:47:11,075] {dag.py:1824} INFO - Sync 1 DAGs
[2021-05-01 04:47:11,092] {logging_mixin.py:104} INFO - [2021-05-01 04:47:11,092] {dag.py:2280} INFO - Setting next_dagrun for latest_only to 2021-04-29 00:00:00+00:00
[2021-05-01 04:47:11,102] {scheduler_job.py:190} INFO - Processing /home/airflow/.local/lib/python3.6/site-packages/airflow/example_dags/example_latest_only.py took 0.057 seconds
[2021-05-01 04:47:41,902] {scheduler_job.py:182} INFO - Started process (PID=293) to work on /home/airflow/.local/lib/python3.6/site-packages/airflow/example_dags/example_latest_only.py
[2021-05-01 04:47:41,903] {scheduler_job.py:629} INFO - Processing file /home/airflow/.local/lib/python3.6/site-packages/airflow/example_dags/example_latest_only.py for tasks to queue
[2021-05-01 04:47:41,904] {logging_mixin.py:104} INFO - [2021-05-01 04:47:41,904] {dagbag.py:451} INFO - Filling up the DagBag from /home/airflow/.local/lib/python3.6/site-packages/airflow/example_dags/example_latest_only.py
[2021-05-01 04:47:41,915] {scheduler_job.py:639} INFO - DAG(s) dict_keys(['latest_only']) retrieved from /home/airflow/.local/lib/python3.6/site-packages/airflow/example_dags/example_latest_only.py
[2021-05-01 04:47:41,934] {logging_mixin.py:104} INFO - [2021-05-01 04:47:41,934] {dag.py:1824} INFO - Sync 1 DAGs
[2021-05-01 04:47:41,948] {logging_mixin.py:104} INFO - [2021-05-01 04:47:41,948] {dag.py:2280} INFO - Setting next_dagrun for latest_only to 2021-04-29 00:00:00+00:00
[2021-05-01 04:47:41,962] {scheduler_job.py:190} INFO - Processing /home/airflow/.local/lib/python3.6/site-packages/airflow/example_dags/example_latest_only.py took 0.063 seconds
[2021-05-01 04:48:14,111] {scheduler_job.py:182} INFO - Started process (PID=326) to work on /home/airflow/.local/lib/python3.6/site-packages/airflow/example_dags/example_latest_only.py
[2021-05-01 04:48:14,114] {scheduler_job.py:629} INFO - Processing file /home/airflow/.local/lib/python3.6/site-packages/airflow/example_dags/example_latest_only.py for tasks to queue
[2021-05-01 04:48:14,115] {logging_mixin.py:104} INFO - [2021-05-01 04:48:14,115] {dagbag.py:451} INFO - Filling up the DagBag from /home/airflow/.local/lib/python3.6/site-packages/airflow/example_dags/example_latest_only.py
[2021-05-01 04:48:14,183] {scheduler_job.py:639} INFO - DAG(s) dict_keys(['latest_only']) retrieved from /home/airflow/.local/lib/python3.6/site-packages/airflow/example_dags/example_latest_only.py
[2021-05-01 04:48:14,300] {logging_mixin.py:104} INFO - [2021-05-01 04:48:14,300] {dag.py:1824} INFO - Sync 1 DAGs
[2021-05-01 04:48:14,378] {logging_mixin.py:104} INFO - [2021-05-01 04:48:14,377] {dag.py:2280} INFO - Setting next_dagrun for latest_only to 2021-04-29 00:00:00+00:00
[2021-05-01 04:48:14,420] {scheduler_job.py:190} INFO - Processing /home/airflow/.local/lib/python3.6/site-packages/airflow/example_dags/example_latest_only.py took 0.321 seconds
[2021-05-01 04:48:44,645] {scheduler_job.py:182} INFO - Started process (PID=359) to work on /home/airflow/.local/lib/python3.6/site-packages/airflow/example_dags/example_latest_only.py
[2021-05-01 04:48:44,646] {scheduler_job.py:629} INFO - Processing file /home/airflow/.local/lib/python3.6/site-packages/airflow/example_dags/example_latest_only.py for tasks to queue
[2021-05-01 04:48:44,647] {logging_mixin.py:104} INFO - [2021-05-01 04:48:44,647] {dagbag.py:451} INFO - Filling up the DagBag from /home/airflow/.local/lib/python3.6/site-packages/airflow/example_dags/example_latest_only.py
[2021-05-01 04:48:44,662] {scheduler_job.py:639} INFO - DAG(s) dict_keys(['latest_only']) retrieved from /home/airflow/.local/lib/python3.6/site-packages/airflow/example_dags/example_latest_only.py
[2021-05-01 04:48:44,694] {logging_mixin.py:104} INFO - [2021-05-01 04:48:44,694] {dag.py:1824} INFO - Sync 1 DAGs
[2021-05-01 04:48:44,717] {logging_mixin.py:104} INFO - [2021-05-01 04:48:44,716] {dag.py:2280} INFO - Setting next_dagrun for latest_only to 2021-04-29 00:00:00+00:00
[2021-05-01 04:48:44,731] {scheduler_job.py:190} INFO - Processing /home/airflow/.local/lib/python3.6/site-packages/airflow/example_dags/example_latest_only.py took 0.090 seconds
[2021-05-01 04:49:15,439] {scheduler_job.py:182} INFO - Started process (PID=390) to work on /home/airflow/.local/lib/python3.6/site-packages/airflow/example_dags/example_latest_only.py
[2021-05-01 04:49:15,440] {scheduler_job.py:629} INFO - Processing file /home/airflow/.local/lib/python3.6/site-packages/airflow/example_dags/example_latest_only.py for tasks to queue
[2021-05-01 04:49:15,441] {logging_mixin.py:104} INFO - [2021-05-01 04:49:15,440] {dagbag.py:451} INFO - Filling up the DagBag from /home/airflow/.local/lib/python3.6/site-packages/airflow/example_dags/example_latest_only.py
[2021-05-01 04:49:15,452] {scheduler_job.py:639} INFO - DAG(s) dict_keys(['latest_only']) retrieved from /home/airflow/.local/lib/python3.6/site-packages/airflow/example_dags/example_latest_only.py
[2021-05-01 04:49:15,478] {logging_mixin.py:104} INFO - [2021-05-01 04:49:15,478] {dag.py:1824} INFO - Sync 1 DAGs
[2021-05-01 04:49:15,496] {logging_mixin.py:104} INFO - [2021-05-01 04:49:15,496] {dag.py:2280} INFO - Setting next_dagrun for latest_only to 2021-04-29 00:00:00+00:00
[2021-05-01 04:49:15,511] {scheduler_job.py:190} INFO - Processing /home/airflow/.local/lib/python3.6/site-packages/airflow/example_dags/example_latest_only.py took 0.077 seconds
[2021-05-01 04:49:46,518] {scheduler_job.py:182} INFO - Started process (PID=423) to work on /home/airflow/.local/lib/python3.6/site-packages/airflow/example_dags/example_latest_only.py
[2021-05-01 04:49:46,521] {scheduler_job.py:629} INFO - Processing file /home/airflow/.local/lib/python3.6/site-packages/airflow/example_dags/example_latest_only.py for tasks to queue
[2021-05-01 04:49:46,523] {logging_mixin.py:104} INFO - [2021-05-01 04:49:46,522] {dagbag.py:451} INFO - Filling up the DagBag from /home/airflow/.local/lib/python3.6/site-packages/airflow/example_dags/example_latest_only.py
[2021-05-01 04:49:46,543] {scheduler_job.py:639} INFO - DAG(s) dict_keys(['latest_only']) retrieved from /home/airflow/.local/lib/python3.6/site-packages/airflow/example_dags/example_latest_only.py
[2021-05-01 04:49:46,574] {logging_mixin.py:104} INFO - [2021-05-01 04:49:46,573] {dag.py:1824} INFO - Sync 1 DAGs
[2021-05-01 04:49:46,593] {logging_mixin.py:104} INFO - [2021-05-01 04:49:46,592] {dag.py:2280} INFO - Setting next_dagrun for latest_only to 2021-04-29 00:00:00+00:00
[2021-05-01 04:49:46,604] {scheduler_job.py:190} INFO - Processing /home/airflow/.local/lib/python3.6/site-packages/airflow/example_dags/example_latest_only.py took 0.097 seconds
[2021-05-01 04:50:17,590] {scheduler_job.py:182} INFO - Started process (PID=458) to work on /home/airflow/.local/lib/python3.6/site-packages/airflow/example_dags/example_latest_only.py
[2021-05-01 04:50:17,591] {scheduler_job.py:629} INFO - Processing file /home/airflow/.local/lib/python3.6/site-packages/airflow/example_dags/example_latest_only.py for tasks to queue
[2021-05-01 04:50:17,591] {logging_mixin.py:104} INFO - [2021-05-01 04:50:17,591] {dagbag.py:451} INFO - Filling up the DagBag from /home/airflow/.local/lib/python3.6/site-packages/airflow/example_dags/example_latest_only.py
[2021-05-01 04:50:17,602] {scheduler_job.py:639} INFO - DAG(s) dict_keys(['latest_only']) retrieved from /home/airflow/.local/lib/python3.6/site-packages/airflow/example_dags/example_latest_only.py
[2021-05-01 04:50:17,622] {logging_mixin.py:104} INFO - [2021-05-01 04:50:17,622] {dag.py:1824} INFO - Sync 1 DAGs
[2021-05-01 04:50:17,638] {logging_mixin.py:104} INFO - [2021-05-01 04:50:17,637] {dag.py:2280} INFO - Setting next_dagrun for latest_only to 2021-04-29 00:00:00+00:00
[2021-05-01 04:50:17,649] {scheduler_job.py:190} INFO - Processing /home/airflow/.local/lib/python3.6/site-packages/airflow/example_dags/example_latest_only.py took 0.064 seconds
[2021-05-01 04:50:48,309] {scheduler_job.py:182} INFO - Started process (PID=491) to work on /home/airflow/.local/lib/python3.6/site-packages/airflow/example_dags/example_latest_only.py
[2021-05-01 04:50:48,310] {scheduler_job.py:629} INFO - Processing file /home/airflow/.local/lib/python3.6/site-packages/airflow/example_dags/example_latest_only.py for tasks to queue
[2021-05-01 04:50:48,310] {logging_mixin.py:104} INFO - [2021-05-01 04:50:48,310] {dagbag.py:451} INFO - Filling up the DagBag from /home/airflow/.local/lib/python3.6/site-packages/airflow/example_dags/example_latest_only.py
[2021-05-01 04:50:48,319] {scheduler_job.py:639} INFO - DAG(s) dict_keys(['latest_only']) retrieved from /home/airflow/.local/lib/python3.6/site-packages/airflow/example_dags/example_latest_only.py
[2021-05-01 04:50:48,338] {logging_mixin.py:104} INFO - [2021-05-01 04:50:48,337] {dag.py:1824} INFO - Sync 1 DAGs
[2021-05-01 04:50:48,350] {logging_mixin.py:104} INFO - [2021-05-01 04:50:48,350] {dag.py:2280} INFO - Setting next_dagrun for latest_only to 2021-04-29 00:00:00+00:00
[2021-05-01 04:50:48,362] {scheduler_job.py:190} INFO - Processing /home/airflow/.local/lib/python3.6/site-packages/airflow/example_dags/example_latest_only.py took 0.056 seconds
[2021-05-01 04:51:19,138] {scheduler_job.py:182} INFO - Started process (PID=524) to work on /home/airflow/.local/lib/python3.6/site-packages/airflow/example_dags/example_latest_only.py
[2021-05-01 04:51:19,139] {scheduler_job.py:629} INFO - Processing file /home/airflow/.local/lib/python3.6/site-packages/airflow/example_dags/example_latest_only.py for tasks to queue
[2021-05-01 04:51:19,140] {logging_mixin.py:104} INFO - [2021-05-01 04:51:19,140] {dagbag.py:451} INFO - Filling up the DagBag from /home/airflow/.local/lib/python3.6/site-packages/airflow/example_dags/example_latest_only.py
[2021-05-01 04:51:19,151] {scheduler_job.py:639} INFO - DAG(s) dict_keys(['latest_only']) retrieved from /home/airflow/.local/lib/python3.6/site-packages/airflow/example_dags/example_latest_only.py
[2021-05-01 04:51:19,179] {logging_mixin.py:104} INFO - [2021-05-01 04:51:19,179] {dag.py:1824} INFO - Sync 1 DAGs
[2021-05-01 04:51:19,200] {logging_mixin.py:104} INFO - [2021-05-01 04:51:19,200] {dag.py:2280} INFO - Setting next_dagrun for latest_only to 2021-04-29 00:00:00+00:00
[2021-05-01 04:51:19,219] {scheduler_job.py:190} INFO - Processing /home/airflow/.local/lib/python3.6/site-packages/airflow/example_dags/example_latest_only.py took 0.085 seconds
[2021-05-01 04:51:49,972] {scheduler_job.py:182} INFO - Started process (PID=557) to work on /home/airflow/.local/lib/python3.6/site-packages/airflow/example_dags/example_latest_only.py
[2021-05-01 04:51:49,974] {scheduler_job.py:629} INFO - Processing file /home/airflow/.local/lib/python3.6/site-packages/airflow/example_dags/example_latest_only.py for tasks to queue
[2021-05-01 04:51:49,975] {logging_mixin.py:104} INFO - [2021-05-01 04:51:49,975] {dagbag.py:451} INFO - Filling up the DagBag from /home/airflow/.local/lib/python3.6/site-packages/airflow/example_dags/example_latest_only.py
[2021-05-01 04:51:49,989] {scheduler_job.py:639} INFO - DAG(s) dict_keys(['latest_only']) retrieved from /home/airflow/.local/lib/python3.6/site-packages/airflow/example_dags/example_latest_only.py
[2021-05-01 04:51:50,014] {logging_mixin.py:104} INFO - [2021-05-01 04:51:50,013] {dag.py:1824} INFO - Sync 1 DAGs
[2021-05-01 04:51:50,034] {logging_mixin.py:104} INFO - [2021-05-01 04:51:50,034] {dag.py:2280} INFO - Setting next_dagrun for latest_only to 2021-04-29 00:00:00+00:00
[2021-05-01 04:51:50,051] {scheduler_job.py:190} INFO - Processing /home/airflow/.local/lib/python3.6/site-packages/airflow/example_dags/example_latest_only.py took 0.081 seconds
[2021-05-01 04:52:20,306] {scheduler_job.py:182} INFO - Started process (PID=588) to work on /home/airflow/.local/lib/python3.6/site-packages/airflow/example_dags/example_latest_only.py
[2021-05-01 04:52:20,307] {scheduler_job.py:629} INFO - Processing file /home/airflow/.local/lib/python3.6/site-packages/airflow/example_dags/example_latest_only.py for tasks to queue
[2021-05-01 04:52:20,308] {logging_mixin.py:104} INFO - [2021-05-01 04:52:20,307] {dagbag.py:451} INFO - Filling up the DagBag from /home/airflow/.local/lib/python3.6/site-packages/airflow/example_dags/example_latest_only.py
[2021-05-01 04:52:20,320] {scheduler_job.py:639} INFO - DAG(s) dict_keys(['latest_only']) retrieved from /home/airflow/.local/lib/python3.6/site-packages/airflow/example_dags/example_latest_only.py
[2021-05-01 04:52:20,344] {logging_mixin.py:104} INFO - [2021-05-01 04:52:20,344] {dag.py:1824} INFO - Sync 1 DAGs
[2021-05-01 04:52:20,359] {logging_mixin.py:104} INFO - [2021-05-01 04:52:20,359] {dag.py:2280} INFO - Setting next_dagrun for latest_only to 2021-04-29 00:00:00+00:00
[2021-05-01 04:52:20,371] {scheduler_job.py:190} INFO - Processing /home/airflow/.local/lib/python3.6/site-packages/airflow/example_dags/example_latest_only.py took 0.068 seconds
[2021-05-01 04:52:51,397] {scheduler_job.py:182} INFO - Started process (PID=623) to work on /home/airflow/.local/lib/python3.6/site-packages/airflow/example_dags/example_latest_only.py
[2021-05-01 04:52:51,398] {scheduler_job.py:629} INFO - Processing file /home/airflow/.local/lib/python3.6/site-packages/airflow/example_dags/example_latest_only.py for tasks to queue
[2021-05-01 04:52:51,399] {logging_mixin.py:104} INFO - [2021-05-01 04:52:51,399] {dagbag.py:451} INFO - Filling up the DagBag from /home/airflow/.local/lib/python3.6/site-packages/airflow/example_dags/example_latest_only.py
[2021-05-01 04:52:51,411] {scheduler_job.py:639} INFO - DAG(s) dict_keys(['latest_only']) retrieved from /home/airflow/.local/lib/python3.6/site-packages/airflow/example_dags/example_latest_only.py
[2021-05-01 04:52:51,434] {logging_mixin.py:104} INFO - [2021-05-01 04:52:51,434] {dag.py:1824} INFO - Sync 1 DAGs
[2021-05-01 04:52:51,451] {logging_mixin.py:104} INFO - [2021-05-01 04:52:51,451] {dag.py:2280} INFO - Setting next_dagrun for latest_only to 2021-04-29 00:00:00+00:00
[2021-05-01 04:52:51,463] {scheduler_job.py:190} INFO - Processing /home/airflow/.local/lib/python3.6/site-packages/airflow/example_dags/example_latest_only.py took 0.070 seconds
[2021-05-01 04:53:22,078] {scheduler_job.py:182} INFO - Started process (PID=656) to work on /home/airflow/.local/lib/python3.6/site-packages/airflow/example_dags/example_latest_only.py
[2021-05-01 04:53:22,080] {scheduler_job.py:629} INFO - Processing file /home/airflow/.local/lib/python3.6/site-packages/airflow/example_dags/example_latest_only.py for tasks to queue
[2021-05-01 04:53:22,081] {logging_mixin.py:104} INFO - [2021-05-01 04:53:22,081] {dagbag.py:451} INFO - Filling up the DagBag from /home/airflow/.local/lib/python3.6/site-packages/airflow/example_dags/example_latest_only.py
[2021-05-01 04:53:22,095] {scheduler_job.py:639} INFO - DAG(s) dict_keys(['latest_only']) retrieved from /home/airflow/.local/lib/python3.6/site-packages/airflow/example_dags/example_latest_only.py
[2021-05-01 04:53:22,115] {logging_mixin.py:104} INFO - [2021-05-01 04:53:22,115] {dag.py:1824} INFO - Sync 1 DAGs
[2021-05-01 04:53:22,131] {logging_mixin.py:104} INFO - [2021-05-01 04:53:22,131] {dag.py:2280} INFO - Setting next_dagrun for latest_only to 2021-04-29 00:00:00+00:00
[2021-05-01 04:53:22,145] {scheduler_job.py:190} INFO - Processing /home/airflow/.local/lib/python3.6/site-packages/airflow/example_dags/example_latest_only.py took 0.073 seconds
[2021-05-01 04:53:52,772] {scheduler_job.py:182} INFO - Started process (PID=689) to work on /home/airflow/.local/lib/python3.6/site-packages/airflow/example_dags/example_latest_only.py
[2021-05-01 04:53:52,774] {scheduler_job.py:629} INFO - Processing file /home/airflow/.local/lib/python3.6/site-packages/airflow/example_dags/example_latest_only.py for tasks to queue
[2021-05-01 04:53:52,776] {logging_mixin.py:104} INFO - [2021-05-01 04:53:52,775] {dagbag.py:451} INFO - Filling up the DagBag from /home/airflow/.local/lib/python3.6/site-packages/airflow/example_dags/example_latest_only.py
[2021-05-01 04:53:52,793] {scheduler_job.py:639} INFO - DAG(s) dict_keys(['latest_only']) retrieved from /home/airflow/.local/lib/python3.6/site-packages/airflow/example_dags/example_latest_only.py
[2021-05-01 04:53:52,813] {logging_mixin.py:104} INFO - [2021-05-01 04:53:52,813] {dag.py:1824} INFO - Sync 1 DAGs
[2021-05-01 04:53:52,828] {logging_mixin.py:104} INFO - [2021-05-01 04:53:52,828] {dag.py:2280} INFO - Setting next_dagrun for latest_only to 2021-04-29 00:00:00+00:00
[2021-05-01 04:53:52,840] {scheduler_job.py:190} INFO - Processing /home/airflow/.local/lib/python3.6/site-packages/airflow/example_dags/example_latest_only.py took 0.072 seconds
[2021-05-01 04:54:23,612] {scheduler_job.py:182} INFO - Started process (PID=722) to work on /home/airflow/.local/lib/python3.6/site-packages/airflow/example_dags/example_latest_only.py
[2021-05-01 04:54:23,613] {scheduler_job.py:629} INFO - Processing file /home/airflow/.local/lib/python3.6/site-packages/airflow/example_dags/example_latest_only.py for tasks to queue
[2021-05-01 04:54:23,614] {logging_mixin.py:104} INFO - [2021-05-01 04:54:23,614] {dagbag.py:451} INFO - Filling up the DagBag from /home/airflow/.local/lib/python3.6/site-packages/airflow/example_dags/example_latest_only.py
[2021-05-01 04:54:23,628] {scheduler_job.py:639} INFO - DAG(s) dict_keys(['latest_only']) retrieved from /home/airflow/.local/lib/python3.6/site-packages/airflow/example_dags/example_latest_only.py
[2021-05-01 04:54:23,657] {logging_mixin.py:104} INFO - [2021-05-01 04:54:23,657] {dag.py:1824} INFO - Sync 1 DAGs
[2021-05-01 04:54:23,677] {logging_mixin.py:104} INFO - [2021-05-01 04:54:23,677] {dag.py:2280} INFO - Setting next_dagrun for latest_only to 2021-04-29 00:00:00+00:00
[2021-05-01 04:54:23,688] {scheduler_job.py:190} INFO - Processing /home/airflow/.local/lib/python3.6/site-packages/airflow/example_dags/example_latest_only.py took 0.080 seconds
[2021-05-01 04:54:54,290] {scheduler_job.py:182} INFO - Started process (PID=755) to work on /home/airflow/.local/lib/python3.6/site-packages/airflow/example_dags/example_latest_only.py
[2021-05-01 04:54:54,292] {scheduler_job.py:629} INFO - Processing file /home/airflow/.local/lib/python3.6/site-packages/airflow/example_dags/example_latest_only.py for tasks to queue
[2021-05-01 04:54:54,293] {logging_mixin.py:104} INFO - [2021-05-01 04:54:54,292] {dagbag.py:451} INFO - Filling up the DagBag from /home/airflow/.local/lib/python3.6/site-packages/airflow/example_dags/example_latest_only.py
[2021-05-01 04:54:54,306] {scheduler_job.py:639} INFO - DAG(s) dict_keys(['latest_only']) retrieved from /home/airflow/.local/lib/python3.6/site-packages/airflow/example_dags/example_latest_only.py
[2021-05-01 04:54:54,330] {logging_mixin.py:104} INFO - [2021-05-01 04:54:54,330] {dag.py:1824} INFO - Sync 1 DAGs
[2021-05-01 04:54:54,352] {logging_mixin.py:104} INFO - [2021-05-01 04:54:54,352] {dag.py:2280} INFO - Setting next_dagrun for latest_only to 2021-04-29 00:00:00+00:00
[2021-05-01 04:54:54,365] {scheduler_job.py:190} INFO - Processing /home/airflow/.local/lib/python3.6/site-packages/airflow/example_dags/example_latest_only.py took 0.083 seconds
[2021-05-01 04:55:24,937] {scheduler_job.py:182} INFO - Started process (PID=788) to work on /home/airflow/.local/lib/python3.6/site-packages/airflow/example_dags/example_latest_only.py
[2021-05-01 04:55:24,939] {scheduler_job.py:629} INFO - Processing file /home/airflow/.local/lib/python3.6/site-packages/airflow/example_dags/example_latest_only.py for tasks to queue
[2021-05-01 04:55:24,940] {logging_mixin.py:104} INFO - [2021-05-01 04:55:24,940] {dagbag.py:451} INFO - Filling up the DagBag from /home/airflow/.local/lib/python3.6/site-packages/airflow/example_dags/example_latest_only.py
[2021-05-01 04:55:24,953] {scheduler_job.py:639} INFO - DAG(s) dict_keys(['latest_only']) retrieved from /home/airflow/.local/lib/python3.6/site-packages/airflow/example_dags/example_latest_only.py
[2021-05-01 04:55:24,980] {logging_mixin.py:104} INFO - [2021-05-01 04:55:24,979] {dag.py:1824} INFO - Sync 1 DAGs
[2021-05-01 04:55:24,996] {logging_mixin.py:104} INFO - [2021-05-01 04:55:24,996] {dag.py:2280} INFO - Setting next_dagrun for latest_only to 2021-04-29 00:00:00+00:00
[2021-05-01 04:55:25,010] {scheduler_job.py:190} INFO - Processing /home/airflow/.local/lib/python3.6/site-packages/airflow/example_dags/example_latest_only.py took 0.077 seconds
[2021-05-01 04:55:55,805] {scheduler_job.py:182} INFO - Started process (PID=821) to work on /home/airflow/.local/lib/python3.6/site-packages/airflow/example_dags/example_latest_only.py
[2021-05-01 04:55:55,807] {scheduler_job.py:629} INFO - Processing file /home/airflow/.local/lib/python3.6/site-packages/airflow/example_dags/example_latest_only.py for tasks to queue
[2021-05-01 04:55:55,809] {logging_mixin.py:104} INFO - [2021-05-01 04:55:55,809] {dagbag.py:451} INFO - Filling up the DagBag from /home/airflow/.local/lib/python3.6/site-packages/airflow/example_dags/example_latest_only.py
[2021-05-01 04:55:55,821] {scheduler_job.py:639} INFO - DAG(s) dict_keys(['latest_only']) retrieved from /home/airflow/.local/lib/python3.6/site-packages/airflow/example_dags/example_latest_only.py
[2021-05-01 04:55:55,847] {logging_mixin.py:104} INFO - [2021-05-01 04:55:55,847] {dag.py:1824} INFO - Sync 1 DAGs
[2021-05-01 04:55:55,865] {logging_mixin.py:104} INFO - [2021-05-01 04:55:55,865] {dag.py:2280} INFO - Setting next_dagrun for latest_only to 2021-04-29 00:00:00+00:00
[2021-05-01 04:55:55,879] {scheduler_job.py:190} INFO - Processing /home/airflow/.local/lib/python3.6/site-packages/airflow/example_dags/example_latest_only.py took 0.078 seconds
[2021-05-01 04:56:26,575] {scheduler_job.py:182} INFO - Started process (PID=854) to work on /home/airflow/.local/lib/python3.6/site-packages/airflow/example_dags/example_latest_only.py
[2021-05-01 04:56:26,577] {scheduler_job.py:629} INFO - Processing file /home/airflow/.local/lib/python3.6/site-packages/airflow/example_dags/example_latest_only.py for tasks to queue
[2021-05-01 04:56:26,578] {logging_mixin.py:104} INFO - [2021-05-01 04:56:26,578] {dagbag.py:451} INFO - Filling up the DagBag from /home/airflow/.local/lib/python3.6/site-packages/airflow/example_dags/example_latest_only.py
[2021-05-01 04:56:26,592] {scheduler_job.py:639} INFO - DAG(s) dict_keys(['latest_only']) retrieved from /home/airflow/.local/lib/python3.6/site-packages/airflow/example_dags/example_latest_only.py
[2021-05-01 04:56:26,620] {logging_mixin.py:104} INFO - [2021-05-01 04:56:26,620] {dag.py:1824} INFO - Sync 1 DAGs
[2021-05-01 04:56:26,644] {logging_mixin.py:104} INFO - [2021-05-01 04:56:26,643] {dag.py:2280} INFO - Setting next_dagrun for latest_only to 2021-04-29 00:00:00+00:00
[2021-05-01 04:56:26,660] {scheduler_job.py:190} INFO - Processing /home/airflow/.local/lib/python3.6/site-packages/airflow/example_dags/example_latest_only.py took 0.091 seconds
[2021-05-01 04:56:57,317] {scheduler_job.py:182} INFO - Started process (PID=887) to work on /home/airflow/.local/lib/python3.6/site-packages/airflow/example_dags/example_latest_only.py
[2021-05-01 04:56:57,318] {scheduler_job.py:629} INFO - Processing file /home/airflow/.local/lib/python3.6/site-packages/airflow/example_dags/example_latest_only.py for tasks to queue
[2021-05-01 04:56:57,318] {logging_mixin.py:104} INFO - [2021-05-01 04:56:57,318] {dagbag.py:451} INFO - Filling up the DagBag from /home/airflow/.local/lib/python3.6/site-packages/airflow/example_dags/example_latest_only.py
[2021-05-01 04:56:57,327] {scheduler_job.py:639} INFO - DAG(s) dict_keys(['latest_only']) retrieved from /home/airflow/.local/lib/python3.6/site-packages/airflow/example_dags/example_latest_only.py
[2021-05-01 04:56:57,349] {logging_mixin.py:104} INFO - [2021-05-01 04:56:57,349] {dag.py:1824} INFO - Sync 1 DAGs
[2021-05-01 04:56:57,363] {logging_mixin.py:104} INFO - [2021-05-01 04:56:57,363] {dag.py:2280} INFO - Setting next_dagrun for latest_only to 2021-04-29 00:00:00+00:00
[2021-05-01 04:56:57,374] {scheduler_job.py:190} INFO - Processing /home/airflow/.local/lib/python3.6/site-packages/airflow/example_dags/example_latest_only.py took 0.060 seconds
[2021-05-01 04:57:28,046] {scheduler_job.py:182} INFO - Started process (PID=920) to work on /home/airflow/.local/lib/python3.6/site-packages/airflow/example_dags/example_latest_only.py
[2021-05-01 04:57:28,047] {scheduler_job.py:629} INFO - Processing file /home/airflow/.local/lib/python3.6/site-packages/airflow/example_dags/example_latest_only.py for tasks to queue
[2021-05-01 04:57:28,048] {logging_mixin.py:104} INFO - [2021-05-01 04:57:28,048] {dagbag.py:451} INFO - Filling up the DagBag from /home/airflow/.local/lib/python3.6/site-packages/airflow/example_dags/example_latest_only.py
[2021-05-01 04:57:28,060] {scheduler_job.py:639} INFO - DAG(s) dict_keys(['latest_only']) retrieved from /home/airflow/.local/lib/python3.6/site-packages/airflow/example_dags/example_latest_only.py
[2021-05-01 04:57:28,094] {logging_mixin.py:104} INFO - [2021-05-01 04:57:28,094] {dag.py:1824} INFO - Sync 1 DAGs
[2021-05-01 04:57:28,116] {logging_mixin.py:104} INFO - [2021-05-01 04:57:28,116] {dag.py:2280} INFO - Setting next_dagrun for latest_only to 2021-04-29 00:00:00+00:00
[2021-05-01 04:57:28,128] {scheduler_job.py:190} INFO - Processing /home/airflow/.local/lib/python3.6/site-packages/airflow/example_dags/example_latest_only.py took 0.085 seconds
[2021-05-01 04:57:58,451] {scheduler_job.py:182} INFO - Started process (PID=951) to work on /home/airflow/.local/lib/python3.6/site-packages/airflow/example_dags/example_latest_only.py
[2021-05-01 04:57:58,453] {scheduler_job.py:629} INFO - Processing file /home/airflow/.local/lib/python3.6/site-packages/airflow/example_dags/example_latest_only.py for tasks to queue
[2021-05-01 04:57:58,454] {logging_mixin.py:104} INFO - [2021-05-01 04:57:58,454] {dagbag.py:451} INFO - Filling up the DagBag from /home/airflow/.local/lib/python3.6/site-packages/airflow/example_dags/example_latest_only.py
[2021-05-01 04:57:58,469] {scheduler_job.py:639} INFO - DAG(s) dict_keys(['latest_only']) retrieved from /home/airflow/.local/lib/python3.6/site-packages/airflow/example_dags/example_latest_only.py
[2021-05-01 04:57:58,497] {logging_mixin.py:104} INFO - [2021-05-01 04:57:58,496] {dag.py:1824} INFO - Sync 1 DAGs
[2021-05-01 04:57:58,517] {logging_mixin.py:104} INFO - [2021-05-01 04:57:58,517] {dag.py:2280} INFO - Setting next_dagrun for latest_only to 2021-04-29 00:00:00+00:00
[2021-05-01 04:57:58,530] {scheduler_job.py:190} INFO - Processing /home/airflow/.local/lib/python3.6/site-packages/airflow/example_dags/example_latest_only.py took 0.084 seconds
[2021-05-01 04:58:29,537] {scheduler_job.py:182} INFO - Started process (PID=986) to work on /home/airflow/.local/lib/python3.6/site-packages/airflow/example_dags/example_latest_only.py
[2021-05-01 04:58:29,538] {scheduler_job.py:629} INFO - Processing file /home/airflow/.local/lib/python3.6/site-packages/airflow/example_dags/example_latest_only.py for tasks to queue
[2021-05-01 04:58:29,539] {logging_mixin.py:104} INFO - [2021-05-01 04:58:29,538] {dagbag.py:451} INFO - Filling up the DagBag from /home/airflow/.local/lib/python3.6/site-packages/airflow/example_dags/example_latest_only.py
[2021-05-01 04:58:29,549] {scheduler_job.py:639} INFO - DAG(s) dict_keys(['latest_only']) retrieved from /home/airflow/.local/lib/python3.6/site-packages/airflow/example_dags/example_latest_only.py
[2021-05-01 04:58:29,567] {logging_mixin.py:104} INFO - [2021-05-01 04:58:29,567] {dag.py:1824} INFO - Sync 1 DAGs
[2021-05-01 04:58:29,580] {logging_mixin.py:104} INFO - [2021-05-01 04:58:29,580] {dag.py:2280} INFO - Setting next_dagrun for latest_only to 2021-04-29 00:00:00+00:00
[2021-05-01 04:58:29,592] {scheduler_job.py:190} INFO - Processing /home/airflow/.local/lib/python3.6/site-packages/airflow/example_dags/example_latest_only.py took 0.058 seconds
[2021-05-01 04:58:59,977] {scheduler_job.py:182} INFO - Started process (PID=1021) to work on /home/airflow/.local/lib/python3.6/site-packages/airflow/example_dags/example_latest_only.py
[2021-05-01 04:58:59,979] {scheduler_job.py:629} INFO - Processing file /home/airflow/.local/lib/python3.6/site-packages/airflow/example_dags/example_latest_only.py for tasks to queue
[2021-05-01 04:58:59,980] {logging_mixin.py:104} INFO - [2021-05-01 04:58:59,980] {dagbag.py:451} INFO - Filling up the DagBag from /home/airflow/.local/lib/python3.6/site-packages/airflow/example_dags/example_latest_only.py
[2021-05-01 04:58:59,995] {scheduler_job.py:639} INFO - DAG(s) dict_keys(['latest_only']) retrieved from /home/airflow/.local/lib/python3.6/site-packages/airflow/example_dags/example_latest_only.py
[2021-05-01 04:59:00,027] {logging_mixin.py:104} INFO - [2021-05-01 04:59:00,027] {dag.py:1824} INFO - Sync 1 DAGs
[2021-05-01 04:59:00,051] {logging_mixin.py:104} INFO - [2021-05-01 04:59:00,051] {dag.py:2280} INFO - Setting next_dagrun for latest_only to 2021-04-29 00:00:00+00:00
[2021-05-01 04:59:00,065] {scheduler_job.py:190} INFO - Processing /home/airflow/.local/lib/python3.6/site-packages/airflow/example_dags/example_latest_only.py took 0.096 seconds
[2021-05-01 04:59:30,090] {scheduler_job.py:182} INFO - Started process (PID=1053) to work on /home/airflow/.local/lib/python3.6/site-packages/airflow/example_dags/example_latest_only.py
[2021-05-01 04:59:30,092] {scheduler_job.py:629} INFO - Processing file /home/airflow/.local/lib/python3.6/site-packages/airflow/example_dags/example_latest_only.py for tasks to queue
[2021-05-01 04:59:30,093] {logging_mixin.py:104} INFO - [2021-05-01 04:59:30,093] {dagbag.py:451} INFO - Filling up the DagBag from /home/airflow/.local/lib/python3.6/site-packages/airflow/example_dags/example_latest_only.py
[2021-05-01 04:59:30,108] {scheduler_job.py:639} INFO - DAG(s) dict_keys(['latest_only']) retrieved from /home/airflow/.local/lib/python3.6/site-packages/airflow/example_dags/example_latest_only.py
[2021-05-01 04:59:30,132] {logging_mixin.py:104} INFO - [2021-05-01 04:59:30,132] {dag.py:1824} INFO - Sync 1 DAGs
[2021-05-01 04:59:30,159] {logging_mixin.py:104} INFO - [2021-05-01 04:59:30,159] {dag.py:2280} INFO - Setting next_dagrun for latest_only to 2021-04-29 00:00:00+00:00
[2021-05-01 04:59:30,181] {scheduler_job.py:190} INFO - Processing /home/airflow/.local/lib/python3.6/site-packages/airflow/example_dags/example_latest_only.py took 0.102 seconds
[2021-05-01 05:00:00,987] {scheduler_job.py:182} INFO - Started process (PID=1085) to work on /home/airflow/.local/lib/python3.6/site-packages/airflow/example_dags/example_latest_only.py
[2021-05-01 05:00:00,989] {scheduler_job.py:629} INFO - Processing file /home/airflow/.local/lib/python3.6/site-packages/airflow/example_dags/example_latest_only.py for tasks to queue
[2021-05-01 05:00:00,990] {logging_mixin.py:104} INFO - [2021-05-01 05:00:00,989] {dagbag.py:451} INFO - Filling up the DagBag from /home/airflow/.local/lib/python3.6/site-packages/airflow/example_dags/example_latest_only.py
[2021-05-01 05:00:01,004] {scheduler_job.py:639} INFO - DAG(s) dict_keys(['latest_only']) retrieved from /home/airflow/.local/lib/python3.6/site-packages/airflow/example_dags/example_latest_only.py
[2021-05-01 05:00:01,025] {logging_mixin.py:104} INFO - [2021-05-01 05:00:01,025] {dag.py:1824} INFO - Sync 1 DAGs
[2021-05-01 05:00:01,042] {logging_mixin.py:104} INFO - [2021-05-01 05:00:01,042] {dag.py:2280} INFO - Setting next_dagrun for latest_only to 2021-04-29 00:00:00+00:00
[2021-05-01 05:00:01,054] {scheduler_job.py:190} INFO - Processing /home/airflow/.local/lib/python3.6/site-packages/airflow/example_dags/example_latest_only.py took 0.071 seconds
[2021-05-01 05:00:31,855] {scheduler_job.py:182} INFO - Started process (PID=1118) to work on /home/airflow/.local/lib/python3.6/site-packages/airflow/example_dags/example_latest_only.py
[2021-05-01 05:00:31,856] {scheduler_job.py:629} INFO - Processing file /home/airflow/.local/lib/python3.6/site-packages/airflow/example_dags/example_latest_only.py for tasks to queue
[2021-05-01 05:00:31,857] {logging_mixin.py:104} INFO - [2021-05-01 05:00:31,857] {dagbag.py:451} INFO - Filling up the DagBag from /home/airflow/.local/lib/python3.6/site-packages/airflow/example_dags/example_latest_only.py
[2021-05-01 05:00:31,868] {scheduler_job.py:639} INFO - DAG(s) dict_keys(['latest_only']) retrieved from /home/airflow/.local/lib/python3.6/site-packages/airflow/example_dags/example_latest_only.py
[2021-05-01 05:00:31,890] {logging_mixin.py:104} INFO - [2021-05-01 05:00:31,890] {dag.py:1824} INFO - Sync 1 DAGs
[2021-05-01 05:00:31,905] {logging_mixin.py:104} INFO - [2021-05-01 05:00:31,905] {dag.py:2280} INFO - Setting next_dagrun for latest_only to 2021-04-29 00:00:00+00:00
[2021-05-01 05:00:31,919] {scheduler_job.py:190} INFO - Processing /home/airflow/.local/lib/python3.6/site-packages/airflow/example_dags/example_latest_only.py took 0.068 seconds
[2021-05-01 05:01:02,557] {scheduler_job.py:182} INFO - Started process (PID=1151) to work on /home/airflow/.local/lib/python3.6/site-packages/airflow/example_dags/example_latest_only.py
[2021-05-01 05:01:02,558] {scheduler_job.py:629} INFO - Processing file /home/airflow/.local/lib/python3.6/site-packages/airflow/example_dags/example_latest_only.py for tasks to queue
[2021-05-01 05:01:02,559] {logging_mixin.py:104} INFO - [2021-05-01 05:01:02,559] {dagbag.py:451} INFO - Filling up the DagBag from /home/airflow/.local/lib/python3.6/site-packages/airflow/example_dags/example_latest_only.py
[2021-05-01 05:01:02,575] {scheduler_job.py:639} INFO - DAG(s) dict_keys(['latest_only']) retrieved from /home/airflow/.local/lib/python3.6/site-packages/airflow/example_dags/example_latest_only.py
[2021-05-01 05:01:02,596] {logging_mixin.py:104} INFO - [2021-05-01 05:01:02,596] {dag.py:1824} INFO - Sync 1 DAGs
[2021-05-01 05:01:02,619] {logging_mixin.py:104} INFO - [2021-05-01 05:01:02,619] {dag.py:2280} INFO - Setting next_dagrun for latest_only to 2021-04-29 00:00:00+00:00
[2021-05-01 05:01:02,634] {scheduler_job.py:190} INFO - Processing /home/airflow/.local/lib/python3.6/site-packages/airflow/example_dags/example_latest_only.py took 0.081 seconds
[2021-05-01 05:01:33,260] {scheduler_job.py:182} INFO - Started process (PID=1184) to work on /home/airflow/.local/lib/python3.6/site-packages/airflow/example_dags/example_latest_only.py
[2021-05-01 05:01:33,264] {scheduler_job.py:629} INFO - Processing file /home/airflow/.local/lib/python3.6/site-packages/airflow/example_dags/example_latest_only.py for tasks to queue
[2021-05-01 05:01:33,265] {logging_mixin.py:104} INFO - [2021-05-01 05:01:33,265] {dagbag.py:451} INFO - Filling up the DagBag from /home/airflow/.local/lib/python3.6/site-packages/airflow/example_dags/example_latest_only.py
[2021-05-01 05:01:33,276] {scheduler_job.py:639} INFO - DAG(s) dict_keys(['latest_only']) retrieved from /home/airflow/.local/lib/python3.6/site-packages/airflow/example_dags/example_latest_only.py
[2021-05-01 05:01:33,302] {logging_mixin.py:104} INFO - [2021-05-01 05:01:33,302] {dag.py:1824} INFO - Sync 1 DAGs
[2021-05-01 05:01:33,323] {logging_mixin.py:104} INFO - [2021-05-01 05:01:33,323] {dag.py:2280} INFO - Setting next_dagrun for latest_only to 2021-04-29 00:00:00+00:00
[2021-05-01 05:01:33,337] {scheduler_job.py:190} INFO - Processing /home/airflow/.local/lib/python3.6/site-packages/airflow/example_dags/example_latest_only.py took 0.081 seconds
[2021-05-01 05:02:04,098] {scheduler_job.py:182} INFO - Started process (PID=1217) to work on /home/airflow/.local/lib/python3.6/site-packages/airflow/example_dags/example_latest_only.py
[2021-05-01 05:02:04,100] {scheduler_job.py:629} INFO - Processing file /home/airflow/.local/lib/python3.6/site-packages/airflow/example_dags/example_latest_only.py for tasks to queue
[2021-05-01 05:02:04,101] {logging_mixin.py:104} INFO - [2021-05-01 05:02:04,101] {dagbag.py:451} INFO - Filling up the DagBag from /home/airflow/.local/lib/python3.6/site-packages/airflow/example_dags/example_latest_only.py
[2021-05-01 05:02:04,114] {scheduler_job.py:639} INFO - DAG(s) dict_keys(['latest_only']) retrieved from /home/airflow/.local/lib/python3.6/site-packages/airflow/example_dags/example_latest_only.py
[2021-05-01 05:02:04,134] {logging_mixin.py:104} INFO - [2021-05-01 05:02:04,134] {dag.py:1824} INFO - Sync 1 DAGs
[2021-05-01 05:02:04,151] {logging_mixin.py:104} INFO - [2021-05-01 05:02:04,151] {dag.py:2280} INFO - Setting next_dagrun for latest_only to 2021-04-29 00:00:00+00:00
[2021-05-01 05:02:04,163] {scheduler_job.py:190} INFO - Processing /home/airflow/.local/lib/python3.6/site-packages/airflow/example_dags/example_latest_only.py took 0.069 seconds
[2021-05-01 05:02:34,770] {scheduler_job.py:182} INFO - Started process (PID=1250) to work on /home/airflow/.local/lib/python3.6/site-packages/airflow/example_dags/example_latest_only.py
[2021-05-01 05:02:34,772] {scheduler_job.py:629} INFO - Processing file /home/airflow/.local/lib/python3.6/site-packages/airflow/example_dags/example_latest_only.py for tasks to queue
[2021-05-01 05:02:34,772] {logging_mixin.py:104} INFO - [2021-05-01 05:02:34,772] {dagbag.py:451} INFO - Filling up the DagBag from /home/airflow/.local/lib/python3.6/site-packages/airflow/example_dags/example_latest_only.py
[2021-05-01 05:02:34,785] {scheduler_job.py:639} INFO - DAG(s) dict_keys(['latest_only']) retrieved from /home/airflow/.local/lib/python3.6/site-packages/airflow/example_dags/example_latest_only.py
[2021-05-01 05:02:34,810] {logging_mixin.py:104} INFO - [2021-05-01 05:02:34,810] {dag.py:1824} INFO - Sync 1 DAGs
[2021-05-01 05:02:34,831] {logging_mixin.py:104} INFO - [2021-05-01 05:02:34,830] {dag.py:2280} INFO - Setting next_dagrun for latest_only to 2021-04-29 00:00:00+00:00
[2021-05-01 05:02:34,844] {scheduler_job.py:190} INFO - Processing /home/airflow/.local/lib/python3.6/site-packages/airflow/example_dags/example_latest_only.py took 0.079 seconds
[2021-05-01 05:03:05,495] {scheduler_job.py:182} INFO - Started process (PID=1283) to work on /home/airflow/.local/lib/python3.6/site-packages/airflow/example_dags/example_latest_only.py
[2021-05-01 05:03:05,496] {scheduler_job.py:629} INFO - Processing file /home/airflow/.local/lib/python3.6/site-packages/airflow/example_dags/example_latest_only.py for tasks to queue
[2021-05-01 05:03:05,497] {logging_mixin.py:104} INFO - [2021-05-01 05:03:05,497] {dagbag.py:451} INFO - Filling up the DagBag from /home/airflow/.local/lib/python3.6/site-packages/airflow/example_dags/example_latest_only.py
[2021-05-01 05:03:05,508] {scheduler_job.py:639} INFO - DAG(s) dict_keys(['latest_only']) retrieved from /home/airflow/.local/lib/python3.6/site-packages/airflow/example_dags/example_latest_only.py
[2021-05-01 05:03:05,528] {logging_mixin.py:104} INFO - [2021-05-01 05:03:05,527] {dag.py:1824} INFO - Sync 1 DAGs
[2021-05-01 05:03:05,543] {logging_mixin.py:104} INFO - [2021-05-01 05:03:05,543] {dag.py:2280} INFO - Setting next_dagrun for latest_only to 2021-04-29 00:00:00+00:00
[2021-05-01 05:03:05,557] {scheduler_job.py:190} INFO - Processing /home/airflow/.local/lib/python3.6/site-packages/airflow/example_dags/example_latest_only.py took 0.066 seconds
[2021-05-01 05:03:36,242] {scheduler_job.py:182} INFO - Started process (PID=1316) to work on /home/airflow/.local/lib/python3.6/site-packages/airflow/example_dags/example_latest_only.py
[2021-05-01 05:03:36,244] {scheduler_job.py:629} INFO - Processing file /home/airflow/.local/lib/python3.6/site-packages/airflow/example_dags/example_latest_only.py for tasks to queue
[2021-05-01 05:03:36,245] {logging_mixin.py:104} INFO - [2021-05-01 05:03:36,244] {dagbag.py:451} INFO - Filling up the DagBag from /home/airflow/.local/lib/python3.6/site-packages/airflow/example_dags/example_latest_only.py
[2021-05-01 05:03:36,257] {scheduler_job.py:639} INFO - DAG(s) dict_keys(['latest_only']) retrieved from /home/airflow/.local/lib/python3.6/site-packages/airflow/example_dags/example_latest_only.py
[2021-05-01 05:03:36,281] {logging_mixin.py:104} INFO - [2021-05-01 05:03:36,281] {dag.py:1824} INFO - Sync 1 DAGs
[2021-05-01 05:03:36,311] {logging_mixin.py:104} INFO - [2021-05-01 05:03:36,311] {dag.py:2280} INFO - Setting next_dagrun for latest_only to 2021-04-29 00:00:00+00:00
[2021-05-01 05:03:36,327] {scheduler_job.py:190} INFO - Processing /home/airflow/.local/lib/python3.6/site-packages/airflow/example_dags/example_latest_only.py took 0.089 seconds
[2021-05-01 05:04:06,926] {scheduler_job.py:182} INFO - Started process (PID=1349) to work on /home/airflow/.local/lib/python3.6/site-packages/airflow/example_dags/example_latest_only.py
[2021-05-01 05:04:06,928] {scheduler_job.py:629} INFO - Processing file /home/airflow/.local/lib/python3.6/site-packages/airflow/example_dags/example_latest_only.py for tasks to queue
[2021-05-01 05:04:06,928] {logging_mixin.py:104} INFO - [2021-05-01 05:04:06,928] {dagbag.py:451} INFO - Filling up the DagBag from /home/airflow/.local/lib/python3.6/site-packages/airflow/example_dags/example_latest_only.py
[2021-05-01 05:04:06,940] {scheduler_job.py:639} INFO - DAG(s) dict_keys(['latest_only']) retrieved from /home/airflow/.local/lib/python3.6/site-packages/airflow/example_dags/example_latest_only.py
[2021-05-01 05:04:06,959] {logging_mixin.py:104} INFO - [2021-05-01 05:04:06,959] {dag.py:1824} INFO - Sync 1 DAGs
[2021-05-01 05:04:06,972] {logging_mixin.py:104} INFO - [2021-05-01 05:04:06,971] {dag.py:2280} INFO - Setting next_dagrun for latest_only to 2021-04-29 00:00:00+00:00
[2021-05-01 05:04:06,984] {scheduler_job.py:190} INFO - Processing /home/airflow/.local/lib/python3.6/site-packages/airflow/example_dags/example_latest_only.py took 0.061 seconds
[2021-05-01 05:04:37,382] {scheduler_job.py:182} INFO - Started process (PID=1384) to work on /home/airflow/.local/lib/python3.6/site-packages/airflow/example_dags/example_latest_only.py
[2021-05-01 05:04:37,384] {scheduler_job.py:629} INFO - Processing file /home/airflow/.local/lib/python3.6/site-packages/airflow/example_dags/example_latest_only.py for tasks to queue
[2021-05-01 05:04:37,386] {logging_mixin.py:104} INFO - [2021-05-01 05:04:37,385] {dagbag.py:451} INFO - Filling up the DagBag from /home/airflow/.local/lib/python3.6/site-packages/airflow/example_dags/example_latest_only.py
[2021-05-01 05:04:37,400] {scheduler_job.py:639} INFO - DAG(s) dict_keys(['latest_only']) retrieved from /home/airflow/.local/lib/python3.6/site-packages/airflow/example_dags/example_latest_only.py
[2021-05-01 05:04:37,427] {logging_mixin.py:104} INFO - [2021-05-01 05:04:37,427] {dag.py:1824} INFO - Sync 1 DAGs
[2021-05-01 05:04:37,444] {logging_mixin.py:104} INFO - [2021-05-01 05:04:37,444] {dag.py:2280} INFO - Setting next_dagrun for latest_only to 2021-04-29 00:00:00+00:00
[2021-05-01 05:04:37,458] {scheduler_job.py:190} INFO - Processing /home/airflow/.local/lib/python3.6/site-packages/airflow/example_dags/example_latest_only.py took 0.079 seconds
[2021-05-01 05:05:07,562] {scheduler_job.py:182} INFO - Started process (PID=1417) to work on /home/airflow/.local/lib/python3.6/site-packages/airflow/example_dags/example_latest_only.py
[2021-05-01 05:05:07,563] {scheduler_job.py:629} INFO - Processing file /home/airflow/.local/lib/python3.6/site-packages/airflow/example_dags/example_latest_only.py for tasks to queue
[2021-05-01 05:05:07,564] {logging_mixin.py:104} INFO - [2021-05-01 05:05:07,564] {dagbag.py:451} INFO - Filling up the DagBag from /home/airflow/.local/lib/python3.6/site-packages/airflow/example_dags/example_latest_only.py
[2021-05-01 05:05:07,576] {scheduler_job.py:639} INFO - DAG(s) dict_keys(['latest_only']) retrieved from /home/airflow/.local/lib/python3.6/site-packages/airflow/example_dags/example_latest_only.py
[2021-05-01 05:05:07,596] {logging_mixin.py:104} INFO - [2021-05-01 05:05:07,596] {dag.py:1824} INFO - Sync 1 DAGs
[2021-05-01 05:05:07,614] {logging_mixin.py:104} INFO - [2021-05-01 05:05:07,613] {dag.py:2280} INFO - Setting next_dagrun for latest_only to 2021-04-29 00:00:00+00:00
[2021-05-01 05:05:07,631] {scheduler_job.py:190} INFO - Processing /home/airflow/.local/lib/python3.6/site-packages/airflow/example_dags/example_latest_only.py took 0.073 seconds
[2021-05-01 05:05:38,173] {scheduler_job.py:182} INFO - Started process (PID=1448) to work on /home/airflow/.local/lib/python3.6/site-packages/airflow/example_dags/example_latest_only.py
[2021-05-01 05:05:38,173] {scheduler_job.py:629} INFO - Processing file /home/airflow/.local/lib/python3.6/site-packages/airflow/example_dags/example_latest_only.py for tasks to queue
[2021-05-01 05:05:38,174] {logging_mixin.py:104} INFO - [2021-05-01 05:05:38,174] {dagbag.py:451} INFO - Filling up the DagBag from /home/airflow/.local/lib/python3.6/site-packages/airflow/example_dags/example_latest_only.py
[2021-05-01 05:05:38,184] {scheduler_job.py:639} INFO - DAG(s) dict_keys(['latest_only']) retrieved from /home/airflow/.local/lib/python3.6/site-packages/airflow/example_dags/example_latest_only.py
[2021-05-01 05:05:38,202] {logging_mixin.py:104} INFO - [2021-05-01 05:05:38,202] {dag.py:1824} INFO - Sync 1 DAGs
[2021-05-01 05:05:38,218] {logging_mixin.py:104} INFO - [2021-05-01 05:05:38,217] {dag.py:2280} INFO - Setting next_dagrun for latest_only to 2021-04-29 00:00:00+00:00
[2021-05-01 05:05:38,229] {scheduler_job.py:190} INFO - Processing /home/airflow/.local/lib/python3.6/site-packages/airflow/example_dags/example_latest_only.py took 0.060 seconds
[2021-05-01 05:06:08,857] {scheduler_job.py:182} INFO - Started process (PID=1481) to work on /home/airflow/.local/lib/python3.6/site-packages/airflow/example_dags/example_latest_only.py
[2021-05-01 05:06:08,859] {scheduler_job.py:629} INFO - Processing file /home/airflow/.local/lib/python3.6/site-packages/airflow/example_dags/example_latest_only.py for tasks to queue
[2021-05-01 05:06:08,860] {logging_mixin.py:104} INFO - [2021-05-01 05:06:08,860] {dagbag.py:451} INFO - Filling up the DagBag from /home/airflow/.local/lib/python3.6/site-packages/airflow/example_dags/example_latest_only.py
[2021-05-01 05:06:08,869] {scheduler_job.py:639} INFO - DAG(s) dict_keys(['latest_only']) retrieved from /home/airflow/.local/lib/python3.6/site-packages/airflow/example_dags/example_latest_only.py
[2021-05-01 05:06:08,897] {logging_mixin.py:104} INFO - [2021-05-01 05:06:08,897] {dag.py:1824} INFO - Sync 1 DAGs
[2021-05-01 05:06:08,919] {logging_mixin.py:104} INFO - [2021-05-01 05:06:08,919] {dag.py:2280} INFO - Setting next_dagrun for latest_only to 2021-04-29 00:00:00+00:00
[2021-05-01 05:06:08,933] {scheduler_job.py:190} INFO - Processing /home/airflow/.local/lib/python3.6/site-packages/airflow/example_dags/example_latest_only.py took 0.079 seconds
[2021-05-01 05:06:39,569] {scheduler_job.py:182} INFO - Started process (PID=1514) to work on /home/airflow/.local/lib/python3.6/site-packages/airflow/example_dags/example_latest_only.py
[2021-05-01 05:06:39,570] {scheduler_job.py:629} INFO - Processing file /home/airflow/.local/lib/python3.6/site-packages/airflow/example_dags/example_latest_only.py for tasks to queue
[2021-05-01 05:06:39,572] {logging_mixin.py:104} INFO - [2021-05-01 05:06:39,571] {dagbag.py:451} INFO - Filling up the DagBag from /home/airflow/.local/lib/python3.6/site-packages/airflow/example_dags/example_latest_only.py
[2021-05-01 05:06:39,583] {scheduler_job.py:639} INFO - DAG(s) dict_keys(['latest_only']) retrieved from /home/airflow/.local/lib/python3.6/site-packages/airflow/example_dags/example_latest_only.py
[2021-05-01 05:06:39,607] {logging_mixin.py:104} INFO - [2021-05-01 05:06:39,606] {dag.py:1824} INFO - Sync 1 DAGs
[2021-05-01 05:06:39,629] {logging_mixin.py:104} INFO - [2021-05-01 05:06:39,628] {dag.py:2280} INFO - Setting next_dagrun for latest_only to 2021-04-29 00:00:00+00:00
[2021-05-01 05:06:39,645] {scheduler_job.py:190} INFO - Processing /home/airflow/.local/lib/python3.6/site-packages/airflow/example_dags/example_latest_only.py took 0.080 seconds
[2021-05-01 05:07:10,228] {scheduler_job.py:182} INFO - Started process (PID=1547) to work on /home/airflow/.local/lib/python3.6/site-packages/airflow/example_dags/example_latest_only.py
[2021-05-01 05:07:10,230] {scheduler_job.py:629} INFO - Processing file /home/airflow/.local/lib/python3.6/site-packages/airflow/example_dags/example_latest_only.py for tasks to queue
[2021-05-01 05:07:10,231] {logging_mixin.py:104} INFO - [2021-05-01 05:07:10,231] {dagbag.py:451} INFO - Filling up the DagBag from /home/airflow/.local/lib/python3.6/site-packages/airflow/example_dags/example_latest_only.py
[2021-05-01 05:07:10,245] {scheduler_job.py:639} INFO - DAG(s) dict_keys(['latest_only']) retrieved from /home/airflow/.local/lib/python3.6/site-packages/airflow/example_dags/example_latest_only.py
[2021-05-01 05:07:10,270] {logging_mixin.py:104} INFO - [2021-05-01 05:07:10,270] {dag.py:1824} INFO - Sync 1 DAGs
[2021-05-01 05:07:10,288] {logging_mixin.py:104} INFO - [2021-05-01 05:07:10,288] {dag.py:2280} INFO - Setting next_dagrun for latest_only to 2021-04-29 00:00:00+00:00
[2021-05-01 05:07:10,300] {scheduler_job.py:190} INFO - Processing /home/airflow/.local/lib/python3.6/site-packages/airflow/example_dags/example_latest_only.py took 0.076 seconds
[2021-05-01 05:07:40,933] {scheduler_job.py:182} INFO - Started process (PID=1580) to work on /home/airflow/.local/lib/python3.6/site-packages/airflow/example_dags/example_latest_only.py
[2021-05-01 05:07:40,935] {scheduler_job.py:629} INFO - Processing file /home/airflow/.local/lib/python3.6/site-packages/airflow/example_dags/example_latest_only.py for tasks to queue
[2021-05-01 05:07:40,936] {logging_mixin.py:104} INFO - [2021-05-01 05:07:40,935] {dagbag.py:451} INFO - Filling up the DagBag from /home/airflow/.local/lib/python3.6/site-packages/airflow/example_dags/example_latest_only.py
[2021-05-01 05:07:40,946] {scheduler_job.py:639} INFO - DAG(s) dict_keys(['latest_only']) retrieved from /home/airflow/.local/lib/python3.6/site-packages/airflow/example_dags/example_latest_only.py
[2021-05-01 05:07:40,966] {logging_mixin.py:104} INFO - [2021-05-01 05:07:40,966] {dag.py:1824} INFO - Sync 1 DAGs
[2021-05-01 05:07:40,983] {logging_mixin.py:104} INFO - [2021-05-01 05:07:40,983] {dag.py:2280} INFO - Setting next_dagrun for latest_only to 2021-04-29 00:00:00+00:00
[2021-05-01 05:07:40,999] {scheduler_job.py:190} INFO - Processing /home/airflow/.local/lib/python3.6/site-packages/airflow/example_dags/example_latest_only.py took 0.070 seconds
[2021-05-01 05:08:11,536] {scheduler_job.py:182} INFO - Started process (PID=1613) to work on /home/airflow/.local/lib/python3.6/site-packages/airflow/example_dags/example_latest_only.py
[2021-05-01 05:08:11,537] {scheduler_job.py:629} INFO - Processing file /home/airflow/.local/lib/python3.6/site-packages/airflow/example_dags/example_latest_only.py for tasks to queue
[2021-05-01 05:08:11,537] {logging_mixin.py:104} INFO - [2021-05-01 05:08:11,537] {dagbag.py:451} INFO - Filling up the DagBag from /home/airflow/.local/lib/python3.6/site-packages/airflow/example_dags/example_latest_only.py
[2021-05-01 05:08:11,547] {scheduler_job.py:639} INFO - DAG(s) dict_keys(['latest_only']) retrieved from /home/airflow/.local/lib/python3.6/site-packages/airflow/example_dags/example_latest_only.py
[2021-05-01 05:08:11,567] {logging_mixin.py:104} INFO - [2021-05-01 05:08:11,566] {dag.py:1824} INFO - Sync 1 DAGs
[2021-05-01 05:08:11,581] {logging_mixin.py:104} INFO - [2021-05-01 05:08:11,581] {dag.py:2280} INFO - Setting next_dagrun for latest_only to 2021-04-29 00:00:00+00:00
[2021-05-01 05:08:11,593] {scheduler_job.py:190} INFO - Processing /home/airflow/.local/lib/python3.6/site-packages/airflow/example_dags/example_latest_only.py took 0.060 seconds
[2021-05-01 05:08:42,251] {scheduler_job.py:182} INFO - Started process (PID=1646) to work on /home/airflow/.local/lib/python3.6/site-packages/airflow/example_dags/example_latest_only.py
[2021-05-01 05:08:42,253] {scheduler_job.py:629} INFO - Processing file /home/airflow/.local/lib/python3.6/site-packages/airflow/example_dags/example_latest_only.py for tasks to queue
[2021-05-01 05:08:42,254] {logging_mixin.py:104} INFO - [2021-05-01 05:08:42,254] {dagbag.py:451} INFO - Filling up the DagBag from /home/airflow/.local/lib/python3.6/site-packages/airflow/example_dags/example_latest_only.py
[2021-05-01 05:08:42,270] {scheduler_job.py:639} INFO - DAG(s) dict_keys(['latest_only']) retrieved from /home/airflow/.local/lib/python3.6/site-packages/airflow/example_dags/example_latest_only.py
[2021-05-01 05:08:42,295] {logging_mixin.py:104} INFO - [2021-05-01 05:08:42,295] {dag.py:1824} INFO - Sync 1 DAGs
[2021-05-01 05:08:42,314] {logging_mixin.py:104} INFO - [2021-05-01 05:08:42,314] {dag.py:2280} INFO - Setting next_dagrun for latest_only to 2021-04-29 00:00:00+00:00
[2021-05-01 05:08:42,330] {scheduler_job.py:190} INFO - Processing /home/airflow/.local/lib/python3.6/site-packages/airflow/example_dags/example_latest_only.py took 0.082 seconds
[2021-05-01 05:09:12,975] {scheduler_job.py:182} INFO - Started process (PID=1679) to work on /home/airflow/.local/lib/python3.6/site-packages/airflow/example_dags/example_latest_only.py
[2021-05-01 05:09:12,976] {scheduler_job.py:629} INFO - Processing file /home/airflow/.local/lib/python3.6/site-packages/airflow/example_dags/example_latest_only.py for tasks to queue
[2021-05-01 05:09:12,977] {logging_mixin.py:104} INFO - [2021-05-01 05:09:12,977] {dagbag.py:451} INFO - Filling up the DagBag from /home/airflow/.local/lib/python3.6/site-packages/airflow/example_dags/example_latest_only.py
[2021-05-01 05:09:12,987] {scheduler_job.py:639} INFO - DAG(s) dict_keys(['latest_only']) retrieved from /home/airflow/.local/lib/python3.6/site-packages/airflow/example_dags/example_latest_only.py
[2021-05-01 05:09:13,011] {logging_mixin.py:104} INFO - [2021-05-01 05:09:13,011] {dag.py:1824} INFO - Sync 1 DAGs
[2021-05-01 05:09:13,029] {logging_mixin.py:104} INFO - [2021-05-01 05:09:13,029] {dag.py:2280} INFO - Setting next_dagrun for latest_only to 2021-04-29 00:00:00+00:00
[2021-05-01 05:09:13,045] {scheduler_job.py:190} INFO - Processing /home/airflow/.local/lib/python3.6/site-packages/airflow/example_dags/example_latest_only.py took 0.074 seconds
[2021-05-01 05:09:43,713] {scheduler_job.py:182} INFO - Started process (PID=1712) to work on /home/airflow/.local/lib/python3.6/site-packages/airflow/example_dags/example_latest_only.py
[2021-05-01 05:09:43,715] {scheduler_job.py:629} INFO - Processing file /home/airflow/.local/lib/python3.6/site-packages/airflow/example_dags/example_latest_only.py for tasks to queue
[2021-05-01 05:09:43,716] {logging_mixin.py:104} INFO - [2021-05-01 05:09:43,715] {dagbag.py:451} INFO - Filling up the DagBag from /home/airflow/.local/lib/python3.6/site-packages/airflow/example_dags/example_latest_only.py
[2021-05-01 05:09:43,731] {scheduler_job.py:639} INFO - DAG(s) dict_keys(['latest_only']) retrieved from /home/airflow/.local/lib/python3.6/site-packages/airflow/example_dags/example_latest_only.py
[2021-05-01 05:09:43,758] {logging_mixin.py:104} INFO - [2021-05-01 05:09:43,758] {dag.py:1824} INFO - Sync 1 DAGs
[2021-05-01 05:09:43,778] {logging_mixin.py:104} INFO - [2021-05-01 05:09:43,778] {dag.py:2280} INFO - Setting next_dagrun for latest_only to 2021-04-29 00:00:00+00:00
[2021-05-01 05:09:43,793] {scheduler_job.py:190} INFO - Processing /home/airflow/.local/lib/python3.6/site-packages/airflow/example_dags/example_latest_only.py took 0.085 seconds
[2021-05-01 05:10:14,504] {scheduler_job.py:182} INFO - Started process (PID=1745) to work on /home/airflow/.local/lib/python3.6/site-packages/airflow/example_dags/example_latest_only.py
[2021-05-01 05:10:14,506] {scheduler_job.py:629} INFO - Processing file /home/airflow/.local/lib/python3.6/site-packages/airflow/example_dags/example_latest_only.py for tasks to queue
[2021-05-01 05:10:14,507] {logging_mixin.py:104} INFO - [2021-05-01 05:10:14,507] {dagbag.py:451} INFO - Filling up the DagBag from /home/airflow/.local/lib/python3.6/site-packages/airflow/example_dags/example_latest_only.py
[2021-05-01 05:10:14,524] {scheduler_job.py:639} INFO - DAG(s) dict_keys(['latest_only']) retrieved from /home/airflow/.local/lib/python3.6/site-packages/airflow/example_dags/example_latest_only.py
[2021-05-01 05:10:14,546] {logging_mixin.py:104} INFO - [2021-05-01 05:10:14,546] {dag.py:1824} INFO - Sync 1 DAGs
[2021-05-01 05:10:14,562] {logging_mixin.py:104} INFO - [2021-05-01 05:10:14,561] {dag.py:2280} INFO - Setting next_dagrun for latest_only to 2021-04-29 00:00:00+00:00
[2021-05-01 05:10:14,574] {scheduler_job.py:190} INFO - Processing /home/airflow/.local/lib/python3.6/site-packages/airflow/example_dags/example_latest_only.py took 0.073 seconds
[2021-05-01 05:10:45,165] {scheduler_job.py:182} INFO - Started process (PID=1778) to work on /home/airflow/.local/lib/python3.6/site-packages/airflow/example_dags/example_latest_only.py
[2021-05-01 05:10:45,166] {scheduler_job.py:629} INFO - Processing file /home/airflow/.local/lib/python3.6/site-packages/airflow/example_dags/example_latest_only.py for tasks to queue
[2021-05-01 05:10:45,167] {logging_mixin.py:104} INFO - [2021-05-01 05:10:45,167] {dagbag.py:451} INFO - Filling up the DagBag from /home/airflow/.local/lib/python3.6/site-packages/airflow/example_dags/example_latest_only.py
[2021-05-01 05:10:45,178] {scheduler_job.py:639} INFO - DAG(s) dict_keys(['latest_only']) retrieved from /home/airflow/.local/lib/python3.6/site-packages/airflow/example_dags/example_latest_only.py
[2021-05-01 05:10:45,196] {logging_mixin.py:104} INFO - [2021-05-01 05:10:45,196] {dag.py:1824} INFO - Sync 1 DAGs
[2021-05-01 05:10:45,212] {logging_mixin.py:104} INFO - [2021-05-01 05:10:45,212] {dag.py:2280} INFO - Setting next_dagrun for latest_only to 2021-04-29 00:00:00+00:00
[2021-05-01 05:10:45,235] {scheduler_job.py:190} INFO - Processing /home/airflow/.local/lib/python3.6/site-packages/airflow/example_dags/example_latest_only.py took 0.073 seconds
[2021-05-01 05:11:15,884] {scheduler_job.py:182} INFO - Started process (PID=1811) to work on /home/airflow/.local/lib/python3.6/site-packages/airflow/example_dags/example_latest_only.py
[2021-05-01 05:11:15,886] {scheduler_job.py:629} INFO - Processing file /home/airflow/.local/lib/python3.6/site-packages/airflow/example_dags/example_latest_only.py for tasks to queue
[2021-05-01 05:11:15,887] {logging_mixin.py:104} INFO - [2021-05-01 05:11:15,887] {dagbag.py:451} INFO - Filling up the DagBag from /home/airflow/.local/lib/python3.6/site-packages/airflow/example_dags/example_latest_only.py
[2021-05-01 05:11:15,903] {scheduler_job.py:639} INFO - DAG(s) dict_keys(['latest_only']) retrieved from /home/airflow/.local/lib/python3.6/site-packages/airflow/example_dags/example_latest_only.py
[2021-05-01 05:11:15,929] {logging_mixin.py:104} INFO - [2021-05-01 05:11:15,929] {dag.py:1824} INFO - Sync 1 DAGs
[2021-05-01 05:11:15,955] {logging_mixin.py:104} INFO - [2021-05-01 05:11:15,955] {dag.py:2280} INFO - Setting next_dagrun for latest_only to 2021-04-29 00:00:00+00:00
[2021-05-01 05:11:15,968] {scheduler_job.py:190} INFO - Processing /home/airflow/.local/lib/python3.6/site-packages/airflow/example_dags/example_latest_only.py took 0.090 seconds
[2021-05-01 05:11:46,729] {scheduler_job.py:182} INFO - Started process (PID=1844) to work on /home/airflow/.local/lib/python3.6/site-packages/airflow/example_dags/example_latest_only.py
[2021-05-01 05:11:46,731] {scheduler_job.py:629} INFO - Processing file /home/airflow/.local/lib/python3.6/site-packages/airflow/example_dags/example_latest_only.py for tasks to queue
[2021-05-01 05:11:46,732] {logging_mixin.py:104} INFO - [2021-05-01 05:11:46,731] {dagbag.py:451} INFO - Filling up the DagBag from /home/airflow/.local/lib/python3.6/site-packages/airflow/example_dags/example_latest_only.py
[2021-05-01 05:11:46,745] {scheduler_job.py:639} INFO - DAG(s) dict_keys(['latest_only']) retrieved from /home/airflow/.local/lib/python3.6/site-packages/airflow/example_dags/example_latest_only.py
[2021-05-01 05:11:46,764] {logging_mixin.py:104} INFO - [2021-05-01 05:11:46,764] {dag.py:1824} INFO - Sync 1 DAGs
[2021-05-01 05:11:46,781] {logging_mixin.py:104} INFO - [2021-05-01 05:11:46,780] {dag.py:2280} INFO - Setting next_dagrun for latest_only to 2021-04-29 00:00:00+00:00
[2021-05-01 05:11:46,793] {scheduler_job.py:190} INFO - Processing /home/airflow/.local/lib/python3.6/site-packages/airflow/example_dags/example_latest_only.py took 0.067 seconds
[2021-05-01 05:12:17,361] {scheduler_job.py:182} INFO - Started process (PID=1877) to work on /home/airflow/.local/lib/python3.6/site-packages/airflow/example_dags/example_latest_only.py
[2021-05-01 05:12:17,362] {scheduler_job.py:629} INFO - Processing file /home/airflow/.local/lib/python3.6/site-packages/airflow/example_dags/example_latest_only.py for tasks to queue
[2021-05-01 05:12:17,364] {logging_mixin.py:104} INFO - [2021-05-01 05:12:17,363] {dagbag.py:451} INFO - Filling up the DagBag from /home/airflow/.local/lib/python3.6/site-packages/airflow/example_dags/example_latest_only.py
[2021-05-01 05:12:17,375] {scheduler_job.py:639} INFO - DAG(s) dict_keys(['latest_only']) retrieved from /home/airflow/.local/lib/python3.6/site-packages/airflow/example_dags/example_latest_only.py
[2021-05-01 05:12:17,397] {logging_mixin.py:104} INFO - [2021-05-01 05:12:17,397] {dag.py:1824} INFO - Sync 1 DAGs
[2021-05-01 05:12:17,414] {logging_mixin.py:104} INFO - [2021-05-01 05:12:17,413] {dag.py:2280} INFO - Setting next_dagrun for latest_only to 2021-04-29 00:00:00+00:00
[2021-05-01 05:12:17,428] {scheduler_job.py:190} INFO - Processing /home/airflow/.local/lib/python3.6/site-packages/airflow/example_dags/example_latest_only.py took 0.072 seconds
[2021-05-01 05:12:48,081] {scheduler_job.py:182} INFO - Started process (PID=1910) to work on /home/airflow/.local/lib/python3.6/site-packages/airflow/example_dags/example_latest_only.py
[2021-05-01 05:12:48,083] {scheduler_job.py:629} INFO - Processing file /home/airflow/.local/lib/python3.6/site-packages/airflow/example_dags/example_latest_only.py for tasks to queue
[2021-05-01 05:12:48,084] {logging_mixin.py:104} INFO - [2021-05-01 05:12:48,084] {dagbag.py:451} INFO - Filling up the DagBag from /home/airflow/.local/lib/python3.6/site-packages/airflow/example_dags/example_latest_only.py
[2021-05-01 05:12:48,097] {scheduler_job.py:639} INFO - DAG(s) dict_keys(['latest_only']) retrieved from /home/airflow/.local/lib/python3.6/site-packages/airflow/example_dags/example_latest_only.py
[2021-05-01 05:12:48,118] {logging_mixin.py:104} INFO - [2021-05-01 05:12:48,118] {dag.py:1824} INFO - Sync 1 DAGs
[2021-05-01 05:12:48,132] {logging_mixin.py:104} INFO - [2021-05-01 05:12:48,132] {dag.py:2280} INFO - Setting next_dagrun for latest_only to 2021-04-29 00:00:00+00:00
[2021-05-01 05:12:48,148] {scheduler_job.py:190} INFO - Processing /home/airflow/.local/lib/python3.6/site-packages/airflow/example_dags/example_latest_only.py took 0.071 seconds
[2021-05-01 05:13:18,742] {scheduler_job.py:182} INFO - Started process (PID=1943) to work on /home/airflow/.local/lib/python3.6/site-packages/airflow/example_dags/example_latest_only.py
[2021-05-01 05:13:18,744] {scheduler_job.py:629} INFO - Processing file /home/airflow/.local/lib/python3.6/site-packages/airflow/example_dags/example_latest_only.py for tasks to queue
[2021-05-01 05:13:18,745] {logging_mixin.py:104} INFO - [2021-05-01 05:13:18,745] {dagbag.py:451} INFO - Filling up the DagBag from /home/airflow/.local/lib/python3.6/site-packages/airflow/example_dags/example_latest_only.py
[2021-05-01 05:13:18,763] {scheduler_job.py:639} INFO - DAG(s) dict_keys(['latest_only']) retrieved from /home/airflow/.local/lib/python3.6/site-packages/airflow/example_dags/example_latest_only.py
[2021-05-01 05:13:18,790] {logging_mixin.py:104} INFO - [2021-05-01 05:13:18,790] {dag.py:1824} INFO - Sync 1 DAGs
[2021-05-01 05:13:18,808] {logging_mixin.py:104} INFO - [2021-05-01 05:13:18,807] {dag.py:2280} INFO - Setting next_dagrun for latest_only to 2021-04-29 00:00:00+00:00
[2021-05-01 05:13:18,821] {scheduler_job.py:190} INFO - Processing /home/airflow/.local/lib/python3.6/site-packages/airflow/example_dags/example_latest_only.py took 0.083 seconds
[2021-05-01 05:13:49,381] {scheduler_job.py:182} INFO - Started process (PID=1976) to work on /home/airflow/.local/lib/python3.6/site-packages/airflow/example_dags/example_latest_only.py
[2021-05-01 05:13:49,382] {scheduler_job.py:629} INFO - Processing file /home/airflow/.local/lib/python3.6/site-packages/airflow/example_dags/example_latest_only.py for tasks to queue
[2021-05-01 05:13:49,383] {logging_mixin.py:104} INFO - [2021-05-01 05:13:49,383] {dagbag.py:451} INFO - Filling up the DagBag from /home/airflow/.local/lib/python3.6/site-packages/airflow/example_dags/example_latest_only.py
[2021-05-01 05:13:49,393] {scheduler_job.py:639} INFO - DAG(s) dict_keys(['latest_only']) retrieved from /home/airflow/.local/lib/python3.6/site-packages/airflow/example_dags/example_latest_only.py
[2021-05-01 05:13:49,418] {logging_mixin.py:104} INFO - [2021-05-01 05:13:49,418] {dag.py:1824} INFO - Sync 1 DAGs
[2021-05-01 05:13:49,433] {logging_mixin.py:104} INFO - [2021-05-01 05:13:49,433] {dag.py:2280} INFO - Setting next_dagrun for latest_only to 2021-04-29 00:00:00+00:00
[2021-05-01 05:13:49,459] {scheduler_job.py:190} INFO - Processing /home/airflow/.local/lib/python3.6/site-packages/airflow/example_dags/example_latest_only.py took 0.082 seconds
[2021-05-01 05:14:20,129] {scheduler_job.py:182} INFO - Started process (PID=2009) to work on /home/airflow/.local/lib/python3.6/site-packages/airflow/example_dags/example_latest_only.py
[2021-05-01 05:14:20,130] {scheduler_job.py:629} INFO - Processing file /home/airflow/.local/lib/python3.6/site-packages/airflow/example_dags/example_latest_only.py for tasks to queue
[2021-05-01 05:14:20,131] {logging_mixin.py:104} INFO - [2021-05-01 05:14:20,131] {dagbag.py:451} INFO - Filling up the DagBag from /home/airflow/.local/lib/python3.6/site-packages/airflow/example_dags/example_latest_only.py
[2021-05-01 05:14:20,148] {scheduler_job.py:639} INFO - DAG(s) dict_keys(['latest_only']) retrieved from /home/airflow/.local/lib/python3.6/site-packages/airflow/example_dags/example_latest_only.py
[2021-05-01 05:14:20,170] {logging_mixin.py:104} INFO - [2021-05-01 05:14:20,170] {dag.py:1824} INFO - Sync 1 DAGs
[2021-05-01 05:14:20,188] {logging_mixin.py:104} INFO - [2021-05-01 05:14:20,187] {dag.py:2280} INFO - Setting next_dagrun for latest_only to 2021-04-29 00:00:00+00:00
[2021-05-01 05:14:20,198] {scheduler_job.py:190} INFO - Processing /home/airflow/.local/lib/python3.6/site-packages/airflow/example_dags/example_latest_only.py took 0.072 seconds
[2021-05-01 05:14:50,684] {scheduler_job.py:182} INFO - Started process (PID=2042) to work on /home/airflow/.local/lib/python3.6/site-packages/airflow/example_dags/example_latest_only.py
[2021-05-01 05:14:50,685] {scheduler_job.py:629} INFO - Processing file /home/airflow/.local/lib/python3.6/site-packages/airflow/example_dags/example_latest_only.py for tasks to queue
[2021-05-01 05:14:50,685] {logging_mixin.py:104} INFO - [2021-05-01 05:14:50,685] {dagbag.py:451} INFO - Filling up the DagBag from /home/airflow/.local/lib/python3.6/site-packages/airflow/example_dags/example_latest_only.py
[2021-05-01 05:14:50,696] {scheduler_job.py:639} INFO - DAG(s) dict_keys(['latest_only']) retrieved from /home/airflow/.local/lib/python3.6/site-packages/airflow/example_dags/example_latest_only.py
[2021-05-01 05:14:50,721] {logging_mixin.py:104} INFO - [2021-05-01 05:14:50,721] {dag.py:1824} INFO - Sync 1 DAGs
[2021-05-01 05:14:50,736] {logging_mixin.py:104} INFO - [2021-05-01 05:14:50,736] {dag.py:2280} INFO - Setting next_dagrun for latest_only to 2021-04-29 00:00:00+00:00
[2021-05-01 05:14:50,752] {scheduler_job.py:190} INFO - Processing /home/airflow/.local/lib/python3.6/site-packages/airflow/example_dags/example_latest_only.py took 0.071 seconds
[2021-05-01 05:15:21,260] {scheduler_job.py:182} INFO - Started process (PID=2075) to work on /home/airflow/.local/lib/python3.6/site-packages/airflow/example_dags/example_latest_only.py
[2021-05-01 05:15:21,261] {scheduler_job.py:629} INFO - Processing file /home/airflow/.local/lib/python3.6/site-packages/airflow/example_dags/example_latest_only.py for tasks to queue
[2021-05-01 05:15:21,262] {logging_mixin.py:104} INFO - [2021-05-01 05:15:21,262] {dagbag.py:451} INFO - Filling up the DagBag from /home/airflow/.local/lib/python3.6/site-packages/airflow/example_dags/example_latest_only.py
[2021-05-01 05:15:21,272] {scheduler_job.py:639} INFO - DAG(s) dict_keys(['latest_only']) retrieved from /home/airflow/.local/lib/python3.6/site-packages/airflow/example_dags/example_latest_only.py
[2021-05-01 05:15:21,297] {logging_mixin.py:104} INFO - [2021-05-01 05:15:21,296] {dag.py:1824} INFO - Sync 1 DAGs
[2021-05-01 05:15:21,314] {logging_mixin.py:104} INFO - [2021-05-01 05:15:21,314] {dag.py:2280} INFO - Setting next_dagrun for latest_only to 2021-04-29 00:00:00+00:00
[2021-05-01 05:15:21,328] {scheduler_job.py:190} INFO - Processing /home/airflow/.local/lib/python3.6/site-packages/airflow/example_dags/example_latest_only.py took 0.071 seconds
[2021-05-01 05:15:51,969] {scheduler_job.py:182} INFO - Started process (PID=2108) to work on /home/airflow/.local/lib/python3.6/site-packages/airflow/example_dags/example_latest_only.py
[2021-05-01 05:15:51,971] {scheduler_job.py:629} INFO - Processing file /home/airflow/.local/lib/python3.6/site-packages/airflow/example_dags/example_latest_only.py for tasks to queue
[2021-05-01 05:15:51,971] {logging_mixin.py:104} INFO - [2021-05-01 05:15:51,971] {dagbag.py:451} INFO - Filling up the DagBag from /home/airflow/.local/lib/python3.6/site-packages/airflow/example_dags/example_latest_only.py
[2021-05-01 05:15:51,982] {scheduler_job.py:639} INFO - DAG(s) dict_keys(['latest_only']) retrieved from /home/airflow/.local/lib/python3.6/site-packages/airflow/example_dags/example_latest_only.py
[2021-05-01 05:15:52,006] {logging_mixin.py:104} INFO - [2021-05-01 05:15:52,006] {dag.py:1824} INFO - Sync 1 DAGs
[2021-05-01 05:15:52,022] {logging_mixin.py:104} INFO - [2021-05-01 05:15:52,022] {dag.py:2280} INFO - Setting next_dagrun for latest_only to 2021-04-29 00:00:00+00:00
[2021-05-01 05:15:52,036] {scheduler_job.py:190} INFO - Processing /home/airflow/.local/lib/python3.6/site-packages/airflow/example_dags/example_latest_only.py took 0.070 seconds
[2021-05-01 05:16:22,689] {scheduler_job.py:182} INFO - Started process (PID=2141) to work on /home/airflow/.local/lib/python3.6/site-packages/airflow/example_dags/example_latest_only.py
[2021-05-01 05:16:22,691] {scheduler_job.py:629} INFO - Processing file /home/airflow/.local/lib/python3.6/site-packages/airflow/example_dags/example_latest_only.py for tasks to queue
[2021-05-01 05:16:22,692] {logging_mixin.py:104} INFO - [2021-05-01 05:16:22,692] {dagbag.py:451} INFO - Filling up the DagBag from /home/airflow/.local/lib/python3.6/site-packages/airflow/example_dags/example_latest_only.py
[2021-05-01 05:16:22,703] {scheduler_job.py:639} INFO - DAG(s) dict_keys(['latest_only']) retrieved from /home/airflow/.local/lib/python3.6/site-packages/airflow/example_dags/example_latest_only.py
[2021-05-01 05:16:22,725] {logging_mixin.py:104} INFO - [2021-05-01 05:16:22,725] {dag.py:1824} INFO - Sync 1 DAGs
[2021-05-01 05:16:22,741] {logging_mixin.py:104} INFO - [2021-05-01 05:16:22,741] {dag.py:2280} INFO - Setting next_dagrun for latest_only to 2021-04-29 00:00:00+00:00
[2021-05-01 05:16:22,755] {scheduler_job.py:190} INFO - Processing /home/airflow/.local/lib/python3.6/site-packages/airflow/example_dags/example_latest_only.py took 0.070 seconds
