[2021-05-01 06:12:53,555] {scheduler_job.py:182} INFO - Started process (PID=3724) to work on /home/airflow/.local/lib/python3.6/site-packages/airflow/example_dags/example_dag_decorator.py
[2021-05-01 06:12:53,556] {scheduler_job.py:629} INFO - Processing file /home/airflow/.local/lib/python3.6/site-packages/airflow/example_dags/example_dag_decorator.py for tasks to queue
[2021-05-01 06:12:53,557] {logging_mixin.py:104} INFO - [2021-05-01 06:12:53,557] {dagbag.py:451} INFO - Filling up the DagBag from /home/airflow/.local/lib/python3.6/site-packages/airflow/example_dags/example_dag_decorator.py
[2021-05-01 06:12:53,575] {scheduler_job.py:639} INFO - DAG(s) dict_keys(['example_dag_decorator']) retrieved from /home/airflow/.local/lib/python3.6/site-packages/airflow/example_dags/example_dag_decorator.py
[2021-05-01 06:12:53,603] {logging_mixin.py:104} INFO - [2021-05-01 06:12:53,603] {dag.py:1824} INFO - Sync 1 DAGs
[2021-05-01 06:12:53,623] {logging_mixin.py:104} INFO - [2021-05-01 06:12:53,623] {dag.py:2280} INFO - Setting next_dagrun for example_dag_decorator to None
[2021-05-01 06:12:53,640] {scheduler_job.py:190} INFO - Processing /home/airflow/.local/lib/python3.6/site-packages/airflow/example_dags/example_dag_decorator.py took 0.090 seconds
[2021-05-01 06:13:24,376] {scheduler_job.py:182} INFO - Started process (PID=3757) to work on /home/airflow/.local/lib/python3.6/site-packages/airflow/example_dags/example_dag_decorator.py
[2021-05-01 06:13:24,377] {scheduler_job.py:629} INFO - Processing file /home/airflow/.local/lib/python3.6/site-packages/airflow/example_dags/example_dag_decorator.py for tasks to queue
[2021-05-01 06:13:24,378] {logging_mixin.py:104} INFO - [2021-05-01 06:13:24,378] {dagbag.py:451} INFO - Filling up the DagBag from /home/airflow/.local/lib/python3.6/site-packages/airflow/example_dags/example_dag_decorator.py
[2021-05-01 06:13:24,401] {scheduler_job.py:639} INFO - DAG(s) dict_keys(['example_dag_decorator']) retrieved from /home/airflow/.local/lib/python3.6/site-packages/airflow/example_dags/example_dag_decorator.py
[2021-05-01 06:13:24,431] {logging_mixin.py:104} INFO - [2021-05-01 06:13:24,431] {dag.py:1824} INFO - Sync 1 DAGs
[2021-05-01 06:13:24,449] {logging_mixin.py:104} INFO - [2021-05-01 06:13:24,449] {dag.py:2280} INFO - Setting next_dagrun for example_dag_decorator to None
[2021-05-01 06:13:24,465] {scheduler_job.py:190} INFO - Processing /home/airflow/.local/lib/python3.6/site-packages/airflow/example_dags/example_dag_decorator.py took 0.093 seconds
[2021-05-01 06:13:54,528] {scheduler_job.py:182} INFO - Started process (PID=3790) to work on /home/airflow/.local/lib/python3.6/site-packages/airflow/example_dags/example_dag_decorator.py
[2021-05-01 06:13:54,530] {scheduler_job.py:629} INFO - Processing file /home/airflow/.local/lib/python3.6/site-packages/airflow/example_dags/example_dag_decorator.py for tasks to queue
[2021-05-01 06:13:54,530] {logging_mixin.py:104} INFO - [2021-05-01 06:13:54,530] {dagbag.py:451} INFO - Filling up the DagBag from /home/airflow/.local/lib/python3.6/site-packages/airflow/example_dags/example_dag_decorator.py
[2021-05-01 06:13:54,546] {scheduler_job.py:639} INFO - DAG(s) dict_keys(['example_dag_decorator']) retrieved from /home/airflow/.local/lib/python3.6/site-packages/airflow/example_dags/example_dag_decorator.py
[2021-05-01 06:13:54,579] {logging_mixin.py:104} INFO - [2021-05-01 06:13:54,579] {dag.py:1824} INFO - Sync 1 DAGs
[2021-05-01 06:13:54,597] {logging_mixin.py:104} INFO - [2021-05-01 06:13:54,597] {dag.py:2280} INFO - Setting next_dagrun for example_dag_decorator to None
[2021-05-01 06:13:54,614] {scheduler_job.py:190} INFO - Processing /home/airflow/.local/lib/python3.6/site-packages/airflow/example_dags/example_dag_decorator.py took 0.088 seconds
[2021-05-01 06:14:25,406] {scheduler_job.py:182} INFO - Started process (PID=3823) to work on /home/airflow/.local/lib/python3.6/site-packages/airflow/example_dags/example_dag_decorator.py
[2021-05-01 06:14:25,407] {scheduler_job.py:629} INFO - Processing file /home/airflow/.local/lib/python3.6/site-packages/airflow/example_dags/example_dag_decorator.py for tasks to queue
[2021-05-01 06:14:25,408] {logging_mixin.py:104} INFO - [2021-05-01 06:14:25,408] {dagbag.py:451} INFO - Filling up the DagBag from /home/airflow/.local/lib/python3.6/site-packages/airflow/example_dags/example_dag_decorator.py
[2021-05-01 06:14:25,430] {scheduler_job.py:639} INFO - DAG(s) dict_keys(['example_dag_decorator']) retrieved from /home/airflow/.local/lib/python3.6/site-packages/airflow/example_dags/example_dag_decorator.py
[2021-05-01 06:14:25,462] {logging_mixin.py:104} INFO - [2021-05-01 06:14:25,462] {dag.py:1824} INFO - Sync 1 DAGs
[2021-05-01 06:14:25,482] {logging_mixin.py:104} INFO - [2021-05-01 06:14:25,482] {dag.py:2280} INFO - Setting next_dagrun for example_dag_decorator to None
[2021-05-01 06:14:25,502] {scheduler_job.py:190} INFO - Processing /home/airflow/.local/lib/python3.6/site-packages/airflow/example_dags/example_dag_decorator.py took 0.099 seconds
[2021-05-01 06:14:55,883] {scheduler_job.py:182} INFO - Started process (PID=3856) to work on /home/airflow/.local/lib/python3.6/site-packages/airflow/example_dags/example_dag_decorator.py
[2021-05-01 06:14:55,884] {scheduler_job.py:629} INFO - Processing file /home/airflow/.local/lib/python3.6/site-packages/airflow/example_dags/example_dag_decorator.py for tasks to queue
[2021-05-01 06:14:55,884] {logging_mixin.py:104} INFO - [2021-05-01 06:14:55,884] {dagbag.py:451} INFO - Filling up the DagBag from /home/airflow/.local/lib/python3.6/site-packages/airflow/example_dags/example_dag_decorator.py
[2021-05-01 06:14:55,899] {scheduler_job.py:639} INFO - DAG(s) dict_keys(['example_dag_decorator']) retrieved from /home/airflow/.local/lib/python3.6/site-packages/airflow/example_dags/example_dag_decorator.py
[2021-05-01 06:14:55,924] {logging_mixin.py:104} INFO - [2021-05-01 06:14:55,924] {dag.py:1824} INFO - Sync 1 DAGs
[2021-05-01 06:14:55,941] {logging_mixin.py:104} INFO - [2021-05-01 06:14:55,940] {dag.py:2280} INFO - Setting next_dagrun for example_dag_decorator to None
[2021-05-01 06:14:55,958] {scheduler_job.py:190} INFO - Processing /home/airflow/.local/lib/python3.6/site-packages/airflow/example_dags/example_dag_decorator.py took 0.078 seconds
[2021-05-01 06:15:26,411] {scheduler_job.py:182} INFO - Started process (PID=3889) to work on /home/airflow/.local/lib/python3.6/site-packages/airflow/example_dags/example_dag_decorator.py
[2021-05-01 06:15:26,414] {scheduler_job.py:629} INFO - Processing file /home/airflow/.local/lib/python3.6/site-packages/airflow/example_dags/example_dag_decorator.py for tasks to queue
[2021-05-01 06:15:26,415] {logging_mixin.py:104} INFO - [2021-05-01 06:15:26,415] {dagbag.py:451} INFO - Filling up the DagBag from /home/airflow/.local/lib/python3.6/site-packages/airflow/example_dags/example_dag_decorator.py
[2021-05-01 06:15:26,429] {scheduler_job.py:639} INFO - DAG(s) dict_keys(['example_dag_decorator']) retrieved from /home/airflow/.local/lib/python3.6/site-packages/airflow/example_dags/example_dag_decorator.py
[2021-05-01 06:15:26,454] {logging_mixin.py:104} INFO - [2021-05-01 06:15:26,454] {dag.py:1824} INFO - Sync 1 DAGs
[2021-05-01 06:15:26,472] {logging_mixin.py:104} INFO - [2021-05-01 06:15:26,472] {dag.py:2280} INFO - Setting next_dagrun for example_dag_decorator to None
[2021-05-01 06:15:26,491] {scheduler_job.py:190} INFO - Processing /home/airflow/.local/lib/python3.6/site-packages/airflow/example_dags/example_dag_decorator.py took 0.083 seconds
[2021-05-01 06:15:57,001] {scheduler_job.py:182} INFO - Started process (PID=3922) to work on /home/airflow/.local/lib/python3.6/site-packages/airflow/example_dags/example_dag_decorator.py
[2021-05-01 06:15:57,002] {scheduler_job.py:629} INFO - Processing file /home/airflow/.local/lib/python3.6/site-packages/airflow/example_dags/example_dag_decorator.py for tasks to queue
[2021-05-01 06:15:57,003] {logging_mixin.py:104} INFO - [2021-05-01 06:15:57,003] {dagbag.py:451} INFO - Filling up the DagBag from /home/airflow/.local/lib/python3.6/site-packages/airflow/example_dags/example_dag_decorator.py
[2021-05-01 06:15:57,024] {scheduler_job.py:639} INFO - DAG(s) dict_keys(['example_dag_decorator']) retrieved from /home/airflow/.local/lib/python3.6/site-packages/airflow/example_dags/example_dag_decorator.py
[2021-05-01 06:15:57,058] {logging_mixin.py:104} INFO - [2021-05-01 06:15:57,058] {dag.py:1824} INFO - Sync 1 DAGs
[2021-05-01 06:15:57,084] {logging_mixin.py:104} INFO - [2021-05-01 06:15:57,084] {dag.py:2280} INFO - Setting next_dagrun for example_dag_decorator to None
[2021-05-01 06:15:57,100] {scheduler_job.py:190} INFO - Processing /home/airflow/.local/lib/python3.6/site-packages/airflow/example_dags/example_dag_decorator.py took 0.103 seconds
[2021-05-01 06:16:27,645] {scheduler_job.py:182} INFO - Started process (PID=3955) to work on /home/airflow/.local/lib/python3.6/site-packages/airflow/example_dags/example_dag_decorator.py
[2021-05-01 06:16:27,646] {scheduler_job.py:629} INFO - Processing file /home/airflow/.local/lib/python3.6/site-packages/airflow/example_dags/example_dag_decorator.py for tasks to queue
[2021-05-01 06:16:27,646] {logging_mixin.py:104} INFO - [2021-05-01 06:16:27,646] {dagbag.py:451} INFO - Filling up the DagBag from /home/airflow/.local/lib/python3.6/site-packages/airflow/example_dags/example_dag_decorator.py
[2021-05-01 06:16:27,662] {scheduler_job.py:639} INFO - DAG(s) dict_keys(['example_dag_decorator']) retrieved from /home/airflow/.local/lib/python3.6/site-packages/airflow/example_dags/example_dag_decorator.py
[2021-05-01 06:16:27,690] {logging_mixin.py:104} INFO - [2021-05-01 06:16:27,690] {dag.py:1824} INFO - Sync 1 DAGs
[2021-05-01 06:16:27,708] {logging_mixin.py:104} INFO - [2021-05-01 06:16:27,707] {dag.py:2280} INFO - Setting next_dagrun for example_dag_decorator to None
[2021-05-01 06:16:27,727] {scheduler_job.py:190} INFO - Processing /home/airflow/.local/lib/python3.6/site-packages/airflow/example_dags/example_dag_decorator.py took 0.086 seconds
[2021-05-01 06:16:58,255] {scheduler_job.py:182} INFO - Started process (PID=3988) to work on /home/airflow/.local/lib/python3.6/site-packages/airflow/example_dags/example_dag_decorator.py
[2021-05-01 06:16:58,256] {scheduler_job.py:629} INFO - Processing file /home/airflow/.local/lib/python3.6/site-packages/airflow/example_dags/example_dag_decorator.py for tasks to queue
[2021-05-01 06:16:58,258] {logging_mixin.py:104} INFO - [2021-05-01 06:16:58,258] {dagbag.py:451} INFO - Filling up the DagBag from /home/airflow/.local/lib/python3.6/site-packages/airflow/example_dags/example_dag_decorator.py
[2021-05-01 06:16:58,277] {scheduler_job.py:639} INFO - DAG(s) dict_keys(['example_dag_decorator']) retrieved from /home/airflow/.local/lib/python3.6/site-packages/airflow/example_dags/example_dag_decorator.py
[2021-05-01 06:16:58,306] {logging_mixin.py:104} INFO - [2021-05-01 06:16:58,306] {dag.py:1824} INFO - Sync 1 DAGs
[2021-05-01 06:16:58,328] {logging_mixin.py:104} INFO - [2021-05-01 06:16:58,328] {dag.py:2280} INFO - Setting next_dagrun for example_dag_decorator to None
[2021-05-01 06:16:58,344] {scheduler_job.py:190} INFO - Processing /home/airflow/.local/lib/python3.6/site-packages/airflow/example_dags/example_dag_decorator.py took 0.092 seconds
[2021-05-01 06:17:28,958] {scheduler_job.py:182} INFO - Started process (PID=4021) to work on /home/airflow/.local/lib/python3.6/site-packages/airflow/example_dags/example_dag_decorator.py
[2021-05-01 06:17:28,959] {scheduler_job.py:629} INFO - Processing file /home/airflow/.local/lib/python3.6/site-packages/airflow/example_dags/example_dag_decorator.py for tasks to queue
[2021-05-01 06:17:28,960] {logging_mixin.py:104} INFO - [2021-05-01 06:17:28,960] {dagbag.py:451} INFO - Filling up the DagBag from /home/airflow/.local/lib/python3.6/site-packages/airflow/example_dags/example_dag_decorator.py
[2021-05-01 06:17:28,980] {scheduler_job.py:639} INFO - DAG(s) dict_keys(['example_dag_decorator']) retrieved from /home/airflow/.local/lib/python3.6/site-packages/airflow/example_dags/example_dag_decorator.py
[2021-05-01 06:17:29,013] {logging_mixin.py:104} INFO - [2021-05-01 06:17:29,013] {dag.py:1824} INFO - Sync 1 DAGs
[2021-05-01 06:17:29,036] {logging_mixin.py:104} INFO - [2021-05-01 06:17:29,036] {dag.py:2280} INFO - Setting next_dagrun for example_dag_decorator to None
[2021-05-01 06:17:29,062] {scheduler_job.py:190} INFO - Processing /home/airflow/.local/lib/python3.6/site-packages/airflow/example_dags/example_dag_decorator.py took 0.108 seconds
[2021-05-01 06:17:59,568] {scheduler_job.py:182} INFO - Started process (PID=4060) to work on /home/airflow/.local/lib/python3.6/site-packages/airflow/example_dags/example_dag_decorator.py
[2021-05-01 06:17:59,570] {scheduler_job.py:629} INFO - Processing file /home/airflow/.local/lib/python3.6/site-packages/airflow/example_dags/example_dag_decorator.py for tasks to queue
[2021-05-01 06:17:59,571] {logging_mixin.py:104} INFO - [2021-05-01 06:17:59,571] {dagbag.py:451} INFO - Filling up the DagBag from /home/airflow/.local/lib/python3.6/site-packages/airflow/example_dags/example_dag_decorator.py
[2021-05-01 06:17:59,593] {scheduler_job.py:639} INFO - DAG(s) dict_keys(['example_dag_decorator']) retrieved from /home/airflow/.local/lib/python3.6/site-packages/airflow/example_dags/example_dag_decorator.py
[2021-05-01 06:17:59,631] {logging_mixin.py:104} INFO - [2021-05-01 06:17:59,631] {dag.py:1824} INFO - Sync 1 DAGs
[2021-05-01 06:17:59,680] {logging_mixin.py:104} INFO - [2021-05-01 06:17:59,680] {dag.py:2280} INFO - Setting next_dagrun for example_dag_decorator to None
[2021-05-01 06:17:59,705] {scheduler_job.py:190} INFO - Processing /home/airflow/.local/lib/python3.6/site-packages/airflow/example_dags/example_dag_decorator.py took 0.142 seconds
[2021-05-01 06:18:29,901] {scheduler_job.py:182} INFO - Started process (PID=4101) to work on /home/airflow/.local/lib/python3.6/site-packages/airflow/example_dags/example_dag_decorator.py
[2021-05-01 06:18:29,904] {scheduler_job.py:629} INFO - Processing file /home/airflow/.local/lib/python3.6/site-packages/airflow/example_dags/example_dag_decorator.py for tasks to queue
[2021-05-01 06:18:29,906] {logging_mixin.py:104} INFO - [2021-05-01 06:18:29,905] {dagbag.py:451} INFO - Filling up the DagBag from /home/airflow/.local/lib/python3.6/site-packages/airflow/example_dags/example_dag_decorator.py
[2021-05-01 06:18:29,938] {scheduler_job.py:639} INFO - DAG(s) dict_keys(['example_dag_decorator']) retrieved from /home/airflow/.local/lib/python3.6/site-packages/airflow/example_dags/example_dag_decorator.py
[2021-05-01 06:18:29,979] {logging_mixin.py:104} INFO - [2021-05-01 06:18:29,979] {dag.py:1824} INFO - Sync 1 DAGs
[2021-05-01 06:18:30,010] {logging_mixin.py:104} INFO - [2021-05-01 06:18:30,009] {dag.py:2280} INFO - Setting next_dagrun for example_dag_decorator to None
[2021-05-01 06:18:30,034] {scheduler_job.py:190} INFO - Processing /home/airflow/.local/lib/python3.6/site-packages/airflow/example_dags/example_dag_decorator.py took 0.140 seconds
[2021-05-01 06:19:00,111] {scheduler_job.py:182} INFO - Started process (PID=4134) to work on /home/airflow/.local/lib/python3.6/site-packages/airflow/example_dags/example_dag_decorator.py
[2021-05-01 06:19:00,112] {scheduler_job.py:629} INFO - Processing file /home/airflow/.local/lib/python3.6/site-packages/airflow/example_dags/example_dag_decorator.py for tasks to queue
[2021-05-01 06:19:00,113] {logging_mixin.py:104} INFO - [2021-05-01 06:19:00,113] {dagbag.py:451} INFO - Filling up the DagBag from /home/airflow/.local/lib/python3.6/site-packages/airflow/example_dags/example_dag_decorator.py
[2021-05-01 06:19:00,131] {scheduler_job.py:639} INFO - DAG(s) dict_keys(['example_dag_decorator']) retrieved from /home/airflow/.local/lib/python3.6/site-packages/airflow/example_dags/example_dag_decorator.py
[2021-05-01 06:19:00,160] {logging_mixin.py:104} INFO - [2021-05-01 06:19:00,160] {dag.py:1824} INFO - Sync 1 DAGs
[2021-05-01 06:19:00,178] {logging_mixin.py:104} INFO - [2021-05-01 06:19:00,178] {dag.py:2280} INFO - Setting next_dagrun for example_dag_decorator to None
[2021-05-01 06:19:00,196] {scheduler_job.py:190} INFO - Processing /home/airflow/.local/lib/python3.6/site-packages/airflow/example_dags/example_dag_decorator.py took 0.088 seconds
[2021-05-01 06:19:30,634] {scheduler_job.py:182} INFO - Started process (PID=4166) to work on /home/airflow/.local/lib/python3.6/site-packages/airflow/example_dags/example_dag_decorator.py
[2021-05-01 06:19:30,635] {scheduler_job.py:629} INFO - Processing file /home/airflow/.local/lib/python3.6/site-packages/airflow/example_dags/example_dag_decorator.py for tasks to queue
[2021-05-01 06:19:30,637] {logging_mixin.py:104} INFO - [2021-05-01 06:19:30,636] {dagbag.py:451} INFO - Filling up the DagBag from /home/airflow/.local/lib/python3.6/site-packages/airflow/example_dags/example_dag_decorator.py
[2021-05-01 06:19:30,659] {scheduler_job.py:639} INFO - DAG(s) dict_keys(['example_dag_decorator']) retrieved from /home/airflow/.local/lib/python3.6/site-packages/airflow/example_dags/example_dag_decorator.py
[2021-05-01 06:19:30,694] {logging_mixin.py:104} INFO - [2021-05-01 06:19:30,694] {dag.py:1824} INFO - Sync 1 DAGs
[2021-05-01 06:19:30,716] {logging_mixin.py:104} INFO - [2021-05-01 06:19:30,715] {dag.py:2280} INFO - Setting next_dagrun for example_dag_decorator to None
[2021-05-01 06:19:30,732] {scheduler_job.py:190} INFO - Processing /home/airflow/.local/lib/python3.6/site-packages/airflow/example_dags/example_dag_decorator.py took 0.103 seconds
[2021-05-01 06:20:01,262] {scheduler_job.py:182} INFO - Started process (PID=4206) to work on /home/airflow/.local/lib/python3.6/site-packages/airflow/example_dags/example_dag_decorator.py
[2021-05-01 06:20:01,263] {scheduler_job.py:629} INFO - Processing file /home/airflow/.local/lib/python3.6/site-packages/airflow/example_dags/example_dag_decorator.py for tasks to queue
[2021-05-01 06:20:01,263] {logging_mixin.py:104} INFO - [2021-05-01 06:20:01,263] {dagbag.py:451} INFO - Filling up the DagBag from /home/airflow/.local/lib/python3.6/site-packages/airflow/example_dags/example_dag_decorator.py
[2021-05-01 06:20:01,279] {scheduler_job.py:639} INFO - DAG(s) dict_keys(['example_dag_decorator']) retrieved from /home/airflow/.local/lib/python3.6/site-packages/airflow/example_dags/example_dag_decorator.py
[2021-05-01 06:20:01,304] {logging_mixin.py:104} INFO - [2021-05-01 06:20:01,304] {dag.py:1824} INFO - Sync 1 DAGs
[2021-05-01 06:20:01,321] {logging_mixin.py:104} INFO - [2021-05-01 06:20:01,320] {dag.py:2280} INFO - Setting next_dagrun for example_dag_decorator to None
[2021-05-01 06:20:01,338] {scheduler_job.py:190} INFO - Processing /home/airflow/.local/lib/python3.6/site-packages/airflow/example_dags/example_dag_decorator.py took 0.080 seconds
[2021-05-01 06:20:31,770] {scheduler_job.py:182} INFO - Started process (PID=4239) to work on /home/airflow/.local/lib/python3.6/site-packages/airflow/example_dags/example_dag_decorator.py
[2021-05-01 06:20:31,772] {scheduler_job.py:629} INFO - Processing file /home/airflow/.local/lib/python3.6/site-packages/airflow/example_dags/example_dag_decorator.py for tasks to queue
[2021-05-01 06:20:31,780] {logging_mixin.py:104} INFO - [2021-05-01 06:20:31,780] {dagbag.py:451} INFO - Filling up the DagBag from /home/airflow/.local/lib/python3.6/site-packages/airflow/example_dags/example_dag_decorator.py
[2021-05-01 06:20:31,799] {scheduler_job.py:639} INFO - DAG(s) dict_keys(['example_dag_decorator']) retrieved from /home/airflow/.local/lib/python3.6/site-packages/airflow/example_dags/example_dag_decorator.py
[2021-05-01 06:20:31,825] {logging_mixin.py:104} INFO - [2021-05-01 06:20:31,825] {dag.py:1824} INFO - Sync 1 DAGs
[2021-05-01 06:20:31,841] {logging_mixin.py:104} INFO - [2021-05-01 06:20:31,840] {dag.py:2280} INFO - Setting next_dagrun for example_dag_decorator to None
[2021-05-01 06:20:31,855] {scheduler_job.py:190} INFO - Processing /home/airflow/.local/lib/python3.6/site-packages/airflow/example_dags/example_dag_decorator.py took 0.088 seconds
[2021-05-01 06:21:01,883] {scheduler_job.py:182} INFO - Started process (PID=4272) to work on /home/airflow/.local/lib/python3.6/site-packages/airflow/example_dags/example_dag_decorator.py
[2021-05-01 06:21:01,884] {scheduler_job.py:629} INFO - Processing file /home/airflow/.local/lib/python3.6/site-packages/airflow/example_dags/example_dag_decorator.py for tasks to queue
[2021-05-01 06:21:01,885] {logging_mixin.py:104} INFO - [2021-05-01 06:21:01,885] {dagbag.py:451} INFO - Filling up the DagBag from /home/airflow/.local/lib/python3.6/site-packages/airflow/example_dags/example_dag_decorator.py
[2021-05-01 06:21:01,903] {scheduler_job.py:639} INFO - DAG(s) dict_keys(['example_dag_decorator']) retrieved from /home/airflow/.local/lib/python3.6/site-packages/airflow/example_dags/example_dag_decorator.py
[2021-05-01 06:21:01,933] {logging_mixin.py:104} INFO - [2021-05-01 06:21:01,933] {dag.py:1824} INFO - Sync 1 DAGs
[2021-05-01 06:21:01,953] {logging_mixin.py:104} INFO - [2021-05-01 06:21:01,952] {dag.py:2280} INFO - Setting next_dagrun for example_dag_decorator to None
[2021-05-01 06:21:01,996] {scheduler_job.py:190} INFO - Processing /home/airflow/.local/lib/python3.6/site-packages/airflow/example_dags/example_dag_decorator.py took 0.116 seconds
[2021-05-01 06:21:32,859] {scheduler_job.py:182} INFO - Started process (PID=4305) to work on /home/airflow/.local/lib/python3.6/site-packages/airflow/example_dags/example_dag_decorator.py
[2021-05-01 06:21:32,863] {scheduler_job.py:629} INFO - Processing file /home/airflow/.local/lib/python3.6/site-packages/airflow/example_dags/example_dag_decorator.py for tasks to queue
[2021-05-01 06:21:32,864] {logging_mixin.py:104} INFO - [2021-05-01 06:21:32,864] {dagbag.py:451} INFO - Filling up the DagBag from /home/airflow/.local/lib/python3.6/site-packages/airflow/example_dags/example_dag_decorator.py
[2021-05-01 06:21:32,912] {scheduler_job.py:639} INFO - DAG(s) dict_keys(['example_dag_decorator']) retrieved from /home/airflow/.local/lib/python3.6/site-packages/airflow/example_dags/example_dag_decorator.py
[2021-05-01 06:21:33,001] {logging_mixin.py:104} INFO - [2021-05-01 06:21:33,001] {dag.py:1824} INFO - Sync 1 DAGs
[2021-05-01 06:21:33,055] {logging_mixin.py:104} INFO - [2021-05-01 06:21:33,054] {dag.py:2280} INFO - Setting next_dagrun for example_dag_decorator to None
[2021-05-01 06:21:33,086] {scheduler_job.py:190} INFO - Processing /home/airflow/.local/lib/python3.6/site-packages/airflow/example_dags/example_dag_decorator.py took 0.233 seconds
[2021-05-01 06:22:03,677] {scheduler_job.py:182} INFO - Started process (PID=4345) to work on /home/airflow/.local/lib/python3.6/site-packages/airflow/example_dags/example_dag_decorator.py
[2021-05-01 06:22:03,681] {scheduler_job.py:629} INFO - Processing file /home/airflow/.local/lib/python3.6/site-packages/airflow/example_dags/example_dag_decorator.py for tasks to queue
[2021-05-01 06:22:03,682] {logging_mixin.py:104} INFO - [2021-05-01 06:22:03,682] {dagbag.py:451} INFO - Filling up the DagBag from /home/airflow/.local/lib/python3.6/site-packages/airflow/example_dags/example_dag_decorator.py
[2021-05-01 06:22:03,717] {scheduler_job.py:639} INFO - DAG(s) dict_keys(['example_dag_decorator']) retrieved from /home/airflow/.local/lib/python3.6/site-packages/airflow/example_dags/example_dag_decorator.py
[2021-05-01 06:22:03,767] {logging_mixin.py:104} INFO - [2021-05-01 06:22:03,766] {dag.py:1824} INFO - Sync 1 DAGs
[2021-05-01 06:22:03,802] {logging_mixin.py:104} INFO - [2021-05-01 06:22:03,802] {dag.py:2280} INFO - Setting next_dagrun for example_dag_decorator to None
[2021-05-01 06:22:03,830] {scheduler_job.py:190} INFO - Processing /home/airflow/.local/lib/python3.6/site-packages/airflow/example_dags/example_dag_decorator.py took 0.160 seconds
[2021-05-01 06:22:34,587] {scheduler_job.py:182} INFO - Started process (PID=4378) to work on /home/airflow/.local/lib/python3.6/site-packages/airflow/example_dags/example_dag_decorator.py
[2021-05-01 06:22:34,589] {scheduler_job.py:629} INFO - Processing file /home/airflow/.local/lib/python3.6/site-packages/airflow/example_dags/example_dag_decorator.py for tasks to queue
[2021-05-01 06:22:34,591] {logging_mixin.py:104} INFO - [2021-05-01 06:22:34,590] {dagbag.py:451} INFO - Filling up the DagBag from /home/airflow/.local/lib/python3.6/site-packages/airflow/example_dags/example_dag_decorator.py
[2021-05-01 06:22:34,615] {scheduler_job.py:639} INFO - DAG(s) dict_keys(['example_dag_decorator']) retrieved from /home/airflow/.local/lib/python3.6/site-packages/airflow/example_dags/example_dag_decorator.py
[2021-05-01 06:22:34,682] {logging_mixin.py:104} INFO - [2021-05-01 06:22:34,682] {dag.py:1824} INFO - Sync 1 DAGs
[2021-05-01 06:22:34,730] {logging_mixin.py:104} INFO - [2021-05-01 06:22:34,730] {dag.py:2280} INFO - Setting next_dagrun for example_dag_decorator to None
[2021-05-01 06:22:34,768] {scheduler_job.py:190} INFO - Processing /home/airflow/.local/lib/python3.6/site-packages/airflow/example_dags/example_dag_decorator.py took 0.187 seconds
[2021-05-01 06:23:04,917] {scheduler_job.py:182} INFO - Started process (PID=4411) to work on /home/airflow/.local/lib/python3.6/site-packages/airflow/example_dags/example_dag_decorator.py
[2021-05-01 06:23:04,926] {scheduler_job.py:629} INFO - Processing file /home/airflow/.local/lib/python3.6/site-packages/airflow/example_dags/example_dag_decorator.py for tasks to queue
[2021-05-01 06:23:04,927] {logging_mixin.py:104} INFO - [2021-05-01 06:23:04,926] {dagbag.py:451} INFO - Filling up the DagBag from /home/airflow/.local/lib/python3.6/site-packages/airflow/example_dags/example_dag_decorator.py
[2021-05-01 06:23:04,992] {scheduler_job.py:639} INFO - DAG(s) dict_keys(['example_dag_decorator']) retrieved from /home/airflow/.local/lib/python3.6/site-packages/airflow/example_dags/example_dag_decorator.py
[2021-05-01 06:23:05,070] {logging_mixin.py:104} INFO - [2021-05-01 06:23:05,070] {dag.py:1824} INFO - Sync 1 DAGs
[2021-05-01 06:23:05,112] {logging_mixin.py:104} INFO - [2021-05-01 06:23:05,111] {dag.py:2280} INFO - Setting next_dagrun for example_dag_decorator to None
[2021-05-01 06:23:05,183] {scheduler_job.py:190} INFO - Processing /home/airflow/.local/lib/python3.6/site-packages/airflow/example_dags/example_dag_decorator.py took 0.277 seconds
[2021-05-01 06:23:35,285] {scheduler_job.py:182} INFO - Started process (PID=4445) to work on /home/airflow/.local/lib/python3.6/site-packages/airflow/example_dags/example_dag_decorator.py
[2021-05-01 06:23:35,288] {scheduler_job.py:629} INFO - Processing file /home/airflow/.local/lib/python3.6/site-packages/airflow/example_dags/example_dag_decorator.py for tasks to queue
[2021-05-01 06:23:35,289] {logging_mixin.py:104} INFO - [2021-05-01 06:23:35,289] {dagbag.py:451} INFO - Filling up the DagBag from /home/airflow/.local/lib/python3.6/site-packages/airflow/example_dags/example_dag_decorator.py
[2021-05-01 06:23:35,306] {scheduler_job.py:639} INFO - DAG(s) dict_keys(['example_dag_decorator']) retrieved from /home/airflow/.local/lib/python3.6/site-packages/airflow/example_dags/example_dag_decorator.py
[2021-05-01 06:23:35,334] {logging_mixin.py:104} INFO - [2021-05-01 06:23:35,334] {dag.py:1824} INFO - Sync 1 DAGs
[2021-05-01 06:23:35,352] {logging_mixin.py:104} INFO - [2021-05-01 06:23:35,352] {dag.py:2280} INFO - Setting next_dagrun for example_dag_decorator to None
[2021-05-01 06:23:35,368] {scheduler_job.py:190} INFO - Processing /home/airflow/.local/lib/python3.6/site-packages/airflow/example_dags/example_dag_decorator.py took 0.088 seconds
[2021-05-01 06:24:05,455] {scheduler_job.py:182} INFO - Started process (PID=4478) to work on /home/airflow/.local/lib/python3.6/site-packages/airflow/example_dags/example_dag_decorator.py
[2021-05-01 06:24:05,458] {scheduler_job.py:629} INFO - Processing file /home/airflow/.local/lib/python3.6/site-packages/airflow/example_dags/example_dag_decorator.py for tasks to queue
[2021-05-01 06:24:05,462] {logging_mixin.py:104} INFO - [2021-05-01 06:24:05,461] {dagbag.py:451} INFO - Filling up the DagBag from /home/airflow/.local/lib/python3.6/site-packages/airflow/example_dags/example_dag_decorator.py
[2021-05-01 06:24:05,492] {scheduler_job.py:639} INFO - DAG(s) dict_keys(['example_dag_decorator']) retrieved from /home/airflow/.local/lib/python3.6/site-packages/airflow/example_dags/example_dag_decorator.py
[2021-05-01 06:24:05,526] {logging_mixin.py:104} INFO - [2021-05-01 06:24:05,526] {dag.py:1824} INFO - Sync 1 DAGs
[2021-05-01 06:24:05,544] {logging_mixin.py:104} INFO - [2021-05-01 06:24:05,544] {dag.py:2280} INFO - Setting next_dagrun for example_dag_decorator to None
[2021-05-01 06:24:05,562] {scheduler_job.py:190} INFO - Processing /home/airflow/.local/lib/python3.6/site-packages/airflow/example_dags/example_dag_decorator.py took 0.113 seconds
[2021-05-01 06:24:35,876] {scheduler_job.py:182} INFO - Started process (PID=4510) to work on /home/airflow/.local/lib/python3.6/site-packages/airflow/example_dags/example_dag_decorator.py
[2021-05-01 06:24:35,877] {scheduler_job.py:629} INFO - Processing file /home/airflow/.local/lib/python3.6/site-packages/airflow/example_dags/example_dag_decorator.py for tasks to queue
[2021-05-01 06:24:35,878] {logging_mixin.py:104} INFO - [2021-05-01 06:24:35,878] {dagbag.py:451} INFO - Filling up the DagBag from /home/airflow/.local/lib/python3.6/site-packages/airflow/example_dags/example_dag_decorator.py
[2021-05-01 06:24:35,903] {scheduler_job.py:639} INFO - DAG(s) dict_keys(['example_dag_decorator']) retrieved from /home/airflow/.local/lib/python3.6/site-packages/airflow/example_dags/example_dag_decorator.py
[2021-05-01 06:24:35,944] {logging_mixin.py:104} INFO - [2021-05-01 06:24:35,943] {dag.py:1824} INFO - Sync 1 DAGs
[2021-05-01 06:24:35,968] {logging_mixin.py:104} INFO - [2021-05-01 06:24:35,968] {dag.py:2280} INFO - Setting next_dagrun for example_dag_decorator to None
[2021-05-01 06:24:35,987] {scheduler_job.py:190} INFO - Processing /home/airflow/.local/lib/python3.6/site-packages/airflow/example_dags/example_dag_decorator.py took 0.114 seconds
