[2021-05-01 06:12:27,581] {scheduler_job.py:182} INFO - Started process (PID=3707) to work on /home/airflow/.local/lib/python3.6/site-packages/airflow/example_dags/tutorial_etl_dag.py
[2021-05-01 06:12:27,582] {scheduler_job.py:629} INFO - Processing file /home/airflow/.local/lib/python3.6/site-packages/airflow/example_dags/tutorial_etl_dag.py for tasks to queue
[2021-05-01 06:12:27,582] {logging_mixin.py:104} INFO - [2021-05-01 06:12:27,582] {dagbag.py:451} INFO - Filling up the DagBag from /home/airflow/.local/lib/python3.6/site-packages/airflow/example_dags/tutorial_etl_dag.py
[2021-05-01 06:12:27,596] {scheduler_job.py:639} INFO - DAG(s) dict_keys(['tutorial_etl_dag']) retrieved from /home/airflow/.local/lib/python3.6/site-packages/airflow/example_dags/tutorial_etl_dag.py
[2021-05-01 06:12:27,622] {logging_mixin.py:104} INFO - [2021-05-01 06:12:27,622] {dag.py:1824} INFO - Sync 1 DAGs
[2021-05-01 06:12:27,640] {logging_mixin.py:104} INFO - [2021-05-01 06:12:27,640] {dag.py:2280} INFO - Setting next_dagrun for tutorial_etl_dag to None
[2021-05-01 06:12:27,655] {scheduler_job.py:190} INFO - Processing /home/airflow/.local/lib/python3.6/site-packages/airflow/example_dags/tutorial_etl_dag.py took 0.078 seconds
[2021-05-01 06:12:58,139] {scheduler_job.py:182} INFO - Started process (PID=3740) to work on /home/airflow/.local/lib/python3.6/site-packages/airflow/example_dags/tutorial_etl_dag.py
[2021-05-01 06:12:58,140] {scheduler_job.py:629} INFO - Processing file /home/airflow/.local/lib/python3.6/site-packages/airflow/example_dags/tutorial_etl_dag.py for tasks to queue
[2021-05-01 06:12:58,141] {logging_mixin.py:104} INFO - [2021-05-01 06:12:58,141] {dagbag.py:451} INFO - Filling up the DagBag from /home/airflow/.local/lib/python3.6/site-packages/airflow/example_dags/tutorial_etl_dag.py
[2021-05-01 06:12:58,160] {scheduler_job.py:639} INFO - DAG(s) dict_keys(['tutorial_etl_dag']) retrieved from /home/airflow/.local/lib/python3.6/site-packages/airflow/example_dags/tutorial_etl_dag.py
[2021-05-01 06:12:58,188] {logging_mixin.py:104} INFO - [2021-05-01 06:12:58,188] {dag.py:1824} INFO - Sync 1 DAGs
[2021-05-01 06:12:58,217] {logging_mixin.py:104} INFO - [2021-05-01 06:12:58,216] {dag.py:2280} INFO - Setting next_dagrun for tutorial_etl_dag to None
[2021-05-01 06:12:58,232] {scheduler_job.py:190} INFO - Processing /home/airflow/.local/lib/python3.6/site-packages/airflow/example_dags/tutorial_etl_dag.py took 0.098 seconds
[2021-05-01 06:13:28,297] {scheduler_job.py:182} INFO - Started process (PID=3773) to work on /home/airflow/.local/lib/python3.6/site-packages/airflow/example_dags/tutorial_etl_dag.py
[2021-05-01 06:13:28,298] {scheduler_job.py:629} INFO - Processing file /home/airflow/.local/lib/python3.6/site-packages/airflow/example_dags/tutorial_etl_dag.py for tasks to queue
[2021-05-01 06:13:28,299] {logging_mixin.py:104} INFO - [2021-05-01 06:13:28,298] {dagbag.py:451} INFO - Filling up the DagBag from /home/airflow/.local/lib/python3.6/site-packages/airflow/example_dags/tutorial_etl_dag.py
[2021-05-01 06:13:28,311] {scheduler_job.py:639} INFO - DAG(s) dict_keys(['tutorial_etl_dag']) retrieved from /home/airflow/.local/lib/python3.6/site-packages/airflow/example_dags/tutorial_etl_dag.py
[2021-05-01 06:13:28,332] {logging_mixin.py:104} INFO - [2021-05-01 06:13:28,332] {dag.py:1824} INFO - Sync 1 DAGs
[2021-05-01 06:13:28,350] {logging_mixin.py:104} INFO - [2021-05-01 06:13:28,350] {dag.py:2280} INFO - Setting next_dagrun for tutorial_etl_dag to None
[2021-05-01 06:13:28,365] {scheduler_job.py:190} INFO - Processing /home/airflow/.local/lib/python3.6/site-packages/airflow/example_dags/tutorial_etl_dag.py took 0.072 seconds
[2021-05-01 06:13:58,438] {scheduler_job.py:182} INFO - Started process (PID=3806) to work on /home/airflow/.local/lib/python3.6/site-packages/airflow/example_dags/tutorial_etl_dag.py
[2021-05-01 06:13:58,439] {scheduler_job.py:629} INFO - Processing file /home/airflow/.local/lib/python3.6/site-packages/airflow/example_dags/tutorial_etl_dag.py for tasks to queue
[2021-05-01 06:13:58,440] {logging_mixin.py:104} INFO - [2021-05-01 06:13:58,440] {dagbag.py:451} INFO - Filling up the DagBag from /home/airflow/.local/lib/python3.6/site-packages/airflow/example_dags/tutorial_etl_dag.py
[2021-05-01 06:13:58,455] {scheduler_job.py:639} INFO - DAG(s) dict_keys(['tutorial_etl_dag']) retrieved from /home/airflow/.local/lib/python3.6/site-packages/airflow/example_dags/tutorial_etl_dag.py
[2021-05-01 06:13:58,485] {logging_mixin.py:104} INFO - [2021-05-01 06:13:58,485] {dag.py:1824} INFO - Sync 1 DAGs
[2021-05-01 06:13:58,502] {logging_mixin.py:104} INFO - [2021-05-01 06:13:58,502] {dag.py:2280} INFO - Setting next_dagrun for tutorial_etl_dag to None
[2021-05-01 06:13:58,516] {scheduler_job.py:190} INFO - Processing /home/airflow/.local/lib/python3.6/site-packages/airflow/example_dags/tutorial_etl_dag.py took 0.083 seconds
[2021-05-01 06:14:29,250] {scheduler_job.py:182} INFO - Started process (PID=3841) to work on /home/airflow/.local/lib/python3.6/site-packages/airflow/example_dags/tutorial_etl_dag.py
[2021-05-01 06:14:29,251] {scheduler_job.py:629} INFO - Processing file /home/airflow/.local/lib/python3.6/site-packages/airflow/example_dags/tutorial_etl_dag.py for tasks to queue
[2021-05-01 06:14:29,252] {logging_mixin.py:104} INFO - [2021-05-01 06:14:29,252] {dagbag.py:451} INFO - Filling up the DagBag from /home/airflow/.local/lib/python3.6/site-packages/airflow/example_dags/tutorial_etl_dag.py
[2021-05-01 06:14:29,268] {scheduler_job.py:639} INFO - DAG(s) dict_keys(['tutorial_etl_dag']) retrieved from /home/airflow/.local/lib/python3.6/site-packages/airflow/example_dags/tutorial_etl_dag.py
[2021-05-01 06:14:29,289] {logging_mixin.py:104} INFO - [2021-05-01 06:14:29,289] {dag.py:1824} INFO - Sync 1 DAGs
[2021-05-01 06:14:29,312] {logging_mixin.py:104} INFO - [2021-05-01 06:14:29,312] {dag.py:2280} INFO - Setting next_dagrun for tutorial_etl_dag to None
[2021-05-01 06:14:29,323] {scheduler_job.py:190} INFO - Processing /home/airflow/.local/lib/python3.6/site-packages/airflow/example_dags/tutorial_etl_dag.py took 0.077 seconds
[2021-05-01 06:14:59,732] {scheduler_job.py:182} INFO - Started process (PID=3874) to work on /home/airflow/.local/lib/python3.6/site-packages/airflow/example_dags/tutorial_etl_dag.py
[2021-05-01 06:14:59,733] {scheduler_job.py:629} INFO - Processing file /home/airflow/.local/lib/python3.6/site-packages/airflow/example_dags/tutorial_etl_dag.py for tasks to queue
[2021-05-01 06:14:59,734] {logging_mixin.py:104} INFO - [2021-05-01 06:14:59,734] {dagbag.py:451} INFO - Filling up the DagBag from /home/airflow/.local/lib/python3.6/site-packages/airflow/example_dags/tutorial_etl_dag.py
[2021-05-01 06:14:59,746] {scheduler_job.py:639} INFO - DAG(s) dict_keys(['tutorial_etl_dag']) retrieved from /home/airflow/.local/lib/python3.6/site-packages/airflow/example_dags/tutorial_etl_dag.py
[2021-05-01 06:14:59,768] {logging_mixin.py:104} INFO - [2021-05-01 06:14:59,768] {dag.py:1824} INFO - Sync 1 DAGs
[2021-05-01 06:14:59,786] {logging_mixin.py:104} INFO - [2021-05-01 06:14:59,786] {dag.py:2280} INFO - Setting next_dagrun for tutorial_etl_dag to None
[2021-05-01 06:14:59,800] {scheduler_job.py:190} INFO - Processing /home/airflow/.local/lib/python3.6/site-packages/airflow/example_dags/tutorial_etl_dag.py took 0.072 seconds
[2021-05-01 06:15:30,290] {scheduler_job.py:182} INFO - Started process (PID=3907) to work on /home/airflow/.local/lib/python3.6/site-packages/airflow/example_dags/tutorial_etl_dag.py
[2021-05-01 06:15:30,292] {scheduler_job.py:629} INFO - Processing file /home/airflow/.local/lib/python3.6/site-packages/airflow/example_dags/tutorial_etl_dag.py for tasks to queue
[2021-05-01 06:15:30,293] {logging_mixin.py:104} INFO - [2021-05-01 06:15:30,293] {dagbag.py:451} INFO - Filling up the DagBag from /home/airflow/.local/lib/python3.6/site-packages/airflow/example_dags/tutorial_etl_dag.py
[2021-05-01 06:15:30,304] {scheduler_job.py:639} INFO - DAG(s) dict_keys(['tutorial_etl_dag']) retrieved from /home/airflow/.local/lib/python3.6/site-packages/airflow/example_dags/tutorial_etl_dag.py
[2021-05-01 06:15:30,323] {logging_mixin.py:104} INFO - [2021-05-01 06:15:30,323] {dag.py:1824} INFO - Sync 1 DAGs
[2021-05-01 06:15:30,347] {logging_mixin.py:104} INFO - [2021-05-01 06:15:30,346] {dag.py:2280} INFO - Setting next_dagrun for tutorial_etl_dag to None
[2021-05-01 06:15:30,360] {scheduler_job.py:190} INFO - Processing /home/airflow/.local/lib/python3.6/site-packages/airflow/example_dags/tutorial_etl_dag.py took 0.074 seconds
[2021-05-01 06:16:00,881] {scheduler_job.py:182} INFO - Started process (PID=3940) to work on /home/airflow/.local/lib/python3.6/site-packages/airflow/example_dags/tutorial_etl_dag.py
[2021-05-01 06:16:00,882] {scheduler_job.py:629} INFO - Processing file /home/airflow/.local/lib/python3.6/site-packages/airflow/example_dags/tutorial_etl_dag.py for tasks to queue
[2021-05-01 06:16:00,883] {logging_mixin.py:104} INFO - [2021-05-01 06:16:00,883] {dagbag.py:451} INFO - Filling up the DagBag from /home/airflow/.local/lib/python3.6/site-packages/airflow/example_dags/tutorial_etl_dag.py
[2021-05-01 06:16:00,899] {scheduler_job.py:639} INFO - DAG(s) dict_keys(['tutorial_etl_dag']) retrieved from /home/airflow/.local/lib/python3.6/site-packages/airflow/example_dags/tutorial_etl_dag.py
[2021-05-01 06:16:00,922] {logging_mixin.py:104} INFO - [2021-05-01 06:16:00,922] {dag.py:1824} INFO - Sync 1 DAGs
[2021-05-01 06:16:00,938] {logging_mixin.py:104} INFO - [2021-05-01 06:16:00,938] {dag.py:2280} INFO - Setting next_dagrun for tutorial_etl_dag to None
[2021-05-01 06:16:00,957] {scheduler_job.py:190} INFO - Processing /home/airflow/.local/lib/python3.6/site-packages/airflow/example_dags/tutorial_etl_dag.py took 0.078 seconds
[2021-05-01 06:16:31,546] {scheduler_job.py:182} INFO - Started process (PID=3973) to work on /home/airflow/.local/lib/python3.6/site-packages/airflow/example_dags/tutorial_etl_dag.py
[2021-05-01 06:16:31,548] {scheduler_job.py:629} INFO - Processing file /home/airflow/.local/lib/python3.6/site-packages/airflow/example_dags/tutorial_etl_dag.py for tasks to queue
[2021-05-01 06:16:31,549] {logging_mixin.py:104} INFO - [2021-05-01 06:16:31,549] {dagbag.py:451} INFO - Filling up the DagBag from /home/airflow/.local/lib/python3.6/site-packages/airflow/example_dags/tutorial_etl_dag.py
[2021-05-01 06:16:31,561] {scheduler_job.py:639} INFO - DAG(s) dict_keys(['tutorial_etl_dag']) retrieved from /home/airflow/.local/lib/python3.6/site-packages/airflow/example_dags/tutorial_etl_dag.py
[2021-05-01 06:16:31,587] {logging_mixin.py:104} INFO - [2021-05-01 06:16:31,587] {dag.py:1824} INFO - Sync 1 DAGs
[2021-05-01 06:16:31,603] {logging_mixin.py:104} INFO - [2021-05-01 06:16:31,603] {dag.py:2280} INFO - Setting next_dagrun for tutorial_etl_dag to None
[2021-05-01 06:16:31,614] {scheduler_job.py:190} INFO - Processing /home/airflow/.local/lib/python3.6/site-packages/airflow/example_dags/tutorial_etl_dag.py took 0.073 seconds
[2021-05-01 06:17:02,151] {scheduler_job.py:182} INFO - Started process (PID=4006) to work on /home/airflow/.local/lib/python3.6/site-packages/airflow/example_dags/tutorial_etl_dag.py
[2021-05-01 06:17:02,152] {scheduler_job.py:629} INFO - Processing file /home/airflow/.local/lib/python3.6/site-packages/airflow/example_dags/tutorial_etl_dag.py for tasks to queue
[2021-05-01 06:17:02,153] {logging_mixin.py:104} INFO - [2021-05-01 06:17:02,153] {dagbag.py:451} INFO - Filling up the DagBag from /home/airflow/.local/lib/python3.6/site-packages/airflow/example_dags/tutorial_etl_dag.py
[2021-05-01 06:17:02,170] {scheduler_job.py:639} INFO - DAG(s) dict_keys(['tutorial_etl_dag']) retrieved from /home/airflow/.local/lib/python3.6/site-packages/airflow/example_dags/tutorial_etl_dag.py
[2021-05-01 06:17:02,188] {logging_mixin.py:104} INFO - [2021-05-01 06:17:02,188] {dag.py:1824} INFO - Sync 1 DAGs
[2021-05-01 06:17:02,203] {logging_mixin.py:104} INFO - [2021-05-01 06:17:02,203] {dag.py:2280} INFO - Setting next_dagrun for tutorial_etl_dag to None
[2021-05-01 06:17:02,216] {scheduler_job.py:190} INFO - Processing /home/airflow/.local/lib/python3.6/site-packages/airflow/example_dags/tutorial_etl_dag.py took 0.068 seconds
[2021-05-01 06:17:33,329] {scheduler_job.py:182} INFO - Started process (PID=4039) to work on /home/airflow/.local/lib/python3.6/site-packages/airflow/example_dags/tutorial_etl_dag.py
[2021-05-01 06:17:33,332] {scheduler_job.py:629} INFO - Processing file /home/airflow/.local/lib/python3.6/site-packages/airflow/example_dags/tutorial_etl_dag.py for tasks to queue
[2021-05-01 06:17:33,333] {logging_mixin.py:104} INFO - [2021-05-01 06:17:33,333] {dagbag.py:451} INFO - Filling up the DagBag from /home/airflow/.local/lib/python3.6/site-packages/airflow/example_dags/tutorial_etl_dag.py
[2021-05-01 06:17:33,367] {scheduler_job.py:639} INFO - DAG(s) dict_keys(['tutorial_etl_dag']) retrieved from /home/airflow/.local/lib/python3.6/site-packages/airflow/example_dags/tutorial_etl_dag.py
[2021-05-01 06:17:33,409] {logging_mixin.py:104} INFO - [2021-05-01 06:17:33,408] {dag.py:1824} INFO - Sync 1 DAGs
[2021-05-01 06:17:33,438] {logging_mixin.py:104} INFO - [2021-05-01 06:17:33,437] {dag.py:2280} INFO - Setting next_dagrun for tutorial_etl_dag to None
[2021-05-01 06:17:33,465] {scheduler_job.py:190} INFO - Processing /home/airflow/.local/lib/python3.6/site-packages/airflow/example_dags/tutorial_etl_dag.py took 0.150 seconds
[2021-05-01 06:18:03,554] {scheduler_job.py:182} INFO - Started process (PID=4084) to work on /home/airflow/.local/lib/python3.6/site-packages/airflow/example_dags/tutorial_etl_dag.py
[2021-05-01 06:18:03,556] {scheduler_job.py:629} INFO - Processing file /home/airflow/.local/lib/python3.6/site-packages/airflow/example_dags/tutorial_etl_dag.py for tasks to queue
[2021-05-01 06:18:03,558] {logging_mixin.py:104} INFO - [2021-05-01 06:18:03,558] {dagbag.py:451} INFO - Filling up the DagBag from /home/airflow/.local/lib/python3.6/site-packages/airflow/example_dags/tutorial_etl_dag.py
[2021-05-01 06:18:03,586] {scheduler_job.py:639} INFO - DAG(s) dict_keys(['tutorial_etl_dag']) retrieved from /home/airflow/.local/lib/python3.6/site-packages/airflow/example_dags/tutorial_etl_dag.py
[2021-05-01 06:18:03,625] {logging_mixin.py:104} INFO - [2021-05-01 06:18:03,625] {dag.py:1824} INFO - Sync 1 DAGs
[2021-05-01 06:18:03,656] {logging_mixin.py:104} INFO - [2021-05-01 06:18:03,656] {dag.py:2280} INFO - Setting next_dagrun for tutorial_etl_dag to None
[2021-05-01 06:18:03,674] {scheduler_job.py:190} INFO - Processing /home/airflow/.local/lib/python3.6/site-packages/airflow/example_dags/tutorial_etl_dag.py took 0.127 seconds
[2021-05-01 06:18:33,923] {scheduler_job.py:182} INFO - Started process (PID=4117) to work on /home/airflow/.local/lib/python3.6/site-packages/airflow/example_dags/tutorial_etl_dag.py
[2021-05-01 06:18:33,925] {scheduler_job.py:629} INFO - Processing file /home/airflow/.local/lib/python3.6/site-packages/airflow/example_dags/tutorial_etl_dag.py for tasks to queue
[2021-05-01 06:18:33,927] {logging_mixin.py:104} INFO - [2021-05-01 06:18:33,926] {dagbag.py:451} INFO - Filling up the DagBag from /home/airflow/.local/lib/python3.6/site-packages/airflow/example_dags/tutorial_etl_dag.py
[2021-05-01 06:18:33,952] {scheduler_job.py:639} INFO - DAG(s) dict_keys(['tutorial_etl_dag']) retrieved from /home/airflow/.local/lib/python3.6/site-packages/airflow/example_dags/tutorial_etl_dag.py
[2021-05-01 06:18:33,999] {logging_mixin.py:104} INFO - [2021-05-01 06:18:33,999] {dag.py:1824} INFO - Sync 1 DAGs
[2021-05-01 06:18:34,031] {logging_mixin.py:104} INFO - [2021-05-01 06:18:34,031] {dag.py:2280} INFO - Setting next_dagrun for tutorial_etl_dag to None
[2021-05-01 06:18:34,052] {scheduler_job.py:190} INFO - Processing /home/airflow/.local/lib/python3.6/site-packages/airflow/example_dags/tutorial_etl_dag.py took 0.138 seconds
[2021-05-01 06:19:04,795] {scheduler_job.py:182} INFO - Started process (PID=4149) to work on /home/airflow/.local/lib/python3.6/site-packages/airflow/example_dags/tutorial_etl_dag.py
[2021-05-01 06:19:04,796] {scheduler_job.py:629} INFO - Processing file /home/airflow/.local/lib/python3.6/site-packages/airflow/example_dags/tutorial_etl_dag.py for tasks to queue
[2021-05-01 06:19:04,797] {logging_mixin.py:104} INFO - [2021-05-01 06:19:04,796] {dagbag.py:451} INFO - Filling up the DagBag from /home/airflow/.local/lib/python3.6/site-packages/airflow/example_dags/tutorial_etl_dag.py
[2021-05-01 06:19:04,810] {scheduler_job.py:639} INFO - DAG(s) dict_keys(['tutorial_etl_dag']) retrieved from /home/airflow/.local/lib/python3.6/site-packages/airflow/example_dags/tutorial_etl_dag.py
[2021-05-01 06:19:04,836] {logging_mixin.py:104} INFO - [2021-05-01 06:19:04,835] {dag.py:1824} INFO - Sync 1 DAGs
[2021-05-01 06:19:04,854] {logging_mixin.py:104} INFO - [2021-05-01 06:19:04,854] {dag.py:2280} INFO - Setting next_dagrun for tutorial_etl_dag to None
[2021-05-01 06:19:04,869] {scheduler_job.py:190} INFO - Processing /home/airflow/.local/lib/python3.6/site-packages/airflow/example_dags/tutorial_etl_dag.py took 0.078 seconds
[2021-05-01 06:19:35,407] {scheduler_job.py:182} INFO - Started process (PID=4182) to work on /home/airflow/.local/lib/python3.6/site-packages/airflow/example_dags/tutorial_etl_dag.py
[2021-05-01 06:19:35,408] {scheduler_job.py:629} INFO - Processing file /home/airflow/.local/lib/python3.6/site-packages/airflow/example_dags/tutorial_etl_dag.py for tasks to queue
[2021-05-01 06:19:35,409] {logging_mixin.py:104} INFO - [2021-05-01 06:19:35,409] {dagbag.py:451} INFO - Filling up the DagBag from /home/airflow/.local/lib/python3.6/site-packages/airflow/example_dags/tutorial_etl_dag.py
[2021-05-01 06:19:35,420] {scheduler_job.py:639} INFO - DAG(s) dict_keys(['tutorial_etl_dag']) retrieved from /home/airflow/.local/lib/python3.6/site-packages/airflow/example_dags/tutorial_etl_dag.py
[2021-05-01 06:19:35,446] {logging_mixin.py:104} INFO - [2021-05-01 06:19:35,445] {dag.py:1824} INFO - Sync 1 DAGs
[2021-05-01 06:19:35,462] {logging_mixin.py:104} INFO - [2021-05-01 06:19:35,462] {dag.py:2280} INFO - Setting next_dagrun for tutorial_etl_dag to None
[2021-05-01 06:19:35,486] {scheduler_job.py:190} INFO - Processing /home/airflow/.local/lib/python3.6/site-packages/airflow/example_dags/tutorial_etl_dag.py took 0.082 seconds
[2021-05-01 06:20:06,024] {scheduler_job.py:182} INFO - Started process (PID=4222) to work on /home/airflow/.local/lib/python3.6/site-packages/airflow/example_dags/tutorial_etl_dag.py
[2021-05-01 06:20:06,025] {scheduler_job.py:629} INFO - Processing file /home/airflow/.local/lib/python3.6/site-packages/airflow/example_dags/tutorial_etl_dag.py for tasks to queue
[2021-05-01 06:20:06,025] {logging_mixin.py:104} INFO - [2021-05-01 06:20:06,025] {dagbag.py:451} INFO - Filling up the DagBag from /home/airflow/.local/lib/python3.6/site-packages/airflow/example_dags/tutorial_etl_dag.py
[2021-05-01 06:20:06,037] {scheduler_job.py:639} INFO - DAG(s) dict_keys(['tutorial_etl_dag']) retrieved from /home/airflow/.local/lib/python3.6/site-packages/airflow/example_dags/tutorial_etl_dag.py
[2021-05-01 06:20:06,059] {logging_mixin.py:104} INFO - [2021-05-01 06:20:06,059] {dag.py:1824} INFO - Sync 1 DAGs
[2021-05-01 06:20:06,074] {logging_mixin.py:104} INFO - [2021-05-01 06:20:06,074] {dag.py:2280} INFO - Setting next_dagrun for tutorial_etl_dag to None
[2021-05-01 06:20:06,088] {scheduler_job.py:190} INFO - Processing /home/airflow/.local/lib/python3.6/site-packages/airflow/example_dags/tutorial_etl_dag.py took 0.068 seconds
[2021-05-01 06:20:36,522] {scheduler_job.py:182} INFO - Started process (PID=4255) to work on /home/airflow/.local/lib/python3.6/site-packages/airflow/example_dags/tutorial_etl_dag.py
[2021-05-01 06:20:36,524] {scheduler_job.py:629} INFO - Processing file /home/airflow/.local/lib/python3.6/site-packages/airflow/example_dags/tutorial_etl_dag.py for tasks to queue
[2021-05-01 06:20:36,524] {logging_mixin.py:104} INFO - [2021-05-01 06:20:36,524] {dagbag.py:451} INFO - Filling up the DagBag from /home/airflow/.local/lib/python3.6/site-packages/airflow/example_dags/tutorial_etl_dag.py
[2021-05-01 06:20:36,536] {scheduler_job.py:639} INFO - DAG(s) dict_keys(['tutorial_etl_dag']) retrieved from /home/airflow/.local/lib/python3.6/site-packages/airflow/example_dags/tutorial_etl_dag.py
[2021-05-01 06:20:36,562] {logging_mixin.py:104} INFO - [2021-05-01 06:20:36,562] {dag.py:1824} INFO - Sync 1 DAGs
[2021-05-01 06:20:36,581] {logging_mixin.py:104} INFO - [2021-05-01 06:20:36,581] {dag.py:2280} INFO - Setting next_dagrun for tutorial_etl_dag to None
[2021-05-01 06:20:36,610] {scheduler_job.py:190} INFO - Processing /home/airflow/.local/lib/python3.6/site-packages/airflow/example_dags/tutorial_etl_dag.py took 0.092 seconds
[2021-05-01 06:21:06,825] {scheduler_job.py:182} INFO - Started process (PID=4288) to work on /home/airflow/.local/lib/python3.6/site-packages/airflow/example_dags/tutorial_etl_dag.py
[2021-05-01 06:21:06,826] {scheduler_job.py:629} INFO - Processing file /home/airflow/.local/lib/python3.6/site-packages/airflow/example_dags/tutorial_etl_dag.py for tasks to queue
[2021-05-01 06:21:06,826] {logging_mixin.py:104} INFO - [2021-05-01 06:21:06,826] {dagbag.py:451} INFO - Filling up the DagBag from /home/airflow/.local/lib/python3.6/site-packages/airflow/example_dags/tutorial_etl_dag.py
[2021-05-01 06:21:06,839] {scheduler_job.py:639} INFO - DAG(s) dict_keys(['tutorial_etl_dag']) retrieved from /home/airflow/.local/lib/python3.6/site-packages/airflow/example_dags/tutorial_etl_dag.py
[2021-05-01 06:21:06,864] {logging_mixin.py:104} INFO - [2021-05-01 06:21:06,864] {dag.py:1824} INFO - Sync 1 DAGs
[2021-05-01 06:21:06,881] {logging_mixin.py:104} INFO - [2021-05-01 06:21:06,881] {dag.py:2280} INFO - Setting next_dagrun for tutorial_etl_dag to None
[2021-05-01 06:21:06,896] {scheduler_job.py:190} INFO - Processing /home/airflow/.local/lib/python3.6/site-packages/airflow/example_dags/tutorial_etl_dag.py took 0.074 seconds
[2021-05-01 06:21:37,336] {scheduler_job.py:182} INFO - Started process (PID=4321) to work on /home/airflow/.local/lib/python3.6/site-packages/airflow/example_dags/tutorial_etl_dag.py
[2021-05-01 06:21:37,338] {scheduler_job.py:629} INFO - Processing file /home/airflow/.local/lib/python3.6/site-packages/airflow/example_dags/tutorial_etl_dag.py for tasks to queue
[2021-05-01 06:21:37,339] {logging_mixin.py:104} INFO - [2021-05-01 06:21:37,339] {dagbag.py:451} INFO - Filling up the DagBag from /home/airflow/.local/lib/python3.6/site-packages/airflow/example_dags/tutorial_etl_dag.py
[2021-05-01 06:21:37,356] {scheduler_job.py:639} INFO - DAG(s) dict_keys(['tutorial_etl_dag']) retrieved from /home/airflow/.local/lib/python3.6/site-packages/airflow/example_dags/tutorial_etl_dag.py
[2021-05-01 06:21:37,389] {logging_mixin.py:104} INFO - [2021-05-01 06:21:37,389] {dag.py:1824} INFO - Sync 1 DAGs
[2021-05-01 06:21:37,415] {logging_mixin.py:104} INFO - [2021-05-01 06:21:37,415] {dag.py:2280} INFO - Setting next_dagrun for tutorial_etl_dag to None
[2021-05-01 06:21:37,432] {scheduler_job.py:190} INFO - Processing /home/airflow/.local/lib/python3.6/site-packages/airflow/example_dags/tutorial_etl_dag.py took 0.102 seconds
[2021-05-01 06:22:08,244] {scheduler_job.py:182} INFO - Started process (PID=4357) to work on /home/airflow/.local/lib/python3.6/site-packages/airflow/example_dags/tutorial_etl_dag.py
[2021-05-01 06:22:08,246] {scheduler_job.py:629} INFO - Processing file /home/airflow/.local/lib/python3.6/site-packages/airflow/example_dags/tutorial_etl_dag.py for tasks to queue
[2021-05-01 06:22:08,248] {logging_mixin.py:104} INFO - [2021-05-01 06:22:08,247] {dagbag.py:451} INFO - Filling up the DagBag from /home/airflow/.local/lib/python3.6/site-packages/airflow/example_dags/tutorial_etl_dag.py
[2021-05-01 06:22:08,287] {scheduler_job.py:639} INFO - DAG(s) dict_keys(['tutorial_etl_dag']) retrieved from /home/airflow/.local/lib/python3.6/site-packages/airflow/example_dags/tutorial_etl_dag.py
[2021-05-01 06:22:08,340] {logging_mixin.py:104} INFO - [2021-05-01 06:22:08,339] {dag.py:1824} INFO - Sync 1 DAGs
[2021-05-01 06:22:08,383] {logging_mixin.py:104} INFO - [2021-05-01 06:22:08,382] {dag.py:2280} INFO - Setting next_dagrun for tutorial_etl_dag to None
[2021-05-01 06:22:08,546] {scheduler_job.py:190} INFO - Processing /home/airflow/.local/lib/python3.6/site-packages/airflow/example_dags/tutorial_etl_dag.py took 0.315 seconds
[2021-05-01 06:22:38,848] {scheduler_job.py:182} INFO - Started process (PID=4390) to work on /home/airflow/.local/lib/python3.6/site-packages/airflow/example_dags/tutorial_etl_dag.py
[2021-05-01 06:22:38,851] {scheduler_job.py:629} INFO - Processing file /home/airflow/.local/lib/python3.6/site-packages/airflow/example_dags/tutorial_etl_dag.py for tasks to queue
[2021-05-01 06:22:38,852] {logging_mixin.py:104} INFO - [2021-05-01 06:22:38,852] {dagbag.py:451} INFO - Filling up the DagBag from /home/airflow/.local/lib/python3.6/site-packages/airflow/example_dags/tutorial_etl_dag.py
[2021-05-01 06:22:38,885] {scheduler_job.py:639} INFO - DAG(s) dict_keys(['tutorial_etl_dag']) retrieved from /home/airflow/.local/lib/python3.6/site-packages/airflow/example_dags/tutorial_etl_dag.py
[2021-05-01 06:22:38,943] {logging_mixin.py:104} INFO - [2021-05-01 06:22:38,943] {dag.py:1824} INFO - Sync 1 DAGs
[2021-05-01 06:22:38,987] {logging_mixin.py:104} INFO - [2021-05-01 06:22:38,986] {dag.py:2280} INFO - Setting next_dagrun for tutorial_etl_dag to None
[2021-05-01 06:22:39,015] {scheduler_job.py:190} INFO - Processing /home/airflow/.local/lib/python3.6/site-packages/airflow/example_dags/tutorial_etl_dag.py took 0.174 seconds
[2021-05-01 06:23:09,703] {scheduler_job.py:182} INFO - Started process (PID=4421) to work on /home/airflow/.local/lib/python3.6/site-packages/airflow/example_dags/tutorial_etl_dag.py
[2021-05-01 06:23:09,706] {scheduler_job.py:629} INFO - Processing file /home/airflow/.local/lib/python3.6/site-packages/airflow/example_dags/tutorial_etl_dag.py for tasks to queue
[2021-05-01 06:23:09,708] {logging_mixin.py:104} INFO - [2021-05-01 06:23:09,707] {dagbag.py:451} INFO - Filling up the DagBag from /home/airflow/.local/lib/python3.6/site-packages/airflow/example_dags/tutorial_etl_dag.py
[2021-05-01 06:23:09,726] {scheduler_job.py:639} INFO - DAG(s) dict_keys(['tutorial_etl_dag']) retrieved from /home/airflow/.local/lib/python3.6/site-packages/airflow/example_dags/tutorial_etl_dag.py
[2021-05-01 06:23:09,755] {logging_mixin.py:104} INFO - [2021-05-01 06:23:09,754] {dag.py:1824} INFO - Sync 1 DAGs
[2021-05-01 06:23:09,785] {logging_mixin.py:104} INFO - [2021-05-01 06:23:09,784] {dag.py:2280} INFO - Setting next_dagrun for tutorial_etl_dag to None
[2021-05-01 06:23:09,798] {scheduler_job.py:190} INFO - Processing /home/airflow/.local/lib/python3.6/site-packages/airflow/example_dags/tutorial_etl_dag.py took 0.099 seconds
[2021-05-01 06:23:39,842] {scheduler_job.py:182} INFO - Started process (PID=4454) to work on /home/airflow/.local/lib/python3.6/site-packages/airflow/example_dags/tutorial_etl_dag.py
[2021-05-01 06:23:39,844] {scheduler_job.py:629} INFO - Processing file /home/airflow/.local/lib/python3.6/site-packages/airflow/example_dags/tutorial_etl_dag.py for tasks to queue
[2021-05-01 06:23:39,845] {logging_mixin.py:104} INFO - [2021-05-01 06:23:39,845] {dagbag.py:451} INFO - Filling up the DagBag from /home/airflow/.local/lib/python3.6/site-packages/airflow/example_dags/tutorial_etl_dag.py
[2021-05-01 06:23:39,860] {scheduler_job.py:639} INFO - DAG(s) dict_keys(['tutorial_etl_dag']) retrieved from /home/airflow/.local/lib/python3.6/site-packages/airflow/example_dags/tutorial_etl_dag.py
[2021-05-01 06:23:39,887] {logging_mixin.py:104} INFO - [2021-05-01 06:23:39,886] {dag.py:1824} INFO - Sync 1 DAGs
[2021-05-01 06:23:39,905] {logging_mixin.py:104} INFO - [2021-05-01 06:23:39,905] {dag.py:2280} INFO - Setting next_dagrun for tutorial_etl_dag to None
[2021-05-01 06:23:39,917] {scheduler_job.py:190} INFO - Processing /home/airflow/.local/lib/python3.6/site-packages/airflow/example_dags/tutorial_etl_dag.py took 0.079 seconds
[2021-05-01 06:24:10,052] {scheduler_job.py:182} INFO - Started process (PID=4486) to work on /home/airflow/.local/lib/python3.6/site-packages/airflow/example_dags/tutorial_etl_dag.py
[2021-05-01 06:24:10,054] {scheduler_job.py:629} INFO - Processing file /home/airflow/.local/lib/python3.6/site-packages/airflow/example_dags/tutorial_etl_dag.py for tasks to queue
[2021-05-01 06:24:10,055] {logging_mixin.py:104} INFO - [2021-05-01 06:24:10,055] {dagbag.py:451} INFO - Filling up the DagBag from /home/airflow/.local/lib/python3.6/site-packages/airflow/example_dags/tutorial_etl_dag.py
[2021-05-01 06:24:10,072] {scheduler_job.py:639} INFO - DAG(s) dict_keys(['tutorial_etl_dag']) retrieved from /home/airflow/.local/lib/python3.6/site-packages/airflow/example_dags/tutorial_etl_dag.py
[2021-05-01 06:24:10,101] {logging_mixin.py:104} INFO - [2021-05-01 06:24:10,101] {dag.py:1824} INFO - Sync 1 DAGs
[2021-05-01 06:24:10,123] {logging_mixin.py:104} INFO - [2021-05-01 06:24:10,122] {dag.py:2280} INFO - Setting next_dagrun for tutorial_etl_dag to None
[2021-05-01 06:24:10,138] {scheduler_job.py:190} INFO - Processing /home/airflow/.local/lib/python3.6/site-packages/airflow/example_dags/tutorial_etl_dag.py took 0.090 seconds
[2021-05-01 06:24:40,237] {scheduler_job.py:182} INFO - Started process (PID=4519) to work on /home/airflow/.local/lib/python3.6/site-packages/airflow/example_dags/tutorial_etl_dag.py
[2021-05-01 06:24:40,239] {scheduler_job.py:629} INFO - Processing file /home/airflow/.local/lib/python3.6/site-packages/airflow/example_dags/tutorial_etl_dag.py for tasks to queue
[2021-05-01 06:24:40,240] {logging_mixin.py:104} INFO - [2021-05-01 06:24:40,240] {dagbag.py:451} INFO - Filling up the DagBag from /home/airflow/.local/lib/python3.6/site-packages/airflow/example_dags/tutorial_etl_dag.py
[2021-05-01 06:24:40,261] {scheduler_job.py:639} INFO - DAG(s) dict_keys(['tutorial_etl_dag']) retrieved from /home/airflow/.local/lib/python3.6/site-packages/airflow/example_dags/tutorial_etl_dag.py
[2021-05-01 06:24:40,290] {logging_mixin.py:104} INFO - [2021-05-01 06:24:40,290] {dag.py:1824} INFO - Sync 1 DAGs
[2021-05-01 06:24:40,312] {logging_mixin.py:104} INFO - [2021-05-01 06:24:40,312] {dag.py:2280} INFO - Setting next_dagrun for tutorial_etl_dag to None
[2021-05-01 06:24:40,329] {scheduler_job.py:190} INFO - Processing /home/airflow/.local/lib/python3.6/site-packages/airflow/example_dags/tutorial_etl_dag.py took 0.096 seconds
