[2021-04-25 00:07:11,138] {taskinstance.py:877} INFO - Dependencies all met for <TaskInstance: bash_operator_dag.second_task 2021-01-01T00:00:00+00:00 [queued]>
[2021-04-25 00:07:11,192] {taskinstance.py:877} INFO - Dependencies all met for <TaskInstance: bash_operator_dag.second_task 2021-01-01T00:00:00+00:00 [queued]>
[2021-04-25 00:07:11,192] {taskinstance.py:1068} INFO - 
--------------------------------------------------------------------------------
[2021-04-25 00:07:11,192] {taskinstance.py:1069} INFO - Starting attempt 1 of 3
[2021-04-25 00:07:11,193] {taskinstance.py:1070} INFO - 
--------------------------------------------------------------------------------
[2021-04-25 00:07:11,256] {taskinstance.py:1089} INFO - Executing <Task(BashOperator): second_task> on 2021-01-01T00:00:00+00:00
[2021-04-25 00:07:11,284] {standard_task_runner.py:52} INFO - Started process 1311 to run task
[2021-04-25 00:07:11,303] {standard_task_runner.py:76} INFO - Running: ['airflow', 'tasks', 'run', 'bash_operator_dag', 'second_task', '2021-01-01T00:00:00+00:00', '--job-id', '471', '--pool', 'default_pool', '--raw', '--subdir', 'DAGS_FOLDER/simple_bash_operator_dag.py', '--cfg-path', '/tmp/tmpc_qnfgfk', '--error-file', '/tmp/tmplrnhl4m_']
[2021-04-25 00:07:11,305] {standard_task_runner.py:77} INFO - Job 471: Subtask second_task
[2021-04-25 00:07:11,620] {logging_mixin.py:104} INFO - Running <TaskInstance: bash_operator_dag.second_task 2021-01-01T00:00:00+00:00 [running]> on host 4a00a306afdc
[2021-04-25 00:07:11,754] {taskinstance.py:1283} INFO - Exporting the following env vars:
AIRFLOW_CTX_DAG_OWNER=airflow
AIRFLOW_CTX_DAG_ID=bash_operator_dag
AIRFLOW_CTX_TASK_ID=second_task
AIRFLOW_CTX_EXECUTION_DATE=2021-01-01T00:00:00+00:00
AIRFLOW_CTX_DAG_RUN_ID=scheduled__2021-01-01T00:00:00+00:00
[2021-04-25 00:07:11,758] {bash.py:135} INFO - Tmp dir root location: 
 /tmp
[2021-04-25 00:07:11,761] {bash.py:158} INFO - Running command: echo "testing second bash operator"
[2021-04-25 00:07:11,801] {bash.py:169} INFO - Output:
[2021-04-25 00:07:11,806] {bash.py:173} INFO - testing second bash operator
[2021-04-25 00:07:11,808] {bash.py:177} INFO - Command exited with return code 0
[2021-04-25 00:07:11,903] {taskinstance.py:1192} INFO - Marking task as SUCCESS. dag_id=bash_operator_dag, task_id=second_task, execution_date=20210101T000000, start_date=20210425T000711, end_date=20210425T000711
[2021-04-25 00:07:12,010] {taskinstance.py:1246} INFO - 0 downstream tasks scheduled from follow-on schedule check
[2021-04-25 00:07:12,066] {local_task_job.py:146} INFO - Task exited with return code 0
[2021-04-25 00:43:29,889] {taskinstance.py:877} INFO - Dependencies all met for <TaskInstance: bash_operator_dag.second_task 2021-01-01T00:00:00+00:00 [queued]>
[2021-04-25 00:43:30,084] {taskinstance.py:877} INFO - Dependencies all met for <TaskInstance: bash_operator_dag.second_task 2021-01-01T00:00:00+00:00 [queued]>
[2021-04-25 00:43:30,085] {taskinstance.py:1068} INFO - 
--------------------------------------------------------------------------------
[2021-04-25 00:43:30,086] {taskinstance.py:1069} INFO - Starting attempt 1 of 3
[2021-04-25 00:43:30,086] {taskinstance.py:1070} INFO - 
--------------------------------------------------------------------------------
[2021-04-25 00:43:30,219] {taskinstance.py:1089} INFO - Executing <Task(BashOperator): second_task> on 2021-01-01T00:00:00+00:00
[2021-04-25 00:43:30,246] {standard_task_runner.py:52} INFO - Started process 1995 to run task
[2021-04-25 00:43:30,292] {standard_task_runner.py:76} INFO - Running: ['airflow', 'tasks', 'run', 'bash_operator_dag', 'second_task', '2021-01-01T00:00:00+00:00', '--job-id', '700', '--pool', 'default_pool', '--raw', '--subdir', 'DAGS_FOLDER/simple_bash_operator_dag.py', '--cfg-path', '/tmp/tmp6jr0xymq', '--error-file', '/tmp/tmpj8p8t5eg']
[2021-04-25 00:43:30,293] {standard_task_runner.py:77} INFO - Job 700: Subtask second_task
[2021-04-25 00:43:30,652] {logging_mixin.py:104} INFO - Running <TaskInstance: bash_operator_dag.second_task 2021-01-01T00:00:00+00:00 [running]> on host 4a00a306afdc
[2021-04-25 00:43:31,111] {taskinstance.py:1283} INFO - Exporting the following env vars:
AIRFLOW_CTX_DAG_OWNER=airflow
AIRFLOW_CTX_DAG_ID=bash_operator_dag
AIRFLOW_CTX_TASK_ID=second_task
AIRFLOW_CTX_EXECUTION_DATE=2021-01-01T00:00:00+00:00
AIRFLOW_CTX_DAG_RUN_ID=scheduled__2021-01-01T00:00:00+00:00
[2021-04-25 00:43:31,113] {bash.py:135} INFO - Tmp dir root location: 
 /tmp
[2021-04-25 00:43:31,147] {bash.py:158} INFO - Running command: echo "testing second bash operator"
[2021-04-25 00:43:31,234] {bash.py:169} INFO - Output:
[2021-04-25 00:43:31,237] {bash.py:173} INFO - testing second bash operator
[2021-04-25 00:43:31,238] {bash.py:177} INFO - Command exited with return code 0
[2021-04-25 00:43:31,495] {taskinstance.py:1192} INFO - Marking task as SUCCESS. dag_id=bash_operator_dag, task_id=second_task, execution_date=20210101T000000, start_date=20210425T004329, end_date=20210425T004331
[2021-04-25 00:43:31,754] {taskinstance.py:1246} INFO - 0 downstream tasks scheduled from follow-on schedule check
[2021-04-25 00:43:31,816] {local_task_job.py:146} INFO - Task exited with return code 0
