[2021-04-25 00:07:21,937] {taskinstance.py:877} INFO - Dependencies all met for <TaskInstance: bash_operator_dag.second_task 2021-01-10T00:00:00+00:00 [queued]>
[2021-04-25 00:07:22,006] {taskinstance.py:877} INFO - Dependencies all met for <TaskInstance: bash_operator_dag.second_task 2021-01-10T00:00:00+00:00 [queued]>
[2021-04-25 00:07:22,007] {taskinstance.py:1068} INFO - 
--------------------------------------------------------------------------------
[2021-04-25 00:07:22,007] {taskinstance.py:1069} INFO - Starting attempt 1 of 3
[2021-04-25 00:07:22,008] {taskinstance.py:1070} INFO - 
--------------------------------------------------------------------------------
[2021-04-25 00:07:22,074] {taskinstance.py:1089} INFO - Executing <Task(BashOperator): second_task> on 2021-01-10T00:00:00+00:00
[2021-04-25 00:07:22,085] {standard_task_runner.py:52} INFO - Started process 1362 to run task
[2021-04-25 00:07:22,101] {standard_task_runner.py:76} INFO - Running: ['airflow', 'tasks', 'run', 'bash_operator_dag', 'second_task', '2021-01-10T00:00:00+00:00', '--job-id', '489', '--pool', 'default_pool', '--raw', '--subdir', 'DAGS_FOLDER/simple_bash_operator_dag.py', '--cfg-path', '/tmp/tmpfltbc0mw', '--error-file', '/tmp/tmpvalzjx3o']
[2021-04-25 00:07:22,102] {standard_task_runner.py:77} INFO - Job 489: Subtask second_task
[2021-04-25 00:07:22,242] {logging_mixin.py:104} INFO - Running <TaskInstance: bash_operator_dag.second_task 2021-01-10T00:00:00+00:00 [running]> on host 4a00a306afdc
[2021-04-25 00:07:22,450] {taskinstance.py:1283} INFO - Exporting the following env vars:
AIRFLOW_CTX_DAG_OWNER=airflow
AIRFLOW_CTX_DAG_ID=bash_operator_dag
AIRFLOW_CTX_TASK_ID=second_task
AIRFLOW_CTX_EXECUTION_DATE=2021-01-10T00:00:00+00:00
AIRFLOW_CTX_DAG_RUN_ID=scheduled__2021-01-10T00:00:00+00:00
[2021-04-25 00:07:22,459] {bash.py:135} INFO - Tmp dir root location: 
 /tmp
[2021-04-25 00:07:22,463] {bash.py:158} INFO - Running command: echo "testing second bash operator"
[2021-04-25 00:07:22,495] {bash.py:169} INFO - Output:
[2021-04-25 00:07:22,500] {bash.py:173} INFO - testing second bash operator
[2021-04-25 00:07:22,503] {bash.py:177} INFO - Command exited with return code 0
[2021-04-25 00:07:22,618] {taskinstance.py:1192} INFO - Marking task as SUCCESS. dag_id=bash_operator_dag, task_id=second_task, execution_date=20210110T000000, start_date=20210425T000721, end_date=20210425T000722
[2021-04-25 00:07:22,793] {taskinstance.py:1246} INFO - 0 downstream tasks scheduled from follow-on schedule check
[2021-04-25 00:07:22,851] {local_task_job.py:146} INFO - Task exited with return code 0
[2021-04-25 00:43:41,257] {taskinstance.py:877} INFO - Dependencies all met for <TaskInstance: bash_operator_dag.second_task 2021-01-10T00:00:00+00:00 [queued]>
[2021-04-25 00:43:41,322] {taskinstance.py:877} INFO - Dependencies all met for <TaskInstance: bash_operator_dag.second_task 2021-01-10T00:00:00+00:00 [queued]>
[2021-04-25 00:43:41,329] {taskinstance.py:1068} INFO - 
--------------------------------------------------------------------------------
[2021-04-25 00:43:41,331] {taskinstance.py:1069} INFO - Starting attempt 1 of 3
[2021-04-25 00:43:41,334] {taskinstance.py:1070} INFO - 
--------------------------------------------------------------------------------
[2021-04-25 00:43:41,451] {taskinstance.py:1089} INFO - Executing <Task(BashOperator): second_task> on 2021-01-10T00:00:00+00:00
[2021-04-25 00:43:41,470] {standard_task_runner.py:52} INFO - Started process 2043 to run task
[2021-04-25 00:43:41,516] {standard_task_runner.py:76} INFO - Running: ['airflow', 'tasks', 'run', 'bash_operator_dag', 'second_task', '2021-01-10T00:00:00+00:00', '--job-id', '716', '--pool', 'default_pool', '--raw', '--subdir', 'DAGS_FOLDER/simple_bash_operator_dag.py', '--cfg-path', '/tmp/tmpeyzaox63', '--error-file', '/tmp/tmpbnv5vkz6']
[2021-04-25 00:43:41,517] {standard_task_runner.py:77} INFO - Job 716: Subtask second_task
[2021-04-25 00:43:41,714] {logging_mixin.py:104} INFO - Running <TaskInstance: bash_operator_dag.second_task 2021-01-10T00:00:00+00:00 [running]> on host 4a00a306afdc
[2021-04-25 00:43:41,939] {taskinstance.py:1283} INFO - Exporting the following env vars:
AIRFLOW_CTX_DAG_OWNER=airflow
AIRFLOW_CTX_DAG_ID=bash_operator_dag
AIRFLOW_CTX_TASK_ID=second_task
AIRFLOW_CTX_EXECUTION_DATE=2021-01-10T00:00:00+00:00
AIRFLOW_CTX_DAG_RUN_ID=scheduled__2021-01-10T00:00:00+00:00
[2021-04-25 00:43:41,941] {bash.py:135} INFO - Tmp dir root location: 
 /tmp
[2021-04-25 00:43:41,946] {bash.py:158} INFO - Running command: echo "testing second bash operator"
[2021-04-25 00:43:41,974] {bash.py:169} INFO - Output:
[2021-04-25 00:43:41,979] {bash.py:173} INFO - testing second bash operator
[2021-04-25 00:43:41,980] {bash.py:177} INFO - Command exited with return code 0
[2021-04-25 00:43:42,089] {taskinstance.py:1192} INFO - Marking task as SUCCESS. dag_id=bash_operator_dag, task_id=second_task, execution_date=20210110T000000, start_date=20210425T004341, end_date=20210425T004342
[2021-04-25 00:43:42,238] {taskinstance.py:1246} INFO - 0 downstream tasks scheduled from follow-on schedule check
[2021-04-25 00:43:42,268] {local_task_job.py:146} INFO - Task exited with return code 0
