[2021-05-01 05:30:14,495] {taskinstance.py:877} INFO - Dependencies all met for <TaskInstance: bash_operator_dag.second_task 2021-04-30T00:00:00+00:00 [queued]>
[2021-05-01 05:30:14,517] {taskinstance.py:877} INFO - Dependencies all met for <TaskInstance: bash_operator_dag.second_task 2021-04-30T00:00:00+00:00 [queued]>
[2021-05-01 05:30:14,517] {taskinstance.py:1068} INFO - 
--------------------------------------------------------------------------------
[2021-05-01 05:30:14,517] {taskinstance.py:1069} INFO - Starting attempt 1 of 3
[2021-05-01 05:30:14,517] {taskinstance.py:1070} INFO - 
--------------------------------------------------------------------------------
[2021-05-01 05:30:14,526] {taskinstance.py:1089} INFO - Executing <Task(BashOperator): second_task> on 2021-04-30T00:00:00+00:00
[2021-05-01 05:30:14,535] {standard_task_runner.py:76} INFO - Running: ['airflow', 'tasks', 'run', 'bash_operator_dag', 'second_task', '2021-04-30T00:00:00+00:00', '--job-id', '1032', '--pool', 'default_pool', '--raw', '--subdir', 'DAGS_FOLDER/bash_operator/simple_bash_operator_dag.py', '--cfg-path', '/tmp/tmp2o2cbi21', '--error-file', '/tmp/tmpr6g3prlv']
[2021-05-01 05:30:14,530] {standard_task_runner.py:52} INFO - Started process 52 to run task
[2021-05-01 05:30:14,536] {standard_task_runner.py:77} INFO - Job 1032: Subtask second_task
[2021-05-01 05:30:14,585] {logging_mixin.py:104} INFO - Running <TaskInstance: bash_operator_dag.second_task 2021-04-30T00:00:00+00:00 [running]> on host d6e2455ef0ec
[2021-05-01 05:30:14,632] {taskinstance.py:1283} INFO - Exporting the following env vars:
AIRFLOW_CTX_DAG_OWNER=airflow
AIRFLOW_CTX_DAG_ID=bash_operator_dag
AIRFLOW_CTX_TASK_ID=second_task
AIRFLOW_CTX_EXECUTION_DATE=2021-04-30T00:00:00+00:00
AIRFLOW_CTX_DAG_RUN_ID=scheduled__2021-04-30T00:00:00+00:00
[2021-05-01 05:30:14,632] {bash.py:135} INFO - Tmp dir root location: 
 /tmp
[2021-05-01 05:30:14,634] {bash.py:158} INFO - Running command: echo "testing second bash operator"
[2021-05-01 05:30:14,643] {bash.py:169} INFO - Output:
[2021-05-01 05:30:14,644] {bash.py:173} INFO - testing second bash operator
[2021-05-01 05:30:14,645] {bash.py:177} INFO - Command exited with return code 0
[2021-05-01 05:30:14,675] {taskinstance.py:1192} INFO - Marking task as SUCCESS. dag_id=bash_operator_dag, task_id=second_task, execution_date=20210430T000000, start_date=20210501T053014, end_date=20210501T053014
[2021-05-01 05:30:14,713] {taskinstance.py:1246} INFO - 0 downstream tasks scheduled from follow-on schedule check
[2021-05-01 05:30:14,751] {local_task_job.py:146} INFO - Task exited with return code 0
