[2021-04-25 00:07:40,200] {taskinstance.py:877} INFO - Dependencies all met for <TaskInstance: bash_operator_dag.first_task 2021-01-31T00:00:00+00:00 [queued]>
[2021-04-25 00:07:40,305] {taskinstance.py:877} INFO - Dependencies all met for <TaskInstance: bash_operator_dag.first_task 2021-01-31T00:00:00+00:00 [queued]>
[2021-04-25 00:07:40,306] {taskinstance.py:1068} INFO - 
--------------------------------------------------------------------------------
[2021-04-25 00:07:40,306] {taskinstance.py:1069} INFO - Starting attempt 1 of 3
[2021-04-25 00:07:40,306] {taskinstance.py:1070} INFO - 
--------------------------------------------------------------------------------
[2021-04-25 00:07:40,380] {taskinstance.py:1089} INFO - Executing <Task(BashOperator): first_task> on 2021-01-31T00:00:00+00:00
[2021-04-25 00:07:40,426] {standard_task_runner.py:76} INFO - Running: ['airflow', 'tasks', 'run', 'bash_operator_dag', 'first_task', '2021-01-31T00:00:00+00:00', '--job-id', '525', '--pool', 'default_pool', '--raw', '--subdir', 'DAGS_FOLDER/simple_bash_operator_dag.py', '--cfg-path', '/tmp/tmp6ig7emav', '--error-file', '/tmp/tmp0a8sa_8_']
[2021-04-25 00:07:40,398] {standard_task_runner.py:52} INFO - Started process 1470 to run task
[2021-04-25 00:07:40,428] {standard_task_runner.py:77} INFO - Job 525: Subtask first_task
[2021-04-25 00:07:40,620] {logging_mixin.py:104} INFO - Running <TaskInstance: bash_operator_dag.first_task 2021-01-31T00:00:00+00:00 [running]> on host 4a00a306afdc
[2021-04-25 00:07:40,783] {taskinstance.py:1283} INFO - Exporting the following env vars:
AIRFLOW_CTX_DAG_OWNER=airflow
AIRFLOW_CTX_DAG_ID=bash_operator_dag
AIRFLOW_CTX_TASK_ID=first_task
AIRFLOW_CTX_EXECUTION_DATE=2021-01-31T00:00:00+00:00
AIRFLOW_CTX_DAG_RUN_ID=scheduled__2021-01-31T00:00:00+00:00
[2021-04-25 00:07:40,787] {bash.py:135} INFO - Tmp dir root location: 
 /tmp
[2021-04-25 00:07:40,792] {bash.py:158} INFO - Running command: echo "testing first bash operator"
[2021-04-25 00:07:40,824] {bash.py:169} INFO - Output:
[2021-04-25 00:07:40,831] {bash.py:173} INFO - testing first bash operator
[2021-04-25 00:07:40,832] {bash.py:177} INFO - Command exited with return code 0
[2021-04-25 00:07:40,960] {taskinstance.py:1192} INFO - Marking task as SUCCESS. dag_id=bash_operator_dag, task_id=first_task, execution_date=20210131T000000, start_date=20210425T000740, end_date=20210425T000740
[2021-04-25 00:07:41,115] {taskinstance.py:1246} INFO - 1 downstream tasks scheduled from follow-on schedule check
[2021-04-25 00:07:41,148] {local_task_job.py:146} INFO - Task exited with return code 0
[2021-04-25 00:44:10,491] {taskinstance.py:877} INFO - Dependencies all met for <TaskInstance: bash_operator_dag.first_task 2021-01-31T00:00:00+00:00 [queued]>
[2021-04-25 00:44:10,632] {taskinstance.py:877} INFO - Dependencies all met for <TaskInstance: bash_operator_dag.first_task 2021-01-31T00:00:00+00:00 [queued]>
[2021-04-25 00:44:10,633] {taskinstance.py:1068} INFO - 
--------------------------------------------------------------------------------
[2021-04-25 00:44:10,633] {taskinstance.py:1069} INFO - Starting attempt 1 of 3
[2021-04-25 00:44:10,633] {taskinstance.py:1070} INFO - 
--------------------------------------------------------------------------------
[2021-04-25 00:44:10,850] {taskinstance.py:1089} INFO - Executing <Task(BashOperator): first_task> on 2021-01-31T00:00:00+00:00
[2021-04-25 00:44:10,863] {standard_task_runner.py:52} INFO - Started process 2153 to run task
[2021-04-25 00:44:10,888] {standard_task_runner.py:76} INFO - Running: ['airflow', 'tasks', 'run', 'bash_operator_dag', 'first_task', '2021-01-31T00:00:00+00:00', '--job-id', '752', '--pool', 'default_pool', '--raw', '--subdir', 'DAGS_FOLDER/simple_bash_operator_dag.py', '--cfg-path', '/tmp/tmpxlg9p7os', '--error-file', '/tmp/tmpmjwzr45e']
[2021-04-25 00:44:10,889] {standard_task_runner.py:77} INFO - Job 752: Subtask first_task
[2021-04-25 00:44:11,217] {logging_mixin.py:104} INFO - Running <TaskInstance: bash_operator_dag.first_task 2021-01-31T00:00:00+00:00 [running]> on host 4a00a306afdc
[2021-04-25 00:44:11,426] {taskinstance.py:1283} INFO - Exporting the following env vars:
AIRFLOW_CTX_DAG_OWNER=airflow
AIRFLOW_CTX_DAG_ID=bash_operator_dag
AIRFLOW_CTX_TASK_ID=first_task
AIRFLOW_CTX_EXECUTION_DATE=2021-01-31T00:00:00+00:00
AIRFLOW_CTX_DAG_RUN_ID=scheduled__2021-01-31T00:00:00+00:00
[2021-04-25 00:44:11,428] {bash.py:135} INFO - Tmp dir root location: 
 /tmp
[2021-04-25 00:44:11,430] {bash.py:158} INFO - Running command: echo "testing first bash operator"
[2021-04-25 00:44:11,468] {bash.py:169} INFO - Output:
[2021-04-25 00:44:11,472] {bash.py:173} INFO - testing first bash operator
[2021-04-25 00:44:11,473] {bash.py:177} INFO - Command exited with return code 0
[2021-04-25 00:44:11,651] {taskinstance.py:1192} INFO - Marking task as SUCCESS. dag_id=bash_operator_dag, task_id=first_task, execution_date=20210131T000000, start_date=20210425T004410, end_date=20210425T004411
[2021-04-25 00:44:11,829] {taskinstance.py:1246} INFO - 1 downstream tasks scheduled from follow-on schedule check
[2021-04-25 00:44:11,857] {local_task_job.py:146} INFO - Task exited with return code 0
