[2021-04-25 00:07:34,491] {taskinstance.py:877} INFO - Dependencies all met for <TaskInstance: bash_operator_dag.second_task 2021-01-23T00:00:00+00:00 [queued]>
[2021-04-25 00:07:34,535] {taskinstance.py:877} INFO - Dependencies all met for <TaskInstance: bash_operator_dag.second_task 2021-01-23T00:00:00+00:00 [queued]>
[2021-04-25 00:07:34,536] {taskinstance.py:1068} INFO - 
--------------------------------------------------------------------------------
[2021-04-25 00:07:34,536] {taskinstance.py:1069} INFO - Starting attempt 1 of 3
[2021-04-25 00:07:34,536] {taskinstance.py:1070} INFO - 
--------------------------------------------------------------------------------
[2021-04-25 00:07:34,589] {taskinstance.py:1089} INFO - Executing <Task(BashOperator): second_task> on 2021-01-23T00:00:00+00:00
[2021-04-25 00:07:34,598] {standard_task_runner.py:52} INFO - Started process 1439 to run task
[2021-04-25 00:07:34,616] {standard_task_runner.py:76} INFO - Running: ['airflow', 'tasks', 'run', 'bash_operator_dag', 'second_task', '2021-01-23T00:00:00+00:00', '--job-id', '515', '--pool', 'default_pool', '--raw', '--subdir', 'DAGS_FOLDER/simple_bash_operator_dag.py', '--cfg-path', '/tmp/tmpnu6klj70', '--error-file', '/tmp/tmpii1gt2oa']
[2021-04-25 00:07:34,617] {standard_task_runner.py:77} INFO - Job 515: Subtask second_task
[2021-04-25 00:07:34,749] {logging_mixin.py:104} INFO - Running <TaskInstance: bash_operator_dag.second_task 2021-01-23T00:00:00+00:00 [running]> on host 4a00a306afdc
[2021-04-25 00:07:34,906] {taskinstance.py:1283} INFO - Exporting the following env vars:
AIRFLOW_CTX_DAG_OWNER=airflow
AIRFLOW_CTX_DAG_ID=bash_operator_dag
AIRFLOW_CTX_TASK_ID=second_task
AIRFLOW_CTX_EXECUTION_DATE=2021-01-23T00:00:00+00:00
AIRFLOW_CTX_DAG_RUN_ID=scheduled__2021-01-23T00:00:00+00:00
[2021-04-25 00:07:34,907] {bash.py:135} INFO - Tmp dir root location: 
 /tmp
[2021-04-25 00:07:34,910] {bash.py:158} INFO - Running command: echo "testing second bash operator"
[2021-04-25 00:07:34,941] {bash.py:169} INFO - Output:
[2021-04-25 00:07:34,943] {bash.py:173} INFO - testing second bash operator
[2021-04-25 00:07:34,946] {bash.py:177} INFO - Command exited with return code 0
[2021-04-25 00:07:35,032] {taskinstance.py:1192} INFO - Marking task as SUCCESS. dag_id=bash_operator_dag, task_id=second_task, execution_date=20210123T000000, start_date=20210425T000734, end_date=20210425T000735
[2021-04-25 00:07:35,104] {taskinstance.py:1246} INFO - 0 downstream tasks scheduled from follow-on schedule check
[2021-04-25 00:07:35,155] {local_task_job.py:146} INFO - Task exited with return code 0
[2021-04-25 00:44:03,446] {taskinstance.py:877} INFO - Dependencies all met for <TaskInstance: bash_operator_dag.second_task 2021-01-23T00:00:00+00:00 [queued]>
[2021-04-25 00:44:03,533] {taskinstance.py:877} INFO - Dependencies all met for <TaskInstance: bash_operator_dag.second_task 2021-01-23T00:00:00+00:00 [queued]>
[2021-04-25 00:44:03,546] {taskinstance.py:1068} INFO - 
--------------------------------------------------------------------------------
[2021-04-25 00:44:03,547] {taskinstance.py:1069} INFO - Starting attempt 1 of 3
[2021-04-25 00:44:03,547] {taskinstance.py:1070} INFO - 
--------------------------------------------------------------------------------
[2021-04-25 00:44:03,655] {taskinstance.py:1089} INFO - Executing <Task(BashOperator): second_task> on 2021-01-23T00:00:00+00:00
[2021-04-25 00:44:03,690] {standard_task_runner.py:52} INFO - Started process 2123 to run task
[2021-04-25 00:44:03,707] {standard_task_runner.py:76} INFO - Running: ['airflow', 'tasks', 'run', 'bash_operator_dag', 'second_task', '2021-01-23T00:00:00+00:00', '--job-id', '742', '--pool', 'default_pool', '--raw', '--subdir', 'DAGS_FOLDER/simple_bash_operator_dag.py', '--cfg-path', '/tmp/tmpw38_lfjx', '--error-file', '/tmp/tmph_ys6_zc']
[2021-04-25 00:44:03,708] {standard_task_runner.py:77} INFO - Job 742: Subtask second_task
[2021-04-25 00:44:03,968] {logging_mixin.py:104} INFO - Running <TaskInstance: bash_operator_dag.second_task 2021-01-23T00:00:00+00:00 [running]> on host 4a00a306afdc
[2021-04-25 00:44:04,230] {taskinstance.py:1283} INFO - Exporting the following env vars:
AIRFLOW_CTX_DAG_OWNER=airflow
AIRFLOW_CTX_DAG_ID=bash_operator_dag
AIRFLOW_CTX_TASK_ID=second_task
AIRFLOW_CTX_EXECUTION_DATE=2021-01-23T00:00:00+00:00
AIRFLOW_CTX_DAG_RUN_ID=scheduled__2021-01-23T00:00:00+00:00
[2021-04-25 00:44:04,232] {bash.py:135} INFO - Tmp dir root location: 
 /tmp
[2021-04-25 00:44:04,234] {bash.py:158} INFO - Running command: echo "testing second bash operator"
[2021-04-25 00:44:04,264] {bash.py:169} INFO - Output:
[2021-04-25 00:44:04,267] {bash.py:173} INFO - testing second bash operator
[2021-04-25 00:44:04,268] {bash.py:177} INFO - Command exited with return code 0
[2021-04-25 00:44:04,431] {taskinstance.py:1192} INFO - Marking task as SUCCESS. dag_id=bash_operator_dag, task_id=second_task, execution_date=20210123T000000, start_date=20210425T004403, end_date=20210425T004404
[2021-04-25 00:44:04,569] {taskinstance.py:1246} INFO - 0 downstream tasks scheduled from follow-on schedule check
[2021-04-25 00:44:04,595] {local_task_job.py:146} INFO - Task exited with return code 0
