[2021-04-25 00:05:21,278] {taskinstance.py:877} INFO - Dependencies all met for <TaskInstance: bash_operator_dag.first_task 2021-03-16T00:00:00+00:00 [queued]>
[2021-04-25 00:05:21,406] {taskinstance.py:877} INFO - Dependencies all met for <TaskInstance: bash_operator_dag.first_task 2021-03-16T00:00:00+00:00 [queued]>
[2021-04-25 00:05:21,407] {taskinstance.py:1068} INFO - 
--------------------------------------------------------------------------------
[2021-04-25 00:05:21,407] {taskinstance.py:1069} INFO - Starting attempt 1 of 1
[2021-04-25 00:05:21,407] {taskinstance.py:1070} INFO - 
--------------------------------------------------------------------------------
[2021-04-25 00:05:21,465] {taskinstance.py:1089} INFO - Executing <Task(BashOperator): first_task> on 2021-03-16T00:00:00+00:00
[2021-04-25 00:05:21,477] {standard_task_runner.py:52} INFO - Started process 1171 to run task
[2021-04-25 00:05:21,500] {standard_task_runner.py:76} INFO - Running: ['airflow', 'tasks', 'run', 'bash_operator_dag', 'first_task', '2021-03-16T00:00:00+00:00', '--job-id', '424', '--pool', 'default_pool', '--raw', '--subdir', 'DAGS_FOLDER/simple_bash_operator_dag.py', '--cfg-path', '/tmp/tmp07zdmtvd', '--error-file', '/tmp/tmpo8hzp5sw']
[2021-04-25 00:05:21,501] {standard_task_runner.py:77} INFO - Job 424: Subtask first_task
[2021-04-25 00:05:21,617] {logging_mixin.py:104} INFO - Running <TaskInstance: bash_operator_dag.first_task 2021-03-16T00:00:00+00:00 [running]> on host 4a00a306afdc
[2021-04-25 00:05:21,719] {taskinstance.py:1283} INFO - Exporting the following env vars:
AIRFLOW_CTX_DAG_OWNER=airflow
AIRFLOW_CTX_DAG_ID=bash_operator_dag
AIRFLOW_CTX_TASK_ID=first_task
AIRFLOW_CTX_EXECUTION_DATE=2021-03-16T00:00:00+00:00
AIRFLOW_CTX_DAG_RUN_ID=scheduled__2021-03-16T00:00:00+00:00
[2021-04-25 00:05:21,720] {bash.py:135} INFO - Tmp dir root location: 
 /tmp
[2021-04-25 00:05:21,722] {bash.py:158} INFO - Running command: echo "testing first bash operator"
[2021-04-25 00:05:21,760] {bash.py:169} INFO - Output:
[2021-04-25 00:05:21,762] {bash.py:173} INFO - testing first bash operator
[2021-04-25 00:05:21,765] {bash.py:177} INFO - Command exited with return code 0
[2021-04-25 00:05:21,886] {taskinstance.py:1192} INFO - Marking task as SUCCESS. dag_id=bash_operator_dag, task_id=first_task, execution_date=20210316T000000, start_date=20210425T000521, end_date=20210425T000521
[2021-04-25 00:05:22,073] {taskinstance.py:1246} INFO - 1 downstream tasks scheduled from follow-on schedule check
[2021-04-25 00:05:22,126] {local_task_job.py:146} INFO - Task exited with return code 0
[2021-04-25 00:08:27,003] {taskinstance.py:877} INFO - Dependencies all met for <TaskInstance: bash_operator_dag.first_task 2021-03-16T00:00:00+00:00 [queued]>
[2021-04-25 00:08:27,056] {taskinstance.py:877} INFO - Dependencies all met for <TaskInstance: bash_operator_dag.first_task 2021-03-16T00:00:00+00:00 [queued]>
[2021-04-25 00:08:27,057] {taskinstance.py:1068} INFO - 
--------------------------------------------------------------------------------
[2021-04-25 00:08:27,058] {taskinstance.py:1069} INFO - Starting attempt 1 of 3
[2021-04-25 00:08:27,059] {taskinstance.py:1070} INFO - 
--------------------------------------------------------------------------------
[2021-04-25 00:08:27,116] {taskinstance.py:1089} INFO - Executing <Task(BashOperator): first_task> on 2021-03-16T00:00:00+00:00
[2021-04-25 00:08:27,128] {standard_task_runner.py:52} INFO - Started process 1733 to run task
[2021-04-25 00:08:27,146] {standard_task_runner.py:76} INFO - Running: ['airflow', 'tasks', 'run', 'bash_operator_dag', 'first_task', '2021-03-16T00:00:00+00:00', '--job-id', '612', '--pool', 'default_pool', '--raw', '--subdir', 'DAGS_FOLDER/simple_bash_operator_dag.py', '--cfg-path', '/tmp/tmp8bsuhuz0', '--error-file', '/tmp/tmptiux5q5s']
[2021-04-25 00:08:27,147] {standard_task_runner.py:77} INFO - Job 612: Subtask first_task
[2021-04-25 00:08:27,323] {logging_mixin.py:104} INFO - Running <TaskInstance: bash_operator_dag.first_task 2021-03-16T00:00:00+00:00 [running]> on host 4a00a306afdc
[2021-04-25 00:08:27,516] {taskinstance.py:1283} INFO - Exporting the following env vars:
AIRFLOW_CTX_DAG_OWNER=airflow
AIRFLOW_CTX_DAG_ID=bash_operator_dag
AIRFLOW_CTX_TASK_ID=first_task
AIRFLOW_CTX_EXECUTION_DATE=2021-03-16T00:00:00+00:00
AIRFLOW_CTX_DAG_RUN_ID=scheduled__2021-03-16T00:00:00+00:00
[2021-04-25 00:08:27,518] {bash.py:135} INFO - Tmp dir root location: 
 /tmp
[2021-04-25 00:08:27,519] {bash.py:158} INFO - Running command: echo "testing first bash operator"
[2021-04-25 00:08:27,554] {bash.py:169} INFO - Output:
[2021-04-25 00:08:27,555] {bash.py:173} INFO - testing first bash operator
[2021-04-25 00:08:27,556] {bash.py:177} INFO - Command exited with return code 0
[2021-04-25 00:08:27,667] {taskinstance.py:1192} INFO - Marking task as SUCCESS. dag_id=bash_operator_dag, task_id=first_task, execution_date=20210316T000000, start_date=20210425T000827, end_date=20210425T000827
[2021-04-25 00:08:27,777] {taskinstance.py:1246} INFO - 1 downstream tasks scheduled from follow-on schedule check
[2021-04-25 00:08:27,828] {local_task_job.py:146} INFO - Task exited with return code 0
