[2021-10-13 04:51:24,740] {scheduler_job.py:182} INFO - Started process (PID=47) to work on /home/airflow/.local/lib/python3.6/site-packages/airflow/example_dags/example_trigger_controller_dag.py
[2021-10-13 04:51:24,742] {scheduler_job.py:629} INFO - Processing file /home/airflow/.local/lib/python3.6/site-packages/airflow/example_dags/example_trigger_controller_dag.py for tasks to queue
[2021-10-13 04:51:24,743] {logging_mixin.py:104} INFO - [2021-10-13 04:51:24,743] {dagbag.py:451} INFO - Filling up the DagBag from /home/airflow/.local/lib/python3.6/site-packages/airflow/example_dags/example_trigger_controller_dag.py
[2021-10-13 04:51:24,766] {scheduler_job.py:639} INFO - DAG(s) dict_keys(['example_trigger_controller_dag']) retrieved from /home/airflow/.local/lib/python3.6/site-packages/airflow/example_dags/example_trigger_controller_dag.py
[2021-10-13 04:51:24,799] {logging_mixin.py:104} INFO - [2021-10-13 04:51:24,798] {dag.py:1824} INFO - Sync 1 DAGs
[2021-10-13 04:51:24,825] {logging_mixin.py:104} INFO - [2021-10-13 04:51:24,825] {dag.py:2280} INFO - Setting next_dagrun for example_trigger_controller_dag to 2021-10-11 00:00:00+00:00
[2021-10-13 04:51:24,854] {scheduler_job.py:190} INFO - Processing /home/airflow/.local/lib/python3.6/site-packages/airflow/example_dags/example_trigger_controller_dag.py took 0.121 seconds
[2021-10-13 04:51:55,104] {scheduler_job.py:182} INFO - Started process (PID=80) to work on /home/airflow/.local/lib/python3.6/site-packages/airflow/example_dags/example_trigger_controller_dag.py
[2021-10-13 04:51:55,110] {scheduler_job.py:629} INFO - Processing file /home/airflow/.local/lib/python3.6/site-packages/airflow/example_dags/example_trigger_controller_dag.py for tasks to queue
[2021-10-13 04:51:55,116] {logging_mixin.py:104} INFO - [2021-10-13 04:51:55,114] {dagbag.py:451} INFO - Filling up the DagBag from /home/airflow/.local/lib/python3.6/site-packages/airflow/example_dags/example_trigger_controller_dag.py
[2021-10-13 04:51:55,160] {scheduler_job.py:639} INFO - DAG(s) dict_keys(['example_trigger_controller_dag']) retrieved from /home/airflow/.local/lib/python3.6/site-packages/airflow/example_dags/example_trigger_controller_dag.py
[2021-10-13 04:51:55,222] {logging_mixin.py:104} INFO - [2021-10-13 04:51:55,222] {dag.py:1824} INFO - Sync 1 DAGs
[2021-10-13 04:51:55,241] {logging_mixin.py:104} INFO - [2021-10-13 04:51:55,241] {dag.py:2280} INFO - Setting next_dagrun for example_trigger_controller_dag to 2021-10-11 00:00:00+00:00
[2021-10-13 04:51:55,254] {scheduler_job.py:190} INFO - Processing /home/airflow/.local/lib/python3.6/site-packages/airflow/example_dags/example_trigger_controller_dag.py took 0.161 seconds
[2021-10-13 04:52:25,423] {scheduler_job.py:182} INFO - Started process (PID=110) to work on /home/airflow/.local/lib/python3.6/site-packages/airflow/example_dags/example_trigger_controller_dag.py
[2021-10-13 04:52:25,425] {scheduler_job.py:629} INFO - Processing file /home/airflow/.local/lib/python3.6/site-packages/airflow/example_dags/example_trigger_controller_dag.py for tasks to queue
[2021-10-13 04:52:25,426] {logging_mixin.py:104} INFO - [2021-10-13 04:52:25,426] {dagbag.py:451} INFO - Filling up the DagBag from /home/airflow/.local/lib/python3.6/site-packages/airflow/example_dags/example_trigger_controller_dag.py
[2021-10-13 04:52:25,442] {scheduler_job.py:639} INFO - DAG(s) dict_keys(['example_trigger_controller_dag']) retrieved from /home/airflow/.local/lib/python3.6/site-packages/airflow/example_dags/example_trigger_controller_dag.py
[2021-10-13 04:52:25,466] {logging_mixin.py:104} INFO - [2021-10-13 04:52:25,466] {dag.py:1824} INFO - Sync 1 DAGs
[2021-10-13 04:52:25,488] {logging_mixin.py:104} INFO - [2021-10-13 04:52:25,487] {dag.py:2280} INFO - Setting next_dagrun for example_trigger_controller_dag to 2021-10-11 00:00:00+00:00
[2021-10-13 04:52:25,500] {scheduler_job.py:190} INFO - Processing /home/airflow/.local/lib/python3.6/site-packages/airflow/example_dags/example_trigger_controller_dag.py took 0.081 seconds
[2021-10-13 04:52:55,547] {scheduler_job.py:182} INFO - Started process (PID=143) to work on /home/airflow/.local/lib/python3.6/site-packages/airflow/example_dags/example_trigger_controller_dag.py
[2021-10-13 04:52:55,548] {scheduler_job.py:629} INFO - Processing file /home/airflow/.local/lib/python3.6/site-packages/airflow/example_dags/example_trigger_controller_dag.py for tasks to queue
[2021-10-13 04:52:55,549] {logging_mixin.py:104} INFO - [2021-10-13 04:52:55,549] {dagbag.py:451} INFO - Filling up the DagBag from /home/airflow/.local/lib/python3.6/site-packages/airflow/example_dags/example_trigger_controller_dag.py
[2021-10-13 04:52:55,558] {scheduler_job.py:639} INFO - DAG(s) dict_keys(['example_trigger_controller_dag']) retrieved from /home/airflow/.local/lib/python3.6/site-packages/airflow/example_dags/example_trigger_controller_dag.py
[2021-10-13 04:52:55,581] {logging_mixin.py:104} INFO - [2021-10-13 04:52:55,581] {dag.py:1824} INFO - Sync 1 DAGs
[2021-10-13 04:52:55,598] {logging_mixin.py:104} INFO - [2021-10-13 04:52:55,598] {dag.py:2280} INFO - Setting next_dagrun for example_trigger_controller_dag to 2021-10-11 00:00:00+00:00
[2021-10-13 04:52:55,612] {scheduler_job.py:190} INFO - Processing /home/airflow/.local/lib/python3.6/site-packages/airflow/example_dags/example_trigger_controller_dag.py took 0.068 seconds
[2021-10-13 04:53:25,794] {scheduler_job.py:182} INFO - Started process (PID=174) to work on /home/airflow/.local/lib/python3.6/site-packages/airflow/example_dags/example_trigger_controller_dag.py
[2021-10-13 04:53:25,796] {scheduler_job.py:629} INFO - Processing file /home/airflow/.local/lib/python3.6/site-packages/airflow/example_dags/example_trigger_controller_dag.py for tasks to queue
[2021-10-13 04:53:25,797] {logging_mixin.py:104} INFO - [2021-10-13 04:53:25,797] {dagbag.py:451} INFO - Filling up the DagBag from /home/airflow/.local/lib/python3.6/site-packages/airflow/example_dags/example_trigger_controller_dag.py
[2021-10-13 04:53:25,807] {scheduler_job.py:639} INFO - DAG(s) dict_keys(['example_trigger_controller_dag']) retrieved from /home/airflow/.local/lib/python3.6/site-packages/airflow/example_dags/example_trigger_controller_dag.py
[2021-10-13 04:53:25,830] {logging_mixin.py:104} INFO - [2021-10-13 04:53:25,830] {dag.py:1824} INFO - Sync 1 DAGs
[2021-10-13 04:53:25,850] {logging_mixin.py:104} INFO - [2021-10-13 04:53:25,849] {dag.py:2280} INFO - Setting next_dagrun for example_trigger_controller_dag to 2021-10-11 00:00:00+00:00
[2021-10-13 04:53:25,862] {scheduler_job.py:190} INFO - Processing /home/airflow/.local/lib/python3.6/site-packages/airflow/example_dags/example_trigger_controller_dag.py took 0.072 seconds
[2021-10-13 04:53:56,159] {scheduler_job.py:182} INFO - Started process (PID=203) to work on /home/airflow/.local/lib/python3.6/site-packages/airflow/example_dags/example_trigger_controller_dag.py
[2021-10-13 04:53:56,160] {scheduler_job.py:629} INFO - Processing file /home/airflow/.local/lib/python3.6/site-packages/airflow/example_dags/example_trigger_controller_dag.py for tasks to queue
[2021-10-13 04:53:56,161] {logging_mixin.py:104} INFO - [2021-10-13 04:53:56,161] {dagbag.py:451} INFO - Filling up the DagBag from /home/airflow/.local/lib/python3.6/site-packages/airflow/example_dags/example_trigger_controller_dag.py
[2021-10-13 04:53:56,176] {scheduler_job.py:639} INFO - DAG(s) dict_keys(['example_trigger_controller_dag']) retrieved from /home/airflow/.local/lib/python3.6/site-packages/airflow/example_dags/example_trigger_controller_dag.py
[2021-10-13 04:53:56,199] {logging_mixin.py:104} INFO - [2021-10-13 04:53:56,198] {dag.py:1824} INFO - Sync 1 DAGs
[2021-10-13 04:53:56,218] {logging_mixin.py:104} INFO - [2021-10-13 04:53:56,218] {dag.py:2280} INFO - Setting next_dagrun for example_trigger_controller_dag to 2021-10-11 00:00:00+00:00
[2021-10-13 04:53:56,233] {scheduler_job.py:190} INFO - Processing /home/airflow/.local/lib/python3.6/site-packages/airflow/example_dags/example_trigger_controller_dag.py took 0.077 seconds
[2021-10-13 04:54:26,485] {scheduler_job.py:182} INFO - Started process (PID=242) to work on /home/airflow/.local/lib/python3.6/site-packages/airflow/example_dags/example_trigger_controller_dag.py
[2021-10-13 04:54:26,487] {scheduler_job.py:629} INFO - Processing file /home/airflow/.local/lib/python3.6/site-packages/airflow/example_dags/example_trigger_controller_dag.py for tasks to queue
[2021-10-13 04:54:26,488] {logging_mixin.py:104} INFO - [2021-10-13 04:54:26,488] {dagbag.py:451} INFO - Filling up the DagBag from /home/airflow/.local/lib/python3.6/site-packages/airflow/example_dags/example_trigger_controller_dag.py
[2021-10-13 04:54:26,505] {scheduler_job.py:639} INFO - DAG(s) dict_keys(['example_trigger_controller_dag']) retrieved from /home/airflow/.local/lib/python3.6/site-packages/airflow/example_dags/example_trigger_controller_dag.py
[2021-10-13 04:54:26,544] {logging_mixin.py:104} INFO - [2021-10-13 04:54:26,543] {dag.py:1824} INFO - Sync 1 DAGs
[2021-10-13 04:54:26,562] {logging_mixin.py:104} INFO - [2021-10-13 04:54:26,562] {dag.py:2280} INFO - Setting next_dagrun for example_trigger_controller_dag to 2021-10-11 00:00:00+00:00
[2021-10-13 04:54:26,578] {scheduler_job.py:190} INFO - Processing /home/airflow/.local/lib/python3.6/site-packages/airflow/example_dags/example_trigger_controller_dag.py took 0.099 seconds
[2021-10-13 04:54:56,747] {scheduler_job.py:182} INFO - Started process (PID=268) to work on /home/airflow/.local/lib/python3.6/site-packages/airflow/example_dags/example_trigger_controller_dag.py
[2021-10-13 04:54:56,749] {scheduler_job.py:629} INFO - Processing file /home/airflow/.local/lib/python3.6/site-packages/airflow/example_dags/example_trigger_controller_dag.py for tasks to queue
[2021-10-13 04:54:56,752] {logging_mixin.py:104} INFO - [2021-10-13 04:54:56,751] {dagbag.py:451} INFO - Filling up the DagBag from /home/airflow/.local/lib/python3.6/site-packages/airflow/example_dags/example_trigger_controller_dag.py
[2021-10-13 04:54:56,765] {scheduler_job.py:639} INFO - DAG(s) dict_keys(['example_trigger_controller_dag']) retrieved from /home/airflow/.local/lib/python3.6/site-packages/airflow/example_dags/example_trigger_controller_dag.py
[2021-10-13 04:54:56,791] {logging_mixin.py:104} INFO - [2021-10-13 04:54:56,791] {dag.py:1824} INFO - Sync 1 DAGs
[2021-10-13 04:54:56,805] {logging_mixin.py:104} INFO - [2021-10-13 04:54:56,805] {dag.py:2280} INFO - Setting next_dagrun for example_trigger_controller_dag to 2021-10-11 00:00:00+00:00
[2021-10-13 04:54:56,818] {scheduler_job.py:190} INFO - Processing /home/airflow/.local/lib/python3.6/site-packages/airflow/example_dags/example_trigger_controller_dag.py took 0.077 seconds
[2021-10-13 04:55:27,102] {scheduler_job.py:182} INFO - Started process (PID=301) to work on /home/airflow/.local/lib/python3.6/site-packages/airflow/example_dags/example_trigger_controller_dag.py
[2021-10-13 04:55:27,105] {scheduler_job.py:629} INFO - Processing file /home/airflow/.local/lib/python3.6/site-packages/airflow/example_dags/example_trigger_controller_dag.py for tasks to queue
[2021-10-13 04:55:27,108] {logging_mixin.py:104} INFO - [2021-10-13 04:55:27,108] {dagbag.py:451} INFO - Filling up the DagBag from /home/airflow/.local/lib/python3.6/site-packages/airflow/example_dags/example_trigger_controller_dag.py
[2021-10-13 04:55:27,131] {scheduler_job.py:639} INFO - DAG(s) dict_keys(['example_trigger_controller_dag']) retrieved from /home/airflow/.local/lib/python3.6/site-packages/airflow/example_dags/example_trigger_controller_dag.py
[2021-10-13 04:55:27,158] {logging_mixin.py:104} INFO - [2021-10-13 04:55:27,158] {dag.py:1824} INFO - Sync 1 DAGs
[2021-10-13 04:55:27,174] {logging_mixin.py:104} INFO - [2021-10-13 04:55:27,174] {dag.py:2280} INFO - Setting next_dagrun for example_trigger_controller_dag to 2021-10-11 00:00:00+00:00
[2021-10-13 04:55:27,187] {scheduler_job.py:190} INFO - Processing /home/airflow/.local/lib/python3.6/site-packages/airflow/example_dags/example_trigger_controller_dag.py took 0.094 seconds
[2021-10-13 04:55:57,293] {scheduler_job.py:182} INFO - Started process (PID=334) to work on /home/airflow/.local/lib/python3.6/site-packages/airflow/example_dags/example_trigger_controller_dag.py
[2021-10-13 04:55:57,295] {scheduler_job.py:629} INFO - Processing file /home/airflow/.local/lib/python3.6/site-packages/airflow/example_dags/example_trigger_controller_dag.py for tasks to queue
[2021-10-13 04:55:57,296] {logging_mixin.py:104} INFO - [2021-10-13 04:55:57,296] {dagbag.py:451} INFO - Filling up the DagBag from /home/airflow/.local/lib/python3.6/site-packages/airflow/example_dags/example_trigger_controller_dag.py
[2021-10-13 04:55:57,309] {scheduler_job.py:639} INFO - DAG(s) dict_keys(['example_trigger_controller_dag']) retrieved from /home/airflow/.local/lib/python3.6/site-packages/airflow/example_dags/example_trigger_controller_dag.py
[2021-10-13 04:55:57,342] {logging_mixin.py:104} INFO - [2021-10-13 04:55:57,342] {dag.py:1824} INFO - Sync 1 DAGs
[2021-10-13 04:55:57,359] {logging_mixin.py:104} INFO - [2021-10-13 04:55:57,359] {dag.py:2280} INFO - Setting next_dagrun for example_trigger_controller_dag to 2021-10-11 00:00:00+00:00
[2021-10-13 04:55:57,373] {scheduler_job.py:190} INFO - Processing /home/airflow/.local/lib/python3.6/site-packages/airflow/example_dags/example_trigger_controller_dag.py took 0.083 seconds
[2021-10-13 04:56:27,584] {scheduler_job.py:182} INFO - Started process (PID=367) to work on /home/airflow/.local/lib/python3.6/site-packages/airflow/example_dags/example_trigger_controller_dag.py
[2021-10-13 04:56:27,586] {scheduler_job.py:629} INFO - Processing file /home/airflow/.local/lib/python3.6/site-packages/airflow/example_dags/example_trigger_controller_dag.py for tasks to queue
[2021-10-13 04:56:27,587] {logging_mixin.py:104} INFO - [2021-10-13 04:56:27,587] {dagbag.py:451} INFO - Filling up the DagBag from /home/airflow/.local/lib/python3.6/site-packages/airflow/example_dags/example_trigger_controller_dag.py
[2021-10-13 04:56:27,613] {scheduler_job.py:639} INFO - DAG(s) dict_keys(['example_trigger_controller_dag']) retrieved from /home/airflow/.local/lib/python3.6/site-packages/airflow/example_dags/example_trigger_controller_dag.py
[2021-10-13 04:56:27,645] {logging_mixin.py:104} INFO - [2021-10-13 04:56:27,644] {dag.py:1824} INFO - Sync 1 DAGs
[2021-10-13 04:56:27,667] {logging_mixin.py:104} INFO - [2021-10-13 04:56:27,667] {dag.py:2280} INFO - Setting next_dagrun for example_trigger_controller_dag to 2021-10-11 00:00:00+00:00
[2021-10-13 04:56:27,686] {scheduler_job.py:190} INFO - Processing /home/airflow/.local/lib/python3.6/site-packages/airflow/example_dags/example_trigger_controller_dag.py took 0.108 seconds
[2021-10-13 04:56:57,993] {scheduler_job.py:182} INFO - Started process (PID=400) to work on /home/airflow/.local/lib/python3.6/site-packages/airflow/example_dags/example_trigger_controller_dag.py
[2021-10-13 04:56:58,001] {scheduler_job.py:629} INFO - Processing file /home/airflow/.local/lib/python3.6/site-packages/airflow/example_dags/example_trigger_controller_dag.py for tasks to queue
[2021-10-13 04:56:58,005] {logging_mixin.py:104} INFO - [2021-10-13 04:56:58,004] {dagbag.py:451} INFO - Filling up the DagBag from /home/airflow/.local/lib/python3.6/site-packages/airflow/example_dags/example_trigger_controller_dag.py
[2021-10-13 04:56:58,066] {scheduler_job.py:639} INFO - DAG(s) dict_keys(['example_trigger_controller_dag']) retrieved from /home/airflow/.local/lib/python3.6/site-packages/airflow/example_dags/example_trigger_controller_dag.py
[2021-10-13 04:56:58,096] {logging_mixin.py:104} INFO - [2021-10-13 04:56:58,096] {dag.py:1824} INFO - Sync 1 DAGs
[2021-10-13 04:56:58,114] {logging_mixin.py:104} INFO - [2021-10-13 04:56:58,114] {dag.py:2280} INFO - Setting next_dagrun for example_trigger_controller_dag to 2021-10-11 00:00:00+00:00
[2021-10-13 04:56:58,131] {scheduler_job.py:190} INFO - Processing /home/airflow/.local/lib/python3.6/site-packages/airflow/example_dags/example_trigger_controller_dag.py took 0.152 seconds
[2021-10-13 04:57:28,244] {scheduler_job.py:182} INFO - Started process (PID=433) to work on /home/airflow/.local/lib/python3.6/site-packages/airflow/example_dags/example_trigger_controller_dag.py
[2021-10-13 04:57:28,247] {scheduler_job.py:629} INFO - Processing file /home/airflow/.local/lib/python3.6/site-packages/airflow/example_dags/example_trigger_controller_dag.py for tasks to queue
[2021-10-13 04:57:28,249] {logging_mixin.py:104} INFO - [2021-10-13 04:57:28,249] {dagbag.py:451} INFO - Filling up the DagBag from /home/airflow/.local/lib/python3.6/site-packages/airflow/example_dags/example_trigger_controller_dag.py
[2021-10-13 04:57:28,276] {scheduler_job.py:639} INFO - DAG(s) dict_keys(['example_trigger_controller_dag']) retrieved from /home/airflow/.local/lib/python3.6/site-packages/airflow/example_dags/example_trigger_controller_dag.py
[2021-10-13 04:57:28,301] {logging_mixin.py:104} INFO - [2021-10-13 04:57:28,301] {dag.py:1824} INFO - Sync 1 DAGs
[2021-10-13 04:57:28,320] {logging_mixin.py:104} INFO - [2021-10-13 04:57:28,320] {dag.py:2280} INFO - Setting next_dagrun for example_trigger_controller_dag to 2021-10-11 00:00:00+00:00
[2021-10-13 04:57:28,335] {scheduler_job.py:190} INFO - Processing /home/airflow/.local/lib/python3.6/site-packages/airflow/example_dags/example_trigger_controller_dag.py took 0.100 seconds
[2021-10-13 04:57:58,686] {scheduler_job.py:182} INFO - Started process (PID=467) to work on /home/airflow/.local/lib/python3.6/site-packages/airflow/example_dags/example_trigger_controller_dag.py
[2021-10-13 04:57:58,688] {scheduler_job.py:629} INFO - Processing file /home/airflow/.local/lib/python3.6/site-packages/airflow/example_dags/example_trigger_controller_dag.py for tasks to queue
[2021-10-13 04:57:58,689] {logging_mixin.py:104} INFO - [2021-10-13 04:57:58,689] {dagbag.py:451} INFO - Filling up the DagBag from /home/airflow/.local/lib/python3.6/site-packages/airflow/example_dags/example_trigger_controller_dag.py
[2021-10-13 04:57:58,708] {scheduler_job.py:639} INFO - DAG(s) dict_keys(['example_trigger_controller_dag']) retrieved from /home/airflow/.local/lib/python3.6/site-packages/airflow/example_dags/example_trigger_controller_dag.py
[2021-10-13 04:57:58,736] {logging_mixin.py:104} INFO - [2021-10-13 04:57:58,736] {dag.py:1824} INFO - Sync 1 DAGs
[2021-10-13 04:57:58,754] {logging_mixin.py:104} INFO - [2021-10-13 04:57:58,754] {dag.py:2280} INFO - Setting next_dagrun for example_trigger_controller_dag to 2021-10-11 00:00:00+00:00
[2021-10-13 04:57:58,768] {scheduler_job.py:190} INFO - Processing /home/airflow/.local/lib/python3.6/site-packages/airflow/example_dags/example_trigger_controller_dag.py took 0.086 seconds
[2021-10-13 04:58:28,986] {scheduler_job.py:182} INFO - Started process (PID=500) to work on /home/airflow/.local/lib/python3.6/site-packages/airflow/example_dags/example_trigger_controller_dag.py
[2021-10-13 04:58:28,993] {scheduler_job.py:629} INFO - Processing file /home/airflow/.local/lib/python3.6/site-packages/airflow/example_dags/example_trigger_controller_dag.py for tasks to queue
[2021-10-13 04:58:28,994] {logging_mixin.py:104} INFO - [2021-10-13 04:58:28,994] {dagbag.py:451} INFO - Filling up the DagBag from /home/airflow/.local/lib/python3.6/site-packages/airflow/example_dags/example_trigger_controller_dag.py
[2021-10-13 04:58:29,003] {scheduler_job.py:639} INFO - DAG(s) dict_keys(['example_trigger_controller_dag']) retrieved from /home/airflow/.local/lib/python3.6/site-packages/airflow/example_dags/example_trigger_controller_dag.py
[2021-10-13 04:58:29,024] {logging_mixin.py:104} INFO - [2021-10-13 04:58:29,024] {dag.py:1824} INFO - Sync 1 DAGs
[2021-10-13 04:58:29,040] {logging_mixin.py:104} INFO - [2021-10-13 04:58:29,040] {dag.py:2280} INFO - Setting next_dagrun for example_trigger_controller_dag to 2021-10-11 00:00:00+00:00
[2021-10-13 04:58:29,054] {scheduler_job.py:190} INFO - Processing /home/airflow/.local/lib/python3.6/site-packages/airflow/example_dags/example_trigger_controller_dag.py took 0.072 seconds
[2021-10-13 04:58:59,163] {scheduler_job.py:182} INFO - Started process (PID=533) to work on /home/airflow/.local/lib/python3.6/site-packages/airflow/example_dags/example_trigger_controller_dag.py
[2021-10-13 04:58:59,166] {scheduler_job.py:629} INFO - Processing file /home/airflow/.local/lib/python3.6/site-packages/airflow/example_dags/example_trigger_controller_dag.py for tasks to queue
[2021-10-13 04:58:59,171] {logging_mixin.py:104} INFO - [2021-10-13 04:58:59,170] {dagbag.py:451} INFO - Filling up the DagBag from /home/airflow/.local/lib/python3.6/site-packages/airflow/example_dags/example_trigger_controller_dag.py
[2021-10-13 04:58:59,184] {scheduler_job.py:639} INFO - DAG(s) dict_keys(['example_trigger_controller_dag']) retrieved from /home/airflow/.local/lib/python3.6/site-packages/airflow/example_dags/example_trigger_controller_dag.py
[2021-10-13 04:58:59,221] {logging_mixin.py:104} INFO - [2021-10-13 04:58:59,221] {dag.py:1824} INFO - Sync 1 DAGs
[2021-10-13 04:58:59,241] {logging_mixin.py:104} INFO - [2021-10-13 04:58:59,241] {dag.py:2280} INFO - Setting next_dagrun for example_trigger_controller_dag to 2021-10-11 00:00:00+00:00
[2021-10-13 04:58:59,254] {scheduler_job.py:190} INFO - Processing /home/airflow/.local/lib/python3.6/site-packages/airflow/example_dags/example_trigger_controller_dag.py took 0.097 seconds
[2021-10-13 04:59:29,470] {scheduler_job.py:182} INFO - Started process (PID=566) to work on /home/airflow/.local/lib/python3.6/site-packages/airflow/example_dags/example_trigger_controller_dag.py
[2021-10-13 04:59:29,473] {scheduler_job.py:629} INFO - Processing file /home/airflow/.local/lib/python3.6/site-packages/airflow/example_dags/example_trigger_controller_dag.py for tasks to queue
[2021-10-13 04:59:29,476] {logging_mixin.py:104} INFO - [2021-10-13 04:59:29,475] {dagbag.py:451} INFO - Filling up the DagBag from /home/airflow/.local/lib/python3.6/site-packages/airflow/example_dags/example_trigger_controller_dag.py
[2021-10-13 04:59:29,492] {scheduler_job.py:639} INFO - DAG(s) dict_keys(['example_trigger_controller_dag']) retrieved from /home/airflow/.local/lib/python3.6/site-packages/airflow/example_dags/example_trigger_controller_dag.py
[2021-10-13 04:59:29,514] {logging_mixin.py:104} INFO - [2021-10-13 04:59:29,514] {dag.py:1824} INFO - Sync 1 DAGs
[2021-10-13 04:59:29,529] {logging_mixin.py:104} INFO - [2021-10-13 04:59:29,529] {dag.py:2280} INFO - Setting next_dagrun for example_trigger_controller_dag to 2021-10-11 00:00:00+00:00
[2021-10-13 04:59:29,544] {scheduler_job.py:190} INFO - Processing /home/airflow/.local/lib/python3.6/site-packages/airflow/example_dags/example_trigger_controller_dag.py took 0.085 seconds
[2021-10-13 04:59:59,730] {scheduler_job.py:182} INFO - Started process (PID=604) to work on /home/airflow/.local/lib/python3.6/site-packages/airflow/example_dags/example_trigger_controller_dag.py
[2021-10-13 04:59:59,732] {scheduler_job.py:629} INFO - Processing file /home/airflow/.local/lib/python3.6/site-packages/airflow/example_dags/example_trigger_controller_dag.py for tasks to queue
[2021-10-13 04:59:59,733] {logging_mixin.py:104} INFO - [2021-10-13 04:59:59,733] {dagbag.py:451} INFO - Filling up the DagBag from /home/airflow/.local/lib/python3.6/site-packages/airflow/example_dags/example_trigger_controller_dag.py
[2021-10-13 04:59:59,743] {scheduler_job.py:639} INFO - DAG(s) dict_keys(['example_trigger_controller_dag']) retrieved from /home/airflow/.local/lib/python3.6/site-packages/airflow/example_dags/example_trigger_controller_dag.py
[2021-10-13 04:59:59,766] {logging_mixin.py:104} INFO - [2021-10-13 04:59:59,766] {dag.py:1824} INFO - Sync 1 DAGs
[2021-10-13 04:59:59,783] {logging_mixin.py:104} INFO - [2021-10-13 04:59:59,783] {dag.py:2280} INFO - Setting next_dagrun for example_trigger_controller_dag to 2021-10-11 00:00:00+00:00
[2021-10-13 04:59:59,799] {scheduler_job.py:190} INFO - Processing /home/airflow/.local/lib/python3.6/site-packages/airflow/example_dags/example_trigger_controller_dag.py took 0.071 seconds
[2021-10-13 05:00:30,350] {scheduler_job.py:182} INFO - Started process (PID=637) to work on /home/airflow/.local/lib/python3.6/site-packages/airflow/example_dags/example_trigger_controller_dag.py
[2021-10-13 05:00:30,354] {scheduler_job.py:629} INFO - Processing file /home/airflow/.local/lib/python3.6/site-packages/airflow/example_dags/example_trigger_controller_dag.py for tasks to queue
[2021-10-13 05:00:30,355] {logging_mixin.py:104} INFO - [2021-10-13 05:00:30,355] {dagbag.py:451} INFO - Filling up the DagBag from /home/airflow/.local/lib/python3.6/site-packages/airflow/example_dags/example_trigger_controller_dag.py
[2021-10-13 05:00:30,370] {scheduler_job.py:639} INFO - DAG(s) dict_keys(['example_trigger_controller_dag']) retrieved from /home/airflow/.local/lib/python3.6/site-packages/airflow/example_dags/example_trigger_controller_dag.py
[2021-10-13 05:00:30,391] {logging_mixin.py:104} INFO - [2021-10-13 05:00:30,391] {dag.py:1824} INFO - Sync 1 DAGs
[2021-10-13 05:00:30,408] {logging_mixin.py:104} INFO - [2021-10-13 05:00:30,408] {dag.py:2280} INFO - Setting next_dagrun for example_trigger_controller_dag to 2021-10-11 00:00:00+00:00
[2021-10-13 05:00:30,428] {scheduler_job.py:190} INFO - Processing /home/airflow/.local/lib/python3.6/site-packages/airflow/example_dags/example_trigger_controller_dag.py took 0.089 seconds
[2021-10-13 05:01:00,530] {scheduler_job.py:182} INFO - Started process (PID=670) to work on /home/airflow/.local/lib/python3.6/site-packages/airflow/example_dags/example_trigger_controller_dag.py
[2021-10-13 05:01:00,533] {scheduler_job.py:629} INFO - Processing file /home/airflow/.local/lib/python3.6/site-packages/airflow/example_dags/example_trigger_controller_dag.py for tasks to queue
[2021-10-13 05:01:00,535] {logging_mixin.py:104} INFO - [2021-10-13 05:01:00,534] {dagbag.py:451} INFO - Filling up the DagBag from /home/airflow/.local/lib/python3.6/site-packages/airflow/example_dags/example_trigger_controller_dag.py
[2021-10-13 05:01:00,555] {scheduler_job.py:639} INFO - DAG(s) dict_keys(['example_trigger_controller_dag']) retrieved from /home/airflow/.local/lib/python3.6/site-packages/airflow/example_dags/example_trigger_controller_dag.py
[2021-10-13 05:01:00,578] {logging_mixin.py:104} INFO - [2021-10-13 05:01:00,578] {dag.py:1824} INFO - Sync 1 DAGs
[2021-10-13 05:01:00,593] {logging_mixin.py:104} INFO - [2021-10-13 05:01:00,593] {dag.py:2280} INFO - Setting next_dagrun for example_trigger_controller_dag to 2021-10-11 00:00:00+00:00
[2021-10-13 05:01:00,608] {scheduler_job.py:190} INFO - Processing /home/airflow/.local/lib/python3.6/site-packages/airflow/example_dags/example_trigger_controller_dag.py took 0.085 seconds
[2021-10-13 05:01:30,934] {scheduler_job.py:182} INFO - Started process (PID=708) to work on /home/airflow/.local/lib/python3.6/site-packages/airflow/example_dags/example_trigger_controller_dag.py
[2021-10-13 05:01:30,935] {scheduler_job.py:629} INFO - Processing file /home/airflow/.local/lib/python3.6/site-packages/airflow/example_dags/example_trigger_controller_dag.py for tasks to queue
[2021-10-13 05:01:30,936] {logging_mixin.py:104} INFO - [2021-10-13 05:01:30,936] {dagbag.py:451} INFO - Filling up the DagBag from /home/airflow/.local/lib/python3.6/site-packages/airflow/example_dags/example_trigger_controller_dag.py
[2021-10-13 05:01:30,952] {scheduler_job.py:639} INFO - DAG(s) dict_keys(['example_trigger_controller_dag']) retrieved from /home/airflow/.local/lib/python3.6/site-packages/airflow/example_dags/example_trigger_controller_dag.py
[2021-10-13 05:01:30,982] {logging_mixin.py:104} INFO - [2021-10-13 05:01:30,982] {dag.py:1824} INFO - Sync 1 DAGs
[2021-10-13 05:01:31,006] {logging_mixin.py:104} INFO - [2021-10-13 05:01:31,006] {dag.py:2280} INFO - Setting next_dagrun for example_trigger_controller_dag to 2021-10-11 00:00:00+00:00
[2021-10-13 05:01:31,023] {scheduler_job.py:190} INFO - Processing /home/airflow/.local/lib/python3.6/site-packages/airflow/example_dags/example_trigger_controller_dag.py took 0.095 seconds
[2021-10-13 05:02:01,139] {scheduler_job.py:182} INFO - Started process (PID=741) to work on /home/airflow/.local/lib/python3.6/site-packages/airflow/example_dags/example_trigger_controller_dag.py
[2021-10-13 05:02:01,143] {scheduler_job.py:629} INFO - Processing file /home/airflow/.local/lib/python3.6/site-packages/airflow/example_dags/example_trigger_controller_dag.py for tasks to queue
[2021-10-13 05:02:01,148] {logging_mixin.py:104} INFO - [2021-10-13 05:02:01,147] {dagbag.py:451} INFO - Filling up the DagBag from /home/airflow/.local/lib/python3.6/site-packages/airflow/example_dags/example_trigger_controller_dag.py
[2021-10-13 05:02:01,190] {scheduler_job.py:639} INFO - DAG(s) dict_keys(['example_trigger_controller_dag']) retrieved from /home/airflow/.local/lib/python3.6/site-packages/airflow/example_dags/example_trigger_controller_dag.py
[2021-10-13 05:02:01,237] {logging_mixin.py:104} INFO - [2021-10-13 05:02:01,237] {dag.py:1824} INFO - Sync 1 DAGs
[2021-10-13 05:02:01,270] {logging_mixin.py:104} INFO - [2021-10-13 05:02:01,269] {dag.py:2280} INFO - Setting next_dagrun for example_trigger_controller_dag to 2021-10-11 00:00:00+00:00
[2021-10-13 05:02:01,286] {scheduler_job.py:190} INFO - Processing /home/airflow/.local/lib/python3.6/site-packages/airflow/example_dags/example_trigger_controller_dag.py took 0.161 seconds
[2021-10-13 05:02:31,419] {scheduler_job.py:182} INFO - Started process (PID=774) to work on /home/airflow/.local/lib/python3.6/site-packages/airflow/example_dags/example_trigger_controller_dag.py
[2021-10-13 05:02:31,421] {scheduler_job.py:629} INFO - Processing file /home/airflow/.local/lib/python3.6/site-packages/airflow/example_dags/example_trigger_controller_dag.py for tasks to queue
[2021-10-13 05:02:31,422] {logging_mixin.py:104} INFO - [2021-10-13 05:02:31,422] {dagbag.py:451} INFO - Filling up the DagBag from /home/airflow/.local/lib/python3.6/site-packages/airflow/example_dags/example_trigger_controller_dag.py
[2021-10-13 05:02:31,432] {scheduler_job.py:639} INFO - DAG(s) dict_keys(['example_trigger_controller_dag']) retrieved from /home/airflow/.local/lib/python3.6/site-packages/airflow/example_dags/example_trigger_controller_dag.py
[2021-10-13 05:02:31,454] {logging_mixin.py:104} INFO - [2021-10-13 05:02:31,454] {dag.py:1824} INFO - Sync 1 DAGs
[2021-10-13 05:02:31,471] {logging_mixin.py:104} INFO - [2021-10-13 05:02:31,471] {dag.py:2280} INFO - Setting next_dagrun for example_trigger_controller_dag to 2021-10-11 00:00:00+00:00
[2021-10-13 05:02:31,490] {scheduler_job.py:190} INFO - Processing /home/airflow/.local/lib/python3.6/site-packages/airflow/example_dags/example_trigger_controller_dag.py took 0.075 seconds
[2021-10-13 05:03:02,047] {scheduler_job.py:182} INFO - Started process (PID=807) to work on /home/airflow/.local/lib/python3.6/site-packages/airflow/example_dags/example_trigger_controller_dag.py
[2021-10-13 05:03:02,053] {scheduler_job.py:629} INFO - Processing file /home/airflow/.local/lib/python3.6/site-packages/airflow/example_dags/example_trigger_controller_dag.py for tasks to queue
[2021-10-13 05:03:02,057] {logging_mixin.py:104} INFO - [2021-10-13 05:03:02,056] {dagbag.py:451} INFO - Filling up the DagBag from /home/airflow/.local/lib/python3.6/site-packages/airflow/example_dags/example_trigger_controller_dag.py
[2021-10-13 05:03:02,104] {scheduler_job.py:639} INFO - DAG(s) dict_keys(['example_trigger_controller_dag']) retrieved from /home/airflow/.local/lib/python3.6/site-packages/airflow/example_dags/example_trigger_controller_dag.py
[2021-10-13 05:03:02,157] {logging_mixin.py:104} INFO - [2021-10-13 05:03:02,157] {dag.py:1824} INFO - Sync 1 DAGs
[2021-10-13 05:03:02,190] {logging_mixin.py:104} INFO - [2021-10-13 05:03:02,190] {dag.py:2280} INFO - Setting next_dagrun for example_trigger_controller_dag to 2021-10-11 00:00:00+00:00
[2021-10-13 05:03:02,213] {scheduler_job.py:190} INFO - Processing /home/airflow/.local/lib/python3.6/site-packages/airflow/example_dags/example_trigger_controller_dag.py took 0.182 seconds
[2021-10-13 05:03:32,608] {scheduler_job.py:182} INFO - Started process (PID=840) to work on /home/airflow/.local/lib/python3.6/site-packages/airflow/example_dags/example_trigger_controller_dag.py
[2021-10-13 05:03:32,616] {scheduler_job.py:629} INFO - Processing file /home/airflow/.local/lib/python3.6/site-packages/airflow/example_dags/example_trigger_controller_dag.py for tasks to queue
[2021-10-13 05:03:32,620] {logging_mixin.py:104} INFO - [2021-10-13 05:03:32,619] {dagbag.py:451} INFO - Filling up the DagBag from /home/airflow/.local/lib/python3.6/site-packages/airflow/example_dags/example_trigger_controller_dag.py
[2021-10-13 05:03:32,673] {scheduler_job.py:639} INFO - DAG(s) dict_keys(['example_trigger_controller_dag']) retrieved from /home/airflow/.local/lib/python3.6/site-packages/airflow/example_dags/example_trigger_controller_dag.py
[2021-10-13 05:03:32,738] {logging_mixin.py:104} INFO - [2021-10-13 05:03:32,738] {dag.py:1824} INFO - Sync 1 DAGs
[2021-10-13 05:03:32,765] {logging_mixin.py:104} INFO - [2021-10-13 05:03:32,765] {dag.py:2280} INFO - Setting next_dagrun for example_trigger_controller_dag to 2021-10-11 00:00:00+00:00
[2021-10-13 05:03:32,788] {scheduler_job.py:190} INFO - Processing /home/airflow/.local/lib/python3.6/site-packages/airflow/example_dags/example_trigger_controller_dag.py took 0.195 seconds
[2021-10-13 05:04:03,395] {scheduler_job.py:182} INFO - Started process (PID=873) to work on /home/airflow/.local/lib/python3.6/site-packages/airflow/example_dags/example_trigger_controller_dag.py
[2021-10-13 05:04:03,398] {scheduler_job.py:629} INFO - Processing file /home/airflow/.local/lib/python3.6/site-packages/airflow/example_dags/example_trigger_controller_dag.py for tasks to queue
[2021-10-13 05:04:03,399] {logging_mixin.py:104} INFO - [2021-10-13 05:04:03,399] {dagbag.py:451} INFO - Filling up the DagBag from /home/airflow/.local/lib/python3.6/site-packages/airflow/example_dags/example_trigger_controller_dag.py
[2021-10-13 05:04:03,416] {scheduler_job.py:639} INFO - DAG(s) dict_keys(['example_trigger_controller_dag']) retrieved from /home/airflow/.local/lib/python3.6/site-packages/airflow/example_dags/example_trigger_controller_dag.py
[2021-10-13 05:04:03,441] {logging_mixin.py:104} INFO - [2021-10-13 05:04:03,441] {dag.py:1824} INFO - Sync 1 DAGs
[2021-10-13 05:04:03,458] {logging_mixin.py:104} INFO - [2021-10-13 05:04:03,458] {dag.py:2280} INFO - Setting next_dagrun for example_trigger_controller_dag to 2021-10-11 00:00:00+00:00
[2021-10-13 05:04:03,473] {scheduler_job.py:190} INFO - Processing /home/airflow/.local/lib/python3.6/site-packages/airflow/example_dags/example_trigger_controller_dag.py took 0.084 seconds
[2021-10-13 05:04:34,375] {scheduler_job.py:182} INFO - Started process (PID=906) to work on /home/airflow/.local/lib/python3.6/site-packages/airflow/example_dags/example_trigger_controller_dag.py
[2021-10-13 05:04:34,377] {scheduler_job.py:629} INFO - Processing file /home/airflow/.local/lib/python3.6/site-packages/airflow/example_dags/example_trigger_controller_dag.py for tasks to queue
[2021-10-13 05:04:34,378] {logging_mixin.py:104} INFO - [2021-10-13 05:04:34,378] {dagbag.py:451} INFO - Filling up the DagBag from /home/airflow/.local/lib/python3.6/site-packages/airflow/example_dags/example_trigger_controller_dag.py
[2021-10-13 05:04:34,391] {scheduler_job.py:639} INFO - DAG(s) dict_keys(['example_trigger_controller_dag']) retrieved from /home/airflow/.local/lib/python3.6/site-packages/airflow/example_dags/example_trigger_controller_dag.py
[2021-10-13 05:04:34,412] {logging_mixin.py:104} INFO - [2021-10-13 05:04:34,411] {dag.py:1824} INFO - Sync 1 DAGs
[2021-10-13 05:04:34,429] {logging_mixin.py:104} INFO - [2021-10-13 05:04:34,429] {dag.py:2280} INFO - Setting next_dagrun for example_trigger_controller_dag to 2021-10-11 00:00:00+00:00
[2021-10-13 05:04:34,448] {scheduler_job.py:190} INFO - Processing /home/airflow/.local/lib/python3.6/site-packages/airflow/example_dags/example_trigger_controller_dag.py took 0.078 seconds
[2021-10-13 05:05:04,578] {scheduler_job.py:182} INFO - Started process (PID=939) to work on /home/airflow/.local/lib/python3.6/site-packages/airflow/example_dags/example_trigger_controller_dag.py
[2021-10-13 05:05:04,581] {scheduler_job.py:629} INFO - Processing file /home/airflow/.local/lib/python3.6/site-packages/airflow/example_dags/example_trigger_controller_dag.py for tasks to queue
[2021-10-13 05:05:04,583] {logging_mixin.py:104} INFO - [2021-10-13 05:05:04,582] {dagbag.py:451} INFO - Filling up the DagBag from /home/airflow/.local/lib/python3.6/site-packages/airflow/example_dags/example_trigger_controller_dag.py
[2021-10-13 05:05:04,598] {scheduler_job.py:639} INFO - DAG(s) dict_keys(['example_trigger_controller_dag']) retrieved from /home/airflow/.local/lib/python3.6/site-packages/airflow/example_dags/example_trigger_controller_dag.py
[2021-10-13 05:05:04,620] {logging_mixin.py:104} INFO - [2021-10-13 05:05:04,620] {dag.py:1824} INFO - Sync 1 DAGs
[2021-10-13 05:05:04,636] {logging_mixin.py:104} INFO - [2021-10-13 05:05:04,636] {dag.py:2280} INFO - Setting next_dagrun for example_trigger_controller_dag to 2021-10-11 00:00:00+00:00
[2021-10-13 05:05:04,651] {scheduler_job.py:190} INFO - Processing /home/airflow/.local/lib/python3.6/site-packages/airflow/example_dags/example_trigger_controller_dag.py took 0.084 seconds
[2021-10-13 05:05:34,973] {scheduler_job.py:182} INFO - Started process (PID=972) to work on /home/airflow/.local/lib/python3.6/site-packages/airflow/example_dags/example_trigger_controller_dag.py
[2021-10-13 05:05:34,975] {scheduler_job.py:629} INFO - Processing file /home/airflow/.local/lib/python3.6/site-packages/airflow/example_dags/example_trigger_controller_dag.py for tasks to queue
[2021-10-13 05:05:34,976] {logging_mixin.py:104} INFO - [2021-10-13 05:05:34,976] {dagbag.py:451} INFO - Filling up the DagBag from /home/airflow/.local/lib/python3.6/site-packages/airflow/example_dags/example_trigger_controller_dag.py
[2021-10-13 05:05:34,989] {scheduler_job.py:639} INFO - DAG(s) dict_keys(['example_trigger_controller_dag']) retrieved from /home/airflow/.local/lib/python3.6/site-packages/airflow/example_dags/example_trigger_controller_dag.py
[2021-10-13 05:05:35,012] {logging_mixin.py:104} INFO - [2021-10-13 05:05:35,011] {dag.py:1824} INFO - Sync 1 DAGs
[2021-10-13 05:05:35,027] {logging_mixin.py:104} INFO - [2021-10-13 05:05:35,027] {dag.py:2280} INFO - Setting next_dagrun for example_trigger_controller_dag to 2021-10-11 00:00:00+00:00
[2021-10-13 05:05:35,042] {scheduler_job.py:190} INFO - Processing /home/airflow/.local/lib/python3.6/site-packages/airflow/example_dags/example_trigger_controller_dag.py took 0.074 seconds
