[2021-10-13 04:51:25,225] {scheduler_job.py:182} INFO - Started process (PID=53) to work on /home/airflow/.local/lib/python3.6/site-packages/airflow/example_dags/example_branch_python_dop_operator_3.py
[2021-10-13 04:51:25,229] {scheduler_job.py:629} INFO - Processing file /home/airflow/.local/lib/python3.6/site-packages/airflow/example_dags/example_branch_python_dop_operator_3.py for tasks to queue
[2021-10-13 04:51:25,235] {logging_mixin.py:104} INFO - [2021-10-13 04:51:25,230] {dagbag.py:451} INFO - Filling up the DagBag from /home/airflow/.local/lib/python3.6/site-packages/airflow/example_dags/example_branch_python_dop_operator_3.py
[2021-10-13 04:51:25,267] {scheduler_job.py:639} INFO - DAG(s) dict_keys(['example_branch_dop_operator_v3']) retrieved from /home/airflow/.local/lib/python3.6/site-packages/airflow/example_dags/example_branch_python_dop_operator_3.py
[2021-10-13 04:51:25,299] {logging_mixin.py:104} INFO - [2021-10-13 04:51:25,299] {dag.py:1824} INFO - Sync 1 DAGs
[2021-10-13 04:51:25,375] {logging_mixin.py:104} INFO - [2021-10-13 04:51:25,374] {dag.py:2280} INFO - Setting next_dagrun for example_branch_dop_operator_v3 to 2021-10-11 00:00:00+00:00
[2021-10-13 04:51:25,405] {scheduler_job.py:190} INFO - Processing /home/airflow/.local/lib/python3.6/site-packages/airflow/example_dags/example_branch_python_dop_operator_3.py took 0.185 seconds
[2021-10-13 04:51:55,651] {scheduler_job.py:182} INFO - Started process (PID=86) to work on /home/airflow/.local/lib/python3.6/site-packages/airflow/example_dags/example_branch_python_dop_operator_3.py
[2021-10-13 04:51:55,653] {scheduler_job.py:629} INFO - Processing file /home/airflow/.local/lib/python3.6/site-packages/airflow/example_dags/example_branch_python_dop_operator_3.py for tasks to queue
[2021-10-13 04:51:55,655] {logging_mixin.py:104} INFO - [2021-10-13 04:51:55,655] {dagbag.py:451} INFO - Filling up the DagBag from /home/airflow/.local/lib/python3.6/site-packages/airflow/example_dags/example_branch_python_dop_operator_3.py
[2021-10-13 04:51:55,678] {scheduler_job.py:639} INFO - DAG(s) dict_keys(['example_branch_dop_operator_v3']) retrieved from /home/airflow/.local/lib/python3.6/site-packages/airflow/example_dags/example_branch_python_dop_operator_3.py
[2021-10-13 04:51:55,698] {logging_mixin.py:104} INFO - [2021-10-13 04:51:55,698] {dag.py:1824} INFO - Sync 1 DAGs
[2021-10-13 04:51:55,729] {logging_mixin.py:104} INFO - [2021-10-13 04:51:55,729] {dag.py:2280} INFO - Setting next_dagrun for example_branch_dop_operator_v3 to 2021-10-11 00:00:00+00:00
[2021-10-13 04:51:55,742] {scheduler_job.py:190} INFO - Processing /home/airflow/.local/lib/python3.6/site-packages/airflow/example_dags/example_branch_python_dop_operator_3.py took 0.098 seconds
[2021-10-13 04:52:25,868] {scheduler_job.py:182} INFO - Started process (PID=119) to work on /home/airflow/.local/lib/python3.6/site-packages/airflow/example_dags/example_branch_python_dop_operator_3.py
[2021-10-13 04:52:25,869] {scheduler_job.py:629} INFO - Processing file /home/airflow/.local/lib/python3.6/site-packages/airflow/example_dags/example_branch_python_dop_operator_3.py for tasks to queue
[2021-10-13 04:52:25,870] {logging_mixin.py:104} INFO - [2021-10-13 04:52:25,870] {dagbag.py:451} INFO - Filling up the DagBag from /home/airflow/.local/lib/python3.6/site-packages/airflow/example_dags/example_branch_python_dop_operator_3.py
[2021-10-13 04:52:25,886] {scheduler_job.py:639} INFO - DAG(s) dict_keys(['example_branch_dop_operator_v3']) retrieved from /home/airflow/.local/lib/python3.6/site-packages/airflow/example_dags/example_branch_python_dop_operator_3.py
[2021-10-13 04:52:25,912] {logging_mixin.py:104} INFO - [2021-10-13 04:52:25,912] {dag.py:1824} INFO - Sync 1 DAGs
[2021-10-13 04:52:25,952] {logging_mixin.py:104} INFO - [2021-10-13 04:52:25,952] {dag.py:2280} INFO - Setting next_dagrun for example_branch_dop_operator_v3 to 2021-10-11 00:00:00+00:00
[2021-10-13 04:52:25,968] {scheduler_job.py:190} INFO - Processing /home/airflow/.local/lib/python3.6/site-packages/airflow/example_dags/example_branch_python_dop_operator_3.py took 0.104 seconds
[2021-10-13 04:52:56,103] {scheduler_job.py:182} INFO - Started process (PID=150) to work on /home/airflow/.local/lib/python3.6/site-packages/airflow/example_dags/example_branch_python_dop_operator_3.py
[2021-10-13 04:52:56,105] {scheduler_job.py:629} INFO - Processing file /home/airflow/.local/lib/python3.6/site-packages/airflow/example_dags/example_branch_python_dop_operator_3.py for tasks to queue
[2021-10-13 04:52:56,107] {logging_mixin.py:104} INFO - [2021-10-13 04:52:56,106] {dagbag.py:451} INFO - Filling up the DagBag from /home/airflow/.local/lib/python3.6/site-packages/airflow/example_dags/example_branch_python_dop_operator_3.py
[2021-10-13 04:52:56,125] {scheduler_job.py:639} INFO - DAG(s) dict_keys(['example_branch_dop_operator_v3']) retrieved from /home/airflow/.local/lib/python3.6/site-packages/airflow/example_dags/example_branch_python_dop_operator_3.py
[2021-10-13 04:52:56,153] {logging_mixin.py:104} INFO - [2021-10-13 04:52:56,152] {dag.py:1824} INFO - Sync 1 DAGs
[2021-10-13 04:52:56,191] {logging_mixin.py:104} INFO - [2021-10-13 04:52:56,191] {dag.py:2280} INFO - Setting next_dagrun for example_branch_dop_operator_v3 to 2021-10-11 00:00:00+00:00
[2021-10-13 04:52:56,204] {scheduler_job.py:190} INFO - Processing /home/airflow/.local/lib/python3.6/site-packages/airflow/example_dags/example_branch_python_dop_operator_3.py took 0.106 seconds
[2021-10-13 04:53:26,277] {scheduler_job.py:182} INFO - Started process (PID=183) to work on /home/airflow/.local/lib/python3.6/site-packages/airflow/example_dags/example_branch_python_dop_operator_3.py
[2021-10-13 04:53:26,278] {scheduler_job.py:629} INFO - Processing file /home/airflow/.local/lib/python3.6/site-packages/airflow/example_dags/example_branch_python_dop_operator_3.py for tasks to queue
[2021-10-13 04:53:26,279] {logging_mixin.py:104} INFO - [2021-10-13 04:53:26,279] {dagbag.py:451} INFO - Filling up the DagBag from /home/airflow/.local/lib/python3.6/site-packages/airflow/example_dags/example_branch_python_dop_operator_3.py
[2021-10-13 04:53:26,293] {scheduler_job.py:639} INFO - DAG(s) dict_keys(['example_branch_dop_operator_v3']) retrieved from /home/airflow/.local/lib/python3.6/site-packages/airflow/example_dags/example_branch_python_dop_operator_3.py
[2021-10-13 04:53:26,314] {logging_mixin.py:104} INFO - [2021-10-13 04:53:26,314] {dag.py:1824} INFO - Sync 1 DAGs
[2021-10-13 04:53:26,347] {logging_mixin.py:104} INFO - [2021-10-13 04:53:26,347] {dag.py:2280} INFO - Setting next_dagrun for example_branch_dop_operator_v3 to 2021-10-11 00:00:00+00:00
[2021-10-13 04:53:26,361] {scheduler_job.py:190} INFO - Processing /home/airflow/.local/lib/python3.6/site-packages/airflow/example_dags/example_branch_python_dop_operator_3.py took 0.088 seconds
[2021-10-13 04:53:56,749] {scheduler_job.py:182} INFO - Started process (PID=215) to work on /home/airflow/.local/lib/python3.6/site-packages/airflow/example_dags/example_branch_python_dop_operator_3.py
[2021-10-13 04:53:56,752] {scheduler_job.py:629} INFO - Processing file /home/airflow/.local/lib/python3.6/site-packages/airflow/example_dags/example_branch_python_dop_operator_3.py for tasks to queue
[2021-10-13 04:53:56,754] {logging_mixin.py:104} INFO - [2021-10-13 04:53:56,754] {dagbag.py:451} INFO - Filling up the DagBag from /home/airflow/.local/lib/python3.6/site-packages/airflow/example_dags/example_branch_python_dop_operator_3.py
[2021-10-13 04:53:56,775] {scheduler_job.py:639} INFO - DAG(s) dict_keys(['example_branch_dop_operator_v3']) retrieved from /home/airflow/.local/lib/python3.6/site-packages/airflow/example_dags/example_branch_python_dop_operator_3.py
[2021-10-13 04:53:56,809] {logging_mixin.py:104} INFO - [2021-10-13 04:53:56,809] {dag.py:1824} INFO - Sync 1 DAGs
[2021-10-13 04:53:56,851] {logging_mixin.py:104} INFO - [2021-10-13 04:53:56,851] {dag.py:2280} INFO - Setting next_dagrun for example_branch_dop_operator_v3 to 2021-10-11 00:00:00+00:00
[2021-10-13 04:53:56,865] {scheduler_job.py:190} INFO - Processing /home/airflow/.local/lib/python3.6/site-packages/airflow/example_dags/example_branch_python_dop_operator_3.py took 0.120 seconds
[2021-10-13 04:54:27,051] {scheduler_job.py:182} INFO - Started process (PID=251) to work on /home/airflow/.local/lib/python3.6/site-packages/airflow/example_dags/example_branch_python_dop_operator_3.py
[2021-10-13 04:54:27,052] {scheduler_job.py:629} INFO - Processing file /home/airflow/.local/lib/python3.6/site-packages/airflow/example_dags/example_branch_python_dop_operator_3.py for tasks to queue
[2021-10-13 04:54:27,053] {logging_mixin.py:104} INFO - [2021-10-13 04:54:27,053] {dagbag.py:451} INFO - Filling up the DagBag from /home/airflow/.local/lib/python3.6/site-packages/airflow/example_dags/example_branch_python_dop_operator_3.py
[2021-10-13 04:54:27,071] {scheduler_job.py:639} INFO - DAG(s) dict_keys(['example_branch_dop_operator_v3']) retrieved from /home/airflow/.local/lib/python3.6/site-packages/airflow/example_dags/example_branch_python_dop_operator_3.py
[2021-10-13 04:54:27,142] {logging_mixin.py:104} INFO - [2021-10-13 04:54:27,142] {dag.py:1824} INFO - Sync 1 DAGs
[2021-10-13 04:54:27,186] {logging_mixin.py:104} INFO - [2021-10-13 04:54:27,186] {dag.py:2280} INFO - Setting next_dagrun for example_branch_dop_operator_v3 to 2021-10-11 00:00:00+00:00
[2021-10-13 04:54:27,207] {scheduler_job.py:190} INFO - Processing /home/airflow/.local/lib/python3.6/site-packages/airflow/example_dags/example_branch_python_dop_operator_3.py took 0.160 seconds
[2021-10-13 04:54:57,715] {scheduler_job.py:182} INFO - Started process (PID=286) to work on /home/airflow/.local/lib/python3.6/site-packages/airflow/example_dags/example_branch_python_dop_operator_3.py
[2021-10-13 04:54:57,717] {scheduler_job.py:629} INFO - Processing file /home/airflow/.local/lib/python3.6/site-packages/airflow/example_dags/example_branch_python_dop_operator_3.py for tasks to queue
[2021-10-13 04:54:57,718] {logging_mixin.py:104} INFO - [2021-10-13 04:54:57,718] {dagbag.py:451} INFO - Filling up the DagBag from /home/airflow/.local/lib/python3.6/site-packages/airflow/example_dags/example_branch_python_dop_operator_3.py
[2021-10-13 04:54:57,733] {scheduler_job.py:639} INFO - DAG(s) dict_keys(['example_branch_dop_operator_v3']) retrieved from /home/airflow/.local/lib/python3.6/site-packages/airflow/example_dags/example_branch_python_dop_operator_3.py
[2021-10-13 04:54:57,762] {logging_mixin.py:104} INFO - [2021-10-13 04:54:57,761] {dag.py:1824} INFO - Sync 1 DAGs
[2021-10-13 04:54:57,792] {logging_mixin.py:104} INFO - [2021-10-13 04:54:57,792] {dag.py:2280} INFO - Setting next_dagrun for example_branch_dop_operator_v3 to 2021-10-11 00:00:00+00:00
[2021-10-13 04:54:57,806] {scheduler_job.py:190} INFO - Processing /home/airflow/.local/lib/python3.6/site-packages/airflow/example_dags/example_branch_python_dop_operator_3.py took 0.095 seconds
[2021-10-13 04:55:27,987] {scheduler_job.py:182} INFO - Started process (PID=318) to work on /home/airflow/.local/lib/python3.6/site-packages/airflow/example_dags/example_branch_python_dop_operator_3.py
[2021-10-13 04:55:27,988] {scheduler_job.py:629} INFO - Processing file /home/airflow/.local/lib/python3.6/site-packages/airflow/example_dags/example_branch_python_dop_operator_3.py for tasks to queue
[2021-10-13 04:55:27,989] {logging_mixin.py:104} INFO - [2021-10-13 04:55:27,989] {dagbag.py:451} INFO - Filling up the DagBag from /home/airflow/.local/lib/python3.6/site-packages/airflow/example_dags/example_branch_python_dop_operator_3.py
[2021-10-13 04:55:28,003] {scheduler_job.py:639} INFO - DAG(s) dict_keys(['example_branch_dop_operator_v3']) retrieved from /home/airflow/.local/lib/python3.6/site-packages/airflow/example_dags/example_branch_python_dop_operator_3.py
[2021-10-13 04:55:28,026] {logging_mixin.py:104} INFO - [2021-10-13 04:55:28,026] {dag.py:1824} INFO - Sync 1 DAGs
[2021-10-13 04:55:28,057] {logging_mixin.py:104} INFO - [2021-10-13 04:55:28,057] {dag.py:2280} INFO - Setting next_dagrun for example_branch_dop_operator_v3 to 2021-10-11 00:00:00+00:00
[2021-10-13 04:55:28,069] {scheduler_job.py:190} INFO - Processing /home/airflow/.local/lib/python3.6/site-packages/airflow/example_dags/example_branch_python_dop_operator_3.py took 0.085 seconds
[2021-10-13 04:55:58,191] {scheduler_job.py:182} INFO - Started process (PID=351) to work on /home/airflow/.local/lib/python3.6/site-packages/airflow/example_dags/example_branch_python_dop_operator_3.py
[2021-10-13 04:55:58,193] {scheduler_job.py:629} INFO - Processing file /home/airflow/.local/lib/python3.6/site-packages/airflow/example_dags/example_branch_python_dop_operator_3.py for tasks to queue
[2021-10-13 04:55:58,194] {logging_mixin.py:104} INFO - [2021-10-13 04:55:58,193] {dagbag.py:451} INFO - Filling up the DagBag from /home/airflow/.local/lib/python3.6/site-packages/airflow/example_dags/example_branch_python_dop_operator_3.py
[2021-10-13 04:55:58,211] {scheduler_job.py:639} INFO - DAG(s) dict_keys(['example_branch_dop_operator_v3']) retrieved from /home/airflow/.local/lib/python3.6/site-packages/airflow/example_dags/example_branch_python_dop_operator_3.py
[2021-10-13 04:55:58,230] {logging_mixin.py:104} INFO - [2021-10-13 04:55:58,230] {dag.py:1824} INFO - Sync 1 DAGs
[2021-10-13 04:55:58,265] {logging_mixin.py:104} INFO - [2021-10-13 04:55:58,265] {dag.py:2280} INFO - Setting next_dagrun for example_branch_dop_operator_v3 to 2021-10-11 00:00:00+00:00
[2021-10-13 04:55:58,279] {scheduler_job.py:190} INFO - Processing /home/airflow/.local/lib/python3.6/site-packages/airflow/example_dags/example_branch_python_dop_operator_3.py took 0.091 seconds
[2021-10-13 04:56:28,480] {scheduler_job.py:182} INFO - Started process (PID=382) to work on /home/airflow/.local/lib/python3.6/site-packages/airflow/example_dags/example_branch_python_dop_operator_3.py
[2021-10-13 04:56:28,482] {scheduler_job.py:629} INFO - Processing file /home/airflow/.local/lib/python3.6/site-packages/airflow/example_dags/example_branch_python_dop_operator_3.py for tasks to queue
[2021-10-13 04:56:28,484] {logging_mixin.py:104} INFO - [2021-10-13 04:56:28,483] {dagbag.py:451} INFO - Filling up the DagBag from /home/airflow/.local/lib/python3.6/site-packages/airflow/example_dags/example_branch_python_dop_operator_3.py
[2021-10-13 04:56:28,523] {scheduler_job.py:639} INFO - DAG(s) dict_keys(['example_branch_dop_operator_v3']) retrieved from /home/airflow/.local/lib/python3.6/site-packages/airflow/example_dags/example_branch_python_dop_operator_3.py
[2021-10-13 04:56:28,565] {logging_mixin.py:104} INFO - [2021-10-13 04:56:28,565] {dag.py:1824} INFO - Sync 1 DAGs
[2021-10-13 04:56:28,614] {logging_mixin.py:104} INFO - [2021-10-13 04:56:28,613] {dag.py:2280} INFO - Setting next_dagrun for example_branch_dop_operator_v3 to 2021-10-11 00:00:00+00:00
[2021-10-13 04:56:28,628] {scheduler_job.py:190} INFO - Processing /home/airflow/.local/lib/python3.6/site-packages/airflow/example_dags/example_branch_python_dop_operator_3.py took 0.152 seconds
[2021-10-13 04:56:58,825] {scheduler_job.py:182} INFO - Started process (PID=415) to work on /home/airflow/.local/lib/python3.6/site-packages/airflow/example_dags/example_branch_python_dop_operator_3.py
[2021-10-13 04:56:58,828] {scheduler_job.py:629} INFO - Processing file /home/airflow/.local/lib/python3.6/site-packages/airflow/example_dags/example_branch_python_dop_operator_3.py for tasks to queue
[2021-10-13 04:56:58,829] {logging_mixin.py:104} INFO - [2021-10-13 04:56:58,829] {dagbag.py:451} INFO - Filling up the DagBag from /home/airflow/.local/lib/python3.6/site-packages/airflow/example_dags/example_branch_python_dop_operator_3.py
[2021-10-13 04:56:58,856] {scheduler_job.py:639} INFO - DAG(s) dict_keys(['example_branch_dop_operator_v3']) retrieved from /home/airflow/.local/lib/python3.6/site-packages/airflow/example_dags/example_branch_python_dop_operator_3.py
[2021-10-13 04:56:58,896] {logging_mixin.py:104} INFO - [2021-10-13 04:56:58,896] {dag.py:1824} INFO - Sync 1 DAGs
[2021-10-13 04:56:58,937] {logging_mixin.py:104} INFO - [2021-10-13 04:56:58,937] {dag.py:2280} INFO - Setting next_dagrun for example_branch_dop_operator_v3 to 2021-10-11 00:00:00+00:00
[2021-10-13 04:56:58,953] {scheduler_job.py:190} INFO - Processing /home/airflow/.local/lib/python3.6/site-packages/airflow/example_dags/example_branch_python_dop_operator_3.py took 0.131 seconds
[2021-10-13 04:57:29,004] {scheduler_job.py:182} INFO - Started process (PID=445) to work on /home/airflow/.local/lib/python3.6/site-packages/airflow/example_dags/example_branch_python_dop_operator_3.py
[2021-10-13 04:57:29,006] {scheduler_job.py:629} INFO - Processing file /home/airflow/.local/lib/python3.6/site-packages/airflow/example_dags/example_branch_python_dop_operator_3.py for tasks to queue
[2021-10-13 04:57:29,007] {logging_mixin.py:104} INFO - [2021-10-13 04:57:29,007] {dagbag.py:451} INFO - Filling up the DagBag from /home/airflow/.local/lib/python3.6/site-packages/airflow/example_dags/example_branch_python_dop_operator_3.py
[2021-10-13 04:57:29,042] {scheduler_job.py:639} INFO - DAG(s) dict_keys(['example_branch_dop_operator_v3']) retrieved from /home/airflow/.local/lib/python3.6/site-packages/airflow/example_dags/example_branch_python_dop_operator_3.py
[2021-10-13 04:57:29,069] {logging_mixin.py:104} INFO - [2021-10-13 04:57:29,069] {dag.py:1824} INFO - Sync 1 DAGs
[2021-10-13 04:57:29,106] {logging_mixin.py:104} INFO - [2021-10-13 04:57:29,106] {dag.py:2280} INFO - Setting next_dagrun for example_branch_dop_operator_v3 to 2021-10-11 00:00:00+00:00
[2021-10-13 04:57:29,122] {scheduler_job.py:190} INFO - Processing /home/airflow/.local/lib/python3.6/site-packages/airflow/example_dags/example_branch_python_dop_operator_3.py took 0.126 seconds
[2021-10-13 04:57:59,267] {scheduler_job.py:182} INFO - Started process (PID=478) to work on /home/airflow/.local/lib/python3.6/site-packages/airflow/example_dags/example_branch_python_dop_operator_3.py
[2021-10-13 04:57:59,268] {scheduler_job.py:629} INFO - Processing file /home/airflow/.local/lib/python3.6/site-packages/airflow/example_dags/example_branch_python_dop_operator_3.py for tasks to queue
[2021-10-13 04:57:59,269] {logging_mixin.py:104} INFO - [2021-10-13 04:57:59,269] {dagbag.py:451} INFO - Filling up the DagBag from /home/airflow/.local/lib/python3.6/site-packages/airflow/example_dags/example_branch_python_dop_operator_3.py
[2021-10-13 04:57:59,291] {scheduler_job.py:639} INFO - DAG(s) dict_keys(['example_branch_dop_operator_v3']) retrieved from /home/airflow/.local/lib/python3.6/site-packages/airflow/example_dags/example_branch_python_dop_operator_3.py
[2021-10-13 04:57:59,316] {logging_mixin.py:104} INFO - [2021-10-13 04:57:59,316] {dag.py:1824} INFO - Sync 1 DAGs
[2021-10-13 04:57:59,352] {logging_mixin.py:104} INFO - [2021-10-13 04:57:59,352] {dag.py:2280} INFO - Setting next_dagrun for example_branch_dop_operator_v3 to 2021-10-11 00:00:00+00:00
[2021-10-13 04:57:59,367] {scheduler_job.py:190} INFO - Processing /home/airflow/.local/lib/python3.6/site-packages/airflow/example_dags/example_branch_python_dop_operator_3.py took 0.104 seconds
[2021-10-13 04:58:29,475] {scheduler_job.py:182} INFO - Started process (PID=508) to work on /home/airflow/.local/lib/python3.6/site-packages/airflow/example_dags/example_branch_python_dop_operator_3.py
[2021-10-13 04:58:29,481] {scheduler_job.py:629} INFO - Processing file /home/airflow/.local/lib/python3.6/site-packages/airflow/example_dags/example_branch_python_dop_operator_3.py for tasks to queue
[2021-10-13 04:58:29,482] {logging_mixin.py:104} INFO - [2021-10-13 04:58:29,482] {dagbag.py:451} INFO - Filling up the DagBag from /home/airflow/.local/lib/python3.6/site-packages/airflow/example_dags/example_branch_python_dop_operator_3.py
[2021-10-13 04:58:29,497] {scheduler_job.py:639} INFO - DAG(s) dict_keys(['example_branch_dop_operator_v3']) retrieved from /home/airflow/.local/lib/python3.6/site-packages/airflow/example_dags/example_branch_python_dop_operator_3.py
[2021-10-13 04:58:29,521] {logging_mixin.py:104} INFO - [2021-10-13 04:58:29,520] {dag.py:1824} INFO - Sync 1 DAGs
[2021-10-13 04:58:29,554] {logging_mixin.py:104} INFO - [2021-10-13 04:58:29,553] {dag.py:2280} INFO - Setting next_dagrun for example_branch_dop_operator_v3 to 2021-10-11 00:00:00+00:00
[2021-10-13 04:58:29,569] {scheduler_job.py:190} INFO - Processing /home/airflow/.local/lib/python3.6/site-packages/airflow/example_dags/example_branch_python_dop_operator_3.py took 0.097 seconds
[2021-10-13 04:58:59,642] {scheduler_job.py:182} INFO - Started process (PID=541) to work on /home/airflow/.local/lib/python3.6/site-packages/airflow/example_dags/example_branch_python_dop_operator_3.py
[2021-10-13 04:58:59,644] {scheduler_job.py:629} INFO - Processing file /home/airflow/.local/lib/python3.6/site-packages/airflow/example_dags/example_branch_python_dop_operator_3.py for tasks to queue
[2021-10-13 04:58:59,645] {logging_mixin.py:104} INFO - [2021-10-13 04:58:59,645] {dagbag.py:451} INFO - Filling up the DagBag from /home/airflow/.local/lib/python3.6/site-packages/airflow/example_dags/example_branch_python_dop_operator_3.py
[2021-10-13 04:58:59,660] {scheduler_job.py:639} INFO - DAG(s) dict_keys(['example_branch_dop_operator_v3']) retrieved from /home/airflow/.local/lib/python3.6/site-packages/airflow/example_dags/example_branch_python_dop_operator_3.py
[2021-10-13 04:58:59,681] {logging_mixin.py:104} INFO - [2021-10-13 04:58:59,681] {dag.py:1824} INFO - Sync 1 DAGs
[2021-10-13 04:58:59,711] {logging_mixin.py:104} INFO - [2021-10-13 04:58:59,711] {dag.py:2280} INFO - Setting next_dagrun for example_branch_dop_operator_v3 to 2021-10-11 00:00:00+00:00
[2021-10-13 04:58:59,723] {scheduler_job.py:190} INFO - Processing /home/airflow/.local/lib/python3.6/site-packages/airflow/example_dags/example_branch_python_dop_operator_3.py took 0.084 seconds
[2021-10-13 04:59:30,314] {scheduler_job.py:182} INFO - Started process (PID=576) to work on /home/airflow/.local/lib/python3.6/site-packages/airflow/example_dags/example_branch_python_dop_operator_3.py
[2021-10-13 04:59:30,316] {scheduler_job.py:629} INFO - Processing file /home/airflow/.local/lib/python3.6/site-packages/airflow/example_dags/example_branch_python_dop_operator_3.py for tasks to queue
[2021-10-13 04:59:30,320] {logging_mixin.py:104} INFO - [2021-10-13 04:59:30,320] {dagbag.py:451} INFO - Filling up the DagBag from /home/airflow/.local/lib/python3.6/site-packages/airflow/example_dags/example_branch_python_dop_operator_3.py
[2021-10-13 04:59:30,341] {scheduler_job.py:639} INFO - DAG(s) dict_keys(['example_branch_dop_operator_v3']) retrieved from /home/airflow/.local/lib/python3.6/site-packages/airflow/example_dags/example_branch_python_dop_operator_3.py
[2021-10-13 04:59:30,364] {logging_mixin.py:104} INFO - [2021-10-13 04:59:30,363] {dag.py:1824} INFO - Sync 1 DAGs
[2021-10-13 04:59:30,398] {logging_mixin.py:104} INFO - [2021-10-13 04:59:30,397] {dag.py:2280} INFO - Setting next_dagrun for example_branch_dop_operator_v3 to 2021-10-11 00:00:00+00:00
[2021-10-13 04:59:30,412] {scheduler_job.py:190} INFO - Processing /home/airflow/.local/lib/python3.6/site-packages/airflow/example_dags/example_branch_python_dop_operator_3.py took 0.103 seconds
[2021-10-13 05:00:00,469] {scheduler_job.py:182} INFO - Started process (PID=614) to work on /home/airflow/.local/lib/python3.6/site-packages/airflow/example_dags/example_branch_python_dop_operator_3.py
[2021-10-13 05:00:00,471] {scheduler_job.py:629} INFO - Processing file /home/airflow/.local/lib/python3.6/site-packages/airflow/example_dags/example_branch_python_dop_operator_3.py for tasks to queue
[2021-10-13 05:00:00,471] {logging_mixin.py:104} INFO - [2021-10-13 05:00:00,471] {dagbag.py:451} INFO - Filling up the DagBag from /home/airflow/.local/lib/python3.6/site-packages/airflow/example_dags/example_branch_python_dop_operator_3.py
[2021-10-13 05:00:00,488] {scheduler_job.py:639} INFO - DAG(s) dict_keys(['example_branch_dop_operator_v3']) retrieved from /home/airflow/.local/lib/python3.6/site-packages/airflow/example_dags/example_branch_python_dop_operator_3.py
[2021-10-13 05:00:00,511] {logging_mixin.py:104} INFO - [2021-10-13 05:00:00,511] {dag.py:1824} INFO - Sync 1 DAGs
[2021-10-13 05:00:00,551] {logging_mixin.py:104} INFO - [2021-10-13 05:00:00,551] {dag.py:2280} INFO - Setting next_dagrun for example_branch_dop_operator_v3 to 2021-10-11 00:00:00+00:00
[2021-10-13 05:00:00,568] {scheduler_job.py:190} INFO - Processing /home/airflow/.local/lib/python3.6/site-packages/airflow/example_dags/example_branch_python_dop_operator_3.py took 0.104 seconds
[2021-10-13 05:00:31,110] {scheduler_job.py:182} INFO - Started process (PID=647) to work on /home/airflow/.local/lib/python3.6/site-packages/airflow/example_dags/example_branch_python_dop_operator_3.py
[2021-10-13 05:00:31,111] {scheduler_job.py:629} INFO - Processing file /home/airflow/.local/lib/python3.6/site-packages/airflow/example_dags/example_branch_python_dop_operator_3.py for tasks to queue
[2021-10-13 05:00:31,112] {logging_mixin.py:104} INFO - [2021-10-13 05:00:31,112] {dagbag.py:451} INFO - Filling up the DagBag from /home/airflow/.local/lib/python3.6/site-packages/airflow/example_dags/example_branch_python_dop_operator_3.py
[2021-10-13 05:00:31,127] {scheduler_job.py:639} INFO - DAG(s) dict_keys(['example_branch_dop_operator_v3']) retrieved from /home/airflow/.local/lib/python3.6/site-packages/airflow/example_dags/example_branch_python_dop_operator_3.py
[2021-10-13 05:00:31,152] {logging_mixin.py:104} INFO - [2021-10-13 05:00:31,151] {dag.py:1824} INFO - Sync 1 DAGs
[2021-10-13 05:00:31,185] {logging_mixin.py:104} INFO - [2021-10-13 05:00:31,185] {dag.py:2280} INFO - Setting next_dagrun for example_branch_dop_operator_v3 to 2021-10-11 00:00:00+00:00
[2021-10-13 05:00:31,199] {scheduler_job.py:190} INFO - Processing /home/airflow/.local/lib/python3.6/site-packages/airflow/example_dags/example_branch_python_dop_operator_3.py took 0.093 seconds
[2021-10-13 05:01:02,085] {scheduler_job.py:182} INFO - Started process (PID=677) to work on /home/airflow/.local/lib/python3.6/site-packages/airflow/example_dags/example_branch_python_dop_operator_3.py
[2021-10-13 05:01:02,087] {scheduler_job.py:629} INFO - Processing file /home/airflow/.local/lib/python3.6/site-packages/airflow/example_dags/example_branch_python_dop_operator_3.py for tasks to queue
[2021-10-13 05:01:02,088] {logging_mixin.py:104} INFO - [2021-10-13 05:01:02,087] {dagbag.py:451} INFO - Filling up the DagBag from /home/airflow/.local/lib/python3.6/site-packages/airflow/example_dags/example_branch_python_dop_operator_3.py
[2021-10-13 05:01:02,104] {scheduler_job.py:639} INFO - DAG(s) dict_keys(['example_branch_dop_operator_v3']) retrieved from /home/airflow/.local/lib/python3.6/site-packages/airflow/example_dags/example_branch_python_dop_operator_3.py
[2021-10-13 05:01:02,131] {logging_mixin.py:104} INFO - [2021-10-13 05:01:02,131] {dag.py:1824} INFO - Sync 1 DAGs
[2021-10-13 05:01:02,167] {logging_mixin.py:104} INFO - [2021-10-13 05:01:02,167] {dag.py:2280} INFO - Setting next_dagrun for example_branch_dop_operator_v3 to 2021-10-11 00:00:00+00:00
[2021-10-13 05:01:02,182] {scheduler_job.py:190} INFO - Processing /home/airflow/.local/lib/python3.6/site-packages/airflow/example_dags/example_branch_python_dop_operator_3.py took 0.100 seconds
[2021-10-13 05:01:32,433] {scheduler_job.py:182} INFO - Started process (PID=715) to work on /home/airflow/.local/lib/python3.6/site-packages/airflow/example_dags/example_branch_python_dop_operator_3.py
[2021-10-13 05:01:32,435] {scheduler_job.py:629} INFO - Processing file /home/airflow/.local/lib/python3.6/site-packages/airflow/example_dags/example_branch_python_dop_operator_3.py for tasks to queue
[2021-10-13 05:01:32,436] {logging_mixin.py:104} INFO - [2021-10-13 05:01:32,436] {dagbag.py:451} INFO - Filling up the DagBag from /home/airflow/.local/lib/python3.6/site-packages/airflow/example_dags/example_branch_python_dop_operator_3.py
[2021-10-13 05:01:32,454] {scheduler_job.py:639} INFO - DAG(s) dict_keys(['example_branch_dop_operator_v3']) retrieved from /home/airflow/.local/lib/python3.6/site-packages/airflow/example_dags/example_branch_python_dop_operator_3.py
[2021-10-13 05:01:32,476] {logging_mixin.py:104} INFO - [2021-10-13 05:01:32,476] {dag.py:1824} INFO - Sync 1 DAGs
[2021-10-13 05:01:32,507] {logging_mixin.py:104} INFO - [2021-10-13 05:01:32,507] {dag.py:2280} INFO - Setting next_dagrun for example_branch_dop_operator_v3 to 2021-10-11 00:00:00+00:00
[2021-10-13 05:01:32,522] {scheduler_job.py:190} INFO - Processing /home/airflow/.local/lib/python3.6/site-packages/airflow/example_dags/example_branch_python_dop_operator_3.py took 0.093 seconds
[2021-10-13 05:02:02,722] {scheduler_job.py:182} INFO - Started process (PID=749) to work on /home/airflow/.local/lib/python3.6/site-packages/airflow/example_dags/example_branch_python_dop_operator_3.py
[2021-10-13 05:02:02,723] {scheduler_job.py:629} INFO - Processing file /home/airflow/.local/lib/python3.6/site-packages/airflow/example_dags/example_branch_python_dop_operator_3.py for tasks to queue
[2021-10-13 05:02:02,724] {logging_mixin.py:104} INFO - [2021-10-13 05:02:02,724] {dagbag.py:451} INFO - Filling up the DagBag from /home/airflow/.local/lib/python3.6/site-packages/airflow/example_dags/example_branch_python_dop_operator_3.py
[2021-10-13 05:02:02,739] {scheduler_job.py:639} INFO - DAG(s) dict_keys(['example_branch_dop_operator_v3']) retrieved from /home/airflow/.local/lib/python3.6/site-packages/airflow/example_dags/example_branch_python_dop_operator_3.py
[2021-10-13 05:02:02,763] {logging_mixin.py:104} INFO - [2021-10-13 05:02:02,763] {dag.py:1824} INFO - Sync 1 DAGs
[2021-10-13 05:02:02,797] {logging_mixin.py:104} INFO - [2021-10-13 05:02:02,797] {dag.py:2280} INFO - Setting next_dagrun for example_branch_dop_operator_v3 to 2021-10-11 00:00:00+00:00
[2021-10-13 05:02:02,812] {scheduler_job.py:190} INFO - Processing /home/airflow/.local/lib/python3.6/site-packages/airflow/example_dags/example_branch_python_dop_operator_3.py took 0.093 seconds
[2021-10-13 05:02:33,056] {scheduler_job.py:182} INFO - Started process (PID=781) to work on /home/airflow/.local/lib/python3.6/site-packages/airflow/example_dags/example_branch_python_dop_operator_3.py
[2021-10-13 05:02:33,058] {scheduler_job.py:629} INFO - Processing file /home/airflow/.local/lib/python3.6/site-packages/airflow/example_dags/example_branch_python_dop_operator_3.py for tasks to queue
[2021-10-13 05:02:33,060] {logging_mixin.py:104} INFO - [2021-10-13 05:02:33,060] {dagbag.py:451} INFO - Filling up the DagBag from /home/airflow/.local/lib/python3.6/site-packages/airflow/example_dags/example_branch_python_dop_operator_3.py
[2021-10-13 05:02:33,076] {scheduler_job.py:639} INFO - DAG(s) dict_keys(['example_branch_dop_operator_v3']) retrieved from /home/airflow/.local/lib/python3.6/site-packages/airflow/example_dags/example_branch_python_dop_operator_3.py
[2021-10-13 05:02:33,098] {logging_mixin.py:104} INFO - [2021-10-13 05:02:33,098] {dag.py:1824} INFO - Sync 1 DAGs
[2021-10-13 05:02:33,130] {logging_mixin.py:104} INFO - [2021-10-13 05:02:33,129] {dag.py:2280} INFO - Setting next_dagrun for example_branch_dop_operator_v3 to 2021-10-11 00:00:00+00:00
[2021-10-13 05:02:33,144] {scheduler_job.py:190} INFO - Processing /home/airflow/.local/lib/python3.6/site-packages/airflow/example_dags/example_branch_python_dop_operator_3.py took 0.092 seconds
[2021-10-13 05:03:03,716] {scheduler_job.py:182} INFO - Started process (PID=815) to work on /home/airflow/.local/lib/python3.6/site-packages/airflow/example_dags/example_branch_python_dop_operator_3.py
[2021-10-13 05:03:03,717] {scheduler_job.py:629} INFO - Processing file /home/airflow/.local/lib/python3.6/site-packages/airflow/example_dags/example_branch_python_dop_operator_3.py for tasks to queue
[2021-10-13 05:03:03,718] {logging_mixin.py:104} INFO - [2021-10-13 05:03:03,718] {dagbag.py:451} INFO - Filling up the DagBag from /home/airflow/.local/lib/python3.6/site-packages/airflow/example_dags/example_branch_python_dop_operator_3.py
[2021-10-13 05:03:03,733] {scheduler_job.py:639} INFO - DAG(s) dict_keys(['example_branch_dop_operator_v3']) retrieved from /home/airflow/.local/lib/python3.6/site-packages/airflow/example_dags/example_branch_python_dop_operator_3.py
[2021-10-13 05:03:03,755] {logging_mixin.py:104} INFO - [2021-10-13 05:03:03,755] {dag.py:1824} INFO - Sync 1 DAGs
[2021-10-13 05:03:03,785] {logging_mixin.py:104} INFO - [2021-10-13 05:03:03,785] {dag.py:2280} INFO - Setting next_dagrun for example_branch_dop_operator_v3 to 2021-10-11 00:00:00+00:00
[2021-10-13 05:03:03,805] {scheduler_job.py:190} INFO - Processing /home/airflow/.local/lib/python3.6/site-packages/airflow/example_dags/example_branch_python_dop_operator_3.py took 0.092 seconds
[2021-10-13 05:03:34,344] {scheduler_job.py:182} INFO - Started process (PID=848) to work on /home/airflow/.local/lib/python3.6/site-packages/airflow/example_dags/example_branch_python_dop_operator_3.py
[2021-10-13 05:03:34,346] {scheduler_job.py:629} INFO - Processing file /home/airflow/.local/lib/python3.6/site-packages/airflow/example_dags/example_branch_python_dop_operator_3.py for tasks to queue
[2021-10-13 05:03:34,347] {logging_mixin.py:104} INFO - [2021-10-13 05:03:34,347] {dagbag.py:451} INFO - Filling up the DagBag from /home/airflow/.local/lib/python3.6/site-packages/airflow/example_dags/example_branch_python_dop_operator_3.py
[2021-10-13 05:03:34,363] {scheduler_job.py:639} INFO - DAG(s) dict_keys(['example_branch_dop_operator_v3']) retrieved from /home/airflow/.local/lib/python3.6/site-packages/airflow/example_dags/example_branch_python_dop_operator_3.py
[2021-10-13 05:03:34,386] {logging_mixin.py:104} INFO - [2021-10-13 05:03:34,386] {dag.py:1824} INFO - Sync 1 DAGs
[2021-10-13 05:03:34,422] {logging_mixin.py:104} INFO - [2021-10-13 05:03:34,422] {dag.py:2280} INFO - Setting next_dagrun for example_branch_dop_operator_v3 to 2021-10-11 00:00:00+00:00
[2021-10-13 05:03:34,436] {scheduler_job.py:190} INFO - Processing /home/airflow/.local/lib/python3.6/site-packages/airflow/example_dags/example_branch_python_dop_operator_3.py took 0.096 seconds
[2021-10-13 05:04:04,894] {scheduler_job.py:182} INFO - Started process (PID=882) to work on /home/airflow/.local/lib/python3.6/site-packages/airflow/example_dags/example_branch_python_dop_operator_3.py
[2021-10-13 05:04:04,897] {scheduler_job.py:629} INFO - Processing file /home/airflow/.local/lib/python3.6/site-packages/airflow/example_dags/example_branch_python_dop_operator_3.py for tasks to queue
[2021-10-13 05:04:04,900] {logging_mixin.py:104} INFO - [2021-10-13 05:04:04,900] {dagbag.py:451} INFO - Filling up the DagBag from /home/airflow/.local/lib/python3.6/site-packages/airflow/example_dags/example_branch_python_dop_operator_3.py
[2021-10-13 05:04:04,916] {scheduler_job.py:639} INFO - DAG(s) dict_keys(['example_branch_dop_operator_v3']) retrieved from /home/airflow/.local/lib/python3.6/site-packages/airflow/example_dags/example_branch_python_dop_operator_3.py
[2021-10-13 05:04:04,942] {logging_mixin.py:104} INFO - [2021-10-13 05:04:04,941] {dag.py:1824} INFO - Sync 1 DAGs
[2021-10-13 05:04:04,976] {logging_mixin.py:104} INFO - [2021-10-13 05:04:04,976] {dag.py:2280} INFO - Setting next_dagrun for example_branch_dop_operator_v3 to 2021-10-11 00:00:00+00:00
[2021-10-13 05:04:04,989] {scheduler_job.py:190} INFO - Processing /home/airflow/.local/lib/python3.6/site-packages/airflow/example_dags/example_branch_python_dop_operator_3.py took 0.101 seconds
[2021-10-13 05:04:36,040] {scheduler_job.py:182} INFO - Started process (PID=919) to work on /home/airflow/.local/lib/python3.6/site-packages/airflow/example_dags/example_branch_python_dop_operator_3.py
[2021-10-13 05:04:36,041] {scheduler_job.py:629} INFO - Processing file /home/airflow/.local/lib/python3.6/site-packages/airflow/example_dags/example_branch_python_dop_operator_3.py for tasks to queue
[2021-10-13 05:04:36,042] {logging_mixin.py:104} INFO - [2021-10-13 05:04:36,042] {dagbag.py:451} INFO - Filling up the DagBag from /home/airflow/.local/lib/python3.6/site-packages/airflow/example_dags/example_branch_python_dop_operator_3.py
[2021-10-13 05:04:36,058] {scheduler_job.py:639} INFO - DAG(s) dict_keys(['example_branch_dop_operator_v3']) retrieved from /home/airflow/.local/lib/python3.6/site-packages/airflow/example_dags/example_branch_python_dop_operator_3.py
[2021-10-13 05:04:36,080] {logging_mixin.py:104} INFO - [2021-10-13 05:04:36,080] {dag.py:1824} INFO - Sync 1 DAGs
[2021-10-13 05:04:36,112] {logging_mixin.py:104} INFO - [2021-10-13 05:04:36,112] {dag.py:2280} INFO - Setting next_dagrun for example_branch_dop_operator_v3 to 2021-10-11 00:00:00+00:00
[2021-10-13 05:04:36,126] {scheduler_job.py:190} INFO - Processing /home/airflow/.local/lib/python3.6/site-packages/airflow/example_dags/example_branch_python_dop_operator_3.py took 0.089 seconds
[2021-10-13 05:05:06,423] {scheduler_job.py:182} INFO - Started process (PID=951) to work on /home/airflow/.local/lib/python3.6/site-packages/airflow/example_dags/example_branch_python_dop_operator_3.py
[2021-10-13 05:05:06,425] {scheduler_job.py:629} INFO - Processing file /home/airflow/.local/lib/python3.6/site-packages/airflow/example_dags/example_branch_python_dop_operator_3.py for tasks to queue
[2021-10-13 05:05:06,426] {logging_mixin.py:104} INFO - [2021-10-13 05:05:06,426] {dagbag.py:451} INFO - Filling up the DagBag from /home/airflow/.local/lib/python3.6/site-packages/airflow/example_dags/example_branch_python_dop_operator_3.py
[2021-10-13 05:05:06,457] {scheduler_job.py:639} INFO - DAG(s) dict_keys(['example_branch_dop_operator_v3']) retrieved from /home/airflow/.local/lib/python3.6/site-packages/airflow/example_dags/example_branch_python_dop_operator_3.py
[2021-10-13 05:05:06,485] {logging_mixin.py:104} INFO - [2021-10-13 05:05:06,484] {dag.py:1824} INFO - Sync 1 DAGs
[2021-10-13 05:05:06,523] {logging_mixin.py:104} INFO - [2021-10-13 05:05:06,523] {dag.py:2280} INFO - Setting next_dagrun for example_branch_dop_operator_v3 to 2021-10-11 00:00:00+00:00
[2021-10-13 05:05:06,539] {scheduler_job.py:190} INFO - Processing /home/airflow/.local/lib/python3.6/site-packages/airflow/example_dags/example_branch_python_dop_operator_3.py took 0.122 seconds
[2021-10-13 05:05:36,828] {scheduler_job.py:182} INFO - Started process (PID=984) to work on /home/airflow/.local/lib/python3.6/site-packages/airflow/example_dags/example_branch_python_dop_operator_3.py
[2021-10-13 05:05:36,829] {scheduler_job.py:629} INFO - Processing file /home/airflow/.local/lib/python3.6/site-packages/airflow/example_dags/example_branch_python_dop_operator_3.py for tasks to queue
[2021-10-13 05:05:36,830] {logging_mixin.py:104} INFO - [2021-10-13 05:05:36,830] {dagbag.py:451} INFO - Filling up the DagBag from /home/airflow/.local/lib/python3.6/site-packages/airflow/example_dags/example_branch_python_dop_operator_3.py
[2021-10-13 05:05:36,846] {scheduler_job.py:639} INFO - DAG(s) dict_keys(['example_branch_dop_operator_v3']) retrieved from /home/airflow/.local/lib/python3.6/site-packages/airflow/example_dags/example_branch_python_dop_operator_3.py
[2021-10-13 05:05:36,867] {logging_mixin.py:104} INFO - [2021-10-13 05:05:36,867] {dag.py:1824} INFO - Sync 1 DAGs
[2021-10-13 05:05:36,898] {logging_mixin.py:104} INFO - [2021-10-13 05:05:36,897] {dag.py:2280} INFO - Setting next_dagrun for example_branch_dop_operator_v3 to 2021-10-11 00:00:00+00:00
[2021-10-13 05:05:36,912] {scheduler_job.py:190} INFO - Processing /home/airflow/.local/lib/python3.6/site-packages/airflow/example_dags/example_branch_python_dop_operator_3.py took 0.087 seconds
