[2021-10-13 04:51:26,227] {scheduler_job.py:182} INFO - Started process (PID=61) to work on /home/airflow/.local/lib/python3.6/site-packages/airflow/example_dags/example_trigger_target_dag.py
[2021-10-13 04:51:26,230] {scheduler_job.py:629} INFO - Processing file /home/airflow/.local/lib/python3.6/site-packages/airflow/example_dags/example_trigger_target_dag.py for tasks to queue
[2021-10-13 04:51:26,232] {logging_mixin.py:104} INFO - [2021-10-13 04:51:26,232] {dagbag.py:451} INFO - Filling up the DagBag from /home/airflow/.local/lib/python3.6/site-packages/airflow/example_dags/example_trigger_target_dag.py
[2021-10-13 04:51:26,250] {scheduler_job.py:639} INFO - DAG(s) dict_keys(['example_trigger_target_dag']) retrieved from /home/airflow/.local/lib/python3.6/site-packages/airflow/example_dags/example_trigger_target_dag.py
[2021-10-13 04:51:26,351] {logging_mixin.py:104} INFO - [2021-10-13 04:51:26,351] {dag.py:1824} INFO - Sync 1 DAGs
[2021-10-13 04:51:26,402] {logging_mixin.py:104} INFO - [2021-10-13 04:51:26,402] {dag.py:2280} INFO - Setting next_dagrun for example_trigger_target_dag to None
[2021-10-13 04:51:26,434] {scheduler_job.py:190} INFO - Processing /home/airflow/.local/lib/python3.6/site-packages/airflow/example_dags/example_trigger_target_dag.py took 0.211 seconds
[2021-10-13 04:51:57,448] {scheduler_job.py:182} INFO - Started process (PID=94) to work on /home/airflow/.local/lib/python3.6/site-packages/airflow/example_dags/example_trigger_target_dag.py
[2021-10-13 04:51:57,451] {scheduler_job.py:629} INFO - Processing file /home/airflow/.local/lib/python3.6/site-packages/airflow/example_dags/example_trigger_target_dag.py for tasks to queue
[2021-10-13 04:51:57,453] {logging_mixin.py:104} INFO - [2021-10-13 04:51:57,453] {dagbag.py:451} INFO - Filling up the DagBag from /home/airflow/.local/lib/python3.6/site-packages/airflow/example_dags/example_trigger_target_dag.py
[2021-10-13 04:51:57,469] {scheduler_job.py:639} INFO - DAG(s) dict_keys(['example_trigger_target_dag']) retrieved from /home/airflow/.local/lib/python3.6/site-packages/airflow/example_dags/example_trigger_target_dag.py
[2021-10-13 04:51:57,495] {logging_mixin.py:104} INFO - [2021-10-13 04:51:57,495] {dag.py:1824} INFO - Sync 1 DAGs
[2021-10-13 04:51:57,517] {logging_mixin.py:104} INFO - [2021-10-13 04:51:57,517] {dag.py:2280} INFO - Setting next_dagrun for example_trigger_target_dag to None
[2021-10-13 04:51:57,531] {scheduler_job.py:190} INFO - Processing /home/airflow/.local/lib/python3.6/site-packages/airflow/example_dags/example_trigger_target_dag.py took 0.087 seconds
[2021-10-13 04:52:28,513] {scheduler_job.py:182} INFO - Started process (PID=127) to work on /home/airflow/.local/lib/python3.6/site-packages/airflow/example_dags/example_trigger_target_dag.py
[2021-10-13 04:52:28,515] {scheduler_job.py:629} INFO - Processing file /home/airflow/.local/lib/python3.6/site-packages/airflow/example_dags/example_trigger_target_dag.py for tasks to queue
[2021-10-13 04:52:28,516] {logging_mixin.py:104} INFO - [2021-10-13 04:52:28,516] {dagbag.py:451} INFO - Filling up the DagBag from /home/airflow/.local/lib/python3.6/site-packages/airflow/example_dags/example_trigger_target_dag.py
[2021-10-13 04:52:28,528] {scheduler_job.py:639} INFO - DAG(s) dict_keys(['example_trigger_target_dag']) retrieved from /home/airflow/.local/lib/python3.6/site-packages/airflow/example_dags/example_trigger_target_dag.py
[2021-10-13 04:52:28,550] {logging_mixin.py:104} INFO - [2021-10-13 04:52:28,550] {dag.py:1824} INFO - Sync 1 DAGs
[2021-10-13 04:52:28,573] {logging_mixin.py:104} INFO - [2021-10-13 04:52:28,573] {dag.py:2280} INFO - Setting next_dagrun for example_trigger_target_dag to None
[2021-10-13 04:52:28,590] {scheduler_job.py:190} INFO - Processing /home/airflow/.local/lib/python3.6/site-packages/airflow/example_dags/example_trigger_target_dag.py took 0.079 seconds
[2021-10-13 04:52:58,829] {scheduler_job.py:182} INFO - Started process (PID=160) to work on /home/airflow/.local/lib/python3.6/site-packages/airflow/example_dags/example_trigger_target_dag.py
[2021-10-13 04:52:58,831] {scheduler_job.py:629} INFO - Processing file /home/airflow/.local/lib/python3.6/site-packages/airflow/example_dags/example_trigger_target_dag.py for tasks to queue
[2021-10-13 04:52:58,833] {logging_mixin.py:104} INFO - [2021-10-13 04:52:58,832] {dagbag.py:451} INFO - Filling up the DagBag from /home/airflow/.local/lib/python3.6/site-packages/airflow/example_dags/example_trigger_target_dag.py
[2021-10-13 04:52:58,845] {scheduler_job.py:639} INFO - DAG(s) dict_keys(['example_trigger_target_dag']) retrieved from /home/airflow/.local/lib/python3.6/site-packages/airflow/example_dags/example_trigger_target_dag.py
[2021-10-13 04:52:58,865] {logging_mixin.py:104} INFO - [2021-10-13 04:52:58,865] {dag.py:1824} INFO - Sync 1 DAGs
[2021-10-13 04:52:58,883] {logging_mixin.py:104} INFO - [2021-10-13 04:52:58,883] {dag.py:2280} INFO - Setting next_dagrun for example_trigger_target_dag to None
[2021-10-13 04:52:58,895] {scheduler_job.py:190} INFO - Processing /home/airflow/.local/lib/python3.6/site-packages/airflow/example_dags/example_trigger_target_dag.py took 0.071 seconds
[2021-10-13 04:53:28,948] {scheduler_job.py:182} INFO - Started process (PID=192) to work on /home/airflow/.local/lib/python3.6/site-packages/airflow/example_dags/example_trigger_target_dag.py
[2021-10-13 04:53:28,950] {scheduler_job.py:629} INFO - Processing file /home/airflow/.local/lib/python3.6/site-packages/airflow/example_dags/example_trigger_target_dag.py for tasks to queue
[2021-10-13 04:53:28,951] {logging_mixin.py:104} INFO - [2021-10-13 04:53:28,950] {dagbag.py:451} INFO - Filling up the DagBag from /home/airflow/.local/lib/python3.6/site-packages/airflow/example_dags/example_trigger_target_dag.py
[2021-10-13 04:53:28,963] {scheduler_job.py:639} INFO - DAG(s) dict_keys(['example_trigger_target_dag']) retrieved from /home/airflow/.local/lib/python3.6/site-packages/airflow/example_dags/example_trigger_target_dag.py
[2021-10-13 04:53:28,986] {logging_mixin.py:104} INFO - [2021-10-13 04:53:28,986] {dag.py:1824} INFO - Sync 1 DAGs
[2021-10-13 04:53:29,008] {logging_mixin.py:104} INFO - [2021-10-13 04:53:29,008] {dag.py:2280} INFO - Setting next_dagrun for example_trigger_target_dag to None
[2021-10-13 04:53:29,025] {scheduler_job.py:190} INFO - Processing /home/airflow/.local/lib/python3.6/site-packages/airflow/example_dags/example_trigger_target_dag.py took 0.081 seconds
[2021-10-13 04:53:59,370] {scheduler_job.py:182} INFO - Started process (PID=225) to work on /home/airflow/.local/lib/python3.6/site-packages/airflow/example_dags/example_trigger_target_dag.py
[2021-10-13 04:53:59,371] {scheduler_job.py:629} INFO - Processing file /home/airflow/.local/lib/python3.6/site-packages/airflow/example_dags/example_trigger_target_dag.py for tasks to queue
[2021-10-13 04:53:59,373] {logging_mixin.py:104} INFO - [2021-10-13 04:53:59,373] {dagbag.py:451} INFO - Filling up the DagBag from /home/airflow/.local/lib/python3.6/site-packages/airflow/example_dags/example_trigger_target_dag.py
[2021-10-13 04:53:59,383] {scheduler_job.py:639} INFO - DAG(s) dict_keys(['example_trigger_target_dag']) retrieved from /home/airflow/.local/lib/python3.6/site-packages/airflow/example_dags/example_trigger_target_dag.py
[2021-10-13 04:53:59,412] {logging_mixin.py:104} INFO - [2021-10-13 04:53:59,411] {dag.py:1824} INFO - Sync 1 DAGs
[2021-10-13 04:53:59,427] {logging_mixin.py:104} INFO - [2021-10-13 04:53:59,426] {dag.py:2280} INFO - Setting next_dagrun for example_trigger_target_dag to None
[2021-10-13 04:53:59,448] {scheduler_job.py:190} INFO - Processing /home/airflow/.local/lib/python3.6/site-packages/airflow/example_dags/example_trigger_target_dag.py took 0.081 seconds
[2021-10-13 04:54:30,038] {scheduler_job.py:182} INFO - Started process (PID=263) to work on /home/airflow/.local/lib/python3.6/site-packages/airflow/example_dags/example_trigger_target_dag.py
[2021-10-13 04:54:30,040] {scheduler_job.py:629} INFO - Processing file /home/airflow/.local/lib/python3.6/site-packages/airflow/example_dags/example_trigger_target_dag.py for tasks to queue
[2021-10-13 04:54:30,042] {logging_mixin.py:104} INFO - [2021-10-13 04:54:30,042] {dagbag.py:451} INFO - Filling up the DagBag from /home/airflow/.local/lib/python3.6/site-packages/airflow/example_dags/example_trigger_target_dag.py
[2021-10-13 04:54:30,062] {scheduler_job.py:639} INFO - DAG(s) dict_keys(['example_trigger_target_dag']) retrieved from /home/airflow/.local/lib/python3.6/site-packages/airflow/example_dags/example_trigger_target_dag.py
[2021-10-13 04:54:30,091] {logging_mixin.py:104} INFO - [2021-10-13 04:54:30,091] {dag.py:1824} INFO - Sync 1 DAGs
[2021-10-13 04:54:30,110] {logging_mixin.py:104} INFO - [2021-10-13 04:54:30,110] {dag.py:2280} INFO - Setting next_dagrun for example_trigger_target_dag to None
[2021-10-13 04:54:30,126] {scheduler_job.py:190} INFO - Processing /home/airflow/.local/lib/python3.6/site-packages/airflow/example_dags/example_trigger_target_dag.py took 0.094 seconds
[2021-10-13 04:55:00,333] {scheduler_job.py:182} INFO - Started process (PID=296) to work on /home/airflow/.local/lib/python3.6/site-packages/airflow/example_dags/example_trigger_target_dag.py
[2021-10-13 04:55:00,335] {scheduler_job.py:629} INFO - Processing file /home/airflow/.local/lib/python3.6/site-packages/airflow/example_dags/example_trigger_target_dag.py for tasks to queue
[2021-10-13 04:55:00,337] {logging_mixin.py:104} INFO - [2021-10-13 04:55:00,337] {dagbag.py:451} INFO - Filling up the DagBag from /home/airflow/.local/lib/python3.6/site-packages/airflow/example_dags/example_trigger_target_dag.py
[2021-10-13 04:55:00,353] {scheduler_job.py:639} INFO - DAG(s) dict_keys(['example_trigger_target_dag']) retrieved from /home/airflow/.local/lib/python3.6/site-packages/airflow/example_dags/example_trigger_target_dag.py
[2021-10-13 04:55:00,385] {logging_mixin.py:104} INFO - [2021-10-13 04:55:00,385] {dag.py:1824} INFO - Sync 1 DAGs
[2021-10-13 04:55:00,406] {logging_mixin.py:104} INFO - [2021-10-13 04:55:00,406] {dag.py:2280} INFO - Setting next_dagrun for example_trigger_target_dag to None
[2021-10-13 04:55:00,424] {scheduler_job.py:190} INFO - Processing /home/airflow/.local/lib/python3.6/site-packages/airflow/example_dags/example_trigger_target_dag.py took 0.096 seconds
[2021-10-13 04:55:30,559] {scheduler_job.py:182} INFO - Started process (PID=329) to work on /home/airflow/.local/lib/python3.6/site-packages/airflow/example_dags/example_trigger_target_dag.py
[2021-10-13 04:55:30,561] {scheduler_job.py:629} INFO - Processing file /home/airflow/.local/lib/python3.6/site-packages/airflow/example_dags/example_trigger_target_dag.py for tasks to queue
[2021-10-13 04:55:30,562] {logging_mixin.py:104} INFO - [2021-10-13 04:55:30,562] {dagbag.py:451} INFO - Filling up the DagBag from /home/airflow/.local/lib/python3.6/site-packages/airflow/example_dags/example_trigger_target_dag.py
[2021-10-13 04:55:30,574] {scheduler_job.py:639} INFO - DAG(s) dict_keys(['example_trigger_target_dag']) retrieved from /home/airflow/.local/lib/python3.6/site-packages/airflow/example_dags/example_trigger_target_dag.py
[2021-10-13 04:55:30,600] {logging_mixin.py:104} INFO - [2021-10-13 04:55:30,600] {dag.py:1824} INFO - Sync 1 DAGs
[2021-10-13 04:55:30,616] {logging_mixin.py:104} INFO - [2021-10-13 04:55:30,616] {dag.py:2280} INFO - Setting next_dagrun for example_trigger_target_dag to None
[2021-10-13 04:55:30,630] {scheduler_job.py:190} INFO - Processing /home/airflow/.local/lib/python3.6/site-packages/airflow/example_dags/example_trigger_target_dag.py took 0.075 seconds
[2021-10-13 04:56:00,764] {scheduler_job.py:182} INFO - Started process (PID=362) to work on /home/airflow/.local/lib/python3.6/site-packages/airflow/example_dags/example_trigger_target_dag.py
[2021-10-13 04:56:00,767] {scheduler_job.py:629} INFO - Processing file /home/airflow/.local/lib/python3.6/site-packages/airflow/example_dags/example_trigger_target_dag.py for tasks to queue
[2021-10-13 04:56:00,768] {logging_mixin.py:104} INFO - [2021-10-13 04:56:00,768] {dagbag.py:451} INFO - Filling up the DagBag from /home/airflow/.local/lib/python3.6/site-packages/airflow/example_dags/example_trigger_target_dag.py
[2021-10-13 04:56:00,785] {scheduler_job.py:639} INFO - DAG(s) dict_keys(['example_trigger_target_dag']) retrieved from /home/airflow/.local/lib/python3.6/site-packages/airflow/example_dags/example_trigger_target_dag.py
[2021-10-13 04:56:00,823] {logging_mixin.py:104} INFO - [2021-10-13 04:56:00,823] {dag.py:1824} INFO - Sync 1 DAGs
[2021-10-13 04:56:00,842] {logging_mixin.py:104} INFO - [2021-10-13 04:56:00,842] {dag.py:2280} INFO - Setting next_dagrun for example_trigger_target_dag to None
[2021-10-13 04:56:00,856] {scheduler_job.py:190} INFO - Processing /home/airflow/.local/lib/python3.6/site-packages/airflow/example_dags/example_trigger_target_dag.py took 0.097 seconds
[2021-10-13 04:56:31,445] {scheduler_job.py:182} INFO - Started process (PID=396) to work on /home/airflow/.local/lib/python3.6/site-packages/airflow/example_dags/example_trigger_target_dag.py
[2021-10-13 04:56:31,446] {scheduler_job.py:629} INFO - Processing file /home/airflow/.local/lib/python3.6/site-packages/airflow/example_dags/example_trigger_target_dag.py for tasks to queue
[2021-10-13 04:56:31,447] {logging_mixin.py:104} INFO - [2021-10-13 04:56:31,447] {dagbag.py:451} INFO - Filling up the DagBag from /home/airflow/.local/lib/python3.6/site-packages/airflow/example_dags/example_trigger_target_dag.py
[2021-10-13 04:56:31,466] {scheduler_job.py:639} INFO - DAG(s) dict_keys(['example_trigger_target_dag']) retrieved from /home/airflow/.local/lib/python3.6/site-packages/airflow/example_dags/example_trigger_target_dag.py
[2021-10-13 04:56:31,492] {logging_mixin.py:104} INFO - [2021-10-13 04:56:31,492] {dag.py:1824} INFO - Sync 1 DAGs
[2021-10-13 04:56:31,507] {logging_mixin.py:104} INFO - [2021-10-13 04:56:31,507] {dag.py:2280} INFO - Setting next_dagrun for example_trigger_target_dag to None
[2021-10-13 04:56:31,520] {scheduler_job.py:190} INFO - Processing /home/airflow/.local/lib/python3.6/site-packages/airflow/example_dags/example_trigger_target_dag.py took 0.079 seconds
[2021-10-13 04:57:01,794] {scheduler_job.py:182} INFO - Started process (PID=429) to work on /home/airflow/.local/lib/python3.6/site-packages/airflow/example_dags/example_trigger_target_dag.py
[2021-10-13 04:57:01,796] {scheduler_job.py:629} INFO - Processing file /home/airflow/.local/lib/python3.6/site-packages/airflow/example_dags/example_trigger_target_dag.py for tasks to queue
[2021-10-13 04:57:01,797] {logging_mixin.py:104} INFO - [2021-10-13 04:57:01,796] {dagbag.py:451} INFO - Filling up the DagBag from /home/airflow/.local/lib/python3.6/site-packages/airflow/example_dags/example_trigger_target_dag.py
[2021-10-13 04:57:01,814] {scheduler_job.py:639} INFO - DAG(s) dict_keys(['example_trigger_target_dag']) retrieved from /home/airflow/.local/lib/python3.6/site-packages/airflow/example_dags/example_trigger_target_dag.py
[2021-10-13 04:57:01,838] {logging_mixin.py:104} INFO - [2021-10-13 04:57:01,838] {dag.py:1824} INFO - Sync 1 DAGs
[2021-10-13 04:57:01,855] {logging_mixin.py:104} INFO - [2021-10-13 04:57:01,855] {dag.py:2280} INFO - Setting next_dagrun for example_trigger_target_dag to None
[2021-10-13 04:57:01,868] {scheduler_job.py:190} INFO - Processing /home/airflow/.local/lib/python3.6/site-packages/airflow/example_dags/example_trigger_target_dag.py took 0.078 seconds
[2021-10-13 04:57:32,246] {scheduler_job.py:182} INFO - Started process (PID=462) to work on /home/airflow/.local/lib/python3.6/site-packages/airflow/example_dags/example_trigger_target_dag.py
[2021-10-13 04:57:32,249] {scheduler_job.py:629} INFO - Processing file /home/airflow/.local/lib/python3.6/site-packages/airflow/example_dags/example_trigger_target_dag.py for tasks to queue
[2021-10-13 04:57:32,252] {logging_mixin.py:104} INFO - [2021-10-13 04:57:32,252] {dagbag.py:451} INFO - Filling up the DagBag from /home/airflow/.local/lib/python3.6/site-packages/airflow/example_dags/example_trigger_target_dag.py
[2021-10-13 04:57:32,287] {scheduler_job.py:639} INFO - DAG(s) dict_keys(['example_trigger_target_dag']) retrieved from /home/airflow/.local/lib/python3.6/site-packages/airflow/example_dags/example_trigger_target_dag.py
[2021-10-13 04:57:32,367] {logging_mixin.py:104} INFO - [2021-10-13 04:57:32,367] {dag.py:1824} INFO - Sync 1 DAGs
[2021-10-13 04:57:32,389] {logging_mixin.py:104} INFO - [2021-10-13 04:57:32,389] {dag.py:2280} INFO - Setting next_dagrun for example_trigger_target_dag to None
[2021-10-13 04:57:32,425] {scheduler_job.py:190} INFO - Processing /home/airflow/.local/lib/python3.6/site-packages/airflow/example_dags/example_trigger_target_dag.py took 0.182 seconds
[2021-10-13 04:58:02,735] {scheduler_job.py:182} INFO - Started process (PID=497) to work on /home/airflow/.local/lib/python3.6/site-packages/airflow/example_dags/example_trigger_target_dag.py
[2021-10-13 04:58:02,737] {scheduler_job.py:629} INFO - Processing file /home/airflow/.local/lib/python3.6/site-packages/airflow/example_dags/example_trigger_target_dag.py for tasks to queue
[2021-10-13 04:58:02,737] {logging_mixin.py:104} INFO - [2021-10-13 04:58:02,737] {dagbag.py:451} INFO - Filling up the DagBag from /home/airflow/.local/lib/python3.6/site-packages/airflow/example_dags/example_trigger_target_dag.py
[2021-10-13 04:58:02,756] {scheduler_job.py:639} INFO - DAG(s) dict_keys(['example_trigger_target_dag']) retrieved from /home/airflow/.local/lib/python3.6/site-packages/airflow/example_dags/example_trigger_target_dag.py
[2021-10-13 04:58:02,784] {logging_mixin.py:104} INFO - [2021-10-13 04:58:02,784] {dag.py:1824} INFO - Sync 1 DAGs
[2021-10-13 04:58:02,800] {logging_mixin.py:104} INFO - [2021-10-13 04:58:02,800] {dag.py:2280} INFO - Setting next_dagrun for example_trigger_target_dag to None
[2021-10-13 04:58:02,814] {scheduler_job.py:190} INFO - Processing /home/airflow/.local/lib/python3.6/site-packages/airflow/example_dags/example_trigger_target_dag.py took 0.082 seconds
[2021-10-13 04:58:32,936] {scheduler_job.py:182} INFO - Started process (PID=530) to work on /home/airflow/.local/lib/python3.6/site-packages/airflow/example_dags/example_trigger_target_dag.py
[2021-10-13 04:58:32,942] {scheduler_job.py:629} INFO - Processing file /home/airflow/.local/lib/python3.6/site-packages/airflow/example_dags/example_trigger_target_dag.py for tasks to queue
[2021-10-13 04:58:32,943] {logging_mixin.py:104} INFO - [2021-10-13 04:58:32,943] {dagbag.py:451} INFO - Filling up the DagBag from /home/airflow/.local/lib/python3.6/site-packages/airflow/example_dags/example_trigger_target_dag.py
[2021-10-13 04:58:32,953] {scheduler_job.py:639} INFO - DAG(s) dict_keys(['example_trigger_target_dag']) retrieved from /home/airflow/.local/lib/python3.6/site-packages/airflow/example_dags/example_trigger_target_dag.py
[2021-10-13 04:58:32,975] {logging_mixin.py:104} INFO - [2021-10-13 04:58:32,975] {dag.py:1824} INFO - Sync 1 DAGs
[2021-10-13 04:58:32,992] {logging_mixin.py:104} INFO - [2021-10-13 04:58:32,992] {dag.py:2280} INFO - Setting next_dagrun for example_trigger_target_dag to None
[2021-10-13 04:58:33,005] {scheduler_job.py:190} INFO - Processing /home/airflow/.local/lib/python3.6/site-packages/airflow/example_dags/example_trigger_target_dag.py took 0.072 seconds
[2021-10-13 04:59:03,176] {scheduler_job.py:182} INFO - Started process (PID=563) to work on /home/airflow/.local/lib/python3.6/site-packages/airflow/example_dags/example_trigger_target_dag.py
[2021-10-13 04:59:03,178] {scheduler_job.py:629} INFO - Processing file /home/airflow/.local/lib/python3.6/site-packages/airflow/example_dags/example_trigger_target_dag.py for tasks to queue
[2021-10-13 04:59:03,179] {logging_mixin.py:104} INFO - [2021-10-13 04:59:03,179] {dagbag.py:451} INFO - Filling up the DagBag from /home/airflow/.local/lib/python3.6/site-packages/airflow/example_dags/example_trigger_target_dag.py
[2021-10-13 04:59:03,190] {scheduler_job.py:639} INFO - DAG(s) dict_keys(['example_trigger_target_dag']) retrieved from /home/airflow/.local/lib/python3.6/site-packages/airflow/example_dags/example_trigger_target_dag.py
[2021-10-13 04:59:03,210] {logging_mixin.py:104} INFO - [2021-10-13 04:59:03,210] {dag.py:1824} INFO - Sync 1 DAGs
[2021-10-13 04:59:03,225] {logging_mixin.py:104} INFO - [2021-10-13 04:59:03,225] {dag.py:2280} INFO - Setting next_dagrun for example_trigger_target_dag to None
[2021-10-13 04:59:03,238] {scheduler_job.py:190} INFO - Processing /home/airflow/.local/lib/python3.6/site-packages/airflow/example_dags/example_trigger_target_dag.py took 0.065 seconds
[2021-10-13 04:59:33,524] {scheduler_job.py:182} INFO - Started process (PID=596) to work on /home/airflow/.local/lib/python3.6/site-packages/airflow/example_dags/example_trigger_target_dag.py
[2021-10-13 04:59:33,525] {scheduler_job.py:629} INFO - Processing file /home/airflow/.local/lib/python3.6/site-packages/airflow/example_dags/example_trigger_target_dag.py for tasks to queue
[2021-10-13 04:59:33,527] {logging_mixin.py:104} INFO - [2021-10-13 04:59:33,526] {dagbag.py:451} INFO - Filling up the DagBag from /home/airflow/.local/lib/python3.6/site-packages/airflow/example_dags/example_trigger_target_dag.py
[2021-10-13 04:59:33,546] {scheduler_job.py:639} INFO - DAG(s) dict_keys(['example_trigger_target_dag']) retrieved from /home/airflow/.local/lib/python3.6/site-packages/airflow/example_dags/example_trigger_target_dag.py
[2021-10-13 04:59:33,571] {logging_mixin.py:104} INFO - [2021-10-13 04:59:33,571] {dag.py:1824} INFO - Sync 1 DAGs
[2021-10-13 04:59:33,589] {logging_mixin.py:104} INFO - [2021-10-13 04:59:33,589] {dag.py:2280} INFO - Setting next_dagrun for example_trigger_target_dag to None
[2021-10-13 04:59:33,605] {scheduler_job.py:190} INFO - Processing /home/airflow/.local/lib/python3.6/site-packages/airflow/example_dags/example_trigger_target_dag.py took 0.086 seconds
[2021-10-13 05:00:04,027] {scheduler_job.py:182} INFO - Started process (PID=634) to work on /home/airflow/.local/lib/python3.6/site-packages/airflow/example_dags/example_trigger_target_dag.py
[2021-10-13 05:00:04,028] {scheduler_job.py:629} INFO - Processing file /home/airflow/.local/lib/python3.6/site-packages/airflow/example_dags/example_trigger_target_dag.py for tasks to queue
[2021-10-13 05:00:04,030] {logging_mixin.py:104} INFO - [2021-10-13 05:00:04,029] {dagbag.py:451} INFO - Filling up the DagBag from /home/airflow/.local/lib/python3.6/site-packages/airflow/example_dags/example_trigger_target_dag.py
[2021-10-13 05:00:04,044] {scheduler_job.py:639} INFO - DAG(s) dict_keys(['example_trigger_target_dag']) retrieved from /home/airflow/.local/lib/python3.6/site-packages/airflow/example_dags/example_trigger_target_dag.py
[2021-10-13 05:00:04,066] {logging_mixin.py:104} INFO - [2021-10-13 05:00:04,066] {dag.py:1824} INFO - Sync 1 DAGs
[2021-10-13 05:00:04,082] {logging_mixin.py:104} INFO - [2021-10-13 05:00:04,082] {dag.py:2280} INFO - Setting next_dagrun for example_trigger_target_dag to None
[2021-10-13 05:00:04,096] {scheduler_job.py:190} INFO - Processing /home/airflow/.local/lib/python3.6/site-packages/airflow/example_dags/example_trigger_target_dag.py took 0.072 seconds
[2021-10-13 05:00:34,212] {scheduler_job.py:182} INFO - Started process (PID=667) to work on /home/airflow/.local/lib/python3.6/site-packages/airflow/example_dags/example_trigger_target_dag.py
[2021-10-13 05:00:34,214] {scheduler_job.py:629} INFO - Processing file /home/airflow/.local/lib/python3.6/site-packages/airflow/example_dags/example_trigger_target_dag.py for tasks to queue
[2021-10-13 05:00:34,215] {logging_mixin.py:104} INFO - [2021-10-13 05:00:34,214] {dagbag.py:451} INFO - Filling up the DagBag from /home/airflow/.local/lib/python3.6/site-packages/airflow/example_dags/example_trigger_target_dag.py
[2021-10-13 05:00:34,225] {scheduler_job.py:639} INFO - DAG(s) dict_keys(['example_trigger_target_dag']) retrieved from /home/airflow/.local/lib/python3.6/site-packages/airflow/example_dags/example_trigger_target_dag.py
[2021-10-13 05:00:34,247] {logging_mixin.py:104} INFO - [2021-10-13 05:00:34,247] {dag.py:1824} INFO - Sync 1 DAGs
[2021-10-13 05:00:34,264] {logging_mixin.py:104} INFO - [2021-10-13 05:00:34,263] {dag.py:2280} INFO - Setting next_dagrun for example_trigger_target_dag to None
[2021-10-13 05:00:34,278] {scheduler_job.py:190} INFO - Processing /home/airflow/.local/lib/python3.6/site-packages/airflow/example_dags/example_trigger_target_dag.py took 0.069 seconds
[2021-10-13 05:01:04,412] {scheduler_job.py:182} INFO - Started process (PID=700) to work on /home/airflow/.local/lib/python3.6/site-packages/airflow/example_dags/example_trigger_target_dag.py
[2021-10-13 05:01:04,413] {scheduler_job.py:629} INFO - Processing file /home/airflow/.local/lib/python3.6/site-packages/airflow/example_dags/example_trigger_target_dag.py for tasks to queue
[2021-10-13 05:01:04,415] {logging_mixin.py:104} INFO - [2021-10-13 05:01:04,414] {dagbag.py:451} INFO - Filling up the DagBag from /home/airflow/.local/lib/python3.6/site-packages/airflow/example_dags/example_trigger_target_dag.py
[2021-10-13 05:01:04,426] {scheduler_job.py:639} INFO - DAG(s) dict_keys(['example_trigger_target_dag']) retrieved from /home/airflow/.local/lib/python3.6/site-packages/airflow/example_dags/example_trigger_target_dag.py
[2021-10-13 05:01:04,449] {logging_mixin.py:104} INFO - [2021-10-13 05:01:04,449] {dag.py:1824} INFO - Sync 1 DAGs
[2021-10-13 05:01:04,466] {logging_mixin.py:104} INFO - [2021-10-13 05:01:04,466] {dag.py:2280} INFO - Setting next_dagrun for example_trigger_target_dag to None
[2021-10-13 05:01:04,480] {scheduler_job.py:190} INFO - Processing /home/airflow/.local/lib/python3.6/site-packages/airflow/example_dags/example_trigger_target_dag.py took 0.072 seconds
[2021-10-13 05:01:34,699] {scheduler_job.py:182} INFO - Started process (PID=738) to work on /home/airflow/.local/lib/python3.6/site-packages/airflow/example_dags/example_trigger_target_dag.py
[2021-10-13 05:01:34,700] {scheduler_job.py:629} INFO - Processing file /home/airflow/.local/lib/python3.6/site-packages/airflow/example_dags/example_trigger_target_dag.py for tasks to queue
[2021-10-13 05:01:34,701] {logging_mixin.py:104} INFO - [2021-10-13 05:01:34,701] {dagbag.py:451} INFO - Filling up the DagBag from /home/airflow/.local/lib/python3.6/site-packages/airflow/example_dags/example_trigger_target_dag.py
[2021-10-13 05:01:34,711] {scheduler_job.py:639} INFO - DAG(s) dict_keys(['example_trigger_target_dag']) retrieved from /home/airflow/.local/lib/python3.6/site-packages/airflow/example_dags/example_trigger_target_dag.py
[2021-10-13 05:01:34,732] {logging_mixin.py:104} INFO - [2021-10-13 05:01:34,732] {dag.py:1824} INFO - Sync 1 DAGs
[2021-10-13 05:01:34,750] {logging_mixin.py:104} INFO - [2021-10-13 05:01:34,750] {dag.py:2280} INFO - Setting next_dagrun for example_trigger_target_dag to None
[2021-10-13 05:01:34,780] {scheduler_job.py:190} INFO - Processing /home/airflow/.local/lib/python3.6/site-packages/airflow/example_dags/example_trigger_target_dag.py took 0.085 seconds
[2021-10-13 05:02:05,103] {scheduler_job.py:182} INFO - Started process (PID=771) to work on /home/airflow/.local/lib/python3.6/site-packages/airflow/example_dags/example_trigger_target_dag.py
[2021-10-13 05:02:05,104] {scheduler_job.py:629} INFO - Processing file /home/airflow/.local/lib/python3.6/site-packages/airflow/example_dags/example_trigger_target_dag.py for tasks to queue
[2021-10-13 05:02:05,105] {logging_mixin.py:104} INFO - [2021-10-13 05:02:05,105] {dagbag.py:451} INFO - Filling up the DagBag from /home/airflow/.local/lib/python3.6/site-packages/airflow/example_dags/example_trigger_target_dag.py
[2021-10-13 05:02:05,118] {scheduler_job.py:639} INFO - DAG(s) dict_keys(['example_trigger_target_dag']) retrieved from /home/airflow/.local/lib/python3.6/site-packages/airflow/example_dags/example_trigger_target_dag.py
[2021-10-13 05:02:05,144] {logging_mixin.py:104} INFO - [2021-10-13 05:02:05,144] {dag.py:1824} INFO - Sync 1 DAGs
[2021-10-13 05:02:05,164] {logging_mixin.py:104} INFO - [2021-10-13 05:02:05,164] {dag.py:2280} INFO - Setting next_dagrun for example_trigger_target_dag to None
[2021-10-13 05:02:05,179] {scheduler_job.py:190} INFO - Processing /home/airflow/.local/lib/python3.6/site-packages/airflow/example_dags/example_trigger_target_dag.py took 0.080 seconds
[2021-10-13 05:02:35,741] {scheduler_job.py:182} INFO - Started process (PID=804) to work on /home/airflow/.local/lib/python3.6/site-packages/airflow/example_dags/example_trigger_target_dag.py
[2021-10-13 05:02:35,742] {scheduler_job.py:629} INFO - Processing file /home/airflow/.local/lib/python3.6/site-packages/airflow/example_dags/example_trigger_target_dag.py for tasks to queue
[2021-10-13 05:02:35,743] {logging_mixin.py:104} INFO - [2021-10-13 05:02:35,743] {dagbag.py:451} INFO - Filling up the DagBag from /home/airflow/.local/lib/python3.6/site-packages/airflow/example_dags/example_trigger_target_dag.py
[2021-10-13 05:02:35,756] {scheduler_job.py:639} INFO - DAG(s) dict_keys(['example_trigger_target_dag']) retrieved from /home/airflow/.local/lib/python3.6/site-packages/airflow/example_dags/example_trigger_target_dag.py
[2021-10-13 05:02:35,781] {logging_mixin.py:104} INFO - [2021-10-13 05:02:35,781] {dag.py:1824} INFO - Sync 1 DAGs
[2021-10-13 05:02:35,799] {logging_mixin.py:104} INFO - [2021-10-13 05:02:35,799] {dag.py:2280} INFO - Setting next_dagrun for example_trigger_target_dag to None
[2021-10-13 05:02:35,813] {scheduler_job.py:190} INFO - Processing /home/airflow/.local/lib/python3.6/site-packages/airflow/example_dags/example_trigger_target_dag.py took 0.076 seconds
[2021-10-13 05:03:05,862] {scheduler_job.py:182} INFO - Started process (PID=833) to work on /home/airflow/.local/lib/python3.6/site-packages/airflow/example_dags/example_trigger_target_dag.py
[2021-10-13 05:03:05,865] {scheduler_job.py:629} INFO - Processing file /home/airflow/.local/lib/python3.6/site-packages/airflow/example_dags/example_trigger_target_dag.py for tasks to queue
[2021-10-13 05:03:05,867] {logging_mixin.py:104} INFO - [2021-10-13 05:03:05,867] {dagbag.py:451} INFO - Filling up the DagBag from /home/airflow/.local/lib/python3.6/site-packages/airflow/example_dags/example_trigger_target_dag.py
[2021-10-13 05:03:05,890] {scheduler_job.py:639} INFO - DAG(s) dict_keys(['example_trigger_target_dag']) retrieved from /home/airflow/.local/lib/python3.6/site-packages/airflow/example_dags/example_trigger_target_dag.py
[2021-10-13 05:03:05,925] {logging_mixin.py:104} INFO - [2021-10-13 05:03:05,925] {dag.py:1824} INFO - Sync 1 DAGs
[2021-10-13 05:03:05,946] {logging_mixin.py:104} INFO - [2021-10-13 05:03:05,946] {dag.py:2280} INFO - Setting next_dagrun for example_trigger_target_dag to None
[2021-10-13 05:03:05,976] {scheduler_job.py:190} INFO - Processing /home/airflow/.local/lib/python3.6/site-packages/airflow/example_dags/example_trigger_target_dag.py took 0.121 seconds
[2021-10-13 05:03:36,709] {scheduler_job.py:182} INFO - Started process (PID=866) to work on /home/airflow/.local/lib/python3.6/site-packages/airflow/example_dags/example_trigger_target_dag.py
[2021-10-13 05:03:36,713] {scheduler_job.py:629} INFO - Processing file /home/airflow/.local/lib/python3.6/site-packages/airflow/example_dags/example_trigger_target_dag.py for tasks to queue
[2021-10-13 05:03:36,715] {logging_mixin.py:104} INFO - [2021-10-13 05:03:36,715] {dagbag.py:451} INFO - Filling up the DagBag from /home/airflow/.local/lib/python3.6/site-packages/airflow/example_dags/example_trigger_target_dag.py
[2021-10-13 05:03:36,746] {scheduler_job.py:639} INFO - DAG(s) dict_keys(['example_trigger_target_dag']) retrieved from /home/airflow/.local/lib/python3.6/site-packages/airflow/example_dags/example_trigger_target_dag.py
[2021-10-13 05:03:36,796] {logging_mixin.py:104} INFO - [2021-10-13 05:03:36,796] {dag.py:1824} INFO - Sync 1 DAGs
[2021-10-13 05:03:36,835] {logging_mixin.py:104} INFO - [2021-10-13 05:03:36,835] {dag.py:2280} INFO - Setting next_dagrun for example_trigger_target_dag to None
[2021-10-13 05:03:36,866] {scheduler_job.py:190} INFO - Processing /home/airflow/.local/lib/python3.6/site-packages/airflow/example_dags/example_trigger_target_dag.py took 0.167 seconds
[2021-10-13 05:04:07,893] {scheduler_job.py:182} INFO - Started process (PID=900) to work on /home/airflow/.local/lib/python3.6/site-packages/airflow/example_dags/example_trigger_target_dag.py
[2021-10-13 05:04:07,895] {scheduler_job.py:629} INFO - Processing file /home/airflow/.local/lib/python3.6/site-packages/airflow/example_dags/example_trigger_target_dag.py for tasks to queue
[2021-10-13 05:04:07,896] {logging_mixin.py:104} INFO - [2021-10-13 05:04:07,896] {dagbag.py:451} INFO - Filling up the DagBag from /home/airflow/.local/lib/python3.6/site-packages/airflow/example_dags/example_trigger_target_dag.py
[2021-10-13 05:04:07,908] {scheduler_job.py:639} INFO - DAG(s) dict_keys(['example_trigger_target_dag']) retrieved from /home/airflow/.local/lib/python3.6/site-packages/airflow/example_dags/example_trigger_target_dag.py
[2021-10-13 05:04:07,932] {logging_mixin.py:104} INFO - [2021-10-13 05:04:07,932] {dag.py:1824} INFO - Sync 1 DAGs
[2021-10-13 05:04:07,948] {logging_mixin.py:104} INFO - [2021-10-13 05:04:07,947] {dag.py:2280} INFO - Setting next_dagrun for example_trigger_target_dag to None
[2021-10-13 05:04:07,960] {scheduler_job.py:190} INFO - Processing /home/airflow/.local/lib/python3.6/site-packages/airflow/example_dags/example_trigger_target_dag.py took 0.071 seconds
[2021-10-13 05:04:38,849] {scheduler_job.py:182} INFO - Started process (PID=933) to work on /home/airflow/.local/lib/python3.6/site-packages/airflow/example_dags/example_trigger_target_dag.py
[2021-10-13 05:04:38,851] {scheduler_job.py:629} INFO - Processing file /home/airflow/.local/lib/python3.6/site-packages/airflow/example_dags/example_trigger_target_dag.py for tasks to queue
[2021-10-13 05:04:38,852] {logging_mixin.py:104} INFO - [2021-10-13 05:04:38,852] {dagbag.py:451} INFO - Filling up the DagBag from /home/airflow/.local/lib/python3.6/site-packages/airflow/example_dags/example_trigger_target_dag.py
[2021-10-13 05:04:38,865] {scheduler_job.py:639} INFO - DAG(s) dict_keys(['example_trigger_target_dag']) retrieved from /home/airflow/.local/lib/python3.6/site-packages/airflow/example_dags/example_trigger_target_dag.py
[2021-10-13 05:04:38,887] {logging_mixin.py:104} INFO - [2021-10-13 05:04:38,887] {dag.py:1824} INFO - Sync 1 DAGs
[2021-10-13 05:04:38,906] {logging_mixin.py:104} INFO - [2021-10-13 05:04:38,906] {dag.py:2280} INFO - Setting next_dagrun for example_trigger_target_dag to None
[2021-10-13 05:04:38,923] {scheduler_job.py:190} INFO - Processing /home/airflow/.local/lib/python3.6/site-packages/airflow/example_dags/example_trigger_target_dag.py took 0.078 seconds
[2021-10-13 05:05:09,407] {scheduler_job.py:182} INFO - Started process (PID=966) to work on /home/airflow/.local/lib/python3.6/site-packages/airflow/example_dags/example_trigger_target_dag.py
[2021-10-13 05:05:09,408] {scheduler_job.py:629} INFO - Processing file /home/airflow/.local/lib/python3.6/site-packages/airflow/example_dags/example_trigger_target_dag.py for tasks to queue
[2021-10-13 05:05:09,409] {logging_mixin.py:104} INFO - [2021-10-13 05:05:09,409] {dagbag.py:451} INFO - Filling up the DagBag from /home/airflow/.local/lib/python3.6/site-packages/airflow/example_dags/example_trigger_target_dag.py
[2021-10-13 05:05:09,424] {scheduler_job.py:639} INFO - DAG(s) dict_keys(['example_trigger_target_dag']) retrieved from /home/airflow/.local/lib/python3.6/site-packages/airflow/example_dags/example_trigger_target_dag.py
[2021-10-13 05:05:09,448] {logging_mixin.py:104} INFO - [2021-10-13 05:05:09,448] {dag.py:1824} INFO - Sync 1 DAGs
[2021-10-13 05:05:09,466] {logging_mixin.py:104} INFO - [2021-10-13 05:05:09,466] {dag.py:2280} INFO - Setting next_dagrun for example_trigger_target_dag to None
[2021-10-13 05:05:09,480] {scheduler_job.py:190} INFO - Processing /home/airflow/.local/lib/python3.6/site-packages/airflow/example_dags/example_trigger_target_dag.py took 0.077 seconds
[2021-10-13 05:05:39,856] {scheduler_job.py:182} INFO - Started process (PID=1004) to work on /home/airflow/.local/lib/python3.6/site-packages/airflow/example_dags/example_trigger_target_dag.py
[2021-10-13 05:05:39,859] {scheduler_job.py:629} INFO - Processing file /home/airflow/.local/lib/python3.6/site-packages/airflow/example_dags/example_trigger_target_dag.py for tasks to queue
[2021-10-13 05:05:39,863] {logging_mixin.py:104} INFO - [2021-10-13 05:05:39,863] {dagbag.py:451} INFO - Filling up the DagBag from /home/airflow/.local/lib/python3.6/site-packages/airflow/example_dags/example_trigger_target_dag.py
[2021-10-13 05:05:39,898] {scheduler_job.py:639} INFO - DAG(s) dict_keys(['example_trigger_target_dag']) retrieved from /home/airflow/.local/lib/python3.6/site-packages/airflow/example_dags/example_trigger_target_dag.py
[2021-10-13 05:05:39,954] {logging_mixin.py:104} INFO - [2021-10-13 05:05:39,953] {dag.py:1824} INFO - Sync 1 DAGs
[2021-10-13 05:05:39,995] {logging_mixin.py:104} INFO - [2021-10-13 05:05:39,994] {dag.py:2280} INFO - Setting next_dagrun for example_trigger_target_dag to None
[2021-10-13 05:05:40,012] {scheduler_job.py:190} INFO - Processing /home/airflow/.local/lib/python3.6/site-packages/airflow/example_dags/example_trigger_target_dag.py took 0.163 seconds
[2021-10-13 05:06:10,140] {scheduler_job.py:182} INFO - Started process (PID=1037) to work on /home/airflow/.local/lib/python3.6/site-packages/airflow/example_dags/example_trigger_target_dag.py
[2021-10-13 05:06:10,142] {scheduler_job.py:629} INFO - Processing file /home/airflow/.local/lib/python3.6/site-packages/airflow/example_dags/example_trigger_target_dag.py for tasks to queue
[2021-10-13 05:06:10,143] {logging_mixin.py:104} INFO - [2021-10-13 05:06:10,143] {dagbag.py:451} INFO - Filling up the DagBag from /home/airflow/.local/lib/python3.6/site-packages/airflow/example_dags/example_trigger_target_dag.py
[2021-10-13 05:06:10,160] {scheduler_job.py:639} INFO - DAG(s) dict_keys(['example_trigger_target_dag']) retrieved from /home/airflow/.local/lib/python3.6/site-packages/airflow/example_dags/example_trigger_target_dag.py
[2021-10-13 05:06:10,185] {logging_mixin.py:104} INFO - [2021-10-13 05:06:10,185] {dag.py:1824} INFO - Sync 1 DAGs
[2021-10-13 05:06:10,202] {logging_mixin.py:104} INFO - [2021-10-13 05:06:10,202] {dag.py:2280} INFO - Setting next_dagrun for example_trigger_target_dag to None
[2021-10-13 05:06:10,214] {scheduler_job.py:190} INFO - Processing /home/airflow/.local/lib/python3.6/site-packages/airflow/example_dags/example_trigger_target_dag.py took 0.078 seconds
[2021-10-13 05:06:40,349] {scheduler_job.py:182} INFO - Started process (PID=1070) to work on /home/airflow/.local/lib/python3.6/site-packages/airflow/example_dags/example_trigger_target_dag.py
[2021-10-13 05:06:40,351] {scheduler_job.py:629} INFO - Processing file /home/airflow/.local/lib/python3.6/site-packages/airflow/example_dags/example_trigger_target_dag.py for tasks to queue
[2021-10-13 05:06:40,352] {logging_mixin.py:104} INFO - [2021-10-13 05:06:40,352] {dagbag.py:451} INFO - Filling up the DagBag from /home/airflow/.local/lib/python3.6/site-packages/airflow/example_dags/example_trigger_target_dag.py
[2021-10-13 05:06:40,372] {scheduler_job.py:639} INFO - DAG(s) dict_keys(['example_trigger_target_dag']) retrieved from /home/airflow/.local/lib/python3.6/site-packages/airflow/example_dags/example_trigger_target_dag.py
[2021-10-13 05:06:40,397] {logging_mixin.py:104} INFO - [2021-10-13 05:06:40,397] {dag.py:1824} INFO - Sync 1 DAGs
[2021-10-13 05:06:40,418] {logging_mixin.py:104} INFO - [2021-10-13 05:06:40,418] {dag.py:2280} INFO - Setting next_dagrun for example_trigger_target_dag to None
[2021-10-13 05:06:40,434] {scheduler_job.py:190} INFO - Processing /home/airflow/.local/lib/python3.6/site-packages/airflow/example_dags/example_trigger_target_dag.py took 0.088 seconds
[2021-10-13 05:07:10,514] {scheduler_job.py:182} INFO - Started process (PID=1102) to work on /home/airflow/.local/lib/python3.6/site-packages/airflow/example_dags/example_trigger_target_dag.py
[2021-10-13 05:07:10,515] {scheduler_job.py:629} INFO - Processing file /home/airflow/.local/lib/python3.6/site-packages/airflow/example_dags/example_trigger_target_dag.py for tasks to queue
[2021-10-13 05:07:10,516] {logging_mixin.py:104} INFO - [2021-10-13 05:07:10,516] {dagbag.py:451} INFO - Filling up the DagBag from /home/airflow/.local/lib/python3.6/site-packages/airflow/example_dags/example_trigger_target_dag.py
[2021-10-13 05:07:10,528] {scheduler_job.py:639} INFO - DAG(s) dict_keys(['example_trigger_target_dag']) retrieved from /home/airflow/.local/lib/python3.6/site-packages/airflow/example_dags/example_trigger_target_dag.py
[2021-10-13 05:07:10,553] {logging_mixin.py:104} INFO - [2021-10-13 05:07:10,553] {dag.py:1824} INFO - Sync 1 DAGs
[2021-10-13 05:07:10,570] {logging_mixin.py:104} INFO - [2021-10-13 05:07:10,570] {dag.py:2280} INFO - Setting next_dagrun for example_trigger_target_dag to None
[2021-10-13 05:07:10,588] {scheduler_job.py:190} INFO - Processing /home/airflow/.local/lib/python3.6/site-packages/airflow/example_dags/example_trigger_target_dag.py took 0.077 seconds
[2021-10-13 05:07:40,879] {scheduler_job.py:182} INFO - Started process (PID=1135) to work on /home/airflow/.local/lib/python3.6/site-packages/airflow/example_dags/example_trigger_target_dag.py
[2021-10-13 05:07:40,882] {scheduler_job.py:629} INFO - Processing file /home/airflow/.local/lib/python3.6/site-packages/airflow/example_dags/example_trigger_target_dag.py for tasks to queue
[2021-10-13 05:07:40,884] {logging_mixin.py:104} INFO - [2021-10-13 05:07:40,884] {dagbag.py:451} INFO - Filling up the DagBag from /home/airflow/.local/lib/python3.6/site-packages/airflow/example_dags/example_trigger_target_dag.py
[2021-10-13 05:07:40,904] {scheduler_job.py:639} INFO - DAG(s) dict_keys(['example_trigger_target_dag']) retrieved from /home/airflow/.local/lib/python3.6/site-packages/airflow/example_dags/example_trigger_target_dag.py
[2021-10-13 05:07:40,938] {logging_mixin.py:104} INFO - [2021-10-13 05:07:40,937] {dag.py:1824} INFO - Sync 1 DAGs
[2021-10-13 05:07:40,958] {logging_mixin.py:104} INFO - [2021-10-13 05:07:40,958] {dag.py:2280} INFO - Setting next_dagrun for example_trigger_target_dag to None
[2021-10-13 05:07:40,976] {scheduler_job.py:190} INFO - Processing /home/airflow/.local/lib/python3.6/site-packages/airflow/example_dags/example_trigger_target_dag.py took 0.102 seconds
[2021-10-13 05:08:11,073] {scheduler_job.py:182} INFO - Started process (PID=1168) to work on /home/airflow/.local/lib/python3.6/site-packages/airflow/example_dags/example_trigger_target_dag.py
[2021-10-13 05:08:11,074] {scheduler_job.py:629} INFO - Processing file /home/airflow/.local/lib/python3.6/site-packages/airflow/example_dags/example_trigger_target_dag.py for tasks to queue
[2021-10-13 05:08:11,075] {logging_mixin.py:104} INFO - [2021-10-13 05:08:11,075] {dagbag.py:451} INFO - Filling up the DagBag from /home/airflow/.local/lib/python3.6/site-packages/airflow/example_dags/example_trigger_target_dag.py
[2021-10-13 05:08:11,089] {scheduler_job.py:639} INFO - DAG(s) dict_keys(['example_trigger_target_dag']) retrieved from /home/airflow/.local/lib/python3.6/site-packages/airflow/example_dags/example_trigger_target_dag.py
[2021-10-13 05:08:11,114] {logging_mixin.py:104} INFO - [2021-10-13 05:08:11,114] {dag.py:1824} INFO - Sync 1 DAGs
[2021-10-13 05:08:11,131] {logging_mixin.py:104} INFO - [2021-10-13 05:08:11,131] {dag.py:2280} INFO - Setting next_dagrun for example_trigger_target_dag to None
[2021-10-13 05:08:11,147] {scheduler_job.py:190} INFO - Processing /home/airflow/.local/lib/python3.6/site-packages/airflow/example_dags/example_trigger_target_dag.py took 0.078 seconds
[2021-10-13 05:08:41,308] {scheduler_job.py:182} INFO - Started process (PID=1201) to work on /home/airflow/.local/lib/python3.6/site-packages/airflow/example_dags/example_trigger_target_dag.py
[2021-10-13 05:08:41,312] {scheduler_job.py:629} INFO - Processing file /home/airflow/.local/lib/python3.6/site-packages/airflow/example_dags/example_trigger_target_dag.py for tasks to queue
[2021-10-13 05:08:41,314] {logging_mixin.py:104} INFO - [2021-10-13 05:08:41,314] {dagbag.py:451} INFO - Filling up the DagBag from /home/airflow/.local/lib/python3.6/site-packages/airflow/example_dags/example_trigger_target_dag.py
[2021-10-13 05:08:41,332] {scheduler_job.py:639} INFO - DAG(s) dict_keys(['example_trigger_target_dag']) retrieved from /home/airflow/.local/lib/python3.6/site-packages/airflow/example_dags/example_trigger_target_dag.py
[2021-10-13 05:08:41,355] {logging_mixin.py:104} INFO - [2021-10-13 05:08:41,355] {dag.py:1824} INFO - Sync 1 DAGs
[2021-10-13 05:08:41,371] {logging_mixin.py:104} INFO - [2021-10-13 05:08:41,371] {dag.py:2280} INFO - Setting next_dagrun for example_trigger_target_dag to None
[2021-10-13 05:08:41,389] {scheduler_job.py:190} INFO - Processing /home/airflow/.local/lib/python3.6/site-packages/airflow/example_dags/example_trigger_target_dag.py took 0.088 seconds
[2021-10-13 05:09:12,291] {scheduler_job.py:182} INFO - Started process (PID=1234) to work on /home/airflow/.local/lib/python3.6/site-packages/airflow/example_dags/example_trigger_target_dag.py
[2021-10-13 05:09:12,294] {scheduler_job.py:629} INFO - Processing file /home/airflow/.local/lib/python3.6/site-packages/airflow/example_dags/example_trigger_target_dag.py for tasks to queue
[2021-10-13 05:09:12,296] {logging_mixin.py:104} INFO - [2021-10-13 05:09:12,296] {dagbag.py:451} INFO - Filling up the DagBag from /home/airflow/.local/lib/python3.6/site-packages/airflow/example_dags/example_trigger_target_dag.py
[2021-10-13 05:09:12,319] {scheduler_job.py:639} INFO - DAG(s) dict_keys(['example_trigger_target_dag']) retrieved from /home/airflow/.local/lib/python3.6/site-packages/airflow/example_dags/example_trigger_target_dag.py
[2021-10-13 05:09:12,343] {logging_mixin.py:104} INFO - [2021-10-13 05:09:12,343] {dag.py:1824} INFO - Sync 1 DAGs
[2021-10-13 05:09:12,359] {logging_mixin.py:104} INFO - [2021-10-13 05:09:12,359] {dag.py:2280} INFO - Setting next_dagrun for example_trigger_target_dag to None
[2021-10-13 05:09:12,373] {scheduler_job.py:190} INFO - Processing /home/airflow/.local/lib/python3.6/site-packages/airflow/example_dags/example_trigger_target_dag.py took 0.089 seconds
[2021-10-13 05:09:43,379] {scheduler_job.py:182} INFO - Started process (PID=1267) to work on /home/airflow/.local/lib/python3.6/site-packages/airflow/example_dags/example_trigger_target_dag.py
[2021-10-13 05:09:43,381] {scheduler_job.py:629} INFO - Processing file /home/airflow/.local/lib/python3.6/site-packages/airflow/example_dags/example_trigger_target_dag.py for tasks to queue
[2021-10-13 05:09:43,382] {logging_mixin.py:104} INFO - [2021-10-13 05:09:43,382] {dagbag.py:451} INFO - Filling up the DagBag from /home/airflow/.local/lib/python3.6/site-packages/airflow/example_dags/example_trigger_target_dag.py
[2021-10-13 05:09:43,394] {scheduler_job.py:639} INFO - DAG(s) dict_keys(['example_trigger_target_dag']) retrieved from /home/airflow/.local/lib/python3.6/site-packages/airflow/example_dags/example_trigger_target_dag.py
[2021-10-13 05:09:43,423] {logging_mixin.py:104} INFO - [2021-10-13 05:09:43,423] {dag.py:1824} INFO - Sync 1 DAGs
[2021-10-13 05:09:43,439] {logging_mixin.py:104} INFO - [2021-10-13 05:09:43,439] {dag.py:2280} INFO - Setting next_dagrun for example_trigger_target_dag to None
[2021-10-13 05:09:43,454] {scheduler_job.py:190} INFO - Processing /home/airflow/.local/lib/python3.6/site-packages/airflow/example_dags/example_trigger_target_dag.py took 0.078 seconds
[2021-10-13 05:10:13,568] {scheduler_job.py:182} INFO - Started process (PID=1300) to work on /home/airflow/.local/lib/python3.6/site-packages/airflow/example_dags/example_trigger_target_dag.py
[2021-10-13 05:10:13,571] {scheduler_job.py:629} INFO - Processing file /home/airflow/.local/lib/python3.6/site-packages/airflow/example_dags/example_trigger_target_dag.py for tasks to queue
[2021-10-13 05:10:13,573] {logging_mixin.py:104} INFO - [2021-10-13 05:10:13,572] {dagbag.py:451} INFO - Filling up the DagBag from /home/airflow/.local/lib/python3.6/site-packages/airflow/example_dags/example_trigger_target_dag.py
[2021-10-13 05:10:13,590] {scheduler_job.py:639} INFO - DAG(s) dict_keys(['example_trigger_target_dag']) retrieved from /home/airflow/.local/lib/python3.6/site-packages/airflow/example_dags/example_trigger_target_dag.py
[2021-10-13 05:10:13,616] {logging_mixin.py:104} INFO - [2021-10-13 05:10:13,616] {dag.py:1824} INFO - Sync 1 DAGs
[2021-10-13 05:10:13,637] {logging_mixin.py:104} INFO - [2021-10-13 05:10:13,637] {dag.py:2280} INFO - Setting next_dagrun for example_trigger_target_dag to None
[2021-10-13 05:10:13,654] {scheduler_job.py:190} INFO - Processing /home/airflow/.local/lib/python3.6/site-packages/airflow/example_dags/example_trigger_target_dag.py took 0.095 seconds
[2021-10-13 05:10:43,811] {scheduler_job.py:182} INFO - Started process (PID=1333) to work on /home/airflow/.local/lib/python3.6/site-packages/airflow/example_dags/example_trigger_target_dag.py
[2021-10-13 05:10:43,813] {scheduler_job.py:629} INFO - Processing file /home/airflow/.local/lib/python3.6/site-packages/airflow/example_dags/example_trigger_target_dag.py for tasks to queue
[2021-10-13 05:10:43,814] {logging_mixin.py:104} INFO - [2021-10-13 05:10:43,814] {dagbag.py:451} INFO - Filling up the DagBag from /home/airflow/.local/lib/python3.6/site-packages/airflow/example_dags/example_trigger_target_dag.py
[2021-10-13 05:10:43,837] {scheduler_job.py:639} INFO - DAG(s) dict_keys(['example_trigger_target_dag']) retrieved from /home/airflow/.local/lib/python3.6/site-packages/airflow/example_dags/example_trigger_target_dag.py
[2021-10-13 05:10:43,876] {logging_mixin.py:104} INFO - [2021-10-13 05:10:43,876] {dag.py:1824} INFO - Sync 1 DAGs
[2021-10-13 05:10:43,907] {logging_mixin.py:104} INFO - [2021-10-13 05:10:43,906] {dag.py:2280} INFO - Setting next_dagrun for example_trigger_target_dag to None
[2021-10-13 05:10:43,929] {scheduler_job.py:190} INFO - Processing /home/airflow/.local/lib/python3.6/site-packages/airflow/example_dags/example_trigger_target_dag.py took 0.123 seconds
[2021-10-13 05:11:14,199] {scheduler_job.py:182} INFO - Started process (PID=1366) to work on /home/airflow/.local/lib/python3.6/site-packages/airflow/example_dags/example_trigger_target_dag.py
[2021-10-13 05:11:14,201] {scheduler_job.py:629} INFO - Processing file /home/airflow/.local/lib/python3.6/site-packages/airflow/example_dags/example_trigger_target_dag.py for tasks to queue
[2021-10-13 05:11:14,202] {logging_mixin.py:104} INFO - [2021-10-13 05:11:14,202] {dagbag.py:451} INFO - Filling up the DagBag from /home/airflow/.local/lib/python3.6/site-packages/airflow/example_dags/example_trigger_target_dag.py
[2021-10-13 05:11:14,216] {scheduler_job.py:639} INFO - DAG(s) dict_keys(['example_trigger_target_dag']) retrieved from /home/airflow/.local/lib/python3.6/site-packages/airflow/example_dags/example_trigger_target_dag.py
[2021-10-13 05:11:14,243] {logging_mixin.py:104} INFO - [2021-10-13 05:11:14,243] {dag.py:1824} INFO - Sync 1 DAGs
[2021-10-13 05:11:14,264] {logging_mixin.py:104} INFO - [2021-10-13 05:11:14,264] {dag.py:2280} INFO - Setting next_dagrun for example_trigger_target_dag to None
[2021-10-13 05:11:14,279] {scheduler_job.py:190} INFO - Processing /home/airflow/.local/lib/python3.6/site-packages/airflow/example_dags/example_trigger_target_dag.py took 0.085 seconds
[2021-10-13 05:11:45,016] {scheduler_job.py:182} INFO - Started process (PID=1399) to work on /home/airflow/.local/lib/python3.6/site-packages/airflow/example_dags/example_trigger_target_dag.py
[2021-10-13 05:11:45,018] {scheduler_job.py:629} INFO - Processing file /home/airflow/.local/lib/python3.6/site-packages/airflow/example_dags/example_trigger_target_dag.py for tasks to queue
[2021-10-13 05:11:45,019] {logging_mixin.py:104} INFO - [2021-10-13 05:11:45,019] {dagbag.py:451} INFO - Filling up the DagBag from /home/airflow/.local/lib/python3.6/site-packages/airflow/example_dags/example_trigger_target_dag.py
[2021-10-13 05:11:45,031] {scheduler_job.py:639} INFO - DAG(s) dict_keys(['example_trigger_target_dag']) retrieved from /home/airflow/.local/lib/python3.6/site-packages/airflow/example_dags/example_trigger_target_dag.py
[2021-10-13 05:11:45,055] {logging_mixin.py:104} INFO - [2021-10-13 05:11:45,055] {dag.py:1824} INFO - Sync 1 DAGs
[2021-10-13 05:11:45,079] {logging_mixin.py:104} INFO - [2021-10-13 05:11:45,078] {dag.py:2280} INFO - Setting next_dagrun for example_trigger_target_dag to None
[2021-10-13 05:11:45,103] {scheduler_job.py:190} INFO - Processing /home/airflow/.local/lib/python3.6/site-packages/airflow/example_dags/example_trigger_target_dag.py took 0.090 seconds
[2021-10-13 05:12:16,062] {scheduler_job.py:182} INFO - Started process (PID=1432) to work on /home/airflow/.local/lib/python3.6/site-packages/airflow/example_dags/example_trigger_target_dag.py
[2021-10-13 05:12:16,066] {scheduler_job.py:629} INFO - Processing file /home/airflow/.local/lib/python3.6/site-packages/airflow/example_dags/example_trigger_target_dag.py for tasks to queue
[2021-10-13 05:12:16,068] {logging_mixin.py:104} INFO - [2021-10-13 05:12:16,067] {dagbag.py:451} INFO - Filling up the DagBag from /home/airflow/.local/lib/python3.6/site-packages/airflow/example_dags/example_trigger_target_dag.py
[2021-10-13 05:12:16,086] {scheduler_job.py:639} INFO - DAG(s) dict_keys(['example_trigger_target_dag']) retrieved from /home/airflow/.local/lib/python3.6/site-packages/airflow/example_dags/example_trigger_target_dag.py
[2021-10-13 05:12:16,108] {logging_mixin.py:104} INFO - [2021-10-13 05:12:16,108] {dag.py:1824} INFO - Sync 1 DAGs
[2021-10-13 05:12:16,125] {logging_mixin.py:104} INFO - [2021-10-13 05:12:16,125] {dag.py:2280} INFO - Setting next_dagrun for example_trigger_target_dag to None
[2021-10-13 05:12:16,140] {scheduler_job.py:190} INFO - Processing /home/airflow/.local/lib/python3.6/site-packages/airflow/example_dags/example_trigger_target_dag.py took 0.090 seconds
[2021-10-13 05:12:47,017] {scheduler_job.py:182} INFO - Started process (PID=1465) to work on /home/airflow/.local/lib/python3.6/site-packages/airflow/example_dags/example_trigger_target_dag.py
[2021-10-13 05:12:47,021] {scheduler_job.py:629} INFO - Processing file /home/airflow/.local/lib/python3.6/site-packages/airflow/example_dags/example_trigger_target_dag.py for tasks to queue
[2021-10-13 05:12:47,024] {logging_mixin.py:104} INFO - [2021-10-13 05:12:47,024] {dagbag.py:451} INFO - Filling up the DagBag from /home/airflow/.local/lib/python3.6/site-packages/airflow/example_dags/example_trigger_target_dag.py
[2021-10-13 05:12:47,053] {scheduler_job.py:639} INFO - DAG(s) dict_keys(['example_trigger_target_dag']) retrieved from /home/airflow/.local/lib/python3.6/site-packages/airflow/example_dags/example_trigger_target_dag.py
[2021-10-13 05:12:47,078] {logging_mixin.py:104} INFO - [2021-10-13 05:12:47,078] {dag.py:1824} INFO - Sync 1 DAGs
[2021-10-13 05:12:47,096] {logging_mixin.py:104} INFO - [2021-10-13 05:12:47,096] {dag.py:2280} INFO - Setting next_dagrun for example_trigger_target_dag to None
[2021-10-13 05:12:47,111] {scheduler_job.py:190} INFO - Processing /home/airflow/.local/lib/python3.6/site-packages/airflow/example_dags/example_trigger_target_dag.py took 0.103 seconds
[2021-10-13 05:13:17,340] {scheduler_job.py:182} INFO - Started process (PID=1498) to work on /home/airflow/.local/lib/python3.6/site-packages/airflow/example_dags/example_trigger_target_dag.py
[2021-10-13 05:13:17,342] {scheduler_job.py:629} INFO - Processing file /home/airflow/.local/lib/python3.6/site-packages/airflow/example_dags/example_trigger_target_dag.py for tasks to queue
[2021-10-13 05:13:17,343] {logging_mixin.py:104} INFO - [2021-10-13 05:13:17,343] {dagbag.py:451} INFO - Filling up the DagBag from /home/airflow/.local/lib/python3.6/site-packages/airflow/example_dags/example_trigger_target_dag.py
[2021-10-13 05:13:17,354] {scheduler_job.py:639} INFO - DAG(s) dict_keys(['example_trigger_target_dag']) retrieved from /home/airflow/.local/lib/python3.6/site-packages/airflow/example_dags/example_trigger_target_dag.py
[2021-10-13 05:13:17,374] {logging_mixin.py:104} INFO - [2021-10-13 05:13:17,374] {dag.py:1824} INFO - Sync 1 DAGs
[2021-10-13 05:13:17,389] {logging_mixin.py:104} INFO - [2021-10-13 05:13:17,389] {dag.py:2280} INFO - Setting next_dagrun for example_trigger_target_dag to None
[2021-10-13 05:13:17,409] {scheduler_job.py:190} INFO - Processing /home/airflow/.local/lib/python3.6/site-packages/airflow/example_dags/example_trigger_target_dag.py took 0.072 seconds
[2021-10-13 05:13:48,272] {scheduler_job.py:182} INFO - Started process (PID=1531) to work on /home/airflow/.local/lib/python3.6/site-packages/airflow/example_dags/example_trigger_target_dag.py
[2021-10-13 05:13:48,275] {scheduler_job.py:629} INFO - Processing file /home/airflow/.local/lib/python3.6/site-packages/airflow/example_dags/example_trigger_target_dag.py for tasks to queue
[2021-10-13 05:13:48,276] {logging_mixin.py:104} INFO - [2021-10-13 05:13:48,276] {dagbag.py:451} INFO - Filling up the DagBag from /home/airflow/.local/lib/python3.6/site-packages/airflow/example_dags/example_trigger_target_dag.py
[2021-10-13 05:13:48,299] {scheduler_job.py:639} INFO - DAG(s) dict_keys(['example_trigger_target_dag']) retrieved from /home/airflow/.local/lib/python3.6/site-packages/airflow/example_dags/example_trigger_target_dag.py
[2021-10-13 05:13:48,336] {logging_mixin.py:104} INFO - [2021-10-13 05:13:48,335] {dag.py:1824} INFO - Sync 1 DAGs
[2021-10-13 05:13:48,357] {logging_mixin.py:104} INFO - [2021-10-13 05:13:48,357] {dag.py:2280} INFO - Setting next_dagrun for example_trigger_target_dag to None
[2021-10-13 05:13:48,370] {scheduler_job.py:190} INFO - Processing /home/airflow/.local/lib/python3.6/site-packages/airflow/example_dags/example_trigger_target_dag.py took 0.104 seconds
[2021-10-13 05:14:18,454] {scheduler_job.py:182} INFO - Started process (PID=1564) to work on /home/airflow/.local/lib/python3.6/site-packages/airflow/example_dags/example_trigger_target_dag.py
[2021-10-13 05:14:18,458] {scheduler_job.py:629} INFO - Processing file /home/airflow/.local/lib/python3.6/site-packages/airflow/example_dags/example_trigger_target_dag.py for tasks to queue
[2021-10-13 05:14:18,461] {logging_mixin.py:104} INFO - [2021-10-13 05:14:18,461] {dagbag.py:451} INFO - Filling up the DagBag from /home/airflow/.local/lib/python3.6/site-packages/airflow/example_dags/example_trigger_target_dag.py
[2021-10-13 05:14:18,481] {scheduler_job.py:639} INFO - DAG(s) dict_keys(['example_trigger_target_dag']) retrieved from /home/airflow/.local/lib/python3.6/site-packages/airflow/example_dags/example_trigger_target_dag.py
[2021-10-13 05:14:18,503] {logging_mixin.py:104} INFO - [2021-10-13 05:14:18,503] {dag.py:1824} INFO - Sync 1 DAGs
[2021-10-13 05:14:18,519] {logging_mixin.py:104} INFO - [2021-10-13 05:14:18,519] {dag.py:2280} INFO - Setting next_dagrun for example_trigger_target_dag to None
[2021-10-13 05:14:18,537] {scheduler_job.py:190} INFO - Processing /home/airflow/.local/lib/python3.6/site-packages/airflow/example_dags/example_trigger_target_dag.py took 0.094 seconds
[2021-10-13 05:26:33,638] {scheduler_job.py:182} INFO - Started process (PID=1599) to work on /home/airflow/.local/lib/python3.6/site-packages/airflow/example_dags/example_trigger_target_dag.py
[2021-10-13 05:26:33,640] {scheduler_job.py:629} INFO - Processing file /home/airflow/.local/lib/python3.6/site-packages/airflow/example_dags/example_trigger_target_dag.py for tasks to queue
[2021-10-13 05:26:33,641] {logging_mixin.py:104} INFO - [2021-10-13 05:26:33,641] {dagbag.py:451} INFO - Filling up the DagBag from /home/airflow/.local/lib/python3.6/site-packages/airflow/example_dags/example_trigger_target_dag.py
[2021-10-13 05:26:33,662] {scheduler_job.py:639} INFO - DAG(s) dict_keys(['example_trigger_target_dag']) retrieved from /home/airflow/.local/lib/python3.6/site-packages/airflow/example_dags/example_trigger_target_dag.py
[2021-10-13 05:26:33,693] {logging_mixin.py:104} INFO - [2021-10-13 05:26:33,693] {dag.py:1824} INFO - Sync 1 DAGs
[2021-10-13 05:26:33,722] {logging_mixin.py:104} INFO - [2021-10-13 05:26:33,721] {dag.py:2280} INFO - Setting next_dagrun for example_trigger_target_dag to None
[2021-10-13 05:26:33,744] {scheduler_job.py:190} INFO - Processing /home/airflow/.local/lib/python3.6/site-packages/airflow/example_dags/example_trigger_target_dag.py took 0.110 seconds
[2021-10-13 05:27:03,806] {scheduler_job.py:182} INFO - Started process (PID=1632) to work on /home/airflow/.local/lib/python3.6/site-packages/airflow/example_dags/example_trigger_target_dag.py
[2021-10-13 05:27:03,808] {scheduler_job.py:629} INFO - Processing file /home/airflow/.local/lib/python3.6/site-packages/airflow/example_dags/example_trigger_target_dag.py for tasks to queue
[2021-10-13 05:27:03,809] {logging_mixin.py:104} INFO - [2021-10-13 05:27:03,809] {dagbag.py:451} INFO - Filling up the DagBag from /home/airflow/.local/lib/python3.6/site-packages/airflow/example_dags/example_trigger_target_dag.py
[2021-10-13 05:27:03,823] {scheduler_job.py:639} INFO - DAG(s) dict_keys(['example_trigger_target_dag']) retrieved from /home/airflow/.local/lib/python3.6/site-packages/airflow/example_dags/example_trigger_target_dag.py
[2021-10-13 05:27:03,850] {logging_mixin.py:104} INFO - [2021-10-13 05:27:03,850] {dag.py:1824} INFO - Sync 1 DAGs
[2021-10-13 05:27:03,870] {logging_mixin.py:104} INFO - [2021-10-13 05:27:03,870] {dag.py:2280} INFO - Setting next_dagrun for example_trigger_target_dag to None
[2021-10-13 05:27:03,887] {scheduler_job.py:190} INFO - Processing /home/airflow/.local/lib/python3.6/site-packages/airflow/example_dags/example_trigger_target_dag.py took 0.085 seconds
[2021-10-13 05:27:34,068] {scheduler_job.py:182} INFO - Started process (PID=1662) to work on /home/airflow/.local/lib/python3.6/site-packages/airflow/example_dags/example_trigger_target_dag.py
[2021-10-13 05:27:34,070] {scheduler_job.py:629} INFO - Processing file /home/airflow/.local/lib/python3.6/site-packages/airflow/example_dags/example_trigger_target_dag.py for tasks to queue
[2021-10-13 05:27:34,072] {logging_mixin.py:104} INFO - [2021-10-13 05:27:34,072] {dagbag.py:451} INFO - Filling up the DagBag from /home/airflow/.local/lib/python3.6/site-packages/airflow/example_dags/example_trigger_target_dag.py
[2021-10-13 05:27:34,104] {scheduler_job.py:639} INFO - DAG(s) dict_keys(['example_trigger_target_dag']) retrieved from /home/airflow/.local/lib/python3.6/site-packages/airflow/example_dags/example_trigger_target_dag.py
[2021-10-13 05:27:34,151] {logging_mixin.py:104} INFO - [2021-10-13 05:27:34,151] {dag.py:1824} INFO - Sync 1 DAGs
[2021-10-13 05:27:34,171] {logging_mixin.py:104} INFO - [2021-10-13 05:27:34,171] {dag.py:2280} INFO - Setting next_dagrun for example_trigger_target_dag to None
[2021-10-13 05:27:34,189] {scheduler_job.py:190} INFO - Processing /home/airflow/.local/lib/python3.6/site-packages/airflow/example_dags/example_trigger_target_dag.py took 0.126 seconds
[2021-10-13 05:28:04,716] {scheduler_job.py:182} INFO - Started process (PID=1695) to work on /home/airflow/.local/lib/python3.6/site-packages/airflow/example_dags/example_trigger_target_dag.py
[2021-10-13 05:28:04,719] {scheduler_job.py:629} INFO - Processing file /home/airflow/.local/lib/python3.6/site-packages/airflow/example_dags/example_trigger_target_dag.py for tasks to queue
[2021-10-13 05:28:04,722] {logging_mixin.py:104} INFO - [2021-10-13 05:28:04,722] {dagbag.py:451} INFO - Filling up the DagBag from /home/airflow/.local/lib/python3.6/site-packages/airflow/example_dags/example_trigger_target_dag.py
[2021-10-13 05:28:04,748] {scheduler_job.py:639} INFO - DAG(s) dict_keys(['example_trigger_target_dag']) retrieved from /home/airflow/.local/lib/python3.6/site-packages/airflow/example_dags/example_trigger_target_dag.py
[2021-10-13 05:28:04,778] {logging_mixin.py:104} INFO - [2021-10-13 05:28:04,778] {dag.py:1824} INFO - Sync 1 DAGs
[2021-10-13 05:28:04,798] {logging_mixin.py:104} INFO - [2021-10-13 05:28:04,798] {dag.py:2280} INFO - Setting next_dagrun for example_trigger_target_dag to None
[2021-10-13 05:28:04,813] {scheduler_job.py:190} INFO - Processing /home/airflow/.local/lib/python3.6/site-packages/airflow/example_dags/example_trigger_target_dag.py took 0.102 seconds
[2021-10-13 05:28:35,286] {scheduler_job.py:182} INFO - Started process (PID=1730) to work on /home/airflow/.local/lib/python3.6/site-packages/airflow/example_dags/example_trigger_target_dag.py
[2021-10-13 05:28:35,288] {scheduler_job.py:629} INFO - Processing file /home/airflow/.local/lib/python3.6/site-packages/airflow/example_dags/example_trigger_target_dag.py for tasks to queue
[2021-10-13 05:28:35,289] {logging_mixin.py:104} INFO - [2021-10-13 05:28:35,289] {dagbag.py:451} INFO - Filling up the DagBag from /home/airflow/.local/lib/python3.6/site-packages/airflow/example_dags/example_trigger_target_dag.py
[2021-10-13 05:28:35,305] {scheduler_job.py:639} INFO - DAG(s) dict_keys(['example_trigger_target_dag']) retrieved from /home/airflow/.local/lib/python3.6/site-packages/airflow/example_dags/example_trigger_target_dag.py
[2021-10-13 05:28:35,334] {logging_mixin.py:104} INFO - [2021-10-13 05:28:35,334] {dag.py:1824} INFO - Sync 1 DAGs
[2021-10-13 05:28:35,357] {logging_mixin.py:104} INFO - [2021-10-13 05:28:35,357] {dag.py:2280} INFO - Setting next_dagrun for example_trigger_target_dag to None
[2021-10-13 05:28:35,373] {scheduler_job.py:190} INFO - Processing /home/airflow/.local/lib/python3.6/site-packages/airflow/example_dags/example_trigger_target_dag.py took 0.091 seconds
[2021-10-13 05:29:05,771] {scheduler_job.py:182} INFO - Started process (PID=1764) to work on /home/airflow/.local/lib/python3.6/site-packages/airflow/example_dags/example_trigger_target_dag.py
[2021-10-13 05:29:05,773] {scheduler_job.py:629} INFO - Processing file /home/airflow/.local/lib/python3.6/site-packages/airflow/example_dags/example_trigger_target_dag.py for tasks to queue
[2021-10-13 05:29:05,774] {logging_mixin.py:104} INFO - [2021-10-13 05:29:05,774] {dagbag.py:451} INFO - Filling up the DagBag from /home/airflow/.local/lib/python3.6/site-packages/airflow/example_dags/example_trigger_target_dag.py
[2021-10-13 05:29:05,793] {scheduler_job.py:639} INFO - DAG(s) dict_keys(['example_trigger_target_dag']) retrieved from /home/airflow/.local/lib/python3.6/site-packages/airflow/example_dags/example_trigger_target_dag.py
[2021-10-13 05:29:05,817] {logging_mixin.py:104} INFO - [2021-10-13 05:29:05,817] {dag.py:1824} INFO - Sync 1 DAGs
[2021-10-13 05:29:05,842] {logging_mixin.py:104} INFO - [2021-10-13 05:29:05,842] {dag.py:2280} INFO - Setting next_dagrun for example_trigger_target_dag to None
[2021-10-13 05:29:05,857] {scheduler_job.py:190} INFO - Processing /home/airflow/.local/lib/python3.6/site-packages/airflow/example_dags/example_trigger_target_dag.py took 0.092 seconds
[2021-10-13 05:29:36,176] {scheduler_job.py:182} INFO - Started process (PID=1788) to work on /home/airflow/.local/lib/python3.6/site-packages/airflow/example_dags/example_trigger_target_dag.py
[2021-10-13 05:29:36,177] {scheduler_job.py:629} INFO - Processing file /home/airflow/.local/lib/python3.6/site-packages/airflow/example_dags/example_trigger_target_dag.py for tasks to queue
[2021-10-13 05:29:36,179] {logging_mixin.py:104} INFO - [2021-10-13 05:29:36,178] {dagbag.py:451} INFO - Filling up the DagBag from /home/airflow/.local/lib/python3.6/site-packages/airflow/example_dags/example_trigger_target_dag.py
[2021-10-13 05:29:36,193] {scheduler_job.py:639} INFO - DAG(s) dict_keys(['example_trigger_target_dag']) retrieved from /home/airflow/.local/lib/python3.6/site-packages/airflow/example_dags/example_trigger_target_dag.py
[2021-10-13 05:29:36,222] {logging_mixin.py:104} INFO - [2021-10-13 05:29:36,222] {dag.py:1824} INFO - Sync 1 DAGs
[2021-10-13 05:29:36,241] {logging_mixin.py:104} INFO - [2021-10-13 05:29:36,241] {dag.py:2280} INFO - Setting next_dagrun for example_trigger_target_dag to None
[2021-10-13 05:29:36,259] {scheduler_job.py:190} INFO - Processing /home/airflow/.local/lib/python3.6/site-packages/airflow/example_dags/example_trigger_target_dag.py took 0.087 seconds
[2021-10-13 05:30:06,563] {scheduler_job.py:182} INFO - Started process (PID=1822) to work on /home/airflow/.local/lib/python3.6/site-packages/airflow/example_dags/example_trigger_target_dag.py
[2021-10-13 05:30:06,565] {scheduler_job.py:629} INFO - Processing file /home/airflow/.local/lib/python3.6/site-packages/airflow/example_dags/example_trigger_target_dag.py for tasks to queue
[2021-10-13 05:30:06,566] {logging_mixin.py:104} INFO - [2021-10-13 05:30:06,566] {dagbag.py:451} INFO - Filling up the DagBag from /home/airflow/.local/lib/python3.6/site-packages/airflow/example_dags/example_trigger_target_dag.py
[2021-10-13 05:30:06,583] {scheduler_job.py:639} INFO - DAG(s) dict_keys(['example_trigger_target_dag']) retrieved from /home/airflow/.local/lib/python3.6/site-packages/airflow/example_dags/example_trigger_target_dag.py
[2021-10-13 05:30:06,608] {logging_mixin.py:104} INFO - [2021-10-13 05:30:06,608] {dag.py:1824} INFO - Sync 1 DAGs
[2021-10-13 05:30:06,627] {logging_mixin.py:104} INFO - [2021-10-13 05:30:06,627] {dag.py:2280} INFO - Setting next_dagrun for example_trigger_target_dag to None
[2021-10-13 05:30:06,643] {scheduler_job.py:190} INFO - Processing /home/airflow/.local/lib/python3.6/site-packages/airflow/example_dags/example_trigger_target_dag.py took 0.083 seconds
[2021-10-13 05:30:37,171] {scheduler_job.py:182} INFO - Started process (PID=1857) to work on /home/airflow/.local/lib/python3.6/site-packages/airflow/example_dags/example_trigger_target_dag.py
[2021-10-13 05:30:37,174] {scheduler_job.py:629} INFO - Processing file /home/airflow/.local/lib/python3.6/site-packages/airflow/example_dags/example_trigger_target_dag.py for tasks to queue
[2021-10-13 05:30:37,175] {logging_mixin.py:104} INFO - [2021-10-13 05:30:37,175] {dagbag.py:451} INFO - Filling up the DagBag from /home/airflow/.local/lib/python3.6/site-packages/airflow/example_dags/example_trigger_target_dag.py
[2021-10-13 05:30:37,188] {scheduler_job.py:639} INFO - DAG(s) dict_keys(['example_trigger_target_dag']) retrieved from /home/airflow/.local/lib/python3.6/site-packages/airflow/example_dags/example_trigger_target_dag.py
[2021-10-13 05:30:37,211] {logging_mixin.py:104} INFO - [2021-10-13 05:30:37,211] {dag.py:1824} INFO - Sync 1 DAGs
[2021-10-13 05:30:37,229] {logging_mixin.py:104} INFO - [2021-10-13 05:30:37,228] {dag.py:2280} INFO - Setting next_dagrun for example_trigger_target_dag to None
[2021-10-13 05:30:37,242] {scheduler_job.py:190} INFO - Processing /home/airflow/.local/lib/python3.6/site-packages/airflow/example_dags/example_trigger_target_dag.py took 0.075 seconds
[2021-10-13 05:31:07,722] {scheduler_job.py:182} INFO - Started process (PID=1890) to work on /home/airflow/.local/lib/python3.6/site-packages/airflow/example_dags/example_trigger_target_dag.py
[2021-10-13 05:31:07,724] {scheduler_job.py:629} INFO - Processing file /home/airflow/.local/lib/python3.6/site-packages/airflow/example_dags/example_trigger_target_dag.py for tasks to queue
[2021-10-13 05:31:07,725] {logging_mixin.py:104} INFO - [2021-10-13 05:31:07,725] {dagbag.py:451} INFO - Filling up the DagBag from /home/airflow/.local/lib/python3.6/site-packages/airflow/example_dags/example_trigger_target_dag.py
[2021-10-13 05:31:07,743] {scheduler_job.py:639} INFO - DAG(s) dict_keys(['example_trigger_target_dag']) retrieved from /home/airflow/.local/lib/python3.6/site-packages/airflow/example_dags/example_trigger_target_dag.py
[2021-10-13 05:31:07,784] {logging_mixin.py:104} INFO - [2021-10-13 05:31:07,784] {dag.py:1824} INFO - Sync 1 DAGs
[2021-10-13 05:31:07,811] {logging_mixin.py:104} INFO - [2021-10-13 05:31:07,811] {dag.py:2280} INFO - Setting next_dagrun for example_trigger_target_dag to None
[2021-10-13 05:31:07,832] {scheduler_job.py:190} INFO - Processing /home/airflow/.local/lib/python3.6/site-packages/airflow/example_dags/example_trigger_target_dag.py took 0.115 seconds
[2021-10-13 05:31:38,627] {scheduler_job.py:182} INFO - Started process (PID=1923) to work on /home/airflow/.local/lib/python3.6/site-packages/airflow/example_dags/example_trigger_target_dag.py
[2021-10-13 05:31:38,628] {scheduler_job.py:629} INFO - Processing file /home/airflow/.local/lib/python3.6/site-packages/airflow/example_dags/example_trigger_target_dag.py for tasks to queue
[2021-10-13 05:31:38,629] {logging_mixin.py:104} INFO - [2021-10-13 05:31:38,629] {dagbag.py:451} INFO - Filling up the DagBag from /home/airflow/.local/lib/python3.6/site-packages/airflow/example_dags/example_trigger_target_dag.py
[2021-10-13 05:31:38,647] {scheduler_job.py:639} INFO - DAG(s) dict_keys(['example_trigger_target_dag']) retrieved from /home/airflow/.local/lib/python3.6/site-packages/airflow/example_dags/example_trigger_target_dag.py
[2021-10-13 05:31:38,688] {logging_mixin.py:104} INFO - [2021-10-13 05:31:38,688] {dag.py:1824} INFO - Sync 1 DAGs
[2021-10-13 05:31:38,719] {logging_mixin.py:104} INFO - [2021-10-13 05:31:38,719] {dag.py:2280} INFO - Setting next_dagrun for example_trigger_target_dag to None
[2021-10-13 05:31:38,748] {scheduler_job.py:190} INFO - Processing /home/airflow/.local/lib/python3.6/site-packages/airflow/example_dags/example_trigger_target_dag.py took 0.127 seconds
[2021-10-13 05:32:09,114] {scheduler_job.py:182} INFO - Started process (PID=1956) to work on /home/airflow/.local/lib/python3.6/site-packages/airflow/example_dags/example_trigger_target_dag.py
[2021-10-13 05:32:09,115] {scheduler_job.py:629} INFO - Processing file /home/airflow/.local/lib/python3.6/site-packages/airflow/example_dags/example_trigger_target_dag.py for tasks to queue
[2021-10-13 05:32:09,116] {logging_mixin.py:104} INFO - [2021-10-13 05:32:09,116] {dagbag.py:451} INFO - Filling up the DagBag from /home/airflow/.local/lib/python3.6/site-packages/airflow/example_dags/example_trigger_target_dag.py
[2021-10-13 05:32:09,131] {scheduler_job.py:639} INFO - DAG(s) dict_keys(['example_trigger_target_dag']) retrieved from /home/airflow/.local/lib/python3.6/site-packages/airflow/example_dags/example_trigger_target_dag.py
[2021-10-13 05:32:09,156] {logging_mixin.py:104} INFO - [2021-10-13 05:32:09,156] {dag.py:1824} INFO - Sync 1 DAGs
[2021-10-13 05:32:09,175] {logging_mixin.py:104} INFO - [2021-10-13 05:32:09,175] {dag.py:2280} INFO - Setting next_dagrun for example_trigger_target_dag to None
[2021-10-13 05:32:09,191] {scheduler_job.py:190} INFO - Processing /home/airflow/.local/lib/python3.6/site-packages/airflow/example_dags/example_trigger_target_dag.py took 0.080 seconds
[2021-10-13 05:32:39,306] {scheduler_job.py:182} INFO - Started process (PID=1989) to work on /home/airflow/.local/lib/python3.6/site-packages/airflow/example_dags/example_trigger_target_dag.py
[2021-10-13 05:32:39,308] {scheduler_job.py:629} INFO - Processing file /home/airflow/.local/lib/python3.6/site-packages/airflow/example_dags/example_trigger_target_dag.py for tasks to queue
[2021-10-13 05:32:39,309] {logging_mixin.py:104} INFO - [2021-10-13 05:32:39,309] {dagbag.py:451} INFO - Filling up the DagBag from /home/airflow/.local/lib/python3.6/site-packages/airflow/example_dags/example_trigger_target_dag.py
[2021-10-13 05:32:39,329] {scheduler_job.py:639} INFO - DAG(s) dict_keys(['example_trigger_target_dag']) retrieved from /home/airflow/.local/lib/python3.6/site-packages/airflow/example_dags/example_trigger_target_dag.py
[2021-10-13 05:32:39,359] {logging_mixin.py:104} INFO - [2021-10-13 05:32:39,359] {dag.py:1824} INFO - Sync 1 DAGs
[2021-10-13 05:32:39,377] {logging_mixin.py:104} INFO - [2021-10-13 05:32:39,376] {dag.py:2280} INFO - Setting next_dagrun for example_trigger_target_dag to None
[2021-10-13 05:32:39,392] {scheduler_job.py:190} INFO - Processing /home/airflow/.local/lib/python3.6/site-packages/airflow/example_dags/example_trigger_target_dag.py took 0.096 seconds
[2021-10-13 05:33:09,627] {scheduler_job.py:182} INFO - Started process (PID=2022) to work on /home/airflow/.local/lib/python3.6/site-packages/airflow/example_dags/example_trigger_target_dag.py
[2021-10-13 05:33:09,629] {scheduler_job.py:629} INFO - Processing file /home/airflow/.local/lib/python3.6/site-packages/airflow/example_dags/example_trigger_target_dag.py for tasks to queue
[2021-10-13 05:33:09,630] {logging_mixin.py:104} INFO - [2021-10-13 05:33:09,630] {dagbag.py:451} INFO - Filling up the DagBag from /home/airflow/.local/lib/python3.6/site-packages/airflow/example_dags/example_trigger_target_dag.py
[2021-10-13 05:33:09,645] {scheduler_job.py:639} INFO - DAG(s) dict_keys(['example_trigger_target_dag']) retrieved from /home/airflow/.local/lib/python3.6/site-packages/airflow/example_dags/example_trigger_target_dag.py
[2021-10-13 05:33:09,673] {logging_mixin.py:104} INFO - [2021-10-13 05:33:09,673] {dag.py:1824} INFO - Sync 1 DAGs
[2021-10-13 05:33:09,694] {logging_mixin.py:104} INFO - [2021-10-13 05:33:09,693] {dag.py:2280} INFO - Setting next_dagrun for example_trigger_target_dag to None
[2021-10-13 05:33:09,710] {scheduler_job.py:190} INFO - Processing /home/airflow/.local/lib/python3.6/site-packages/airflow/example_dags/example_trigger_target_dag.py took 0.087 seconds
[2021-10-13 05:33:40,062] {scheduler_job.py:182} INFO - Started process (PID=2055) to work on /home/airflow/.local/lib/python3.6/site-packages/airflow/example_dags/example_trigger_target_dag.py
[2021-10-13 05:33:40,064] {scheduler_job.py:629} INFO - Processing file /home/airflow/.local/lib/python3.6/site-packages/airflow/example_dags/example_trigger_target_dag.py for tasks to queue
[2021-10-13 05:33:40,066] {logging_mixin.py:104} INFO - [2021-10-13 05:33:40,065] {dagbag.py:451} INFO - Filling up the DagBag from /home/airflow/.local/lib/python3.6/site-packages/airflow/example_dags/example_trigger_target_dag.py
[2021-10-13 05:33:40,086] {scheduler_job.py:639} INFO - DAG(s) dict_keys(['example_trigger_target_dag']) retrieved from /home/airflow/.local/lib/python3.6/site-packages/airflow/example_dags/example_trigger_target_dag.py
[2021-10-13 05:33:40,126] {logging_mixin.py:104} INFO - [2021-10-13 05:33:40,126] {dag.py:1824} INFO - Sync 1 DAGs
[2021-10-13 05:33:40,154] {logging_mixin.py:104} INFO - [2021-10-13 05:33:40,154] {dag.py:2280} INFO - Setting next_dagrun for example_trigger_target_dag to None
[2021-10-13 05:33:40,182] {scheduler_job.py:190} INFO - Processing /home/airflow/.local/lib/python3.6/site-packages/airflow/example_dags/example_trigger_target_dag.py took 0.126 seconds
[2021-10-13 05:34:10,502] {scheduler_job.py:182} INFO - Started process (PID=2088) to work on /home/airflow/.local/lib/python3.6/site-packages/airflow/example_dags/example_trigger_target_dag.py
[2021-10-13 05:34:10,504] {scheduler_job.py:629} INFO - Processing file /home/airflow/.local/lib/python3.6/site-packages/airflow/example_dags/example_trigger_target_dag.py for tasks to queue
[2021-10-13 05:34:10,505] {logging_mixin.py:104} INFO - [2021-10-13 05:34:10,505] {dagbag.py:451} INFO - Filling up the DagBag from /home/airflow/.local/lib/python3.6/site-packages/airflow/example_dags/example_trigger_target_dag.py
[2021-10-13 05:34:10,529] {scheduler_job.py:639} INFO - DAG(s) dict_keys(['example_trigger_target_dag']) retrieved from /home/airflow/.local/lib/python3.6/site-packages/airflow/example_dags/example_trigger_target_dag.py
[2021-10-13 05:34:10,558] {logging_mixin.py:104} INFO - [2021-10-13 05:34:10,558] {dag.py:1824} INFO - Sync 1 DAGs
[2021-10-13 05:34:10,576] {logging_mixin.py:104} INFO - [2021-10-13 05:34:10,576] {dag.py:2280} INFO - Setting next_dagrun for example_trigger_target_dag to None
[2021-10-13 05:34:10,592] {scheduler_job.py:190} INFO - Processing /home/airflow/.local/lib/python3.6/site-packages/airflow/example_dags/example_trigger_target_dag.py took 0.093 seconds
[2021-10-13 05:34:41,133] {scheduler_job.py:182} INFO - Started process (PID=2121) to work on /home/airflow/.local/lib/python3.6/site-packages/airflow/example_dags/example_trigger_target_dag.py
[2021-10-13 05:34:41,137] {scheduler_job.py:629} INFO - Processing file /home/airflow/.local/lib/python3.6/site-packages/airflow/example_dags/example_trigger_target_dag.py for tasks to queue
[2021-10-13 05:34:41,141] {logging_mixin.py:104} INFO - [2021-10-13 05:34:41,141] {dagbag.py:451} INFO - Filling up the DagBag from /home/airflow/.local/lib/python3.6/site-packages/airflow/example_dags/example_trigger_target_dag.py
[2021-10-13 05:34:41,170] {scheduler_job.py:639} INFO - DAG(s) dict_keys(['example_trigger_target_dag']) retrieved from /home/airflow/.local/lib/python3.6/site-packages/airflow/example_dags/example_trigger_target_dag.py
[2021-10-13 05:34:41,208] {logging_mixin.py:104} INFO - [2021-10-13 05:34:41,208] {dag.py:1824} INFO - Sync 1 DAGs
[2021-10-13 05:34:41,232] {logging_mixin.py:104} INFO - [2021-10-13 05:34:41,232] {dag.py:2280} INFO - Setting next_dagrun for example_trigger_target_dag to None
[2021-10-13 05:34:41,249] {scheduler_job.py:190} INFO - Processing /home/airflow/.local/lib/python3.6/site-packages/airflow/example_dags/example_trigger_target_dag.py took 0.121 seconds
[2021-10-13 05:35:11,820] {scheduler_job.py:182} INFO - Started process (PID=2154) to work on /home/airflow/.local/lib/python3.6/site-packages/airflow/example_dags/example_trigger_target_dag.py
[2021-10-13 05:35:11,823] {scheduler_job.py:629} INFO - Processing file /home/airflow/.local/lib/python3.6/site-packages/airflow/example_dags/example_trigger_target_dag.py for tasks to queue
[2021-10-13 05:35:11,824] {logging_mixin.py:104} INFO - [2021-10-13 05:35:11,824] {dagbag.py:451} INFO - Filling up the DagBag from /home/airflow/.local/lib/python3.6/site-packages/airflow/example_dags/example_trigger_target_dag.py
[2021-10-13 05:35:11,837] {scheduler_job.py:639} INFO - DAG(s) dict_keys(['example_trigger_target_dag']) retrieved from /home/airflow/.local/lib/python3.6/site-packages/airflow/example_dags/example_trigger_target_dag.py
[2021-10-13 05:35:11,861] {logging_mixin.py:104} INFO - [2021-10-13 05:35:11,861] {dag.py:1824} INFO - Sync 1 DAGs
[2021-10-13 05:35:11,882] {logging_mixin.py:104} INFO - [2021-10-13 05:35:11,881] {dag.py:2280} INFO - Setting next_dagrun for example_trigger_target_dag to None
[2021-10-13 05:35:11,899] {scheduler_job.py:190} INFO - Processing /home/airflow/.local/lib/python3.6/site-packages/airflow/example_dags/example_trigger_target_dag.py took 0.082 seconds
[2021-10-13 05:35:42,435] {scheduler_job.py:182} INFO - Started process (PID=2187) to work on /home/airflow/.local/lib/python3.6/site-packages/airflow/example_dags/example_trigger_target_dag.py
[2021-10-13 05:35:42,436] {scheduler_job.py:629} INFO - Processing file /home/airflow/.local/lib/python3.6/site-packages/airflow/example_dags/example_trigger_target_dag.py for tasks to queue
[2021-10-13 05:35:42,437] {logging_mixin.py:104} INFO - [2021-10-13 05:35:42,437] {dagbag.py:451} INFO - Filling up the DagBag from /home/airflow/.local/lib/python3.6/site-packages/airflow/example_dags/example_trigger_target_dag.py
[2021-10-13 05:35:42,448] {scheduler_job.py:639} INFO - DAG(s) dict_keys(['example_trigger_target_dag']) retrieved from /home/airflow/.local/lib/python3.6/site-packages/airflow/example_dags/example_trigger_target_dag.py
[2021-10-13 05:35:42,473] {logging_mixin.py:104} INFO - [2021-10-13 05:35:42,473] {dag.py:1824} INFO - Sync 1 DAGs
[2021-10-13 05:35:42,491] {logging_mixin.py:104} INFO - [2021-10-13 05:35:42,491] {dag.py:2280} INFO - Setting next_dagrun for example_trigger_target_dag to None
[2021-10-13 05:35:42,511] {scheduler_job.py:190} INFO - Processing /home/airflow/.local/lib/python3.6/site-packages/airflow/example_dags/example_trigger_target_dag.py took 0.079 seconds
[2021-10-13 05:36:12,974] {scheduler_job.py:182} INFO - Started process (PID=2225) to work on /home/airflow/.local/lib/python3.6/site-packages/airflow/example_dags/example_trigger_target_dag.py
[2021-10-13 05:36:12,975] {scheduler_job.py:629} INFO - Processing file /home/airflow/.local/lib/python3.6/site-packages/airflow/example_dags/example_trigger_target_dag.py for tasks to queue
[2021-10-13 05:36:12,976] {logging_mixin.py:104} INFO - [2021-10-13 05:36:12,976] {dagbag.py:451} INFO - Filling up the DagBag from /home/airflow/.local/lib/python3.6/site-packages/airflow/example_dags/example_trigger_target_dag.py
[2021-10-13 05:36:12,998] {scheduler_job.py:639} INFO - DAG(s) dict_keys(['example_trigger_target_dag']) retrieved from /home/airflow/.local/lib/python3.6/site-packages/airflow/example_dags/example_trigger_target_dag.py
[2021-10-13 05:36:13,030] {logging_mixin.py:104} INFO - [2021-10-13 05:36:13,030] {dag.py:1824} INFO - Sync 1 DAGs
[2021-10-13 05:36:13,049] {logging_mixin.py:104} INFO - [2021-10-13 05:36:13,049] {dag.py:2280} INFO - Setting next_dagrun for example_trigger_target_dag to None
[2021-10-13 05:36:13,069] {scheduler_job.py:190} INFO - Processing /home/airflow/.local/lib/python3.6/site-packages/airflow/example_dags/example_trigger_target_dag.py took 0.099 seconds
[2021-10-13 05:36:44,146] {scheduler_job.py:182} INFO - Started process (PID=2258) to work on /home/airflow/.local/lib/python3.6/site-packages/airflow/example_dags/example_trigger_target_dag.py
[2021-10-13 05:36:44,150] {scheduler_job.py:629} INFO - Processing file /home/airflow/.local/lib/python3.6/site-packages/airflow/example_dags/example_trigger_target_dag.py for tasks to queue
[2021-10-13 05:36:44,154] {logging_mixin.py:104} INFO - [2021-10-13 05:36:44,153] {dagbag.py:451} INFO - Filling up the DagBag from /home/airflow/.local/lib/python3.6/site-packages/airflow/example_dags/example_trigger_target_dag.py
[2021-10-13 05:36:44,214] {scheduler_job.py:639} INFO - DAG(s) dict_keys(['example_trigger_target_dag']) retrieved from /home/airflow/.local/lib/python3.6/site-packages/airflow/example_dags/example_trigger_target_dag.py
[2021-10-13 05:36:44,244] {logging_mixin.py:104} INFO - [2021-10-13 05:36:44,244] {dag.py:1824} INFO - Sync 1 DAGs
[2021-10-13 05:36:44,261] {logging_mixin.py:104} INFO - [2021-10-13 05:36:44,261] {dag.py:2280} INFO - Setting next_dagrun for example_trigger_target_dag to None
[2021-10-13 05:36:44,275] {scheduler_job.py:190} INFO - Processing /home/airflow/.local/lib/python3.6/site-packages/airflow/example_dags/example_trigger_target_dag.py took 0.141 seconds
[2021-10-13 05:37:14,783] {scheduler_job.py:182} INFO - Started process (PID=2297) to work on /home/airflow/.local/lib/python3.6/site-packages/airflow/example_dags/example_trigger_target_dag.py
[2021-10-13 05:37:14,785] {scheduler_job.py:629} INFO - Processing file /home/airflow/.local/lib/python3.6/site-packages/airflow/example_dags/example_trigger_target_dag.py for tasks to queue
[2021-10-13 05:37:14,786] {logging_mixin.py:104} INFO - [2021-10-13 05:37:14,786] {dagbag.py:451} INFO - Filling up the DagBag from /home/airflow/.local/lib/python3.6/site-packages/airflow/example_dags/example_trigger_target_dag.py
[2021-10-13 05:37:14,803] {scheduler_job.py:639} INFO - DAG(s) dict_keys(['example_trigger_target_dag']) retrieved from /home/airflow/.local/lib/python3.6/site-packages/airflow/example_dags/example_trigger_target_dag.py
[2021-10-13 05:37:14,829] {logging_mixin.py:104} INFO - [2021-10-13 05:37:14,829] {dag.py:1824} INFO - Sync 1 DAGs
[2021-10-13 05:37:14,847] {logging_mixin.py:104} INFO - [2021-10-13 05:37:14,847] {dag.py:2280} INFO - Setting next_dagrun for example_trigger_target_dag to None
[2021-10-13 05:37:14,861] {scheduler_job.py:190} INFO - Processing /home/airflow/.local/lib/python3.6/site-packages/airflow/example_dags/example_trigger_target_dag.py took 0.083 seconds
[2021-10-13 05:37:44,994] {scheduler_job.py:182} INFO - Started process (PID=2330) to work on /home/airflow/.local/lib/python3.6/site-packages/airflow/example_dags/example_trigger_target_dag.py
[2021-10-13 05:37:44,997] {scheduler_job.py:629} INFO - Processing file /home/airflow/.local/lib/python3.6/site-packages/airflow/example_dags/example_trigger_target_dag.py for tasks to queue
[2021-10-13 05:37:44,998] {logging_mixin.py:104} INFO - [2021-10-13 05:37:44,998] {dagbag.py:451} INFO - Filling up the DagBag from /home/airflow/.local/lib/python3.6/site-packages/airflow/example_dags/example_trigger_target_dag.py
[2021-10-13 05:37:45,018] {scheduler_job.py:639} INFO - DAG(s) dict_keys(['example_trigger_target_dag']) retrieved from /home/airflow/.local/lib/python3.6/site-packages/airflow/example_dags/example_trigger_target_dag.py
[2021-10-13 05:37:45,047] {logging_mixin.py:104} INFO - [2021-10-13 05:37:45,047] {dag.py:1824} INFO - Sync 1 DAGs
[2021-10-13 05:37:45,070] {logging_mixin.py:104} INFO - [2021-10-13 05:37:45,070] {dag.py:2280} INFO - Setting next_dagrun for example_trigger_target_dag to None
[2021-10-13 05:37:45,087] {scheduler_job.py:190} INFO - Processing /home/airflow/.local/lib/python3.6/site-packages/airflow/example_dags/example_trigger_target_dag.py took 0.097 seconds
[2021-10-13 05:38:15,547] {scheduler_job.py:182} INFO - Started process (PID=2361) to work on /home/airflow/.local/lib/python3.6/site-packages/airflow/example_dags/example_trigger_target_dag.py
[2021-10-13 05:38:15,549] {scheduler_job.py:629} INFO - Processing file /home/airflow/.local/lib/python3.6/site-packages/airflow/example_dags/example_trigger_target_dag.py for tasks to queue
[2021-10-13 05:38:15,550] {logging_mixin.py:104} INFO - [2021-10-13 05:38:15,550] {dagbag.py:451} INFO - Filling up the DagBag from /home/airflow/.local/lib/python3.6/site-packages/airflow/example_dags/example_trigger_target_dag.py
[2021-10-13 05:38:15,565] {scheduler_job.py:639} INFO - DAG(s) dict_keys(['example_trigger_target_dag']) retrieved from /home/airflow/.local/lib/python3.6/site-packages/airflow/example_dags/example_trigger_target_dag.py
[2021-10-13 05:38:15,595] {logging_mixin.py:104} INFO - [2021-10-13 05:38:15,595] {dag.py:1824} INFO - Sync 1 DAGs
[2021-10-13 05:38:15,619] {logging_mixin.py:104} INFO - [2021-10-13 05:38:15,618] {dag.py:2280} INFO - Setting next_dagrun for example_trigger_target_dag to None
[2021-10-13 05:38:15,636] {scheduler_job.py:190} INFO - Processing /home/airflow/.local/lib/python3.6/site-packages/airflow/example_dags/example_trigger_target_dag.py took 0.093 seconds
[2021-10-13 05:38:45,987] {scheduler_job.py:182} INFO - Started process (PID=2400) to work on /home/airflow/.local/lib/python3.6/site-packages/airflow/example_dags/example_trigger_target_dag.py
[2021-10-13 05:38:45,988] {scheduler_job.py:629} INFO - Processing file /home/airflow/.local/lib/python3.6/site-packages/airflow/example_dags/example_trigger_target_dag.py for tasks to queue
[2021-10-13 05:38:45,989] {logging_mixin.py:104} INFO - [2021-10-13 05:38:45,989] {dagbag.py:451} INFO - Filling up the DagBag from /home/airflow/.local/lib/python3.6/site-packages/airflow/example_dags/example_trigger_target_dag.py
[2021-10-13 05:38:46,006] {scheduler_job.py:639} INFO - DAG(s) dict_keys(['example_trigger_target_dag']) retrieved from /home/airflow/.local/lib/python3.6/site-packages/airflow/example_dags/example_trigger_target_dag.py
[2021-10-13 05:38:46,033] {logging_mixin.py:104} INFO - [2021-10-13 05:38:46,033] {dag.py:1824} INFO - Sync 1 DAGs
[2021-10-13 05:38:46,054] {logging_mixin.py:104} INFO - [2021-10-13 05:38:46,054] {dag.py:2280} INFO - Setting next_dagrun for example_trigger_target_dag to None
[2021-10-13 05:38:46,070] {scheduler_job.py:190} INFO - Processing /home/airflow/.local/lib/python3.6/site-packages/airflow/example_dags/example_trigger_target_dag.py took 0.087 seconds
[2021-10-13 05:39:16,306] {scheduler_job.py:182} INFO - Started process (PID=2431) to work on /home/airflow/.local/lib/python3.6/site-packages/airflow/example_dags/example_trigger_target_dag.py
[2021-10-13 05:39:16,309] {scheduler_job.py:629} INFO - Processing file /home/airflow/.local/lib/python3.6/site-packages/airflow/example_dags/example_trigger_target_dag.py for tasks to queue
[2021-10-13 05:39:16,311] {logging_mixin.py:104} INFO - [2021-10-13 05:39:16,310] {dagbag.py:451} INFO - Filling up the DagBag from /home/airflow/.local/lib/python3.6/site-packages/airflow/example_dags/example_trigger_target_dag.py
[2021-10-13 05:39:16,338] {scheduler_job.py:639} INFO - DAG(s) dict_keys(['example_trigger_target_dag']) retrieved from /home/airflow/.local/lib/python3.6/site-packages/airflow/example_dags/example_trigger_target_dag.py
[2021-10-13 05:39:16,387] {logging_mixin.py:104} INFO - [2021-10-13 05:39:16,387] {dag.py:1824} INFO - Sync 1 DAGs
[2021-10-13 05:39:16,425] {logging_mixin.py:104} INFO - [2021-10-13 05:39:16,425] {dag.py:2280} INFO - Setting next_dagrun for example_trigger_target_dag to None
[2021-10-13 05:39:16,452] {scheduler_job.py:190} INFO - Processing /home/airflow/.local/lib/python3.6/site-packages/airflow/example_dags/example_trigger_target_dag.py took 0.154 seconds
