[2021-10-13 04:51:22,933] {scheduler_job.py:182} INFO - Started process (PID=33) to work on /home/airflow/.local/lib/python3.6/site-packages/airflow/example_dags/example_bash_operator.py
[2021-10-13 04:51:22,935] {scheduler_job.py:629} INFO - Processing file /home/airflow/.local/lib/python3.6/site-packages/airflow/example_dags/example_bash_operator.py for tasks to queue
[2021-10-13 04:51:22,936] {logging_mixin.py:104} INFO - [2021-10-13 04:51:22,936] {dagbag.py:451} INFO - Filling up the DagBag from /home/airflow/.local/lib/python3.6/site-packages/airflow/example_dags/example_bash_operator.py
[2021-10-13 04:51:22,976] {scheduler_job.py:639} INFO - DAG(s) dict_keys(['example_bash_operator']) retrieved from /home/airflow/.local/lib/python3.6/site-packages/airflow/example_dags/example_bash_operator.py
[2021-10-13 04:51:23,007] {logging_mixin.py:104} INFO - [2021-10-13 04:51:23,007] {dag.py:1824} INFO - Sync 1 DAGs
[2021-10-13 04:51:23,043] {logging_mixin.py:104} INFO - [2021-10-13 04:51:23,043] {dag.py:2280} INFO - Setting next_dagrun for example_bash_operator to 2021-10-11 00:00:00+00:00
[2021-10-13 04:51:23,060] {scheduler_job.py:190} INFO - Processing /home/airflow/.local/lib/python3.6/site-packages/airflow/example_dags/example_bash_operator.py took 0.131 seconds
[2021-10-13 04:51:53,986] {scheduler_job.py:182} INFO - Started process (PID=67) to work on /home/airflow/.local/lib/python3.6/site-packages/airflow/example_dags/example_bash_operator.py
[2021-10-13 04:51:53,991] {scheduler_job.py:629} INFO - Processing file /home/airflow/.local/lib/python3.6/site-packages/airflow/example_dags/example_bash_operator.py for tasks to queue
[2021-10-13 04:51:53,994] {logging_mixin.py:104} INFO - [2021-10-13 04:51:53,993] {dagbag.py:451} INFO - Filling up the DagBag from /home/airflow/.local/lib/python3.6/site-packages/airflow/example_dags/example_bash_operator.py
[2021-10-13 04:51:54,023] {scheduler_job.py:639} INFO - DAG(s) dict_keys(['example_bash_operator']) retrieved from /home/airflow/.local/lib/python3.6/site-packages/airflow/example_dags/example_bash_operator.py
[2021-10-13 04:51:54,077] {logging_mixin.py:104} INFO - [2021-10-13 04:51:54,077] {dag.py:1824} INFO - Sync 1 DAGs
[2021-10-13 04:51:54,129] {logging_mixin.py:104} INFO - [2021-10-13 04:51:54,128] {dag.py:2280} INFO - Setting next_dagrun for example_bash_operator to 2021-10-11 00:00:00+00:00
[2021-10-13 04:51:54,147] {scheduler_job.py:190} INFO - Processing /home/airflow/.local/lib/python3.6/site-packages/airflow/example_dags/example_bash_operator.py took 0.169 seconds
[2021-10-13 04:52:24,924] {scheduler_job.py:182} INFO - Started process (PID=101) to work on /home/airflow/.local/lib/python3.6/site-packages/airflow/example_dags/example_bash_operator.py
[2021-10-13 04:52:24,926] {scheduler_job.py:629} INFO - Processing file /home/airflow/.local/lib/python3.6/site-packages/airflow/example_dags/example_bash_operator.py for tasks to queue
[2021-10-13 04:52:24,928] {logging_mixin.py:104} INFO - [2021-10-13 04:52:24,928] {dagbag.py:451} INFO - Filling up the DagBag from /home/airflow/.local/lib/python3.6/site-packages/airflow/example_dags/example_bash_operator.py
[2021-10-13 04:52:24,953] {scheduler_job.py:639} INFO - DAG(s) dict_keys(['example_bash_operator']) retrieved from /home/airflow/.local/lib/python3.6/site-packages/airflow/example_dags/example_bash_operator.py
[2021-10-13 04:52:24,979] {logging_mixin.py:104} INFO - [2021-10-13 04:52:24,979] {dag.py:1824} INFO - Sync 1 DAGs
[2021-10-13 04:52:25,004] {logging_mixin.py:104} INFO - [2021-10-13 04:52:25,004] {dag.py:2280} INFO - Setting next_dagrun for example_bash_operator to 2021-10-11 00:00:00+00:00
[2021-10-13 04:52:25,017] {scheduler_job.py:190} INFO - Processing /home/airflow/.local/lib/python3.6/site-packages/airflow/example_dags/example_bash_operator.py took 0.100 seconds
[2021-10-13 04:52:55,111] {scheduler_job.py:182} INFO - Started process (PID=134) to work on /home/airflow/.local/lib/python3.6/site-packages/airflow/example_dags/example_bash_operator.py
[2021-10-13 04:52:55,113] {scheduler_job.py:629} INFO - Processing file /home/airflow/.local/lib/python3.6/site-packages/airflow/example_dags/example_bash_operator.py for tasks to queue
[2021-10-13 04:52:55,114] {logging_mixin.py:104} INFO - [2021-10-13 04:52:55,114] {dagbag.py:451} INFO - Filling up the DagBag from /home/airflow/.local/lib/python3.6/site-packages/airflow/example_dags/example_bash_operator.py
[2021-10-13 04:52:55,126] {scheduler_job.py:639} INFO - DAG(s) dict_keys(['example_bash_operator']) retrieved from /home/airflow/.local/lib/python3.6/site-packages/airflow/example_dags/example_bash_operator.py
[2021-10-13 04:52:55,150] {logging_mixin.py:104} INFO - [2021-10-13 04:52:55,150] {dag.py:1824} INFO - Sync 1 DAGs
[2021-10-13 04:52:55,175] {logging_mixin.py:104} INFO - [2021-10-13 04:52:55,175] {dag.py:2280} INFO - Setting next_dagrun for example_bash_operator to 2021-10-11 00:00:00+00:00
[2021-10-13 04:52:55,188] {scheduler_job.py:190} INFO - Processing /home/airflow/.local/lib/python3.6/site-packages/airflow/example_dags/example_bash_operator.py took 0.080 seconds
[2021-10-13 04:53:25,421] {scheduler_job.py:182} INFO - Started process (PID=168) to work on /home/airflow/.local/lib/python3.6/site-packages/airflow/example_dags/example_bash_operator.py
[2021-10-13 04:53:25,422] {scheduler_job.py:629} INFO - Processing file /home/airflow/.local/lib/python3.6/site-packages/airflow/example_dags/example_bash_operator.py for tasks to queue
[2021-10-13 04:53:25,423] {logging_mixin.py:104} INFO - [2021-10-13 04:53:25,423] {dagbag.py:451} INFO - Filling up the DagBag from /home/airflow/.local/lib/python3.6/site-packages/airflow/example_dags/example_bash_operator.py
[2021-10-13 04:53:25,436] {scheduler_job.py:639} INFO - DAG(s) dict_keys(['example_bash_operator']) retrieved from /home/airflow/.local/lib/python3.6/site-packages/airflow/example_dags/example_bash_operator.py
[2021-10-13 04:53:25,460] {logging_mixin.py:104} INFO - [2021-10-13 04:53:25,460] {dag.py:1824} INFO - Sync 1 DAGs
[2021-10-13 04:53:25,486] {logging_mixin.py:104} INFO - [2021-10-13 04:53:25,485] {dag.py:2280} INFO - Setting next_dagrun for example_bash_operator to 2021-10-11 00:00:00+00:00
[2021-10-13 04:53:25,510] {scheduler_job.py:190} INFO - Processing /home/airflow/.local/lib/python3.6/site-packages/airflow/example_dags/example_bash_operator.py took 0.093 seconds
[2021-10-13 04:53:55,768] {scheduler_job.py:182} INFO - Started process (PID=200) to work on /home/airflow/.local/lib/python3.6/site-packages/airflow/example_dags/example_bash_operator.py
[2021-10-13 04:53:55,770] {scheduler_job.py:629} INFO - Processing file /home/airflow/.local/lib/python3.6/site-packages/airflow/example_dags/example_bash_operator.py for tasks to queue
[2021-10-13 04:53:55,772] {logging_mixin.py:104} INFO - [2021-10-13 04:53:55,772] {dagbag.py:451} INFO - Filling up the DagBag from /home/airflow/.local/lib/python3.6/site-packages/airflow/example_dags/example_bash_operator.py
[2021-10-13 04:53:55,784] {scheduler_job.py:639} INFO - DAG(s) dict_keys(['example_bash_operator']) retrieved from /home/airflow/.local/lib/python3.6/site-packages/airflow/example_dags/example_bash_operator.py
[2021-10-13 04:53:55,813] {logging_mixin.py:104} INFO - [2021-10-13 04:53:55,813] {dag.py:1824} INFO - Sync 1 DAGs
[2021-10-13 04:53:55,840] {logging_mixin.py:104} INFO - [2021-10-13 04:53:55,839] {dag.py:2280} INFO - Setting next_dagrun for example_bash_operator to 2021-10-11 00:00:00+00:00
[2021-10-13 04:53:55,852] {scheduler_job.py:190} INFO - Processing /home/airflow/.local/lib/python3.6/site-packages/airflow/example_dags/example_bash_operator.py took 0.087 seconds
[2021-10-13 04:54:26,350] {scheduler_job.py:182} INFO - Started process (PID=239) to work on /home/airflow/.local/lib/python3.6/site-packages/airflow/example_dags/example_bash_operator.py
[2021-10-13 04:54:26,351] {scheduler_job.py:629} INFO - Processing file /home/airflow/.local/lib/python3.6/site-packages/airflow/example_dags/example_bash_operator.py for tasks to queue
[2021-10-13 04:54:26,352] {logging_mixin.py:104} INFO - [2021-10-13 04:54:26,352] {dagbag.py:451} INFO - Filling up the DagBag from /home/airflow/.local/lib/python3.6/site-packages/airflow/example_dags/example_bash_operator.py
[2021-10-13 04:54:26,371] {scheduler_job.py:639} INFO - DAG(s) dict_keys(['example_bash_operator']) retrieved from /home/airflow/.local/lib/python3.6/site-packages/airflow/example_dags/example_bash_operator.py
[2021-10-13 04:54:26,403] {logging_mixin.py:104} INFO - [2021-10-13 04:54:26,403] {dag.py:1824} INFO - Sync 1 DAGs
[2021-10-13 04:54:26,432] {logging_mixin.py:104} INFO - [2021-10-13 04:54:26,431] {dag.py:2280} INFO - Setting next_dagrun for example_bash_operator to 2021-10-11 00:00:00+00:00
[2021-10-13 04:54:26,447] {scheduler_job.py:190} INFO - Processing /home/airflow/.local/lib/python3.6/site-packages/airflow/example_dags/example_bash_operator.py took 0.101 seconds
[2021-10-13 04:54:56,946] {scheduler_job.py:182} INFO - Started process (PID=272) to work on /home/airflow/.local/lib/python3.6/site-packages/airflow/example_dags/example_bash_operator.py
[2021-10-13 04:54:56,948] {scheduler_job.py:629} INFO - Processing file /home/airflow/.local/lib/python3.6/site-packages/airflow/example_dags/example_bash_operator.py for tasks to queue
[2021-10-13 04:54:56,949] {logging_mixin.py:104} INFO - [2021-10-13 04:54:56,948] {dagbag.py:451} INFO - Filling up the DagBag from /home/airflow/.local/lib/python3.6/site-packages/airflow/example_dags/example_bash_operator.py
[2021-10-13 04:54:56,963] {scheduler_job.py:639} INFO - DAG(s) dict_keys(['example_bash_operator']) retrieved from /home/airflow/.local/lib/python3.6/site-packages/airflow/example_dags/example_bash_operator.py
[2021-10-13 04:54:56,987] {logging_mixin.py:104} INFO - [2021-10-13 04:54:56,987] {dag.py:1824} INFO - Sync 1 DAGs
[2021-10-13 04:54:57,009] {logging_mixin.py:104} INFO - [2021-10-13 04:54:57,009] {dag.py:2280} INFO - Setting next_dagrun for example_bash_operator to 2021-10-11 00:00:00+00:00
[2021-10-13 04:54:57,023] {scheduler_job.py:190} INFO - Processing /home/airflow/.local/lib/python3.6/site-packages/airflow/example_dags/example_bash_operator.py took 0.080 seconds
[2021-10-13 04:55:27,333] {scheduler_job.py:182} INFO - Started process (PID=306) to work on /home/airflow/.local/lib/python3.6/site-packages/airflow/example_dags/example_bash_operator.py
[2021-10-13 04:55:27,336] {scheduler_job.py:629} INFO - Processing file /home/airflow/.local/lib/python3.6/site-packages/airflow/example_dags/example_bash_operator.py for tasks to queue
[2021-10-13 04:55:27,337] {logging_mixin.py:104} INFO - [2021-10-13 04:55:27,337] {dagbag.py:451} INFO - Filling up the DagBag from /home/airflow/.local/lib/python3.6/site-packages/airflow/example_dags/example_bash_operator.py
[2021-10-13 04:55:27,358] {scheduler_job.py:639} INFO - DAG(s) dict_keys(['example_bash_operator']) retrieved from /home/airflow/.local/lib/python3.6/site-packages/airflow/example_dags/example_bash_operator.py
[2021-10-13 04:55:27,385] {logging_mixin.py:104} INFO - [2021-10-13 04:55:27,384] {dag.py:1824} INFO - Sync 1 DAGs
[2021-10-13 04:55:27,409] {logging_mixin.py:104} INFO - [2021-10-13 04:55:27,409] {dag.py:2280} INFO - Setting next_dagrun for example_bash_operator to 2021-10-11 00:00:00+00:00
[2021-10-13 04:55:27,423] {scheduler_job.py:190} INFO - Processing /home/airflow/.local/lib/python3.6/site-packages/airflow/example_dags/example_bash_operator.py took 0.093 seconds
[2021-10-13 04:55:57,522] {scheduler_job.py:182} INFO - Started process (PID=339) to work on /home/airflow/.local/lib/python3.6/site-packages/airflow/example_dags/example_bash_operator.py
[2021-10-13 04:55:57,523] {scheduler_job.py:629} INFO - Processing file /home/airflow/.local/lib/python3.6/site-packages/airflow/example_dags/example_bash_operator.py for tasks to queue
[2021-10-13 04:55:57,524] {logging_mixin.py:104} INFO - [2021-10-13 04:55:57,524] {dagbag.py:451} INFO - Filling up the DagBag from /home/airflow/.local/lib/python3.6/site-packages/airflow/example_dags/example_bash_operator.py
[2021-10-13 04:55:57,537] {scheduler_job.py:639} INFO - DAG(s) dict_keys(['example_bash_operator']) retrieved from /home/airflow/.local/lib/python3.6/site-packages/airflow/example_dags/example_bash_operator.py
[2021-10-13 04:55:57,561] {logging_mixin.py:104} INFO - [2021-10-13 04:55:57,561] {dag.py:1824} INFO - Sync 1 DAGs
[2021-10-13 04:55:57,583] {logging_mixin.py:104} INFO - [2021-10-13 04:55:57,583] {dag.py:2280} INFO - Setting next_dagrun for example_bash_operator to 2021-10-11 00:00:00+00:00
[2021-10-13 04:55:57,597] {scheduler_job.py:190} INFO - Processing /home/airflow/.local/lib/python3.6/site-packages/airflow/example_dags/example_bash_operator.py took 0.078 seconds
[2021-10-13 04:56:27,999] {scheduler_job.py:182} INFO - Started process (PID=374) to work on /home/airflow/.local/lib/python3.6/site-packages/airflow/example_dags/example_bash_operator.py
[2021-10-13 04:56:28,001] {scheduler_job.py:629} INFO - Processing file /home/airflow/.local/lib/python3.6/site-packages/airflow/example_dags/example_bash_operator.py for tasks to queue
[2021-10-13 04:56:28,002] {logging_mixin.py:104} INFO - [2021-10-13 04:56:28,001] {dagbag.py:451} INFO - Filling up the DagBag from /home/airflow/.local/lib/python3.6/site-packages/airflow/example_dags/example_bash_operator.py
[2021-10-13 04:56:28,019] {scheduler_job.py:639} INFO - DAG(s) dict_keys(['example_bash_operator']) retrieved from /home/airflow/.local/lib/python3.6/site-packages/airflow/example_dags/example_bash_operator.py
[2021-10-13 04:56:28,042] {logging_mixin.py:104} INFO - [2021-10-13 04:56:28,042] {dag.py:1824} INFO - Sync 1 DAGs
[2021-10-13 04:56:28,072] {logging_mixin.py:104} INFO - [2021-10-13 04:56:28,072] {dag.py:2280} INFO - Setting next_dagrun for example_bash_operator to 2021-10-11 00:00:00+00:00
[2021-10-13 04:56:28,085] {scheduler_job.py:190} INFO - Processing /home/airflow/.local/lib/python3.6/site-packages/airflow/example_dags/example_bash_operator.py took 0.089 seconds
[2021-10-13 04:56:58,503] {scheduler_job.py:182} INFO - Started process (PID=408) to work on /home/airflow/.local/lib/python3.6/site-packages/airflow/example_dags/example_bash_operator.py
[2021-10-13 04:56:58,504] {scheduler_job.py:629} INFO - Processing file /home/airflow/.local/lib/python3.6/site-packages/airflow/example_dags/example_bash_operator.py for tasks to queue
[2021-10-13 04:56:58,505] {logging_mixin.py:104} INFO - [2021-10-13 04:56:58,505] {dagbag.py:451} INFO - Filling up the DagBag from /home/airflow/.local/lib/python3.6/site-packages/airflow/example_dags/example_bash_operator.py
[2021-10-13 04:56:58,522] {scheduler_job.py:639} INFO - DAG(s) dict_keys(['example_bash_operator']) retrieved from /home/airflow/.local/lib/python3.6/site-packages/airflow/example_dags/example_bash_operator.py
[2021-10-13 04:56:58,544] {logging_mixin.py:104} INFO - [2021-10-13 04:56:58,544] {dag.py:1824} INFO - Sync 1 DAGs
[2021-10-13 04:56:58,566] {logging_mixin.py:104} INFO - [2021-10-13 04:56:58,566] {dag.py:2280} INFO - Setting next_dagrun for example_bash_operator to 2021-10-11 00:00:00+00:00
[2021-10-13 04:56:58,580] {scheduler_job.py:190} INFO - Processing /home/airflow/.local/lib/python3.6/site-packages/airflow/example_dags/example_bash_operator.py took 0.080 seconds
[2021-10-13 04:57:28,735] {scheduler_job.py:182} INFO - Started process (PID=442) to work on /home/airflow/.local/lib/python3.6/site-packages/airflow/example_dags/example_bash_operator.py
[2021-10-13 04:57:28,737] {scheduler_job.py:629} INFO - Processing file /home/airflow/.local/lib/python3.6/site-packages/airflow/example_dags/example_bash_operator.py for tasks to queue
[2021-10-13 04:57:28,740] {logging_mixin.py:104} INFO - [2021-10-13 04:57:28,740] {dagbag.py:451} INFO - Filling up the DagBag from /home/airflow/.local/lib/python3.6/site-packages/airflow/example_dags/example_bash_operator.py
[2021-10-13 04:57:28,789] {scheduler_job.py:639} INFO - DAG(s) dict_keys(['example_bash_operator']) retrieved from /home/airflow/.local/lib/python3.6/site-packages/airflow/example_dags/example_bash_operator.py
[2021-10-13 04:57:28,827] {logging_mixin.py:104} INFO - [2021-10-13 04:57:28,826] {dag.py:1824} INFO - Sync 1 DAGs
[2021-10-13 04:57:28,861] {logging_mixin.py:104} INFO - [2021-10-13 04:57:28,860] {dag.py:2280} INFO - Setting next_dagrun for example_bash_operator to 2021-10-11 00:00:00+00:00
[2021-10-13 04:57:28,878] {scheduler_job.py:190} INFO - Processing /home/airflow/.local/lib/python3.6/site-packages/airflow/example_dags/example_bash_operator.py took 0.148 seconds
[2021-10-13 04:57:59,123] {scheduler_job.py:182} INFO - Started process (PID=474) to work on /home/airflow/.local/lib/python3.6/site-packages/airflow/example_dags/example_bash_operator.py
[2021-10-13 04:57:59,125] {scheduler_job.py:629} INFO - Processing file /home/airflow/.local/lib/python3.6/site-packages/airflow/example_dags/example_bash_operator.py for tasks to queue
[2021-10-13 04:57:59,126] {logging_mixin.py:104} INFO - [2021-10-13 04:57:59,126] {dagbag.py:451} INFO - Filling up the DagBag from /home/airflow/.local/lib/python3.6/site-packages/airflow/example_dags/example_bash_operator.py
[2021-10-13 04:57:59,142] {scheduler_job.py:639} INFO - DAG(s) dict_keys(['example_bash_operator']) retrieved from /home/airflow/.local/lib/python3.6/site-packages/airflow/example_dags/example_bash_operator.py
[2021-10-13 04:57:59,163] {logging_mixin.py:104} INFO - [2021-10-13 04:57:59,163] {dag.py:1824} INFO - Sync 1 DAGs
[2021-10-13 04:57:59,184] {logging_mixin.py:104} INFO - [2021-10-13 04:57:59,184] {dag.py:2280} INFO - Setting next_dagrun for example_bash_operator to 2021-10-11 00:00:00+00:00
[2021-10-13 04:57:59,198] {scheduler_job.py:190} INFO - Processing /home/airflow/.local/lib/python3.6/site-packages/airflow/example_dags/example_bash_operator.py took 0.078 seconds
[2021-10-13 04:58:29,506] {scheduler_job.py:182} INFO - Started process (PID=509) to work on /home/airflow/.local/lib/python3.6/site-packages/airflow/example_dags/example_bash_operator.py
[2021-10-13 04:58:29,511] {scheduler_job.py:629} INFO - Processing file /home/airflow/.local/lib/python3.6/site-packages/airflow/example_dags/example_bash_operator.py for tasks to queue
[2021-10-13 04:58:29,512] {logging_mixin.py:104} INFO - [2021-10-13 04:58:29,512] {dagbag.py:451} INFO - Filling up the DagBag from /home/airflow/.local/lib/python3.6/site-packages/airflow/example_dags/example_bash_operator.py
[2021-10-13 04:58:29,527] {scheduler_job.py:639} INFO - DAG(s) dict_keys(['example_bash_operator']) retrieved from /home/airflow/.local/lib/python3.6/site-packages/airflow/example_dags/example_bash_operator.py
[2021-10-13 04:58:29,549] {logging_mixin.py:104} INFO - [2021-10-13 04:58:29,549] {dag.py:1824} INFO - Sync 1 DAGs
[2021-10-13 04:58:29,575] {logging_mixin.py:104} INFO - [2021-10-13 04:58:29,574] {dag.py:2280} INFO - Setting next_dagrun for example_bash_operator to 2021-10-11 00:00:00+00:00
[2021-10-13 04:58:29,589] {scheduler_job.py:190} INFO - Processing /home/airflow/.local/lib/python3.6/site-packages/airflow/example_dags/example_bash_operator.py took 0.087 seconds
[2021-10-13 04:58:59,685] {scheduler_job.py:182} INFO - Started process (PID=542) to work on /home/airflow/.local/lib/python3.6/site-packages/airflow/example_dags/example_bash_operator.py
[2021-10-13 04:58:59,686] {scheduler_job.py:629} INFO - Processing file /home/airflow/.local/lib/python3.6/site-packages/airflow/example_dags/example_bash_operator.py for tasks to queue
[2021-10-13 04:58:59,687] {logging_mixin.py:104} INFO - [2021-10-13 04:58:59,687] {dagbag.py:451} INFO - Filling up the DagBag from /home/airflow/.local/lib/python3.6/site-packages/airflow/example_dags/example_bash_operator.py
[2021-10-13 04:58:59,700] {scheduler_job.py:639} INFO - DAG(s) dict_keys(['example_bash_operator']) retrieved from /home/airflow/.local/lib/python3.6/site-packages/airflow/example_dags/example_bash_operator.py
[2021-10-13 04:58:59,721] {logging_mixin.py:104} INFO - [2021-10-13 04:58:59,721] {dag.py:1824} INFO - Sync 1 DAGs
[2021-10-13 04:58:59,745] {logging_mixin.py:104} INFO - [2021-10-13 04:58:59,745] {dag.py:2280} INFO - Setting next_dagrun for example_bash_operator to 2021-10-11 00:00:00+00:00
[2021-10-13 04:58:59,758] {scheduler_job.py:190} INFO - Processing /home/airflow/.local/lib/python3.6/site-packages/airflow/example_dags/example_bash_operator.py took 0.076 seconds
[2021-10-13 04:59:29,994] {scheduler_job.py:182} INFO - Started process (PID=571) to work on /home/airflow/.local/lib/python3.6/site-packages/airflow/example_dags/example_bash_operator.py
[2021-10-13 04:59:29,996] {scheduler_job.py:629} INFO - Processing file /home/airflow/.local/lib/python3.6/site-packages/airflow/example_dags/example_bash_operator.py for tasks to queue
[2021-10-13 04:59:29,996] {logging_mixin.py:104} INFO - [2021-10-13 04:59:29,996] {dagbag.py:451} INFO - Filling up the DagBag from /home/airflow/.local/lib/python3.6/site-packages/airflow/example_dags/example_bash_operator.py
[2021-10-13 04:59:30,009] {scheduler_job.py:639} INFO - DAG(s) dict_keys(['example_bash_operator']) retrieved from /home/airflow/.local/lib/python3.6/site-packages/airflow/example_dags/example_bash_operator.py
[2021-10-13 04:59:30,032] {logging_mixin.py:104} INFO - [2021-10-13 04:59:30,032] {dag.py:1824} INFO - Sync 1 DAGs
[2021-10-13 04:59:30,054] {logging_mixin.py:104} INFO - [2021-10-13 04:59:30,054] {dag.py:2280} INFO - Setting next_dagrun for example_bash_operator to 2021-10-11 00:00:00+00:00
[2021-10-13 04:59:30,069] {scheduler_job.py:190} INFO - Processing /home/airflow/.local/lib/python3.6/site-packages/airflow/example_dags/example_bash_operator.py took 0.078 seconds
[2021-10-13 05:00:00,113] {scheduler_job.py:182} INFO - Started process (PID=607) to work on /home/airflow/.local/lib/python3.6/site-packages/airflow/example_dags/example_bash_operator.py
[2021-10-13 05:00:00,114] {scheduler_job.py:629} INFO - Processing file /home/airflow/.local/lib/python3.6/site-packages/airflow/example_dags/example_bash_operator.py for tasks to queue
[2021-10-13 05:00:00,115] {logging_mixin.py:104} INFO - [2021-10-13 05:00:00,115] {dagbag.py:451} INFO - Filling up the DagBag from /home/airflow/.local/lib/python3.6/site-packages/airflow/example_dags/example_bash_operator.py
[2021-10-13 05:00:00,129] {scheduler_job.py:639} INFO - DAG(s) dict_keys(['example_bash_operator']) retrieved from /home/airflow/.local/lib/python3.6/site-packages/airflow/example_dags/example_bash_operator.py
[2021-10-13 05:00:00,155] {logging_mixin.py:104} INFO - [2021-10-13 05:00:00,155] {dag.py:1824} INFO - Sync 1 DAGs
[2021-10-13 05:00:00,180] {logging_mixin.py:104} INFO - [2021-10-13 05:00:00,180] {dag.py:2280} INFO - Setting next_dagrun for example_bash_operator to 2021-10-11 00:00:00+00:00
[2021-10-13 05:00:00,196] {scheduler_job.py:190} INFO - Processing /home/airflow/.local/lib/python3.6/site-packages/airflow/example_dags/example_bash_operator.py took 0.086 seconds
[2021-10-13 05:00:30,821] {scheduler_job.py:182} INFO - Started process (PID=641) to work on /home/airflow/.local/lib/python3.6/site-packages/airflow/example_dags/example_bash_operator.py
[2021-10-13 05:00:30,822] {scheduler_job.py:629} INFO - Processing file /home/airflow/.local/lib/python3.6/site-packages/airflow/example_dags/example_bash_operator.py for tasks to queue
[2021-10-13 05:00:30,823] {logging_mixin.py:104} INFO - [2021-10-13 05:00:30,823] {dagbag.py:451} INFO - Filling up the DagBag from /home/airflow/.local/lib/python3.6/site-packages/airflow/example_dags/example_bash_operator.py
[2021-10-13 05:00:30,837] {scheduler_job.py:639} INFO - DAG(s) dict_keys(['example_bash_operator']) retrieved from /home/airflow/.local/lib/python3.6/site-packages/airflow/example_dags/example_bash_operator.py
[2021-10-13 05:00:30,862] {logging_mixin.py:104} INFO - [2021-10-13 05:00:30,862] {dag.py:1824} INFO - Sync 1 DAGs
[2021-10-13 05:00:30,889] {logging_mixin.py:104} INFO - [2021-10-13 05:00:30,889] {dag.py:2280} INFO - Setting next_dagrun for example_bash_operator to 2021-10-11 00:00:00+00:00
[2021-10-13 05:00:30,903] {scheduler_job.py:190} INFO - Processing /home/airflow/.local/lib/python3.6/site-packages/airflow/example_dags/example_bash_operator.py took 0.085 seconds
[2021-10-13 05:01:01,685] {scheduler_job.py:182} INFO - Started process (PID=672) to work on /home/airflow/.local/lib/python3.6/site-packages/airflow/example_dags/example_bash_operator.py
[2021-10-13 05:01:01,687] {scheduler_job.py:629} INFO - Processing file /home/airflow/.local/lib/python3.6/site-packages/airflow/example_dags/example_bash_operator.py for tasks to queue
[2021-10-13 05:01:01,689] {logging_mixin.py:104} INFO - [2021-10-13 05:01:01,688] {dagbag.py:451} INFO - Filling up the DagBag from /home/airflow/.local/lib/python3.6/site-packages/airflow/example_dags/example_bash_operator.py
[2021-10-13 05:01:01,717] {scheduler_job.py:639} INFO - DAG(s) dict_keys(['example_bash_operator']) retrieved from /home/airflow/.local/lib/python3.6/site-packages/airflow/example_dags/example_bash_operator.py
[2021-10-13 05:01:01,788] {logging_mixin.py:104} INFO - [2021-10-13 05:01:01,788] {dag.py:1824} INFO - Sync 1 DAGs
[2021-10-13 05:01:01,837] {logging_mixin.py:104} INFO - [2021-10-13 05:01:01,836] {dag.py:2280} INFO - Setting next_dagrun for example_bash_operator to 2021-10-11 00:00:00+00:00
[2021-10-13 05:01:01,858] {scheduler_job.py:190} INFO - Processing /home/airflow/.local/lib/python3.6/site-packages/airflow/example_dags/example_bash_operator.py took 0.176 seconds
[2021-10-13 05:01:32,227] {scheduler_job.py:182} INFO - Started process (PID=712) to work on /home/airflow/.local/lib/python3.6/site-packages/airflow/example_dags/example_bash_operator.py
[2021-10-13 05:01:32,229] {scheduler_job.py:629} INFO - Processing file /home/airflow/.local/lib/python3.6/site-packages/airflow/example_dags/example_bash_operator.py for tasks to queue
[2021-10-13 05:01:32,229] {logging_mixin.py:104} INFO - [2021-10-13 05:01:32,229] {dagbag.py:451} INFO - Filling up the DagBag from /home/airflow/.local/lib/python3.6/site-packages/airflow/example_dags/example_bash_operator.py
[2021-10-13 05:01:32,246] {scheduler_job.py:639} INFO - DAG(s) dict_keys(['example_bash_operator']) retrieved from /home/airflow/.local/lib/python3.6/site-packages/airflow/example_dags/example_bash_operator.py
[2021-10-13 05:01:32,270] {logging_mixin.py:104} INFO - [2021-10-13 05:01:32,270] {dag.py:1824} INFO - Sync 1 DAGs
[2021-10-13 05:01:32,295] {logging_mixin.py:104} INFO - [2021-10-13 05:01:32,295] {dag.py:2280} INFO - Setting next_dagrun for example_bash_operator to 2021-10-11 00:00:00+00:00
[2021-10-13 05:01:32,315] {scheduler_job.py:190} INFO - Processing /home/airflow/.local/lib/python3.6/site-packages/airflow/example_dags/example_bash_operator.py took 0.091 seconds
[2021-10-13 05:02:02,606] {scheduler_job.py:182} INFO - Started process (PID=747) to work on /home/airflow/.local/lib/python3.6/site-packages/airflow/example_dags/example_bash_operator.py
[2021-10-13 05:02:02,608] {scheduler_job.py:629} INFO - Processing file /home/airflow/.local/lib/python3.6/site-packages/airflow/example_dags/example_bash_operator.py for tasks to queue
[2021-10-13 05:02:02,609] {logging_mixin.py:104} INFO - [2021-10-13 05:02:02,608] {dagbag.py:451} INFO - Filling up the DagBag from /home/airflow/.local/lib/python3.6/site-packages/airflow/example_dags/example_bash_operator.py
[2021-10-13 05:02:02,623] {scheduler_job.py:639} INFO - DAG(s) dict_keys(['example_bash_operator']) retrieved from /home/airflow/.local/lib/python3.6/site-packages/airflow/example_dags/example_bash_operator.py
[2021-10-13 05:02:02,649] {logging_mixin.py:104} INFO - [2021-10-13 05:02:02,649] {dag.py:1824} INFO - Sync 1 DAGs
[2021-10-13 05:02:02,673] {logging_mixin.py:104} INFO - [2021-10-13 05:02:02,673] {dag.py:2280} INFO - Setting next_dagrun for example_bash_operator to 2021-10-11 00:00:00+00:00
[2021-10-13 05:02:02,689] {scheduler_job.py:190} INFO - Processing /home/airflow/.local/lib/python3.6/site-packages/airflow/example_dags/example_bash_operator.py took 0.087 seconds
[2021-10-13 05:02:33,076] {scheduler_job.py:182} INFO - Started process (PID=782) to work on /home/airflow/.local/lib/python3.6/site-packages/airflow/example_dags/example_bash_operator.py
[2021-10-13 05:02:33,077] {scheduler_job.py:629} INFO - Processing file /home/airflow/.local/lib/python3.6/site-packages/airflow/example_dags/example_bash_operator.py for tasks to queue
[2021-10-13 05:02:33,078] {logging_mixin.py:104} INFO - [2021-10-13 05:02:33,078] {dagbag.py:451} INFO - Filling up the DagBag from /home/airflow/.local/lib/python3.6/site-packages/airflow/example_dags/example_bash_operator.py
[2021-10-13 05:02:33,092] {scheduler_job.py:639} INFO - DAG(s) dict_keys(['example_bash_operator']) retrieved from /home/airflow/.local/lib/python3.6/site-packages/airflow/example_dags/example_bash_operator.py
[2021-10-13 05:02:33,116] {logging_mixin.py:104} INFO - [2021-10-13 05:02:33,115] {dag.py:1824} INFO - Sync 1 DAGs
[2021-10-13 05:02:33,140] {logging_mixin.py:104} INFO - [2021-10-13 05:02:33,140] {dag.py:2280} INFO - Setting next_dagrun for example_bash_operator to 2021-10-11 00:00:00+00:00
[2021-10-13 05:02:33,155] {scheduler_job.py:190} INFO - Processing /home/airflow/.local/lib/python3.6/site-packages/airflow/example_dags/example_bash_operator.py took 0.083 seconds
[2021-10-13 05:03:03,393] {scheduler_job.py:182} INFO - Started process (PID=810) to work on /home/airflow/.local/lib/python3.6/site-packages/airflow/example_dags/example_bash_operator.py
[2021-10-13 05:03:03,394] {scheduler_job.py:629} INFO - Processing file /home/airflow/.local/lib/python3.6/site-packages/airflow/example_dags/example_bash_operator.py for tasks to queue
[2021-10-13 05:03:03,395] {logging_mixin.py:104} INFO - [2021-10-13 05:03:03,395] {dagbag.py:451} INFO - Filling up the DagBag from /home/airflow/.local/lib/python3.6/site-packages/airflow/example_dags/example_bash_operator.py
[2021-10-13 05:03:03,411] {scheduler_job.py:639} INFO - DAG(s) dict_keys(['example_bash_operator']) retrieved from /home/airflow/.local/lib/python3.6/site-packages/airflow/example_dags/example_bash_operator.py
[2021-10-13 05:03:03,436] {logging_mixin.py:104} INFO - [2021-10-13 05:03:03,435] {dag.py:1824} INFO - Sync 1 DAGs
[2021-10-13 05:03:03,460] {logging_mixin.py:104} INFO - [2021-10-13 05:03:03,460] {dag.py:2280} INFO - Setting next_dagrun for example_bash_operator to 2021-10-11 00:00:00+00:00
[2021-10-13 05:03:03,475] {scheduler_job.py:190} INFO - Processing /home/airflow/.local/lib/python3.6/site-packages/airflow/example_dags/example_bash_operator.py took 0.086 seconds
[2021-10-13 05:03:34,137] {scheduler_job.py:182} INFO - Started process (PID=845) to work on /home/airflow/.local/lib/python3.6/site-packages/airflow/example_dags/example_bash_operator.py
[2021-10-13 05:03:34,139] {scheduler_job.py:629} INFO - Processing file /home/airflow/.local/lib/python3.6/site-packages/airflow/example_dags/example_bash_operator.py for tasks to queue
[2021-10-13 05:03:34,141] {logging_mixin.py:104} INFO - [2021-10-13 05:03:34,141] {dagbag.py:451} INFO - Filling up the DagBag from /home/airflow/.local/lib/python3.6/site-packages/airflow/example_dags/example_bash_operator.py
[2021-10-13 05:03:34,161] {scheduler_job.py:639} INFO - DAG(s) dict_keys(['example_bash_operator']) retrieved from /home/airflow/.local/lib/python3.6/site-packages/airflow/example_dags/example_bash_operator.py
[2021-10-13 05:03:34,185] {logging_mixin.py:104} INFO - [2021-10-13 05:03:34,185] {dag.py:1824} INFO - Sync 1 DAGs
[2021-10-13 05:03:34,215] {logging_mixin.py:104} INFO - [2021-10-13 05:03:34,215] {dag.py:2280} INFO - Setting next_dagrun for example_bash_operator to 2021-10-11 00:00:00+00:00
[2021-10-13 05:03:34,231] {scheduler_job.py:190} INFO - Processing /home/airflow/.local/lib/python3.6/site-packages/airflow/example_dags/example_bash_operator.py took 0.098 seconds
[2021-10-13 05:04:04,638] {scheduler_job.py:182} INFO - Started process (PID=877) to work on /home/airflow/.local/lib/python3.6/site-packages/airflow/example_dags/example_bash_operator.py
[2021-10-13 05:04:04,640] {scheduler_job.py:629} INFO - Processing file /home/airflow/.local/lib/python3.6/site-packages/airflow/example_dags/example_bash_operator.py for tasks to queue
[2021-10-13 05:04:04,641] {logging_mixin.py:104} INFO - [2021-10-13 05:04:04,641] {dagbag.py:451} INFO - Filling up the DagBag from /home/airflow/.local/lib/python3.6/site-packages/airflow/example_dags/example_bash_operator.py
[2021-10-13 05:04:04,653] {scheduler_job.py:639} INFO - DAG(s) dict_keys(['example_bash_operator']) retrieved from /home/airflow/.local/lib/python3.6/site-packages/airflow/example_dags/example_bash_operator.py
[2021-10-13 05:04:04,674] {logging_mixin.py:104} INFO - [2021-10-13 05:04:04,674] {dag.py:1824} INFO - Sync 1 DAGs
[2021-10-13 05:04:04,698] {logging_mixin.py:104} INFO - [2021-10-13 05:04:04,698] {dag.py:2280} INFO - Setting next_dagrun for example_bash_operator to 2021-10-11 00:00:00+00:00
[2021-10-13 05:04:04,711] {scheduler_job.py:190} INFO - Processing /home/airflow/.local/lib/python3.6/site-packages/airflow/example_dags/example_bash_operator.py took 0.076 seconds
[2021-10-13 05:04:35,588] {scheduler_job.py:182} INFO - Started process (PID=910) to work on /home/airflow/.local/lib/python3.6/site-packages/airflow/example_dags/example_bash_operator.py
[2021-10-13 05:04:35,589] {scheduler_job.py:629} INFO - Processing file /home/airflow/.local/lib/python3.6/site-packages/airflow/example_dags/example_bash_operator.py for tasks to queue
[2021-10-13 05:04:35,590] {logging_mixin.py:104} INFO - [2021-10-13 05:04:35,590] {dagbag.py:451} INFO - Filling up the DagBag from /home/airflow/.local/lib/python3.6/site-packages/airflow/example_dags/example_bash_operator.py
[2021-10-13 05:04:35,604] {scheduler_job.py:639} INFO - DAG(s) dict_keys(['example_bash_operator']) retrieved from /home/airflow/.local/lib/python3.6/site-packages/airflow/example_dags/example_bash_operator.py
[2021-10-13 05:04:35,626] {logging_mixin.py:104} INFO - [2021-10-13 05:04:35,626] {dag.py:1824} INFO - Sync 1 DAGs
[2021-10-13 05:04:35,649] {logging_mixin.py:104} INFO - [2021-10-13 05:04:35,649] {dag.py:2280} INFO - Setting next_dagrun for example_bash_operator to 2021-10-11 00:00:00+00:00
[2021-10-13 05:04:35,665] {scheduler_job.py:190} INFO - Processing /home/airflow/.local/lib/python3.6/site-packages/airflow/example_dags/example_bash_operator.py took 0.081 seconds
[2021-10-13 05:05:06,089] {scheduler_job.py:182} INFO - Started process (PID=945) to work on /home/airflow/.local/lib/python3.6/site-packages/airflow/example_dags/example_bash_operator.py
[2021-10-13 05:05:06,090] {scheduler_job.py:629} INFO - Processing file /home/airflow/.local/lib/python3.6/site-packages/airflow/example_dags/example_bash_operator.py for tasks to queue
[2021-10-13 05:05:06,091] {logging_mixin.py:104} INFO - [2021-10-13 05:05:06,091] {dagbag.py:451} INFO - Filling up the DagBag from /home/airflow/.local/lib/python3.6/site-packages/airflow/example_dags/example_bash_operator.py
[2021-10-13 05:05:06,105] {scheduler_job.py:639} INFO - DAG(s) dict_keys(['example_bash_operator']) retrieved from /home/airflow/.local/lib/python3.6/site-packages/airflow/example_dags/example_bash_operator.py
[2021-10-13 05:05:06,129] {logging_mixin.py:104} INFO - [2021-10-13 05:05:06,129] {dag.py:1824} INFO - Sync 1 DAGs
[2021-10-13 05:05:06,154] {logging_mixin.py:104} INFO - [2021-10-13 05:05:06,154] {dag.py:2280} INFO - Setting next_dagrun for example_bash_operator to 2021-10-11 00:00:00+00:00
[2021-10-13 05:05:06,167] {scheduler_job.py:190} INFO - Processing /home/airflow/.local/lib/python3.6/site-packages/airflow/example_dags/example_bash_operator.py took 0.082 seconds
[2021-10-13 05:05:36,523] {scheduler_job.py:182} INFO - Started process (PID=978) to work on /home/airflow/.local/lib/python3.6/site-packages/airflow/example_dags/example_bash_operator.py
[2021-10-13 05:05:36,524] {scheduler_job.py:629} INFO - Processing file /home/airflow/.local/lib/python3.6/site-packages/airflow/example_dags/example_bash_operator.py for tasks to queue
[2021-10-13 05:05:36,525] {logging_mixin.py:104} INFO - [2021-10-13 05:05:36,525] {dagbag.py:451} INFO - Filling up the DagBag from /home/airflow/.local/lib/python3.6/site-packages/airflow/example_dags/example_bash_operator.py
[2021-10-13 05:05:36,539] {scheduler_job.py:639} INFO - DAG(s) dict_keys(['example_bash_operator']) retrieved from /home/airflow/.local/lib/python3.6/site-packages/airflow/example_dags/example_bash_operator.py
[2021-10-13 05:05:36,563] {logging_mixin.py:104} INFO - [2021-10-13 05:05:36,563] {dag.py:1824} INFO - Sync 1 DAGs
[2021-10-13 05:05:36,588] {logging_mixin.py:104} INFO - [2021-10-13 05:05:36,588] {dag.py:2280} INFO - Setting next_dagrun for example_bash_operator to 2021-10-11 00:00:00+00:00
[2021-10-13 05:05:36,606] {scheduler_job.py:190} INFO - Processing /home/airflow/.local/lib/python3.6/site-packages/airflow/example_dags/example_bash_operator.py took 0.086 seconds
