[2021-10-13 04:51:24,883] {scheduler_job.py:182} INFO - Started process (PID=49) to work on /home/airflow/.local/lib/python3.6/site-packages/airflow/example_dags/example_short_circuit_operator.py
[2021-10-13 04:51:24,885] {scheduler_job.py:629} INFO - Processing file /home/airflow/.local/lib/python3.6/site-packages/airflow/example_dags/example_short_circuit_operator.py for tasks to queue
[2021-10-13 04:51:24,886] {logging_mixin.py:104} INFO - [2021-10-13 04:51:24,886] {dagbag.py:451} INFO - Filling up the DagBag from /home/airflow/.local/lib/python3.6/site-packages/airflow/example_dags/example_short_circuit_operator.py
[2021-10-13 04:51:24,915] {scheduler_job.py:639} INFO - DAG(s) dict_keys(['example_short_circuit_operator']) retrieved from /home/airflow/.local/lib/python3.6/site-packages/airflow/example_dags/example_short_circuit_operator.py
[2021-10-13 04:51:24,942] {logging_mixin.py:104} INFO - [2021-10-13 04:51:24,942] {dag.py:1824} INFO - Sync 1 DAGs
[2021-10-13 04:51:24,965] {logging_mixin.py:104} INFO - [2021-10-13 04:51:24,965] {dag.py:2280} INFO - Setting next_dagrun for example_short_circuit_operator to 2021-10-11 00:00:00+00:00
[2021-10-13 04:51:24,983] {scheduler_job.py:190} INFO - Processing /home/airflow/.local/lib/python3.6/site-packages/airflow/example_dags/example_short_circuit_operator.py took 0.105 seconds
[2021-10-13 04:51:55,190] {scheduler_job.py:182} INFO - Started process (PID=81) to work on /home/airflow/.local/lib/python3.6/site-packages/airflow/example_dags/example_short_circuit_operator.py
[2021-10-13 04:51:55,197] {scheduler_job.py:629} INFO - Processing file /home/airflow/.local/lib/python3.6/site-packages/airflow/example_dags/example_short_circuit_operator.py for tasks to queue
[2021-10-13 04:51:55,201] {logging_mixin.py:104} INFO - [2021-10-13 04:51:55,201] {dagbag.py:451} INFO - Filling up the DagBag from /home/airflow/.local/lib/python3.6/site-packages/airflow/example_dags/example_short_circuit_operator.py
[2021-10-13 04:51:55,223] {scheduler_job.py:639} INFO - DAG(s) dict_keys(['example_short_circuit_operator']) retrieved from /home/airflow/.local/lib/python3.6/site-packages/airflow/example_dags/example_short_circuit_operator.py
[2021-10-13 04:51:55,244] {logging_mixin.py:104} INFO - [2021-10-13 04:51:55,244] {dag.py:1824} INFO - Sync 1 DAGs
[2021-10-13 04:51:55,270] {logging_mixin.py:104} INFO - [2021-10-13 04:51:55,270] {dag.py:2280} INFO - Setting next_dagrun for example_short_circuit_operator to 2021-10-11 00:00:00+00:00
[2021-10-13 04:51:55,289] {scheduler_job.py:190} INFO - Processing /home/airflow/.local/lib/python3.6/site-packages/airflow/example_dags/example_short_circuit_operator.py took 0.112 seconds
[2021-10-13 04:52:25,519] {scheduler_job.py:182} INFO - Started process (PID=112) to work on /home/airflow/.local/lib/python3.6/site-packages/airflow/example_dags/example_short_circuit_operator.py
[2021-10-13 04:52:25,520] {scheduler_job.py:629} INFO - Processing file /home/airflow/.local/lib/python3.6/site-packages/airflow/example_dags/example_short_circuit_operator.py for tasks to queue
[2021-10-13 04:52:25,521] {logging_mixin.py:104} INFO - [2021-10-13 04:52:25,521] {dagbag.py:451} INFO - Filling up the DagBag from /home/airflow/.local/lib/python3.6/site-packages/airflow/example_dags/example_short_circuit_operator.py
[2021-10-13 04:52:25,533] {scheduler_job.py:639} INFO - DAG(s) dict_keys(['example_short_circuit_operator']) retrieved from /home/airflow/.local/lib/python3.6/site-packages/airflow/example_dags/example_short_circuit_operator.py
[2021-10-13 04:52:25,554] {logging_mixin.py:104} INFO - [2021-10-13 04:52:25,554] {dag.py:1824} INFO - Sync 1 DAGs
[2021-10-13 04:52:25,573] {logging_mixin.py:104} INFO - [2021-10-13 04:52:25,573] {dag.py:2280} INFO - Setting next_dagrun for example_short_circuit_operator to 2021-10-11 00:00:00+00:00
[2021-10-13 04:52:25,587] {scheduler_job.py:190} INFO - Processing /home/airflow/.local/lib/python3.6/site-packages/airflow/example_dags/example_short_circuit_operator.py took 0.071 seconds
[2021-10-13 04:52:55,633] {scheduler_job.py:182} INFO - Started process (PID=145) to work on /home/airflow/.local/lib/python3.6/site-packages/airflow/example_dags/example_short_circuit_operator.py
[2021-10-13 04:52:55,635] {scheduler_job.py:629} INFO - Processing file /home/airflow/.local/lib/python3.6/site-packages/airflow/example_dags/example_short_circuit_operator.py for tasks to queue
[2021-10-13 04:52:55,636] {logging_mixin.py:104} INFO - [2021-10-13 04:52:55,636] {dagbag.py:451} INFO - Filling up the DagBag from /home/airflow/.local/lib/python3.6/site-packages/airflow/example_dags/example_short_circuit_operator.py
[2021-10-13 04:52:55,649] {scheduler_job.py:639} INFO - DAG(s) dict_keys(['example_short_circuit_operator']) retrieved from /home/airflow/.local/lib/python3.6/site-packages/airflow/example_dags/example_short_circuit_operator.py
[2021-10-13 04:52:55,670] {logging_mixin.py:104} INFO - [2021-10-13 04:52:55,670] {dag.py:1824} INFO - Sync 1 DAGs
[2021-10-13 04:52:55,687] {logging_mixin.py:104} INFO - [2021-10-13 04:52:55,687] {dag.py:2280} INFO - Setting next_dagrun for example_short_circuit_operator to 2021-10-11 00:00:00+00:00
[2021-10-13 04:52:55,702] {scheduler_job.py:190} INFO - Processing /home/airflow/.local/lib/python3.6/site-packages/airflow/example_dags/example_short_circuit_operator.py took 0.072 seconds
[2021-10-13 04:53:25,881] {scheduler_job.py:182} INFO - Started process (PID=176) to work on /home/airflow/.local/lib/python3.6/site-packages/airflow/example_dags/example_short_circuit_operator.py
[2021-10-13 04:53:25,882] {scheduler_job.py:629} INFO - Processing file /home/airflow/.local/lib/python3.6/site-packages/airflow/example_dags/example_short_circuit_operator.py for tasks to queue
[2021-10-13 04:53:25,883] {logging_mixin.py:104} INFO - [2021-10-13 04:53:25,883] {dagbag.py:451} INFO - Filling up the DagBag from /home/airflow/.local/lib/python3.6/site-packages/airflow/example_dags/example_short_circuit_operator.py
[2021-10-13 04:53:25,895] {scheduler_job.py:639} INFO - DAG(s) dict_keys(['example_short_circuit_operator']) retrieved from /home/airflow/.local/lib/python3.6/site-packages/airflow/example_dags/example_short_circuit_operator.py
[2021-10-13 04:53:25,922] {logging_mixin.py:104} INFO - [2021-10-13 04:53:25,922] {dag.py:1824} INFO - Sync 1 DAGs
[2021-10-13 04:53:25,939] {logging_mixin.py:104} INFO - [2021-10-13 04:53:25,939] {dag.py:2280} INFO - Setting next_dagrun for example_short_circuit_operator to 2021-10-11 00:00:00+00:00
[2021-10-13 04:53:25,953] {scheduler_job.py:190} INFO - Processing /home/airflow/.local/lib/python3.6/site-packages/airflow/example_dags/example_short_circuit_operator.py took 0.076 seconds
[2021-10-13 04:53:56,293] {scheduler_job.py:182} INFO - Started process (PID=206) to work on /home/airflow/.local/lib/python3.6/site-packages/airflow/example_dags/example_short_circuit_operator.py
[2021-10-13 04:53:56,294] {scheduler_job.py:629} INFO - Processing file /home/airflow/.local/lib/python3.6/site-packages/airflow/example_dags/example_short_circuit_operator.py for tasks to queue
[2021-10-13 04:53:56,295] {logging_mixin.py:104} INFO - [2021-10-13 04:53:56,295] {dagbag.py:451} INFO - Filling up the DagBag from /home/airflow/.local/lib/python3.6/site-packages/airflow/example_dags/example_short_circuit_operator.py
[2021-10-13 04:53:56,309] {scheduler_job.py:639} INFO - DAG(s) dict_keys(['example_short_circuit_operator']) retrieved from /home/airflow/.local/lib/python3.6/site-packages/airflow/example_dags/example_short_circuit_operator.py
[2021-10-13 04:53:56,334] {logging_mixin.py:104} INFO - [2021-10-13 04:53:56,334] {dag.py:1824} INFO - Sync 1 DAGs
[2021-10-13 04:53:56,349] {logging_mixin.py:104} INFO - [2021-10-13 04:53:56,349] {dag.py:2280} INFO - Setting next_dagrun for example_short_circuit_operator to 2021-10-11 00:00:00+00:00
[2021-10-13 04:53:56,363] {scheduler_job.py:190} INFO - Processing /home/airflow/.local/lib/python3.6/site-packages/airflow/example_dags/example_short_circuit_operator.py took 0.074 seconds
[2021-10-13 04:54:26,674] {scheduler_job.py:182} INFO - Started process (PID=245) to work on /home/airflow/.local/lib/python3.6/site-packages/airflow/example_dags/example_short_circuit_operator.py
[2021-10-13 04:54:26,681] {scheduler_job.py:629} INFO - Processing file /home/airflow/.local/lib/python3.6/site-packages/airflow/example_dags/example_short_circuit_operator.py for tasks to queue
[2021-10-13 04:54:26,683] {logging_mixin.py:104} INFO - [2021-10-13 04:54:26,683] {dagbag.py:451} INFO - Filling up the DagBag from /home/airflow/.local/lib/python3.6/site-packages/airflow/example_dags/example_short_circuit_operator.py
[2021-10-13 04:54:26,725] {scheduler_job.py:639} INFO - DAG(s) dict_keys(['example_short_circuit_operator']) retrieved from /home/airflow/.local/lib/python3.6/site-packages/airflow/example_dags/example_short_circuit_operator.py
[2021-10-13 04:54:26,770] {logging_mixin.py:104} INFO - [2021-10-13 04:54:26,770] {dag.py:1824} INFO - Sync 1 DAGs
[2021-10-13 04:54:26,791] {logging_mixin.py:104} INFO - [2021-10-13 04:54:26,790] {dag.py:2280} INFO - Setting next_dagrun for example_short_circuit_operator to 2021-10-11 00:00:00+00:00
[2021-10-13 04:54:26,804] {scheduler_job.py:190} INFO - Processing /home/airflow/.local/lib/python3.6/site-packages/airflow/example_dags/example_short_circuit_operator.py took 0.138 seconds
[2021-10-13 04:54:57,294] {scheduler_job.py:182} INFO - Started process (PID=279) to work on /home/airflow/.local/lib/python3.6/site-packages/airflow/example_dags/example_short_circuit_operator.py
[2021-10-13 04:54:57,295] {scheduler_job.py:629} INFO - Processing file /home/airflow/.local/lib/python3.6/site-packages/airflow/example_dags/example_short_circuit_operator.py for tasks to queue
[2021-10-13 04:54:57,296] {logging_mixin.py:104} INFO - [2021-10-13 04:54:57,296] {dagbag.py:451} INFO - Filling up the DagBag from /home/airflow/.local/lib/python3.6/site-packages/airflow/example_dags/example_short_circuit_operator.py
[2021-10-13 04:54:57,308] {scheduler_job.py:639} INFO - DAG(s) dict_keys(['example_short_circuit_operator']) retrieved from /home/airflow/.local/lib/python3.6/site-packages/airflow/example_dags/example_short_circuit_operator.py
[2021-10-13 04:54:57,342] {logging_mixin.py:104} INFO - [2021-10-13 04:54:57,341] {dag.py:1824} INFO - Sync 1 DAGs
[2021-10-13 04:54:57,371] {logging_mixin.py:104} INFO - [2021-10-13 04:54:57,371] {dag.py:2280} INFO - Setting next_dagrun for example_short_circuit_operator to 2021-10-11 00:00:00+00:00
[2021-10-13 04:54:57,389] {scheduler_job.py:190} INFO - Processing /home/airflow/.local/lib/python3.6/site-packages/airflow/example_dags/example_short_circuit_operator.py took 0.098 seconds
[2021-10-13 04:55:27,580] {scheduler_job.py:182} INFO - Started process (PID=310) to work on /home/airflow/.local/lib/python3.6/site-packages/airflow/example_dags/example_short_circuit_operator.py
[2021-10-13 04:55:27,583] {scheduler_job.py:629} INFO - Processing file /home/airflow/.local/lib/python3.6/site-packages/airflow/example_dags/example_short_circuit_operator.py for tasks to queue
[2021-10-13 04:55:27,585] {logging_mixin.py:104} INFO - [2021-10-13 04:55:27,585] {dagbag.py:451} INFO - Filling up the DagBag from /home/airflow/.local/lib/python3.6/site-packages/airflow/example_dags/example_short_circuit_operator.py
[2021-10-13 04:55:27,615] {scheduler_job.py:639} INFO - DAG(s) dict_keys(['example_short_circuit_operator']) retrieved from /home/airflow/.local/lib/python3.6/site-packages/airflow/example_dags/example_short_circuit_operator.py
[2021-10-13 04:55:27,662] {logging_mixin.py:104} INFO - [2021-10-13 04:55:27,662] {dag.py:1824} INFO - Sync 1 DAGs
[2021-10-13 04:55:27,681] {logging_mixin.py:104} INFO - [2021-10-13 04:55:27,681] {dag.py:2280} INFO - Setting next_dagrun for example_short_circuit_operator to 2021-10-11 00:00:00+00:00
[2021-10-13 04:55:27,695] {scheduler_job.py:190} INFO - Processing /home/airflow/.local/lib/python3.6/site-packages/airflow/example_dags/example_short_circuit_operator.py took 0.122 seconds
[2021-10-13 04:55:57,756] {scheduler_job.py:182} INFO - Started process (PID=344) to work on /home/airflow/.local/lib/python3.6/site-packages/airflow/example_dags/example_short_circuit_operator.py
[2021-10-13 04:55:57,757] {scheduler_job.py:629} INFO - Processing file /home/airflow/.local/lib/python3.6/site-packages/airflow/example_dags/example_short_circuit_operator.py for tasks to queue
[2021-10-13 04:55:57,758] {logging_mixin.py:104} INFO - [2021-10-13 04:55:57,757] {dagbag.py:451} INFO - Filling up the DagBag from /home/airflow/.local/lib/python3.6/site-packages/airflow/example_dags/example_short_circuit_operator.py
[2021-10-13 04:55:57,773] {scheduler_job.py:639} INFO - DAG(s) dict_keys(['example_short_circuit_operator']) retrieved from /home/airflow/.local/lib/python3.6/site-packages/airflow/example_dags/example_short_circuit_operator.py
[2021-10-13 04:55:57,794] {logging_mixin.py:104} INFO - [2021-10-13 04:55:57,794] {dag.py:1824} INFO - Sync 1 DAGs
[2021-10-13 04:55:57,812] {logging_mixin.py:104} INFO - [2021-10-13 04:55:57,812] {dag.py:2280} INFO - Setting next_dagrun for example_short_circuit_operator to 2021-10-11 00:00:00+00:00
[2021-10-13 04:55:57,826] {scheduler_job.py:190} INFO - Processing /home/airflow/.local/lib/python3.6/site-packages/airflow/example_dags/example_short_circuit_operator.py took 0.073 seconds
[2021-10-13 04:56:28,275] {scheduler_job.py:182} INFO - Started process (PID=379) to work on /home/airflow/.local/lib/python3.6/site-packages/airflow/example_dags/example_short_circuit_operator.py
[2021-10-13 04:56:28,278] {scheduler_job.py:629} INFO - Processing file /home/airflow/.local/lib/python3.6/site-packages/airflow/example_dags/example_short_circuit_operator.py for tasks to queue
[2021-10-13 04:56:28,279] {logging_mixin.py:104} INFO - [2021-10-13 04:56:28,279] {dagbag.py:451} INFO - Filling up the DagBag from /home/airflow/.local/lib/python3.6/site-packages/airflow/example_dags/example_short_circuit_operator.py
[2021-10-13 04:56:28,299] {scheduler_job.py:639} INFO - DAG(s) dict_keys(['example_short_circuit_operator']) retrieved from /home/airflow/.local/lib/python3.6/site-packages/airflow/example_dags/example_short_circuit_operator.py
[2021-10-13 04:56:28,322] {logging_mixin.py:104} INFO - [2021-10-13 04:56:28,322] {dag.py:1824} INFO - Sync 1 DAGs
[2021-10-13 04:56:28,337] {logging_mixin.py:104} INFO - [2021-10-13 04:56:28,337] {dag.py:2280} INFO - Setting next_dagrun for example_short_circuit_operator to 2021-10-11 00:00:00+00:00
[2021-10-13 04:56:28,350] {scheduler_job.py:190} INFO - Processing /home/airflow/.local/lib/python3.6/site-packages/airflow/example_dags/example_short_circuit_operator.py took 0.082 seconds
[2021-10-13 04:56:58,643] {scheduler_job.py:182} INFO - Started process (PID=412) to work on /home/airflow/.local/lib/python3.6/site-packages/airflow/example_dags/example_short_circuit_operator.py
[2021-10-13 04:56:58,645] {scheduler_job.py:629} INFO - Processing file /home/airflow/.local/lib/python3.6/site-packages/airflow/example_dags/example_short_circuit_operator.py for tasks to queue
[2021-10-13 04:56:58,646] {logging_mixin.py:104} INFO - [2021-10-13 04:56:58,646] {dagbag.py:451} INFO - Filling up the DagBag from /home/airflow/.local/lib/python3.6/site-packages/airflow/example_dags/example_short_circuit_operator.py
[2021-10-13 04:56:58,663] {scheduler_job.py:639} INFO - DAG(s) dict_keys(['example_short_circuit_operator']) retrieved from /home/airflow/.local/lib/python3.6/site-packages/airflow/example_dags/example_short_circuit_operator.py
[2021-10-13 04:56:58,690] {logging_mixin.py:104} INFO - [2021-10-13 04:56:58,690] {dag.py:1824} INFO - Sync 1 DAGs
[2021-10-13 04:56:58,709] {logging_mixin.py:104} INFO - [2021-10-13 04:56:58,709] {dag.py:2280} INFO - Setting next_dagrun for example_short_circuit_operator to 2021-10-11 00:00:00+00:00
[2021-10-13 04:56:58,723] {scheduler_job.py:190} INFO - Processing /home/airflow/.local/lib/python3.6/site-packages/airflow/example_dags/example_short_circuit_operator.py took 0.084 seconds
[2021-10-13 04:57:29,146] {scheduler_job.py:182} INFO - Started process (PID=447) to work on /home/airflow/.local/lib/python3.6/site-packages/airflow/example_dags/example_short_circuit_operator.py
[2021-10-13 04:57:29,148] {scheduler_job.py:629} INFO - Processing file /home/airflow/.local/lib/python3.6/site-packages/airflow/example_dags/example_short_circuit_operator.py for tasks to queue
[2021-10-13 04:57:29,149] {logging_mixin.py:104} INFO - [2021-10-13 04:57:29,149] {dagbag.py:451} INFO - Filling up the DagBag from /home/airflow/.local/lib/python3.6/site-packages/airflow/example_dags/example_short_circuit_operator.py
[2021-10-13 04:57:29,171] {scheduler_job.py:639} INFO - DAG(s) dict_keys(['example_short_circuit_operator']) retrieved from /home/airflow/.local/lib/python3.6/site-packages/airflow/example_dags/example_short_circuit_operator.py
[2021-10-13 04:57:29,199] {logging_mixin.py:104} INFO - [2021-10-13 04:57:29,199] {dag.py:1824} INFO - Sync 1 DAGs
[2021-10-13 04:57:29,218] {logging_mixin.py:104} INFO - [2021-10-13 04:57:29,218] {dag.py:2280} INFO - Setting next_dagrun for example_short_circuit_operator to 2021-10-11 00:00:00+00:00
[2021-10-13 04:57:29,236] {scheduler_job.py:190} INFO - Processing /home/airflow/.local/lib/python3.6/site-packages/airflow/example_dags/example_short_circuit_operator.py took 0.096 seconds
[2021-10-13 04:57:59,388] {scheduler_job.py:182} INFO - Started process (PID=480) to work on /home/airflow/.local/lib/python3.6/site-packages/airflow/example_dags/example_short_circuit_operator.py
[2021-10-13 04:57:59,390] {scheduler_job.py:629} INFO - Processing file /home/airflow/.local/lib/python3.6/site-packages/airflow/example_dags/example_short_circuit_operator.py for tasks to queue
[2021-10-13 04:57:59,392] {logging_mixin.py:104} INFO - [2021-10-13 04:57:59,392] {dagbag.py:451} INFO - Filling up the DagBag from /home/airflow/.local/lib/python3.6/site-packages/airflow/example_dags/example_short_circuit_operator.py
[2021-10-13 04:57:59,410] {scheduler_job.py:639} INFO - DAG(s) dict_keys(['example_short_circuit_operator']) retrieved from /home/airflow/.local/lib/python3.6/site-packages/airflow/example_dags/example_short_circuit_operator.py
[2021-10-13 04:57:59,436] {logging_mixin.py:104} INFO - [2021-10-13 04:57:59,436] {dag.py:1824} INFO - Sync 1 DAGs
[2021-10-13 04:57:59,455] {logging_mixin.py:104} INFO - [2021-10-13 04:57:59,455] {dag.py:2280} INFO - Setting next_dagrun for example_short_circuit_operator to 2021-10-11 00:00:00+00:00
[2021-10-13 04:57:59,472] {scheduler_job.py:190} INFO - Processing /home/airflow/.local/lib/python3.6/site-packages/airflow/example_dags/example_short_circuit_operator.py took 0.088 seconds
[2021-10-13 04:58:29,765] {scheduler_job.py:182} INFO - Started process (PID=514) to work on /home/airflow/.local/lib/python3.6/site-packages/airflow/example_dags/example_short_circuit_operator.py
[2021-10-13 04:58:29,772] {scheduler_job.py:629} INFO - Processing file /home/airflow/.local/lib/python3.6/site-packages/airflow/example_dags/example_short_circuit_operator.py for tasks to queue
[2021-10-13 04:58:29,773] {logging_mixin.py:104} INFO - [2021-10-13 04:58:29,773] {dagbag.py:451} INFO - Filling up the DagBag from /home/airflow/.local/lib/python3.6/site-packages/airflow/example_dags/example_short_circuit_operator.py
[2021-10-13 04:58:29,787] {scheduler_job.py:639} INFO - DAG(s) dict_keys(['example_short_circuit_operator']) retrieved from /home/airflow/.local/lib/python3.6/site-packages/airflow/example_dags/example_short_circuit_operator.py
[2021-10-13 04:58:29,813] {logging_mixin.py:104} INFO - [2021-10-13 04:58:29,813] {dag.py:1824} INFO - Sync 1 DAGs
[2021-10-13 04:58:29,831] {logging_mixin.py:104} INFO - [2021-10-13 04:58:29,830] {dag.py:2280} INFO - Setting next_dagrun for example_short_circuit_operator to 2021-10-11 00:00:00+00:00
[2021-10-13 04:58:29,847] {scheduler_job.py:190} INFO - Processing /home/airflow/.local/lib/python3.6/site-packages/airflow/example_dags/example_short_circuit_operator.py took 0.085 seconds
[2021-10-13 04:58:59,913] {scheduler_job.py:182} INFO - Started process (PID=547) to work on /home/airflow/.local/lib/python3.6/site-packages/airflow/example_dags/example_short_circuit_operator.py
[2021-10-13 04:58:59,915] {scheduler_job.py:629} INFO - Processing file /home/airflow/.local/lib/python3.6/site-packages/airflow/example_dags/example_short_circuit_operator.py for tasks to queue
[2021-10-13 04:58:59,916] {logging_mixin.py:104} INFO - [2021-10-13 04:58:59,916] {dagbag.py:451} INFO - Filling up the DagBag from /home/airflow/.local/lib/python3.6/site-packages/airflow/example_dags/example_short_circuit_operator.py
[2021-10-13 04:58:59,930] {scheduler_job.py:639} INFO - DAG(s) dict_keys(['example_short_circuit_operator']) retrieved from /home/airflow/.local/lib/python3.6/site-packages/airflow/example_dags/example_short_circuit_operator.py
[2021-10-13 04:58:59,952] {logging_mixin.py:104} INFO - [2021-10-13 04:58:59,951] {dag.py:1824} INFO - Sync 1 DAGs
[2021-10-13 04:58:59,969] {logging_mixin.py:104} INFO - [2021-10-13 04:58:59,969] {dag.py:2280} INFO - Setting next_dagrun for example_short_circuit_operator to 2021-10-11 00:00:00+00:00
[2021-10-13 04:58:59,982] {scheduler_job.py:190} INFO - Processing /home/airflow/.local/lib/python3.6/site-packages/airflow/example_dags/example_short_circuit_operator.py took 0.072 seconds
[2021-10-13 04:59:30,520] {scheduler_job.py:182} INFO - Started process (PID=581) to work on /home/airflow/.local/lib/python3.6/site-packages/airflow/example_dags/example_short_circuit_operator.py
[2021-10-13 04:59:30,521] {scheduler_job.py:629} INFO - Processing file /home/airflow/.local/lib/python3.6/site-packages/airflow/example_dags/example_short_circuit_operator.py for tasks to queue
[2021-10-13 04:59:30,522] {logging_mixin.py:104} INFO - [2021-10-13 04:59:30,522] {dagbag.py:451} INFO - Filling up the DagBag from /home/airflow/.local/lib/python3.6/site-packages/airflow/example_dags/example_short_circuit_operator.py
[2021-10-13 04:59:30,535] {scheduler_job.py:639} INFO - DAG(s) dict_keys(['example_short_circuit_operator']) retrieved from /home/airflow/.local/lib/python3.6/site-packages/airflow/example_dags/example_short_circuit_operator.py
[2021-10-13 04:59:30,555] {logging_mixin.py:104} INFO - [2021-10-13 04:59:30,555] {dag.py:1824} INFO - Sync 1 DAGs
[2021-10-13 04:59:30,571] {logging_mixin.py:104} INFO - [2021-10-13 04:59:30,571] {dag.py:2280} INFO - Setting next_dagrun for example_short_circuit_operator to 2021-10-11 00:00:00+00:00
[2021-10-13 04:59:30,586] {scheduler_job.py:190} INFO - Processing /home/airflow/.local/lib/python3.6/site-packages/airflow/example_dags/example_short_circuit_operator.py took 0.070 seconds
[2021-10-13 05:00:00,827] {scheduler_job.py:182} INFO - Started process (PID=619) to work on /home/airflow/.local/lib/python3.6/site-packages/airflow/example_dags/example_short_circuit_operator.py
[2021-10-13 05:00:00,828] {scheduler_job.py:629} INFO - Processing file /home/airflow/.local/lib/python3.6/site-packages/airflow/example_dags/example_short_circuit_operator.py for tasks to queue
[2021-10-13 05:00:00,829] {logging_mixin.py:104} INFO - [2021-10-13 05:00:00,829] {dagbag.py:451} INFO - Filling up the DagBag from /home/airflow/.local/lib/python3.6/site-packages/airflow/example_dags/example_short_circuit_operator.py
[2021-10-13 05:00:00,842] {scheduler_job.py:639} INFO - DAG(s) dict_keys(['example_short_circuit_operator']) retrieved from /home/airflow/.local/lib/python3.6/site-packages/airflow/example_dags/example_short_circuit_operator.py
[2021-10-13 05:00:00,866] {logging_mixin.py:104} INFO - [2021-10-13 05:00:00,866] {dag.py:1824} INFO - Sync 1 DAGs
[2021-10-13 05:00:00,883] {logging_mixin.py:104} INFO - [2021-10-13 05:00:00,883] {dag.py:2280} INFO - Setting next_dagrun for example_short_circuit_operator to 2021-10-11 00:00:00+00:00
[2021-10-13 05:00:00,898] {scheduler_job.py:190} INFO - Processing /home/airflow/.local/lib/python3.6/site-packages/airflow/example_dags/example_short_circuit_operator.py took 0.074 seconds
[2021-10-13 05:00:31,324] {scheduler_job.py:182} INFO - Started process (PID=652) to work on /home/airflow/.local/lib/python3.6/site-packages/airflow/example_dags/example_short_circuit_operator.py
[2021-10-13 05:00:31,325] {scheduler_job.py:629} INFO - Processing file /home/airflow/.local/lib/python3.6/site-packages/airflow/example_dags/example_short_circuit_operator.py for tasks to queue
[2021-10-13 05:00:31,327] {logging_mixin.py:104} INFO - [2021-10-13 05:00:31,327] {dagbag.py:451} INFO - Filling up the DagBag from /home/airflow/.local/lib/python3.6/site-packages/airflow/example_dags/example_short_circuit_operator.py
[2021-10-13 05:00:31,345] {scheduler_job.py:639} INFO - DAG(s) dict_keys(['example_short_circuit_operator']) retrieved from /home/airflow/.local/lib/python3.6/site-packages/airflow/example_dags/example_short_circuit_operator.py
[2021-10-13 05:00:31,366] {logging_mixin.py:104} INFO - [2021-10-13 05:00:31,366] {dag.py:1824} INFO - Sync 1 DAGs
[2021-10-13 05:00:31,385] {logging_mixin.py:104} INFO - [2021-10-13 05:00:31,385] {dag.py:2280} INFO - Setting next_dagrun for example_short_circuit_operator to 2021-10-11 00:00:00+00:00
[2021-10-13 05:00:31,399] {scheduler_job.py:190} INFO - Processing /home/airflow/.local/lib/python3.6/site-packages/airflow/example_dags/example_short_circuit_operator.py took 0.078 seconds
[2021-10-13 05:01:01,948] {scheduler_job.py:182} INFO - Started process (PID=674) to work on /home/airflow/.local/lib/python3.6/site-packages/airflow/example_dags/example_short_circuit_operator.py
[2021-10-13 05:01:01,949] {scheduler_job.py:629} INFO - Processing file /home/airflow/.local/lib/python3.6/site-packages/airflow/example_dags/example_short_circuit_operator.py for tasks to queue
[2021-10-13 05:01:01,951] {logging_mixin.py:104} INFO - [2021-10-13 05:01:01,950] {dagbag.py:451} INFO - Filling up the DagBag from /home/airflow/.local/lib/python3.6/site-packages/airflow/example_dags/example_short_circuit_operator.py
[2021-10-13 05:01:01,964] {scheduler_job.py:639} INFO - DAG(s) dict_keys(['example_short_circuit_operator']) retrieved from /home/airflow/.local/lib/python3.6/site-packages/airflow/example_dags/example_short_circuit_operator.py
[2021-10-13 05:01:01,985] {logging_mixin.py:104} INFO - [2021-10-13 05:01:01,985] {dag.py:1824} INFO - Sync 1 DAGs
[2021-10-13 05:01:02,004] {logging_mixin.py:104} INFO - [2021-10-13 05:01:02,004] {dag.py:2280} INFO - Setting next_dagrun for example_short_circuit_operator to 2021-10-11 00:00:00+00:00
[2021-10-13 05:01:02,016] {scheduler_job.py:190} INFO - Processing /home/airflow/.local/lib/python3.6/site-packages/airflow/example_dags/example_short_circuit_operator.py took 0.073 seconds
[2021-10-13 05:01:32,077] {scheduler_job.py:182} INFO - Started process (PID=710) to work on /home/airflow/.local/lib/python3.6/site-packages/airflow/example_dags/example_short_circuit_operator.py
[2021-10-13 05:01:32,082] {scheduler_job.py:629} INFO - Processing file /home/airflow/.local/lib/python3.6/site-packages/airflow/example_dags/example_short_circuit_operator.py for tasks to queue
[2021-10-13 05:01:32,084] {logging_mixin.py:104} INFO - [2021-10-13 05:01:32,084] {dagbag.py:451} INFO - Filling up the DagBag from /home/airflow/.local/lib/python3.6/site-packages/airflow/example_dags/example_short_circuit_operator.py
[2021-10-13 05:01:32,127] {scheduler_job.py:639} INFO - DAG(s) dict_keys(['example_short_circuit_operator']) retrieved from /home/airflow/.local/lib/python3.6/site-packages/airflow/example_dags/example_short_circuit_operator.py
[2021-10-13 05:01:32,167] {logging_mixin.py:104} INFO - [2021-10-13 05:01:32,167] {dag.py:1824} INFO - Sync 1 DAGs
[2021-10-13 05:01:32,189] {logging_mixin.py:104} INFO - [2021-10-13 05:01:32,189] {dag.py:2280} INFO - Setting next_dagrun for example_short_circuit_operator to 2021-10-11 00:00:00+00:00
[2021-10-13 05:01:32,204] {scheduler_job.py:190} INFO - Processing /home/airflow/.local/lib/python3.6/site-packages/airflow/example_dags/example_short_circuit_operator.py took 0.135 seconds
[2021-10-13 05:02:02,351] {scheduler_job.py:182} INFO - Started process (PID=743) to work on /home/airflow/.local/lib/python3.6/site-packages/airflow/example_dags/example_short_circuit_operator.py
[2021-10-13 05:02:02,355] {scheduler_job.py:629} INFO - Processing file /home/airflow/.local/lib/python3.6/site-packages/airflow/example_dags/example_short_circuit_operator.py for tasks to queue
[2021-10-13 05:02:02,356] {logging_mixin.py:104} INFO - [2021-10-13 05:02:02,356] {dagbag.py:451} INFO - Filling up the DagBag from /home/airflow/.local/lib/python3.6/site-packages/airflow/example_dags/example_short_circuit_operator.py
[2021-10-13 05:02:02,399] {scheduler_job.py:639} INFO - DAG(s) dict_keys(['example_short_circuit_operator']) retrieved from /home/airflow/.local/lib/python3.6/site-packages/airflow/example_dags/example_short_circuit_operator.py
[2021-10-13 05:02:02,441] {logging_mixin.py:104} INFO - [2021-10-13 05:02:02,441] {dag.py:1824} INFO - Sync 1 DAGs
[2021-10-13 05:02:02,459] {logging_mixin.py:104} INFO - [2021-10-13 05:02:02,458] {dag.py:2280} INFO - Setting next_dagrun for example_short_circuit_operator to 2021-10-11 00:00:00+00:00
[2021-10-13 05:02:02,473] {scheduler_job.py:190} INFO - Processing /home/airflow/.local/lib/python3.6/site-packages/airflow/example_dags/example_short_circuit_operator.py took 0.134 seconds
[2021-10-13 05:02:32,575] {scheduler_job.py:182} INFO - Started process (PID=776) to work on /home/airflow/.local/lib/python3.6/site-packages/airflow/example_dags/example_short_circuit_operator.py
[2021-10-13 05:02:32,580] {scheduler_job.py:629} INFO - Processing file /home/airflow/.local/lib/python3.6/site-packages/airflow/example_dags/example_short_circuit_operator.py for tasks to queue
[2021-10-13 05:02:32,583] {logging_mixin.py:104} INFO - [2021-10-13 05:02:32,583] {dagbag.py:451} INFO - Filling up the DagBag from /home/airflow/.local/lib/python3.6/site-packages/airflow/example_dags/example_short_circuit_operator.py
[2021-10-13 05:02:32,622] {scheduler_job.py:639} INFO - DAG(s) dict_keys(['example_short_circuit_operator']) retrieved from /home/airflow/.local/lib/python3.6/site-packages/airflow/example_dags/example_short_circuit_operator.py
[2021-10-13 05:02:32,646] {logging_mixin.py:104} INFO - [2021-10-13 05:02:32,646] {dag.py:1824} INFO - Sync 1 DAGs
[2021-10-13 05:02:32,664] {logging_mixin.py:104} INFO - [2021-10-13 05:02:32,664] {dag.py:2280} INFO - Setting next_dagrun for example_short_circuit_operator to 2021-10-11 00:00:00+00:00
[2021-10-13 05:02:32,678] {scheduler_job.py:190} INFO - Processing /home/airflow/.local/lib/python3.6/site-packages/airflow/example_dags/example_short_circuit_operator.py took 0.115 seconds
[2021-10-13 05:03:03,502] {scheduler_job.py:182} INFO - Started process (PID=812) to work on /home/airflow/.local/lib/python3.6/site-packages/airflow/example_dags/example_short_circuit_operator.py
[2021-10-13 05:03:03,503] {scheduler_job.py:629} INFO - Processing file /home/airflow/.local/lib/python3.6/site-packages/airflow/example_dags/example_short_circuit_operator.py for tasks to queue
[2021-10-13 05:03:03,504] {logging_mixin.py:104} INFO - [2021-10-13 05:03:03,504] {dagbag.py:451} INFO - Filling up the DagBag from /home/airflow/.local/lib/python3.6/site-packages/airflow/example_dags/example_short_circuit_operator.py
[2021-10-13 05:03:03,517] {scheduler_job.py:639} INFO - DAG(s) dict_keys(['example_short_circuit_operator']) retrieved from /home/airflow/.local/lib/python3.6/site-packages/airflow/example_dags/example_short_circuit_operator.py
[2021-10-13 05:03:03,542] {logging_mixin.py:104} INFO - [2021-10-13 05:03:03,542] {dag.py:1824} INFO - Sync 1 DAGs
[2021-10-13 05:03:03,561] {logging_mixin.py:104} INFO - [2021-10-13 05:03:03,561] {dag.py:2280} INFO - Setting next_dagrun for example_short_circuit_operator to 2021-10-11 00:00:00+00:00
[2021-10-13 05:03:03,580] {scheduler_job.py:190} INFO - Processing /home/airflow/.local/lib/python3.6/site-packages/airflow/example_dags/example_short_circuit_operator.py took 0.081 seconds
[2021-10-13 05:03:34,273] {scheduler_job.py:182} INFO - Started process (PID=847) to work on /home/airflow/.local/lib/python3.6/site-packages/airflow/example_dags/example_short_circuit_operator.py
[2021-10-13 05:03:34,276] {scheduler_job.py:629} INFO - Processing file /home/airflow/.local/lib/python3.6/site-packages/airflow/example_dags/example_short_circuit_operator.py for tasks to queue
[2021-10-13 05:03:34,277] {logging_mixin.py:104} INFO - [2021-10-13 05:03:34,276] {dagbag.py:451} INFO - Filling up the DagBag from /home/airflow/.local/lib/python3.6/site-packages/airflow/example_dags/example_short_circuit_operator.py
[2021-10-13 05:03:34,290] {scheduler_job.py:639} INFO - DAG(s) dict_keys(['example_short_circuit_operator']) retrieved from /home/airflow/.local/lib/python3.6/site-packages/airflow/example_dags/example_short_circuit_operator.py
[2021-10-13 05:03:34,312] {logging_mixin.py:104} INFO - [2021-10-13 05:03:34,312] {dag.py:1824} INFO - Sync 1 DAGs
[2021-10-13 05:03:34,331] {logging_mixin.py:104} INFO - [2021-10-13 05:03:34,331] {dag.py:2280} INFO - Setting next_dagrun for example_short_circuit_operator to 2021-10-11 00:00:00+00:00
[2021-10-13 05:03:34,345] {scheduler_job.py:190} INFO - Processing /home/airflow/.local/lib/python3.6/site-packages/airflow/example_dags/example_short_circuit_operator.py took 0.076 seconds
[2021-10-13 05:04:04,731] {scheduler_job.py:182} INFO - Started process (PID=879) to work on /home/airflow/.local/lib/python3.6/site-packages/airflow/example_dags/example_short_circuit_operator.py
[2021-10-13 05:04:04,732] {scheduler_job.py:629} INFO - Processing file /home/airflow/.local/lib/python3.6/site-packages/airflow/example_dags/example_short_circuit_operator.py for tasks to queue
[2021-10-13 05:04:04,733] {logging_mixin.py:104} INFO - [2021-10-13 05:04:04,733] {dagbag.py:451} INFO - Filling up the DagBag from /home/airflow/.local/lib/python3.6/site-packages/airflow/example_dags/example_short_circuit_operator.py
[2021-10-13 05:04:04,746] {scheduler_job.py:639} INFO - DAG(s) dict_keys(['example_short_circuit_operator']) retrieved from /home/airflow/.local/lib/python3.6/site-packages/airflow/example_dags/example_short_circuit_operator.py
[2021-10-13 05:04:04,767] {logging_mixin.py:104} INFO - [2021-10-13 05:04:04,767] {dag.py:1824} INFO - Sync 1 DAGs
[2021-10-13 05:04:04,784] {logging_mixin.py:104} INFO - [2021-10-13 05:04:04,784] {dag.py:2280} INFO - Setting next_dagrun for example_short_circuit_operator to 2021-10-11 00:00:00+00:00
[2021-10-13 05:04:04,796] {scheduler_job.py:190} INFO - Processing /home/airflow/.local/lib/python3.6/site-packages/airflow/example_dags/example_short_circuit_operator.py took 0.069 seconds
[2021-10-13 05:04:35,859] {scheduler_job.py:182} INFO - Started process (PID=915) to work on /home/airflow/.local/lib/python3.6/site-packages/airflow/example_dags/example_short_circuit_operator.py
[2021-10-13 05:04:35,860] {scheduler_job.py:629} INFO - Processing file /home/airflow/.local/lib/python3.6/site-packages/airflow/example_dags/example_short_circuit_operator.py for tasks to queue
[2021-10-13 05:04:35,861] {logging_mixin.py:104} INFO - [2021-10-13 05:04:35,861] {dagbag.py:451} INFO - Filling up the DagBag from /home/airflow/.local/lib/python3.6/site-packages/airflow/example_dags/example_short_circuit_operator.py
[2021-10-13 05:04:35,874] {scheduler_job.py:639} INFO - DAG(s) dict_keys(['example_short_circuit_operator']) retrieved from /home/airflow/.local/lib/python3.6/site-packages/airflow/example_dags/example_short_circuit_operator.py
[2021-10-13 05:04:35,897] {logging_mixin.py:104} INFO - [2021-10-13 05:04:35,897] {dag.py:1824} INFO - Sync 1 DAGs
[2021-10-13 05:04:35,914] {logging_mixin.py:104} INFO - [2021-10-13 05:04:35,914] {dag.py:2280} INFO - Setting next_dagrun for example_short_circuit_operator to 2021-10-11 00:00:00+00:00
[2021-10-13 05:04:35,928] {scheduler_job.py:190} INFO - Processing /home/airflow/.local/lib/python3.6/site-packages/airflow/example_dags/example_short_circuit_operator.py took 0.073 seconds
[2021-10-13 05:05:06,185] {scheduler_job.py:182} INFO - Started process (PID=947) to work on /home/airflow/.local/lib/python3.6/site-packages/airflow/example_dags/example_short_circuit_operator.py
[2021-10-13 05:05:06,186] {scheduler_job.py:629} INFO - Processing file /home/airflow/.local/lib/python3.6/site-packages/airflow/example_dags/example_short_circuit_operator.py for tasks to queue
[2021-10-13 05:05:06,187] {logging_mixin.py:104} INFO - [2021-10-13 05:05:06,187] {dagbag.py:451} INFO - Filling up the DagBag from /home/airflow/.local/lib/python3.6/site-packages/airflow/example_dags/example_short_circuit_operator.py
[2021-10-13 05:05:06,201] {scheduler_job.py:639} INFO - DAG(s) dict_keys(['example_short_circuit_operator']) retrieved from /home/airflow/.local/lib/python3.6/site-packages/airflow/example_dags/example_short_circuit_operator.py
[2021-10-13 05:05:06,225] {logging_mixin.py:104} INFO - [2021-10-13 05:05:06,225] {dag.py:1824} INFO - Sync 1 DAGs
[2021-10-13 05:05:06,242] {logging_mixin.py:104} INFO - [2021-10-13 05:05:06,242] {dag.py:2280} INFO - Setting next_dagrun for example_short_circuit_operator to 2021-10-11 00:00:00+00:00
[2021-10-13 05:05:06,256] {scheduler_job.py:190} INFO - Processing /home/airflow/.local/lib/python3.6/site-packages/airflow/example_dags/example_short_circuit_operator.py took 0.075 seconds
[2021-10-13 05:05:36,626] {scheduler_job.py:182} INFO - Started process (PID=980) to work on /home/airflow/.local/lib/python3.6/site-packages/airflow/example_dags/example_short_circuit_operator.py
[2021-10-13 05:05:36,627] {scheduler_job.py:629} INFO - Processing file /home/airflow/.local/lib/python3.6/site-packages/airflow/example_dags/example_short_circuit_operator.py for tasks to queue
[2021-10-13 05:05:36,628] {logging_mixin.py:104} INFO - [2021-10-13 05:05:36,628] {dagbag.py:451} INFO - Filling up the DagBag from /home/airflow/.local/lib/python3.6/site-packages/airflow/example_dags/example_short_circuit_operator.py
[2021-10-13 05:05:36,642] {scheduler_job.py:639} INFO - DAG(s) dict_keys(['example_short_circuit_operator']) retrieved from /home/airflow/.local/lib/python3.6/site-packages/airflow/example_dags/example_short_circuit_operator.py
[2021-10-13 05:05:36,664] {logging_mixin.py:104} INFO - [2021-10-13 05:05:36,664] {dag.py:1824} INFO - Sync 1 DAGs
[2021-10-13 05:05:36,684] {logging_mixin.py:104} INFO - [2021-10-13 05:05:36,684] {dag.py:2280} INFO - Setting next_dagrun for example_short_circuit_operator to 2021-10-11 00:00:00+00:00
[2021-10-13 05:05:36,700] {scheduler_job.py:190} INFO - Processing /home/airflow/.local/lib/python3.6/site-packages/airflow/example_dags/example_short_circuit_operator.py took 0.077 seconds
