[2021-10-13 04:51:23,458] {scheduler_job.py:182} INFO - Started process (PID=38) to work on /home/airflow/.local/lib/python3.6/site-packages/airflow/example_dags/example_branch_operator.py
[2021-10-13 04:51:23,460] {scheduler_job.py:629} INFO - Processing file /home/airflow/.local/lib/python3.6/site-packages/airflow/example_dags/example_branch_operator.py for tasks to queue
[2021-10-13 04:51:23,462] {logging_mixin.py:104} INFO - [2021-10-13 04:51:23,462] {dagbag.py:451} INFO - Filling up the DagBag from /home/airflow/.local/lib/python3.6/site-packages/airflow/example_dags/example_branch_operator.py
[2021-10-13 04:51:23,486] {scheduler_job.py:639} INFO - DAG(s) dict_keys(['example_branch_operator']) retrieved from /home/airflow/.local/lib/python3.6/site-packages/airflow/example_dags/example_branch_operator.py
[2021-10-13 04:51:23,519] {logging_mixin.py:104} INFO - [2021-10-13 04:51:23,518] {dag.py:1824} INFO - Sync 1 DAGs
[2021-10-13 04:51:23,569] {logging_mixin.py:104} INFO - [2021-10-13 04:51:23,569] {dag.py:2280} INFO - Setting next_dagrun for example_branch_operator to 2021-10-11 00:00:00+00:00
[2021-10-13 04:51:23,588] {scheduler_job.py:190} INFO - Processing /home/airflow/.local/lib/python3.6/site-packages/airflow/example_dags/example_branch_operator.py took 0.133 seconds
[2021-10-13 04:51:53,755] {scheduler_job.py:182} INFO - Started process (PID=65) to work on /home/airflow/.local/lib/python3.6/site-packages/airflow/example_dags/example_branch_operator.py
[2021-10-13 04:51:53,758] {scheduler_job.py:629} INFO - Processing file /home/airflow/.local/lib/python3.6/site-packages/airflow/example_dags/example_branch_operator.py for tasks to queue
[2021-10-13 04:51:53,762] {logging_mixin.py:104} INFO - [2021-10-13 04:51:53,760] {dagbag.py:451} INFO - Filling up the DagBag from /home/airflow/.local/lib/python3.6/site-packages/airflow/example_dags/example_branch_operator.py
[2021-10-13 04:51:53,812] {scheduler_job.py:639} INFO - DAG(s) dict_keys(['example_branch_operator']) retrieved from /home/airflow/.local/lib/python3.6/site-packages/airflow/example_dags/example_branch_operator.py
[2021-10-13 04:51:53,892] {logging_mixin.py:104} INFO - [2021-10-13 04:51:53,892] {dag.py:1824} INFO - Sync 1 DAGs
[2021-10-13 04:51:53,923] {logging_mixin.py:104} INFO - [2021-10-13 04:51:53,923] {dag.py:2280} INFO - Setting next_dagrun for example_branch_operator to 2021-10-11 00:00:00+00:00
[2021-10-13 04:51:53,938] {scheduler_job.py:190} INFO - Processing /home/airflow/.local/lib/python3.6/site-packages/airflow/example_dags/example_branch_operator.py took 0.189 seconds
[2021-10-13 04:52:24,775] {scheduler_job.py:182} INFO - Started process (PID=98) to work on /home/airflow/.local/lib/python3.6/site-packages/airflow/example_dags/example_branch_operator.py
[2021-10-13 04:52:24,778] {scheduler_job.py:629} INFO - Processing file /home/airflow/.local/lib/python3.6/site-packages/airflow/example_dags/example_branch_operator.py for tasks to queue
[2021-10-13 04:52:24,780] {logging_mixin.py:104} INFO - [2021-10-13 04:52:24,780] {dagbag.py:451} INFO - Filling up the DagBag from /home/airflow/.local/lib/python3.6/site-packages/airflow/example_dags/example_branch_operator.py
[2021-10-13 04:52:24,806] {scheduler_job.py:639} INFO - DAG(s) dict_keys(['example_branch_operator']) retrieved from /home/airflow/.local/lib/python3.6/site-packages/airflow/example_dags/example_branch_operator.py
[2021-10-13 04:52:24,829] {logging_mixin.py:104} INFO - [2021-10-13 04:52:24,829] {dag.py:1824} INFO - Sync 1 DAGs
[2021-10-13 04:52:24,853] {logging_mixin.py:104} INFO - [2021-10-13 04:52:24,853] {dag.py:2280} INFO - Setting next_dagrun for example_branch_operator to 2021-10-11 00:00:00+00:00
[2021-10-13 04:52:24,867] {scheduler_job.py:190} INFO - Processing /home/airflow/.local/lib/python3.6/site-packages/airflow/example_dags/example_branch_operator.py took 0.099 seconds
[2021-10-13 04:52:54,950] {scheduler_job.py:182} INFO - Started process (PID=131) to work on /home/airflow/.local/lib/python3.6/site-packages/airflow/example_dags/example_branch_operator.py
[2021-10-13 04:52:54,953] {scheduler_job.py:629} INFO - Processing file /home/airflow/.local/lib/python3.6/site-packages/airflow/example_dags/example_branch_operator.py for tasks to queue
[2021-10-13 04:52:54,955] {logging_mixin.py:104} INFO - [2021-10-13 04:52:54,954] {dagbag.py:451} INFO - Filling up the DagBag from /home/airflow/.local/lib/python3.6/site-packages/airflow/example_dags/example_branch_operator.py
[2021-10-13 04:52:54,979] {scheduler_job.py:639} INFO - DAG(s) dict_keys(['example_branch_operator']) retrieved from /home/airflow/.local/lib/python3.6/site-packages/airflow/example_dags/example_branch_operator.py
[2021-10-13 04:52:55,008] {logging_mixin.py:104} INFO - [2021-10-13 04:52:55,008] {dag.py:1824} INFO - Sync 1 DAGs
[2021-10-13 04:52:55,030] {logging_mixin.py:104} INFO - [2021-10-13 04:52:55,029] {dag.py:2280} INFO - Setting next_dagrun for example_branch_operator to 2021-10-11 00:00:00+00:00
[2021-10-13 04:52:55,044] {scheduler_job.py:190} INFO - Processing /home/airflow/.local/lib/python3.6/site-packages/airflow/example_dags/example_branch_operator.py took 0.100 seconds
[2021-10-13 04:53:25,206] {scheduler_job.py:182} INFO - Started process (PID=164) to work on /home/airflow/.local/lib/python3.6/site-packages/airflow/example_dags/example_branch_operator.py
[2021-10-13 04:53:25,207] {scheduler_job.py:629} INFO - Processing file /home/airflow/.local/lib/python3.6/site-packages/airflow/example_dags/example_branch_operator.py for tasks to queue
[2021-10-13 04:53:25,208] {logging_mixin.py:104} INFO - [2021-10-13 04:53:25,208] {dagbag.py:451} INFO - Filling up the DagBag from /home/airflow/.local/lib/python3.6/site-packages/airflow/example_dags/example_branch_operator.py
[2021-10-13 04:53:25,227] {scheduler_job.py:639} INFO - DAG(s) dict_keys(['example_branch_operator']) retrieved from /home/airflow/.local/lib/python3.6/site-packages/airflow/example_dags/example_branch_operator.py
[2021-10-13 04:53:25,257] {logging_mixin.py:104} INFO - [2021-10-13 04:53:25,257] {dag.py:1824} INFO - Sync 1 DAGs
[2021-10-13 04:53:25,285] {logging_mixin.py:104} INFO - [2021-10-13 04:53:25,285] {dag.py:2280} INFO - Setting next_dagrun for example_branch_operator to 2021-10-11 00:00:00+00:00
[2021-10-13 04:53:25,302] {scheduler_job.py:190} INFO - Processing /home/airflow/.local/lib/python3.6/site-packages/airflow/example_dags/example_branch_operator.py took 0.099 seconds
[2021-10-13 04:53:55,627] {scheduler_job.py:182} INFO - Started process (PID=197) to work on /home/airflow/.local/lib/python3.6/site-packages/airflow/example_dags/example_branch_operator.py
[2021-10-13 04:53:55,631] {scheduler_job.py:629} INFO - Processing file /home/airflow/.local/lib/python3.6/site-packages/airflow/example_dags/example_branch_operator.py for tasks to queue
[2021-10-13 04:53:55,633] {logging_mixin.py:104} INFO - [2021-10-13 04:53:55,633] {dagbag.py:451} INFO - Filling up the DagBag from /home/airflow/.local/lib/python3.6/site-packages/airflow/example_dags/example_branch_operator.py
[2021-10-13 04:53:55,656] {scheduler_job.py:639} INFO - DAG(s) dict_keys(['example_branch_operator']) retrieved from /home/airflow/.local/lib/python3.6/site-packages/airflow/example_dags/example_branch_operator.py
[2021-10-13 04:53:55,681] {logging_mixin.py:104} INFO - [2021-10-13 04:53:55,681] {dag.py:1824} INFO - Sync 1 DAGs
[2021-10-13 04:53:55,702] {logging_mixin.py:104} INFO - [2021-10-13 04:53:55,702] {dag.py:2280} INFO - Setting next_dagrun for example_branch_operator to 2021-10-11 00:00:00+00:00
[2021-10-13 04:53:55,717] {scheduler_job.py:190} INFO - Processing /home/airflow/.local/lib/python3.6/site-packages/airflow/example_dags/example_branch_operator.py took 0.096 seconds
[2021-10-13 04:54:26,114] {scheduler_job.py:182} INFO - Started process (PID=235) to work on /home/airflow/.local/lib/python3.6/site-packages/airflow/example_dags/example_branch_operator.py
[2021-10-13 04:54:26,115] {scheduler_job.py:629} INFO - Processing file /home/airflow/.local/lib/python3.6/site-packages/airflow/example_dags/example_branch_operator.py for tasks to queue
[2021-10-13 04:54:26,116] {logging_mixin.py:104} INFO - [2021-10-13 04:54:26,116] {dagbag.py:451} INFO - Filling up the DagBag from /home/airflow/.local/lib/python3.6/site-packages/airflow/example_dags/example_branch_operator.py
[2021-10-13 04:54:26,140] {scheduler_job.py:639} INFO - DAG(s) dict_keys(['example_branch_operator']) retrieved from /home/airflow/.local/lib/python3.6/site-packages/airflow/example_dags/example_branch_operator.py
[2021-10-13 04:54:26,169] {logging_mixin.py:104} INFO - [2021-10-13 04:54:26,169] {dag.py:1824} INFO - Sync 1 DAGs
[2021-10-13 04:54:26,194] {logging_mixin.py:104} INFO - [2021-10-13 04:54:26,194] {dag.py:2280} INFO - Setting next_dagrun for example_branch_operator to 2021-10-11 00:00:00+00:00
[2021-10-13 04:54:26,211] {scheduler_job.py:190} INFO - Processing /home/airflow/.local/lib/python3.6/site-packages/airflow/example_dags/example_branch_operator.py took 0.100 seconds
[2021-10-13 04:54:56,747] {scheduler_job.py:182} INFO - Started process (PID=269) to work on /home/airflow/.local/lib/python3.6/site-packages/airflow/example_dags/example_branch_operator.py
[2021-10-13 04:54:56,750] {scheduler_job.py:629} INFO - Processing file /home/airflow/.local/lib/python3.6/site-packages/airflow/example_dags/example_branch_operator.py for tasks to queue
[2021-10-13 04:54:56,752] {logging_mixin.py:104} INFO - [2021-10-13 04:54:56,751] {dagbag.py:451} INFO - Filling up the DagBag from /home/airflow/.local/lib/python3.6/site-packages/airflow/example_dags/example_branch_operator.py
[2021-10-13 04:54:56,770] {scheduler_job.py:639} INFO - DAG(s) dict_keys(['example_branch_operator']) retrieved from /home/airflow/.local/lib/python3.6/site-packages/airflow/example_dags/example_branch_operator.py
[2021-10-13 04:54:56,795] {logging_mixin.py:104} INFO - [2021-10-13 04:54:56,795] {dag.py:1824} INFO - Sync 1 DAGs
[2021-10-13 04:54:56,816] {logging_mixin.py:104} INFO - [2021-10-13 04:54:56,816] {dag.py:2280} INFO - Setting next_dagrun for example_branch_operator to 2021-10-11 00:00:00+00:00
[2021-10-13 04:54:56,830] {scheduler_job.py:190} INFO - Processing /home/airflow/.local/lib/python3.6/site-packages/airflow/example_dags/example_branch_operator.py took 0.089 seconds
[2021-10-13 04:55:27,101] {scheduler_job.py:182} INFO - Started process (PID=302) to work on /home/airflow/.local/lib/python3.6/site-packages/airflow/example_dags/example_branch_operator.py
[2021-10-13 04:55:27,104] {scheduler_job.py:629} INFO - Processing file /home/airflow/.local/lib/python3.6/site-packages/airflow/example_dags/example_branch_operator.py for tasks to queue
[2021-10-13 04:55:27,106] {logging_mixin.py:104} INFO - [2021-10-13 04:55:27,106] {dagbag.py:451} INFO - Filling up the DagBag from /home/airflow/.local/lib/python3.6/site-packages/airflow/example_dags/example_branch_operator.py
[2021-10-13 04:55:27,138] {scheduler_job.py:639} INFO - DAG(s) dict_keys(['example_branch_operator']) retrieved from /home/airflow/.local/lib/python3.6/site-packages/airflow/example_dags/example_branch_operator.py
[2021-10-13 04:55:27,160] {logging_mixin.py:104} INFO - [2021-10-13 04:55:27,159] {dag.py:1824} INFO - Sync 1 DAGs
[2021-10-13 04:55:27,180] {logging_mixin.py:104} INFO - [2021-10-13 04:55:27,180] {dag.py:2280} INFO - Setting next_dagrun for example_branch_operator to 2021-10-11 00:00:00+00:00
[2021-10-13 04:55:27,195] {scheduler_job.py:190} INFO - Processing /home/airflow/.local/lib/python3.6/site-packages/airflow/example_dags/example_branch_operator.py took 0.101 seconds
[2021-10-13 04:55:57,293] {scheduler_job.py:182} INFO - Started process (PID=335) to work on /home/airflow/.local/lib/python3.6/site-packages/airflow/example_dags/example_branch_operator.py
[2021-10-13 04:55:57,295] {scheduler_job.py:629} INFO - Processing file /home/airflow/.local/lib/python3.6/site-packages/airflow/example_dags/example_branch_operator.py for tasks to queue
[2021-10-13 04:55:57,296] {logging_mixin.py:104} INFO - [2021-10-13 04:55:57,296] {dagbag.py:451} INFO - Filling up the DagBag from /home/airflow/.local/lib/python3.6/site-packages/airflow/example_dags/example_branch_operator.py
[2021-10-13 04:55:57,318] {scheduler_job.py:639} INFO - DAG(s) dict_keys(['example_branch_operator']) retrieved from /home/airflow/.local/lib/python3.6/site-packages/airflow/example_dags/example_branch_operator.py
[2021-10-13 04:55:57,345] {logging_mixin.py:104} INFO - [2021-10-13 04:55:57,345] {dag.py:1824} INFO - Sync 1 DAGs
[2021-10-13 04:55:57,368] {logging_mixin.py:104} INFO - [2021-10-13 04:55:57,368] {dag.py:2280} INFO - Setting next_dagrun for example_branch_operator to 2021-10-11 00:00:00+00:00
[2021-10-13 04:55:57,384] {scheduler_job.py:190} INFO - Processing /home/airflow/.local/lib/python3.6/site-packages/airflow/example_dags/example_branch_operator.py took 0.095 seconds
[2021-10-13 04:56:27,584] {scheduler_job.py:182} INFO - Started process (PID=368) to work on /home/airflow/.local/lib/python3.6/site-packages/airflow/example_dags/example_branch_operator.py
[2021-10-13 04:56:27,586] {scheduler_job.py:629} INFO - Processing file /home/airflow/.local/lib/python3.6/site-packages/airflow/example_dags/example_branch_operator.py for tasks to queue
[2021-10-13 04:56:27,587] {logging_mixin.py:104} INFO - [2021-10-13 04:56:27,587] {dagbag.py:451} INFO - Filling up the DagBag from /home/airflow/.local/lib/python3.6/site-packages/airflow/example_dags/example_branch_operator.py
[2021-10-13 04:56:27,621] {scheduler_job.py:639} INFO - DAG(s) dict_keys(['example_branch_operator']) retrieved from /home/airflow/.local/lib/python3.6/site-packages/airflow/example_dags/example_branch_operator.py
[2021-10-13 04:56:27,654] {logging_mixin.py:104} INFO - [2021-10-13 04:56:27,654] {dag.py:1824} INFO - Sync 1 DAGs
[2021-10-13 04:56:27,688] {logging_mixin.py:104} INFO - [2021-10-13 04:56:27,688] {dag.py:2280} INFO - Setting next_dagrun for example_branch_operator to 2021-10-11 00:00:00+00:00
[2021-10-13 04:56:27,705] {scheduler_job.py:190} INFO - Processing /home/airflow/.local/lib/python3.6/site-packages/airflow/example_dags/example_branch_operator.py took 0.128 seconds
[2021-10-13 04:56:57,996] {scheduler_job.py:182} INFO - Started process (PID=401) to work on /home/airflow/.local/lib/python3.6/site-packages/airflow/example_dags/example_branch_operator.py
[2021-10-13 04:56:58,002] {scheduler_job.py:629} INFO - Processing file /home/airflow/.local/lib/python3.6/site-packages/airflow/example_dags/example_branch_operator.py for tasks to queue
[2021-10-13 04:56:58,006] {logging_mixin.py:104} INFO - [2021-10-13 04:56:58,005] {dagbag.py:451} INFO - Filling up the DagBag from /home/airflow/.local/lib/python3.6/site-packages/airflow/example_dags/example_branch_operator.py
[2021-10-13 04:56:58,077] {scheduler_job.py:639} INFO - DAG(s) dict_keys(['example_branch_operator']) retrieved from /home/airflow/.local/lib/python3.6/site-packages/airflow/example_dags/example_branch_operator.py
[2021-10-13 04:56:58,104] {logging_mixin.py:104} INFO - [2021-10-13 04:56:58,104] {dag.py:1824} INFO - Sync 1 DAGs
[2021-10-13 04:56:58,136] {logging_mixin.py:104} INFO - [2021-10-13 04:56:58,136] {dag.py:2280} INFO - Setting next_dagrun for example_branch_operator to 2021-10-11 00:00:00+00:00
[2021-10-13 04:56:58,151] {scheduler_job.py:190} INFO - Processing /home/airflow/.local/lib/python3.6/site-packages/airflow/example_dags/example_branch_operator.py took 0.171 seconds
[2021-10-13 04:57:28,245] {scheduler_job.py:182} INFO - Started process (PID=434) to work on /home/airflow/.local/lib/python3.6/site-packages/airflow/example_dags/example_branch_operator.py
[2021-10-13 04:57:28,247] {scheduler_job.py:629} INFO - Processing file /home/airflow/.local/lib/python3.6/site-packages/airflow/example_dags/example_branch_operator.py for tasks to queue
[2021-10-13 04:57:28,249] {logging_mixin.py:104} INFO - [2021-10-13 04:57:28,249] {dagbag.py:451} INFO - Filling up the DagBag from /home/airflow/.local/lib/python3.6/site-packages/airflow/example_dags/example_branch_operator.py
[2021-10-13 04:57:28,283] {scheduler_job.py:639} INFO - DAG(s) dict_keys(['example_branch_operator']) retrieved from /home/airflow/.local/lib/python3.6/site-packages/airflow/example_dags/example_branch_operator.py
[2021-10-13 04:57:28,308] {logging_mixin.py:104} INFO - [2021-10-13 04:57:28,307] {dag.py:1824} INFO - Sync 1 DAGs
[2021-10-13 04:57:28,334] {logging_mixin.py:104} INFO - [2021-10-13 04:57:28,334] {dag.py:2280} INFO - Setting next_dagrun for example_branch_operator to 2021-10-11 00:00:00+00:00
[2021-10-13 04:57:28,349] {scheduler_job.py:190} INFO - Processing /home/airflow/.local/lib/python3.6/site-packages/airflow/example_dags/example_branch_operator.py took 0.117 seconds
[2021-10-13 04:57:58,793] {scheduler_job.py:182} INFO - Started process (PID=468) to work on /home/airflow/.local/lib/python3.6/site-packages/airflow/example_dags/example_branch_operator.py
[2021-10-13 04:57:58,795] {scheduler_job.py:629} INFO - Processing file /home/airflow/.local/lib/python3.6/site-packages/airflow/example_dags/example_branch_operator.py for tasks to queue
[2021-10-13 04:57:58,797] {logging_mixin.py:104} INFO - [2021-10-13 04:57:58,796] {dagbag.py:451} INFO - Filling up the DagBag from /home/airflow/.local/lib/python3.6/site-packages/airflow/example_dags/example_branch_operator.py
[2021-10-13 04:57:58,823] {scheduler_job.py:639} INFO - DAG(s) dict_keys(['example_branch_operator']) retrieved from /home/airflow/.local/lib/python3.6/site-packages/airflow/example_dags/example_branch_operator.py
[2021-10-13 04:57:58,852] {logging_mixin.py:104} INFO - [2021-10-13 04:57:58,852] {dag.py:1824} INFO - Sync 1 DAGs
[2021-10-13 04:57:58,878] {logging_mixin.py:104} INFO - [2021-10-13 04:57:58,878] {dag.py:2280} INFO - Setting next_dagrun for example_branch_operator to 2021-10-11 00:00:00+00:00
[2021-10-13 04:57:58,892] {scheduler_job.py:190} INFO - Processing /home/airflow/.local/lib/python3.6/site-packages/airflow/example_dags/example_branch_operator.py took 0.103 seconds
[2021-10-13 04:58:29,081] {scheduler_job.py:182} INFO - Started process (PID=501) to work on /home/airflow/.local/lib/python3.6/site-packages/airflow/example_dags/example_branch_operator.py
[2021-10-13 04:58:29,086] {scheduler_job.py:629} INFO - Processing file /home/airflow/.local/lib/python3.6/site-packages/airflow/example_dags/example_branch_operator.py for tasks to queue
[2021-10-13 04:58:29,087] {logging_mixin.py:104} INFO - [2021-10-13 04:58:29,087] {dagbag.py:451} INFO - Filling up the DagBag from /home/airflow/.local/lib/python3.6/site-packages/airflow/example_dags/example_branch_operator.py
[2021-10-13 04:58:29,103] {scheduler_job.py:639} INFO - DAG(s) dict_keys(['example_branch_operator']) retrieved from /home/airflow/.local/lib/python3.6/site-packages/airflow/example_dags/example_branch_operator.py
[2021-10-13 04:58:29,126] {logging_mixin.py:104} INFO - [2021-10-13 04:58:29,126] {dag.py:1824} INFO - Sync 1 DAGs
[2021-10-13 04:58:29,148] {logging_mixin.py:104} INFO - [2021-10-13 04:58:29,148] {dag.py:2280} INFO - Setting next_dagrun for example_branch_operator to 2021-10-11 00:00:00+00:00
[2021-10-13 04:58:29,163] {scheduler_job.py:190} INFO - Processing /home/airflow/.local/lib/python3.6/site-packages/airflow/example_dags/example_branch_operator.py took 0.085 seconds
[2021-10-13 04:58:59,272] {scheduler_job.py:182} INFO - Started process (PID=534) to work on /home/airflow/.local/lib/python3.6/site-packages/airflow/example_dags/example_branch_operator.py
[2021-10-13 04:58:59,273] {scheduler_job.py:629} INFO - Processing file /home/airflow/.local/lib/python3.6/site-packages/airflow/example_dags/example_branch_operator.py for tasks to queue
[2021-10-13 04:58:59,274] {logging_mixin.py:104} INFO - [2021-10-13 04:58:59,274] {dagbag.py:451} INFO - Filling up the DagBag from /home/airflow/.local/lib/python3.6/site-packages/airflow/example_dags/example_branch_operator.py
[2021-10-13 04:58:59,294] {scheduler_job.py:639} INFO - DAG(s) dict_keys(['example_branch_operator']) retrieved from /home/airflow/.local/lib/python3.6/site-packages/airflow/example_dags/example_branch_operator.py
[2021-10-13 04:58:59,319] {logging_mixin.py:104} INFO - [2021-10-13 04:58:59,319] {dag.py:1824} INFO - Sync 1 DAGs
[2021-10-13 04:58:59,344] {logging_mixin.py:104} INFO - [2021-10-13 04:58:59,344] {dag.py:2280} INFO - Setting next_dagrun for example_branch_operator to 2021-10-11 00:00:00+00:00
[2021-10-13 04:58:59,358] {scheduler_job.py:190} INFO - Processing /home/airflow/.local/lib/python3.6/site-packages/airflow/example_dags/example_branch_operator.py took 0.089 seconds
[2021-10-13 04:59:29,599] {scheduler_job.py:182} INFO - Started process (PID=567) to work on /home/airflow/.local/lib/python3.6/site-packages/airflow/example_dags/example_branch_operator.py
[2021-10-13 04:59:29,602] {scheduler_job.py:629} INFO - Processing file /home/airflow/.local/lib/python3.6/site-packages/airflow/example_dags/example_branch_operator.py for tasks to queue
[2021-10-13 04:59:29,604] {logging_mixin.py:104} INFO - [2021-10-13 04:59:29,603] {dagbag.py:451} INFO - Filling up the DagBag from /home/airflow/.local/lib/python3.6/site-packages/airflow/example_dags/example_branch_operator.py
[2021-10-13 04:59:29,633] {scheduler_job.py:639} INFO - DAG(s) dict_keys(['example_branch_operator']) retrieved from /home/airflow/.local/lib/python3.6/site-packages/airflow/example_dags/example_branch_operator.py
[2021-10-13 04:59:29,663] {logging_mixin.py:104} INFO - [2021-10-13 04:59:29,662] {dag.py:1824} INFO - Sync 1 DAGs
[2021-10-13 04:59:29,685] {logging_mixin.py:104} INFO - [2021-10-13 04:59:29,685] {dag.py:2280} INFO - Setting next_dagrun for example_branch_operator to 2021-10-11 00:00:00+00:00
[2021-10-13 04:59:29,698] {scheduler_job.py:190} INFO - Processing /home/airflow/.local/lib/python3.6/site-packages/airflow/example_dags/example_branch_operator.py took 0.106 seconds
[2021-10-13 04:59:59,828] {scheduler_job.py:182} INFO - Started process (PID=605) to work on /home/airflow/.local/lib/python3.6/site-packages/airflow/example_dags/example_branch_operator.py
[2021-10-13 04:59:59,830] {scheduler_job.py:629} INFO - Processing file /home/airflow/.local/lib/python3.6/site-packages/airflow/example_dags/example_branch_operator.py for tasks to queue
[2021-10-13 04:59:59,831] {logging_mixin.py:104} INFO - [2021-10-13 04:59:59,830] {dagbag.py:451} INFO - Filling up the DagBag from /home/airflow/.local/lib/python3.6/site-packages/airflow/example_dags/example_branch_operator.py
[2021-10-13 04:59:59,845] {scheduler_job.py:639} INFO - DAG(s) dict_keys(['example_branch_operator']) retrieved from /home/airflow/.local/lib/python3.6/site-packages/airflow/example_dags/example_branch_operator.py
[2021-10-13 04:59:59,867] {logging_mixin.py:104} INFO - [2021-10-13 04:59:59,867] {dag.py:1824} INFO - Sync 1 DAGs
[2021-10-13 04:59:59,895] {logging_mixin.py:104} INFO - [2021-10-13 04:59:59,895] {dag.py:2280} INFO - Setting next_dagrun for example_branch_operator to 2021-10-11 00:00:00+00:00
[2021-10-13 04:59:59,916] {scheduler_job.py:190} INFO - Processing /home/airflow/.local/lib/python3.6/site-packages/airflow/example_dags/example_branch_operator.py took 0.091 seconds
[2021-10-13 05:00:30,478] {scheduler_job.py:182} INFO - Started process (PID=638) to work on /home/airflow/.local/lib/python3.6/site-packages/airflow/example_dags/example_branch_operator.py
[2021-10-13 05:00:30,479] {scheduler_job.py:629} INFO - Processing file /home/airflow/.local/lib/python3.6/site-packages/airflow/example_dags/example_branch_operator.py for tasks to queue
[2021-10-13 05:00:30,481] {logging_mixin.py:104} INFO - [2021-10-13 05:00:30,480] {dagbag.py:451} INFO - Filling up the DagBag from /home/airflow/.local/lib/python3.6/site-packages/airflow/example_dags/example_branch_operator.py
[2021-10-13 05:00:30,496] {scheduler_job.py:639} INFO - DAG(s) dict_keys(['example_branch_operator']) retrieved from /home/airflow/.local/lib/python3.6/site-packages/airflow/example_dags/example_branch_operator.py
[2021-10-13 05:00:30,631] {logging_mixin.py:104} INFO - [2021-10-13 05:00:30,631] {dag.py:1824} INFO - Sync 1 DAGs
[2021-10-13 05:00:30,687] {logging_mixin.py:104} INFO - [2021-10-13 05:00:30,687] {dag.py:2280} INFO - Setting next_dagrun for example_branch_operator to 2021-10-11 00:00:00+00:00
[2021-10-13 05:00:30,702] {scheduler_job.py:190} INFO - Processing /home/airflow/.local/lib/python3.6/site-packages/airflow/example_dags/example_branch_operator.py took 0.227 seconds
[2021-10-13 05:01:02,251] {scheduler_job.py:182} INFO - Started process (PID=680) to work on /home/airflow/.local/lib/python3.6/site-packages/airflow/example_dags/example_branch_operator.py
[2021-10-13 05:01:02,252] {scheduler_job.py:629} INFO - Processing file /home/airflow/.local/lib/python3.6/site-packages/airflow/example_dags/example_branch_operator.py for tasks to queue
[2021-10-13 05:01:02,253] {logging_mixin.py:104} INFO - [2021-10-13 05:01:02,253] {dagbag.py:451} INFO - Filling up the DagBag from /home/airflow/.local/lib/python3.6/site-packages/airflow/example_dags/example_branch_operator.py
[2021-10-13 05:01:02,270] {scheduler_job.py:639} INFO - DAG(s) dict_keys(['example_branch_operator']) retrieved from /home/airflow/.local/lib/python3.6/site-packages/airflow/example_dags/example_branch_operator.py
[2021-10-13 05:01:02,293] {logging_mixin.py:104} INFO - [2021-10-13 05:01:02,293] {dag.py:1824} INFO - Sync 1 DAGs
[2021-10-13 05:01:02,316] {logging_mixin.py:104} INFO - [2021-10-13 05:01:02,316] {dag.py:2280} INFO - Setting next_dagrun for example_branch_operator to 2021-10-11 00:00:00+00:00
[2021-10-13 05:01:02,329] {scheduler_job.py:190} INFO - Processing /home/airflow/.local/lib/python3.6/site-packages/airflow/example_dags/example_branch_operator.py took 0.084 seconds
[2021-10-13 05:01:32,551] {scheduler_job.py:182} INFO - Started process (PID=718) to work on /home/airflow/.local/lib/python3.6/site-packages/airflow/example_dags/example_branch_operator.py
[2021-10-13 05:01:32,553] {scheduler_job.py:629} INFO - Processing file /home/airflow/.local/lib/python3.6/site-packages/airflow/example_dags/example_branch_operator.py for tasks to queue
[2021-10-13 05:01:32,554] {logging_mixin.py:104} INFO - [2021-10-13 05:01:32,553] {dagbag.py:451} INFO - Filling up the DagBag from /home/airflow/.local/lib/python3.6/site-packages/airflow/example_dags/example_branch_operator.py
[2021-10-13 05:01:32,570] {scheduler_job.py:639} INFO - DAG(s) dict_keys(['example_branch_operator']) retrieved from /home/airflow/.local/lib/python3.6/site-packages/airflow/example_dags/example_branch_operator.py
[2021-10-13 05:01:32,599] {logging_mixin.py:104} INFO - [2021-10-13 05:01:32,598] {dag.py:1824} INFO - Sync 1 DAGs
[2021-10-13 05:01:32,631] {logging_mixin.py:104} INFO - [2021-10-13 05:01:32,631] {dag.py:2280} INFO - Setting next_dagrun for example_branch_operator to 2021-10-11 00:00:00+00:00
[2021-10-13 05:01:32,649] {scheduler_job.py:190} INFO - Processing /home/airflow/.local/lib/python3.6/site-packages/airflow/example_dags/example_branch_operator.py took 0.101 seconds
[2021-10-13 05:02:02,822] {scheduler_job.py:182} INFO - Started process (PID=750) to work on /home/airflow/.local/lib/python3.6/site-packages/airflow/example_dags/example_branch_operator.py
[2021-10-13 05:02:02,823] {scheduler_job.py:629} INFO - Processing file /home/airflow/.local/lib/python3.6/site-packages/airflow/example_dags/example_branch_operator.py for tasks to queue
[2021-10-13 05:02:02,824] {logging_mixin.py:104} INFO - [2021-10-13 05:02:02,824] {dagbag.py:451} INFO - Filling up the DagBag from /home/airflow/.local/lib/python3.6/site-packages/airflow/example_dags/example_branch_operator.py
[2021-10-13 05:02:02,840] {scheduler_job.py:639} INFO - DAG(s) dict_keys(['example_branch_operator']) retrieved from /home/airflow/.local/lib/python3.6/site-packages/airflow/example_dags/example_branch_operator.py
[2021-10-13 05:02:02,867] {logging_mixin.py:104} INFO - [2021-10-13 05:02:02,867] {dag.py:1824} INFO - Sync 1 DAGs
[2021-10-13 05:02:02,892] {logging_mixin.py:104} INFO - [2021-10-13 05:02:02,892] {dag.py:2280} INFO - Setting next_dagrun for example_branch_operator to 2021-10-11 00:00:00+00:00
[2021-10-13 05:02:02,908] {scheduler_job.py:190} INFO - Processing /home/airflow/.local/lib/python3.6/site-packages/airflow/example_dags/example_branch_operator.py took 0.090 seconds
[2021-10-13 05:02:32,940] {scheduler_job.py:182} INFO - Started process (PID=779) to work on /home/airflow/.local/lib/python3.6/site-packages/airflow/example_dags/example_branch_operator.py
[2021-10-13 05:02:32,941] {scheduler_job.py:629} INFO - Processing file /home/airflow/.local/lib/python3.6/site-packages/airflow/example_dags/example_branch_operator.py for tasks to queue
[2021-10-13 05:02:32,942] {logging_mixin.py:104} INFO - [2021-10-13 05:02:32,942] {dagbag.py:451} INFO - Filling up the DagBag from /home/airflow/.local/lib/python3.6/site-packages/airflow/example_dags/example_branch_operator.py
[2021-10-13 05:02:32,965] {scheduler_job.py:639} INFO - DAG(s) dict_keys(['example_branch_operator']) retrieved from /home/airflow/.local/lib/python3.6/site-packages/airflow/example_dags/example_branch_operator.py
[2021-10-13 05:02:32,991] {logging_mixin.py:104} INFO - [2021-10-13 05:02:32,991] {dag.py:1824} INFO - Sync 1 DAGs
[2021-10-13 05:02:33,014] {logging_mixin.py:104} INFO - [2021-10-13 05:02:33,013] {dag.py:2280} INFO - Setting next_dagrun for example_branch_operator to 2021-10-11 00:00:00+00:00
[2021-10-13 05:02:33,027] {scheduler_job.py:190} INFO - Processing /home/airflow/.local/lib/python3.6/site-packages/airflow/example_dags/example_branch_operator.py took 0.091 seconds
[2021-10-13 05:03:03,275] {scheduler_job.py:182} INFO - Started process (PID=808) to work on /home/airflow/.local/lib/python3.6/site-packages/airflow/example_dags/example_branch_operator.py
[2021-10-13 05:03:03,276] {scheduler_job.py:629} INFO - Processing file /home/airflow/.local/lib/python3.6/site-packages/airflow/example_dags/example_branch_operator.py for tasks to queue
[2021-10-13 05:03:03,278] {logging_mixin.py:104} INFO - [2021-10-13 05:03:03,277] {dagbag.py:451} INFO - Filling up the DagBag from /home/airflow/.local/lib/python3.6/site-packages/airflow/example_dags/example_branch_operator.py
[2021-10-13 05:03:03,298] {scheduler_job.py:639} INFO - DAG(s) dict_keys(['example_branch_operator']) retrieved from /home/airflow/.local/lib/python3.6/site-packages/airflow/example_dags/example_branch_operator.py
[2021-10-13 05:03:03,324] {logging_mixin.py:104} INFO - [2021-10-13 05:03:03,324] {dag.py:1824} INFO - Sync 1 DAGs
[2021-10-13 05:03:03,348] {logging_mixin.py:104} INFO - [2021-10-13 05:03:03,348] {dag.py:2280} INFO - Setting next_dagrun for example_branch_operator to 2021-10-11 00:00:00+00:00
[2021-10-13 05:03:03,364] {scheduler_job.py:190} INFO - Processing /home/airflow/.local/lib/python3.6/site-packages/airflow/example_dags/example_branch_operator.py took 0.093 seconds
[2021-10-13 05:03:33,989] {scheduler_job.py:182} INFO - Started process (PID=843) to work on /home/airflow/.local/lib/python3.6/site-packages/airflow/example_dags/example_branch_operator.py
[2021-10-13 05:03:33,992] {scheduler_job.py:629} INFO - Processing file /home/airflow/.local/lib/python3.6/site-packages/airflow/example_dags/example_branch_operator.py for tasks to queue
[2021-10-13 05:03:33,993] {logging_mixin.py:104} INFO - [2021-10-13 05:03:33,993] {dagbag.py:451} INFO - Filling up the DagBag from /home/airflow/.local/lib/python3.6/site-packages/airflow/example_dags/example_branch_operator.py
[2021-10-13 05:03:34,010] {scheduler_job.py:639} INFO - DAG(s) dict_keys(['example_branch_operator']) retrieved from /home/airflow/.local/lib/python3.6/site-packages/airflow/example_dags/example_branch_operator.py
[2021-10-13 05:03:34,049] {logging_mixin.py:104} INFO - [2021-10-13 05:03:34,049] {dag.py:1824} INFO - Sync 1 DAGs
[2021-10-13 05:03:34,097] {logging_mixin.py:104} INFO - [2021-10-13 05:03:34,097] {dag.py:2280} INFO - Setting next_dagrun for example_branch_operator to 2021-10-11 00:00:00+00:00
[2021-10-13 05:03:34,111] {scheduler_job.py:190} INFO - Processing /home/airflow/.local/lib/python3.6/site-packages/airflow/example_dags/example_branch_operator.py took 0.126 seconds
[2021-10-13 05:04:04,504] {scheduler_job.py:182} INFO - Started process (PID=874) to work on /home/airflow/.local/lib/python3.6/site-packages/airflow/example_dags/example_branch_operator.py
[2021-10-13 05:04:04,505] {scheduler_job.py:629} INFO - Processing file /home/airflow/.local/lib/python3.6/site-packages/airflow/example_dags/example_branch_operator.py for tasks to queue
[2021-10-13 05:04:04,506] {logging_mixin.py:104} INFO - [2021-10-13 05:04:04,506] {dagbag.py:451} INFO - Filling up the DagBag from /home/airflow/.local/lib/python3.6/site-packages/airflow/example_dags/example_branch_operator.py
[2021-10-13 05:04:04,530] {scheduler_job.py:639} INFO - DAG(s) dict_keys(['example_branch_operator']) retrieved from /home/airflow/.local/lib/python3.6/site-packages/airflow/example_dags/example_branch_operator.py
[2021-10-13 05:04:04,554] {logging_mixin.py:104} INFO - [2021-10-13 05:04:04,554] {dag.py:1824} INFO - Sync 1 DAGs
[2021-10-13 05:04:04,577] {logging_mixin.py:104} INFO - [2021-10-13 05:04:04,577] {dag.py:2280} INFO - Setting next_dagrun for example_branch_operator to 2021-10-11 00:00:00+00:00
[2021-10-13 05:04:04,590] {scheduler_job.py:190} INFO - Processing /home/airflow/.local/lib/python3.6/site-packages/airflow/example_dags/example_branch_operator.py took 0.090 seconds
[2021-10-13 05:04:35,431] {scheduler_job.py:182} INFO - Started process (PID=907) to work on /home/airflow/.local/lib/python3.6/site-packages/airflow/example_dags/example_branch_operator.py
[2021-10-13 05:04:35,432] {scheduler_job.py:629} INFO - Processing file /home/airflow/.local/lib/python3.6/site-packages/airflow/example_dags/example_branch_operator.py for tasks to queue
[2021-10-13 05:04:35,434] {logging_mixin.py:104} INFO - [2021-10-13 05:04:35,434] {dagbag.py:451} INFO - Filling up the DagBag from /home/airflow/.local/lib/python3.6/site-packages/airflow/example_dags/example_branch_operator.py
[2021-10-13 05:04:35,469] {scheduler_job.py:639} INFO - DAG(s) dict_keys(['example_branch_operator']) retrieved from /home/airflow/.local/lib/python3.6/site-packages/airflow/example_dags/example_branch_operator.py
[2021-10-13 05:04:35,500] {logging_mixin.py:104} INFO - [2021-10-13 05:04:35,499] {dag.py:1824} INFO - Sync 1 DAGs
[2021-10-13 05:04:35,532] {logging_mixin.py:104} INFO - [2021-10-13 05:04:35,532] {dag.py:2280} INFO - Setting next_dagrun for example_branch_operator to 2021-10-11 00:00:00+00:00
[2021-10-13 05:04:35,548] {scheduler_job.py:190} INFO - Processing /home/airflow/.local/lib/python3.6/site-packages/airflow/example_dags/example_branch_operator.py took 0.121 seconds
[2021-10-13 05:05:05,705] {scheduler_job.py:182} INFO - Started process (PID=940) to work on /home/airflow/.local/lib/python3.6/site-packages/airflow/example_dags/example_branch_operator.py
[2021-10-13 05:05:05,708] {scheduler_job.py:629} INFO - Processing file /home/airflow/.local/lib/python3.6/site-packages/airflow/example_dags/example_branch_operator.py for tasks to queue
[2021-10-13 05:05:05,709] {logging_mixin.py:104} INFO - [2021-10-13 05:05:05,709] {dagbag.py:451} INFO - Filling up the DagBag from /home/airflow/.local/lib/python3.6/site-packages/airflow/example_dags/example_branch_operator.py
[2021-10-13 05:05:05,735] {scheduler_job.py:639} INFO - DAG(s) dict_keys(['example_branch_operator']) retrieved from /home/airflow/.local/lib/python3.6/site-packages/airflow/example_dags/example_branch_operator.py
[2021-10-13 05:05:05,767] {logging_mixin.py:104} INFO - [2021-10-13 05:05:05,767] {dag.py:1824} INFO - Sync 1 DAGs
[2021-10-13 05:05:05,792] {logging_mixin.py:104} INFO - [2021-10-13 05:05:05,792] {dag.py:2280} INFO - Setting next_dagrun for example_branch_operator to 2021-10-11 00:00:00+00:00
[2021-10-13 05:05:05,833] {scheduler_job.py:190} INFO - Processing /home/airflow/.local/lib/python3.6/site-packages/airflow/example_dags/example_branch_operator.py took 0.134 seconds
[2021-10-13 05:05:36,142] {scheduler_job.py:182} INFO - Started process (PID=973) to work on /home/airflow/.local/lib/python3.6/site-packages/airflow/example_dags/example_branch_operator.py
[2021-10-13 05:05:36,149] {scheduler_job.py:629} INFO - Processing file /home/airflow/.local/lib/python3.6/site-packages/airflow/example_dags/example_branch_operator.py for tasks to queue
[2021-10-13 05:05:36,153] {logging_mixin.py:104} INFO - [2021-10-13 05:05:36,153] {dagbag.py:451} INFO - Filling up the DagBag from /home/airflow/.local/lib/python3.6/site-packages/airflow/example_dags/example_branch_operator.py
[2021-10-13 05:05:36,211] {scheduler_job.py:639} INFO - DAG(s) dict_keys(['example_branch_operator']) retrieved from /home/airflow/.local/lib/python3.6/site-packages/airflow/example_dags/example_branch_operator.py
[2021-10-13 05:05:36,260] {logging_mixin.py:104} INFO - [2021-10-13 05:05:36,260] {dag.py:1824} INFO - Sync 1 DAGs
[2021-10-13 05:05:36,314] {logging_mixin.py:104} INFO - [2021-10-13 05:05:36,313] {dag.py:2280} INFO - Setting next_dagrun for example_branch_operator to 2021-10-11 00:00:00+00:00
[2021-10-13 05:05:36,337] {scheduler_job.py:190} INFO - Processing /home/airflow/.local/lib/python3.6/site-packages/airflow/example_dags/example_branch_operator.py took 0.210 seconds
[2021-10-13 05:06:06,574] {scheduler_job.py:182} INFO - Started process (PID=1011) to work on /home/airflow/.local/lib/python3.6/site-packages/airflow/example_dags/example_branch_operator.py
[2021-10-13 05:06:06,579] {scheduler_job.py:629} INFO - Processing file /home/airflow/.local/lib/python3.6/site-packages/airflow/example_dags/example_branch_operator.py for tasks to queue
[2021-10-13 05:06:06,583] {logging_mixin.py:104} INFO - [2021-10-13 05:06:06,582] {dagbag.py:451} INFO - Filling up the DagBag from /home/airflow/.local/lib/python3.6/site-packages/airflow/example_dags/example_branch_operator.py
[2021-10-13 05:06:06,645] {scheduler_job.py:639} INFO - DAG(s) dict_keys(['example_branch_operator']) retrieved from /home/airflow/.local/lib/python3.6/site-packages/airflow/example_dags/example_branch_operator.py
[2021-10-13 05:06:06,680] {logging_mixin.py:104} INFO - [2021-10-13 05:06:06,680] {dag.py:1824} INFO - Sync 1 DAGs
[2021-10-13 05:06:06,705] {logging_mixin.py:104} INFO - [2021-10-13 05:06:06,705] {dag.py:2280} INFO - Setting next_dagrun for example_branch_operator to 2021-10-11 00:00:00+00:00
[2021-10-13 05:06:06,721] {scheduler_job.py:190} INFO - Processing /home/airflow/.local/lib/python3.6/site-packages/airflow/example_dags/example_branch_operator.py took 0.160 seconds
[2021-10-13 05:06:36,909] {scheduler_job.py:182} INFO - Started process (PID=1044) to work on /home/airflow/.local/lib/python3.6/site-packages/airflow/example_dags/example_branch_operator.py
[2021-10-13 05:06:36,913] {scheduler_job.py:629} INFO - Processing file /home/airflow/.local/lib/python3.6/site-packages/airflow/example_dags/example_branch_operator.py for tasks to queue
[2021-10-13 05:06:36,915] {logging_mixin.py:104} INFO - [2021-10-13 05:06:36,914] {dagbag.py:451} INFO - Filling up the DagBag from /home/airflow/.local/lib/python3.6/site-packages/airflow/example_dags/example_branch_operator.py
[2021-10-13 05:06:36,938] {scheduler_job.py:639} INFO - DAG(s) dict_keys(['example_branch_operator']) retrieved from /home/airflow/.local/lib/python3.6/site-packages/airflow/example_dags/example_branch_operator.py
[2021-10-13 05:06:36,963] {logging_mixin.py:104} INFO - [2021-10-13 05:06:36,963] {dag.py:1824} INFO - Sync 1 DAGs
[2021-10-13 05:06:36,986] {logging_mixin.py:104} INFO - [2021-10-13 05:06:36,986] {dag.py:2280} INFO - Setting next_dagrun for example_branch_operator to 2021-10-11 00:00:00+00:00
[2021-10-13 05:06:37,000] {scheduler_job.py:190} INFO - Processing /home/airflow/.local/lib/python3.6/site-packages/airflow/example_dags/example_branch_operator.py took 0.098 seconds
[2021-10-13 05:07:07,129] {scheduler_job.py:182} INFO - Started process (PID=1077) to work on /home/airflow/.local/lib/python3.6/site-packages/airflow/example_dags/example_branch_operator.py
[2021-10-13 05:07:07,131] {scheduler_job.py:629} INFO - Processing file /home/airflow/.local/lib/python3.6/site-packages/airflow/example_dags/example_branch_operator.py for tasks to queue
[2021-10-13 05:07:07,133] {logging_mixin.py:104} INFO - [2021-10-13 05:07:07,133] {dagbag.py:451} INFO - Filling up the DagBag from /home/airflow/.local/lib/python3.6/site-packages/airflow/example_dags/example_branch_operator.py
[2021-10-13 05:07:07,157] {scheduler_job.py:639} INFO - DAG(s) dict_keys(['example_branch_operator']) retrieved from /home/airflow/.local/lib/python3.6/site-packages/airflow/example_dags/example_branch_operator.py
[2021-10-13 05:07:07,182] {logging_mixin.py:104} INFO - [2021-10-13 05:07:07,182] {dag.py:1824} INFO - Sync 1 DAGs
[2021-10-13 05:07:07,204] {logging_mixin.py:104} INFO - [2021-10-13 05:07:07,204] {dag.py:2280} INFO - Setting next_dagrun for example_branch_operator to 2021-10-11 00:00:00+00:00
[2021-10-13 05:07:07,217] {scheduler_job.py:190} INFO - Processing /home/airflow/.local/lib/python3.6/site-packages/airflow/example_dags/example_branch_operator.py took 0.094 seconds
[2021-10-13 05:07:37,267] {scheduler_job.py:182} INFO - Started process (PID=1110) to work on /home/airflow/.local/lib/python3.6/site-packages/airflow/example_dags/example_branch_operator.py
[2021-10-13 05:07:37,269] {scheduler_job.py:629} INFO - Processing file /home/airflow/.local/lib/python3.6/site-packages/airflow/example_dags/example_branch_operator.py for tasks to queue
[2021-10-13 05:07:37,269] {logging_mixin.py:104} INFO - [2021-10-13 05:07:37,269] {dagbag.py:451} INFO - Filling up the DagBag from /home/airflow/.local/lib/python3.6/site-packages/airflow/example_dags/example_branch_operator.py
[2021-10-13 05:07:37,286] {scheduler_job.py:639} INFO - DAG(s) dict_keys(['example_branch_operator']) retrieved from /home/airflow/.local/lib/python3.6/site-packages/airflow/example_dags/example_branch_operator.py
[2021-10-13 05:07:37,314] {logging_mixin.py:104} INFO - [2021-10-13 05:07:37,314] {dag.py:1824} INFO - Sync 1 DAGs
[2021-10-13 05:07:37,342] {logging_mixin.py:104} INFO - [2021-10-13 05:07:37,342] {dag.py:2280} INFO - Setting next_dagrun for example_branch_operator to 2021-10-11 00:00:00+00:00
[2021-10-13 05:07:37,361] {scheduler_job.py:190} INFO - Processing /home/airflow/.local/lib/python3.6/site-packages/airflow/example_dags/example_branch_operator.py took 0.098 seconds
[2021-10-13 05:08:07,610] {scheduler_job.py:182} INFO - Started process (PID=1143) to work on /home/airflow/.local/lib/python3.6/site-packages/airflow/example_dags/example_branch_operator.py
[2021-10-13 05:08:07,612] {scheduler_job.py:629} INFO - Processing file /home/airflow/.local/lib/python3.6/site-packages/airflow/example_dags/example_branch_operator.py for tasks to queue
[2021-10-13 05:08:07,613] {logging_mixin.py:104} INFO - [2021-10-13 05:08:07,613] {dagbag.py:451} INFO - Filling up the DagBag from /home/airflow/.local/lib/python3.6/site-packages/airflow/example_dags/example_branch_operator.py
[2021-10-13 05:08:07,635] {scheduler_job.py:639} INFO - DAG(s) dict_keys(['example_branch_operator']) retrieved from /home/airflow/.local/lib/python3.6/site-packages/airflow/example_dags/example_branch_operator.py
[2021-10-13 05:08:07,665] {logging_mixin.py:104} INFO - [2021-10-13 05:08:07,665] {dag.py:1824} INFO - Sync 1 DAGs
[2021-10-13 05:08:07,697] {logging_mixin.py:104} INFO - [2021-10-13 05:08:07,697] {dag.py:2280} INFO - Setting next_dagrun for example_branch_operator to 2021-10-11 00:00:00+00:00
[2021-10-13 05:08:07,717] {scheduler_job.py:190} INFO - Processing /home/airflow/.local/lib/python3.6/site-packages/airflow/example_dags/example_branch_operator.py took 0.112 seconds
[2021-10-13 05:08:37,879] {scheduler_job.py:182} INFO - Started process (PID=1177) to work on /home/airflow/.local/lib/python3.6/site-packages/airflow/example_dags/example_branch_operator.py
[2021-10-13 05:08:37,881] {scheduler_job.py:629} INFO - Processing file /home/airflow/.local/lib/python3.6/site-packages/airflow/example_dags/example_branch_operator.py for tasks to queue
[2021-10-13 05:08:37,882] {logging_mixin.py:104} INFO - [2021-10-13 05:08:37,882] {dagbag.py:451} INFO - Filling up the DagBag from /home/airflow/.local/lib/python3.6/site-packages/airflow/example_dags/example_branch_operator.py
[2021-10-13 05:08:37,899] {scheduler_job.py:639} INFO - DAG(s) dict_keys(['example_branch_operator']) retrieved from /home/airflow/.local/lib/python3.6/site-packages/airflow/example_dags/example_branch_operator.py
[2021-10-13 05:08:37,924] {logging_mixin.py:104} INFO - [2021-10-13 05:08:37,924] {dag.py:1824} INFO - Sync 1 DAGs
[2021-10-13 05:08:37,946] {logging_mixin.py:104} INFO - [2021-10-13 05:08:37,946] {dag.py:2280} INFO - Setting next_dagrun for example_branch_operator to 2021-10-11 00:00:00+00:00
[2021-10-13 05:08:37,967] {scheduler_job.py:190} INFO - Processing /home/airflow/.local/lib/python3.6/site-packages/airflow/example_dags/example_branch_operator.py took 0.092 seconds
[2021-10-13 05:09:08,040] {scheduler_job.py:182} INFO - Started process (PID=1210) to work on /home/airflow/.local/lib/python3.6/site-packages/airflow/example_dags/example_branch_operator.py
[2021-10-13 05:09:08,041] {scheduler_job.py:629} INFO - Processing file /home/airflow/.local/lib/python3.6/site-packages/airflow/example_dags/example_branch_operator.py for tasks to queue
[2021-10-13 05:09:08,042] {logging_mixin.py:104} INFO - [2021-10-13 05:09:08,042] {dagbag.py:451} INFO - Filling up the DagBag from /home/airflow/.local/lib/python3.6/site-packages/airflow/example_dags/example_branch_operator.py
[2021-10-13 05:09:08,057] {scheduler_job.py:639} INFO - DAG(s) dict_keys(['example_branch_operator']) retrieved from /home/airflow/.local/lib/python3.6/site-packages/airflow/example_dags/example_branch_operator.py
[2021-10-13 05:09:08,079] {logging_mixin.py:104} INFO - [2021-10-13 05:09:08,079] {dag.py:1824} INFO - Sync 1 DAGs
[2021-10-13 05:09:08,102] {logging_mixin.py:104} INFO - [2021-10-13 05:09:08,102] {dag.py:2280} INFO - Setting next_dagrun for example_branch_operator to 2021-10-11 00:00:00+00:00
[2021-10-13 05:09:08,116] {scheduler_job.py:190} INFO - Processing /home/airflow/.local/lib/python3.6/site-packages/airflow/example_dags/example_branch_operator.py took 0.080 seconds
[2021-10-13 05:09:38,970] {scheduler_job.py:182} INFO - Started process (PID=1242) to work on /home/airflow/.local/lib/python3.6/site-packages/airflow/example_dags/example_branch_operator.py
[2021-10-13 05:09:38,971] {scheduler_job.py:629} INFO - Processing file /home/airflow/.local/lib/python3.6/site-packages/airflow/example_dags/example_branch_operator.py for tasks to queue
[2021-10-13 05:09:38,972] {logging_mixin.py:104} INFO - [2021-10-13 05:09:38,972] {dagbag.py:451} INFO - Filling up the DagBag from /home/airflow/.local/lib/python3.6/site-packages/airflow/example_dags/example_branch_operator.py
[2021-10-13 05:09:38,989] {scheduler_job.py:639} INFO - DAG(s) dict_keys(['example_branch_operator']) retrieved from /home/airflow/.local/lib/python3.6/site-packages/airflow/example_dags/example_branch_operator.py
[2021-10-13 05:09:39,014] {logging_mixin.py:104} INFO - [2021-10-13 05:09:39,014] {dag.py:1824} INFO - Sync 1 DAGs
[2021-10-13 05:09:39,039] {logging_mixin.py:104} INFO - [2021-10-13 05:09:39,039] {dag.py:2280} INFO - Setting next_dagrun for example_branch_operator to 2021-10-11 00:00:00+00:00
[2021-10-13 05:09:39,055] {scheduler_job.py:190} INFO - Processing /home/airflow/.local/lib/python3.6/site-packages/airflow/example_dags/example_branch_operator.py took 0.088 seconds
[2021-10-13 05:10:09,245] {scheduler_job.py:182} INFO - Started process (PID=1276) to work on /home/airflow/.local/lib/python3.6/site-packages/airflow/example_dags/example_branch_operator.py
[2021-10-13 05:10:09,247] {scheduler_job.py:629} INFO - Processing file /home/airflow/.local/lib/python3.6/site-packages/airflow/example_dags/example_branch_operator.py for tasks to queue
[2021-10-13 05:10:09,248] {logging_mixin.py:104} INFO - [2021-10-13 05:10:09,247] {dagbag.py:451} INFO - Filling up the DagBag from /home/airflow/.local/lib/python3.6/site-packages/airflow/example_dags/example_branch_operator.py
[2021-10-13 05:10:09,263] {scheduler_job.py:639} INFO - DAG(s) dict_keys(['example_branch_operator']) retrieved from /home/airflow/.local/lib/python3.6/site-packages/airflow/example_dags/example_branch_operator.py
[2021-10-13 05:10:09,287] {logging_mixin.py:104} INFO - [2021-10-13 05:10:09,286] {dag.py:1824} INFO - Sync 1 DAGs
[2021-10-13 05:10:09,312] {logging_mixin.py:104} INFO - [2021-10-13 05:10:09,312] {dag.py:2280} INFO - Setting next_dagrun for example_branch_operator to 2021-10-11 00:00:00+00:00
[2021-10-13 05:10:09,330] {scheduler_job.py:190} INFO - Processing /home/airflow/.local/lib/python3.6/site-packages/airflow/example_dags/example_branch_operator.py took 0.088 seconds
[2021-10-13 05:10:39,525] {scheduler_job.py:182} INFO - Started process (PID=1309) to work on /home/airflow/.local/lib/python3.6/site-packages/airflow/example_dags/example_branch_operator.py
[2021-10-13 05:10:39,527] {scheduler_job.py:629} INFO - Processing file /home/airflow/.local/lib/python3.6/site-packages/airflow/example_dags/example_branch_operator.py for tasks to queue
[2021-10-13 05:10:39,529] {logging_mixin.py:104} INFO - [2021-10-13 05:10:39,528] {dagbag.py:451} INFO - Filling up the DagBag from /home/airflow/.local/lib/python3.6/site-packages/airflow/example_dags/example_branch_operator.py
[2021-10-13 05:10:39,546] {scheduler_job.py:639} INFO - DAG(s) dict_keys(['example_branch_operator']) retrieved from /home/airflow/.local/lib/python3.6/site-packages/airflow/example_dags/example_branch_operator.py
[2021-10-13 05:10:39,714] {logging_mixin.py:104} INFO - [2021-10-13 05:10:39,714] {dag.py:1824} INFO - Sync 1 DAGs
[2021-10-13 05:10:39,755] {logging_mixin.py:104} INFO - [2021-10-13 05:10:39,754] {dag.py:2280} INFO - Setting next_dagrun for example_branch_operator to 2021-10-11 00:00:00+00:00
[2021-10-13 05:10:39,775] {scheduler_job.py:190} INFO - Processing /home/airflow/.local/lib/python3.6/site-packages/airflow/example_dags/example_branch_operator.py took 0.254 seconds
[2021-10-13 05:11:10,557] {scheduler_job.py:182} INFO - Started process (PID=1342) to work on /home/airflow/.local/lib/python3.6/site-packages/airflow/example_dags/example_branch_operator.py
[2021-10-13 05:11:10,560] {scheduler_job.py:629} INFO - Processing file /home/airflow/.local/lib/python3.6/site-packages/airflow/example_dags/example_branch_operator.py for tasks to queue
[2021-10-13 05:11:10,561] {logging_mixin.py:104} INFO - [2021-10-13 05:11:10,561] {dagbag.py:451} INFO - Filling up the DagBag from /home/airflow/.local/lib/python3.6/site-packages/airflow/example_dags/example_branch_operator.py
[2021-10-13 05:11:10,586] {scheduler_job.py:639} INFO - DAG(s) dict_keys(['example_branch_operator']) retrieved from /home/airflow/.local/lib/python3.6/site-packages/airflow/example_dags/example_branch_operator.py
[2021-10-13 05:11:10,629] {logging_mixin.py:104} INFO - [2021-10-13 05:11:10,629] {dag.py:1824} INFO - Sync 1 DAGs
[2021-10-13 05:11:10,656] {logging_mixin.py:104} INFO - [2021-10-13 05:11:10,655] {dag.py:2280} INFO - Setting next_dagrun for example_branch_operator to 2021-10-11 00:00:00+00:00
[2021-10-13 05:11:10,670] {scheduler_job.py:190} INFO - Processing /home/airflow/.local/lib/python3.6/site-packages/airflow/example_dags/example_branch_operator.py took 0.118 seconds
[2021-10-13 05:11:41,456] {scheduler_job.py:182} INFO - Started process (PID=1375) to work on /home/airflow/.local/lib/python3.6/site-packages/airflow/example_dags/example_branch_operator.py
[2021-10-13 05:11:41,458] {scheduler_job.py:629} INFO - Processing file /home/airflow/.local/lib/python3.6/site-packages/airflow/example_dags/example_branch_operator.py for tasks to queue
[2021-10-13 05:11:41,459] {logging_mixin.py:104} INFO - [2021-10-13 05:11:41,459] {dagbag.py:451} INFO - Filling up the DagBag from /home/airflow/.local/lib/python3.6/site-packages/airflow/example_dags/example_branch_operator.py
[2021-10-13 05:11:41,482] {scheduler_job.py:639} INFO - DAG(s) dict_keys(['example_branch_operator']) retrieved from /home/airflow/.local/lib/python3.6/site-packages/airflow/example_dags/example_branch_operator.py
[2021-10-13 05:11:41,509] {logging_mixin.py:104} INFO - [2021-10-13 05:11:41,509] {dag.py:1824} INFO - Sync 1 DAGs
[2021-10-13 05:11:41,531] {logging_mixin.py:104} INFO - [2021-10-13 05:11:41,531] {dag.py:2280} INFO - Setting next_dagrun for example_branch_operator to 2021-10-11 00:00:00+00:00
[2021-10-13 05:11:41,546] {scheduler_job.py:190} INFO - Processing /home/airflow/.local/lib/python3.6/site-packages/airflow/example_dags/example_branch_operator.py took 0.093 seconds
[2021-10-13 05:12:11,813] {scheduler_job.py:182} INFO - Started process (PID=1408) to work on /home/airflow/.local/lib/python3.6/site-packages/airflow/example_dags/example_branch_operator.py
[2021-10-13 05:12:11,816] {scheduler_job.py:629} INFO - Processing file /home/airflow/.local/lib/python3.6/site-packages/airflow/example_dags/example_branch_operator.py for tasks to queue
[2021-10-13 05:12:11,818] {logging_mixin.py:104} INFO - [2021-10-13 05:12:11,817] {dagbag.py:451} INFO - Filling up the DagBag from /home/airflow/.local/lib/python3.6/site-packages/airflow/example_dags/example_branch_operator.py
[2021-10-13 05:12:11,848] {scheduler_job.py:639} INFO - DAG(s) dict_keys(['example_branch_operator']) retrieved from /home/airflow/.local/lib/python3.6/site-packages/airflow/example_dags/example_branch_operator.py
[2021-10-13 05:12:11,878] {logging_mixin.py:104} INFO - [2021-10-13 05:12:11,878] {dag.py:1824} INFO - Sync 1 DAGs
[2021-10-13 05:12:11,901] {logging_mixin.py:104} INFO - [2021-10-13 05:12:11,901] {dag.py:2280} INFO - Setting next_dagrun for example_branch_operator to 2021-10-11 00:00:00+00:00
[2021-10-13 05:12:11,915] {scheduler_job.py:190} INFO - Processing /home/airflow/.local/lib/python3.6/site-packages/airflow/example_dags/example_branch_operator.py took 0.109 seconds
[2021-10-13 05:12:42,740] {scheduler_job.py:182} INFO - Started process (PID=1441) to work on /home/airflow/.local/lib/python3.6/site-packages/airflow/example_dags/example_branch_operator.py
[2021-10-13 05:12:42,742] {scheduler_job.py:629} INFO - Processing file /home/airflow/.local/lib/python3.6/site-packages/airflow/example_dags/example_branch_operator.py for tasks to queue
[2021-10-13 05:12:42,743] {logging_mixin.py:104} INFO - [2021-10-13 05:12:42,743] {dagbag.py:451} INFO - Filling up the DagBag from /home/airflow/.local/lib/python3.6/site-packages/airflow/example_dags/example_branch_operator.py
[2021-10-13 05:12:42,762] {scheduler_job.py:639} INFO - DAG(s) dict_keys(['example_branch_operator']) retrieved from /home/airflow/.local/lib/python3.6/site-packages/airflow/example_dags/example_branch_operator.py
[2021-10-13 05:12:42,787] {logging_mixin.py:104} INFO - [2021-10-13 05:12:42,787] {dag.py:1824} INFO - Sync 1 DAGs
[2021-10-13 05:12:42,810] {logging_mixin.py:104} INFO - [2021-10-13 05:12:42,810] {dag.py:2280} INFO - Setting next_dagrun for example_branch_operator to 2021-10-11 00:00:00+00:00
[2021-10-13 05:12:42,826] {scheduler_job.py:190} INFO - Processing /home/airflow/.local/lib/python3.6/site-packages/airflow/example_dags/example_branch_operator.py took 0.089 seconds
[2021-10-13 05:13:12,866] {scheduler_job.py:182} INFO - Started process (PID=1474) to work on /home/airflow/.local/lib/python3.6/site-packages/airflow/example_dags/example_branch_operator.py
[2021-10-13 05:13:12,868] {scheduler_job.py:629} INFO - Processing file /home/airflow/.local/lib/python3.6/site-packages/airflow/example_dags/example_branch_operator.py for tasks to queue
[2021-10-13 05:13:12,868] {logging_mixin.py:104} INFO - [2021-10-13 05:13:12,868] {dagbag.py:451} INFO - Filling up the DagBag from /home/airflow/.local/lib/python3.6/site-packages/airflow/example_dags/example_branch_operator.py
[2021-10-13 05:13:12,882] {scheduler_job.py:639} INFO - DAG(s) dict_keys(['example_branch_operator']) retrieved from /home/airflow/.local/lib/python3.6/site-packages/airflow/example_dags/example_branch_operator.py
[2021-10-13 05:13:12,907] {logging_mixin.py:104} INFO - [2021-10-13 05:13:12,907] {dag.py:1824} INFO - Sync 1 DAGs
[2021-10-13 05:13:12,930] {logging_mixin.py:104} INFO - [2021-10-13 05:13:12,930] {dag.py:2280} INFO - Setting next_dagrun for example_branch_operator to 2021-10-11 00:00:00+00:00
[2021-10-13 05:13:12,947] {scheduler_job.py:190} INFO - Processing /home/airflow/.local/lib/python3.6/site-packages/airflow/example_dags/example_branch_operator.py took 0.084 seconds
[2021-10-13 05:13:42,992] {scheduler_job.py:182} INFO - Started process (PID=1507) to work on /home/airflow/.local/lib/python3.6/site-packages/airflow/example_dags/example_branch_operator.py
[2021-10-13 05:13:42,994] {scheduler_job.py:629} INFO - Processing file /home/airflow/.local/lib/python3.6/site-packages/airflow/example_dags/example_branch_operator.py for tasks to queue
[2021-10-13 05:13:42,995] {logging_mixin.py:104} INFO - [2021-10-13 05:13:42,994] {dagbag.py:451} INFO - Filling up the DagBag from /home/airflow/.local/lib/python3.6/site-packages/airflow/example_dags/example_branch_operator.py
[2021-10-13 05:13:43,010] {scheduler_job.py:639} INFO - DAG(s) dict_keys(['example_branch_operator']) retrieved from /home/airflow/.local/lib/python3.6/site-packages/airflow/example_dags/example_branch_operator.py
[2021-10-13 05:13:43,036] {logging_mixin.py:104} INFO - [2021-10-13 05:13:43,036] {dag.py:1824} INFO - Sync 1 DAGs
[2021-10-13 05:13:43,058] {logging_mixin.py:104} INFO - [2021-10-13 05:13:43,057] {dag.py:2280} INFO - Setting next_dagrun for example_branch_operator to 2021-10-11 00:00:00+00:00
[2021-10-13 05:13:43,071] {scheduler_job.py:190} INFO - Processing /home/airflow/.local/lib/python3.6/site-packages/airflow/example_dags/example_branch_operator.py took 0.082 seconds
[2021-10-13 05:14:14,058] {scheduler_job.py:182} INFO - Started process (PID=1539) to work on /home/airflow/.local/lib/python3.6/site-packages/airflow/example_dags/example_branch_operator.py
[2021-10-13 05:14:14,059] {scheduler_job.py:629} INFO - Processing file /home/airflow/.local/lib/python3.6/site-packages/airflow/example_dags/example_branch_operator.py for tasks to queue
[2021-10-13 05:14:14,060] {logging_mixin.py:104} INFO - [2021-10-13 05:14:14,060] {dagbag.py:451} INFO - Filling up the DagBag from /home/airflow/.local/lib/python3.6/site-packages/airflow/example_dags/example_branch_operator.py
[2021-10-13 05:14:14,076] {scheduler_job.py:639} INFO - DAG(s) dict_keys(['example_branch_operator']) retrieved from /home/airflow/.local/lib/python3.6/site-packages/airflow/example_dags/example_branch_operator.py
[2021-10-13 05:14:14,101] {logging_mixin.py:104} INFO - [2021-10-13 05:14:14,101] {dag.py:1824} INFO - Sync 1 DAGs
[2021-10-13 05:14:14,127] {logging_mixin.py:104} INFO - [2021-10-13 05:14:14,127] {dag.py:2280} INFO - Setting next_dagrun for example_branch_operator to 2021-10-11 00:00:00+00:00
[2021-10-13 05:14:14,140] {scheduler_job.py:190} INFO - Processing /home/airflow/.local/lib/python3.6/site-packages/airflow/example_dags/example_branch_operator.py took 0.086 seconds
[2021-10-13 05:26:30,907] {scheduler_job.py:182} INFO - Started process (PID=1576) to work on /home/airflow/.local/lib/python3.6/site-packages/airflow/example_dags/example_branch_operator.py
[2021-10-13 05:26:30,909] {scheduler_job.py:629} INFO - Processing file /home/airflow/.local/lib/python3.6/site-packages/airflow/example_dags/example_branch_operator.py for tasks to queue
[2021-10-13 05:26:30,911] {logging_mixin.py:104} INFO - [2021-10-13 05:26:30,911] {dagbag.py:451} INFO - Filling up the DagBag from /home/airflow/.local/lib/python3.6/site-packages/airflow/example_dags/example_branch_operator.py
[2021-10-13 05:26:30,936] {scheduler_job.py:639} INFO - DAG(s) dict_keys(['example_branch_operator']) retrieved from /home/airflow/.local/lib/python3.6/site-packages/airflow/example_dags/example_branch_operator.py
[2021-10-13 05:26:31,005] {logging_mixin.py:104} INFO - [2021-10-13 05:26:31,005] {dag.py:1824} INFO - Sync 1 DAGs
[2021-10-13 05:26:31,104] {logging_mixin.py:104} INFO - [2021-10-13 05:26:31,103] {dag.py:2280} INFO - Setting next_dagrun for example_branch_operator to 2021-10-11 00:00:00+00:00
[2021-10-13 05:26:31,131] {scheduler_job.py:190} INFO - Processing /home/airflow/.local/lib/python3.6/site-packages/airflow/example_dags/example_branch_operator.py took 0.229 seconds
[2021-10-13 05:27:01,308] {scheduler_job.py:182} INFO - Started process (PID=1608) to work on /home/airflow/.local/lib/python3.6/site-packages/airflow/example_dags/example_branch_operator.py
[2021-10-13 05:27:01,309] {scheduler_job.py:629} INFO - Processing file /home/airflow/.local/lib/python3.6/site-packages/airflow/example_dags/example_branch_operator.py for tasks to queue
[2021-10-13 05:27:01,310] {logging_mixin.py:104} INFO - [2021-10-13 05:27:01,310] {dagbag.py:451} INFO - Filling up the DagBag from /home/airflow/.local/lib/python3.6/site-packages/airflow/example_dags/example_branch_operator.py
[2021-10-13 05:27:01,328] {scheduler_job.py:639} INFO - DAG(s) dict_keys(['example_branch_operator']) retrieved from /home/airflow/.local/lib/python3.6/site-packages/airflow/example_dags/example_branch_operator.py
[2021-10-13 05:27:01,351] {logging_mixin.py:104} INFO - [2021-10-13 05:27:01,351] {dag.py:1824} INFO - Sync 1 DAGs
[2021-10-13 05:27:01,375] {logging_mixin.py:104} INFO - [2021-10-13 05:27:01,375] {dag.py:2280} INFO - Setting next_dagrun for example_branch_operator to 2021-10-11 00:00:00+00:00
[2021-10-13 05:27:01,389] {scheduler_job.py:190} INFO - Processing /home/airflow/.local/lib/python3.6/site-packages/airflow/example_dags/example_branch_operator.py took 0.085 seconds
[2021-10-13 05:27:31,510] {scheduler_job.py:182} INFO - Started process (PID=1641) to work on /home/airflow/.local/lib/python3.6/site-packages/airflow/example_dags/example_branch_operator.py
[2021-10-13 05:27:31,512] {scheduler_job.py:629} INFO - Processing file /home/airflow/.local/lib/python3.6/site-packages/airflow/example_dags/example_branch_operator.py for tasks to queue
[2021-10-13 05:27:31,513] {logging_mixin.py:104} INFO - [2021-10-13 05:27:31,513] {dagbag.py:451} INFO - Filling up the DagBag from /home/airflow/.local/lib/python3.6/site-packages/airflow/example_dags/example_branch_operator.py
[2021-10-13 05:27:31,530] {scheduler_job.py:639} INFO - DAG(s) dict_keys(['example_branch_operator']) retrieved from /home/airflow/.local/lib/python3.6/site-packages/airflow/example_dags/example_branch_operator.py
[2021-10-13 05:27:31,557] {logging_mixin.py:104} INFO - [2021-10-13 05:27:31,557] {dag.py:1824} INFO - Sync 1 DAGs
[2021-10-13 05:27:31,594] {logging_mixin.py:104} INFO - [2021-10-13 05:27:31,594] {dag.py:2280} INFO - Setting next_dagrun for example_branch_operator to 2021-10-11 00:00:00+00:00
[2021-10-13 05:27:31,609] {scheduler_job.py:190} INFO - Processing /home/airflow/.local/lib/python3.6/site-packages/airflow/example_dags/example_branch_operator.py took 0.103 seconds
[2021-10-13 05:28:01,981] {scheduler_job.py:182} INFO - Started process (PID=1669) to work on /home/airflow/.local/lib/python3.6/site-packages/airflow/example_dags/example_branch_operator.py
[2021-10-13 05:28:01,982] {scheduler_job.py:629} INFO - Processing file /home/airflow/.local/lib/python3.6/site-packages/airflow/example_dags/example_branch_operator.py for tasks to queue
[2021-10-13 05:28:01,984] {logging_mixin.py:104} INFO - [2021-10-13 05:28:01,984] {dagbag.py:451} INFO - Filling up the DagBag from /home/airflow/.local/lib/python3.6/site-packages/airflow/example_dags/example_branch_operator.py
[2021-10-13 05:28:02,005] {scheduler_job.py:639} INFO - DAG(s) dict_keys(['example_branch_operator']) retrieved from /home/airflow/.local/lib/python3.6/site-packages/airflow/example_dags/example_branch_operator.py
[2021-10-13 05:28:02,034] {logging_mixin.py:104} INFO - [2021-10-13 05:28:02,034] {dag.py:1824} INFO - Sync 1 DAGs
[2021-10-13 05:28:02,062] {logging_mixin.py:104} INFO - [2021-10-13 05:28:02,062] {dag.py:2280} INFO - Setting next_dagrun for example_branch_operator to 2021-10-11 00:00:00+00:00
[2021-10-13 05:28:02,080] {scheduler_job.py:190} INFO - Processing /home/airflow/.local/lib/python3.6/site-packages/airflow/example_dags/example_branch_operator.py took 0.102 seconds
[2021-10-13 05:28:32,466] {scheduler_job.py:182} INFO - Started process (PID=1702) to work on /home/airflow/.local/lib/python3.6/site-packages/airflow/example_dags/example_branch_operator.py
[2021-10-13 05:28:32,472] {scheduler_job.py:629} INFO - Processing file /home/airflow/.local/lib/python3.6/site-packages/airflow/example_dags/example_branch_operator.py for tasks to queue
[2021-10-13 05:28:32,477] {logging_mixin.py:104} INFO - [2021-10-13 05:28:32,476] {dagbag.py:451} INFO - Filling up the DagBag from /home/airflow/.local/lib/python3.6/site-packages/airflow/example_dags/example_branch_operator.py
[2021-10-13 05:28:32,555] {scheduler_job.py:639} INFO - DAG(s) dict_keys(['example_branch_operator']) retrieved from /home/airflow/.local/lib/python3.6/site-packages/airflow/example_dags/example_branch_operator.py
[2021-10-13 05:28:32,600] {logging_mixin.py:104} INFO - [2021-10-13 05:28:32,599] {dag.py:1824} INFO - Sync 1 DAGs
[2021-10-13 05:28:32,625] {logging_mixin.py:104} INFO - [2021-10-13 05:28:32,625] {dag.py:2280} INFO - Setting next_dagrun for example_branch_operator to 2021-10-11 00:00:00+00:00
[2021-10-13 05:28:32,642] {scheduler_job.py:190} INFO - Processing /home/airflow/.local/lib/python3.6/site-packages/airflow/example_dags/example_branch_operator.py took 0.190 seconds
[2021-10-13 05:29:02,819] {scheduler_job.py:182} INFO - Started process (PID=1735) to work on /home/airflow/.local/lib/python3.6/site-packages/airflow/example_dags/example_branch_operator.py
[2021-10-13 05:29:02,821] {scheduler_job.py:629} INFO - Processing file /home/airflow/.local/lib/python3.6/site-packages/airflow/example_dags/example_branch_operator.py for tasks to queue
[2021-10-13 05:29:02,822] {logging_mixin.py:104} INFO - [2021-10-13 05:29:02,822] {dagbag.py:451} INFO - Filling up the DagBag from /home/airflow/.local/lib/python3.6/site-packages/airflow/example_dags/example_branch_operator.py
[2021-10-13 05:29:02,860] {scheduler_job.py:639} INFO - DAG(s) dict_keys(['example_branch_operator']) retrieved from /home/airflow/.local/lib/python3.6/site-packages/airflow/example_dags/example_branch_operator.py
[2021-10-13 05:29:02,894] {logging_mixin.py:104} INFO - [2021-10-13 05:29:02,893] {dag.py:1824} INFO - Sync 1 DAGs
[2021-10-13 05:29:02,915] {logging_mixin.py:104} INFO - [2021-10-13 05:29:02,914] {dag.py:2280} INFO - Setting next_dagrun for example_branch_operator to 2021-10-11 00:00:00+00:00
[2021-10-13 05:29:02,935] {scheduler_job.py:190} INFO - Processing /home/airflow/.local/lib/python3.6/site-packages/airflow/example_dags/example_branch_operator.py took 0.120 seconds
[2021-10-13 05:29:33,261] {scheduler_job.py:182} INFO - Started process (PID=1768) to work on /home/airflow/.local/lib/python3.6/site-packages/airflow/example_dags/example_branch_operator.py
[2021-10-13 05:29:33,267] {scheduler_job.py:629} INFO - Processing file /home/airflow/.local/lib/python3.6/site-packages/airflow/example_dags/example_branch_operator.py for tasks to queue
[2021-10-13 05:29:33,274] {logging_mixin.py:104} INFO - [2021-10-13 05:29:33,273] {dagbag.py:451} INFO - Filling up the DagBag from /home/airflow/.local/lib/python3.6/site-packages/airflow/example_dags/example_branch_operator.py
[2021-10-13 05:29:33,376] {scheduler_job.py:639} INFO - DAG(s) dict_keys(['example_branch_operator']) retrieved from /home/airflow/.local/lib/python3.6/site-packages/airflow/example_dags/example_branch_operator.py
[2021-10-13 05:29:33,430] {logging_mixin.py:104} INFO - [2021-10-13 05:29:33,429] {dag.py:1824} INFO - Sync 1 DAGs
[2021-10-13 05:29:33,472] {logging_mixin.py:104} INFO - [2021-10-13 05:29:33,471] {dag.py:2280} INFO - Setting next_dagrun for example_branch_operator to 2021-10-11 00:00:00+00:00
[2021-10-13 05:29:33,487] {scheduler_job.py:190} INFO - Processing /home/airflow/.local/lib/python3.6/site-packages/airflow/example_dags/example_branch_operator.py took 0.238 seconds
[2021-10-13 05:30:03,849] {scheduler_job.py:182} INFO - Started process (PID=1802) to work on /home/airflow/.local/lib/python3.6/site-packages/airflow/example_dags/example_branch_operator.py
[2021-10-13 05:30:03,858] {scheduler_job.py:629} INFO - Processing file /home/airflow/.local/lib/python3.6/site-packages/airflow/example_dags/example_branch_operator.py for tasks to queue
[2021-10-13 05:30:03,861] {logging_mixin.py:104} INFO - [2021-10-13 05:30:03,861] {dagbag.py:451} INFO - Filling up the DagBag from /home/airflow/.local/lib/python3.6/site-packages/airflow/example_dags/example_branch_operator.py
[2021-10-13 05:30:03,938] {scheduler_job.py:639} INFO - DAG(s) dict_keys(['example_branch_operator']) retrieved from /home/airflow/.local/lib/python3.6/site-packages/airflow/example_dags/example_branch_operator.py
[2021-10-13 05:30:03,981] {logging_mixin.py:104} INFO - [2021-10-13 05:30:03,980] {dag.py:1824} INFO - Sync 1 DAGs
[2021-10-13 05:30:04,009] {logging_mixin.py:104} INFO - [2021-10-13 05:30:04,009] {dag.py:2280} INFO - Setting next_dagrun for example_branch_operator to 2021-10-11 00:00:00+00:00
[2021-10-13 05:30:04,024] {scheduler_job.py:190} INFO - Processing /home/airflow/.local/lib/python3.6/site-packages/airflow/example_dags/example_branch_operator.py took 0.190 seconds
[2021-10-13 05:30:34,456] {scheduler_job.py:182} INFO - Started process (PID=1835) to work on /home/airflow/.local/lib/python3.6/site-packages/airflow/example_dags/example_branch_operator.py
[2021-10-13 05:30:34,468] {scheduler_job.py:629} INFO - Processing file /home/airflow/.local/lib/python3.6/site-packages/airflow/example_dags/example_branch_operator.py for tasks to queue
[2021-10-13 05:30:34,475] {logging_mixin.py:104} INFO - [2021-10-13 05:30:34,475] {dagbag.py:451} INFO - Filling up the DagBag from /home/airflow/.local/lib/python3.6/site-packages/airflow/example_dags/example_branch_operator.py
[2021-10-13 05:30:34,535] {scheduler_job.py:639} INFO - DAG(s) dict_keys(['example_branch_operator']) retrieved from /home/airflow/.local/lib/python3.6/site-packages/airflow/example_dags/example_branch_operator.py
[2021-10-13 05:30:34,579] {logging_mixin.py:104} INFO - [2021-10-13 05:30:34,579] {dag.py:1824} INFO - Sync 1 DAGs
[2021-10-13 05:30:34,627] {logging_mixin.py:104} INFO - [2021-10-13 05:30:34,627] {dag.py:2280} INFO - Setting next_dagrun for example_branch_operator to 2021-10-11 00:00:00+00:00
[2021-10-13 05:30:34,651] {scheduler_job.py:190} INFO - Processing /home/airflow/.local/lib/python3.6/site-packages/airflow/example_dags/example_branch_operator.py took 0.200 seconds
[2021-10-13 05:31:05,026] {scheduler_job.py:182} INFO - Started process (PID=1868) to work on /home/airflow/.local/lib/python3.6/site-packages/airflow/example_dags/example_branch_operator.py
[2021-10-13 05:31:05,028] {scheduler_job.py:629} INFO - Processing file /home/airflow/.local/lib/python3.6/site-packages/airflow/example_dags/example_branch_operator.py for tasks to queue
[2021-10-13 05:31:05,029] {logging_mixin.py:104} INFO - [2021-10-13 05:31:05,029] {dagbag.py:451} INFO - Filling up the DagBag from /home/airflow/.local/lib/python3.6/site-packages/airflow/example_dags/example_branch_operator.py
[2021-10-13 05:31:05,049] {scheduler_job.py:639} INFO - DAG(s) dict_keys(['example_branch_operator']) retrieved from /home/airflow/.local/lib/python3.6/site-packages/airflow/example_dags/example_branch_operator.py
[2021-10-13 05:31:05,075] {logging_mixin.py:104} INFO - [2021-10-13 05:31:05,075] {dag.py:1824} INFO - Sync 1 DAGs
[2021-10-13 05:31:05,104] {logging_mixin.py:104} INFO - [2021-10-13 05:31:05,104] {dag.py:2280} INFO - Setting next_dagrun for example_branch_operator to 2021-10-11 00:00:00+00:00
[2021-10-13 05:31:05,120] {scheduler_job.py:190} INFO - Processing /home/airflow/.local/lib/python3.6/site-packages/airflow/example_dags/example_branch_operator.py took 0.099 seconds
[2021-10-13 05:31:35,962] {scheduler_job.py:182} INFO - Started process (PID=1901) to work on /home/airflow/.local/lib/python3.6/site-packages/airflow/example_dags/example_branch_operator.py
[2021-10-13 05:31:35,963] {scheduler_job.py:629} INFO - Processing file /home/airflow/.local/lib/python3.6/site-packages/airflow/example_dags/example_branch_operator.py for tasks to queue
[2021-10-13 05:31:35,964] {logging_mixin.py:104} INFO - [2021-10-13 05:31:35,964] {dagbag.py:451} INFO - Filling up the DagBag from /home/airflow/.local/lib/python3.6/site-packages/airflow/example_dags/example_branch_operator.py
[2021-10-13 05:31:35,981] {scheduler_job.py:639} INFO - DAG(s) dict_keys(['example_branch_operator']) retrieved from /home/airflow/.local/lib/python3.6/site-packages/airflow/example_dags/example_branch_operator.py
[2021-10-13 05:31:36,008] {logging_mixin.py:104} INFO - [2021-10-13 05:31:36,008] {dag.py:1824} INFO - Sync 1 DAGs
[2021-10-13 05:31:36,033] {logging_mixin.py:104} INFO - [2021-10-13 05:31:36,033] {dag.py:2280} INFO - Setting next_dagrun for example_branch_operator to 2021-10-11 00:00:00+00:00
[2021-10-13 05:31:36,048] {scheduler_job.py:190} INFO - Processing /home/airflow/.local/lib/python3.6/site-packages/airflow/example_dags/example_branch_operator.py took 0.090 seconds
[2021-10-13 05:32:06,373] {scheduler_job.py:182} INFO - Started process (PID=1934) to work on /home/airflow/.local/lib/python3.6/site-packages/airflow/example_dags/example_branch_operator.py
[2021-10-13 05:32:06,376] {scheduler_job.py:629} INFO - Processing file /home/airflow/.local/lib/python3.6/site-packages/airflow/example_dags/example_branch_operator.py for tasks to queue
[2021-10-13 05:32:06,377] {logging_mixin.py:104} INFO - [2021-10-13 05:32:06,377] {dagbag.py:451} INFO - Filling up the DagBag from /home/airflow/.local/lib/python3.6/site-packages/airflow/example_dags/example_branch_operator.py
[2021-10-13 05:32:06,394] {scheduler_job.py:639} INFO - DAG(s) dict_keys(['example_branch_operator']) retrieved from /home/airflow/.local/lib/python3.6/site-packages/airflow/example_dags/example_branch_operator.py
[2021-10-13 05:32:06,417] {logging_mixin.py:104} INFO - [2021-10-13 05:32:06,417] {dag.py:1824} INFO - Sync 1 DAGs
[2021-10-13 05:32:06,441] {logging_mixin.py:104} INFO - [2021-10-13 05:32:06,441] {dag.py:2280} INFO - Setting next_dagrun for example_branch_operator to 2021-10-11 00:00:00+00:00
[2021-10-13 05:32:06,460] {scheduler_job.py:190} INFO - Processing /home/airflow/.local/lib/python3.6/site-packages/airflow/example_dags/example_branch_operator.py took 0.091 seconds
[2021-10-13 05:32:36,837] {scheduler_job.py:182} INFO - Started process (PID=1967) to work on /home/airflow/.local/lib/python3.6/site-packages/airflow/example_dags/example_branch_operator.py
[2021-10-13 05:32:36,840] {scheduler_job.py:629} INFO - Processing file /home/airflow/.local/lib/python3.6/site-packages/airflow/example_dags/example_branch_operator.py for tasks to queue
[2021-10-13 05:32:36,841] {logging_mixin.py:104} INFO - [2021-10-13 05:32:36,841] {dagbag.py:451} INFO - Filling up the DagBag from /home/airflow/.local/lib/python3.6/site-packages/airflow/example_dags/example_branch_operator.py
[2021-10-13 05:32:36,866] {scheduler_job.py:639} INFO - DAG(s) dict_keys(['example_branch_operator']) retrieved from /home/airflow/.local/lib/python3.6/site-packages/airflow/example_dags/example_branch_operator.py
[2021-10-13 05:32:36,893] {logging_mixin.py:104} INFO - [2021-10-13 05:32:36,893] {dag.py:1824} INFO - Sync 1 DAGs
[2021-10-13 05:32:36,918] {logging_mixin.py:104} INFO - [2021-10-13 05:32:36,918] {dag.py:2280} INFO - Setting next_dagrun for example_branch_operator to 2021-10-11 00:00:00+00:00
[2021-10-13 05:32:36,935] {scheduler_job.py:190} INFO - Processing /home/airflow/.local/lib/python3.6/site-packages/airflow/example_dags/example_branch_operator.py took 0.108 seconds
[2021-10-13 05:33:07,008] {scheduler_job.py:182} INFO - Started process (PID=2000) to work on /home/airflow/.local/lib/python3.6/site-packages/airflow/example_dags/example_branch_operator.py
[2021-10-13 05:33:07,010] {scheduler_job.py:629} INFO - Processing file /home/airflow/.local/lib/python3.6/site-packages/airflow/example_dags/example_branch_operator.py for tasks to queue
[2021-10-13 05:33:07,011] {logging_mixin.py:104} INFO - [2021-10-13 05:33:07,011] {dagbag.py:451} INFO - Filling up the DagBag from /home/airflow/.local/lib/python3.6/site-packages/airflow/example_dags/example_branch_operator.py
[2021-10-13 05:33:07,030] {scheduler_job.py:639} INFO - DAG(s) dict_keys(['example_branch_operator']) retrieved from /home/airflow/.local/lib/python3.6/site-packages/airflow/example_dags/example_branch_operator.py
[2021-10-13 05:33:07,059] {logging_mixin.py:104} INFO - [2021-10-13 05:33:07,059] {dag.py:1824} INFO - Sync 1 DAGs
[2021-10-13 05:33:07,092] {logging_mixin.py:104} INFO - [2021-10-13 05:33:07,092] {dag.py:2280} INFO - Setting next_dagrun for example_branch_operator to 2021-10-11 00:00:00+00:00
[2021-10-13 05:33:07,109] {scheduler_job.py:190} INFO - Processing /home/airflow/.local/lib/python3.6/site-packages/airflow/example_dags/example_branch_operator.py took 0.105 seconds
[2021-10-13 05:33:37,194] {scheduler_job.py:182} INFO - Started process (PID=2033) to work on /home/airflow/.local/lib/python3.6/site-packages/airflow/example_dags/example_branch_operator.py
[2021-10-13 05:33:37,199] {scheduler_job.py:629} INFO - Processing file /home/airflow/.local/lib/python3.6/site-packages/airflow/example_dags/example_branch_operator.py for tasks to queue
[2021-10-13 05:33:37,202] {logging_mixin.py:104} INFO - [2021-10-13 05:33:37,202] {dagbag.py:451} INFO - Filling up the DagBag from /home/airflow/.local/lib/python3.6/site-packages/airflow/example_dags/example_branch_operator.py
[2021-10-13 05:33:37,234] {scheduler_job.py:639} INFO - DAG(s) dict_keys(['example_branch_operator']) retrieved from /home/airflow/.local/lib/python3.6/site-packages/airflow/example_dags/example_branch_operator.py
[2021-10-13 05:33:37,260] {logging_mixin.py:104} INFO - [2021-10-13 05:33:37,260] {dag.py:1824} INFO - Sync 1 DAGs
[2021-10-13 05:33:37,288] {logging_mixin.py:104} INFO - [2021-10-13 05:33:37,288] {dag.py:2280} INFO - Setting next_dagrun for example_branch_operator to 2021-10-11 00:00:00+00:00
[2021-10-13 05:33:37,304] {scheduler_job.py:190} INFO - Processing /home/airflow/.local/lib/python3.6/site-packages/airflow/example_dags/example_branch_operator.py took 0.127 seconds
[2021-10-13 05:34:07,899] {scheduler_job.py:182} INFO - Started process (PID=2066) to work on /home/airflow/.local/lib/python3.6/site-packages/airflow/example_dags/example_branch_operator.py
[2021-10-13 05:34:07,902] {scheduler_job.py:629} INFO - Processing file /home/airflow/.local/lib/python3.6/site-packages/airflow/example_dags/example_branch_operator.py for tasks to queue
[2021-10-13 05:34:07,904] {logging_mixin.py:104} INFO - [2021-10-13 05:34:07,903] {dagbag.py:451} INFO - Filling up the DagBag from /home/airflow/.local/lib/python3.6/site-packages/airflow/example_dags/example_branch_operator.py
[2021-10-13 05:34:07,926] {scheduler_job.py:639} INFO - DAG(s) dict_keys(['example_branch_operator']) retrieved from /home/airflow/.local/lib/python3.6/site-packages/airflow/example_dags/example_branch_operator.py
[2021-10-13 05:34:07,952] {logging_mixin.py:104} INFO - [2021-10-13 05:34:07,952] {dag.py:1824} INFO - Sync 1 DAGs
[2021-10-13 05:34:07,977] {logging_mixin.py:104} INFO - [2021-10-13 05:34:07,977] {dag.py:2280} INFO - Setting next_dagrun for example_branch_operator to 2021-10-11 00:00:00+00:00
[2021-10-13 05:34:07,992] {scheduler_job.py:190} INFO - Processing /home/airflow/.local/lib/python3.6/site-packages/airflow/example_dags/example_branch_operator.py took 0.100 seconds
[2021-10-13 05:34:38,327] {scheduler_job.py:182} INFO - Started process (PID=2099) to work on /home/airflow/.local/lib/python3.6/site-packages/airflow/example_dags/example_branch_operator.py
[2021-10-13 05:34:38,329] {scheduler_job.py:629} INFO - Processing file /home/airflow/.local/lib/python3.6/site-packages/airflow/example_dags/example_branch_operator.py for tasks to queue
[2021-10-13 05:34:38,331] {logging_mixin.py:104} INFO - [2021-10-13 05:34:38,330] {dagbag.py:451} INFO - Filling up the DagBag from /home/airflow/.local/lib/python3.6/site-packages/airflow/example_dags/example_branch_operator.py
[2021-10-13 05:34:38,353] {scheduler_job.py:639} INFO - DAG(s) dict_keys(['example_branch_operator']) retrieved from /home/airflow/.local/lib/python3.6/site-packages/airflow/example_dags/example_branch_operator.py
[2021-10-13 05:34:38,387] {logging_mixin.py:104} INFO - [2021-10-13 05:34:38,387] {dag.py:1824} INFO - Sync 1 DAGs
[2021-10-13 05:34:38,420] {logging_mixin.py:104} INFO - [2021-10-13 05:34:38,420] {dag.py:2280} INFO - Setting next_dagrun for example_branch_operator to 2021-10-11 00:00:00+00:00
[2021-10-13 05:34:38,436] {scheduler_job.py:190} INFO - Processing /home/airflow/.local/lib/python3.6/site-packages/airflow/example_dags/example_branch_operator.py took 0.117 seconds
[2021-10-13 05:35:09,072] {scheduler_job.py:182} INFO - Started process (PID=2132) to work on /home/airflow/.local/lib/python3.6/site-packages/airflow/example_dags/example_branch_operator.py
[2021-10-13 05:35:09,074] {scheduler_job.py:629} INFO - Processing file /home/airflow/.local/lib/python3.6/site-packages/airflow/example_dags/example_branch_operator.py for tasks to queue
[2021-10-13 05:35:09,076] {logging_mixin.py:104} INFO - [2021-10-13 05:35:09,075] {dagbag.py:451} INFO - Filling up the DagBag from /home/airflow/.local/lib/python3.6/site-packages/airflow/example_dags/example_branch_operator.py
[2021-10-13 05:35:09,092] {scheduler_job.py:639} INFO - DAG(s) dict_keys(['example_branch_operator']) retrieved from /home/airflow/.local/lib/python3.6/site-packages/airflow/example_dags/example_branch_operator.py
[2021-10-13 05:35:09,123] {logging_mixin.py:104} INFO - [2021-10-13 05:35:09,123] {dag.py:1824} INFO - Sync 1 DAGs
[2021-10-13 05:35:09,157] {logging_mixin.py:104} INFO - [2021-10-13 05:35:09,157] {dag.py:2280} INFO - Setting next_dagrun for example_branch_operator to 2021-10-11 00:00:00+00:00
[2021-10-13 05:35:09,176] {scheduler_job.py:190} INFO - Processing /home/airflow/.local/lib/python3.6/site-packages/airflow/example_dags/example_branch_operator.py took 0.108 seconds
[2021-10-13 05:35:39,612] {scheduler_job.py:182} INFO - Started process (PID=2165) to work on /home/airflow/.local/lib/python3.6/site-packages/airflow/example_dags/example_branch_operator.py
[2021-10-13 05:35:39,618] {scheduler_job.py:629} INFO - Processing file /home/airflow/.local/lib/python3.6/site-packages/airflow/example_dags/example_branch_operator.py for tasks to queue
[2021-10-13 05:35:39,621] {logging_mixin.py:104} INFO - [2021-10-13 05:35:39,621] {dagbag.py:451} INFO - Filling up the DagBag from /home/airflow/.local/lib/python3.6/site-packages/airflow/example_dags/example_branch_operator.py
[2021-10-13 05:35:39,689] {scheduler_job.py:639} INFO - DAG(s) dict_keys(['example_branch_operator']) retrieved from /home/airflow/.local/lib/python3.6/site-packages/airflow/example_dags/example_branch_operator.py
[2021-10-13 05:35:39,757] {logging_mixin.py:104} INFO - [2021-10-13 05:35:39,757] {dag.py:1824} INFO - Sync 1 DAGs
[2021-10-13 05:35:39,787] {logging_mixin.py:104} INFO - [2021-10-13 05:35:39,787] {dag.py:2280} INFO - Setting next_dagrun for example_branch_operator to 2021-10-11 00:00:00+00:00
[2021-10-13 05:35:39,804] {scheduler_job.py:190} INFO - Processing /home/airflow/.local/lib/python3.6/site-packages/airflow/example_dags/example_branch_operator.py took 0.206 seconds
[2021-10-13 05:36:10,292] {scheduler_job.py:182} INFO - Started process (PID=2203) to work on /home/airflow/.local/lib/python3.6/site-packages/airflow/example_dags/example_branch_operator.py
[2021-10-13 05:36:10,294] {scheduler_job.py:629} INFO - Processing file /home/airflow/.local/lib/python3.6/site-packages/airflow/example_dags/example_branch_operator.py for tasks to queue
[2021-10-13 05:36:10,295] {logging_mixin.py:104} INFO - [2021-10-13 05:36:10,295] {dagbag.py:451} INFO - Filling up the DagBag from /home/airflow/.local/lib/python3.6/site-packages/airflow/example_dags/example_branch_operator.py
[2021-10-13 05:36:10,314] {scheduler_job.py:639} INFO - DAG(s) dict_keys(['example_branch_operator']) retrieved from /home/airflow/.local/lib/python3.6/site-packages/airflow/example_dags/example_branch_operator.py
[2021-10-13 05:36:10,341] {logging_mixin.py:104} INFO - [2021-10-13 05:36:10,341] {dag.py:1824} INFO - Sync 1 DAGs
[2021-10-13 05:36:10,370] {logging_mixin.py:104} INFO - [2021-10-13 05:36:10,370] {dag.py:2280} INFO - Setting next_dagrun for example_branch_operator to 2021-10-11 00:00:00+00:00
[2021-10-13 05:36:10,386] {scheduler_job.py:190} INFO - Processing /home/airflow/.local/lib/python3.6/site-packages/airflow/example_dags/example_branch_operator.py took 0.100 seconds
[2021-10-13 05:36:41,256] {scheduler_job.py:182} INFO - Started process (PID=2236) to work on /home/airflow/.local/lib/python3.6/site-packages/airflow/example_dags/example_branch_operator.py
[2021-10-13 05:36:41,258] {scheduler_job.py:629} INFO - Processing file /home/airflow/.local/lib/python3.6/site-packages/airflow/example_dags/example_branch_operator.py for tasks to queue
[2021-10-13 05:36:41,260] {logging_mixin.py:104} INFO - [2021-10-13 05:36:41,259] {dagbag.py:451} INFO - Filling up the DagBag from /home/airflow/.local/lib/python3.6/site-packages/airflow/example_dags/example_branch_operator.py
[2021-10-13 05:36:41,284] {scheduler_job.py:639} INFO - DAG(s) dict_keys(['example_branch_operator']) retrieved from /home/airflow/.local/lib/python3.6/site-packages/airflow/example_dags/example_branch_operator.py
[2021-10-13 05:36:41,311] {logging_mixin.py:104} INFO - [2021-10-13 05:36:41,311] {dag.py:1824} INFO - Sync 1 DAGs
[2021-10-13 05:36:41,338] {logging_mixin.py:104} INFO - [2021-10-13 05:36:41,338] {dag.py:2280} INFO - Setting next_dagrun for example_branch_operator to 2021-10-11 00:00:00+00:00
[2021-10-13 05:36:41,354] {scheduler_job.py:190} INFO - Processing /home/airflow/.local/lib/python3.6/site-packages/airflow/example_dags/example_branch_operator.py took 0.103 seconds
[2021-10-13 05:37:12,011] {scheduler_job.py:182} INFO - Started process (PID=2274) to work on /home/airflow/.local/lib/python3.6/site-packages/airflow/example_dags/example_branch_operator.py
[2021-10-13 05:37:12,015] {scheduler_job.py:629} INFO - Processing file /home/airflow/.local/lib/python3.6/site-packages/airflow/example_dags/example_branch_operator.py for tasks to queue
[2021-10-13 05:37:12,017] {logging_mixin.py:104} INFO - [2021-10-13 05:37:12,017] {dagbag.py:451} INFO - Filling up the DagBag from /home/airflow/.local/lib/python3.6/site-packages/airflow/example_dags/example_branch_operator.py
[2021-10-13 05:37:12,047] {scheduler_job.py:639} INFO - DAG(s) dict_keys(['example_branch_operator']) retrieved from /home/airflow/.local/lib/python3.6/site-packages/airflow/example_dags/example_branch_operator.py
[2021-10-13 05:37:12,079] {logging_mixin.py:104} INFO - [2021-10-13 05:37:12,079] {dag.py:1824} INFO - Sync 1 DAGs
[2021-10-13 05:37:12,111] {logging_mixin.py:104} INFO - [2021-10-13 05:37:12,111] {dag.py:2280} INFO - Setting next_dagrun for example_branch_operator to 2021-10-11 00:00:00+00:00
[2021-10-13 05:37:12,130] {scheduler_job.py:190} INFO - Processing /home/airflow/.local/lib/python3.6/site-packages/airflow/example_dags/example_branch_operator.py took 0.132 seconds
[2021-10-13 05:37:42,490] {scheduler_job.py:182} INFO - Started process (PID=2307) to work on /home/airflow/.local/lib/python3.6/site-packages/airflow/example_dags/example_branch_operator.py
[2021-10-13 05:37:42,493] {scheduler_job.py:629} INFO - Processing file /home/airflow/.local/lib/python3.6/site-packages/airflow/example_dags/example_branch_operator.py for tasks to queue
[2021-10-13 05:37:42,494] {logging_mixin.py:104} INFO - [2021-10-13 05:37:42,494] {dagbag.py:451} INFO - Filling up the DagBag from /home/airflow/.local/lib/python3.6/site-packages/airflow/example_dags/example_branch_operator.py
[2021-10-13 05:37:42,517] {scheduler_job.py:639} INFO - DAG(s) dict_keys(['example_branch_operator']) retrieved from /home/airflow/.local/lib/python3.6/site-packages/airflow/example_dags/example_branch_operator.py
[2021-10-13 05:37:42,545] {logging_mixin.py:104} INFO - [2021-10-13 05:37:42,545] {dag.py:1824} INFO - Sync 1 DAGs
[2021-10-13 05:37:42,576] {logging_mixin.py:104} INFO - [2021-10-13 05:37:42,576] {dag.py:2280} INFO - Setting next_dagrun for example_branch_operator to 2021-10-11 00:00:00+00:00
[2021-10-13 05:37:42,594] {scheduler_job.py:190} INFO - Processing /home/airflow/.local/lib/python3.6/site-packages/airflow/example_dags/example_branch_operator.py took 0.109 seconds
[2021-10-13 05:38:13,172] {scheduler_job.py:182} INFO - Started process (PID=2340) to work on /home/airflow/.local/lib/python3.6/site-packages/airflow/example_dags/example_branch_operator.py
[2021-10-13 05:38:13,174] {scheduler_job.py:629} INFO - Processing file /home/airflow/.local/lib/python3.6/site-packages/airflow/example_dags/example_branch_operator.py for tasks to queue
[2021-10-13 05:38:13,176] {logging_mixin.py:104} INFO - [2021-10-13 05:38:13,176] {dagbag.py:451} INFO - Filling up the DagBag from /home/airflow/.local/lib/python3.6/site-packages/airflow/example_dags/example_branch_operator.py
[2021-10-13 05:38:13,201] {scheduler_job.py:639} INFO - DAG(s) dict_keys(['example_branch_operator']) retrieved from /home/airflow/.local/lib/python3.6/site-packages/airflow/example_dags/example_branch_operator.py
[2021-10-13 05:38:13,229] {logging_mixin.py:104} INFO - [2021-10-13 05:38:13,229] {dag.py:1824} INFO - Sync 1 DAGs
[2021-10-13 05:38:13,256] {logging_mixin.py:104} INFO - [2021-10-13 05:38:13,256] {dag.py:2280} INFO - Setting next_dagrun for example_branch_operator to 2021-10-11 00:00:00+00:00
[2021-10-13 05:38:13,273] {scheduler_job.py:190} INFO - Processing /home/airflow/.local/lib/python3.6/site-packages/airflow/example_dags/example_branch_operator.py took 0.110 seconds
[2021-10-13 05:38:43,549] {scheduler_job.py:182} INFO - Started process (PID=2378) to work on /home/airflow/.local/lib/python3.6/site-packages/airflow/example_dags/example_branch_operator.py
[2021-10-13 05:38:43,552] {scheduler_job.py:629} INFO - Processing file /home/airflow/.local/lib/python3.6/site-packages/airflow/example_dags/example_branch_operator.py for tasks to queue
[2021-10-13 05:38:43,555] {logging_mixin.py:104} INFO - [2021-10-13 05:38:43,555] {dagbag.py:451} INFO - Filling up the DagBag from /home/airflow/.local/lib/python3.6/site-packages/airflow/example_dags/example_branch_operator.py
[2021-10-13 05:38:43,593] {scheduler_job.py:639} INFO - DAG(s) dict_keys(['example_branch_operator']) retrieved from /home/airflow/.local/lib/python3.6/site-packages/airflow/example_dags/example_branch_operator.py
[2021-10-13 05:38:43,620] {logging_mixin.py:104} INFO - [2021-10-13 05:38:43,620] {dag.py:1824} INFO - Sync 1 DAGs
[2021-10-13 05:38:43,646] {logging_mixin.py:104} INFO - [2021-10-13 05:38:43,646] {dag.py:2280} INFO - Setting next_dagrun for example_branch_operator to 2021-10-11 00:00:00+00:00
[2021-10-13 05:38:43,661] {scheduler_job.py:190} INFO - Processing /home/airflow/.local/lib/python3.6/site-packages/airflow/example_dags/example_branch_operator.py took 0.117 seconds
[2021-10-13 05:39:13,811] {scheduler_job.py:182} INFO - Started process (PID=2411) to work on /home/airflow/.local/lib/python3.6/site-packages/airflow/example_dags/example_branch_operator.py
[2021-10-13 05:39:13,813] {scheduler_job.py:629} INFO - Processing file /home/airflow/.local/lib/python3.6/site-packages/airflow/example_dags/example_branch_operator.py for tasks to queue
[2021-10-13 05:39:13,814] {logging_mixin.py:104} INFO - [2021-10-13 05:39:13,814] {dagbag.py:451} INFO - Filling up the DagBag from /home/airflow/.local/lib/python3.6/site-packages/airflow/example_dags/example_branch_operator.py
[2021-10-13 05:39:13,838] {scheduler_job.py:639} INFO - DAG(s) dict_keys(['example_branch_operator']) retrieved from /home/airflow/.local/lib/python3.6/site-packages/airflow/example_dags/example_branch_operator.py
[2021-10-13 05:39:13,869] {logging_mixin.py:104} INFO - [2021-10-13 05:39:13,869] {dag.py:1824} INFO - Sync 1 DAGs
[2021-10-13 05:39:13,897] {logging_mixin.py:104} INFO - [2021-10-13 05:39:13,897] {dag.py:2280} INFO - Setting next_dagrun for example_branch_operator to 2021-10-11 00:00:00+00:00
[2021-10-13 05:39:13,915] {scheduler_job.py:190} INFO - Processing /home/airflow/.local/lib/python3.6/site-packages/airflow/example_dags/example_branch_operator.py took 0.109 seconds
