[2021-10-13 04:51:25,826] {scheduler_job.py:182} INFO - Started process (PID=57) to work on /home/airflow/.local/lib/python3.6/site-packages/airflow/example_dags/example_external_task_marker_dag.py
[2021-10-13 04:51:25,828] {scheduler_job.py:629} INFO - Processing file /home/airflow/.local/lib/python3.6/site-packages/airflow/example_dags/example_external_task_marker_dag.py for tasks to queue
[2021-10-13 04:51:25,830] {logging_mixin.py:104} INFO - [2021-10-13 04:51:25,830] {dagbag.py:451} INFO - Filling up the DagBag from /home/airflow/.local/lib/python3.6/site-packages/airflow/example_dags/example_external_task_marker_dag.py
[2021-10-13 04:51:25,866] {scheduler_job.py:639} INFO - DAG(s) dict_keys(['example_external_task_marker_parent', 'example_external_task_marker_child']) retrieved from /home/airflow/.local/lib/python3.6/site-packages/airflow/example_dags/example_external_task_marker_dag.py
[2021-10-13 04:51:25,922] {logging_mixin.py:104} INFO - [2021-10-13 04:51:25,922] {dag.py:1824} INFO - Sync 2 DAGs
[2021-10-13 04:51:25,957] {logging_mixin.py:104} INFO - [2021-10-13 04:51:25,957] {dag.py:2280} INFO - Setting next_dagrun for example_external_task_marker_child to None
[2021-10-13 04:51:25,959] {logging_mixin.py:104} INFO - [2021-10-13 04:51:25,959] {dag.py:2280} INFO - Setting next_dagrun for example_external_task_marker_parent to None
[2021-10-13 04:51:25,990] {scheduler_job.py:190} INFO - Processing /home/airflow/.local/lib/python3.6/site-packages/airflow/example_dags/example_external_task_marker_dag.py took 0.168 seconds
[2021-10-13 04:51:56,068] {scheduler_job.py:182} INFO - Started process (PID=91) to work on /home/airflow/.local/lib/python3.6/site-packages/airflow/example_dags/example_external_task_marker_dag.py
[2021-10-13 04:51:56,069] {scheduler_job.py:629} INFO - Processing file /home/airflow/.local/lib/python3.6/site-packages/airflow/example_dags/example_external_task_marker_dag.py for tasks to queue
[2021-10-13 04:51:56,070] {logging_mixin.py:104} INFO - [2021-10-13 04:51:56,070] {dagbag.py:451} INFO - Filling up the DagBag from /home/airflow/.local/lib/python3.6/site-packages/airflow/example_dags/example_external_task_marker_dag.py
[2021-10-13 04:51:56,082] {scheduler_job.py:639} INFO - DAG(s) dict_keys(['example_external_task_marker_parent', 'example_external_task_marker_child']) retrieved from /home/airflow/.local/lib/python3.6/site-packages/airflow/example_dags/example_external_task_marker_dag.py
[2021-10-13 04:51:56,112] {logging_mixin.py:104} INFO - [2021-10-13 04:51:56,112] {dag.py:1824} INFO - Sync 2 DAGs
[2021-10-13 04:51:56,130] {logging_mixin.py:104} INFO - [2021-10-13 04:51:56,130] {dag.py:2280} INFO - Setting next_dagrun for example_external_task_marker_child to None
[2021-10-13 04:51:56,131] {logging_mixin.py:104} INFO - [2021-10-13 04:51:56,131] {dag.py:2280} INFO - Setting next_dagrun for example_external_task_marker_parent to None
[2021-10-13 04:51:56,150] {scheduler_job.py:190} INFO - Processing /home/airflow/.local/lib/python3.6/site-packages/airflow/example_dags/example_external_task_marker_dag.py took 0.086 seconds
[2021-10-13 04:52:26,262] {scheduler_job.py:182} INFO - Started process (PID=124) to work on /home/airflow/.local/lib/python3.6/site-packages/airflow/example_dags/example_external_task_marker_dag.py
[2021-10-13 04:52:26,264] {scheduler_job.py:629} INFO - Processing file /home/airflow/.local/lib/python3.6/site-packages/airflow/example_dags/example_external_task_marker_dag.py for tasks to queue
[2021-10-13 04:52:26,265] {logging_mixin.py:104} INFO - [2021-10-13 04:52:26,265] {dagbag.py:451} INFO - Filling up the DagBag from /home/airflow/.local/lib/python3.6/site-packages/airflow/example_dags/example_external_task_marker_dag.py
[2021-10-13 04:52:26,280] {scheduler_job.py:639} INFO - DAG(s) dict_keys(['example_external_task_marker_parent', 'example_external_task_marker_child']) retrieved from /home/airflow/.local/lib/python3.6/site-packages/airflow/example_dags/example_external_task_marker_dag.py
[2021-10-13 04:52:26,324] {logging_mixin.py:104} INFO - [2021-10-13 04:52:26,324] {dag.py:1824} INFO - Sync 2 DAGs
[2021-10-13 04:52:26,349] {logging_mixin.py:104} INFO - [2021-10-13 04:52:26,349] {dag.py:2280} INFO - Setting next_dagrun for example_external_task_marker_child to None
[2021-10-13 04:52:26,350] {logging_mixin.py:104} INFO - [2021-10-13 04:52:26,350] {dag.py:2280} INFO - Setting next_dagrun for example_external_task_marker_parent to None
[2021-10-13 04:52:26,366] {scheduler_job.py:190} INFO - Processing /home/airflow/.local/lib/python3.6/site-packages/airflow/example_dags/example_external_task_marker_dag.py took 0.108 seconds
[2021-10-13 04:52:56,580] {scheduler_job.py:182} INFO - Started process (PID=157) to work on /home/airflow/.local/lib/python3.6/site-packages/airflow/example_dags/example_external_task_marker_dag.py
[2021-10-13 04:52:56,582] {scheduler_job.py:629} INFO - Processing file /home/airflow/.local/lib/python3.6/site-packages/airflow/example_dags/example_external_task_marker_dag.py for tasks to queue
[2021-10-13 04:52:56,582] {logging_mixin.py:104} INFO - [2021-10-13 04:52:56,582] {dagbag.py:451} INFO - Filling up the DagBag from /home/airflow/.local/lib/python3.6/site-packages/airflow/example_dags/example_external_task_marker_dag.py
[2021-10-13 04:52:56,595] {scheduler_job.py:639} INFO - DAG(s) dict_keys(['example_external_task_marker_parent', 'example_external_task_marker_child']) retrieved from /home/airflow/.local/lib/python3.6/site-packages/airflow/example_dags/example_external_task_marker_dag.py
[2021-10-13 04:52:56,620] {logging_mixin.py:104} INFO - [2021-10-13 04:52:56,620] {dag.py:1824} INFO - Sync 2 DAGs
[2021-10-13 04:52:56,640] {logging_mixin.py:104} INFO - [2021-10-13 04:52:56,640] {dag.py:2280} INFO - Setting next_dagrun for example_external_task_marker_child to None
[2021-10-13 04:52:56,642] {logging_mixin.py:104} INFO - [2021-10-13 04:52:56,642] {dag.py:2280} INFO - Setting next_dagrun for example_external_task_marker_parent to None
[2021-10-13 04:52:56,660] {scheduler_job.py:190} INFO - Processing /home/airflow/.local/lib/python3.6/site-packages/airflow/example_dags/example_external_task_marker_dag.py took 0.082 seconds
[2021-10-13 04:53:26,800] {scheduler_job.py:182} INFO - Started process (PID=189) to work on /home/airflow/.local/lib/python3.6/site-packages/airflow/example_dags/example_external_task_marker_dag.py
[2021-10-13 04:53:26,802] {scheduler_job.py:629} INFO - Processing file /home/airflow/.local/lib/python3.6/site-packages/airflow/example_dags/example_external_task_marker_dag.py for tasks to queue
[2021-10-13 04:53:26,806] {logging_mixin.py:104} INFO - [2021-10-13 04:53:26,804] {dagbag.py:451} INFO - Filling up the DagBag from /home/airflow/.local/lib/python3.6/site-packages/airflow/example_dags/example_external_task_marker_dag.py
[2021-10-13 04:53:26,833] {scheduler_job.py:639} INFO - DAG(s) dict_keys(['example_external_task_marker_parent', 'example_external_task_marker_child']) retrieved from /home/airflow/.local/lib/python3.6/site-packages/airflow/example_dags/example_external_task_marker_dag.py
[2021-10-13 04:53:26,873] {logging_mixin.py:104} INFO - [2021-10-13 04:53:26,873] {dag.py:1824} INFO - Sync 2 DAGs
[2021-10-13 04:53:26,894] {logging_mixin.py:104} INFO - [2021-10-13 04:53:26,894] {dag.py:2280} INFO - Setting next_dagrun for example_external_task_marker_child to None
[2021-10-13 04:53:26,895] {logging_mixin.py:104} INFO - [2021-10-13 04:53:26,895] {dag.py:2280} INFO - Setting next_dagrun for example_external_task_marker_parent to None
[2021-10-13 04:53:26,909] {scheduler_job.py:190} INFO - Processing /home/airflow/.local/lib/python3.6/site-packages/airflow/example_dags/example_external_task_marker_dag.py took 0.114 seconds
[2021-10-13 04:53:57,282] {scheduler_job.py:182} INFO - Started process (PID=223) to work on /home/airflow/.local/lib/python3.6/site-packages/airflow/example_dags/example_external_task_marker_dag.py
[2021-10-13 04:53:57,284] {scheduler_job.py:629} INFO - Processing file /home/airflow/.local/lib/python3.6/site-packages/airflow/example_dags/example_external_task_marker_dag.py for tasks to queue
[2021-10-13 04:53:57,285] {logging_mixin.py:104} INFO - [2021-10-13 04:53:57,285] {dagbag.py:451} INFO - Filling up the DagBag from /home/airflow/.local/lib/python3.6/site-packages/airflow/example_dags/example_external_task_marker_dag.py
[2021-10-13 04:53:57,296] {scheduler_job.py:639} INFO - DAG(s) dict_keys(['example_external_task_marker_parent', 'example_external_task_marker_child']) retrieved from /home/airflow/.local/lib/python3.6/site-packages/airflow/example_dags/example_external_task_marker_dag.py
[2021-10-13 04:53:57,321] {logging_mixin.py:104} INFO - [2021-10-13 04:53:57,321] {dag.py:1824} INFO - Sync 2 DAGs
[2021-10-13 04:53:57,335] {logging_mixin.py:104} INFO - [2021-10-13 04:53:57,335] {dag.py:2280} INFO - Setting next_dagrun for example_external_task_marker_child to None
[2021-10-13 04:53:57,337] {logging_mixin.py:104} INFO - [2021-10-13 04:53:57,336] {dag.py:2280} INFO - Setting next_dagrun for example_external_task_marker_parent to None
[2021-10-13 04:53:57,348] {scheduler_job.py:190} INFO - Processing /home/airflow/.local/lib/python3.6/site-packages/airflow/example_dags/example_external_task_marker_dag.py took 0.069 seconds
[2021-10-13 04:54:27,863] {scheduler_job.py:182} INFO - Started process (PID=261) to work on /home/airflow/.local/lib/python3.6/site-packages/airflow/example_dags/example_external_task_marker_dag.py
[2021-10-13 04:54:27,865] {scheduler_job.py:629} INFO - Processing file /home/airflow/.local/lib/python3.6/site-packages/airflow/example_dags/example_external_task_marker_dag.py for tasks to queue
[2021-10-13 04:54:27,866] {logging_mixin.py:104} INFO - [2021-10-13 04:54:27,866] {dagbag.py:451} INFO - Filling up the DagBag from /home/airflow/.local/lib/python3.6/site-packages/airflow/example_dags/example_external_task_marker_dag.py
[2021-10-13 04:54:27,888] {scheduler_job.py:639} INFO - DAG(s) dict_keys(['example_external_task_marker_parent', 'example_external_task_marker_child']) retrieved from /home/airflow/.local/lib/python3.6/site-packages/airflow/example_dags/example_external_task_marker_dag.py
[2021-10-13 04:54:27,928] {logging_mixin.py:104} INFO - [2021-10-13 04:54:27,928] {dag.py:1824} INFO - Sync 2 DAGs
[2021-10-13 04:54:27,946] {logging_mixin.py:104} INFO - [2021-10-13 04:54:27,945] {dag.py:2280} INFO - Setting next_dagrun for example_external_task_marker_child to None
[2021-10-13 04:54:27,947] {logging_mixin.py:104} INFO - [2021-10-13 04:54:27,947] {dag.py:2280} INFO - Setting next_dagrun for example_external_task_marker_parent to None
[2021-10-13 04:54:27,962] {scheduler_job.py:190} INFO - Processing /home/airflow/.local/lib/python3.6/site-packages/airflow/example_dags/example_external_task_marker_dag.py took 0.103 seconds
[2021-10-13 04:54:57,986] {scheduler_job.py:182} INFO - Started process (PID=291) to work on /home/airflow/.local/lib/python3.6/site-packages/airflow/example_dags/example_external_task_marker_dag.py
[2021-10-13 04:54:57,987] {scheduler_job.py:629} INFO - Processing file /home/airflow/.local/lib/python3.6/site-packages/airflow/example_dags/example_external_task_marker_dag.py for tasks to queue
[2021-10-13 04:54:57,988] {logging_mixin.py:104} INFO - [2021-10-13 04:54:57,988] {dagbag.py:451} INFO - Filling up the DagBag from /home/airflow/.local/lib/python3.6/site-packages/airflow/example_dags/example_external_task_marker_dag.py
[2021-10-13 04:54:58,000] {scheduler_job.py:639} INFO - DAG(s) dict_keys(['example_external_task_marker_parent', 'example_external_task_marker_child']) retrieved from /home/airflow/.local/lib/python3.6/site-packages/airflow/example_dags/example_external_task_marker_dag.py
[2021-10-13 04:54:58,030] {logging_mixin.py:104} INFO - [2021-10-13 04:54:58,030] {dag.py:1824} INFO - Sync 2 DAGs
[2021-10-13 04:54:58,051] {logging_mixin.py:104} INFO - [2021-10-13 04:54:58,051] {dag.py:2280} INFO - Setting next_dagrun for example_external_task_marker_child to None
[2021-10-13 04:54:58,053] {logging_mixin.py:104} INFO - [2021-10-13 04:54:58,052] {dag.py:2280} INFO - Setting next_dagrun for example_external_task_marker_parent to None
[2021-10-13 04:54:58,065] {scheduler_job.py:190} INFO - Processing /home/airflow/.local/lib/python3.6/site-packages/airflow/example_dags/example_external_task_marker_dag.py took 0.083 seconds
[2021-10-13 04:55:28,172] {scheduler_job.py:182} INFO - Started process (PID=322) to work on /home/airflow/.local/lib/python3.6/site-packages/airflow/example_dags/example_external_task_marker_dag.py
[2021-10-13 04:55:28,173] {scheduler_job.py:629} INFO - Processing file /home/airflow/.local/lib/python3.6/site-packages/airflow/example_dags/example_external_task_marker_dag.py for tasks to queue
[2021-10-13 04:55:28,174] {logging_mixin.py:104} INFO - [2021-10-13 04:55:28,174] {dagbag.py:451} INFO - Filling up the DagBag from /home/airflow/.local/lib/python3.6/site-packages/airflow/example_dags/example_external_task_marker_dag.py
[2021-10-13 04:55:28,186] {scheduler_job.py:639} INFO - DAG(s) dict_keys(['example_external_task_marker_parent', 'example_external_task_marker_child']) retrieved from /home/airflow/.local/lib/python3.6/site-packages/airflow/example_dags/example_external_task_marker_dag.py
[2021-10-13 04:55:28,217] {logging_mixin.py:104} INFO - [2021-10-13 04:55:28,217] {dag.py:1824} INFO - Sync 2 DAGs
[2021-10-13 04:55:28,237] {logging_mixin.py:104} INFO - [2021-10-13 04:55:28,237] {dag.py:2280} INFO - Setting next_dagrun for example_external_task_marker_child to None
[2021-10-13 04:55:28,239] {logging_mixin.py:104} INFO - [2021-10-13 04:55:28,239] {dag.py:2280} INFO - Setting next_dagrun for example_external_task_marker_parent to None
[2021-10-13 04:55:28,253] {scheduler_job.py:190} INFO - Processing /home/airflow/.local/lib/python3.6/site-packages/airflow/example_dags/example_external_task_marker_dag.py took 0.084 seconds
[2021-10-13 04:55:58,377] {scheduler_job.py:182} INFO - Started process (PID=354) to work on /home/airflow/.local/lib/python3.6/site-packages/airflow/example_dags/example_external_task_marker_dag.py
[2021-10-13 04:55:58,379] {scheduler_job.py:629} INFO - Processing file /home/airflow/.local/lib/python3.6/site-packages/airflow/example_dags/example_external_task_marker_dag.py for tasks to queue
[2021-10-13 04:55:58,380] {logging_mixin.py:104} INFO - [2021-10-13 04:55:58,380] {dagbag.py:451} INFO - Filling up the DagBag from /home/airflow/.local/lib/python3.6/site-packages/airflow/example_dags/example_external_task_marker_dag.py
[2021-10-13 04:55:58,395] {scheduler_job.py:639} INFO - DAG(s) dict_keys(['example_external_task_marker_parent', 'example_external_task_marker_child']) retrieved from /home/airflow/.local/lib/python3.6/site-packages/airflow/example_dags/example_external_task_marker_dag.py
[2021-10-13 04:55:58,436] {logging_mixin.py:104} INFO - [2021-10-13 04:55:58,436] {dag.py:1824} INFO - Sync 2 DAGs
[2021-10-13 04:55:58,455] {logging_mixin.py:104} INFO - [2021-10-13 04:55:58,455] {dag.py:2280} INFO - Setting next_dagrun for example_external_task_marker_child to None
[2021-10-13 04:55:58,457] {logging_mixin.py:104} INFO - [2021-10-13 04:55:58,457] {dag.py:2280} INFO - Setting next_dagrun for example_external_task_marker_parent to None
[2021-10-13 04:55:58,472] {scheduler_job.py:190} INFO - Processing /home/airflow/.local/lib/python3.6/site-packages/airflow/example_dags/example_external_task_marker_dag.py took 0.098 seconds
[2021-10-13 04:56:28,864] {scheduler_job.py:182} INFO - Started process (PID=389) to work on /home/airflow/.local/lib/python3.6/site-packages/airflow/example_dags/example_external_task_marker_dag.py
[2021-10-13 04:56:28,866] {scheduler_job.py:629} INFO - Processing file /home/airflow/.local/lib/python3.6/site-packages/airflow/example_dags/example_external_task_marker_dag.py for tasks to queue
[2021-10-13 04:56:28,867] {logging_mixin.py:104} INFO - [2021-10-13 04:56:28,867] {dagbag.py:451} INFO - Filling up the DagBag from /home/airflow/.local/lib/python3.6/site-packages/airflow/example_dags/example_external_task_marker_dag.py
[2021-10-13 04:56:28,884] {scheduler_job.py:639} INFO - DAG(s) dict_keys(['example_external_task_marker_parent', 'example_external_task_marker_child']) retrieved from /home/airflow/.local/lib/python3.6/site-packages/airflow/example_dags/example_external_task_marker_dag.py
[2021-10-13 04:56:28,943] {logging_mixin.py:104} INFO - [2021-10-13 04:56:28,943] {dag.py:1824} INFO - Sync 2 DAGs
[2021-10-13 04:56:29,002] {logging_mixin.py:104} INFO - [2021-10-13 04:56:29,001] {dag.py:2280} INFO - Setting next_dagrun for example_external_task_marker_child to None
[2021-10-13 04:56:29,003] {logging_mixin.py:104} INFO - [2021-10-13 04:56:29,003] {dag.py:2280} INFO - Setting next_dagrun for example_external_task_marker_parent to None
[2021-10-13 04:56:29,022] {scheduler_job.py:190} INFO - Processing /home/airflow/.local/lib/python3.6/site-packages/airflow/example_dags/example_external_task_marker_dag.py took 0.162 seconds
[2021-10-13 04:56:59,135] {scheduler_job.py:182} INFO - Started process (PID=419) to work on /home/airflow/.local/lib/python3.6/site-packages/airflow/example_dags/example_external_task_marker_dag.py
[2021-10-13 04:56:59,136] {scheduler_job.py:629} INFO - Processing file /home/airflow/.local/lib/python3.6/site-packages/airflow/example_dags/example_external_task_marker_dag.py for tasks to queue
[2021-10-13 04:56:59,137] {logging_mixin.py:104} INFO - [2021-10-13 04:56:59,137] {dagbag.py:451} INFO - Filling up the DagBag from /home/airflow/.local/lib/python3.6/site-packages/airflow/example_dags/example_external_task_marker_dag.py
[2021-10-13 04:56:59,154] {scheduler_job.py:639} INFO - DAG(s) dict_keys(['example_external_task_marker_parent', 'example_external_task_marker_child']) retrieved from /home/airflow/.local/lib/python3.6/site-packages/airflow/example_dags/example_external_task_marker_dag.py
[2021-10-13 04:56:59,190] {logging_mixin.py:104} INFO - [2021-10-13 04:56:59,190] {dag.py:1824} INFO - Sync 2 DAGs
[2021-10-13 04:56:59,213] {logging_mixin.py:104} INFO - [2021-10-13 04:56:59,213] {dag.py:2280} INFO - Setting next_dagrun for example_external_task_marker_child to None
[2021-10-13 04:56:59,215] {logging_mixin.py:104} INFO - [2021-10-13 04:56:59,215] {dag.py:2280} INFO - Setting next_dagrun for example_external_task_marker_parent to None
[2021-10-13 04:56:59,233] {scheduler_job.py:190} INFO - Processing /home/airflow/.local/lib/python3.6/site-packages/airflow/example_dags/example_external_task_marker_dag.py took 0.101 seconds
[2021-10-13 04:57:29,258] {scheduler_job.py:182} INFO - Started process (PID=449) to work on /home/airflow/.local/lib/python3.6/site-packages/airflow/example_dags/example_external_task_marker_dag.py
[2021-10-13 04:57:29,259] {scheduler_job.py:629} INFO - Processing file /home/airflow/.local/lib/python3.6/site-packages/airflow/example_dags/example_external_task_marker_dag.py for tasks to queue
[2021-10-13 04:57:29,260] {logging_mixin.py:104} INFO - [2021-10-13 04:57:29,260] {dagbag.py:451} INFO - Filling up the DagBag from /home/airflow/.local/lib/python3.6/site-packages/airflow/example_dags/example_external_task_marker_dag.py
[2021-10-13 04:57:29,278] {scheduler_job.py:639} INFO - DAG(s) dict_keys(['example_external_task_marker_parent', 'example_external_task_marker_child']) retrieved from /home/airflow/.local/lib/python3.6/site-packages/airflow/example_dags/example_external_task_marker_dag.py
[2021-10-13 04:57:29,305] {logging_mixin.py:104} INFO - [2021-10-13 04:57:29,305] {dag.py:1824} INFO - Sync 2 DAGs
[2021-10-13 04:57:29,321] {logging_mixin.py:104} INFO - [2021-10-13 04:57:29,321] {dag.py:2280} INFO - Setting next_dagrun for example_external_task_marker_child to None
[2021-10-13 04:57:29,322] {logging_mixin.py:104} INFO - [2021-10-13 04:57:29,322] {dag.py:2280} INFO - Setting next_dagrun for example_external_task_marker_parent to None
[2021-10-13 04:57:29,337] {scheduler_job.py:190} INFO - Processing /home/airflow/.local/lib/python3.6/site-packages/airflow/example_dags/example_external_task_marker_dag.py took 0.083 seconds
[2021-10-13 04:57:59,451] {scheduler_job.py:182} INFO - Started process (PID=481) to work on /home/airflow/.local/lib/python3.6/site-packages/airflow/example_dags/example_external_task_marker_dag.py
[2021-10-13 04:57:59,453] {scheduler_job.py:629} INFO - Processing file /home/airflow/.local/lib/python3.6/site-packages/airflow/example_dags/example_external_task_marker_dag.py for tasks to queue
[2021-10-13 04:57:59,454] {logging_mixin.py:104} INFO - [2021-10-13 04:57:59,454] {dagbag.py:451} INFO - Filling up the DagBag from /home/airflow/.local/lib/python3.6/site-packages/airflow/example_dags/example_external_task_marker_dag.py
[2021-10-13 04:57:59,472] {scheduler_job.py:639} INFO - DAG(s) dict_keys(['example_external_task_marker_parent', 'example_external_task_marker_child']) retrieved from /home/airflow/.local/lib/python3.6/site-packages/airflow/example_dags/example_external_task_marker_dag.py
[2021-10-13 04:57:59,500] {logging_mixin.py:104} INFO - [2021-10-13 04:57:59,500] {dag.py:1824} INFO - Sync 2 DAGs
[2021-10-13 04:57:59,520] {logging_mixin.py:104} INFO - [2021-10-13 04:57:59,519] {dag.py:2280} INFO - Setting next_dagrun for example_external_task_marker_child to None
[2021-10-13 04:57:59,521] {logging_mixin.py:104} INFO - [2021-10-13 04:57:59,521] {dag.py:2280} INFO - Setting next_dagrun for example_external_task_marker_parent to None
[2021-10-13 04:57:59,536] {scheduler_job.py:190} INFO - Processing /home/airflow/.local/lib/python3.6/site-packages/airflow/example_dags/example_external_task_marker_dag.py took 0.089 seconds
[2021-10-13 04:58:29,658] {scheduler_job.py:182} INFO - Started process (PID=512) to work on /home/airflow/.local/lib/python3.6/site-packages/airflow/example_dags/example_external_task_marker_dag.py
[2021-10-13 04:58:29,664] {scheduler_job.py:629} INFO - Processing file /home/airflow/.local/lib/python3.6/site-packages/airflow/example_dags/example_external_task_marker_dag.py for tasks to queue
[2021-10-13 04:58:29,665] {logging_mixin.py:104} INFO - [2021-10-13 04:58:29,665] {dagbag.py:451} INFO - Filling up the DagBag from /home/airflow/.local/lib/python3.6/site-packages/airflow/example_dags/example_external_task_marker_dag.py
[2021-10-13 04:58:29,679] {scheduler_job.py:639} INFO - DAG(s) dict_keys(['example_external_task_marker_parent', 'example_external_task_marker_child']) retrieved from /home/airflow/.local/lib/python3.6/site-packages/airflow/example_dags/example_external_task_marker_dag.py
[2021-10-13 04:58:29,708] {logging_mixin.py:104} INFO - [2021-10-13 04:58:29,708] {dag.py:1824} INFO - Sync 2 DAGs
[2021-10-13 04:58:29,727] {logging_mixin.py:104} INFO - [2021-10-13 04:58:29,727] {dag.py:2280} INFO - Setting next_dagrun for example_external_task_marker_child to None
[2021-10-13 04:58:29,728] {logging_mixin.py:104} INFO - [2021-10-13 04:58:29,728] {dag.py:2280} INFO - Setting next_dagrun for example_external_task_marker_parent to None
[2021-10-13 04:58:29,743] {scheduler_job.py:190} INFO - Processing /home/airflow/.local/lib/python3.6/site-packages/airflow/example_dags/example_external_task_marker_dag.py took 0.088 seconds
[2021-10-13 04:58:59,816] {scheduler_job.py:182} INFO - Started process (PID=545) to work on /home/airflow/.local/lib/python3.6/site-packages/airflow/example_dags/example_external_task_marker_dag.py
[2021-10-13 04:58:59,818] {scheduler_job.py:629} INFO - Processing file /home/airflow/.local/lib/python3.6/site-packages/airflow/example_dags/example_external_task_marker_dag.py for tasks to queue
[2021-10-13 04:58:59,820] {logging_mixin.py:104} INFO - [2021-10-13 04:58:59,820] {dagbag.py:451} INFO - Filling up the DagBag from /home/airflow/.local/lib/python3.6/site-packages/airflow/example_dags/example_external_task_marker_dag.py
[2021-10-13 04:58:59,833] {scheduler_job.py:639} INFO - DAG(s) dict_keys(['example_external_task_marker_parent', 'example_external_task_marker_child']) retrieved from /home/airflow/.local/lib/python3.6/site-packages/airflow/example_dags/example_external_task_marker_dag.py
[2021-10-13 04:58:59,862] {logging_mixin.py:104} INFO - [2021-10-13 04:58:59,862] {dag.py:1824} INFO - Sync 2 DAGs
[2021-10-13 04:58:59,879] {logging_mixin.py:104} INFO - [2021-10-13 04:58:59,879] {dag.py:2280} INFO - Setting next_dagrun for example_external_task_marker_child to None
[2021-10-13 04:58:59,880] {logging_mixin.py:104} INFO - [2021-10-13 04:58:59,880] {dag.py:2280} INFO - Setting next_dagrun for example_external_task_marker_parent to None
[2021-10-13 04:58:59,894] {scheduler_job.py:190} INFO - Processing /home/airflow/.local/lib/python3.6/site-packages/airflow/example_dags/example_external_task_marker_dag.py took 0.080 seconds
[2021-10-13 04:59:30,428] {scheduler_job.py:182} INFO - Started process (PID=579) to work on /home/airflow/.local/lib/python3.6/site-packages/airflow/example_dags/example_external_task_marker_dag.py
[2021-10-13 04:59:30,429] {scheduler_job.py:629} INFO - Processing file /home/airflow/.local/lib/python3.6/site-packages/airflow/example_dags/example_external_task_marker_dag.py for tasks to queue
[2021-10-13 04:59:30,430] {logging_mixin.py:104} INFO - [2021-10-13 04:59:30,430] {dagbag.py:451} INFO - Filling up the DagBag from /home/airflow/.local/lib/python3.6/site-packages/airflow/example_dags/example_external_task_marker_dag.py
[2021-10-13 04:59:30,443] {scheduler_job.py:639} INFO - DAG(s) dict_keys(['example_external_task_marker_parent', 'example_external_task_marker_child']) retrieved from /home/airflow/.local/lib/python3.6/site-packages/airflow/example_dags/example_external_task_marker_dag.py
[2021-10-13 04:59:30,469] {logging_mixin.py:104} INFO - [2021-10-13 04:59:30,469] {dag.py:1824} INFO - Sync 2 DAGs
[2021-10-13 04:59:30,485] {logging_mixin.py:104} INFO - [2021-10-13 04:59:30,484] {dag.py:2280} INFO - Setting next_dagrun for example_external_task_marker_child to None
[2021-10-13 04:59:30,486] {logging_mixin.py:104} INFO - [2021-10-13 04:59:30,486] {dag.py:2280} INFO - Setting next_dagrun for example_external_task_marker_parent to None
[2021-10-13 04:59:30,501] {scheduler_job.py:190} INFO - Processing /home/airflow/.local/lib/python3.6/site-packages/airflow/example_dags/example_external_task_marker_dag.py took 0.075 seconds
[2021-10-13 05:00:00,601] {scheduler_job.py:182} INFO - Started process (PID=616) to work on /home/airflow/.local/lib/python3.6/site-packages/airflow/example_dags/example_external_task_marker_dag.py
[2021-10-13 05:00:00,603] {scheduler_job.py:629} INFO - Processing file /home/airflow/.local/lib/python3.6/site-packages/airflow/example_dags/example_external_task_marker_dag.py for tasks to queue
[2021-10-13 05:00:00,604] {logging_mixin.py:104} INFO - [2021-10-13 05:00:00,603] {dagbag.py:451} INFO - Filling up the DagBag from /home/airflow/.local/lib/python3.6/site-packages/airflow/example_dags/example_external_task_marker_dag.py
[2021-10-13 05:00:00,614] {scheduler_job.py:639} INFO - DAG(s) dict_keys(['example_external_task_marker_parent', 'example_external_task_marker_child']) retrieved from /home/airflow/.local/lib/python3.6/site-packages/airflow/example_dags/example_external_task_marker_dag.py
[2021-10-13 05:00:00,648] {logging_mixin.py:104} INFO - [2021-10-13 05:00:00,648] {dag.py:1824} INFO - Sync 2 DAGs
[2021-10-13 05:00:00,667] {logging_mixin.py:104} INFO - [2021-10-13 05:00:00,667] {dag.py:2280} INFO - Setting next_dagrun for example_external_task_marker_child to None
[2021-10-13 05:00:00,669] {logging_mixin.py:104} INFO - [2021-10-13 05:00:00,669] {dag.py:2280} INFO - Setting next_dagrun for example_external_task_marker_parent to None
[2021-10-13 05:00:00,687] {scheduler_job.py:190} INFO - Processing /home/airflow/.local/lib/python3.6/site-packages/airflow/example_dags/example_external_task_marker_dag.py took 0.090 seconds
[2021-10-13 05:00:31,219] {scheduler_job.py:182} INFO - Started process (PID=649) to work on /home/airflow/.local/lib/python3.6/site-packages/airflow/example_dags/example_external_task_marker_dag.py
[2021-10-13 05:00:31,221] {scheduler_job.py:629} INFO - Processing file /home/airflow/.local/lib/python3.6/site-packages/airflow/example_dags/example_external_task_marker_dag.py for tasks to queue
[2021-10-13 05:00:31,222] {logging_mixin.py:104} INFO - [2021-10-13 05:00:31,222] {dagbag.py:451} INFO - Filling up the DagBag from /home/airflow/.local/lib/python3.6/site-packages/airflow/example_dags/example_external_task_marker_dag.py
[2021-10-13 05:00:31,234] {scheduler_job.py:639} INFO - DAG(s) dict_keys(['example_external_task_marker_parent', 'example_external_task_marker_child']) retrieved from /home/airflow/.local/lib/python3.6/site-packages/airflow/example_dags/example_external_task_marker_dag.py
[2021-10-13 05:00:31,261] {logging_mixin.py:104} INFO - [2021-10-13 05:00:31,261] {dag.py:1824} INFO - Sync 2 DAGs
[2021-10-13 05:00:31,280] {logging_mixin.py:104} INFO - [2021-10-13 05:00:31,280] {dag.py:2280} INFO - Setting next_dagrun for example_external_task_marker_child to None
[2021-10-13 05:00:31,281] {logging_mixin.py:104} INFO - [2021-10-13 05:00:31,281] {dag.py:2280} INFO - Setting next_dagrun for example_external_task_marker_parent to None
[2021-10-13 05:00:31,295] {scheduler_job.py:190} INFO - Processing /home/airflow/.local/lib/python3.6/site-packages/airflow/example_dags/example_external_task_marker_dag.py took 0.079 seconds
[2021-10-13 05:01:02,204] {scheduler_job.py:182} INFO - Started process (PID=679) to work on /home/airflow/.local/lib/python3.6/site-packages/airflow/example_dags/example_external_task_marker_dag.py
[2021-10-13 05:01:02,205] {scheduler_job.py:629} INFO - Processing file /home/airflow/.local/lib/python3.6/site-packages/airflow/example_dags/example_external_task_marker_dag.py for tasks to queue
[2021-10-13 05:01:02,206] {logging_mixin.py:104} INFO - [2021-10-13 05:01:02,206] {dagbag.py:451} INFO - Filling up the DagBag from /home/airflow/.local/lib/python3.6/site-packages/airflow/example_dags/example_external_task_marker_dag.py
[2021-10-13 05:01:02,221] {scheduler_job.py:639} INFO - DAG(s) dict_keys(['example_external_task_marker_parent', 'example_external_task_marker_child']) retrieved from /home/airflow/.local/lib/python3.6/site-packages/airflow/example_dags/example_external_task_marker_dag.py
[2021-10-13 05:01:02,254] {logging_mixin.py:104} INFO - [2021-10-13 05:01:02,254] {dag.py:1824} INFO - Sync 2 DAGs
[2021-10-13 05:01:02,272] {logging_mixin.py:104} INFO - [2021-10-13 05:01:02,272] {dag.py:2280} INFO - Setting next_dagrun for example_external_task_marker_child to None
[2021-10-13 05:01:02,273] {logging_mixin.py:104} INFO - [2021-10-13 05:01:02,273] {dag.py:2280} INFO - Setting next_dagrun for example_external_task_marker_parent to None
[2021-10-13 05:01:02,286] {scheduler_job.py:190} INFO - Processing /home/airflow/.local/lib/python3.6/site-packages/airflow/example_dags/example_external_task_marker_dag.py took 0.087 seconds
[2021-10-13 05:01:32,544] {scheduler_job.py:182} INFO - Started process (PID=717) to work on /home/airflow/.local/lib/python3.6/site-packages/airflow/example_dags/example_external_task_marker_dag.py
[2021-10-13 05:01:32,546] {scheduler_job.py:629} INFO - Processing file /home/airflow/.local/lib/python3.6/site-packages/airflow/example_dags/example_external_task_marker_dag.py for tasks to queue
[2021-10-13 05:01:32,547] {logging_mixin.py:104} INFO - [2021-10-13 05:01:32,547] {dagbag.py:451} INFO - Filling up the DagBag from /home/airflow/.local/lib/python3.6/site-packages/airflow/example_dags/example_external_task_marker_dag.py
[2021-10-13 05:01:32,559] {scheduler_job.py:639} INFO - DAG(s) dict_keys(['example_external_task_marker_parent', 'example_external_task_marker_child']) retrieved from /home/airflow/.local/lib/python3.6/site-packages/airflow/example_dags/example_external_task_marker_dag.py
[2021-10-13 05:01:32,589] {logging_mixin.py:104} INFO - [2021-10-13 05:01:32,589] {dag.py:1824} INFO - Sync 2 DAGs
[2021-10-13 05:01:32,609] {logging_mixin.py:104} INFO - [2021-10-13 05:01:32,609] {dag.py:2280} INFO - Setting next_dagrun for example_external_task_marker_child to None
[2021-10-13 05:01:32,611] {logging_mixin.py:104} INFO - [2021-10-13 05:01:32,611] {dag.py:2280} INFO - Setting next_dagrun for example_external_task_marker_parent to None
[2021-10-13 05:01:32,627] {scheduler_job.py:190} INFO - Processing /home/airflow/.local/lib/python3.6/site-packages/airflow/example_dags/example_external_task_marker_dag.py took 0.087 seconds
[2021-10-13 05:02:02,720] {scheduler_job.py:182} INFO - Started process (PID=748) to work on /home/airflow/.local/lib/python3.6/site-packages/airflow/example_dags/example_external_task_marker_dag.py
[2021-10-13 05:02:02,721] {scheduler_job.py:629} INFO - Processing file /home/airflow/.local/lib/python3.6/site-packages/airflow/example_dags/example_external_task_marker_dag.py for tasks to queue
[2021-10-13 05:02:02,722] {logging_mixin.py:104} INFO - [2021-10-13 05:02:02,722] {dagbag.py:451} INFO - Filling up the DagBag from /home/airflow/.local/lib/python3.6/site-packages/airflow/example_dags/example_external_task_marker_dag.py
[2021-10-13 05:02:02,735] {scheduler_job.py:639} INFO - DAG(s) dict_keys(['example_external_task_marker_parent', 'example_external_task_marker_child']) retrieved from /home/airflow/.local/lib/python3.6/site-packages/airflow/example_dags/example_external_task_marker_dag.py
[2021-10-13 05:02:02,763] {logging_mixin.py:104} INFO - [2021-10-13 05:02:02,763] {dag.py:1824} INFO - Sync 2 DAGs
[2021-10-13 05:02:02,781] {logging_mixin.py:104} INFO - [2021-10-13 05:02:02,781] {dag.py:2280} INFO - Setting next_dagrun for example_external_task_marker_child to None
[2021-10-13 05:02:02,782] {logging_mixin.py:104} INFO - [2021-10-13 05:02:02,782] {dag.py:2280} INFO - Setting next_dagrun for example_external_task_marker_parent to None
[2021-10-13 05:02:02,799] {scheduler_job.py:190} INFO - Processing /home/airflow/.local/lib/python3.6/site-packages/airflow/example_dags/example_external_task_marker_dag.py took 0.083 seconds
[2021-10-13 05:02:33,165] {scheduler_job.py:182} INFO - Started process (PID=783) to work on /home/airflow/.local/lib/python3.6/site-packages/airflow/example_dags/example_external_task_marker_dag.py
[2021-10-13 05:02:33,167] {scheduler_job.py:629} INFO - Processing file /home/airflow/.local/lib/python3.6/site-packages/airflow/example_dags/example_external_task_marker_dag.py for tasks to queue
[2021-10-13 05:02:33,168] {logging_mixin.py:104} INFO - [2021-10-13 05:02:33,167] {dagbag.py:451} INFO - Filling up the DagBag from /home/airflow/.local/lib/python3.6/site-packages/airflow/example_dags/example_external_task_marker_dag.py
[2021-10-13 05:02:33,183] {scheduler_job.py:639} INFO - DAG(s) dict_keys(['example_external_task_marker_parent', 'example_external_task_marker_child']) retrieved from /home/airflow/.local/lib/python3.6/site-packages/airflow/example_dags/example_external_task_marker_dag.py
[2021-10-13 05:02:33,215] {logging_mixin.py:104} INFO - [2021-10-13 05:02:33,215] {dag.py:1824} INFO - Sync 2 DAGs
[2021-10-13 05:02:33,236] {logging_mixin.py:104} INFO - [2021-10-13 05:02:33,236] {dag.py:2280} INFO - Setting next_dagrun for example_external_task_marker_child to None
[2021-10-13 05:02:33,238] {logging_mixin.py:104} INFO - [2021-10-13 05:02:33,238] {dag.py:2280} INFO - Setting next_dagrun for example_external_task_marker_parent to None
[2021-10-13 05:02:33,258] {scheduler_job.py:190} INFO - Processing /home/airflow/.local/lib/python3.6/site-packages/airflow/example_dags/example_external_task_marker_dag.py took 0.096 seconds
[2021-10-13 05:03:04,277] {scheduler_job.py:182} INFO - Started process (PID=822) to work on /home/airflow/.local/lib/python3.6/site-packages/airflow/example_dags/example_external_task_marker_dag.py
[2021-10-13 05:03:04,279] {scheduler_job.py:629} INFO - Processing file /home/airflow/.local/lib/python3.6/site-packages/airflow/example_dags/example_external_task_marker_dag.py for tasks to queue
[2021-10-13 05:03:04,279] {logging_mixin.py:104} INFO - [2021-10-13 05:03:04,279] {dagbag.py:451} INFO - Filling up the DagBag from /home/airflow/.local/lib/python3.6/site-packages/airflow/example_dags/example_external_task_marker_dag.py
[2021-10-13 05:03:04,291] {scheduler_job.py:639} INFO - DAG(s) dict_keys(['example_external_task_marker_parent', 'example_external_task_marker_child']) retrieved from /home/airflow/.local/lib/python3.6/site-packages/airflow/example_dags/example_external_task_marker_dag.py
[2021-10-13 05:03:04,319] {logging_mixin.py:104} INFO - [2021-10-13 05:03:04,319] {dag.py:1824} INFO - Sync 2 DAGs
[2021-10-13 05:03:04,337] {logging_mixin.py:104} INFO - [2021-10-13 05:03:04,337] {dag.py:2280} INFO - Setting next_dagrun for example_external_task_marker_child to None
[2021-10-13 05:03:04,338] {logging_mixin.py:104} INFO - [2021-10-13 05:03:04,338] {dag.py:2280} INFO - Setting next_dagrun for example_external_task_marker_parent to None
[2021-10-13 05:03:04,353] {scheduler_job.py:190} INFO - Processing /home/airflow/.local/lib/python3.6/site-packages/airflow/example_dags/example_external_task_marker_dag.py took 0.079 seconds
[2021-10-13 05:03:35,417] {scheduler_job.py:182} INFO - Started process (PID=861) to work on /home/airflow/.local/lib/python3.6/site-packages/airflow/example_dags/example_external_task_marker_dag.py
[2021-10-13 05:03:35,420] {scheduler_job.py:629} INFO - Processing file /home/airflow/.local/lib/python3.6/site-packages/airflow/example_dags/example_external_task_marker_dag.py for tasks to queue
[2021-10-13 05:03:35,421] {logging_mixin.py:104} INFO - [2021-10-13 05:03:35,421] {dagbag.py:451} INFO - Filling up the DagBag from /home/airflow/.local/lib/python3.6/site-packages/airflow/example_dags/example_external_task_marker_dag.py
[2021-10-13 05:03:35,434] {scheduler_job.py:639} INFO - DAG(s) dict_keys(['example_external_task_marker_parent', 'example_external_task_marker_child']) retrieved from /home/airflow/.local/lib/python3.6/site-packages/airflow/example_dags/example_external_task_marker_dag.py
[2021-10-13 05:03:35,465] {logging_mixin.py:104} INFO - [2021-10-13 05:03:35,465] {dag.py:1824} INFO - Sync 2 DAGs
[2021-10-13 05:03:35,485] {logging_mixin.py:104} INFO - [2021-10-13 05:03:35,485] {dag.py:2280} INFO - Setting next_dagrun for example_external_task_marker_child to None
[2021-10-13 05:03:35,486] {logging_mixin.py:104} INFO - [2021-10-13 05:03:35,486] {dag.py:2280} INFO - Setting next_dagrun for example_external_task_marker_parent to None
[2021-10-13 05:03:35,505] {scheduler_job.py:190} INFO - Processing /home/airflow/.local/lib/python3.6/site-packages/airflow/example_dags/example_external_task_marker_dag.py took 0.091 seconds
[2021-10-13 05:04:05,561] {scheduler_job.py:182} INFO - Started process (PID=894) to work on /home/airflow/.local/lib/python3.6/site-packages/airflow/example_dags/example_external_task_marker_dag.py
[2021-10-13 05:04:05,562] {scheduler_job.py:629} INFO - Processing file /home/airflow/.local/lib/python3.6/site-packages/airflow/example_dags/example_external_task_marker_dag.py for tasks to queue
[2021-10-13 05:04:05,563] {logging_mixin.py:104} INFO - [2021-10-13 05:04:05,563] {dagbag.py:451} INFO - Filling up the DagBag from /home/airflow/.local/lib/python3.6/site-packages/airflow/example_dags/example_external_task_marker_dag.py
[2021-10-13 05:04:05,575] {scheduler_job.py:639} INFO - DAG(s) dict_keys(['example_external_task_marker_parent', 'example_external_task_marker_child']) retrieved from /home/airflow/.local/lib/python3.6/site-packages/airflow/example_dags/example_external_task_marker_dag.py
[2021-10-13 05:04:05,600] {logging_mixin.py:104} INFO - [2021-10-13 05:04:05,600] {dag.py:1824} INFO - Sync 2 DAGs
[2021-10-13 05:04:05,617] {logging_mixin.py:104} INFO - [2021-10-13 05:04:05,616] {dag.py:2280} INFO - Setting next_dagrun for example_external_task_marker_child to None
[2021-10-13 05:04:05,618] {logging_mixin.py:104} INFO - [2021-10-13 05:04:05,618] {dag.py:2280} INFO - Setting next_dagrun for example_external_task_marker_parent to None
[2021-10-13 05:04:05,634] {scheduler_job.py:190} INFO - Processing /home/airflow/.local/lib/python3.6/site-packages/airflow/example_dags/example_external_task_marker_dag.py took 0.076 seconds
[2021-10-13 05:04:36,442] {scheduler_job.py:182} INFO - Started process (PID=927) to work on /home/airflow/.local/lib/python3.6/site-packages/airflow/example_dags/example_external_task_marker_dag.py
[2021-10-13 05:04:36,443] {scheduler_job.py:629} INFO - Processing file /home/airflow/.local/lib/python3.6/site-packages/airflow/example_dags/example_external_task_marker_dag.py for tasks to queue
[2021-10-13 05:04:36,444] {logging_mixin.py:104} INFO - [2021-10-13 05:04:36,444] {dagbag.py:451} INFO - Filling up the DagBag from /home/airflow/.local/lib/python3.6/site-packages/airflow/example_dags/example_external_task_marker_dag.py
[2021-10-13 05:04:36,458] {scheduler_job.py:639} INFO - DAG(s) dict_keys(['example_external_task_marker_parent', 'example_external_task_marker_child']) retrieved from /home/airflow/.local/lib/python3.6/site-packages/airflow/example_dags/example_external_task_marker_dag.py
[2021-10-13 05:04:36,490] {logging_mixin.py:104} INFO - [2021-10-13 05:04:36,490] {dag.py:1824} INFO - Sync 2 DAGs
[2021-10-13 05:04:36,511] {logging_mixin.py:104} INFO - [2021-10-13 05:04:36,511] {dag.py:2280} INFO - Setting next_dagrun for example_external_task_marker_child to None
[2021-10-13 05:04:36,512] {logging_mixin.py:104} INFO - [2021-10-13 05:04:36,512] {dag.py:2280} INFO - Setting next_dagrun for example_external_task_marker_parent to None
[2021-10-13 05:04:36,531] {scheduler_job.py:190} INFO - Processing /home/airflow/.local/lib/python3.6/site-packages/airflow/example_dags/example_external_task_marker_dag.py took 0.092 seconds
[2021-10-13 05:05:07,003] {scheduler_job.py:182} INFO - Started process (PID=960) to work on /home/airflow/.local/lib/python3.6/site-packages/airflow/example_dags/example_external_task_marker_dag.py
[2021-10-13 05:05:07,004] {scheduler_job.py:629} INFO - Processing file /home/airflow/.local/lib/python3.6/site-packages/airflow/example_dags/example_external_task_marker_dag.py for tasks to queue
[2021-10-13 05:05:07,005] {logging_mixin.py:104} INFO - [2021-10-13 05:05:07,005] {dagbag.py:451} INFO - Filling up the DagBag from /home/airflow/.local/lib/python3.6/site-packages/airflow/example_dags/example_external_task_marker_dag.py
[2021-10-13 05:05:07,018] {scheduler_job.py:639} INFO - DAG(s) dict_keys(['example_external_task_marker_parent', 'example_external_task_marker_child']) retrieved from /home/airflow/.local/lib/python3.6/site-packages/airflow/example_dags/example_external_task_marker_dag.py
[2021-10-13 05:05:07,043] {logging_mixin.py:104} INFO - [2021-10-13 05:05:07,043] {dag.py:1824} INFO - Sync 2 DAGs
[2021-10-13 05:05:07,061] {logging_mixin.py:104} INFO - [2021-10-13 05:05:07,061] {dag.py:2280} INFO - Setting next_dagrun for example_external_task_marker_child to None
[2021-10-13 05:05:07,062] {logging_mixin.py:104} INFO - [2021-10-13 05:05:07,062] {dag.py:2280} INFO - Setting next_dagrun for example_external_task_marker_parent to None
[2021-10-13 05:05:07,076] {scheduler_job.py:190} INFO - Processing /home/airflow/.local/lib/python3.6/site-packages/airflow/example_dags/example_external_task_marker_dag.py took 0.077 seconds
[2021-10-13 05:05:37,128] {scheduler_job.py:182} INFO - Started process (PID=990) to work on /home/airflow/.local/lib/python3.6/site-packages/airflow/example_dags/example_external_task_marker_dag.py
[2021-10-13 05:05:37,130] {scheduler_job.py:629} INFO - Processing file /home/airflow/.local/lib/python3.6/site-packages/airflow/example_dags/example_external_task_marker_dag.py for tasks to queue
[2021-10-13 05:05:37,132] {logging_mixin.py:104} INFO - [2021-10-13 05:05:37,131] {dagbag.py:451} INFO - Filling up the DagBag from /home/airflow/.local/lib/python3.6/site-packages/airflow/example_dags/example_external_task_marker_dag.py
[2021-10-13 05:05:37,149] {scheduler_job.py:639} INFO - DAG(s) dict_keys(['example_external_task_marker_parent', 'example_external_task_marker_child']) retrieved from /home/airflow/.local/lib/python3.6/site-packages/airflow/example_dags/example_external_task_marker_dag.py
[2021-10-13 05:05:37,189] {logging_mixin.py:104} INFO - [2021-10-13 05:05:37,189] {dag.py:1824} INFO - Sync 2 DAGs
[2021-10-13 05:05:37,213] {logging_mixin.py:104} INFO - [2021-10-13 05:05:37,213] {dag.py:2280} INFO - Setting next_dagrun for example_external_task_marker_child to None
[2021-10-13 05:05:37,215] {logging_mixin.py:104} INFO - [2021-10-13 05:05:37,215] {dag.py:2280} INFO - Setting next_dagrun for example_external_task_marker_parent to None
[2021-10-13 05:05:37,232] {scheduler_job.py:190} INFO - Processing /home/airflow/.local/lib/python3.6/site-packages/airflow/example_dags/example_external_task_marker_dag.py took 0.109 seconds
