[2021-10-13 04:51:26,464] {scheduler_job.py:182} INFO - Started process (PID=62) to work on /home/airflow/.local/lib/python3.6/site-packages/airflow/example_dags/example_task_group.py
[2021-10-13 04:51:26,466] {scheduler_job.py:629} INFO - Processing file /home/airflow/.local/lib/python3.6/site-packages/airflow/example_dags/example_task_group.py for tasks to queue
[2021-10-13 04:51:26,467] {logging_mixin.py:104} INFO - [2021-10-13 04:51:26,467] {dagbag.py:451} INFO - Filling up the DagBag from /home/airflow/.local/lib/python3.6/site-packages/airflow/example_dags/example_task_group.py
[2021-10-13 04:51:26,488] {scheduler_job.py:639} INFO - DAG(s) dict_keys(['example_task_group']) retrieved from /home/airflow/.local/lib/python3.6/site-packages/airflow/example_dags/example_task_group.py
[2021-10-13 04:51:26,527] {logging_mixin.py:104} INFO - [2021-10-13 04:51:26,527] {dag.py:1824} INFO - Sync 1 DAGs
[2021-10-13 04:51:26,555] {logging_mixin.py:104} INFO - [2021-10-13 04:51:26,555] {dag.py:2280} INFO - Setting next_dagrun for example_task_group to 2021-10-11 00:00:00+00:00
[2021-10-13 04:51:26,582] {scheduler_job.py:190} INFO - Processing /home/airflow/.local/lib/python3.6/site-packages/airflow/example_dags/example_task_group.py took 0.122 seconds
[2021-10-13 04:51:57,550] {scheduler_job.py:182} INFO - Started process (PID=95) to work on /home/airflow/.local/lib/python3.6/site-packages/airflow/example_dags/example_task_group.py
[2021-10-13 04:51:57,552] {scheduler_job.py:629} INFO - Processing file /home/airflow/.local/lib/python3.6/site-packages/airflow/example_dags/example_task_group.py for tasks to queue
[2021-10-13 04:51:57,552] {logging_mixin.py:104} INFO - [2021-10-13 04:51:57,552] {dagbag.py:451} INFO - Filling up the DagBag from /home/airflow/.local/lib/python3.6/site-packages/airflow/example_dags/example_task_group.py
[2021-10-13 04:51:57,566] {scheduler_job.py:639} INFO - DAG(s) dict_keys(['example_task_group']) retrieved from /home/airflow/.local/lib/python3.6/site-packages/airflow/example_dags/example_task_group.py
[2021-10-13 04:51:57,592] {logging_mixin.py:104} INFO - [2021-10-13 04:51:57,592] {dag.py:1824} INFO - Sync 1 DAGs
[2021-10-13 04:51:57,616] {logging_mixin.py:104} INFO - [2021-10-13 04:51:57,615] {dag.py:2280} INFO - Setting next_dagrun for example_task_group to 2021-10-11 00:00:00+00:00
[2021-10-13 04:51:57,634] {scheduler_job.py:190} INFO - Processing /home/airflow/.local/lib/python3.6/site-packages/airflow/example_dags/example_task_group.py took 0.086 seconds
[2021-10-13 04:52:28,601] {scheduler_job.py:182} INFO - Started process (PID=128) to work on /home/airflow/.local/lib/python3.6/site-packages/airflow/example_dags/example_task_group.py
[2021-10-13 04:52:28,603] {scheduler_job.py:629} INFO - Processing file /home/airflow/.local/lib/python3.6/site-packages/airflow/example_dags/example_task_group.py for tasks to queue
[2021-10-13 04:52:28,604] {logging_mixin.py:104} INFO - [2021-10-13 04:52:28,604] {dagbag.py:451} INFO - Filling up the DagBag from /home/airflow/.local/lib/python3.6/site-packages/airflow/example_dags/example_task_group.py
[2021-10-13 04:52:28,624] {scheduler_job.py:639} INFO - DAG(s) dict_keys(['example_task_group']) retrieved from /home/airflow/.local/lib/python3.6/site-packages/airflow/example_dags/example_task_group.py
[2021-10-13 04:52:28,661] {logging_mixin.py:104} INFO - [2021-10-13 04:52:28,660] {dag.py:1824} INFO - Sync 1 DAGs
[2021-10-13 04:52:28,698] {logging_mixin.py:104} INFO - [2021-10-13 04:52:28,698] {dag.py:2280} INFO - Setting next_dagrun for example_task_group to 2021-10-11 00:00:00+00:00
[2021-10-13 04:52:28,719] {scheduler_job.py:190} INFO - Processing /home/airflow/.local/lib/python3.6/site-packages/airflow/example_dags/example_task_group.py took 0.123 seconds
[2021-10-13 04:52:58,917] {scheduler_job.py:182} INFO - Started process (PID=161) to work on /home/airflow/.local/lib/python3.6/site-packages/airflow/example_dags/example_task_group.py
[2021-10-13 04:52:58,918] {scheduler_job.py:629} INFO - Processing file /home/airflow/.local/lib/python3.6/site-packages/airflow/example_dags/example_task_group.py for tasks to queue
[2021-10-13 04:52:58,919] {logging_mixin.py:104} INFO - [2021-10-13 04:52:58,919] {dagbag.py:451} INFO - Filling up the DagBag from /home/airflow/.local/lib/python3.6/site-packages/airflow/example_dags/example_task_group.py
[2021-10-13 04:52:58,932] {scheduler_job.py:639} INFO - DAG(s) dict_keys(['example_task_group']) retrieved from /home/airflow/.local/lib/python3.6/site-packages/airflow/example_dags/example_task_group.py
[2021-10-13 04:52:58,955] {logging_mixin.py:104} INFO - [2021-10-13 04:52:58,955] {dag.py:1824} INFO - Sync 1 DAGs
[2021-10-13 04:52:58,974] {logging_mixin.py:104} INFO - [2021-10-13 04:52:58,974] {dag.py:2280} INFO - Setting next_dagrun for example_task_group to 2021-10-11 00:00:00+00:00
[2021-10-13 04:52:58,988] {scheduler_job.py:190} INFO - Processing /home/airflow/.local/lib/python3.6/site-packages/airflow/example_dags/example_task_group.py took 0.074 seconds
[2021-10-13 04:53:29,049] {scheduler_job.py:182} INFO - Started process (PID=193) to work on /home/airflow/.local/lib/python3.6/site-packages/airflow/example_dags/example_task_group.py
[2021-10-13 04:53:29,050] {scheduler_job.py:629} INFO - Processing file /home/airflow/.local/lib/python3.6/site-packages/airflow/example_dags/example_task_group.py for tasks to queue
[2021-10-13 04:53:29,051] {logging_mixin.py:104} INFO - [2021-10-13 04:53:29,051] {dagbag.py:451} INFO - Filling up the DagBag from /home/airflow/.local/lib/python3.6/site-packages/airflow/example_dags/example_task_group.py
[2021-10-13 04:53:29,063] {scheduler_job.py:639} INFO - DAG(s) dict_keys(['example_task_group']) retrieved from /home/airflow/.local/lib/python3.6/site-packages/airflow/example_dags/example_task_group.py
[2021-10-13 04:53:29,085] {logging_mixin.py:104} INFO - [2021-10-13 04:53:29,085] {dag.py:1824} INFO - Sync 1 DAGs
[2021-10-13 04:53:29,104] {logging_mixin.py:104} INFO - [2021-10-13 04:53:29,104] {dag.py:2280} INFO - Setting next_dagrun for example_task_group to 2021-10-11 00:00:00+00:00
[2021-10-13 04:53:29,117] {scheduler_job.py:190} INFO - Processing /home/airflow/.local/lib/python3.6/site-packages/airflow/example_dags/example_task_group.py took 0.071 seconds
[2021-10-13 04:53:59,370] {scheduler_job.py:182} INFO - Started process (PID=224) to work on /home/airflow/.local/lib/python3.6/site-packages/airflow/example_dags/example_task_group.py
[2021-10-13 04:53:59,371] {scheduler_job.py:629} INFO - Processing file /home/airflow/.local/lib/python3.6/site-packages/airflow/example_dags/example_task_group.py for tasks to queue
[2021-10-13 04:53:59,373] {logging_mixin.py:104} INFO - [2021-10-13 04:53:59,373] {dagbag.py:451} INFO - Filling up the DagBag from /home/airflow/.local/lib/python3.6/site-packages/airflow/example_dags/example_task_group.py
[2021-10-13 04:53:59,384] {scheduler_job.py:639} INFO - DAG(s) dict_keys(['example_task_group']) retrieved from /home/airflow/.local/lib/python3.6/site-packages/airflow/example_dags/example_task_group.py
[2021-10-13 04:53:59,409] {logging_mixin.py:104} INFO - [2021-10-13 04:53:59,409] {dag.py:1824} INFO - Sync 1 DAGs
[2021-10-13 04:53:59,427] {logging_mixin.py:104} INFO - [2021-10-13 04:53:59,427] {dag.py:2280} INFO - Setting next_dagrun for example_task_group to 2021-10-11 00:00:00+00:00
[2021-10-13 04:53:59,445] {scheduler_job.py:190} INFO - Processing /home/airflow/.local/lib/python3.6/site-packages/airflow/example_dags/example_task_group.py took 0.078 seconds
[2021-10-13 04:54:30,038] {scheduler_job.py:182} INFO - Started process (PID=262) to work on /home/airflow/.local/lib/python3.6/site-packages/airflow/example_dags/example_task_group.py
[2021-10-13 04:54:30,040] {scheduler_job.py:629} INFO - Processing file /home/airflow/.local/lib/python3.6/site-packages/airflow/example_dags/example_task_group.py for tasks to queue
[2021-10-13 04:54:30,042] {logging_mixin.py:104} INFO - [2021-10-13 04:54:30,042] {dagbag.py:451} INFO - Filling up the DagBag from /home/airflow/.local/lib/python3.6/site-packages/airflow/example_dags/example_task_group.py
[2021-10-13 04:54:30,063] {scheduler_job.py:639} INFO - DAG(s) dict_keys(['example_task_group']) retrieved from /home/airflow/.local/lib/python3.6/site-packages/airflow/example_dags/example_task_group.py
[2021-10-13 04:54:30,093] {logging_mixin.py:104} INFO - [2021-10-13 04:54:30,092] {dag.py:1824} INFO - Sync 1 DAGs
[2021-10-13 04:54:30,112] {logging_mixin.py:104} INFO - [2021-10-13 04:54:30,111] {dag.py:2280} INFO - Setting next_dagrun for example_task_group to 2021-10-11 00:00:00+00:00
[2021-10-13 04:54:30,129] {scheduler_job.py:190} INFO - Processing /home/airflow/.local/lib/python3.6/site-packages/airflow/example_dags/example_task_group.py took 0.097 seconds
[2021-10-13 04:55:00,333] {scheduler_job.py:182} INFO - Started process (PID=295) to work on /home/airflow/.local/lib/python3.6/site-packages/airflow/example_dags/example_task_group.py
[2021-10-13 04:55:00,335] {scheduler_job.py:629} INFO - Processing file /home/airflow/.local/lib/python3.6/site-packages/airflow/example_dags/example_task_group.py for tasks to queue
[2021-10-13 04:55:00,337] {logging_mixin.py:104} INFO - [2021-10-13 04:55:00,337] {dagbag.py:451} INFO - Filling up the DagBag from /home/airflow/.local/lib/python3.6/site-packages/airflow/example_dags/example_task_group.py
[2021-10-13 04:55:00,354] {scheduler_job.py:639} INFO - DAG(s) dict_keys(['example_task_group']) retrieved from /home/airflow/.local/lib/python3.6/site-packages/airflow/example_dags/example_task_group.py
[2021-10-13 04:55:00,390] {logging_mixin.py:104} INFO - [2021-10-13 04:55:00,390] {dag.py:1824} INFO - Sync 1 DAGs
[2021-10-13 04:55:00,409] {logging_mixin.py:104} INFO - [2021-10-13 04:55:00,409] {dag.py:2280} INFO - Setting next_dagrun for example_task_group to 2021-10-11 00:00:00+00:00
[2021-10-13 04:55:00,426] {scheduler_job.py:190} INFO - Processing /home/airflow/.local/lib/python3.6/site-packages/airflow/example_dags/example_task_group.py took 0.098 seconds
[2021-10-13 04:55:30,559] {scheduler_job.py:182} INFO - Started process (PID=328) to work on /home/airflow/.local/lib/python3.6/site-packages/airflow/example_dags/example_task_group.py
[2021-10-13 04:55:30,561] {scheduler_job.py:629} INFO - Processing file /home/airflow/.local/lib/python3.6/site-packages/airflow/example_dags/example_task_group.py for tasks to queue
[2021-10-13 04:55:30,562] {logging_mixin.py:104} INFO - [2021-10-13 04:55:30,562] {dagbag.py:451} INFO - Filling up the DagBag from /home/airflow/.local/lib/python3.6/site-packages/airflow/example_dags/example_task_group.py
[2021-10-13 04:55:30,575] {scheduler_job.py:639} INFO - DAG(s) dict_keys(['example_task_group']) retrieved from /home/airflow/.local/lib/python3.6/site-packages/airflow/example_dags/example_task_group.py
[2021-10-13 04:55:30,601] {logging_mixin.py:104} INFO - [2021-10-13 04:55:30,601] {dag.py:1824} INFO - Sync 1 DAGs
[2021-10-13 04:55:30,616] {logging_mixin.py:104} INFO - [2021-10-13 04:55:30,616] {dag.py:2280} INFO - Setting next_dagrun for example_task_group to 2021-10-11 00:00:00+00:00
[2021-10-13 04:55:30,630] {scheduler_job.py:190} INFO - Processing /home/airflow/.local/lib/python3.6/site-packages/airflow/example_dags/example_task_group.py took 0.076 seconds
[2021-10-13 04:56:00,765] {scheduler_job.py:182} INFO - Started process (PID=361) to work on /home/airflow/.local/lib/python3.6/site-packages/airflow/example_dags/example_task_group.py
[2021-10-13 04:56:00,768] {scheduler_job.py:629} INFO - Processing file /home/airflow/.local/lib/python3.6/site-packages/airflow/example_dags/example_task_group.py for tasks to queue
[2021-10-13 04:56:00,769] {logging_mixin.py:104} INFO - [2021-10-13 04:56:00,769] {dagbag.py:451} INFO - Filling up the DagBag from /home/airflow/.local/lib/python3.6/site-packages/airflow/example_dags/example_task_group.py
[2021-10-13 04:56:00,789] {scheduler_job.py:639} INFO - DAG(s) dict_keys(['example_task_group']) retrieved from /home/airflow/.local/lib/python3.6/site-packages/airflow/example_dags/example_task_group.py
[2021-10-13 04:56:00,827] {logging_mixin.py:104} INFO - [2021-10-13 04:56:00,827] {dag.py:1824} INFO - Sync 1 DAGs
[2021-10-13 04:56:00,847] {logging_mixin.py:104} INFO - [2021-10-13 04:56:00,847] {dag.py:2280} INFO - Setting next_dagrun for example_task_group to 2021-10-11 00:00:00+00:00
[2021-10-13 04:56:00,861] {scheduler_job.py:190} INFO - Processing /home/airflow/.local/lib/python3.6/site-packages/airflow/example_dags/example_task_group.py took 0.102 seconds
[2021-10-13 04:56:31,545] {scheduler_job.py:182} INFO - Started process (PID=397) to work on /home/airflow/.local/lib/python3.6/site-packages/airflow/example_dags/example_task_group.py
[2021-10-13 04:56:31,547] {scheduler_job.py:629} INFO - Processing file /home/airflow/.local/lib/python3.6/site-packages/airflow/example_dags/example_task_group.py for tasks to queue
[2021-10-13 04:56:31,548] {logging_mixin.py:104} INFO - [2021-10-13 04:56:31,548] {dagbag.py:451} INFO - Filling up the DagBag from /home/airflow/.local/lib/python3.6/site-packages/airflow/example_dags/example_task_group.py
[2021-10-13 04:56:31,564] {scheduler_job.py:639} INFO - DAG(s) dict_keys(['example_task_group']) retrieved from /home/airflow/.local/lib/python3.6/site-packages/airflow/example_dags/example_task_group.py
[2021-10-13 04:56:31,590] {logging_mixin.py:104} INFO - [2021-10-13 04:56:31,590] {dag.py:1824} INFO - Sync 1 DAGs
[2021-10-13 04:56:31,610] {logging_mixin.py:104} INFO - [2021-10-13 04:56:31,609] {dag.py:2280} INFO - Setting next_dagrun for example_task_group to 2021-10-11 00:00:00+00:00
[2021-10-13 04:56:31,625] {scheduler_job.py:190} INFO - Processing /home/airflow/.local/lib/python3.6/site-packages/airflow/example_dags/example_task_group.py took 0.084 seconds
[2021-10-13 04:57:01,887] {scheduler_job.py:182} INFO - Started process (PID=430) to work on /home/airflow/.local/lib/python3.6/site-packages/airflow/example_dags/example_task_group.py
[2021-10-13 04:57:01,889] {scheduler_job.py:629} INFO - Processing file /home/airflow/.local/lib/python3.6/site-packages/airflow/example_dags/example_task_group.py for tasks to queue
[2021-10-13 04:57:01,889] {logging_mixin.py:104} INFO - [2021-10-13 04:57:01,889] {dagbag.py:451} INFO - Filling up the DagBag from /home/airflow/.local/lib/python3.6/site-packages/airflow/example_dags/example_task_group.py
[2021-10-13 04:57:01,905] {scheduler_job.py:639} INFO - DAG(s) dict_keys(['example_task_group']) retrieved from /home/airflow/.local/lib/python3.6/site-packages/airflow/example_dags/example_task_group.py
[2021-10-13 04:57:01,926] {logging_mixin.py:104} INFO - [2021-10-13 04:57:01,926] {dag.py:1824} INFO - Sync 1 DAGs
[2021-10-13 04:57:01,941] {logging_mixin.py:104} INFO - [2021-10-13 04:57:01,941] {dag.py:2280} INFO - Setting next_dagrun for example_task_group to 2021-10-11 00:00:00+00:00
[2021-10-13 04:57:01,955] {scheduler_job.py:190} INFO - Processing /home/airflow/.local/lib/python3.6/site-packages/airflow/example_dags/example_task_group.py took 0.070 seconds
[2021-10-13 04:57:32,365] {scheduler_job.py:182} INFO - Started process (PID=463) to work on /home/airflow/.local/lib/python3.6/site-packages/airflow/example_dags/example_task_group.py
[2021-10-13 04:57:32,368] {scheduler_job.py:629} INFO - Processing file /home/airflow/.local/lib/python3.6/site-packages/airflow/example_dags/example_task_group.py for tasks to queue
[2021-10-13 04:57:32,369] {logging_mixin.py:104} INFO - [2021-10-13 04:57:32,369] {dagbag.py:451} INFO - Filling up the DagBag from /home/airflow/.local/lib/python3.6/site-packages/airflow/example_dags/example_task_group.py
[2021-10-13 04:57:32,391] {scheduler_job.py:639} INFO - DAG(s) dict_keys(['example_task_group']) retrieved from /home/airflow/.local/lib/python3.6/site-packages/airflow/example_dags/example_task_group.py
[2021-10-13 04:57:32,428] {logging_mixin.py:104} INFO - [2021-10-13 04:57:32,428] {dag.py:1824} INFO - Sync 1 DAGs
[2021-10-13 04:57:32,448] {logging_mixin.py:104} INFO - [2021-10-13 04:57:32,448] {dag.py:2280} INFO - Setting next_dagrun for example_task_group to 2021-10-11 00:00:00+00:00
[2021-10-13 04:57:32,461] {scheduler_job.py:190} INFO - Processing /home/airflow/.local/lib/python3.6/site-packages/airflow/example_dags/example_task_group.py took 0.100 seconds
[2021-10-13 04:58:02,635] {scheduler_job.py:182} INFO - Started process (PID=495) to work on /home/airflow/.local/lib/python3.6/site-packages/airflow/example_dags/example_task_group.py
[2021-10-13 04:58:02,636] {scheduler_job.py:629} INFO - Processing file /home/airflow/.local/lib/python3.6/site-packages/airflow/example_dags/example_task_group.py for tasks to queue
[2021-10-13 04:58:02,637] {logging_mixin.py:104} INFO - [2021-10-13 04:58:02,637] {dagbag.py:451} INFO - Filling up the DagBag from /home/airflow/.local/lib/python3.6/site-packages/airflow/example_dags/example_task_group.py
[2021-10-13 04:58:02,652] {scheduler_job.py:639} INFO - DAG(s) dict_keys(['example_task_group']) retrieved from /home/airflow/.local/lib/python3.6/site-packages/airflow/example_dags/example_task_group.py
[2021-10-13 04:58:02,677] {logging_mixin.py:104} INFO - [2021-10-13 04:58:02,677] {dag.py:1824} INFO - Sync 1 DAGs
[2021-10-13 04:58:02,692] {logging_mixin.py:104} INFO - [2021-10-13 04:58:02,691] {dag.py:2280} INFO - Setting next_dagrun for example_task_group to 2021-10-11 00:00:00+00:00
[2021-10-13 04:58:02,707] {scheduler_job.py:190} INFO - Processing /home/airflow/.local/lib/python3.6/site-packages/airflow/example_dags/example_task_group.py took 0.075 seconds
[2021-10-13 04:58:32,847] {scheduler_job.py:182} INFO - Started process (PID=528) to work on /home/airflow/.local/lib/python3.6/site-packages/airflow/example_dags/example_task_group.py
[2021-10-13 04:58:32,852] {scheduler_job.py:629} INFO - Processing file /home/airflow/.local/lib/python3.6/site-packages/airflow/example_dags/example_task_group.py for tasks to queue
[2021-10-13 04:58:32,853] {logging_mixin.py:104} INFO - [2021-10-13 04:58:32,853] {dagbag.py:451} INFO - Filling up the DagBag from /home/airflow/.local/lib/python3.6/site-packages/airflow/example_dags/example_task_group.py
[2021-10-13 04:58:32,864] {scheduler_job.py:639} INFO - DAG(s) dict_keys(['example_task_group']) retrieved from /home/airflow/.local/lib/python3.6/site-packages/airflow/example_dags/example_task_group.py
[2021-10-13 04:58:32,886] {logging_mixin.py:104} INFO - [2021-10-13 04:58:32,885] {dag.py:1824} INFO - Sync 1 DAGs
[2021-10-13 04:58:32,903] {logging_mixin.py:104} INFO - [2021-10-13 04:58:32,903] {dag.py:2280} INFO - Setting next_dagrun for example_task_group to 2021-10-11 00:00:00+00:00
[2021-10-13 04:58:32,916] {scheduler_job.py:190} INFO - Processing /home/airflow/.local/lib/python3.6/site-packages/airflow/example_dags/example_task_group.py took 0.072 seconds
[2021-10-13 04:59:03,088] {scheduler_job.py:182} INFO - Started process (PID=561) to work on /home/airflow/.local/lib/python3.6/site-packages/airflow/example_dags/example_task_group.py
[2021-10-13 04:59:03,090] {scheduler_job.py:629} INFO - Processing file /home/airflow/.local/lib/python3.6/site-packages/airflow/example_dags/example_task_group.py for tasks to queue
[2021-10-13 04:59:03,091] {logging_mixin.py:104} INFO - [2021-10-13 04:59:03,091] {dagbag.py:451} INFO - Filling up the DagBag from /home/airflow/.local/lib/python3.6/site-packages/airflow/example_dags/example_task_group.py
[2021-10-13 04:59:03,106] {scheduler_job.py:639} INFO - DAG(s) dict_keys(['example_task_group']) retrieved from /home/airflow/.local/lib/python3.6/site-packages/airflow/example_dags/example_task_group.py
[2021-10-13 04:59:03,130] {logging_mixin.py:104} INFO - [2021-10-13 04:59:03,130] {dag.py:1824} INFO - Sync 1 DAGs
[2021-10-13 04:59:03,146] {logging_mixin.py:104} INFO - [2021-10-13 04:59:03,146] {dag.py:2280} INFO - Setting next_dagrun for example_task_group to 2021-10-11 00:00:00+00:00
[2021-10-13 04:59:03,159] {scheduler_job.py:190} INFO - Processing /home/airflow/.local/lib/python3.6/site-packages/airflow/example_dags/example_task_group.py took 0.074 seconds
[2021-10-13 04:59:33,247] {scheduler_job.py:182} INFO - Started process (PID=593) to work on /home/airflow/.local/lib/python3.6/site-packages/airflow/example_dags/example_task_group.py
[2021-10-13 04:59:33,248] {scheduler_job.py:629} INFO - Processing file /home/airflow/.local/lib/python3.6/site-packages/airflow/example_dags/example_task_group.py for tasks to queue
[2021-10-13 04:59:33,249] {logging_mixin.py:104} INFO - [2021-10-13 04:59:33,249] {dagbag.py:451} INFO - Filling up the DagBag from /home/airflow/.local/lib/python3.6/site-packages/airflow/example_dags/example_task_group.py
[2021-10-13 04:59:33,263] {scheduler_job.py:639} INFO - DAG(s) dict_keys(['example_task_group']) retrieved from /home/airflow/.local/lib/python3.6/site-packages/airflow/example_dags/example_task_group.py
[2021-10-13 04:59:33,288] {logging_mixin.py:104} INFO - [2021-10-13 04:59:33,288] {dag.py:1824} INFO - Sync 1 DAGs
[2021-10-13 04:59:33,314] {logging_mixin.py:104} INFO - [2021-10-13 04:59:33,314] {dag.py:2280} INFO - Setting next_dagrun for example_task_group to 2021-10-11 00:00:00+00:00
[2021-10-13 04:59:33,335] {scheduler_job.py:190} INFO - Processing /home/airflow/.local/lib/python3.6/site-packages/airflow/example_dags/example_task_group.py took 0.091 seconds
[2021-10-13 05:00:03,580] {scheduler_job.py:182} INFO - Started process (PID=630) to work on /home/airflow/.local/lib/python3.6/site-packages/airflow/example_dags/example_task_group.py
[2021-10-13 05:00:03,586] {scheduler_job.py:629} INFO - Processing file /home/airflow/.local/lib/python3.6/site-packages/airflow/example_dags/example_task_group.py for tasks to queue
[2021-10-13 05:00:03,590] {logging_mixin.py:104} INFO - [2021-10-13 05:00:03,589] {dagbag.py:451} INFO - Filling up the DagBag from /home/airflow/.local/lib/python3.6/site-packages/airflow/example_dags/example_task_group.py
[2021-10-13 05:00:03,650] {scheduler_job.py:639} INFO - DAG(s) dict_keys(['example_task_group']) retrieved from /home/airflow/.local/lib/python3.6/site-packages/airflow/example_dags/example_task_group.py
[2021-10-13 05:00:03,712] {logging_mixin.py:104} INFO - [2021-10-13 05:00:03,712] {dag.py:1824} INFO - Sync 1 DAGs
[2021-10-13 05:00:03,757] {logging_mixin.py:104} INFO - [2021-10-13 05:00:03,757] {dag.py:2280} INFO - Setting next_dagrun for example_task_group to 2021-10-11 00:00:00+00:00
[2021-10-13 05:00:03,791] {scheduler_job.py:190} INFO - Processing /home/airflow/.local/lib/python3.6/site-packages/airflow/example_dags/example_task_group.py took 0.228 seconds
[2021-10-13 05:00:33,978] {scheduler_job.py:182} INFO - Started process (PID=663) to work on /home/airflow/.local/lib/python3.6/site-packages/airflow/example_dags/example_task_group.py
[2021-10-13 05:00:33,979] {scheduler_job.py:629} INFO - Processing file /home/airflow/.local/lib/python3.6/site-packages/airflow/example_dags/example_task_group.py for tasks to queue
[2021-10-13 05:00:33,981] {logging_mixin.py:104} INFO - [2021-10-13 05:00:33,980] {dagbag.py:451} INFO - Filling up the DagBag from /home/airflow/.local/lib/python3.6/site-packages/airflow/example_dags/example_task_group.py
[2021-10-13 05:00:33,994] {scheduler_job.py:639} INFO - DAG(s) dict_keys(['example_task_group']) retrieved from /home/airflow/.local/lib/python3.6/site-packages/airflow/example_dags/example_task_group.py
[2021-10-13 05:00:34,017] {logging_mixin.py:104} INFO - [2021-10-13 05:00:34,017] {dag.py:1824} INFO - Sync 1 DAGs
[2021-10-13 05:00:34,036] {logging_mixin.py:104} INFO - [2021-10-13 05:00:34,036] {dag.py:2280} INFO - Setting next_dagrun for example_task_group to 2021-10-11 00:00:00+00:00
[2021-10-13 05:00:34,052] {scheduler_job.py:190} INFO - Processing /home/airflow/.local/lib/python3.6/site-packages/airflow/example_dags/example_task_group.py took 0.078 seconds
[2021-10-13 05:01:04,163] {scheduler_job.py:182} INFO - Started process (PID=696) to work on /home/airflow/.local/lib/python3.6/site-packages/airflow/example_dags/example_task_group.py
[2021-10-13 05:01:04,165] {scheduler_job.py:629} INFO - Processing file /home/airflow/.local/lib/python3.6/site-packages/airflow/example_dags/example_task_group.py for tasks to queue
[2021-10-13 05:01:04,166] {logging_mixin.py:104} INFO - [2021-10-13 05:01:04,165] {dagbag.py:451} INFO - Filling up the DagBag from /home/airflow/.local/lib/python3.6/site-packages/airflow/example_dags/example_task_group.py
[2021-10-13 05:01:04,183] {scheduler_job.py:639} INFO - DAG(s) dict_keys(['example_task_group']) retrieved from /home/airflow/.local/lib/python3.6/site-packages/airflow/example_dags/example_task_group.py
[2021-10-13 05:01:04,206] {logging_mixin.py:104} INFO - [2021-10-13 05:01:04,205] {dag.py:1824} INFO - Sync 1 DAGs
[2021-10-13 05:01:04,223] {logging_mixin.py:104} INFO - [2021-10-13 05:01:04,222] {dag.py:2280} INFO - Setting next_dagrun for example_task_group to 2021-10-11 00:00:00+00:00
[2021-10-13 05:01:04,237] {scheduler_job.py:190} INFO - Processing /home/airflow/.local/lib/python3.6/site-packages/airflow/example_dags/example_task_group.py took 0.078 seconds
[2021-10-13 05:01:34,464] {scheduler_job.py:182} INFO - Started process (PID=734) to work on /home/airflow/.local/lib/python3.6/site-packages/airflow/example_dags/example_task_group.py
[2021-10-13 05:01:34,466] {scheduler_job.py:629} INFO - Processing file /home/airflow/.local/lib/python3.6/site-packages/airflow/example_dags/example_task_group.py for tasks to queue
[2021-10-13 05:01:34,467] {logging_mixin.py:104} INFO - [2021-10-13 05:01:34,467] {dagbag.py:451} INFO - Filling up the DagBag from /home/airflow/.local/lib/python3.6/site-packages/airflow/example_dags/example_task_group.py
[2021-10-13 05:01:34,483] {scheduler_job.py:639} INFO - DAG(s) dict_keys(['example_task_group']) retrieved from /home/airflow/.local/lib/python3.6/site-packages/airflow/example_dags/example_task_group.py
[2021-10-13 05:01:34,507] {logging_mixin.py:104} INFO - [2021-10-13 05:01:34,507] {dag.py:1824} INFO - Sync 1 DAGs
[2021-10-13 05:01:34,523] {logging_mixin.py:104} INFO - [2021-10-13 05:01:34,523] {dag.py:2280} INFO - Setting next_dagrun for example_task_group to 2021-10-11 00:00:00+00:00
[2021-10-13 05:01:34,536] {scheduler_job.py:190} INFO - Processing /home/airflow/.local/lib/python3.6/site-packages/airflow/example_dags/example_task_group.py took 0.078 seconds
[2021-10-13 05:02:04,802] {scheduler_job.py:182} INFO - Started process (PID=767) to work on /home/airflow/.local/lib/python3.6/site-packages/airflow/example_dags/example_task_group.py
[2021-10-13 05:02:04,808] {scheduler_job.py:629} INFO - Processing file /home/airflow/.local/lib/python3.6/site-packages/airflow/example_dags/example_task_group.py for tasks to queue
[2021-10-13 05:02:04,812] {logging_mixin.py:104} INFO - [2021-10-13 05:02:04,811] {dagbag.py:451} INFO - Filling up the DagBag from /home/airflow/.local/lib/python3.6/site-packages/airflow/example_dags/example_task_group.py
[2021-10-13 05:02:04,858] {scheduler_job.py:639} INFO - DAG(s) dict_keys(['example_task_group']) retrieved from /home/airflow/.local/lib/python3.6/site-packages/airflow/example_dags/example_task_group.py
[2021-10-13 05:02:04,890] {logging_mixin.py:104} INFO - [2021-10-13 05:02:04,889] {dag.py:1824} INFO - Sync 1 DAGs
[2021-10-13 05:02:04,910] {logging_mixin.py:104} INFO - [2021-10-13 05:02:04,909] {dag.py:2280} INFO - Setting next_dagrun for example_task_group to 2021-10-11 00:00:00+00:00
[2021-10-13 05:02:04,926] {scheduler_job.py:190} INFO - Processing /home/airflow/.local/lib/python3.6/site-packages/airflow/example_dags/example_task_group.py took 0.138 seconds
[2021-10-13 05:02:35,215] {scheduler_job.py:182} INFO - Started process (PID=800) to work on /home/airflow/.local/lib/python3.6/site-packages/airflow/example_dags/example_task_group.py
[2021-10-13 05:02:35,220] {scheduler_job.py:629} INFO - Processing file /home/airflow/.local/lib/python3.6/site-packages/airflow/example_dags/example_task_group.py for tasks to queue
[2021-10-13 05:02:35,224] {logging_mixin.py:104} INFO - [2021-10-13 05:02:35,223] {dagbag.py:451} INFO - Filling up the DagBag from /home/airflow/.local/lib/python3.6/site-packages/airflow/example_dags/example_task_group.py
[2021-10-13 05:02:35,274] {scheduler_job.py:639} INFO - DAG(s) dict_keys(['example_task_group']) retrieved from /home/airflow/.local/lib/python3.6/site-packages/airflow/example_dags/example_task_group.py
[2021-10-13 05:02:35,328] {logging_mixin.py:104} INFO - [2021-10-13 05:02:35,327] {dag.py:1824} INFO - Sync 1 DAGs
[2021-10-13 05:02:35,371] {logging_mixin.py:104} INFO - [2021-10-13 05:02:35,370] {dag.py:2280} INFO - Setting next_dagrun for example_task_group to 2021-10-11 00:00:00+00:00
[2021-10-13 05:02:35,399] {scheduler_job.py:190} INFO - Processing /home/airflow/.local/lib/python3.6/site-packages/airflow/example_dags/example_task_group.py took 0.199 seconds
[2021-10-13 05:03:06,166] {scheduler_job.py:182} INFO - Started process (PID=835) to work on /home/airflow/.local/lib/python3.6/site-packages/airflow/example_dags/example_task_group.py
[2021-10-13 05:03:06,169] {scheduler_job.py:629} INFO - Processing file /home/airflow/.local/lib/python3.6/site-packages/airflow/example_dags/example_task_group.py for tasks to queue
[2021-10-13 05:03:06,171] {logging_mixin.py:104} INFO - [2021-10-13 05:03:06,170] {dagbag.py:451} INFO - Filling up the DagBag from /home/airflow/.local/lib/python3.6/site-packages/airflow/example_dags/example_task_group.py
[2021-10-13 05:03:06,198] {scheduler_job.py:639} INFO - DAG(s) dict_keys(['example_task_group']) retrieved from /home/airflow/.local/lib/python3.6/site-packages/airflow/example_dags/example_task_group.py
[2021-10-13 05:03:06,251] {logging_mixin.py:104} INFO - [2021-10-13 05:03:06,250] {dag.py:1824} INFO - Sync 1 DAGs
[2021-10-13 05:03:06,292] {logging_mixin.py:104} INFO - [2021-10-13 05:03:06,291] {dag.py:2280} INFO - Setting next_dagrun for example_task_group to 2021-10-11 00:00:00+00:00
[2021-10-13 05:03:06,323] {scheduler_job.py:190} INFO - Processing /home/airflow/.local/lib/python3.6/site-packages/airflow/example_dags/example_task_group.py took 0.164 seconds
[2021-10-13 05:03:36,941] {scheduler_job.py:182} INFO - Started process (PID=868) to work on /home/airflow/.local/lib/python3.6/site-packages/airflow/example_dags/example_task_group.py
[2021-10-13 05:03:36,945] {scheduler_job.py:629} INFO - Processing file /home/airflow/.local/lib/python3.6/site-packages/airflow/example_dags/example_task_group.py for tasks to queue
[2021-10-13 05:03:36,948] {logging_mixin.py:104} INFO - [2021-10-13 05:03:36,948] {dagbag.py:451} INFO - Filling up the DagBag from /home/airflow/.local/lib/python3.6/site-packages/airflow/example_dags/example_task_group.py
[2021-10-13 05:03:36,973] {scheduler_job.py:639} INFO - DAG(s) dict_keys(['example_task_group']) retrieved from /home/airflow/.local/lib/python3.6/site-packages/airflow/example_dags/example_task_group.py
[2021-10-13 05:03:37,006] {logging_mixin.py:104} INFO - [2021-10-13 05:03:37,006] {dag.py:1824} INFO - Sync 1 DAGs
[2021-10-13 05:03:37,027] {logging_mixin.py:104} INFO - [2021-10-13 05:03:37,027] {dag.py:2280} INFO - Setting next_dagrun for example_task_group to 2021-10-11 00:00:00+00:00
[2021-10-13 05:03:37,044] {scheduler_job.py:190} INFO - Processing /home/airflow/.local/lib/python3.6/site-packages/airflow/example_dags/example_task_group.py took 0.109 seconds
[2021-10-13 05:04:07,985] {scheduler_job.py:182} INFO - Started process (PID=902) to work on /home/airflow/.local/lib/python3.6/site-packages/airflow/example_dags/example_task_group.py
[2021-10-13 05:04:07,987] {scheduler_job.py:629} INFO - Processing file /home/airflow/.local/lib/python3.6/site-packages/airflow/example_dags/example_task_group.py for tasks to queue
[2021-10-13 05:04:07,988] {logging_mixin.py:104} INFO - [2021-10-13 05:04:07,988] {dagbag.py:451} INFO - Filling up the DagBag from /home/airflow/.local/lib/python3.6/site-packages/airflow/example_dags/example_task_group.py
[2021-10-13 05:04:08,004] {scheduler_job.py:639} INFO - DAG(s) dict_keys(['example_task_group']) retrieved from /home/airflow/.local/lib/python3.6/site-packages/airflow/example_dags/example_task_group.py
[2021-10-13 05:04:08,028] {logging_mixin.py:104} INFO - [2021-10-13 05:04:08,028] {dag.py:1824} INFO - Sync 1 DAGs
[2021-10-13 05:04:08,047] {logging_mixin.py:104} INFO - [2021-10-13 05:04:08,046] {dag.py:2280} INFO - Setting next_dagrun for example_task_group to 2021-10-11 00:00:00+00:00
[2021-10-13 05:04:08,061] {scheduler_job.py:190} INFO - Processing /home/airflow/.local/lib/python3.6/site-packages/airflow/example_dags/example_task_group.py took 0.080 seconds
[2021-10-13 05:04:39,104] {scheduler_job.py:182} INFO - Started process (PID=935) to work on /home/airflow/.local/lib/python3.6/site-packages/airflow/example_dags/example_task_group.py
[2021-10-13 05:04:39,105] {scheduler_job.py:629} INFO - Processing file /home/airflow/.local/lib/python3.6/site-packages/airflow/example_dags/example_task_group.py for tasks to queue
[2021-10-13 05:04:39,106] {logging_mixin.py:104} INFO - [2021-10-13 05:04:39,106] {dagbag.py:451} INFO - Filling up the DagBag from /home/airflow/.local/lib/python3.6/site-packages/airflow/example_dags/example_task_group.py
[2021-10-13 05:04:39,120] {scheduler_job.py:639} INFO - DAG(s) dict_keys(['example_task_group']) retrieved from /home/airflow/.local/lib/python3.6/site-packages/airflow/example_dags/example_task_group.py
[2021-10-13 05:04:39,146] {logging_mixin.py:104} INFO - [2021-10-13 05:04:39,146] {dag.py:1824} INFO - Sync 1 DAGs
[2021-10-13 05:04:39,166] {logging_mixin.py:104} INFO - [2021-10-13 05:04:39,166] {dag.py:2280} INFO - Setting next_dagrun for example_task_group to 2021-10-11 00:00:00+00:00
[2021-10-13 05:04:39,189] {scheduler_job.py:190} INFO - Processing /home/airflow/.local/lib/python3.6/site-packages/airflow/example_dags/example_task_group.py took 0.090 seconds
[2021-10-13 05:05:09,672] {scheduler_job.py:182} INFO - Started process (PID=968) to work on /home/airflow/.local/lib/python3.6/site-packages/airflow/example_dags/example_task_group.py
[2021-10-13 05:05:09,675] {scheduler_job.py:629} INFO - Processing file /home/airflow/.local/lib/python3.6/site-packages/airflow/example_dags/example_task_group.py for tasks to queue
[2021-10-13 05:05:09,678] {logging_mixin.py:104} INFO - [2021-10-13 05:05:09,677] {dagbag.py:451} INFO - Filling up the DagBag from /home/airflow/.local/lib/python3.6/site-packages/airflow/example_dags/example_task_group.py
[2021-10-13 05:05:09,699] {scheduler_job.py:639} INFO - DAG(s) dict_keys(['example_task_group']) retrieved from /home/airflow/.local/lib/python3.6/site-packages/airflow/example_dags/example_task_group.py
[2021-10-13 05:05:09,724] {logging_mixin.py:104} INFO - [2021-10-13 05:05:09,724] {dag.py:1824} INFO - Sync 1 DAGs
[2021-10-13 05:05:09,739] {logging_mixin.py:104} INFO - [2021-10-13 05:05:09,739] {dag.py:2280} INFO - Setting next_dagrun for example_task_group to 2021-10-11 00:00:00+00:00
[2021-10-13 05:05:09,754] {scheduler_job.py:190} INFO - Processing /home/airflow/.local/lib/python3.6/site-packages/airflow/example_dags/example_task_group.py took 0.088 seconds
[2021-10-13 05:05:40,039] {scheduler_job.py:182} INFO - Started process (PID=1006) to work on /home/airflow/.local/lib/python3.6/site-packages/airflow/example_dags/example_task_group.py
[2021-10-13 05:05:40,041] {scheduler_job.py:629} INFO - Processing file /home/airflow/.local/lib/python3.6/site-packages/airflow/example_dags/example_task_group.py for tasks to queue
[2021-10-13 05:05:40,042] {logging_mixin.py:104} INFO - [2021-10-13 05:05:40,042] {dagbag.py:451} INFO - Filling up the DagBag from /home/airflow/.local/lib/python3.6/site-packages/airflow/example_dags/example_task_group.py
[2021-10-13 05:05:40,061] {scheduler_job.py:639} INFO - DAG(s) dict_keys(['example_task_group']) retrieved from /home/airflow/.local/lib/python3.6/site-packages/airflow/example_dags/example_task_group.py
[2021-10-13 05:05:40,096] {logging_mixin.py:104} INFO - [2021-10-13 05:05:40,096] {dag.py:1824} INFO - Sync 1 DAGs
[2021-10-13 05:05:40,121] {logging_mixin.py:104} INFO - [2021-10-13 05:05:40,121] {dag.py:2280} INFO - Setting next_dagrun for example_task_group to 2021-10-11 00:00:00+00:00
[2021-10-13 05:05:40,137] {scheduler_job.py:190} INFO - Processing /home/airflow/.local/lib/python3.6/site-packages/airflow/example_dags/example_task_group.py took 0.102 seconds
[2021-10-13 05:06:10,324] {scheduler_job.py:182} INFO - Started process (PID=1039) to work on /home/airflow/.local/lib/python3.6/site-packages/airflow/example_dags/example_task_group.py
[2021-10-13 05:06:10,325] {scheduler_job.py:629} INFO - Processing file /home/airflow/.local/lib/python3.6/site-packages/airflow/example_dags/example_task_group.py for tasks to queue
[2021-10-13 05:06:10,327] {logging_mixin.py:104} INFO - [2021-10-13 05:06:10,327] {dagbag.py:451} INFO - Filling up the DagBag from /home/airflow/.local/lib/python3.6/site-packages/airflow/example_dags/example_task_group.py
[2021-10-13 05:06:10,340] {scheduler_job.py:639} INFO - DAG(s) dict_keys(['example_task_group']) retrieved from /home/airflow/.local/lib/python3.6/site-packages/airflow/example_dags/example_task_group.py
[2021-10-13 05:06:10,363] {logging_mixin.py:104} INFO - [2021-10-13 05:06:10,363] {dag.py:1824} INFO - Sync 1 DAGs
[2021-10-13 05:06:10,379] {logging_mixin.py:104} INFO - [2021-10-13 05:06:10,379] {dag.py:2280} INFO - Setting next_dagrun for example_task_group to 2021-10-11 00:00:00+00:00
[2021-10-13 05:06:10,392] {scheduler_job.py:190} INFO - Processing /home/airflow/.local/lib/python3.6/site-packages/airflow/example_dags/example_task_group.py took 0.072 seconds
[2021-10-13 05:06:40,644] {scheduler_job.py:182} INFO - Started process (PID=1072) to work on /home/airflow/.local/lib/python3.6/site-packages/airflow/example_dags/example_task_group.py
[2021-10-13 05:06:40,646] {scheduler_job.py:629} INFO - Processing file /home/airflow/.local/lib/python3.6/site-packages/airflow/example_dags/example_task_group.py for tasks to queue
[2021-10-13 05:06:40,647] {logging_mixin.py:104} INFO - [2021-10-13 05:06:40,647] {dagbag.py:451} INFO - Filling up the DagBag from /home/airflow/.local/lib/python3.6/site-packages/airflow/example_dags/example_task_group.py
[2021-10-13 05:06:40,667] {scheduler_job.py:639} INFO - DAG(s) dict_keys(['example_task_group']) retrieved from /home/airflow/.local/lib/python3.6/site-packages/airflow/example_dags/example_task_group.py
[2021-10-13 05:06:40,692] {logging_mixin.py:104} INFO - [2021-10-13 05:06:40,692] {dag.py:1824} INFO - Sync 1 DAGs
[2021-10-13 05:06:40,709] {logging_mixin.py:104} INFO - [2021-10-13 05:06:40,709] {dag.py:2280} INFO - Setting next_dagrun for example_task_group to 2021-10-11 00:00:00+00:00
[2021-10-13 05:06:40,726] {scheduler_job.py:190} INFO - Processing /home/airflow/.local/lib/python3.6/site-packages/airflow/example_dags/example_task_group.py took 0.087 seconds
[2021-10-13 05:07:11,537] {scheduler_job.py:182} INFO - Started process (PID=1104) to work on /home/airflow/.local/lib/python3.6/site-packages/airflow/example_dags/example_task_group.py
[2021-10-13 05:07:11,539] {scheduler_job.py:629} INFO - Processing file /home/airflow/.local/lib/python3.6/site-packages/airflow/example_dags/example_task_group.py for tasks to queue
[2021-10-13 05:07:11,540] {logging_mixin.py:104} INFO - [2021-10-13 05:07:11,540] {dagbag.py:451} INFO - Filling up the DagBag from /home/airflow/.local/lib/python3.6/site-packages/airflow/example_dags/example_task_group.py
[2021-10-13 05:07:11,555] {scheduler_job.py:639} INFO - DAG(s) dict_keys(['example_task_group']) retrieved from /home/airflow/.local/lib/python3.6/site-packages/airflow/example_dags/example_task_group.py
[2021-10-13 05:07:11,581] {logging_mixin.py:104} INFO - [2021-10-13 05:07:11,581] {dag.py:1824} INFO - Sync 1 DAGs
[2021-10-13 05:07:11,600] {logging_mixin.py:104} INFO - [2021-10-13 05:07:11,600] {dag.py:2280} INFO - Setting next_dagrun for example_task_group to 2021-10-11 00:00:00+00:00
[2021-10-13 05:07:11,615] {scheduler_job.py:190} INFO - Processing /home/airflow/.local/lib/python3.6/site-packages/airflow/example_dags/example_task_group.py took 0.083 seconds
[2021-10-13 05:07:42,003] {scheduler_job.py:182} INFO - Started process (PID=1137) to work on /home/airflow/.local/lib/python3.6/site-packages/airflow/example_dags/example_task_group.py
[2021-10-13 05:07:42,004] {scheduler_job.py:629} INFO - Processing file /home/airflow/.local/lib/python3.6/site-packages/airflow/example_dags/example_task_group.py for tasks to queue
[2021-10-13 05:07:42,006] {logging_mixin.py:104} INFO - [2021-10-13 05:07:42,005] {dagbag.py:451} INFO - Filling up the DagBag from /home/airflow/.local/lib/python3.6/site-packages/airflow/example_dags/example_task_group.py
[2021-10-13 05:07:42,023] {scheduler_job.py:639} INFO - DAG(s) dict_keys(['example_task_group']) retrieved from /home/airflow/.local/lib/python3.6/site-packages/airflow/example_dags/example_task_group.py
[2021-10-13 05:07:42,052] {logging_mixin.py:104} INFO - [2021-10-13 05:07:42,051] {dag.py:1824} INFO - Sync 1 DAGs
[2021-10-13 05:07:42,075] {logging_mixin.py:104} INFO - [2021-10-13 05:07:42,075] {dag.py:2280} INFO - Setting next_dagrun for example_task_group to 2021-10-11 00:00:00+00:00
[2021-10-13 05:07:42,093] {scheduler_job.py:190} INFO - Processing /home/airflow/.local/lib/python3.6/site-packages/airflow/example_dags/example_task_group.py took 0.093 seconds
[2021-10-13 05:08:12,179] {scheduler_job.py:182} INFO - Started process (PID=1170) to work on /home/airflow/.local/lib/python3.6/site-packages/airflow/example_dags/example_task_group.py
[2021-10-13 05:08:12,180] {scheduler_job.py:629} INFO - Processing file /home/airflow/.local/lib/python3.6/site-packages/airflow/example_dags/example_task_group.py for tasks to queue
[2021-10-13 05:08:12,182] {logging_mixin.py:104} INFO - [2021-10-13 05:08:12,181] {dagbag.py:451} INFO - Filling up the DagBag from /home/airflow/.local/lib/python3.6/site-packages/airflow/example_dags/example_task_group.py
[2021-10-13 05:08:12,196] {scheduler_job.py:639} INFO - DAG(s) dict_keys(['example_task_group']) retrieved from /home/airflow/.local/lib/python3.6/site-packages/airflow/example_dags/example_task_group.py
[2021-10-13 05:08:12,221] {logging_mixin.py:104} INFO - [2021-10-13 05:08:12,221] {dag.py:1824} INFO - Sync 1 DAGs
[2021-10-13 05:08:12,239] {logging_mixin.py:104} INFO - [2021-10-13 05:08:12,239] {dag.py:2280} INFO - Setting next_dagrun for example_task_group to 2021-10-11 00:00:00+00:00
[2021-10-13 05:08:12,254] {scheduler_job.py:190} INFO - Processing /home/airflow/.local/lib/python3.6/site-packages/airflow/example_dags/example_task_group.py took 0.079 seconds
[2021-10-13 05:08:42,420] {scheduler_job.py:182} INFO - Started process (PID=1203) to work on /home/airflow/.local/lib/python3.6/site-packages/airflow/example_dags/example_task_group.py
[2021-10-13 05:08:42,422] {scheduler_job.py:629} INFO - Processing file /home/airflow/.local/lib/python3.6/site-packages/airflow/example_dags/example_task_group.py for tasks to queue
[2021-10-13 05:08:42,424] {logging_mixin.py:104} INFO - [2021-10-13 05:08:42,424] {dagbag.py:451} INFO - Filling up the DagBag from /home/airflow/.local/lib/python3.6/site-packages/airflow/example_dags/example_task_group.py
[2021-10-13 05:08:42,443] {scheduler_job.py:639} INFO - DAG(s) dict_keys(['example_task_group']) retrieved from /home/airflow/.local/lib/python3.6/site-packages/airflow/example_dags/example_task_group.py
[2021-10-13 05:08:42,471] {logging_mixin.py:104} INFO - [2021-10-13 05:08:42,471] {dag.py:1824} INFO - Sync 1 DAGs
[2021-10-13 05:08:42,490] {logging_mixin.py:104} INFO - [2021-10-13 05:08:42,490] {dag.py:2280} INFO - Setting next_dagrun for example_task_group to 2021-10-11 00:00:00+00:00
[2021-10-13 05:08:42,506] {scheduler_job.py:190} INFO - Processing /home/airflow/.local/lib/python3.6/site-packages/airflow/example_dags/example_task_group.py took 0.089 seconds
[2021-10-13 05:09:13,408] {scheduler_job.py:182} INFO - Started process (PID=1236) to work on /home/airflow/.local/lib/python3.6/site-packages/airflow/example_dags/example_task_group.py
[2021-10-13 05:09:13,409] {scheduler_job.py:629} INFO - Processing file /home/airflow/.local/lib/python3.6/site-packages/airflow/example_dags/example_task_group.py for tasks to queue
[2021-10-13 05:09:13,410] {logging_mixin.py:104} INFO - [2021-10-13 05:09:13,410] {dagbag.py:451} INFO - Filling up the DagBag from /home/airflow/.local/lib/python3.6/site-packages/airflow/example_dags/example_task_group.py
[2021-10-13 05:09:13,427] {scheduler_job.py:639} INFO - DAG(s) dict_keys(['example_task_group']) retrieved from /home/airflow/.local/lib/python3.6/site-packages/airflow/example_dags/example_task_group.py
[2021-10-13 05:09:13,451] {logging_mixin.py:104} INFO - [2021-10-13 05:09:13,451] {dag.py:1824} INFO - Sync 1 DAGs
[2021-10-13 05:09:13,469] {logging_mixin.py:104} INFO - [2021-10-13 05:09:13,469] {dag.py:2280} INFO - Setting next_dagrun for example_task_group to 2021-10-11 00:00:00+00:00
[2021-10-13 05:09:13,482] {scheduler_job.py:190} INFO - Processing /home/airflow/.local/lib/python3.6/site-packages/airflow/example_dags/example_task_group.py took 0.078 seconds
[2021-10-13 05:09:44,483] {scheduler_job.py:182} INFO - Started process (PID=1269) to work on /home/airflow/.local/lib/python3.6/site-packages/airflow/example_dags/example_task_group.py
[2021-10-13 05:09:44,484] {scheduler_job.py:629} INFO - Processing file /home/airflow/.local/lib/python3.6/site-packages/airflow/example_dags/example_task_group.py for tasks to queue
[2021-10-13 05:09:44,486] {logging_mixin.py:104} INFO - [2021-10-13 05:09:44,485] {dagbag.py:451} INFO - Filling up the DagBag from /home/airflow/.local/lib/python3.6/site-packages/airflow/example_dags/example_task_group.py
[2021-10-13 05:09:44,506] {scheduler_job.py:639} INFO - DAG(s) dict_keys(['example_task_group']) retrieved from /home/airflow/.local/lib/python3.6/site-packages/airflow/example_dags/example_task_group.py
[2021-10-13 05:09:44,537] {logging_mixin.py:104} INFO - [2021-10-13 05:09:44,536] {dag.py:1824} INFO - Sync 1 DAGs
[2021-10-13 05:09:44,558] {logging_mixin.py:104} INFO - [2021-10-13 05:09:44,557] {dag.py:2280} INFO - Setting next_dagrun for example_task_group to 2021-10-11 00:00:00+00:00
[2021-10-13 05:09:44,574] {scheduler_job.py:190} INFO - Processing /home/airflow/.local/lib/python3.6/site-packages/airflow/example_dags/example_task_group.py took 0.095 seconds
[2021-10-13 05:10:14,697] {scheduler_job.py:182} INFO - Started process (PID=1302) to work on /home/airflow/.local/lib/python3.6/site-packages/airflow/example_dags/example_task_group.py
[2021-10-13 05:10:14,699] {scheduler_job.py:629} INFO - Processing file /home/airflow/.local/lib/python3.6/site-packages/airflow/example_dags/example_task_group.py for tasks to queue
[2021-10-13 05:10:14,700] {logging_mixin.py:104} INFO - [2021-10-13 05:10:14,700] {dagbag.py:451} INFO - Filling up the DagBag from /home/airflow/.local/lib/python3.6/site-packages/airflow/example_dags/example_task_group.py
[2021-10-13 05:10:14,716] {scheduler_job.py:639} INFO - DAG(s) dict_keys(['example_task_group']) retrieved from /home/airflow/.local/lib/python3.6/site-packages/airflow/example_dags/example_task_group.py
[2021-10-13 05:10:14,749] {logging_mixin.py:104} INFO - [2021-10-13 05:10:14,749] {dag.py:1824} INFO - Sync 1 DAGs
[2021-10-13 05:10:14,774] {logging_mixin.py:104} INFO - [2021-10-13 05:10:14,774] {dag.py:2280} INFO - Setting next_dagrun for example_task_group to 2021-10-11 00:00:00+00:00
[2021-10-13 05:10:14,798] {scheduler_job.py:190} INFO - Processing /home/airflow/.local/lib/python3.6/site-packages/airflow/example_dags/example_task_group.py took 0.106 seconds
[2021-10-13 05:10:44,957] {scheduler_job.py:182} INFO - Started process (PID=1335) to work on /home/airflow/.local/lib/python3.6/site-packages/airflow/example_dags/example_task_group.py
[2021-10-13 05:10:44,959] {scheduler_job.py:629} INFO - Processing file /home/airflow/.local/lib/python3.6/site-packages/airflow/example_dags/example_task_group.py for tasks to queue
[2021-10-13 05:10:44,960] {logging_mixin.py:104} INFO - [2021-10-13 05:10:44,960] {dagbag.py:451} INFO - Filling up the DagBag from /home/airflow/.local/lib/python3.6/site-packages/airflow/example_dags/example_task_group.py
[2021-10-13 05:10:44,977] {scheduler_job.py:639} INFO - DAG(s) dict_keys(['example_task_group']) retrieved from /home/airflow/.local/lib/python3.6/site-packages/airflow/example_dags/example_task_group.py
[2021-10-13 05:10:45,011] {logging_mixin.py:104} INFO - [2021-10-13 05:10:45,011] {dag.py:1824} INFO - Sync 1 DAGs
[2021-10-13 05:10:45,030] {logging_mixin.py:104} INFO - [2021-10-13 05:10:45,030] {dag.py:2280} INFO - Setting next_dagrun for example_task_group to 2021-10-11 00:00:00+00:00
[2021-10-13 05:10:45,044] {scheduler_job.py:190} INFO - Processing /home/airflow/.local/lib/python3.6/site-packages/airflow/example_dags/example_task_group.py took 0.091 seconds
[2021-10-13 05:11:15,320] {scheduler_job.py:182} INFO - Started process (PID=1368) to work on /home/airflow/.local/lib/python3.6/site-packages/airflow/example_dags/example_task_group.py
[2021-10-13 05:11:15,322] {scheduler_job.py:629} INFO - Processing file /home/airflow/.local/lib/python3.6/site-packages/airflow/example_dags/example_task_group.py for tasks to queue
[2021-10-13 05:11:15,324] {logging_mixin.py:104} INFO - [2021-10-13 05:11:15,323] {dagbag.py:451} INFO - Filling up the DagBag from /home/airflow/.local/lib/python3.6/site-packages/airflow/example_dags/example_task_group.py
[2021-10-13 05:11:15,346] {scheduler_job.py:639} INFO - DAG(s) dict_keys(['example_task_group']) retrieved from /home/airflow/.local/lib/python3.6/site-packages/airflow/example_dags/example_task_group.py
[2021-10-13 05:11:15,377] {logging_mixin.py:104} INFO - [2021-10-13 05:11:15,377] {dag.py:1824} INFO - Sync 1 DAGs
[2021-10-13 05:11:15,397] {logging_mixin.py:104} INFO - [2021-10-13 05:11:15,397] {dag.py:2280} INFO - Setting next_dagrun for example_task_group to 2021-10-11 00:00:00+00:00
[2021-10-13 05:11:15,412] {scheduler_job.py:190} INFO - Processing /home/airflow/.local/lib/python3.6/site-packages/airflow/example_dags/example_task_group.py took 0.096 seconds
[2021-10-13 05:11:46,167] {scheduler_job.py:182} INFO - Started process (PID=1401) to work on /home/airflow/.local/lib/python3.6/site-packages/airflow/example_dags/example_task_group.py
[2021-10-13 05:11:46,170] {scheduler_job.py:629} INFO - Processing file /home/airflow/.local/lib/python3.6/site-packages/airflow/example_dags/example_task_group.py for tasks to queue
[2021-10-13 05:11:46,172] {logging_mixin.py:104} INFO - [2021-10-13 05:11:46,172] {dagbag.py:451} INFO - Filling up the DagBag from /home/airflow/.local/lib/python3.6/site-packages/airflow/example_dags/example_task_group.py
[2021-10-13 05:11:46,202] {scheduler_job.py:639} INFO - DAG(s) dict_keys(['example_task_group']) retrieved from /home/airflow/.local/lib/python3.6/site-packages/airflow/example_dags/example_task_group.py
[2021-10-13 05:11:46,229] {logging_mixin.py:104} INFO - [2021-10-13 05:11:46,229] {dag.py:1824} INFO - Sync 1 DAGs
[2021-10-13 05:11:46,245] {logging_mixin.py:104} INFO - [2021-10-13 05:11:46,245] {dag.py:2280} INFO - Setting next_dagrun for example_task_group to 2021-10-11 00:00:00+00:00
[2021-10-13 05:11:46,259] {scheduler_job.py:190} INFO - Processing /home/airflow/.local/lib/python3.6/site-packages/airflow/example_dags/example_task_group.py took 0.100 seconds
[2021-10-13 05:12:17,181] {scheduler_job.py:182} INFO - Started process (PID=1434) to work on /home/airflow/.local/lib/python3.6/site-packages/airflow/example_dags/example_task_group.py
[2021-10-13 05:12:17,183] {scheduler_job.py:629} INFO - Processing file /home/airflow/.local/lib/python3.6/site-packages/airflow/example_dags/example_task_group.py for tasks to queue
[2021-10-13 05:12:17,184] {logging_mixin.py:104} INFO - [2021-10-13 05:12:17,184] {dagbag.py:451} INFO - Filling up the DagBag from /home/airflow/.local/lib/python3.6/site-packages/airflow/example_dags/example_task_group.py
[2021-10-13 05:12:17,198] {scheduler_job.py:639} INFO - DAG(s) dict_keys(['example_task_group']) retrieved from /home/airflow/.local/lib/python3.6/site-packages/airflow/example_dags/example_task_group.py
[2021-10-13 05:12:17,222] {logging_mixin.py:104} INFO - [2021-10-13 05:12:17,222] {dag.py:1824} INFO - Sync 1 DAGs
[2021-10-13 05:12:17,238] {logging_mixin.py:104} INFO - [2021-10-13 05:12:17,238] {dag.py:2280} INFO - Setting next_dagrun for example_task_group to 2021-10-11 00:00:00+00:00
[2021-10-13 05:12:17,253] {scheduler_job.py:190} INFO - Processing /home/airflow/.local/lib/python3.6/site-packages/airflow/example_dags/example_task_group.py took 0.076 seconds
[2021-10-13 05:12:48,154] {scheduler_job.py:182} INFO - Started process (PID=1467) to work on /home/airflow/.local/lib/python3.6/site-packages/airflow/example_dags/example_task_group.py
[2021-10-13 05:12:48,156] {scheduler_job.py:629} INFO - Processing file /home/airflow/.local/lib/python3.6/site-packages/airflow/example_dags/example_task_group.py for tasks to queue
[2021-10-13 05:12:48,157] {logging_mixin.py:104} INFO - [2021-10-13 05:12:48,157] {dagbag.py:451} INFO - Filling up the DagBag from /home/airflow/.local/lib/python3.6/site-packages/airflow/example_dags/example_task_group.py
[2021-10-13 05:12:48,173] {scheduler_job.py:639} INFO - DAG(s) dict_keys(['example_task_group']) retrieved from /home/airflow/.local/lib/python3.6/site-packages/airflow/example_dags/example_task_group.py
[2021-10-13 05:12:48,196] {logging_mixin.py:104} INFO - [2021-10-13 05:12:48,196] {dag.py:1824} INFO - Sync 1 DAGs
[2021-10-13 05:12:48,215] {logging_mixin.py:104} INFO - [2021-10-13 05:12:48,215] {dag.py:2280} INFO - Setting next_dagrun for example_task_group to 2021-10-11 00:00:00+00:00
[2021-10-13 05:12:48,231] {scheduler_job.py:190} INFO - Processing /home/airflow/.local/lib/python3.6/site-packages/airflow/example_dags/example_task_group.py took 0.081 seconds
[2021-10-13 05:13:18,448] {scheduler_job.py:182} INFO - Started process (PID=1500) to work on /home/airflow/.local/lib/python3.6/site-packages/airflow/example_dags/example_task_group.py
[2021-10-13 05:13:18,450] {scheduler_job.py:629} INFO - Processing file /home/airflow/.local/lib/python3.6/site-packages/airflow/example_dags/example_task_group.py for tasks to queue
[2021-10-13 05:13:18,451] {logging_mixin.py:104} INFO - [2021-10-13 05:13:18,451] {dagbag.py:451} INFO - Filling up the DagBag from /home/airflow/.local/lib/python3.6/site-packages/airflow/example_dags/example_task_group.py
[2021-10-13 05:13:18,465] {scheduler_job.py:639} INFO - DAG(s) dict_keys(['example_task_group']) retrieved from /home/airflow/.local/lib/python3.6/site-packages/airflow/example_dags/example_task_group.py
[2021-10-13 05:13:18,488] {logging_mixin.py:104} INFO - [2021-10-13 05:13:18,488] {dag.py:1824} INFO - Sync 1 DAGs
[2021-10-13 05:13:18,504] {logging_mixin.py:104} INFO - [2021-10-13 05:13:18,504] {dag.py:2280} INFO - Setting next_dagrun for example_task_group to 2021-10-11 00:00:00+00:00
[2021-10-13 05:13:18,518] {scheduler_job.py:190} INFO - Processing /home/airflow/.local/lib/python3.6/site-packages/airflow/example_dags/example_task_group.py took 0.073 seconds
[2021-10-13 05:13:49,408] {scheduler_job.py:182} INFO - Started process (PID=1533) to work on /home/airflow/.local/lib/python3.6/site-packages/airflow/example_dags/example_task_group.py
[2021-10-13 05:13:49,410] {scheduler_job.py:629} INFO - Processing file /home/airflow/.local/lib/python3.6/site-packages/airflow/example_dags/example_task_group.py for tasks to queue
[2021-10-13 05:13:49,411] {logging_mixin.py:104} INFO - [2021-10-13 05:13:49,411] {dagbag.py:451} INFO - Filling up the DagBag from /home/airflow/.local/lib/python3.6/site-packages/airflow/example_dags/example_task_group.py
[2021-10-13 05:13:49,427] {scheduler_job.py:639} INFO - DAG(s) dict_keys(['example_task_group']) retrieved from /home/airflow/.local/lib/python3.6/site-packages/airflow/example_dags/example_task_group.py
[2021-10-13 05:13:49,450] {logging_mixin.py:104} INFO - [2021-10-13 05:13:49,450] {dag.py:1824} INFO - Sync 1 DAGs
[2021-10-13 05:13:49,467] {logging_mixin.py:104} INFO - [2021-10-13 05:13:49,467] {dag.py:2280} INFO - Setting next_dagrun for example_task_group to 2021-10-11 00:00:00+00:00
[2021-10-13 05:13:49,481] {scheduler_job.py:190} INFO - Processing /home/airflow/.local/lib/python3.6/site-packages/airflow/example_dags/example_task_group.py took 0.076 seconds
[2021-10-13 05:14:19,580] {scheduler_job.py:182} INFO - Started process (PID=1566) to work on /home/airflow/.local/lib/python3.6/site-packages/airflow/example_dags/example_task_group.py
[2021-10-13 05:14:19,583] {scheduler_job.py:629} INFO - Processing file /home/airflow/.local/lib/python3.6/site-packages/airflow/example_dags/example_task_group.py for tasks to queue
[2021-10-13 05:14:19,584] {logging_mixin.py:104} INFO - [2021-10-13 05:14:19,584] {dagbag.py:451} INFO - Filling up the DagBag from /home/airflow/.local/lib/python3.6/site-packages/airflow/example_dags/example_task_group.py
[2021-10-13 05:14:19,607] {scheduler_job.py:639} INFO - DAG(s) dict_keys(['example_task_group']) retrieved from /home/airflow/.local/lib/python3.6/site-packages/airflow/example_dags/example_task_group.py
[2021-10-13 05:14:19,633] {logging_mixin.py:104} INFO - [2021-10-13 05:14:19,633] {dag.py:1824} INFO - Sync 1 DAGs
[2021-10-13 05:14:19,649] {logging_mixin.py:104} INFO - [2021-10-13 05:14:19,649] {dag.py:2280} INFO - Setting next_dagrun for example_task_group to 2021-10-11 00:00:00+00:00
[2021-10-13 05:14:19,664] {scheduler_job.py:190} INFO - Processing /home/airflow/.local/lib/python3.6/site-packages/airflow/example_dags/example_task_group.py took 0.091 seconds
[2021-10-13 05:26:33,754] {scheduler_job.py:182} INFO - Started process (PID=1600) to work on /home/airflow/.local/lib/python3.6/site-packages/airflow/example_dags/example_task_group.py
[2021-10-13 05:26:33,756] {scheduler_job.py:629} INFO - Processing file /home/airflow/.local/lib/python3.6/site-packages/airflow/example_dags/example_task_group.py for tasks to queue
[2021-10-13 05:26:33,757] {logging_mixin.py:104} INFO - [2021-10-13 05:26:33,757] {dagbag.py:451} INFO - Filling up the DagBag from /home/airflow/.local/lib/python3.6/site-packages/airflow/example_dags/example_task_group.py
[2021-10-13 05:26:33,774] {scheduler_job.py:639} INFO - DAG(s) dict_keys(['example_task_group']) retrieved from /home/airflow/.local/lib/python3.6/site-packages/airflow/example_dags/example_task_group.py
[2021-10-13 05:26:33,804] {logging_mixin.py:104} INFO - [2021-10-13 05:26:33,804] {dag.py:1824} INFO - Sync 1 DAGs
[2021-10-13 05:26:33,826] {logging_mixin.py:104} INFO - [2021-10-13 05:26:33,826] {dag.py:2280} INFO - Setting next_dagrun for example_task_group to 2021-10-11 00:00:00+00:00
[2021-10-13 05:26:33,845] {scheduler_job.py:190} INFO - Processing /home/airflow/.local/lib/python3.6/site-packages/airflow/example_dags/example_task_group.py took 0.097 seconds
[2021-10-13 05:27:03,920] {scheduler_job.py:182} INFO - Started process (PID=1633) to work on /home/airflow/.local/lib/python3.6/site-packages/airflow/example_dags/example_task_group.py
[2021-10-13 05:27:03,922] {scheduler_job.py:629} INFO - Processing file /home/airflow/.local/lib/python3.6/site-packages/airflow/example_dags/example_task_group.py for tasks to queue
[2021-10-13 05:27:03,923] {logging_mixin.py:104} INFO - [2021-10-13 05:27:03,923] {dagbag.py:451} INFO - Filling up the DagBag from /home/airflow/.local/lib/python3.6/site-packages/airflow/example_dags/example_task_group.py
[2021-10-13 05:27:03,940] {scheduler_job.py:639} INFO - DAG(s) dict_keys(['example_task_group']) retrieved from /home/airflow/.local/lib/python3.6/site-packages/airflow/example_dags/example_task_group.py
[2021-10-13 05:27:03,967] {logging_mixin.py:104} INFO - [2021-10-13 05:27:03,967] {dag.py:1824} INFO - Sync 1 DAGs
[2021-10-13 05:27:03,987] {logging_mixin.py:104} INFO - [2021-10-13 05:27:03,987] {dag.py:2280} INFO - Setting next_dagrun for example_task_group to 2021-10-11 00:00:00+00:00
[2021-10-13 05:27:04,002] {scheduler_job.py:190} INFO - Processing /home/airflow/.local/lib/python3.6/site-packages/airflow/example_dags/example_task_group.py took 0.086 seconds
[2021-10-13 05:27:34,360] {scheduler_job.py:182} INFO - Started process (PID=1665) to work on /home/airflow/.local/lib/python3.6/site-packages/airflow/example_dags/example_task_group.py
[2021-10-13 05:27:34,363] {scheduler_job.py:629} INFO - Processing file /home/airflow/.local/lib/python3.6/site-packages/airflow/example_dags/example_task_group.py for tasks to queue
[2021-10-13 05:27:34,364] {logging_mixin.py:104} INFO - [2021-10-13 05:27:34,364] {dagbag.py:451} INFO - Filling up the DagBag from /home/airflow/.local/lib/python3.6/site-packages/airflow/example_dags/example_task_group.py
[2021-10-13 05:27:34,383] {scheduler_job.py:639} INFO - DAG(s) dict_keys(['example_task_group']) retrieved from /home/airflow/.local/lib/python3.6/site-packages/airflow/example_dags/example_task_group.py
[2021-10-13 05:27:34,422] {logging_mixin.py:104} INFO - [2021-10-13 05:27:34,422] {dag.py:1824} INFO - Sync 1 DAGs
[2021-10-13 05:27:34,447] {logging_mixin.py:104} INFO - [2021-10-13 05:27:34,447] {dag.py:2280} INFO - Setting next_dagrun for example_task_group to 2021-10-11 00:00:00+00:00
[2021-10-13 05:27:34,463] {scheduler_job.py:190} INFO - Processing /home/airflow/.local/lib/python3.6/site-packages/airflow/example_dags/example_task_group.py took 0.107 seconds
[2021-10-13 05:28:04,838] {scheduler_job.py:182} INFO - Started process (PID=1697) to work on /home/airflow/.local/lib/python3.6/site-packages/airflow/example_dags/example_task_group.py
[2021-10-13 05:28:04,840] {scheduler_job.py:629} INFO - Processing file /home/airflow/.local/lib/python3.6/site-packages/airflow/example_dags/example_task_group.py for tasks to queue
[2021-10-13 05:28:04,841] {logging_mixin.py:104} INFO - [2021-10-13 05:28:04,841] {dagbag.py:451} INFO - Filling up the DagBag from /home/airflow/.local/lib/python3.6/site-packages/airflow/example_dags/example_task_group.py
[2021-10-13 05:28:04,854] {scheduler_job.py:639} INFO - DAG(s) dict_keys(['example_task_group']) retrieved from /home/airflow/.local/lib/python3.6/site-packages/airflow/example_dags/example_task_group.py
[2021-10-13 05:28:04,879] {logging_mixin.py:104} INFO - [2021-10-13 05:28:04,879] {dag.py:1824} INFO - Sync 1 DAGs
[2021-10-13 05:28:04,898] {logging_mixin.py:104} INFO - [2021-10-13 05:28:04,898] {dag.py:2280} INFO - Setting next_dagrun for example_task_group to 2021-10-11 00:00:00+00:00
[2021-10-13 05:28:04,915] {scheduler_job.py:190} INFO - Processing /home/airflow/.local/lib/python3.6/site-packages/airflow/example_dags/example_task_group.py took 0.081 seconds
[2021-10-13 05:28:35,156] {scheduler_job.py:182} INFO - Started process (PID=1729) to work on /home/airflow/.local/lib/python3.6/site-packages/airflow/example_dags/example_task_group.py
[2021-10-13 05:28:35,157] {scheduler_job.py:629} INFO - Processing file /home/airflow/.local/lib/python3.6/site-packages/airflow/example_dags/example_task_group.py for tasks to queue
[2021-10-13 05:28:35,159] {logging_mixin.py:104} INFO - [2021-10-13 05:28:35,158] {dagbag.py:451} INFO - Filling up the DagBag from /home/airflow/.local/lib/python3.6/site-packages/airflow/example_dags/example_task_group.py
[2021-10-13 05:28:35,173] {scheduler_job.py:639} INFO - DAG(s) dict_keys(['example_task_group']) retrieved from /home/airflow/.local/lib/python3.6/site-packages/airflow/example_dags/example_task_group.py
[2021-10-13 05:28:35,204] {logging_mixin.py:104} INFO - [2021-10-13 05:28:35,204] {dag.py:1824} INFO - Sync 1 DAGs
[2021-10-13 05:28:35,234] {logging_mixin.py:104} INFO - [2021-10-13 05:28:35,234] {dag.py:2280} INFO - Setting next_dagrun for example_task_group to 2021-10-11 00:00:00+00:00
[2021-10-13 05:28:35,259] {scheduler_job.py:190} INFO - Processing /home/airflow/.local/lib/python3.6/site-packages/airflow/example_dags/example_task_group.py took 0.108 seconds
[2021-10-13 05:29:05,623] {scheduler_job.py:182} INFO - Started process (PID=1762) to work on /home/airflow/.local/lib/python3.6/site-packages/airflow/example_dags/example_task_group.py
[2021-10-13 05:29:05,625] {scheduler_job.py:629} INFO - Processing file /home/airflow/.local/lib/python3.6/site-packages/airflow/example_dags/example_task_group.py for tasks to queue
[2021-10-13 05:29:05,626] {logging_mixin.py:104} INFO - [2021-10-13 05:29:05,626] {dagbag.py:451} INFO - Filling up the DagBag from /home/airflow/.local/lib/python3.6/site-packages/airflow/example_dags/example_task_group.py
[2021-10-13 05:29:05,648] {scheduler_job.py:639} INFO - DAG(s) dict_keys(['example_task_group']) retrieved from /home/airflow/.local/lib/python3.6/site-packages/airflow/example_dags/example_task_group.py
[2021-10-13 05:29:05,673] {logging_mixin.py:104} INFO - [2021-10-13 05:29:05,673] {dag.py:1824} INFO - Sync 1 DAGs
[2021-10-13 05:29:05,694] {logging_mixin.py:104} INFO - [2021-10-13 05:29:05,693] {dag.py:2280} INFO - Setting next_dagrun for example_task_group to 2021-10-11 00:00:00+00:00
[2021-10-13 05:29:05,709] {scheduler_job.py:190} INFO - Processing /home/airflow/.local/lib/python3.6/site-packages/airflow/example_dags/example_task_group.py took 0.089 seconds
[2021-10-13 05:29:37,195] {scheduler_job.py:182} INFO - Started process (PID=1795) to work on /home/airflow/.local/lib/python3.6/site-packages/airflow/example_dags/example_task_group.py
[2021-10-13 05:29:37,197] {scheduler_job.py:629} INFO - Processing file /home/airflow/.local/lib/python3.6/site-packages/airflow/example_dags/example_task_group.py for tasks to queue
[2021-10-13 05:29:37,199] {logging_mixin.py:104} INFO - [2021-10-13 05:29:37,199] {dagbag.py:451} INFO - Filling up the DagBag from /home/airflow/.local/lib/python3.6/site-packages/airflow/example_dags/example_task_group.py
[2021-10-13 05:29:37,222] {scheduler_job.py:639} INFO - DAG(s) dict_keys(['example_task_group']) retrieved from /home/airflow/.local/lib/python3.6/site-packages/airflow/example_dags/example_task_group.py
[2021-10-13 05:29:37,259] {logging_mixin.py:104} INFO - [2021-10-13 05:29:37,259] {dag.py:1824} INFO - Sync 1 DAGs
[2021-10-13 05:29:37,287] {logging_mixin.py:104} INFO - [2021-10-13 05:29:37,287] {dag.py:2280} INFO - Setting next_dagrun for example_task_group to 2021-10-11 00:00:00+00:00
[2021-10-13 05:29:37,306] {scheduler_job.py:190} INFO - Processing /home/airflow/.local/lib/python3.6/site-packages/airflow/example_dags/example_task_group.py took 0.115 seconds
[2021-10-13 05:30:07,891] {scheduler_job.py:182} INFO - Started process (PID=1828) to work on /home/airflow/.local/lib/python3.6/site-packages/airflow/example_dags/example_task_group.py
[2021-10-13 05:30:07,893] {scheduler_job.py:629} INFO - Processing file /home/airflow/.local/lib/python3.6/site-packages/airflow/example_dags/example_task_group.py for tasks to queue
[2021-10-13 05:30:07,894] {logging_mixin.py:104} INFO - [2021-10-13 05:30:07,894] {dagbag.py:451} INFO - Filling up the DagBag from /home/airflow/.local/lib/python3.6/site-packages/airflow/example_dags/example_task_group.py
[2021-10-13 05:30:07,910] {scheduler_job.py:639} INFO - DAG(s) dict_keys(['example_task_group']) retrieved from /home/airflow/.local/lib/python3.6/site-packages/airflow/example_dags/example_task_group.py
[2021-10-13 05:30:07,985] {logging_mixin.py:104} INFO - [2021-10-13 05:30:07,985] {dag.py:1824} INFO - Sync 1 DAGs
[2021-10-13 05:30:08,009] {logging_mixin.py:104} INFO - [2021-10-13 05:30:08,009] {dag.py:2280} INFO - Setting next_dagrun for example_task_group to 2021-10-11 00:00:00+00:00
[2021-10-13 05:30:08,023] {scheduler_job.py:190} INFO - Processing /home/airflow/.local/lib/python3.6/site-packages/airflow/example_dags/example_task_group.py took 0.137 seconds
[2021-10-13 05:30:38,444] {scheduler_job.py:182} INFO - Started process (PID=1862) to work on /home/airflow/.local/lib/python3.6/site-packages/airflow/example_dags/example_task_group.py
[2021-10-13 05:30:38,447] {scheduler_job.py:629} INFO - Processing file /home/airflow/.local/lib/python3.6/site-packages/airflow/example_dags/example_task_group.py for tasks to queue
[2021-10-13 05:30:38,448] {logging_mixin.py:104} INFO - [2021-10-13 05:30:38,448] {dagbag.py:451} INFO - Filling up the DagBag from /home/airflow/.local/lib/python3.6/site-packages/airflow/example_dags/example_task_group.py
[2021-10-13 05:30:38,464] {scheduler_job.py:639} INFO - DAG(s) dict_keys(['example_task_group']) retrieved from /home/airflow/.local/lib/python3.6/site-packages/airflow/example_dags/example_task_group.py
[2021-10-13 05:30:38,491] {logging_mixin.py:104} INFO - [2021-10-13 05:30:38,491] {dag.py:1824} INFO - Sync 1 DAGs
[2021-10-13 05:30:38,511] {logging_mixin.py:104} INFO - [2021-10-13 05:30:38,511] {dag.py:2280} INFO - Setting next_dagrun for example_task_group to 2021-10-11 00:00:00+00:00
[2021-10-13 05:30:38,525] {scheduler_job.py:190} INFO - Processing /home/airflow/.local/lib/python3.6/site-packages/airflow/example_dags/example_task_group.py took 0.085 seconds
[2021-10-13 05:31:09,161] {scheduler_job.py:182} INFO - Started process (PID=1894) to work on /home/airflow/.local/lib/python3.6/site-packages/airflow/example_dags/example_task_group.py
[2021-10-13 05:31:09,162] {scheduler_job.py:629} INFO - Processing file /home/airflow/.local/lib/python3.6/site-packages/airflow/example_dags/example_task_group.py for tasks to queue
[2021-10-13 05:31:09,163] {logging_mixin.py:104} INFO - [2021-10-13 05:31:09,163] {dagbag.py:451} INFO - Filling up the DagBag from /home/airflow/.local/lib/python3.6/site-packages/airflow/example_dags/example_task_group.py
[2021-10-13 05:31:09,178] {scheduler_job.py:639} INFO - DAG(s) dict_keys(['example_task_group']) retrieved from /home/airflow/.local/lib/python3.6/site-packages/airflow/example_dags/example_task_group.py
[2021-10-13 05:31:09,201] {logging_mixin.py:104} INFO - [2021-10-13 05:31:09,201] {dag.py:1824} INFO - Sync 1 DAGs
[2021-10-13 05:31:09,220] {logging_mixin.py:104} INFO - [2021-10-13 05:31:09,220] {dag.py:2280} INFO - Setting next_dagrun for example_task_group to 2021-10-11 00:00:00+00:00
[2021-10-13 05:31:09,237] {scheduler_job.py:190} INFO - Processing /home/airflow/.local/lib/python3.6/site-packages/airflow/example_dags/example_task_group.py took 0.080 seconds
[2021-10-13 05:31:39,857] {scheduler_job.py:182} INFO - Started process (PID=1927) to work on /home/airflow/.local/lib/python3.6/site-packages/airflow/example_dags/example_task_group.py
[2021-10-13 05:31:39,858] {scheduler_job.py:629} INFO - Processing file /home/airflow/.local/lib/python3.6/site-packages/airflow/example_dags/example_task_group.py for tasks to queue
[2021-10-13 05:31:39,860] {logging_mixin.py:104} INFO - [2021-10-13 05:31:39,860] {dagbag.py:451} INFO - Filling up the DagBag from /home/airflow/.local/lib/python3.6/site-packages/airflow/example_dags/example_task_group.py
[2021-10-13 05:31:39,874] {scheduler_job.py:639} INFO - DAG(s) dict_keys(['example_task_group']) retrieved from /home/airflow/.local/lib/python3.6/site-packages/airflow/example_dags/example_task_group.py
[2021-10-13 05:31:39,900] {logging_mixin.py:104} INFO - [2021-10-13 05:31:39,899] {dag.py:1824} INFO - Sync 1 DAGs
[2021-10-13 05:31:39,918] {logging_mixin.py:104} INFO - [2021-10-13 05:31:39,918] {dag.py:2280} INFO - Setting next_dagrun for example_task_group to 2021-10-11 00:00:00+00:00
[2021-10-13 05:31:39,935] {scheduler_job.py:190} INFO - Processing /home/airflow/.local/lib/python3.6/site-packages/airflow/example_dags/example_task_group.py took 0.081 seconds
[2021-10-13 05:32:10,459] {scheduler_job.py:182} INFO - Started process (PID=1962) to work on /home/airflow/.local/lib/python3.6/site-packages/airflow/example_dags/example_task_group.py
[2021-10-13 05:32:10,461] {scheduler_job.py:629} INFO - Processing file /home/airflow/.local/lib/python3.6/site-packages/airflow/example_dags/example_task_group.py for tasks to queue
[2021-10-13 05:32:10,462] {logging_mixin.py:104} INFO - [2021-10-13 05:32:10,462] {dagbag.py:451} INFO - Filling up the DagBag from /home/airflow/.local/lib/python3.6/site-packages/airflow/example_dags/example_task_group.py
[2021-10-13 05:32:10,476] {scheduler_job.py:639} INFO - DAG(s) dict_keys(['example_task_group']) retrieved from /home/airflow/.local/lib/python3.6/site-packages/airflow/example_dags/example_task_group.py
[2021-10-13 05:32:10,501] {logging_mixin.py:104} INFO - [2021-10-13 05:32:10,501] {dag.py:1824} INFO - Sync 1 DAGs
[2021-10-13 05:32:10,522] {logging_mixin.py:104} INFO - [2021-10-13 05:32:10,522] {dag.py:2280} INFO - Setting next_dagrun for example_task_group to 2021-10-11 00:00:00+00:00
[2021-10-13 05:32:10,539] {scheduler_job.py:190} INFO - Processing /home/airflow/.local/lib/python3.6/site-packages/airflow/example_dags/example_task_group.py took 0.084 seconds
[2021-10-13 05:32:40,634] {scheduler_job.py:182} INFO - Started process (PID=1994) to work on /home/airflow/.local/lib/python3.6/site-packages/airflow/example_dags/example_task_group.py
[2021-10-13 05:32:40,635] {scheduler_job.py:629} INFO - Processing file /home/airflow/.local/lib/python3.6/site-packages/airflow/example_dags/example_task_group.py for tasks to queue
[2021-10-13 05:32:40,636] {logging_mixin.py:104} INFO - [2021-10-13 05:32:40,636] {dagbag.py:451} INFO - Filling up the DagBag from /home/airflow/.local/lib/python3.6/site-packages/airflow/example_dags/example_task_group.py
[2021-10-13 05:32:40,650] {scheduler_job.py:639} INFO - DAG(s) dict_keys(['example_task_group']) retrieved from /home/airflow/.local/lib/python3.6/site-packages/airflow/example_dags/example_task_group.py
[2021-10-13 05:32:40,676] {logging_mixin.py:104} INFO - [2021-10-13 05:32:40,676] {dag.py:1824} INFO - Sync 1 DAGs
[2021-10-13 05:32:40,695] {logging_mixin.py:104} INFO - [2021-10-13 05:32:40,695] {dag.py:2280} INFO - Setting next_dagrun for example_task_group to 2021-10-11 00:00:00+00:00
[2021-10-13 05:32:40,709] {scheduler_job.py:190} INFO - Processing /home/airflow/.local/lib/python3.6/site-packages/airflow/example_dags/example_task_group.py took 0.079 seconds
[2021-10-13 05:33:11,328] {scheduler_job.py:182} INFO - Started process (PID=2028) to work on /home/airflow/.local/lib/python3.6/site-packages/airflow/example_dags/example_task_group.py
[2021-10-13 05:33:11,329] {scheduler_job.py:629} INFO - Processing file /home/airflow/.local/lib/python3.6/site-packages/airflow/example_dags/example_task_group.py for tasks to queue
[2021-10-13 05:33:11,331] {logging_mixin.py:104} INFO - [2021-10-13 05:33:11,330] {dagbag.py:451} INFO - Filling up the DagBag from /home/airflow/.local/lib/python3.6/site-packages/airflow/example_dags/example_task_group.py
[2021-10-13 05:33:11,349] {scheduler_job.py:639} INFO - DAG(s) dict_keys(['example_task_group']) retrieved from /home/airflow/.local/lib/python3.6/site-packages/airflow/example_dags/example_task_group.py
[2021-10-13 05:33:11,383] {logging_mixin.py:104} INFO - [2021-10-13 05:33:11,383] {dag.py:1824} INFO - Sync 1 DAGs
[2021-10-13 05:33:11,448] {logging_mixin.py:104} INFO - [2021-10-13 05:33:11,448] {dag.py:2280} INFO - Setting next_dagrun for example_task_group to 2021-10-11 00:00:00+00:00
[2021-10-13 05:33:11,504] {scheduler_job.py:190} INFO - Processing /home/airflow/.local/lib/python3.6/site-packages/airflow/example_dags/example_task_group.py took 0.181 seconds
[2021-10-13 05:33:42,383] {scheduler_job.py:182} INFO - Started process (PID=2061) to work on /home/airflow/.local/lib/python3.6/site-packages/airflow/example_dags/example_task_group.py
[2021-10-13 05:33:42,391] {scheduler_job.py:629} INFO - Processing file /home/airflow/.local/lib/python3.6/site-packages/airflow/example_dags/example_task_group.py for tasks to queue
[2021-10-13 05:33:42,394] {logging_mixin.py:104} INFO - [2021-10-13 05:33:42,394] {dagbag.py:451} INFO - Filling up the DagBag from /home/airflow/.local/lib/python3.6/site-packages/airflow/example_dags/example_task_group.py
[2021-10-13 05:33:42,417] {scheduler_job.py:639} INFO - DAG(s) dict_keys(['example_task_group']) retrieved from /home/airflow/.local/lib/python3.6/site-packages/airflow/example_dags/example_task_group.py
[2021-10-13 05:33:42,469] {logging_mixin.py:104} INFO - [2021-10-13 05:33:42,469] {dag.py:1824} INFO - Sync 1 DAGs
[2021-10-13 05:33:42,510] {logging_mixin.py:104} INFO - [2021-10-13 05:33:42,510] {dag.py:2280} INFO - Setting next_dagrun for example_task_group to 2021-10-11 00:00:00+00:00
[2021-10-13 05:33:42,529] {scheduler_job.py:190} INFO - Processing /home/airflow/.local/lib/python3.6/site-packages/airflow/example_dags/example_task_group.py took 0.150 seconds
[2021-10-13 05:34:12,937] {scheduler_job.py:182} INFO - Started process (PID=2094) to work on /home/airflow/.local/lib/python3.6/site-packages/airflow/example_dags/example_task_group.py
[2021-10-13 05:34:12,939] {scheduler_job.py:629} INFO - Processing file /home/airflow/.local/lib/python3.6/site-packages/airflow/example_dags/example_task_group.py for tasks to queue
[2021-10-13 05:34:12,940] {logging_mixin.py:104} INFO - [2021-10-13 05:34:12,940] {dagbag.py:451} INFO - Filling up the DagBag from /home/airflow/.local/lib/python3.6/site-packages/airflow/example_dags/example_task_group.py
[2021-10-13 05:34:12,954] {scheduler_job.py:639} INFO - DAG(s) dict_keys(['example_task_group']) retrieved from /home/airflow/.local/lib/python3.6/site-packages/airflow/example_dags/example_task_group.py
[2021-10-13 05:34:12,979] {logging_mixin.py:104} INFO - [2021-10-13 05:34:12,979] {dag.py:1824} INFO - Sync 1 DAGs
[2021-10-13 05:34:12,998] {logging_mixin.py:104} INFO - [2021-10-13 05:34:12,998] {dag.py:2280} INFO - Setting next_dagrun for example_task_group to 2021-10-11 00:00:00+00:00
[2021-10-13 05:34:13,014] {scheduler_job.py:190} INFO - Processing /home/airflow/.local/lib/python3.6/site-packages/airflow/example_dags/example_task_group.py took 0.082 seconds
[2021-10-13 05:34:43,441] {scheduler_job.py:182} INFO - Started process (PID=2125) to work on /home/airflow/.local/lib/python3.6/site-packages/airflow/example_dags/example_task_group.py
[2021-10-13 05:34:43,443] {scheduler_job.py:629} INFO - Processing file /home/airflow/.local/lib/python3.6/site-packages/airflow/example_dags/example_task_group.py for tasks to queue
[2021-10-13 05:34:43,445] {logging_mixin.py:104} INFO - [2021-10-13 05:34:43,445] {dagbag.py:451} INFO - Filling up the DagBag from /home/airflow/.local/lib/python3.6/site-packages/airflow/example_dags/example_task_group.py
[2021-10-13 05:34:43,484] {scheduler_job.py:639} INFO - DAG(s) dict_keys(['example_task_group']) retrieved from /home/airflow/.local/lib/python3.6/site-packages/airflow/example_dags/example_task_group.py
[2021-10-13 05:34:43,521] {logging_mixin.py:104} INFO - [2021-10-13 05:34:43,521] {dag.py:1824} INFO - Sync 1 DAGs
[2021-10-13 05:34:43,543] {logging_mixin.py:104} INFO - [2021-10-13 05:34:43,543] {dag.py:2280} INFO - Setting next_dagrun for example_task_group to 2021-10-11 00:00:00+00:00
[2021-10-13 05:34:43,560] {scheduler_job.py:190} INFO - Processing /home/airflow/.local/lib/python3.6/site-packages/airflow/example_dags/example_task_group.py took 0.122 seconds
[2021-10-13 05:35:14,199] {scheduler_job.py:182} INFO - Started process (PID=2160) to work on /home/airflow/.local/lib/python3.6/site-packages/airflow/example_dags/example_task_group.py
[2021-10-13 05:35:14,201] {scheduler_job.py:629} INFO - Processing file /home/airflow/.local/lib/python3.6/site-packages/airflow/example_dags/example_task_group.py for tasks to queue
[2021-10-13 05:35:14,202] {logging_mixin.py:104} INFO - [2021-10-13 05:35:14,202] {dagbag.py:451} INFO - Filling up the DagBag from /home/airflow/.local/lib/python3.6/site-packages/airflow/example_dags/example_task_group.py
[2021-10-13 05:35:14,215] {scheduler_job.py:639} INFO - DAG(s) dict_keys(['example_task_group']) retrieved from /home/airflow/.local/lib/python3.6/site-packages/airflow/example_dags/example_task_group.py
[2021-10-13 05:35:14,239] {logging_mixin.py:104} INFO - [2021-10-13 05:35:14,239] {dag.py:1824} INFO - Sync 1 DAGs
[2021-10-13 05:35:14,258] {logging_mixin.py:104} INFO - [2021-10-13 05:35:14,257] {dag.py:2280} INFO - Setting next_dagrun for example_task_group to 2021-10-11 00:00:00+00:00
[2021-10-13 05:35:14,273] {scheduler_job.py:190} INFO - Processing /home/airflow/.local/lib/python3.6/site-packages/airflow/example_dags/example_task_group.py took 0.079 seconds
[2021-10-13 05:35:44,705] {scheduler_job.py:182} INFO - Started process (PID=2191) to work on /home/airflow/.local/lib/python3.6/site-packages/airflow/example_dags/example_task_group.py
[2021-10-13 05:35:44,706] {scheduler_job.py:629} INFO - Processing file /home/airflow/.local/lib/python3.6/site-packages/airflow/example_dags/example_task_group.py for tasks to queue
[2021-10-13 05:35:44,708] {logging_mixin.py:104} INFO - [2021-10-13 05:35:44,707] {dagbag.py:451} INFO - Filling up the DagBag from /home/airflow/.local/lib/python3.6/site-packages/airflow/example_dags/example_task_group.py
[2021-10-13 05:35:44,721] {scheduler_job.py:639} INFO - DAG(s) dict_keys(['example_task_group']) retrieved from /home/airflow/.local/lib/python3.6/site-packages/airflow/example_dags/example_task_group.py
[2021-10-13 05:35:44,746] {logging_mixin.py:104} INFO - [2021-10-13 05:35:44,746] {dag.py:1824} INFO - Sync 1 DAGs
[2021-10-13 05:35:44,765] {logging_mixin.py:104} INFO - [2021-10-13 05:35:44,765] {dag.py:2280} INFO - Setting next_dagrun for example_task_group to 2021-10-11 00:00:00+00:00
[2021-10-13 05:35:44,780] {scheduler_job.py:190} INFO - Processing /home/airflow/.local/lib/python3.6/site-packages/airflow/example_dags/example_task_group.py took 0.079 seconds
[2021-10-13 05:36:15,437] {scheduler_job.py:182} INFO - Started process (PID=2231) to work on /home/airflow/.local/lib/python3.6/site-packages/airflow/example_dags/example_task_group.py
[2021-10-13 05:36:15,439] {scheduler_job.py:629} INFO - Processing file /home/airflow/.local/lib/python3.6/site-packages/airflow/example_dags/example_task_group.py for tasks to queue
[2021-10-13 05:36:15,440] {logging_mixin.py:104} INFO - [2021-10-13 05:36:15,440] {dagbag.py:451} INFO - Filling up the DagBag from /home/airflow/.local/lib/python3.6/site-packages/airflow/example_dags/example_task_group.py
[2021-10-13 05:36:15,456] {scheduler_job.py:639} INFO - DAG(s) dict_keys(['example_task_group']) retrieved from /home/airflow/.local/lib/python3.6/site-packages/airflow/example_dags/example_task_group.py
[2021-10-13 05:36:15,483] {logging_mixin.py:104} INFO - [2021-10-13 05:36:15,482] {dag.py:1824} INFO - Sync 1 DAGs
[2021-10-13 05:36:15,501] {logging_mixin.py:104} INFO - [2021-10-13 05:36:15,501] {dag.py:2280} INFO - Setting next_dagrun for example_task_group to 2021-10-11 00:00:00+00:00
[2021-10-13 05:36:15,515] {scheduler_job.py:190} INFO - Processing /home/airflow/.local/lib/python3.6/site-packages/airflow/example_dags/example_task_group.py took 0.083 seconds
[2021-10-13 05:36:46,613] {scheduler_job.py:182} INFO - Started process (PID=2264) to work on /home/airflow/.local/lib/python3.6/site-packages/airflow/example_dags/example_task_group.py
[2021-10-13 05:36:46,615] {scheduler_job.py:629} INFO - Processing file /home/airflow/.local/lib/python3.6/site-packages/airflow/example_dags/example_task_group.py for tasks to queue
[2021-10-13 05:36:46,616] {logging_mixin.py:104} INFO - [2021-10-13 05:36:46,616] {dagbag.py:451} INFO - Filling up the DagBag from /home/airflow/.local/lib/python3.6/site-packages/airflow/example_dags/example_task_group.py
[2021-10-13 05:36:46,630] {scheduler_job.py:639} INFO - DAG(s) dict_keys(['example_task_group']) retrieved from /home/airflow/.local/lib/python3.6/site-packages/airflow/example_dags/example_task_group.py
[2021-10-13 05:36:46,655] {logging_mixin.py:104} INFO - [2021-10-13 05:36:46,655] {dag.py:1824} INFO - Sync 1 DAGs
[2021-10-13 05:36:46,676] {logging_mixin.py:104} INFO - [2021-10-13 05:36:46,676] {dag.py:2280} INFO - Setting next_dagrun for example_task_group to 2021-10-11 00:00:00+00:00
[2021-10-13 05:36:46,691] {scheduler_job.py:190} INFO - Processing /home/airflow/.local/lib/python3.6/site-packages/airflow/example_dags/example_task_group.py took 0.081 seconds
[2021-10-13 05:37:17,145] {scheduler_job.py:182} INFO - Started process (PID=2302) to work on /home/airflow/.local/lib/python3.6/site-packages/airflow/example_dags/example_task_group.py
[2021-10-13 05:37:17,147] {scheduler_job.py:629} INFO - Processing file /home/airflow/.local/lib/python3.6/site-packages/airflow/example_dags/example_task_group.py for tasks to queue
[2021-10-13 05:37:17,148] {logging_mixin.py:104} INFO - [2021-10-13 05:37:17,148] {dagbag.py:451} INFO - Filling up the DagBag from /home/airflow/.local/lib/python3.6/site-packages/airflow/example_dags/example_task_group.py
[2021-10-13 05:37:17,165] {scheduler_job.py:639} INFO - DAG(s) dict_keys(['example_task_group']) retrieved from /home/airflow/.local/lib/python3.6/site-packages/airflow/example_dags/example_task_group.py
[2021-10-13 05:37:17,193] {logging_mixin.py:104} INFO - [2021-10-13 05:37:17,193] {dag.py:1824} INFO - Sync 1 DAGs
[2021-10-13 05:37:17,213] {logging_mixin.py:104} INFO - [2021-10-13 05:37:17,213] {dag.py:2280} INFO - Setting next_dagrun for example_task_group to 2021-10-11 00:00:00+00:00
[2021-10-13 05:37:17,228] {scheduler_job.py:190} INFO - Processing /home/airflow/.local/lib/python3.6/site-packages/airflow/example_dags/example_task_group.py took 0.088 seconds
[2021-10-13 05:37:47,915] {scheduler_job.py:182} INFO - Started process (PID=2338) to work on /home/airflow/.local/lib/python3.6/site-packages/airflow/example_dags/example_task_group.py
[2021-10-13 05:37:47,922] {scheduler_job.py:629} INFO - Processing file /home/airflow/.local/lib/python3.6/site-packages/airflow/example_dags/example_task_group.py for tasks to queue
[2021-10-13 05:37:47,928] {logging_mixin.py:104} INFO - [2021-10-13 05:37:47,927] {dagbag.py:451} INFO - Filling up the DagBag from /home/airflow/.local/lib/python3.6/site-packages/airflow/example_dags/example_task_group.py
[2021-10-13 05:37:47,964] {scheduler_job.py:639} INFO - DAG(s) dict_keys(['example_task_group']) retrieved from /home/airflow/.local/lib/python3.6/site-packages/airflow/example_dags/example_task_group.py
[2021-10-13 05:37:47,999] {logging_mixin.py:104} INFO - [2021-10-13 05:37:47,999] {dag.py:1824} INFO - Sync 1 DAGs
[2021-10-13 05:37:48,018] {logging_mixin.py:104} INFO - [2021-10-13 05:37:48,018] {dag.py:2280} INFO - Setting next_dagrun for example_task_group to 2021-10-11 00:00:00+00:00
[2021-10-13 05:37:48,032] {scheduler_job.py:190} INFO - Processing /home/airflow/.local/lib/python3.6/site-packages/airflow/example_dags/example_task_group.py took 0.133 seconds
[2021-10-13 05:38:18,234] {scheduler_job.py:182} INFO - Started process (PID=2369) to work on /home/airflow/.local/lib/python3.6/site-packages/airflow/example_dags/example_task_group.py
[2021-10-13 05:38:18,236] {scheduler_job.py:629} INFO - Processing file /home/airflow/.local/lib/python3.6/site-packages/airflow/example_dags/example_task_group.py for tasks to queue
[2021-10-13 05:38:18,237] {logging_mixin.py:104} INFO - [2021-10-13 05:38:18,236] {dagbag.py:451} INFO - Filling up the DagBag from /home/airflow/.local/lib/python3.6/site-packages/airflow/example_dags/example_task_group.py
[2021-10-13 05:38:18,250] {scheduler_job.py:639} INFO - DAG(s) dict_keys(['example_task_group']) retrieved from /home/airflow/.local/lib/python3.6/site-packages/airflow/example_dags/example_task_group.py
[2021-10-13 05:38:18,276] {logging_mixin.py:104} INFO - [2021-10-13 05:38:18,276] {dag.py:1824} INFO - Sync 1 DAGs
[2021-10-13 05:38:18,294] {logging_mixin.py:104} INFO - [2021-10-13 05:38:18,294] {dag.py:2280} INFO - Setting next_dagrun for example_task_group to 2021-10-11 00:00:00+00:00
[2021-10-13 05:38:18,310] {scheduler_job.py:190} INFO - Processing /home/airflow/.local/lib/python3.6/site-packages/airflow/example_dags/example_task_group.py took 0.079 seconds
[2021-10-13 05:38:48,374] {scheduler_job.py:182} INFO - Started process (PID=2406) to work on /home/airflow/.local/lib/python3.6/site-packages/airflow/example_dags/example_task_group.py
[2021-10-13 05:38:48,376] {scheduler_job.py:629} INFO - Processing file /home/airflow/.local/lib/python3.6/site-packages/airflow/example_dags/example_task_group.py for tasks to queue
[2021-10-13 05:38:48,377] {logging_mixin.py:104} INFO - [2021-10-13 05:38:48,377] {dagbag.py:451} INFO - Filling up the DagBag from /home/airflow/.local/lib/python3.6/site-packages/airflow/example_dags/example_task_group.py
[2021-10-13 05:38:48,391] {scheduler_job.py:639} INFO - DAG(s) dict_keys(['example_task_group']) retrieved from /home/airflow/.local/lib/python3.6/site-packages/airflow/example_dags/example_task_group.py
[2021-10-13 05:38:48,418] {logging_mixin.py:104} INFO - [2021-10-13 05:38:48,418] {dag.py:1824} INFO - Sync 1 DAGs
[2021-10-13 05:38:48,439] {logging_mixin.py:104} INFO - [2021-10-13 05:38:48,438] {dag.py:2280} INFO - Setting next_dagrun for example_task_group to 2021-10-11 00:00:00+00:00
[2021-10-13 05:38:48,454] {scheduler_job.py:190} INFO - Processing /home/airflow/.local/lib/python3.6/site-packages/airflow/example_dags/example_task_group.py took 0.083 seconds
[2021-10-13 05:39:18,993] {scheduler_job.py:182} INFO - Started process (PID=2439) to work on /home/airflow/.local/lib/python3.6/site-packages/airflow/example_dags/example_task_group.py
[2021-10-13 05:39:18,994] {scheduler_job.py:629} INFO - Processing file /home/airflow/.local/lib/python3.6/site-packages/airflow/example_dags/example_task_group.py for tasks to queue
[2021-10-13 05:39:18,995] {logging_mixin.py:104} INFO - [2021-10-13 05:39:18,995] {dagbag.py:451} INFO - Filling up the DagBag from /home/airflow/.local/lib/python3.6/site-packages/airflow/example_dags/example_task_group.py
[2021-10-13 05:39:19,012] {scheduler_job.py:639} INFO - DAG(s) dict_keys(['example_task_group']) retrieved from /home/airflow/.local/lib/python3.6/site-packages/airflow/example_dags/example_task_group.py
[2021-10-13 05:39:19,041] {logging_mixin.py:104} INFO - [2021-10-13 05:39:19,041] {dag.py:1824} INFO - Sync 1 DAGs
[2021-10-13 05:39:19,062] {logging_mixin.py:104} INFO - [2021-10-13 05:39:19,062] {dag.py:2280} INFO - Setting next_dagrun for example_task_group to 2021-10-11 00:00:00+00:00
[2021-10-13 05:39:19,078] {scheduler_job.py:190} INFO - Processing /home/airflow/.local/lib/python3.6/site-packages/airflow/example_dags/example_task_group.py took 0.090 seconds
