[2021-10-13 04:51:24,386] {scheduler_job.py:182} INFO - Started process (PID=43) to work on /home/airflow/.local/lib/python3.6/site-packages/airflow/example_dags/example_nested_branch_dag.py
[2021-10-13 04:51:24,388] {scheduler_job.py:629} INFO - Processing file /home/airflow/.local/lib/python3.6/site-packages/airflow/example_dags/example_nested_branch_dag.py for tasks to queue
[2021-10-13 04:51:24,389] {logging_mixin.py:104} INFO - [2021-10-13 04:51:24,389] {dagbag.py:451} INFO - Filling up the DagBag from /home/airflow/.local/lib/python3.6/site-packages/airflow/example_dags/example_nested_branch_dag.py
[2021-10-13 04:51:24,420] {scheduler_job.py:639} INFO - DAG(s) dict_keys(['example_nested_branch_dag']) retrieved from /home/airflow/.local/lib/python3.6/site-packages/airflow/example_dags/example_nested_branch_dag.py
[2021-10-13 04:51:24,459] {logging_mixin.py:104} INFO - [2021-10-13 04:51:24,458] {dag.py:1824} INFO - Sync 1 DAGs
[2021-10-13 04:51:24,513] {logging_mixin.py:104} INFO - [2021-10-13 04:51:24,513] {dag.py:2280} INFO - Setting next_dagrun for example_nested_branch_dag to 2021-10-11 00:00:00+00:00
[2021-10-13 04:51:24,559] {scheduler_job.py:190} INFO - Processing /home/airflow/.local/lib/python3.6/site-packages/airflow/example_dags/example_nested_branch_dag.py took 0.178 seconds
[2021-10-13 04:51:54,672] {scheduler_job.py:182} INFO - Started process (PID=76) to work on /home/airflow/.local/lib/python3.6/site-packages/airflow/example_dags/example_nested_branch_dag.py
[2021-10-13 04:51:54,675] {scheduler_job.py:629} INFO - Processing file /home/airflow/.local/lib/python3.6/site-packages/airflow/example_dags/example_nested_branch_dag.py for tasks to queue
[2021-10-13 04:51:54,678] {logging_mixin.py:104} INFO - [2021-10-13 04:51:54,677] {dagbag.py:451} INFO - Filling up the DagBag from /home/airflow/.local/lib/python3.6/site-packages/airflow/example_dags/example_nested_branch_dag.py
[2021-10-13 04:51:54,715] {scheduler_job.py:639} INFO - DAG(s) dict_keys(['example_nested_branch_dag']) retrieved from /home/airflow/.local/lib/python3.6/site-packages/airflow/example_dags/example_nested_branch_dag.py
[2021-10-13 04:51:54,742] {logging_mixin.py:104} INFO - [2021-10-13 04:51:54,742] {dag.py:1824} INFO - Sync 1 DAGs
[2021-10-13 04:51:54,782] {logging_mixin.py:104} INFO - [2021-10-13 04:51:54,781] {dag.py:2280} INFO - Setting next_dagrun for example_nested_branch_dag to 2021-10-11 00:00:00+00:00
[2021-10-13 04:51:54,797] {scheduler_job.py:190} INFO - Processing /home/airflow/.local/lib/python3.6/site-packages/airflow/example_dags/example_nested_branch_dag.py took 0.132 seconds
[2021-10-13 04:52:25,484] {scheduler_job.py:182} INFO - Started process (PID=111) to work on /home/airflow/.local/lib/python3.6/site-packages/airflow/example_dags/example_nested_branch_dag.py
[2021-10-13 04:52:25,486] {scheduler_job.py:629} INFO - Processing file /home/airflow/.local/lib/python3.6/site-packages/airflow/example_dags/example_nested_branch_dag.py for tasks to queue
[2021-10-13 04:52:25,486] {logging_mixin.py:104} INFO - [2021-10-13 04:52:25,486] {dagbag.py:451} INFO - Filling up the DagBag from /home/airflow/.local/lib/python3.6/site-packages/airflow/example_dags/example_nested_branch_dag.py
[2021-10-13 04:52:25,502] {scheduler_job.py:639} INFO - DAG(s) dict_keys(['example_nested_branch_dag']) retrieved from /home/airflow/.local/lib/python3.6/site-packages/airflow/example_dags/example_nested_branch_dag.py
[2021-10-13 04:52:25,525] {logging_mixin.py:104} INFO - [2021-10-13 04:52:25,525] {dag.py:1824} INFO - Sync 1 DAGs
[2021-10-13 04:52:25,549] {logging_mixin.py:104} INFO - [2021-10-13 04:52:25,548] {dag.py:2280} INFO - Setting next_dagrun for example_nested_branch_dag to 2021-10-11 00:00:00+00:00
[2021-10-13 04:52:25,561] {scheduler_job.py:190} INFO - Processing /home/airflow/.local/lib/python3.6/site-packages/airflow/example_dags/example_nested_branch_dag.py took 0.080 seconds
[2021-10-13 04:52:55,621] {scheduler_job.py:182} INFO - Started process (PID=144) to work on /home/airflow/.local/lib/python3.6/site-packages/airflow/example_dags/example_nested_branch_dag.py
[2021-10-13 04:52:55,622] {scheduler_job.py:629} INFO - Processing file /home/airflow/.local/lib/python3.6/site-packages/airflow/example_dags/example_nested_branch_dag.py for tasks to queue
[2021-10-13 04:52:55,623] {logging_mixin.py:104} INFO - [2021-10-13 04:52:55,623] {dagbag.py:451} INFO - Filling up the DagBag from /home/airflow/.local/lib/python3.6/site-packages/airflow/example_dags/example_nested_branch_dag.py
[2021-10-13 04:52:55,638] {scheduler_job.py:639} INFO - DAG(s) dict_keys(['example_nested_branch_dag']) retrieved from /home/airflow/.local/lib/python3.6/site-packages/airflow/example_dags/example_nested_branch_dag.py
[2021-10-13 04:52:55,663] {logging_mixin.py:104} INFO - [2021-10-13 04:52:55,663] {dag.py:1824} INFO - Sync 1 DAGs
[2021-10-13 04:52:55,683] {logging_mixin.py:104} INFO - [2021-10-13 04:52:55,683] {dag.py:2280} INFO - Setting next_dagrun for example_nested_branch_dag to 2021-10-11 00:00:00+00:00
[2021-10-13 04:52:55,699] {scheduler_job.py:190} INFO - Processing /home/airflow/.local/lib/python3.6/site-packages/airflow/example_dags/example_nested_branch_dag.py took 0.081 seconds
[2021-10-13 04:53:25,839] {scheduler_job.py:182} INFO - Started process (PID=175) to work on /home/airflow/.local/lib/python3.6/site-packages/airflow/example_dags/example_nested_branch_dag.py
[2021-10-13 04:53:25,841] {scheduler_job.py:629} INFO - Processing file /home/airflow/.local/lib/python3.6/site-packages/airflow/example_dags/example_nested_branch_dag.py for tasks to queue
[2021-10-13 04:53:25,841] {logging_mixin.py:104} INFO - [2021-10-13 04:53:25,841] {dagbag.py:451} INFO - Filling up the DagBag from /home/airflow/.local/lib/python3.6/site-packages/airflow/example_dags/example_nested_branch_dag.py
[2021-10-13 04:53:25,856] {scheduler_job.py:639} INFO - DAG(s) dict_keys(['example_nested_branch_dag']) retrieved from /home/airflow/.local/lib/python3.6/site-packages/airflow/example_dags/example_nested_branch_dag.py
[2021-10-13 04:53:25,883] {logging_mixin.py:104} INFO - [2021-10-13 04:53:25,883] {dag.py:1824} INFO - Sync 1 DAGs
[2021-10-13 04:53:25,903] {logging_mixin.py:104} INFO - [2021-10-13 04:53:25,903] {dag.py:2280} INFO - Setting next_dagrun for example_nested_branch_dag to 2021-10-11 00:00:00+00:00
[2021-10-13 04:53:25,916] {scheduler_job.py:190} INFO - Processing /home/airflow/.local/lib/python3.6/site-packages/airflow/example_dags/example_nested_branch_dag.py took 0.079 seconds
[2021-10-13 04:53:56,517] {scheduler_job.py:182} INFO - Started process (PID=210) to work on /home/airflow/.local/lib/python3.6/site-packages/airflow/example_dags/example_nested_branch_dag.py
[2021-10-13 04:53:56,519] {scheduler_job.py:629} INFO - Processing file /home/airflow/.local/lib/python3.6/site-packages/airflow/example_dags/example_nested_branch_dag.py for tasks to queue
[2021-10-13 04:53:56,520] {logging_mixin.py:104} INFO - [2021-10-13 04:53:56,520] {dagbag.py:451} INFO - Filling up the DagBag from /home/airflow/.local/lib/python3.6/site-packages/airflow/example_dags/example_nested_branch_dag.py
[2021-10-13 04:53:56,536] {scheduler_job.py:639} INFO - DAG(s) dict_keys(['example_nested_branch_dag']) retrieved from /home/airflow/.local/lib/python3.6/site-packages/airflow/example_dags/example_nested_branch_dag.py
[2021-10-13 04:53:56,561] {logging_mixin.py:104} INFO - [2021-10-13 04:53:56,561] {dag.py:1824} INFO - Sync 1 DAGs
[2021-10-13 04:53:56,584] {logging_mixin.py:104} INFO - [2021-10-13 04:53:56,584] {dag.py:2280} INFO - Setting next_dagrun for example_nested_branch_dag to 2021-10-11 00:00:00+00:00
[2021-10-13 04:53:56,598] {scheduler_job.py:190} INFO - Processing /home/airflow/.local/lib/python3.6/site-packages/airflow/example_dags/example_nested_branch_dag.py took 0.084 seconds
[2021-10-13 04:54:26,626] {scheduler_job.py:182} INFO - Started process (PID=244) to work on /home/airflow/.local/lib/python3.6/site-packages/airflow/example_dags/example_nested_branch_dag.py
[2021-10-13 04:54:26,632] {scheduler_job.py:629} INFO - Processing file /home/airflow/.local/lib/python3.6/site-packages/airflow/example_dags/example_nested_branch_dag.py for tasks to queue
[2021-10-13 04:54:26,636] {logging_mixin.py:104} INFO - [2021-10-13 04:54:26,636] {dagbag.py:451} INFO - Filling up the DagBag from /home/airflow/.local/lib/python3.6/site-packages/airflow/example_dags/example_nested_branch_dag.py
[2021-10-13 04:54:26,678] {scheduler_job.py:639} INFO - DAG(s) dict_keys(['example_nested_branch_dag']) retrieved from /home/airflow/.local/lib/python3.6/site-packages/airflow/example_dags/example_nested_branch_dag.py
[2021-10-13 04:54:26,746] {logging_mixin.py:104} INFO - [2021-10-13 04:54:26,746] {dag.py:1824} INFO - Sync 1 DAGs
[2021-10-13 04:54:26,783] {logging_mixin.py:104} INFO - [2021-10-13 04:54:26,783] {dag.py:2280} INFO - Setting next_dagrun for example_nested_branch_dag to 2021-10-11 00:00:00+00:00
[2021-10-13 04:54:26,798] {scheduler_job.py:190} INFO - Processing /home/airflow/.local/lib/python3.6/site-packages/airflow/example_dags/example_nested_branch_dag.py took 0.177 seconds
[2021-10-13 04:54:57,294] {scheduler_job.py:182} INFO - Started process (PID=278) to work on /home/airflow/.local/lib/python3.6/site-packages/airflow/example_dags/example_nested_branch_dag.py
[2021-10-13 04:54:57,295] {scheduler_job.py:629} INFO - Processing file /home/airflow/.local/lib/python3.6/site-packages/airflow/example_dags/example_nested_branch_dag.py for tasks to queue
[2021-10-13 04:54:57,296] {logging_mixin.py:104} INFO - [2021-10-13 04:54:57,296] {dagbag.py:451} INFO - Filling up the DagBag from /home/airflow/.local/lib/python3.6/site-packages/airflow/example_dags/example_nested_branch_dag.py
[2021-10-13 04:54:57,311] {scheduler_job.py:639} INFO - DAG(s) dict_keys(['example_nested_branch_dag']) retrieved from /home/airflow/.local/lib/python3.6/site-packages/airflow/example_dags/example_nested_branch_dag.py
[2021-10-13 04:54:57,346] {logging_mixin.py:104} INFO - [2021-10-13 04:54:57,346] {dag.py:1824} INFO - Sync 1 DAGs
[2021-10-13 04:54:57,387] {logging_mixin.py:104} INFO - [2021-10-13 04:54:57,387] {dag.py:2280} INFO - Setting next_dagrun for example_nested_branch_dag to 2021-10-11 00:00:00+00:00
[2021-10-13 04:54:57,401] {scheduler_job.py:190} INFO - Processing /home/airflow/.local/lib/python3.6/site-packages/airflow/example_dags/example_nested_branch_dag.py took 0.110 seconds
[2021-10-13 04:55:27,717] {scheduler_job.py:182} INFO - Started process (PID=313) to work on /home/airflow/.local/lib/python3.6/site-packages/airflow/example_dags/example_nested_branch_dag.py
[2021-10-13 04:55:27,719] {scheduler_job.py:629} INFO - Processing file /home/airflow/.local/lib/python3.6/site-packages/airflow/example_dags/example_nested_branch_dag.py for tasks to queue
[2021-10-13 04:55:27,720] {logging_mixin.py:104} INFO - [2021-10-13 04:55:27,720] {dagbag.py:451} INFO - Filling up the DagBag from /home/airflow/.local/lib/python3.6/site-packages/airflow/example_dags/example_nested_branch_dag.py
[2021-10-13 04:55:27,737] {scheduler_job.py:639} INFO - DAG(s) dict_keys(['example_nested_branch_dag']) retrieved from /home/airflow/.local/lib/python3.6/site-packages/airflow/example_dags/example_nested_branch_dag.py
[2021-10-13 04:55:27,761] {logging_mixin.py:104} INFO - [2021-10-13 04:55:27,761] {dag.py:1824} INFO - Sync 1 DAGs
[2021-10-13 04:55:27,783] {logging_mixin.py:104} INFO - [2021-10-13 04:55:27,783] {dag.py:2280} INFO - Setting next_dagrun for example_nested_branch_dag to 2021-10-11 00:00:00+00:00
[2021-10-13 04:55:27,796] {scheduler_job.py:190} INFO - Processing /home/airflow/.local/lib/python3.6/site-packages/airflow/example_dags/example_nested_branch_dag.py took 0.082 seconds
[2021-10-13 04:55:57,847] {scheduler_job.py:182} INFO - Started process (PID=346) to work on /home/airflow/.local/lib/python3.6/site-packages/airflow/example_dags/example_nested_branch_dag.py
[2021-10-13 04:55:57,849] {scheduler_job.py:629} INFO - Processing file /home/airflow/.local/lib/python3.6/site-packages/airflow/example_dags/example_nested_branch_dag.py for tasks to queue
[2021-10-13 04:55:57,850] {logging_mixin.py:104} INFO - [2021-10-13 04:55:57,850] {dagbag.py:451} INFO - Filling up the DagBag from /home/airflow/.local/lib/python3.6/site-packages/airflow/example_dags/example_nested_branch_dag.py
[2021-10-13 04:55:57,869] {scheduler_job.py:639} INFO - DAG(s) dict_keys(['example_nested_branch_dag']) retrieved from /home/airflow/.local/lib/python3.6/site-packages/airflow/example_dags/example_nested_branch_dag.py
[2021-10-13 04:55:57,892] {logging_mixin.py:104} INFO - [2021-10-13 04:55:57,892] {dag.py:1824} INFO - Sync 1 DAGs
[2021-10-13 04:55:57,916] {logging_mixin.py:104} INFO - [2021-10-13 04:55:57,916] {dag.py:2280} INFO - Setting next_dagrun for example_nested_branch_dag to 2021-10-11 00:00:00+00:00
[2021-10-13 04:55:57,931] {scheduler_job.py:190} INFO - Processing /home/airflow/.local/lib/python3.6/site-packages/airflow/example_dags/example_nested_branch_dag.py took 0.087 seconds
[2021-10-13 04:56:28,274] {scheduler_job.py:182} INFO - Started process (PID=378) to work on /home/airflow/.local/lib/python3.6/site-packages/airflow/example_dags/example_nested_branch_dag.py
[2021-10-13 04:56:28,277] {scheduler_job.py:629} INFO - Processing file /home/airflow/.local/lib/python3.6/site-packages/airflow/example_dags/example_nested_branch_dag.py for tasks to queue
[2021-10-13 04:56:28,279] {logging_mixin.py:104} INFO - [2021-10-13 04:56:28,278] {dagbag.py:451} INFO - Filling up the DagBag from /home/airflow/.local/lib/python3.6/site-packages/airflow/example_dags/example_nested_branch_dag.py
[2021-10-13 04:56:28,301] {scheduler_job.py:639} INFO - DAG(s) dict_keys(['example_nested_branch_dag']) retrieved from /home/airflow/.local/lib/python3.6/site-packages/airflow/example_dags/example_nested_branch_dag.py
[2021-10-13 04:56:28,322] {logging_mixin.py:104} INFO - [2021-10-13 04:56:28,322] {dag.py:1824} INFO - Sync 1 DAGs
[2021-10-13 04:56:28,343] {logging_mixin.py:104} INFO - [2021-10-13 04:56:28,343] {dag.py:2280} INFO - Setting next_dagrun for example_nested_branch_dag to 2021-10-11 00:00:00+00:00
[2021-10-13 04:56:28,356] {scheduler_job.py:190} INFO - Processing /home/airflow/.local/lib/python3.6/site-packages/airflow/example_dags/example_nested_branch_dag.py took 0.089 seconds
[2021-10-13 04:56:58,601] {scheduler_job.py:182} INFO - Started process (PID=411) to work on /home/airflow/.local/lib/python3.6/site-packages/airflow/example_dags/example_nested_branch_dag.py
[2021-10-13 04:56:58,603] {scheduler_job.py:629} INFO - Processing file /home/airflow/.local/lib/python3.6/site-packages/airflow/example_dags/example_nested_branch_dag.py for tasks to queue
[2021-10-13 04:56:58,603] {logging_mixin.py:104} INFO - [2021-10-13 04:56:58,603] {dagbag.py:451} INFO - Filling up the DagBag from /home/airflow/.local/lib/python3.6/site-packages/airflow/example_dags/example_nested_branch_dag.py
[2021-10-13 04:56:58,623] {scheduler_job.py:639} INFO - DAG(s) dict_keys(['example_nested_branch_dag']) retrieved from /home/airflow/.local/lib/python3.6/site-packages/airflow/example_dags/example_nested_branch_dag.py
[2021-10-13 04:56:58,647] {logging_mixin.py:104} INFO - [2021-10-13 04:56:58,647] {dag.py:1824} INFO - Sync 1 DAGs
[2021-10-13 04:56:58,673] {logging_mixin.py:104} INFO - [2021-10-13 04:56:58,673] {dag.py:2280} INFO - Setting next_dagrun for example_nested_branch_dag to 2021-10-11 00:00:00+00:00
[2021-10-13 04:56:58,688] {scheduler_job.py:190} INFO - Processing /home/airflow/.local/lib/python3.6/site-packages/airflow/example_dags/example_nested_branch_dag.py took 0.090 seconds
[2021-10-13 04:57:29,133] {scheduler_job.py:182} INFO - Started process (PID=446) to work on /home/airflow/.local/lib/python3.6/site-packages/airflow/example_dags/example_nested_branch_dag.py
[2021-10-13 04:57:29,135] {scheduler_job.py:629} INFO - Processing file /home/airflow/.local/lib/python3.6/site-packages/airflow/example_dags/example_nested_branch_dag.py for tasks to queue
[2021-10-13 04:57:29,136] {logging_mixin.py:104} INFO - [2021-10-13 04:57:29,136] {dagbag.py:451} INFO - Filling up the DagBag from /home/airflow/.local/lib/python3.6/site-packages/airflow/example_dags/example_nested_branch_dag.py
[2021-10-13 04:57:29,157] {scheduler_job.py:639} INFO - DAG(s) dict_keys(['example_nested_branch_dag']) retrieved from /home/airflow/.local/lib/python3.6/site-packages/airflow/example_dags/example_nested_branch_dag.py
[2021-10-13 04:57:29,183] {logging_mixin.py:104} INFO - [2021-10-13 04:57:29,183] {dag.py:1824} INFO - Sync 1 DAGs
[2021-10-13 04:57:29,215] {logging_mixin.py:104} INFO - [2021-10-13 04:57:29,214] {dag.py:2280} INFO - Setting next_dagrun for example_nested_branch_dag to 2021-10-11 00:00:00+00:00
[2021-10-13 04:57:29,232] {scheduler_job.py:190} INFO - Processing /home/airflow/.local/lib/python3.6/site-packages/airflow/example_dags/example_nested_branch_dag.py took 0.101 seconds
[2021-10-13 04:57:59,336] {scheduler_job.py:182} INFO - Started process (PID=479) to work on /home/airflow/.local/lib/python3.6/site-packages/airflow/example_dags/example_nested_branch_dag.py
[2021-10-13 04:57:59,337] {scheduler_job.py:629} INFO - Processing file /home/airflow/.local/lib/python3.6/site-packages/airflow/example_dags/example_nested_branch_dag.py for tasks to queue
[2021-10-13 04:57:59,338] {logging_mixin.py:104} INFO - [2021-10-13 04:57:59,338] {dagbag.py:451} INFO - Filling up the DagBag from /home/airflow/.local/lib/python3.6/site-packages/airflow/example_dags/example_nested_branch_dag.py
[2021-10-13 04:57:59,361] {scheduler_job.py:639} INFO - DAG(s) dict_keys(['example_nested_branch_dag']) retrieved from /home/airflow/.local/lib/python3.6/site-packages/airflow/example_dags/example_nested_branch_dag.py
[2021-10-13 04:57:59,387] {logging_mixin.py:104} INFO - [2021-10-13 04:57:59,387] {dag.py:1824} INFO - Sync 1 DAGs
[2021-10-13 04:57:59,415] {logging_mixin.py:104} INFO - [2021-10-13 04:57:59,415] {dag.py:2280} INFO - Setting next_dagrun for example_nested_branch_dag to 2021-10-11 00:00:00+00:00
[2021-10-13 04:57:59,429] {scheduler_job.py:190} INFO - Processing /home/airflow/.local/lib/python3.6/site-packages/airflow/example_dags/example_nested_branch_dag.py took 0.096 seconds
[2021-10-13 04:58:29,683] {scheduler_job.py:182} INFO - Started process (PID=513) to work on /home/airflow/.local/lib/python3.6/site-packages/airflow/example_dags/example_nested_branch_dag.py
[2021-10-13 04:58:29,691] {scheduler_job.py:629} INFO - Processing file /home/airflow/.local/lib/python3.6/site-packages/airflow/example_dags/example_nested_branch_dag.py for tasks to queue
[2021-10-13 04:58:29,693] {logging_mixin.py:104} INFO - [2021-10-13 04:58:29,692] {dagbag.py:451} INFO - Filling up the DagBag from /home/airflow/.local/lib/python3.6/site-packages/airflow/example_dags/example_nested_branch_dag.py
[2021-10-13 04:58:29,709] {scheduler_job.py:639} INFO - DAG(s) dict_keys(['example_nested_branch_dag']) retrieved from /home/airflow/.local/lib/python3.6/site-packages/airflow/example_dags/example_nested_branch_dag.py
[2021-10-13 04:58:29,734] {logging_mixin.py:104} INFO - [2021-10-13 04:58:29,734] {dag.py:1824} INFO - Sync 1 DAGs
[2021-10-13 04:58:29,761] {logging_mixin.py:104} INFO - [2021-10-13 04:58:29,761] {dag.py:2280} INFO - Setting next_dagrun for example_nested_branch_dag to 2021-10-11 00:00:00+00:00
[2021-10-13 04:58:29,776] {scheduler_job.py:190} INFO - Processing /home/airflow/.local/lib/python3.6/site-packages/airflow/example_dags/example_nested_branch_dag.py took 0.096 seconds
[2021-10-13 04:58:59,828] {scheduler_job.py:182} INFO - Started process (PID=546) to work on /home/airflow/.local/lib/python3.6/site-packages/airflow/example_dags/example_nested_branch_dag.py
[2021-10-13 04:58:59,829] {scheduler_job.py:629} INFO - Processing file /home/airflow/.local/lib/python3.6/site-packages/airflow/example_dags/example_nested_branch_dag.py for tasks to queue
[2021-10-13 04:58:59,830] {logging_mixin.py:104} INFO - [2021-10-13 04:58:59,830] {dagbag.py:451} INFO - Filling up the DagBag from /home/airflow/.local/lib/python3.6/site-packages/airflow/example_dags/example_nested_branch_dag.py
[2021-10-13 04:58:59,847] {scheduler_job.py:639} INFO - DAG(s) dict_keys(['example_nested_branch_dag']) retrieved from /home/airflow/.local/lib/python3.6/site-packages/airflow/example_dags/example_nested_branch_dag.py
[2021-10-13 04:58:59,871] {logging_mixin.py:104} INFO - [2021-10-13 04:58:59,870] {dag.py:1824} INFO - Sync 1 DAGs
[2021-10-13 04:58:59,894] {logging_mixin.py:104} INFO - [2021-10-13 04:58:59,894] {dag.py:2280} INFO - Setting next_dagrun for example_nested_branch_dag to 2021-10-11 00:00:00+00:00
[2021-10-13 04:58:59,911] {scheduler_job.py:190} INFO - Processing /home/airflow/.local/lib/python3.6/site-packages/airflow/example_dags/example_nested_branch_dag.py took 0.086 seconds
[2021-10-13 04:59:30,508] {scheduler_job.py:182} INFO - Started process (PID=580) to work on /home/airflow/.local/lib/python3.6/site-packages/airflow/example_dags/example_nested_branch_dag.py
[2021-10-13 04:59:30,509] {scheduler_job.py:629} INFO - Processing file /home/airflow/.local/lib/python3.6/site-packages/airflow/example_dags/example_nested_branch_dag.py for tasks to queue
[2021-10-13 04:59:30,510] {logging_mixin.py:104} INFO - [2021-10-13 04:59:30,510] {dagbag.py:451} INFO - Filling up the DagBag from /home/airflow/.local/lib/python3.6/site-packages/airflow/example_dags/example_nested_branch_dag.py
[2021-10-13 04:59:30,525] {scheduler_job.py:639} INFO - DAG(s) dict_keys(['example_nested_branch_dag']) retrieved from /home/airflow/.local/lib/python3.6/site-packages/airflow/example_dags/example_nested_branch_dag.py
[2021-10-13 04:59:30,547] {logging_mixin.py:104} INFO - [2021-10-13 04:59:30,547] {dag.py:1824} INFO - Sync 1 DAGs
[2021-10-13 04:59:30,570] {logging_mixin.py:104} INFO - [2021-10-13 04:59:30,570] {dag.py:2280} INFO - Setting next_dagrun for example_nested_branch_dag to 2021-10-11 00:00:00+00:00
[2021-10-13 04:59:30,583] {scheduler_job.py:190} INFO - Processing /home/airflow/.local/lib/python3.6/site-packages/airflow/example_dags/example_nested_branch_dag.py took 0.078 seconds
[2021-10-13 05:00:00,827] {scheduler_job.py:182} INFO - Started process (PID=618) to work on /home/airflow/.local/lib/python3.6/site-packages/airflow/example_dags/example_nested_branch_dag.py
[2021-10-13 05:00:00,828] {scheduler_job.py:629} INFO - Processing file /home/airflow/.local/lib/python3.6/site-packages/airflow/example_dags/example_nested_branch_dag.py for tasks to queue
[2021-10-13 05:00:00,830] {logging_mixin.py:104} INFO - [2021-10-13 05:00:00,829] {dagbag.py:451} INFO - Filling up the DagBag from /home/airflow/.local/lib/python3.6/site-packages/airflow/example_dags/example_nested_branch_dag.py
[2021-10-13 05:00:00,844] {scheduler_job.py:639} INFO - DAG(s) dict_keys(['example_nested_branch_dag']) retrieved from /home/airflow/.local/lib/python3.6/site-packages/airflow/example_dags/example_nested_branch_dag.py
[2021-10-13 05:00:00,868] {logging_mixin.py:104} INFO - [2021-10-13 05:00:00,868] {dag.py:1824} INFO - Sync 1 DAGs
[2021-10-13 05:00:00,892] {logging_mixin.py:104} INFO - [2021-10-13 05:00:00,891] {dag.py:2280} INFO - Setting next_dagrun for example_nested_branch_dag to 2021-10-11 00:00:00+00:00
[2021-10-13 05:00:00,907] {scheduler_job.py:190} INFO - Processing /home/airflow/.local/lib/python3.6/site-packages/airflow/example_dags/example_nested_branch_dag.py took 0.083 seconds
[2021-10-13 05:00:31,320] {scheduler_job.py:182} INFO - Started process (PID=651) to work on /home/airflow/.local/lib/python3.6/site-packages/airflow/example_dags/example_nested_branch_dag.py
[2021-10-13 05:00:31,322] {scheduler_job.py:629} INFO - Processing file /home/airflow/.local/lib/python3.6/site-packages/airflow/example_dags/example_nested_branch_dag.py for tasks to queue
[2021-10-13 05:00:31,323] {logging_mixin.py:104} INFO - [2021-10-13 05:00:31,322] {dagbag.py:451} INFO - Filling up the DagBag from /home/airflow/.local/lib/python3.6/site-packages/airflow/example_dags/example_nested_branch_dag.py
[2021-10-13 05:00:31,344] {scheduler_job.py:639} INFO - DAG(s) dict_keys(['example_nested_branch_dag']) retrieved from /home/airflow/.local/lib/python3.6/site-packages/airflow/example_dags/example_nested_branch_dag.py
[2021-10-13 05:00:31,367] {logging_mixin.py:104} INFO - [2021-10-13 05:00:31,367] {dag.py:1824} INFO - Sync 1 DAGs
[2021-10-13 05:00:31,391] {logging_mixin.py:104} INFO - [2021-10-13 05:00:31,391] {dag.py:2280} INFO - Setting next_dagrun for example_nested_branch_dag to 2021-10-11 00:00:00+00:00
[2021-10-13 05:00:31,405] {scheduler_job.py:190} INFO - Processing /home/airflow/.local/lib/python3.6/site-packages/airflow/example_dags/example_nested_branch_dag.py took 0.088 seconds
[2021-10-13 05:01:02,507] {scheduler_job.py:182} INFO - Started process (PID=685) to work on /home/airflow/.local/lib/python3.6/site-packages/airflow/example_dags/example_nested_branch_dag.py
[2021-10-13 05:01:02,509] {scheduler_job.py:629} INFO - Processing file /home/airflow/.local/lib/python3.6/site-packages/airflow/example_dags/example_nested_branch_dag.py for tasks to queue
[2021-10-13 05:01:02,510] {logging_mixin.py:104} INFO - [2021-10-13 05:01:02,510] {dagbag.py:451} INFO - Filling up the DagBag from /home/airflow/.local/lib/python3.6/site-packages/airflow/example_dags/example_nested_branch_dag.py
[2021-10-13 05:01:02,526] {scheduler_job.py:639} INFO - DAG(s) dict_keys(['example_nested_branch_dag']) retrieved from /home/airflow/.local/lib/python3.6/site-packages/airflow/example_dags/example_nested_branch_dag.py
[2021-10-13 05:01:02,549] {logging_mixin.py:104} INFO - [2021-10-13 05:01:02,549] {dag.py:1824} INFO - Sync 1 DAGs
[2021-10-13 05:01:02,575] {logging_mixin.py:104} INFO - [2021-10-13 05:01:02,575] {dag.py:2280} INFO - Setting next_dagrun for example_nested_branch_dag to 2021-10-11 00:00:00+00:00
[2021-10-13 05:01:02,592] {scheduler_job.py:190} INFO - Processing /home/airflow/.local/lib/python3.6/site-packages/airflow/example_dags/example_nested_branch_dag.py took 0.088 seconds
[2021-10-13 05:01:32,956] {scheduler_job.py:182} INFO - Started process (PID=725) to work on /home/airflow/.local/lib/python3.6/site-packages/airflow/example_dags/example_nested_branch_dag.py
[2021-10-13 05:01:32,957] {scheduler_job.py:629} INFO - Processing file /home/airflow/.local/lib/python3.6/site-packages/airflow/example_dags/example_nested_branch_dag.py for tasks to queue
[2021-10-13 05:01:32,959] {logging_mixin.py:104} INFO - [2021-10-13 05:01:32,958] {dagbag.py:451} INFO - Filling up the DagBag from /home/airflow/.local/lib/python3.6/site-packages/airflow/example_dags/example_nested_branch_dag.py
[2021-10-13 05:01:32,975] {scheduler_job.py:639} INFO - DAG(s) dict_keys(['example_nested_branch_dag']) retrieved from /home/airflow/.local/lib/python3.6/site-packages/airflow/example_dags/example_nested_branch_dag.py
[2021-10-13 05:01:33,000] {logging_mixin.py:104} INFO - [2021-10-13 05:01:33,000] {dag.py:1824} INFO - Sync 1 DAGs
[2021-10-13 05:01:33,025] {logging_mixin.py:104} INFO - [2021-10-13 05:01:33,025] {dag.py:2280} INFO - Setting next_dagrun for example_nested_branch_dag to 2021-10-11 00:00:00+00:00
[2021-10-13 05:01:33,040] {scheduler_job.py:190} INFO - Processing /home/airflow/.local/lib/python3.6/site-packages/airflow/example_dags/example_nested_branch_dag.py took 0.087 seconds
[2021-10-13 05:02:03,088] {scheduler_job.py:182} INFO - Started process (PID=755) to work on /home/airflow/.local/lib/python3.6/site-packages/airflow/example_dags/example_nested_branch_dag.py
[2021-10-13 05:02:03,090] {scheduler_job.py:629} INFO - Processing file /home/airflow/.local/lib/python3.6/site-packages/airflow/example_dags/example_nested_branch_dag.py for tasks to queue
[2021-10-13 05:02:03,091] {logging_mixin.py:104} INFO - [2021-10-13 05:02:03,091] {dagbag.py:451} INFO - Filling up the DagBag from /home/airflow/.local/lib/python3.6/site-packages/airflow/example_dags/example_nested_branch_dag.py
[2021-10-13 05:02:03,109] {scheduler_job.py:639} INFO - DAG(s) dict_keys(['example_nested_branch_dag']) retrieved from /home/airflow/.local/lib/python3.6/site-packages/airflow/example_dags/example_nested_branch_dag.py
[2021-10-13 05:02:03,135] {logging_mixin.py:104} INFO - [2021-10-13 05:02:03,135] {dag.py:1824} INFO - Sync 1 DAGs
[2021-10-13 05:02:03,161] {logging_mixin.py:104} INFO - [2021-10-13 05:02:03,161] {dag.py:2280} INFO - Setting next_dagrun for example_nested_branch_dag to 2021-10-11 00:00:00+00:00
[2021-10-13 05:02:03,174] {scheduler_job.py:190} INFO - Processing /home/airflow/.local/lib/python3.6/site-packages/airflow/example_dags/example_nested_branch_dag.py took 0.089 seconds
[2021-10-13 05:02:33,506] {scheduler_job.py:182} INFO - Started process (PID=789) to work on /home/airflow/.local/lib/python3.6/site-packages/airflow/example_dags/example_nested_branch_dag.py
[2021-10-13 05:02:33,508] {scheduler_job.py:629} INFO - Processing file /home/airflow/.local/lib/python3.6/site-packages/airflow/example_dags/example_nested_branch_dag.py for tasks to queue
[2021-10-13 05:02:33,511] {logging_mixin.py:104} INFO - [2021-10-13 05:02:33,510] {dagbag.py:451} INFO - Filling up the DagBag from /home/airflow/.local/lib/python3.6/site-packages/airflow/example_dags/example_nested_branch_dag.py
[2021-10-13 05:02:33,533] {scheduler_job.py:639} INFO - DAG(s) dict_keys(['example_nested_branch_dag']) retrieved from /home/airflow/.local/lib/python3.6/site-packages/airflow/example_dags/example_nested_branch_dag.py
[2021-10-13 05:02:33,568] {logging_mixin.py:104} INFO - [2021-10-13 05:02:33,568] {dag.py:1824} INFO - Sync 1 DAGs
[2021-10-13 05:02:33,607] {logging_mixin.py:104} INFO - [2021-10-13 05:02:33,606] {dag.py:2280} INFO - Setting next_dagrun for example_nested_branch_dag to 2021-10-11 00:00:00+00:00
[2021-10-13 05:02:33,625] {scheduler_job.py:190} INFO - Processing /home/airflow/.local/lib/python3.6/site-packages/airflow/example_dags/example_nested_branch_dag.py took 0.124 seconds
[2021-10-13 05:03:04,374] {scheduler_job.py:182} INFO - Started process (PID=823) to work on /home/airflow/.local/lib/python3.6/site-packages/airflow/example_dags/example_nested_branch_dag.py
[2021-10-13 05:03:04,376] {scheduler_job.py:629} INFO - Processing file /home/airflow/.local/lib/python3.6/site-packages/airflow/example_dags/example_nested_branch_dag.py for tasks to queue
[2021-10-13 05:03:04,376] {logging_mixin.py:104} INFO - [2021-10-13 05:03:04,376] {dagbag.py:451} INFO - Filling up the DagBag from /home/airflow/.local/lib/python3.6/site-packages/airflow/example_dags/example_nested_branch_dag.py
[2021-10-13 05:03:04,392] {scheduler_job.py:639} INFO - DAG(s) dict_keys(['example_nested_branch_dag']) retrieved from /home/airflow/.local/lib/python3.6/site-packages/airflow/example_dags/example_nested_branch_dag.py
[2021-10-13 05:03:04,415] {logging_mixin.py:104} INFO - [2021-10-13 05:03:04,415] {dag.py:1824} INFO - Sync 1 DAGs
[2021-10-13 05:03:04,440] {logging_mixin.py:104} INFO - [2021-10-13 05:03:04,440] {dag.py:2280} INFO - Setting next_dagrun for example_nested_branch_dag to 2021-10-11 00:00:00+00:00
[2021-10-13 05:03:04,454] {scheduler_job.py:190} INFO - Processing /home/airflow/.local/lib/python3.6/site-packages/airflow/example_dags/example_nested_branch_dag.py took 0.084 seconds
[2021-10-13 05:03:35,434] {scheduler_job.py:182} INFO - Started process (PID=862) to work on /home/airflow/.local/lib/python3.6/site-packages/airflow/example_dags/example_nested_branch_dag.py
[2021-10-13 05:03:35,436] {scheduler_job.py:629} INFO - Processing file /home/airflow/.local/lib/python3.6/site-packages/airflow/example_dags/example_nested_branch_dag.py for tasks to queue
[2021-10-13 05:03:35,437] {logging_mixin.py:104} INFO - [2021-10-13 05:03:35,437] {dagbag.py:451} INFO - Filling up the DagBag from /home/airflow/.local/lib/python3.6/site-packages/airflow/example_dags/example_nested_branch_dag.py
[2021-10-13 05:03:35,455] {scheduler_job.py:639} INFO - DAG(s) dict_keys(['example_nested_branch_dag']) retrieved from /home/airflow/.local/lib/python3.6/site-packages/airflow/example_dags/example_nested_branch_dag.py
[2021-10-13 05:03:35,481] {logging_mixin.py:104} INFO - [2021-10-13 05:03:35,481] {dag.py:1824} INFO - Sync 1 DAGs
[2021-10-13 05:03:35,508] {logging_mixin.py:104} INFO - [2021-10-13 05:03:35,508] {dag.py:2280} INFO - Setting next_dagrun for example_nested_branch_dag to 2021-10-11 00:00:00+00:00
[2021-10-13 05:03:35,523] {scheduler_job.py:190} INFO - Processing /home/airflow/.local/lib/python3.6/site-packages/airflow/example_dags/example_nested_branch_dag.py took 0.093 seconds
[2021-10-13 05:04:05,574] {scheduler_job.py:182} INFO - Started process (PID=895) to work on /home/airflow/.local/lib/python3.6/site-packages/airflow/example_dags/example_nested_branch_dag.py
[2021-10-13 05:04:05,576] {scheduler_job.py:629} INFO - Processing file /home/airflow/.local/lib/python3.6/site-packages/airflow/example_dags/example_nested_branch_dag.py for tasks to queue
[2021-10-13 05:04:05,577] {logging_mixin.py:104} INFO - [2021-10-13 05:04:05,577] {dagbag.py:451} INFO - Filling up the DagBag from /home/airflow/.local/lib/python3.6/site-packages/airflow/example_dags/example_nested_branch_dag.py
[2021-10-13 05:04:05,592] {scheduler_job.py:639} INFO - DAG(s) dict_keys(['example_nested_branch_dag']) retrieved from /home/airflow/.local/lib/python3.6/site-packages/airflow/example_dags/example_nested_branch_dag.py
[2021-10-13 05:04:05,613] {logging_mixin.py:104} INFO - [2021-10-13 05:04:05,613] {dag.py:1824} INFO - Sync 1 DAGs
[2021-10-13 05:04:05,636] {logging_mixin.py:104} INFO - [2021-10-13 05:04:05,636] {dag.py:2280} INFO - Setting next_dagrun for example_nested_branch_dag to 2021-10-11 00:00:00+00:00
[2021-10-13 05:04:05,650] {scheduler_job.py:190} INFO - Processing /home/airflow/.local/lib/python3.6/site-packages/airflow/example_dags/example_nested_branch_dag.py took 0.078 seconds
[2021-10-13 05:04:36,525] {scheduler_job.py:182} INFO - Started process (PID=928) to work on /home/airflow/.local/lib/python3.6/site-packages/airflow/example_dags/example_nested_branch_dag.py
[2021-10-13 05:04:36,526] {scheduler_job.py:629} INFO - Processing file /home/airflow/.local/lib/python3.6/site-packages/airflow/example_dags/example_nested_branch_dag.py for tasks to queue
[2021-10-13 05:04:36,528] {logging_mixin.py:104} INFO - [2021-10-13 05:04:36,527] {dagbag.py:451} INFO - Filling up the DagBag from /home/airflow/.local/lib/python3.6/site-packages/airflow/example_dags/example_nested_branch_dag.py
[2021-10-13 05:04:36,546] {scheduler_job.py:639} INFO - DAG(s) dict_keys(['example_nested_branch_dag']) retrieved from /home/airflow/.local/lib/python3.6/site-packages/airflow/example_dags/example_nested_branch_dag.py
[2021-10-13 05:04:36,571] {logging_mixin.py:104} INFO - [2021-10-13 05:04:36,571] {dag.py:1824} INFO - Sync 1 DAGs
[2021-10-13 05:04:36,597] {logging_mixin.py:104} INFO - [2021-10-13 05:04:36,597] {dag.py:2280} INFO - Setting next_dagrun for example_nested_branch_dag to 2021-10-11 00:00:00+00:00
[2021-10-13 05:04:36,613] {scheduler_job.py:190} INFO - Processing /home/airflow/.local/lib/python3.6/site-packages/airflow/example_dags/example_nested_branch_dag.py took 0.092 seconds
[2021-10-13 05:05:07,075] {scheduler_job.py:182} INFO - Started process (PID=961) to work on /home/airflow/.local/lib/python3.6/site-packages/airflow/example_dags/example_nested_branch_dag.py
[2021-10-13 05:05:07,076] {scheduler_job.py:629} INFO - Processing file /home/airflow/.local/lib/python3.6/site-packages/airflow/example_dags/example_nested_branch_dag.py for tasks to queue
[2021-10-13 05:05:07,077] {logging_mixin.py:104} INFO - [2021-10-13 05:05:07,077] {dagbag.py:451} INFO - Filling up the DagBag from /home/airflow/.local/lib/python3.6/site-packages/airflow/example_dags/example_nested_branch_dag.py
[2021-10-13 05:05:07,095] {scheduler_job.py:639} INFO - DAG(s) dict_keys(['example_nested_branch_dag']) retrieved from /home/airflow/.local/lib/python3.6/site-packages/airflow/example_dags/example_nested_branch_dag.py
[2021-10-13 05:05:07,119] {logging_mixin.py:104} INFO - [2021-10-13 05:05:07,119] {dag.py:1824} INFO - Sync 1 DAGs
[2021-10-13 05:05:07,143] {logging_mixin.py:104} INFO - [2021-10-13 05:05:07,143] {dag.py:2280} INFO - Setting next_dagrun for example_nested_branch_dag to 2021-10-11 00:00:00+00:00
[2021-10-13 05:05:07,158] {scheduler_job.py:190} INFO - Processing /home/airflow/.local/lib/python3.6/site-packages/airflow/example_dags/example_nested_branch_dag.py took 0.087 seconds
[2021-10-13 05:05:37,350] {scheduler_job.py:182} INFO - Started process (PID=994) to work on /home/airflow/.local/lib/python3.6/site-packages/airflow/example_dags/example_nested_branch_dag.py
[2021-10-13 05:05:37,352] {scheduler_job.py:629} INFO - Processing file /home/airflow/.local/lib/python3.6/site-packages/airflow/example_dags/example_nested_branch_dag.py for tasks to queue
[2021-10-13 05:05:37,353] {logging_mixin.py:104} INFO - [2021-10-13 05:05:37,352] {dagbag.py:451} INFO - Filling up the DagBag from /home/airflow/.local/lib/python3.6/site-packages/airflow/example_dags/example_nested_branch_dag.py
[2021-10-13 05:05:37,371] {scheduler_job.py:639} INFO - DAG(s) dict_keys(['example_nested_branch_dag']) retrieved from /home/airflow/.local/lib/python3.6/site-packages/airflow/example_dags/example_nested_branch_dag.py
[2021-10-13 05:05:37,398] {logging_mixin.py:104} INFO - [2021-10-13 05:05:37,397] {dag.py:1824} INFO - Sync 1 DAGs
[2021-10-13 05:05:37,424] {logging_mixin.py:104} INFO - [2021-10-13 05:05:37,424] {dag.py:2280} INFO - Setting next_dagrun for example_nested_branch_dag to 2021-10-11 00:00:00+00:00
[2021-10-13 05:05:37,440] {scheduler_job.py:190} INFO - Processing /home/airflow/.local/lib/python3.6/site-packages/airflow/example_dags/example_nested_branch_dag.py took 0.094 seconds
