[2021-10-13 04:51:24,641] {scheduler_job.py:182} INFO - Started process (PID=45) to work on /home/airflow/.local/lib/python3.6/site-packages/airflow/example_dags/example_xcomargs.py
[2021-10-13 04:51:24,642] {scheduler_job.py:629} INFO - Processing file /home/airflow/.local/lib/python3.6/site-packages/airflow/example_dags/example_xcomargs.py for tasks to queue
[2021-10-13 04:51:24,644] {logging_mixin.py:104} INFO - [2021-10-13 04:51:24,644] {dagbag.py:451} INFO - Filling up the DagBag from /home/airflow/.local/lib/python3.6/site-packages/airflow/example_dags/example_xcomargs.py
[2021-10-13 04:51:24,670] {scheduler_job.py:639} INFO - DAG(s) dict_keys(['example_xcom_args', 'example_xcom_args_with_operators']) retrieved from /home/airflow/.local/lib/python3.6/site-packages/airflow/example_dags/example_xcomargs.py
[2021-10-13 04:51:24,716] {logging_mixin.py:104} INFO - [2021-10-13 04:51:24,716] {dag.py:1824} INFO - Sync 2 DAGs
[2021-10-13 04:51:24,738] {logging_mixin.py:104} INFO - [2021-10-13 04:51:24,738] {dag.py:2280} INFO - Setting next_dagrun for example_xcom_args to None
[2021-10-13 04:51:24,740] {logging_mixin.py:104} INFO - [2021-10-13 04:51:24,739] {dag.py:2280} INFO - Setting next_dagrun for example_xcom_args_with_operators to None
[2021-10-13 04:51:24,759] {scheduler_job.py:190} INFO - Processing /home/airflow/.local/lib/python3.6/site-packages/airflow/example_dags/example_xcomargs.py took 0.124 seconds
[2021-10-13 04:51:54,920] {scheduler_job.py:182} INFO - Started process (PID=78) to work on /home/airflow/.local/lib/python3.6/site-packages/airflow/example_dags/example_xcomargs.py
[2021-10-13 04:51:54,924] {scheduler_job.py:629} INFO - Processing file /home/airflow/.local/lib/python3.6/site-packages/airflow/example_dags/example_xcomargs.py for tasks to queue
[2021-10-13 04:51:54,927] {logging_mixin.py:104} INFO - [2021-10-13 04:51:54,926] {dagbag.py:451} INFO - Filling up the DagBag from /home/airflow/.local/lib/python3.6/site-packages/airflow/example_dags/example_xcomargs.py
[2021-10-13 04:51:54,989] {scheduler_job.py:639} INFO - DAG(s) dict_keys(['example_xcom_args', 'example_xcom_args_with_operators']) retrieved from /home/airflow/.local/lib/python3.6/site-packages/airflow/example_dags/example_xcomargs.py
[2021-10-13 04:51:55,028] {logging_mixin.py:104} INFO - [2021-10-13 04:51:55,028] {dag.py:1824} INFO - Sync 2 DAGs
[2021-10-13 04:51:55,044] {logging_mixin.py:104} INFO - [2021-10-13 04:51:55,044] {dag.py:2280} INFO - Setting next_dagrun for example_xcom_args to None
[2021-10-13 04:51:55,045] {logging_mixin.py:104} INFO - [2021-10-13 04:51:55,045] {dag.py:2280} INFO - Setting next_dagrun for example_xcom_args_with_operators to None
[2021-10-13 04:51:55,059] {scheduler_job.py:190} INFO - Processing /home/airflow/.local/lib/python3.6/site-packages/airflow/example_dags/example_xcomargs.py took 0.148 seconds
[2021-10-13 04:52:25,355] {scheduler_job.py:182} INFO - Started process (PID=109) to work on /home/airflow/.local/lib/python3.6/site-packages/airflow/example_dags/example_xcomargs.py
[2021-10-13 04:52:25,356] {scheduler_job.py:629} INFO - Processing file /home/airflow/.local/lib/python3.6/site-packages/airflow/example_dags/example_xcomargs.py for tasks to queue
[2021-10-13 04:52:25,358] {logging_mixin.py:104} INFO - [2021-10-13 04:52:25,357] {dagbag.py:451} INFO - Filling up the DagBag from /home/airflow/.local/lib/python3.6/site-packages/airflow/example_dags/example_xcomargs.py
[2021-10-13 04:52:25,372] {scheduler_job.py:639} INFO - DAG(s) dict_keys(['example_xcom_args', 'example_xcom_args_with_operators']) retrieved from /home/airflow/.local/lib/python3.6/site-packages/airflow/example_dags/example_xcomargs.py
[2021-10-13 04:52:25,426] {logging_mixin.py:104} INFO - [2021-10-13 04:52:25,426] {dag.py:1824} INFO - Sync 2 DAGs
[2021-10-13 04:52:25,448] {logging_mixin.py:104} INFO - [2021-10-13 04:52:25,448] {dag.py:2280} INFO - Setting next_dagrun for example_xcom_args to None
[2021-10-13 04:52:25,450] {logging_mixin.py:104} INFO - [2021-10-13 04:52:25,449] {dag.py:2280} INFO - Setting next_dagrun for example_xcom_args_with_operators to None
[2021-10-13 04:52:25,466] {scheduler_job.py:190} INFO - Processing /home/airflow/.local/lib/python3.6/site-packages/airflow/example_dags/example_xcomargs.py took 0.115 seconds
[2021-10-13 04:52:55,517] {scheduler_job.py:182} INFO - Started process (PID=142) to work on /home/airflow/.local/lib/python3.6/site-packages/airflow/example_dags/example_xcomargs.py
[2021-10-13 04:52:55,518] {scheduler_job.py:629} INFO - Processing file /home/airflow/.local/lib/python3.6/site-packages/airflow/example_dags/example_xcomargs.py for tasks to queue
[2021-10-13 04:52:55,519] {logging_mixin.py:104} INFO - [2021-10-13 04:52:55,519] {dagbag.py:451} INFO - Filling up the DagBag from /home/airflow/.local/lib/python3.6/site-packages/airflow/example_dags/example_xcomargs.py
[2021-10-13 04:52:55,534] {scheduler_job.py:639} INFO - DAG(s) dict_keys(['example_xcom_args', 'example_xcom_args_with_operators']) retrieved from /home/airflow/.local/lib/python3.6/site-packages/airflow/example_dags/example_xcomargs.py
[2021-10-13 04:52:55,569] {logging_mixin.py:104} INFO - [2021-10-13 04:52:55,569] {dag.py:1824} INFO - Sync 2 DAGs
[2021-10-13 04:52:55,584] {logging_mixin.py:104} INFO - [2021-10-13 04:52:55,584] {dag.py:2280} INFO - Setting next_dagrun for example_xcom_args to None
[2021-10-13 04:52:55,585] {logging_mixin.py:104} INFO - [2021-10-13 04:52:55,585] {dag.py:2280} INFO - Setting next_dagrun for example_xcom_args_with_operators to None
[2021-10-13 04:52:55,600] {scheduler_job.py:190} INFO - Processing /home/airflow/.local/lib/python3.6/site-packages/airflow/example_dags/example_xcomargs.py took 0.088 seconds
[2021-10-13 04:53:25,935] {scheduler_job.py:182} INFO - Started process (PID=177) to work on /home/airflow/.local/lib/python3.6/site-packages/airflow/example_dags/example_xcomargs.py
[2021-10-13 04:53:25,937] {scheduler_job.py:629} INFO - Processing file /home/airflow/.local/lib/python3.6/site-packages/airflow/example_dags/example_xcomargs.py for tasks to queue
[2021-10-13 04:53:25,938] {logging_mixin.py:104} INFO - [2021-10-13 04:53:25,938] {dagbag.py:451} INFO - Filling up the DagBag from /home/airflow/.local/lib/python3.6/site-packages/airflow/example_dags/example_xcomargs.py
[2021-10-13 04:53:25,952] {scheduler_job.py:639} INFO - DAG(s) dict_keys(['example_xcom_args', 'example_xcom_args_with_operators']) retrieved from /home/airflow/.local/lib/python3.6/site-packages/airflow/example_dags/example_xcomargs.py
[2021-10-13 04:53:25,983] {logging_mixin.py:104} INFO - [2021-10-13 04:53:25,983] {dag.py:1824} INFO - Sync 2 DAGs
[2021-10-13 04:53:25,998] {logging_mixin.py:104} INFO - [2021-10-13 04:53:25,998] {dag.py:2280} INFO - Setting next_dagrun for example_xcom_args to None
[2021-10-13 04:53:25,999] {logging_mixin.py:104} INFO - [2021-10-13 04:53:25,999] {dag.py:2280} INFO - Setting next_dagrun for example_xcom_args_with_operators to None
[2021-10-13 04:53:26,014] {scheduler_job.py:190} INFO - Processing /home/airflow/.local/lib/python3.6/site-packages/airflow/example_dags/example_xcomargs.py took 0.082 seconds
[2021-10-13 04:53:56,546] {scheduler_job.py:182} INFO - Started process (PID=211) to work on /home/airflow/.local/lib/python3.6/site-packages/airflow/example_dags/example_xcomargs.py
[2021-10-13 04:53:56,548] {scheduler_job.py:629} INFO - Processing file /home/airflow/.local/lib/python3.6/site-packages/airflow/example_dags/example_xcomargs.py for tasks to queue
[2021-10-13 04:53:56,549] {logging_mixin.py:104} INFO - [2021-10-13 04:53:56,549] {dagbag.py:451} INFO - Filling up the DagBag from /home/airflow/.local/lib/python3.6/site-packages/airflow/example_dags/example_xcomargs.py
[2021-10-13 04:53:56,563] {scheduler_job.py:639} INFO - DAG(s) dict_keys(['example_xcom_args', 'example_xcom_args_with_operators']) retrieved from /home/airflow/.local/lib/python3.6/site-packages/airflow/example_dags/example_xcomargs.py
[2021-10-13 04:53:56,593] {logging_mixin.py:104} INFO - [2021-10-13 04:53:56,593] {dag.py:1824} INFO - Sync 2 DAGs
[2021-10-13 04:53:56,609] {logging_mixin.py:104} INFO - [2021-10-13 04:53:56,609] {dag.py:2280} INFO - Setting next_dagrun for example_xcom_args to None
[2021-10-13 04:53:56,610] {logging_mixin.py:104} INFO - [2021-10-13 04:53:56,610] {dag.py:2280} INFO - Setting next_dagrun for example_xcom_args_with_operators to None
[2021-10-13 04:53:56,626] {scheduler_job.py:190} INFO - Processing /home/airflow/.local/lib/python3.6/site-packages/airflow/example_dags/example_xcomargs.py took 0.083 seconds
[2021-10-13 04:54:27,232] {scheduler_job.py:182} INFO - Started process (PID=253) to work on /home/airflow/.local/lib/python3.6/site-packages/airflow/example_dags/example_xcomargs.py
[2021-10-13 04:54:27,234] {scheduler_job.py:629} INFO - Processing file /home/airflow/.local/lib/python3.6/site-packages/airflow/example_dags/example_xcomargs.py for tasks to queue
[2021-10-13 04:54:27,238] {logging_mixin.py:104} INFO - [2021-10-13 04:54:27,237] {dagbag.py:451} INFO - Filling up the DagBag from /home/airflow/.local/lib/python3.6/site-packages/airflow/example_dags/example_xcomargs.py
[2021-10-13 04:54:27,259] {scheduler_job.py:639} INFO - DAG(s) dict_keys(['example_xcom_args', 'example_xcom_args_with_operators']) retrieved from /home/airflow/.local/lib/python3.6/site-packages/airflow/example_dags/example_xcomargs.py
[2021-10-13 04:54:27,297] {logging_mixin.py:104} INFO - [2021-10-13 04:54:27,296] {dag.py:1824} INFO - Sync 2 DAGs
[2021-10-13 04:54:27,318] {logging_mixin.py:104} INFO - [2021-10-13 04:54:27,318] {dag.py:2280} INFO - Setting next_dagrun for example_xcom_args to None
[2021-10-13 04:54:27,320] {logging_mixin.py:104} INFO - [2021-10-13 04:54:27,319] {dag.py:2280} INFO - Setting next_dagrun for example_xcom_args_with_operators to None
[2021-10-13 04:54:27,335] {scheduler_job.py:190} INFO - Processing /home/airflow/.local/lib/python3.6/site-packages/airflow/example_dags/example_xcomargs.py took 0.107 seconds
[2021-10-13 04:54:57,880] {scheduler_job.py:182} INFO - Started process (PID=289) to work on /home/airflow/.local/lib/python3.6/site-packages/airflow/example_dags/example_xcomargs.py
[2021-10-13 04:54:57,881] {scheduler_job.py:629} INFO - Processing file /home/airflow/.local/lib/python3.6/site-packages/airflow/example_dags/example_xcomargs.py for tasks to queue
[2021-10-13 04:54:57,883] {logging_mixin.py:104} INFO - [2021-10-13 04:54:57,882] {dagbag.py:451} INFO - Filling up the DagBag from /home/airflow/.local/lib/python3.6/site-packages/airflow/example_dags/example_xcomargs.py
[2021-10-13 04:54:57,902] {scheduler_job.py:639} INFO - DAG(s) dict_keys(['example_xcom_args', 'example_xcom_args_with_operators']) retrieved from /home/airflow/.local/lib/python3.6/site-packages/airflow/example_dags/example_xcomargs.py
[2021-10-13 04:54:57,934] {logging_mixin.py:104} INFO - [2021-10-13 04:54:57,934] {dag.py:1824} INFO - Sync 2 DAGs
[2021-10-13 04:54:57,952] {logging_mixin.py:104} INFO - [2021-10-13 04:54:57,952] {dag.py:2280} INFO - Setting next_dagrun for example_xcom_args to None
[2021-10-13 04:54:57,953] {logging_mixin.py:104} INFO - [2021-10-13 04:54:57,953] {dag.py:2280} INFO - Setting next_dagrun for example_xcom_args_with_operators to None
[2021-10-13 04:54:57,968] {scheduler_job.py:190} INFO - Processing /home/airflow/.local/lib/python3.6/site-packages/airflow/example_dags/example_xcomargs.py took 0.091 seconds
[2021-10-13 04:55:28,242] {scheduler_job.py:182} INFO - Started process (PID=323) to work on /home/airflow/.local/lib/python3.6/site-packages/airflow/example_dags/example_xcomargs.py
[2021-10-13 04:55:28,244] {scheduler_job.py:629} INFO - Processing file /home/airflow/.local/lib/python3.6/site-packages/airflow/example_dags/example_xcomargs.py for tasks to queue
[2021-10-13 04:55:28,245] {logging_mixin.py:104} INFO - [2021-10-13 04:55:28,245] {dagbag.py:451} INFO - Filling up the DagBag from /home/airflow/.local/lib/python3.6/site-packages/airflow/example_dags/example_xcomargs.py
[2021-10-13 04:55:28,268] {scheduler_job.py:639} INFO - DAG(s) dict_keys(['example_xcom_args', 'example_xcom_args_with_operators']) retrieved from /home/airflow/.local/lib/python3.6/site-packages/airflow/example_dags/example_xcomargs.py
[2021-10-13 04:55:28,302] {logging_mixin.py:104} INFO - [2021-10-13 04:55:28,302] {dag.py:1824} INFO - Sync 2 DAGs
[2021-10-13 04:55:28,321] {logging_mixin.py:104} INFO - [2021-10-13 04:55:28,320] {dag.py:2280} INFO - Setting next_dagrun for example_xcom_args to None
[2021-10-13 04:55:28,322] {logging_mixin.py:104} INFO - [2021-10-13 04:55:28,322] {dag.py:2280} INFO - Setting next_dagrun for example_xcom_args_with_operators to None
[2021-10-13 04:55:28,339] {scheduler_job.py:190} INFO - Processing /home/airflow/.local/lib/python3.6/site-packages/airflow/example_dags/example_xcomargs.py took 0.100 seconds
[2021-10-13 04:55:58,385] {scheduler_job.py:182} INFO - Started process (PID=355) to work on /home/airflow/.local/lib/python3.6/site-packages/airflow/example_dags/example_xcomargs.py
[2021-10-13 04:55:58,387] {scheduler_job.py:629} INFO - Processing file /home/airflow/.local/lib/python3.6/site-packages/airflow/example_dags/example_xcomargs.py for tasks to queue
[2021-10-13 04:55:58,388] {logging_mixin.py:104} INFO - [2021-10-13 04:55:58,387] {dagbag.py:451} INFO - Filling up the DagBag from /home/airflow/.local/lib/python3.6/site-packages/airflow/example_dags/example_xcomargs.py
[2021-10-13 04:55:58,409] {scheduler_job.py:639} INFO - DAG(s) dict_keys(['example_xcom_args', 'example_xcom_args_with_operators']) retrieved from /home/airflow/.local/lib/python3.6/site-packages/airflow/example_dags/example_xcomargs.py
[2021-10-13 04:55:58,440] {logging_mixin.py:104} INFO - [2021-10-13 04:55:58,440] {dag.py:1824} INFO - Sync 2 DAGs
[2021-10-13 04:55:58,460] {logging_mixin.py:104} INFO - [2021-10-13 04:55:58,460] {dag.py:2280} INFO - Setting next_dagrun for example_xcom_args to None
[2021-10-13 04:55:58,461] {logging_mixin.py:104} INFO - [2021-10-13 04:55:58,461] {dag.py:2280} INFO - Setting next_dagrun for example_xcom_args_with_operators to None
[2021-10-13 04:55:58,477] {scheduler_job.py:190} INFO - Processing /home/airflow/.local/lib/python3.6/site-packages/airflow/example_dags/example_xcomargs.py took 0.096 seconds
[2021-10-13 04:56:28,725] {scheduler_job.py:182} INFO - Started process (PID=386) to work on /home/airflow/.local/lib/python3.6/site-packages/airflow/example_dags/example_xcomargs.py
[2021-10-13 04:56:28,727] {scheduler_job.py:629} INFO - Processing file /home/airflow/.local/lib/python3.6/site-packages/airflow/example_dags/example_xcomargs.py for tasks to queue
[2021-10-13 04:56:28,728] {logging_mixin.py:104} INFO - [2021-10-13 04:56:28,728] {dagbag.py:451} INFO - Filling up the DagBag from /home/airflow/.local/lib/python3.6/site-packages/airflow/example_dags/example_xcomargs.py
[2021-10-13 04:56:28,752] {scheduler_job.py:639} INFO - DAG(s) dict_keys(['example_xcom_args', 'example_xcom_args_with_operators']) retrieved from /home/airflow/.local/lib/python3.6/site-packages/airflow/example_dags/example_xcomargs.py
[2021-10-13 04:56:28,790] {logging_mixin.py:104} INFO - [2021-10-13 04:56:28,789] {dag.py:1824} INFO - Sync 2 DAGs
[2021-10-13 04:56:28,812] {logging_mixin.py:104} INFO - [2021-10-13 04:56:28,812] {dag.py:2280} INFO - Setting next_dagrun for example_xcom_args to None
[2021-10-13 04:56:28,814] {logging_mixin.py:104} INFO - [2021-10-13 04:56:28,814] {dag.py:2280} INFO - Setting next_dagrun for example_xcom_args_with_operators to None
[2021-10-13 04:56:28,833] {scheduler_job.py:190} INFO - Processing /home/airflow/.local/lib/python3.6/site-packages/airflow/example_dags/example_xcomargs.py took 0.111 seconds
[2021-10-13 04:56:59,157] {scheduler_job.py:182} INFO - Started process (PID=420) to work on /home/airflow/.local/lib/python3.6/site-packages/airflow/example_dags/example_xcomargs.py
[2021-10-13 04:56:59,159] {scheduler_job.py:629} INFO - Processing file /home/airflow/.local/lib/python3.6/site-packages/airflow/example_dags/example_xcomargs.py for tasks to queue
[2021-10-13 04:56:59,161] {logging_mixin.py:104} INFO - [2021-10-13 04:56:59,160] {dagbag.py:451} INFO - Filling up the DagBag from /home/airflow/.local/lib/python3.6/site-packages/airflow/example_dags/example_xcomargs.py
[2021-10-13 04:56:59,182] {scheduler_job.py:639} INFO - DAG(s) dict_keys(['example_xcom_args', 'example_xcom_args_with_operators']) retrieved from /home/airflow/.local/lib/python3.6/site-packages/airflow/example_dags/example_xcomargs.py
[2021-10-13 04:56:59,218] {logging_mixin.py:104} INFO - [2021-10-13 04:56:59,218] {dag.py:1824} INFO - Sync 2 DAGs
[2021-10-13 04:56:59,239] {logging_mixin.py:104} INFO - [2021-10-13 04:56:59,239] {dag.py:2280} INFO - Setting next_dagrun for example_xcom_args to None
[2021-10-13 04:56:59,240] {logging_mixin.py:104} INFO - [2021-10-13 04:56:59,240] {dag.py:2280} INFO - Setting next_dagrun for example_xcom_args_with_operators to None
[2021-10-13 04:56:59,262] {scheduler_job.py:190} INFO - Processing /home/airflow/.local/lib/python3.6/site-packages/airflow/example_dags/example_xcomargs.py took 0.109 seconds
[2021-10-13 04:57:29,626] {scheduler_job.py:182} INFO - Started process (PID=455) to work on /home/airflow/.local/lib/python3.6/site-packages/airflow/example_dags/example_xcomargs.py
[2021-10-13 04:57:29,627] {scheduler_job.py:629} INFO - Processing file /home/airflow/.local/lib/python3.6/site-packages/airflow/example_dags/example_xcomargs.py for tasks to queue
[2021-10-13 04:57:29,629] {logging_mixin.py:104} INFO - [2021-10-13 04:57:29,628] {dagbag.py:451} INFO - Filling up the DagBag from /home/airflow/.local/lib/python3.6/site-packages/airflow/example_dags/example_xcomargs.py
[2021-10-13 04:57:29,653] {scheduler_job.py:639} INFO - DAG(s) dict_keys(['example_xcom_args', 'example_xcom_args_with_operators']) retrieved from /home/airflow/.local/lib/python3.6/site-packages/airflow/example_dags/example_xcomargs.py
[2021-10-13 04:57:29,698] {logging_mixin.py:104} INFO - [2021-10-13 04:57:29,698] {dag.py:1824} INFO - Sync 2 DAGs
[2021-10-13 04:57:29,732] {logging_mixin.py:104} INFO - [2021-10-13 04:57:29,732] {dag.py:2280} INFO - Setting next_dagrun for example_xcom_args to None
[2021-10-13 04:57:29,736] {logging_mixin.py:104} INFO - [2021-10-13 04:57:29,735] {dag.py:2280} INFO - Setting next_dagrun for example_xcom_args_with_operators to None
[2021-10-13 04:57:29,760] {scheduler_job.py:190} INFO - Processing /home/airflow/.local/lib/python3.6/site-packages/airflow/example_dags/example_xcomargs.py took 0.138 seconds
[2021-10-13 04:57:59,846] {scheduler_job.py:182} INFO - Started process (PID=487) to work on /home/airflow/.local/lib/python3.6/site-packages/airflow/example_dags/example_xcomargs.py
[2021-10-13 04:57:59,848] {scheduler_job.py:629} INFO - Processing file /home/airflow/.local/lib/python3.6/site-packages/airflow/example_dags/example_xcomargs.py for tasks to queue
[2021-10-13 04:57:59,849] {logging_mixin.py:104} INFO - [2021-10-13 04:57:59,848] {dagbag.py:451} INFO - Filling up the DagBag from /home/airflow/.local/lib/python3.6/site-packages/airflow/example_dags/example_xcomargs.py
[2021-10-13 04:57:59,869] {scheduler_job.py:639} INFO - DAG(s) dict_keys(['example_xcom_args', 'example_xcom_args_with_operators']) retrieved from /home/airflow/.local/lib/python3.6/site-packages/airflow/example_dags/example_xcomargs.py
[2021-10-13 04:57:59,903] {logging_mixin.py:104} INFO - [2021-10-13 04:57:59,903] {dag.py:1824} INFO - Sync 2 DAGs
[2021-10-13 04:57:59,925] {logging_mixin.py:104} INFO - [2021-10-13 04:57:59,925] {dag.py:2280} INFO - Setting next_dagrun for example_xcom_args to None
[2021-10-13 04:57:59,926] {logging_mixin.py:104} INFO - [2021-10-13 04:57:59,926] {dag.py:2280} INFO - Setting next_dagrun for example_xcom_args_with_operators to None
[2021-10-13 04:57:59,945] {scheduler_job.py:190} INFO - Processing /home/airflow/.local/lib/python3.6/site-packages/airflow/example_dags/example_xcomargs.py took 0.104 seconds
[2021-10-13 04:58:30,174] {scheduler_job.py:182} INFO - Started process (PID=519) to work on /home/airflow/.local/lib/python3.6/site-packages/airflow/example_dags/example_xcomargs.py
[2021-10-13 04:58:30,180] {scheduler_job.py:629} INFO - Processing file /home/airflow/.local/lib/python3.6/site-packages/airflow/example_dags/example_xcomargs.py for tasks to queue
[2021-10-13 04:58:30,181] {logging_mixin.py:104} INFO - [2021-10-13 04:58:30,181] {dagbag.py:451} INFO - Filling up the DagBag from /home/airflow/.local/lib/python3.6/site-packages/airflow/example_dags/example_xcomargs.py
[2021-10-13 04:58:30,199] {scheduler_job.py:639} INFO - DAG(s) dict_keys(['example_xcom_args', 'example_xcom_args_with_operators']) retrieved from /home/airflow/.local/lib/python3.6/site-packages/airflow/example_dags/example_xcomargs.py
[2021-10-13 04:58:30,233] {logging_mixin.py:104} INFO - [2021-10-13 04:58:30,233] {dag.py:1824} INFO - Sync 2 DAGs
[2021-10-13 04:58:30,256] {logging_mixin.py:104} INFO - [2021-10-13 04:58:30,255] {dag.py:2280} INFO - Setting next_dagrun for example_xcom_args to None
[2021-10-13 04:58:30,257] {logging_mixin.py:104} INFO - [2021-10-13 04:58:30,257] {dag.py:2280} INFO - Setting next_dagrun for example_xcom_args_with_operators to None
[2021-10-13 04:58:30,279] {scheduler_job.py:190} INFO - Processing /home/airflow/.local/lib/python3.6/site-packages/airflow/example_dags/example_xcomargs.py took 0.109 seconds
[2021-10-13 04:59:01,615] {scheduler_job.py:182} INFO - Started process (PID=556) to work on /home/airflow/.local/lib/python3.6/site-packages/airflow/example_dags/example_xcomargs.py
[2021-10-13 04:59:01,617] {scheduler_job.py:629} INFO - Processing file /home/airflow/.local/lib/python3.6/site-packages/airflow/example_dags/example_xcomargs.py for tasks to queue
[2021-10-13 04:59:01,618] {logging_mixin.py:104} INFO - [2021-10-13 04:59:01,617] {dagbag.py:451} INFO - Filling up the DagBag from /home/airflow/.local/lib/python3.6/site-packages/airflow/example_dags/example_xcomargs.py
[2021-10-13 04:59:01,636] {scheduler_job.py:639} INFO - DAG(s) dict_keys(['example_xcom_args', 'example_xcom_args_with_operators']) retrieved from /home/airflow/.local/lib/python3.6/site-packages/airflow/example_dags/example_xcomargs.py
[2021-10-13 04:59:01,669] {logging_mixin.py:104} INFO - [2021-10-13 04:59:01,669] {dag.py:1824} INFO - Sync 2 DAGs
[2021-10-13 04:59:01,689] {logging_mixin.py:104} INFO - [2021-10-13 04:59:01,689] {dag.py:2280} INFO - Setting next_dagrun for example_xcom_args to None
[2021-10-13 04:59:01,691] {logging_mixin.py:104} INFO - [2021-10-13 04:59:01,691] {dag.py:2280} INFO - Setting next_dagrun for example_xcom_args_with_operators to None
[2021-10-13 04:59:01,711] {scheduler_job.py:190} INFO - Processing /home/airflow/.local/lib/python3.6/site-packages/airflow/example_dags/example_xcomargs.py took 0.099 seconds
[2021-10-13 04:59:31,846] {scheduler_job.py:182} INFO - Started process (PID=587) to work on /home/airflow/.local/lib/python3.6/site-packages/airflow/example_dags/example_xcomargs.py
[2021-10-13 04:59:31,848] {scheduler_job.py:629} INFO - Processing file /home/airflow/.local/lib/python3.6/site-packages/airflow/example_dags/example_xcomargs.py for tasks to queue
[2021-10-13 04:59:31,849] {logging_mixin.py:104} INFO - [2021-10-13 04:59:31,849] {dagbag.py:451} INFO - Filling up the DagBag from /home/airflow/.local/lib/python3.6/site-packages/airflow/example_dags/example_xcomargs.py
[2021-10-13 04:59:31,865] {scheduler_job.py:639} INFO - DAG(s) dict_keys(['example_xcom_args', 'example_xcom_args_with_operators']) retrieved from /home/airflow/.local/lib/python3.6/site-packages/airflow/example_dags/example_xcomargs.py
[2021-10-13 04:59:31,897] {logging_mixin.py:104} INFO - [2021-10-13 04:59:31,897] {dag.py:1824} INFO - Sync 2 DAGs
[2021-10-13 04:59:31,915] {logging_mixin.py:104} INFO - [2021-10-13 04:59:31,915] {dag.py:2280} INFO - Setting next_dagrun for example_xcom_args to None
[2021-10-13 04:59:31,916] {logging_mixin.py:104} INFO - [2021-10-13 04:59:31,916] {dag.py:2280} INFO - Setting next_dagrun for example_xcom_args_with_operators to None
[2021-10-13 04:59:31,933] {scheduler_job.py:190} INFO - Processing /home/airflow/.local/lib/python3.6/site-packages/airflow/example_dags/example_xcomargs.py took 0.090 seconds
[2021-10-13 05:00:02,279] {scheduler_job.py:182} INFO - Started process (PID=625) to work on /home/airflow/.local/lib/python3.6/site-packages/airflow/example_dags/example_xcomargs.py
[2021-10-13 05:00:02,280] {scheduler_job.py:629} INFO - Processing file /home/airflow/.local/lib/python3.6/site-packages/airflow/example_dags/example_xcomargs.py for tasks to queue
[2021-10-13 05:00:02,281] {logging_mixin.py:104} INFO - [2021-10-13 05:00:02,281] {dagbag.py:451} INFO - Filling up the DagBag from /home/airflow/.local/lib/python3.6/site-packages/airflow/example_dags/example_xcomargs.py
[2021-10-13 05:00:02,304] {scheduler_job.py:639} INFO - DAG(s) dict_keys(['example_xcom_args', 'example_xcom_args_with_operators']) retrieved from /home/airflow/.local/lib/python3.6/site-packages/airflow/example_dags/example_xcomargs.py
[2021-10-13 05:00:02,335] {logging_mixin.py:104} INFO - [2021-10-13 05:00:02,335] {dag.py:1824} INFO - Sync 2 DAGs
[2021-10-13 05:00:02,353] {logging_mixin.py:104} INFO - [2021-10-13 05:00:02,353] {dag.py:2280} INFO - Setting next_dagrun for example_xcom_args to None
[2021-10-13 05:00:02,354] {logging_mixin.py:104} INFO - [2021-10-13 05:00:02,354] {dag.py:2280} INFO - Setting next_dagrun for example_xcom_args_with_operators to None
[2021-10-13 05:00:02,370] {scheduler_job.py:190} INFO - Processing /home/airflow/.local/lib/python3.6/site-packages/airflow/example_dags/example_xcomargs.py took 0.095 seconds
[2021-10-13 05:00:32,494] {scheduler_job.py:182} INFO - Started process (PID=655) to work on /home/airflow/.local/lib/python3.6/site-packages/airflow/example_dags/example_xcomargs.py
[2021-10-13 05:00:32,496] {scheduler_job.py:629} INFO - Processing file /home/airflow/.local/lib/python3.6/site-packages/airflow/example_dags/example_xcomargs.py for tasks to queue
[2021-10-13 05:00:32,498] {logging_mixin.py:104} INFO - [2021-10-13 05:00:32,498] {dagbag.py:451} INFO - Filling up the DagBag from /home/airflow/.local/lib/python3.6/site-packages/airflow/example_dags/example_xcomargs.py
[2021-10-13 05:00:32,516] {scheduler_job.py:639} INFO - DAG(s) dict_keys(['example_xcom_args', 'example_xcom_args_with_operators']) retrieved from /home/airflow/.local/lib/python3.6/site-packages/airflow/example_dags/example_xcomargs.py
[2021-10-13 05:00:32,547] {logging_mixin.py:104} INFO - [2021-10-13 05:00:32,547] {dag.py:1824} INFO - Sync 2 DAGs
[2021-10-13 05:00:32,562] {logging_mixin.py:104} INFO - [2021-10-13 05:00:32,562] {dag.py:2280} INFO - Setting next_dagrun for example_xcom_args to None
[2021-10-13 05:00:32,564] {logging_mixin.py:104} INFO - [2021-10-13 05:00:32,564] {dag.py:2280} INFO - Setting next_dagrun for example_xcom_args_with_operators to None
[2021-10-13 05:00:32,580] {scheduler_job.py:190} INFO - Processing /home/airflow/.local/lib/python3.6/site-packages/airflow/example_dags/example_xcomargs.py took 0.093 seconds
[2021-10-13 05:01:02,615] {scheduler_job.py:182} INFO - Started process (PID=688) to work on /home/airflow/.local/lib/python3.6/site-packages/airflow/example_dags/example_xcomargs.py
[2021-10-13 05:01:02,617] {scheduler_job.py:629} INFO - Processing file /home/airflow/.local/lib/python3.6/site-packages/airflow/example_dags/example_xcomargs.py for tasks to queue
[2021-10-13 05:01:02,618] {logging_mixin.py:104} INFO - [2021-10-13 05:01:02,618] {dagbag.py:451} INFO - Filling up the DagBag from /home/airflow/.local/lib/python3.6/site-packages/airflow/example_dags/example_xcomargs.py
[2021-10-13 05:01:02,636] {scheduler_job.py:639} INFO - DAG(s) dict_keys(['example_xcom_args', 'example_xcom_args_with_operators']) retrieved from /home/airflow/.local/lib/python3.6/site-packages/airflow/example_dags/example_xcomargs.py
[2021-10-13 05:01:02,670] {logging_mixin.py:104} INFO - [2021-10-13 05:01:02,670] {dag.py:1824} INFO - Sync 2 DAGs
[2021-10-13 05:01:02,688] {logging_mixin.py:104} INFO - [2021-10-13 05:01:02,688] {dag.py:2280} INFO - Setting next_dagrun for example_xcom_args to None
[2021-10-13 05:01:02,689] {logging_mixin.py:104} INFO - [2021-10-13 05:01:02,689] {dag.py:2280} INFO - Setting next_dagrun for example_xcom_args_with_operators to None
[2021-10-13 05:01:02,705] {scheduler_job.py:190} INFO - Processing /home/airflow/.local/lib/python3.6/site-packages/airflow/example_dags/example_xcomargs.py took 0.094 seconds
[2021-10-13 05:01:33,031] {scheduler_job.py:182} INFO - Started process (PID=726) to work on /home/airflow/.local/lib/python3.6/site-packages/airflow/example_dags/example_xcomargs.py
[2021-10-13 05:01:33,033] {scheduler_job.py:629} INFO - Processing file /home/airflow/.local/lib/python3.6/site-packages/airflow/example_dags/example_xcomargs.py for tasks to queue
[2021-10-13 05:01:33,034] {logging_mixin.py:104} INFO - [2021-10-13 05:01:33,034] {dagbag.py:451} INFO - Filling up the DagBag from /home/airflow/.local/lib/python3.6/site-packages/airflow/example_dags/example_xcomargs.py
[2021-10-13 05:01:33,051] {scheduler_job.py:639} INFO - DAG(s) dict_keys(['example_xcom_args', 'example_xcom_args_with_operators']) retrieved from /home/airflow/.local/lib/python3.6/site-packages/airflow/example_dags/example_xcomargs.py
[2021-10-13 05:01:33,082] {logging_mixin.py:104} INFO - [2021-10-13 05:01:33,082] {dag.py:1824} INFO - Sync 2 DAGs
[2021-10-13 05:01:33,104] {logging_mixin.py:104} INFO - [2021-10-13 05:01:33,104] {dag.py:2280} INFO - Setting next_dagrun for example_xcom_args to None
[2021-10-13 05:01:33,105] {logging_mixin.py:104} INFO - [2021-10-13 05:01:33,105] {dag.py:2280} INFO - Setting next_dagrun for example_xcom_args_with_operators to None
[2021-10-13 05:01:33,121] {scheduler_job.py:190} INFO - Processing /home/airflow/.local/lib/python3.6/site-packages/airflow/example_dags/example_xcomargs.py took 0.094 seconds
[2021-10-13 05:02:03,290] {scheduler_job.py:182} INFO - Started process (PID=759) to work on /home/airflow/.local/lib/python3.6/site-packages/airflow/example_dags/example_xcomargs.py
[2021-10-13 05:02:03,291] {scheduler_job.py:629} INFO - Processing file /home/airflow/.local/lib/python3.6/site-packages/airflow/example_dags/example_xcomargs.py for tasks to queue
[2021-10-13 05:02:03,292] {logging_mixin.py:104} INFO - [2021-10-13 05:02:03,292] {dagbag.py:451} INFO - Filling up the DagBag from /home/airflow/.local/lib/python3.6/site-packages/airflow/example_dags/example_xcomargs.py
[2021-10-13 05:02:03,308] {scheduler_job.py:639} INFO - DAG(s) dict_keys(['example_xcom_args', 'example_xcom_args_with_operators']) retrieved from /home/airflow/.local/lib/python3.6/site-packages/airflow/example_dags/example_xcomargs.py
[2021-10-13 05:02:03,344] {logging_mixin.py:104} INFO - [2021-10-13 05:02:03,344] {dag.py:1824} INFO - Sync 2 DAGs
[2021-10-13 05:02:03,365] {logging_mixin.py:104} INFO - [2021-10-13 05:02:03,365] {dag.py:2280} INFO - Setting next_dagrun for example_xcom_args to None
[2021-10-13 05:02:03,366] {logging_mixin.py:104} INFO - [2021-10-13 05:02:03,366] {dag.py:2280} INFO - Setting next_dagrun for example_xcom_args_with_operators to None
[2021-10-13 05:02:03,383] {scheduler_job.py:190} INFO - Processing /home/airflow/.local/lib/python3.6/site-packages/airflow/example_dags/example_xcomargs.py took 0.097 seconds
[2021-10-13 05:02:33,566] {scheduler_job.py:182} INFO - Started process (PID=790) to work on /home/airflow/.local/lib/python3.6/site-packages/airflow/example_dags/example_xcomargs.py
[2021-10-13 05:02:33,568] {scheduler_job.py:629} INFO - Processing file /home/airflow/.local/lib/python3.6/site-packages/airflow/example_dags/example_xcomargs.py for tasks to queue
[2021-10-13 05:02:33,570] {logging_mixin.py:104} INFO - [2021-10-13 05:02:33,569] {dagbag.py:451} INFO - Filling up the DagBag from /home/airflow/.local/lib/python3.6/site-packages/airflow/example_dags/example_xcomargs.py
[2021-10-13 05:02:33,597] {scheduler_job.py:639} INFO - DAG(s) dict_keys(['example_xcom_args', 'example_xcom_args_with_operators']) retrieved from /home/airflow/.local/lib/python3.6/site-packages/airflow/example_dags/example_xcomargs.py
[2021-10-13 05:02:33,639] {logging_mixin.py:104} INFO - [2021-10-13 05:02:33,639] {dag.py:1824} INFO - Sync 2 DAGs
[2021-10-13 05:02:33,675] {logging_mixin.py:104} INFO - [2021-10-13 05:02:33,675] {dag.py:2280} INFO - Setting next_dagrun for example_xcom_args to None
[2021-10-13 05:02:33,677] {logging_mixin.py:104} INFO - [2021-10-13 05:02:33,677] {dag.py:2280} INFO - Setting next_dagrun for example_xcom_args_with_operators to None
[2021-10-13 05:02:33,705] {scheduler_job.py:190} INFO - Processing /home/airflow/.local/lib/python3.6/site-packages/airflow/example_dags/example_xcomargs.py took 0.144 seconds
[2021-10-13 05:03:04,375] {scheduler_job.py:182} INFO - Started process (PID=824) to work on /home/airflow/.local/lib/python3.6/site-packages/airflow/example_dags/example_xcomargs.py
[2021-10-13 05:03:04,376] {scheduler_job.py:629} INFO - Processing file /home/airflow/.local/lib/python3.6/site-packages/airflow/example_dags/example_xcomargs.py for tasks to queue
[2021-10-13 05:03:04,377] {logging_mixin.py:104} INFO - [2021-10-13 05:03:04,377] {dagbag.py:451} INFO - Filling up the DagBag from /home/airflow/.local/lib/python3.6/site-packages/airflow/example_dags/example_xcomargs.py
[2021-10-13 05:03:04,392] {scheduler_job.py:639} INFO - DAG(s) dict_keys(['example_xcom_args', 'example_xcom_args_with_operators']) retrieved from /home/airflow/.local/lib/python3.6/site-packages/airflow/example_dags/example_xcomargs.py
[2021-10-13 05:03:04,422] {logging_mixin.py:104} INFO - [2021-10-13 05:03:04,422] {dag.py:1824} INFO - Sync 2 DAGs
[2021-10-13 05:03:04,440] {logging_mixin.py:104} INFO - [2021-10-13 05:03:04,440] {dag.py:2280} INFO - Setting next_dagrun for example_xcom_args to None
[2021-10-13 05:03:04,441] {logging_mixin.py:104} INFO - [2021-10-13 05:03:04,441] {dag.py:2280} INFO - Setting next_dagrun for example_xcom_args_with_operators to None
[2021-10-13 05:03:04,459] {scheduler_job.py:190} INFO - Processing /home/airflow/.local/lib/python3.6/site-packages/airflow/example_dags/example_xcomargs.py took 0.087 seconds
[2021-10-13 05:03:34,906] {scheduler_job.py:182} INFO - Started process (PID=854) to work on /home/airflow/.local/lib/python3.6/site-packages/airflow/example_dags/example_xcomargs.py
[2021-10-13 05:03:34,911] {scheduler_job.py:629} INFO - Processing file /home/airflow/.local/lib/python3.6/site-packages/airflow/example_dags/example_xcomargs.py for tasks to queue
[2021-10-13 05:03:34,913] {logging_mixin.py:104} INFO - [2021-10-13 05:03:34,913] {dagbag.py:451} INFO - Filling up the DagBag from /home/airflow/.local/lib/python3.6/site-packages/airflow/example_dags/example_xcomargs.py
[2021-10-13 05:03:34,942] {scheduler_job.py:639} INFO - DAG(s) dict_keys(['example_xcom_args', 'example_xcom_args_with_operators']) retrieved from /home/airflow/.local/lib/python3.6/site-packages/airflow/example_dags/example_xcomargs.py
[2021-10-13 05:03:34,986] {logging_mixin.py:104} INFO - [2021-10-13 05:03:34,986] {dag.py:1824} INFO - Sync 2 DAGs
[2021-10-13 05:03:35,012] {logging_mixin.py:104} INFO - [2021-10-13 05:03:35,012] {dag.py:2280} INFO - Setting next_dagrun for example_xcom_args to None
[2021-10-13 05:03:35,013] {logging_mixin.py:104} INFO - [2021-10-13 05:03:35,013] {dag.py:2280} INFO - Setting next_dagrun for example_xcom_args_with_operators to None
[2021-10-13 05:03:35,037] {scheduler_job.py:190} INFO - Processing /home/airflow/.local/lib/python3.6/site-packages/airflow/example_dags/example_xcomargs.py took 0.138 seconds
[2021-10-13 05:04:05,103] {scheduler_job.py:182} INFO - Started process (PID=886) to work on /home/airflow/.local/lib/python3.6/site-packages/airflow/example_dags/example_xcomargs.py
[2021-10-13 05:04:05,105] {scheduler_job.py:629} INFO - Processing file /home/airflow/.local/lib/python3.6/site-packages/airflow/example_dags/example_xcomargs.py for tasks to queue
[2021-10-13 05:04:05,106] {logging_mixin.py:104} INFO - [2021-10-13 05:04:05,106] {dagbag.py:451} INFO - Filling up the DagBag from /home/airflow/.local/lib/python3.6/site-packages/airflow/example_dags/example_xcomargs.py
[2021-10-13 05:04:05,122] {scheduler_job.py:639} INFO - DAG(s) dict_keys(['example_xcom_args', 'example_xcom_args_with_operators']) retrieved from /home/airflow/.local/lib/python3.6/site-packages/airflow/example_dags/example_xcomargs.py
[2021-10-13 05:04:05,152] {logging_mixin.py:104} INFO - [2021-10-13 05:04:05,151] {dag.py:1824} INFO - Sync 2 DAGs
[2021-10-13 05:04:05,170] {logging_mixin.py:104} INFO - [2021-10-13 05:04:05,170] {dag.py:2280} INFO - Setting next_dagrun for example_xcom_args to None
[2021-10-13 05:04:05,172] {logging_mixin.py:104} INFO - [2021-10-13 05:04:05,172] {dag.py:2280} INFO - Setting next_dagrun for example_xcom_args_with_operators to None
[2021-10-13 05:04:05,187] {scheduler_job.py:190} INFO - Processing /home/airflow/.local/lib/python3.6/site-packages/airflow/example_dags/example_xcomargs.py took 0.087 seconds
[2021-10-13 05:04:36,122] {scheduler_job.py:182} INFO - Started process (PID=920) to work on /home/airflow/.local/lib/python3.6/site-packages/airflow/example_dags/example_xcomargs.py
[2021-10-13 05:04:36,123] {scheduler_job.py:629} INFO - Processing file /home/airflow/.local/lib/python3.6/site-packages/airflow/example_dags/example_xcomargs.py for tasks to queue
[2021-10-13 05:04:36,124] {logging_mixin.py:104} INFO - [2021-10-13 05:04:36,124] {dagbag.py:451} INFO - Filling up the DagBag from /home/airflow/.local/lib/python3.6/site-packages/airflow/example_dags/example_xcomargs.py
[2021-10-13 05:04:36,141] {scheduler_job.py:639} INFO - DAG(s) dict_keys(['example_xcom_args', 'example_xcom_args_with_operators']) retrieved from /home/airflow/.local/lib/python3.6/site-packages/airflow/example_dags/example_xcomargs.py
[2021-10-13 05:04:36,173] {logging_mixin.py:104} INFO - [2021-10-13 05:04:36,173] {dag.py:1824} INFO - Sync 2 DAGs
[2021-10-13 05:04:36,191] {logging_mixin.py:104} INFO - [2021-10-13 05:04:36,191] {dag.py:2280} INFO - Setting next_dagrun for example_xcom_args to None
[2021-10-13 05:04:36,192] {logging_mixin.py:104} INFO - [2021-10-13 05:04:36,192] {dag.py:2280} INFO - Setting next_dagrun for example_xcom_args_with_operators to None
[2021-10-13 05:04:36,211] {scheduler_job.py:190} INFO - Processing /home/airflow/.local/lib/python3.6/site-packages/airflow/example_dags/example_xcomargs.py took 0.093 seconds
[2021-10-13 05:05:06,444] {scheduler_job.py:182} INFO - Started process (PID=952) to work on /home/airflow/.local/lib/python3.6/site-packages/airflow/example_dags/example_xcomargs.py
[2021-10-13 05:05:06,446] {scheduler_job.py:629} INFO - Processing file /home/airflow/.local/lib/python3.6/site-packages/airflow/example_dags/example_xcomargs.py for tasks to queue
[2021-10-13 05:05:06,448] {logging_mixin.py:104} INFO - [2021-10-13 05:05:06,447] {dagbag.py:451} INFO - Filling up the DagBag from /home/airflow/.local/lib/python3.6/site-packages/airflow/example_dags/example_xcomargs.py
[2021-10-13 05:05:06,473] {scheduler_job.py:639} INFO - DAG(s) dict_keys(['example_xcom_args', 'example_xcom_args_with_operators']) retrieved from /home/airflow/.local/lib/python3.6/site-packages/airflow/example_dags/example_xcomargs.py
[2021-10-13 05:05:06,502] {logging_mixin.py:104} INFO - [2021-10-13 05:05:06,502] {dag.py:1824} INFO - Sync 2 DAGs
[2021-10-13 05:05:06,524] {logging_mixin.py:104} INFO - [2021-10-13 05:05:06,524] {dag.py:2280} INFO - Setting next_dagrun for example_xcom_args to None
[2021-10-13 05:05:06,526] {logging_mixin.py:104} INFO - [2021-10-13 05:05:06,526] {dag.py:2280} INFO - Setting next_dagrun for example_xcom_args_with_operators to None
[2021-10-13 05:05:06,543] {scheduler_job.py:190} INFO - Processing /home/airflow/.local/lib/python3.6/site-packages/airflow/example_dags/example_xcomargs.py took 0.103 seconds
[2021-10-13 05:05:36,839] {scheduler_job.py:182} INFO - Started process (PID=985) to work on /home/airflow/.local/lib/python3.6/site-packages/airflow/example_dags/example_xcomargs.py
[2021-10-13 05:05:36,841] {scheduler_job.py:629} INFO - Processing file /home/airflow/.local/lib/python3.6/site-packages/airflow/example_dags/example_xcomargs.py for tasks to queue
[2021-10-13 05:05:36,842] {logging_mixin.py:104} INFO - [2021-10-13 05:05:36,841] {dagbag.py:451} INFO - Filling up the DagBag from /home/airflow/.local/lib/python3.6/site-packages/airflow/example_dags/example_xcomargs.py
[2021-10-13 05:05:36,856] {scheduler_job.py:639} INFO - DAG(s) dict_keys(['example_xcom_args', 'example_xcom_args_with_operators']) retrieved from /home/airflow/.local/lib/python3.6/site-packages/airflow/example_dags/example_xcomargs.py
[2021-10-13 05:05:36,885] {logging_mixin.py:104} INFO - [2021-10-13 05:05:36,884] {dag.py:1824} INFO - Sync 2 DAGs
[2021-10-13 05:05:36,901] {logging_mixin.py:104} INFO - [2021-10-13 05:05:36,900] {dag.py:2280} INFO - Setting next_dagrun for example_xcom_args to None
[2021-10-13 05:05:36,902] {logging_mixin.py:104} INFO - [2021-10-13 05:05:36,902] {dag.py:2280} INFO - Setting next_dagrun for example_xcom_args_with_operators to None
[2021-10-13 05:05:36,916] {scheduler_job.py:190} INFO - Processing /home/airflow/.local/lib/python3.6/site-packages/airflow/example_dags/example_xcomargs.py took 0.080 seconds
