[2021-10-13 04:51:25,442] {scheduler_job.py:182} INFO - Started process (PID=55) to work on /home/airflow/.local/lib/python3.6/site-packages/airflow/example_dags/tutorial.py
[2021-10-13 04:51:25,444] {scheduler_job.py:629} INFO - Processing file /home/airflow/.local/lib/python3.6/site-packages/airflow/example_dags/tutorial.py for tasks to queue
[2021-10-13 04:51:25,450] {logging_mixin.py:104} INFO - [2021-10-13 04:51:25,450] {dagbag.py:451} INFO - Filling up the DagBag from /home/airflow/.local/lib/python3.6/site-packages/airflow/example_dags/tutorial.py
[2021-10-13 04:51:25,473] {scheduler_job.py:639} INFO - DAG(s) dict_keys(['tutorial']) retrieved from /home/airflow/.local/lib/python3.6/site-packages/airflow/example_dags/tutorial.py
[2021-10-13 04:51:25,518] {logging_mixin.py:104} INFO - [2021-10-13 04:51:25,518] {dag.py:1824} INFO - Sync 1 DAGs
[2021-10-13 04:51:25,550] {logging_mixin.py:104} INFO - [2021-10-13 04:51:25,549] {dag.py:2280} INFO - Setting next_dagrun for tutorial to 2021-10-11 00:00:00+00:00
[2021-10-13 04:51:25,569] {scheduler_job.py:190} INFO - Processing /home/airflow/.local/lib/python3.6/site-packages/airflow/example_dags/tutorial.py took 0.131 seconds
[2021-10-13 04:51:55,757] {scheduler_job.py:182} INFO - Started process (PID=88) to work on /home/airflow/.local/lib/python3.6/site-packages/airflow/example_dags/tutorial.py
[2021-10-13 04:51:55,758] {scheduler_job.py:629} INFO - Processing file /home/airflow/.local/lib/python3.6/site-packages/airflow/example_dags/tutorial.py for tasks to queue
[2021-10-13 04:51:55,759] {logging_mixin.py:104} INFO - [2021-10-13 04:51:55,759] {dagbag.py:451} INFO - Filling up the DagBag from /home/airflow/.local/lib/python3.6/site-packages/airflow/example_dags/tutorial.py
[2021-10-13 04:51:55,768] {scheduler_job.py:639} INFO - DAG(s) dict_keys(['tutorial']) retrieved from /home/airflow/.local/lib/python3.6/site-packages/airflow/example_dags/tutorial.py
[2021-10-13 04:51:55,789] {logging_mixin.py:104} INFO - [2021-10-13 04:51:55,789] {dag.py:1824} INFO - Sync 1 DAGs
[2021-10-13 04:51:55,807] {logging_mixin.py:104} INFO - [2021-10-13 04:51:55,807] {dag.py:2280} INFO - Setting next_dagrun for tutorial to 2021-10-11 00:00:00+00:00
[2021-10-13 04:51:55,823] {scheduler_job.py:190} INFO - Processing /home/airflow/.local/lib/python3.6/site-packages/airflow/example_dags/tutorial.py took 0.069 seconds
[2021-10-13 04:52:25,988] {scheduler_job.py:182} INFO - Started process (PID=121) to work on /home/airflow/.local/lib/python3.6/site-packages/airflow/example_dags/tutorial.py
[2021-10-13 04:52:25,990] {scheduler_job.py:629} INFO - Processing file /home/airflow/.local/lib/python3.6/site-packages/airflow/example_dags/tutorial.py for tasks to queue
[2021-10-13 04:52:25,991] {logging_mixin.py:104} INFO - [2021-10-13 04:52:25,991] {dagbag.py:451} INFO - Filling up the DagBag from /home/airflow/.local/lib/python3.6/site-packages/airflow/example_dags/tutorial.py
[2021-10-13 04:52:26,004] {scheduler_job.py:639} INFO - DAG(s) dict_keys(['tutorial']) retrieved from /home/airflow/.local/lib/python3.6/site-packages/airflow/example_dags/tutorial.py
[2021-10-13 04:52:26,031] {logging_mixin.py:104} INFO - [2021-10-13 04:52:26,031] {dag.py:1824} INFO - Sync 1 DAGs
[2021-10-13 04:52:26,053] {logging_mixin.py:104} INFO - [2021-10-13 04:52:26,053] {dag.py:2280} INFO - Setting next_dagrun for tutorial to 2021-10-11 00:00:00+00:00
[2021-10-13 04:52:26,074] {scheduler_job.py:190} INFO - Processing /home/airflow/.local/lib/python3.6/site-packages/airflow/example_dags/tutorial.py took 0.089 seconds
[2021-10-13 04:52:56,484] {scheduler_job.py:182} INFO - Started process (PID=155) to work on /home/airflow/.local/lib/python3.6/site-packages/airflow/example_dags/tutorial.py
[2021-10-13 04:52:56,486] {scheduler_job.py:629} INFO - Processing file /home/airflow/.local/lib/python3.6/site-packages/airflow/example_dags/tutorial.py for tasks to queue
[2021-10-13 04:52:56,487] {logging_mixin.py:104} INFO - [2021-10-13 04:52:56,487] {dagbag.py:451} INFO - Filling up the DagBag from /home/airflow/.local/lib/python3.6/site-packages/airflow/example_dags/tutorial.py
[2021-10-13 04:52:56,499] {scheduler_job.py:639} INFO - DAG(s) dict_keys(['tutorial']) retrieved from /home/airflow/.local/lib/python3.6/site-packages/airflow/example_dags/tutorial.py
[2021-10-13 04:52:56,524] {logging_mixin.py:104} INFO - [2021-10-13 04:52:56,524] {dag.py:1824} INFO - Sync 1 DAGs
[2021-10-13 04:52:56,544] {logging_mixin.py:104} INFO - [2021-10-13 04:52:56,544] {dag.py:2280} INFO - Setting next_dagrun for tutorial to 2021-10-11 00:00:00+00:00
[2021-10-13 04:52:56,556] {scheduler_job.py:190} INFO - Processing /home/airflow/.local/lib/python3.6/site-packages/airflow/example_dags/tutorial.py took 0.075 seconds
[2021-10-13 04:53:26,933] {scheduler_job.py:182} INFO - Started process (PID=190) to work on /home/airflow/.local/lib/python3.6/site-packages/airflow/example_dags/tutorial.py
[2021-10-13 04:53:26,938] {scheduler_job.py:629} INFO - Processing file /home/airflow/.local/lib/python3.6/site-packages/airflow/example_dags/tutorial.py for tasks to queue
[2021-10-13 04:53:26,939] {logging_mixin.py:104} INFO - [2021-10-13 04:53:26,939] {dagbag.py:451} INFO - Filling up the DagBag from /home/airflow/.local/lib/python3.6/site-packages/airflow/example_dags/tutorial.py
[2021-10-13 04:53:26,949] {scheduler_job.py:639} INFO - DAG(s) dict_keys(['tutorial']) retrieved from /home/airflow/.local/lib/python3.6/site-packages/airflow/example_dags/tutorial.py
[2021-10-13 04:53:26,968] {logging_mixin.py:104} INFO - [2021-10-13 04:53:26,968] {dag.py:1824} INFO - Sync 1 DAGs
[2021-10-13 04:53:26,985] {logging_mixin.py:104} INFO - [2021-10-13 04:53:26,985] {dag.py:2280} INFO - Setting next_dagrun for tutorial to 2021-10-11 00:00:00+00:00
[2021-10-13 04:53:27,000] {scheduler_job.py:190} INFO - Processing /home/airflow/.local/lib/python3.6/site-packages/airflow/example_dags/tutorial.py took 0.071 seconds
[2021-10-13 04:53:57,191] {scheduler_job.py:182} INFO - Started process (PID=221) to work on /home/airflow/.local/lib/python3.6/site-packages/airflow/example_dags/tutorial.py
[2021-10-13 04:53:57,194] {scheduler_job.py:629} INFO - Processing file /home/airflow/.local/lib/python3.6/site-packages/airflow/example_dags/tutorial.py for tasks to queue
[2021-10-13 04:53:57,195] {logging_mixin.py:104} INFO - [2021-10-13 04:53:57,194] {dagbag.py:451} INFO - Filling up the DagBag from /home/airflow/.local/lib/python3.6/site-packages/airflow/example_dags/tutorial.py
[2021-10-13 04:53:57,208] {scheduler_job.py:639} INFO - DAG(s) dict_keys(['tutorial']) retrieved from /home/airflow/.local/lib/python3.6/site-packages/airflow/example_dags/tutorial.py
[2021-10-13 04:53:57,230] {logging_mixin.py:104} INFO - [2021-10-13 04:53:57,230] {dag.py:1824} INFO - Sync 1 DAGs
[2021-10-13 04:53:57,250] {logging_mixin.py:104} INFO - [2021-10-13 04:53:57,250] {dag.py:2280} INFO - Setting next_dagrun for tutorial to 2021-10-11 00:00:00+00:00
[2021-10-13 04:53:57,263] {scheduler_job.py:190} INFO - Processing /home/airflow/.local/lib/python3.6/site-packages/airflow/example_dags/tutorial.py took 0.075 seconds
[2021-10-13 04:54:27,460] {scheduler_job.py:182} INFO - Started process (PID=257) to work on /home/airflow/.local/lib/python3.6/site-packages/airflow/example_dags/tutorial.py
[2021-10-13 04:54:27,461] {scheduler_job.py:629} INFO - Processing file /home/airflow/.local/lib/python3.6/site-packages/airflow/example_dags/tutorial.py for tasks to queue
[2021-10-13 04:54:27,462] {logging_mixin.py:104} INFO - [2021-10-13 04:54:27,462] {dagbag.py:451} INFO - Filling up the DagBag from /home/airflow/.local/lib/python3.6/site-packages/airflow/example_dags/tutorial.py
[2021-10-13 04:54:27,474] {scheduler_job.py:639} INFO - DAG(s) dict_keys(['tutorial']) retrieved from /home/airflow/.local/lib/python3.6/site-packages/airflow/example_dags/tutorial.py
[2021-10-13 04:54:27,506] {logging_mixin.py:104} INFO - [2021-10-13 04:54:27,506] {dag.py:1824} INFO - Sync 1 DAGs
[2021-10-13 04:54:27,523] {logging_mixin.py:104} INFO - [2021-10-13 04:54:27,523] {dag.py:2280} INFO - Setting next_dagrun for tutorial to 2021-10-11 00:00:00+00:00
[2021-10-13 04:54:27,537] {scheduler_job.py:190} INFO - Processing /home/airflow/.local/lib/python3.6/site-packages/airflow/example_dags/tutorial.py took 0.081 seconds
[2021-10-13 04:54:57,827] {scheduler_job.py:182} INFO - Started process (PID=288) to work on /home/airflow/.local/lib/python3.6/site-packages/airflow/example_dags/tutorial.py
[2021-10-13 04:54:57,829] {scheduler_job.py:629} INFO - Processing file /home/airflow/.local/lib/python3.6/site-packages/airflow/example_dags/tutorial.py for tasks to queue
[2021-10-13 04:54:57,830] {logging_mixin.py:104} INFO - [2021-10-13 04:54:57,829] {dagbag.py:451} INFO - Filling up the DagBag from /home/airflow/.local/lib/python3.6/site-packages/airflow/example_dags/tutorial.py
[2021-10-13 04:54:57,851] {scheduler_job.py:639} INFO - DAG(s) dict_keys(['tutorial']) retrieved from /home/airflow/.local/lib/python3.6/site-packages/airflow/example_dags/tutorial.py
[2021-10-13 04:54:57,889] {logging_mixin.py:104} INFO - [2021-10-13 04:54:57,889] {dag.py:1824} INFO - Sync 1 DAGs
[2021-10-13 04:54:57,905] {logging_mixin.py:104} INFO - [2021-10-13 04:54:57,905] {dag.py:2280} INFO - Setting next_dagrun for tutorial to 2021-10-11 00:00:00+00:00
[2021-10-13 04:54:57,921] {scheduler_job.py:190} INFO - Processing /home/airflow/.local/lib/python3.6/site-packages/airflow/example_dags/tutorial.py took 0.097 seconds
[2021-10-13 04:55:28,088] {scheduler_job.py:182} INFO - Started process (PID=320) to work on /home/airflow/.local/lib/python3.6/site-packages/airflow/example_dags/tutorial.py
[2021-10-13 04:55:28,089] {scheduler_job.py:629} INFO - Processing file /home/airflow/.local/lib/python3.6/site-packages/airflow/example_dags/tutorial.py for tasks to queue
[2021-10-13 04:55:28,090] {logging_mixin.py:104} INFO - [2021-10-13 04:55:28,090] {dagbag.py:451} INFO - Filling up the DagBag from /home/airflow/.local/lib/python3.6/site-packages/airflow/example_dags/tutorial.py
[2021-10-13 04:55:28,100] {scheduler_job.py:639} INFO - DAG(s) dict_keys(['tutorial']) retrieved from /home/airflow/.local/lib/python3.6/site-packages/airflow/example_dags/tutorial.py
[2021-10-13 04:55:28,123] {logging_mixin.py:104} INFO - [2021-10-13 04:55:28,123] {dag.py:1824} INFO - Sync 1 DAGs
[2021-10-13 04:55:28,139] {logging_mixin.py:104} INFO - [2021-10-13 04:55:28,139] {dag.py:2280} INFO - Setting next_dagrun for tutorial to 2021-10-11 00:00:00+00:00
[2021-10-13 04:55:28,152] {scheduler_job.py:190} INFO - Processing /home/airflow/.local/lib/python3.6/site-packages/airflow/example_dags/tutorial.py took 0.068 seconds
[2021-10-13 04:55:58,297] {scheduler_job.py:182} INFO - Started process (PID=353) to work on /home/airflow/.local/lib/python3.6/site-packages/airflow/example_dags/tutorial.py
[2021-10-13 04:55:58,298] {scheduler_job.py:629} INFO - Processing file /home/airflow/.local/lib/python3.6/site-packages/airflow/example_dags/tutorial.py for tasks to queue
[2021-10-13 04:55:58,299] {logging_mixin.py:104} INFO - [2021-10-13 04:55:58,299] {dagbag.py:451} INFO - Filling up the DagBag from /home/airflow/.local/lib/python3.6/site-packages/airflow/example_dags/tutorial.py
[2021-10-13 04:55:58,310] {scheduler_job.py:639} INFO - DAG(s) dict_keys(['tutorial']) retrieved from /home/airflow/.local/lib/python3.6/site-packages/airflow/example_dags/tutorial.py
[2021-10-13 04:55:58,335] {logging_mixin.py:104} INFO - [2021-10-13 04:55:58,335] {dag.py:1824} INFO - Sync 1 DAGs
[2021-10-13 04:55:58,351] {logging_mixin.py:104} INFO - [2021-10-13 04:55:58,351] {dag.py:2280} INFO - Setting next_dagrun for tutorial to 2021-10-11 00:00:00+00:00
[2021-10-13 04:55:58,365] {scheduler_job.py:190} INFO - Processing /home/airflow/.local/lib/python3.6/site-packages/airflow/example_dags/tutorial.py took 0.071 seconds
[2021-10-13 04:56:28,755] {scheduler_job.py:182} INFO - Started process (PID=387) to work on /home/airflow/.local/lib/python3.6/site-packages/airflow/example_dags/tutorial.py
[2021-10-13 04:56:28,757] {scheduler_job.py:629} INFO - Processing file /home/airflow/.local/lib/python3.6/site-packages/airflow/example_dags/tutorial.py for tasks to queue
[2021-10-13 04:56:28,758] {logging_mixin.py:104} INFO - [2021-10-13 04:56:28,758] {dagbag.py:451} INFO - Filling up the DagBag from /home/airflow/.local/lib/python3.6/site-packages/airflow/example_dags/tutorial.py
[2021-10-13 04:56:28,775] {scheduler_job.py:639} INFO - DAG(s) dict_keys(['tutorial']) retrieved from /home/airflow/.local/lib/python3.6/site-packages/airflow/example_dags/tutorial.py
[2021-10-13 04:56:28,804] {logging_mixin.py:104} INFO - [2021-10-13 04:56:28,804] {dag.py:1824} INFO - Sync 1 DAGs
[2021-10-13 04:56:28,824] {logging_mixin.py:104} INFO - [2021-10-13 04:56:28,824] {dag.py:2280} INFO - Setting next_dagrun for tutorial to 2021-10-11 00:00:00+00:00
[2021-10-13 04:56:28,840] {scheduler_job.py:190} INFO - Processing /home/airflow/.local/lib/python3.6/site-packages/airflow/example_dags/tutorial.py took 0.089 seconds
[2021-10-13 04:56:59,255] {scheduler_job.py:182} INFO - Started process (PID=421) to work on /home/airflow/.local/lib/python3.6/site-packages/airflow/example_dags/tutorial.py
[2021-10-13 04:56:59,257] {scheduler_job.py:629} INFO - Processing file /home/airflow/.local/lib/python3.6/site-packages/airflow/example_dags/tutorial.py for tasks to queue
[2021-10-13 04:56:59,258] {logging_mixin.py:104} INFO - [2021-10-13 04:56:59,258] {dagbag.py:451} INFO - Filling up the DagBag from /home/airflow/.local/lib/python3.6/site-packages/airflow/example_dags/tutorial.py
[2021-10-13 04:56:59,276] {scheduler_job.py:639} INFO - DAG(s) dict_keys(['tutorial']) retrieved from /home/airflow/.local/lib/python3.6/site-packages/airflow/example_dags/tutorial.py
[2021-10-13 04:56:59,302] {logging_mixin.py:104} INFO - [2021-10-13 04:56:59,302] {dag.py:1824} INFO - Sync 1 DAGs
[2021-10-13 04:56:59,322] {logging_mixin.py:104} INFO - [2021-10-13 04:56:59,322] {dag.py:2280} INFO - Setting next_dagrun for tutorial to 2021-10-11 00:00:00+00:00
[2021-10-13 04:56:59,338] {scheduler_job.py:190} INFO - Processing /home/airflow/.local/lib/python3.6/site-packages/airflow/example_dags/tutorial.py took 0.087 seconds
[2021-10-13 04:57:29,523] {scheduler_job.py:182} INFO - Started process (PID=453) to work on /home/airflow/.local/lib/python3.6/site-packages/airflow/example_dags/tutorial.py
[2021-10-13 04:57:29,525] {scheduler_job.py:629} INFO - Processing file /home/airflow/.local/lib/python3.6/site-packages/airflow/example_dags/tutorial.py for tasks to queue
[2021-10-13 04:57:29,526] {logging_mixin.py:104} INFO - [2021-10-13 04:57:29,525] {dagbag.py:451} INFO - Filling up the DagBag from /home/airflow/.local/lib/python3.6/site-packages/airflow/example_dags/tutorial.py
[2021-10-13 04:57:29,541] {scheduler_job.py:639} INFO - DAG(s) dict_keys(['tutorial']) retrieved from /home/airflow/.local/lib/python3.6/site-packages/airflow/example_dags/tutorial.py
[2021-10-13 04:57:29,570] {logging_mixin.py:104} INFO - [2021-10-13 04:57:29,570] {dag.py:1824} INFO - Sync 1 DAGs
[2021-10-13 04:57:29,591] {logging_mixin.py:104} INFO - [2021-10-13 04:57:29,590] {dag.py:2280} INFO - Setting next_dagrun for tutorial to 2021-10-11 00:00:00+00:00
[2021-10-13 04:57:29,605] {scheduler_job.py:190} INFO - Processing /home/airflow/.local/lib/python3.6/site-packages/airflow/example_dags/tutorial.py took 0.086 seconds
[2021-10-13 04:57:59,835] {scheduler_job.py:182} INFO - Started process (PID=486) to work on /home/airflow/.local/lib/python3.6/site-packages/airflow/example_dags/tutorial.py
[2021-10-13 04:57:59,837] {scheduler_job.py:629} INFO - Processing file /home/airflow/.local/lib/python3.6/site-packages/airflow/example_dags/tutorial.py for tasks to queue
[2021-10-13 04:57:59,838] {logging_mixin.py:104} INFO - [2021-10-13 04:57:59,838] {dagbag.py:451} INFO - Filling up the DagBag from /home/airflow/.local/lib/python3.6/site-packages/airflow/example_dags/tutorial.py
[2021-10-13 04:57:59,854] {scheduler_job.py:639} INFO - DAG(s) dict_keys(['tutorial']) retrieved from /home/airflow/.local/lib/python3.6/site-packages/airflow/example_dags/tutorial.py
[2021-10-13 04:57:59,879] {logging_mixin.py:104} INFO - [2021-10-13 04:57:59,878] {dag.py:1824} INFO - Sync 1 DAGs
[2021-10-13 04:57:59,900] {logging_mixin.py:104} INFO - [2021-10-13 04:57:59,899] {dag.py:2280} INFO - Setting next_dagrun for tutorial to 2021-10-11 00:00:00+00:00
[2021-10-13 04:57:59,916] {scheduler_job.py:190} INFO - Processing /home/airflow/.local/lib/python3.6/site-packages/airflow/example_dags/tutorial.py took 0.084 seconds
[2021-10-13 04:58:30,368] {scheduler_job.py:182} INFO - Started process (PID=521) to work on /home/airflow/.local/lib/python3.6/site-packages/airflow/example_dags/tutorial.py
[2021-10-13 04:58:30,378] {scheduler_job.py:629} INFO - Processing file /home/airflow/.local/lib/python3.6/site-packages/airflow/example_dags/tutorial.py for tasks to queue
[2021-10-13 04:58:30,380] {logging_mixin.py:104} INFO - [2021-10-13 04:58:30,380] {dagbag.py:451} INFO - Filling up the DagBag from /home/airflow/.local/lib/python3.6/site-packages/airflow/example_dags/tutorial.py
[2021-10-13 04:58:30,397] {scheduler_job.py:639} INFO - DAG(s) dict_keys(['tutorial']) retrieved from /home/airflow/.local/lib/python3.6/site-packages/airflow/example_dags/tutorial.py
[2021-10-13 04:58:30,429] {logging_mixin.py:104} INFO - [2021-10-13 04:58:30,429] {dag.py:1824} INFO - Sync 1 DAGs
[2021-10-13 04:58:30,450] {logging_mixin.py:104} INFO - [2021-10-13 04:58:30,449] {dag.py:2280} INFO - Setting next_dagrun for tutorial to 2021-10-11 00:00:00+00:00
[2021-10-13 04:58:30,465] {scheduler_job.py:190} INFO - Processing /home/airflow/.local/lib/python3.6/site-packages/airflow/example_dags/tutorial.py took 0.101 seconds
[2021-10-13 04:59:01,561] {scheduler_job.py:182} INFO - Started process (PID=555) to work on /home/airflow/.local/lib/python3.6/site-packages/airflow/example_dags/tutorial.py
[2021-10-13 04:59:01,563] {scheduler_job.py:629} INFO - Processing file /home/airflow/.local/lib/python3.6/site-packages/airflow/example_dags/tutorial.py for tasks to queue
[2021-10-13 04:59:01,563] {logging_mixin.py:104} INFO - [2021-10-13 04:59:01,563] {dagbag.py:451} INFO - Filling up the DagBag from /home/airflow/.local/lib/python3.6/site-packages/airflow/example_dags/tutorial.py
[2021-10-13 04:59:01,573] {scheduler_job.py:639} INFO - DAG(s) dict_keys(['tutorial']) retrieved from /home/airflow/.local/lib/python3.6/site-packages/airflow/example_dags/tutorial.py
[2021-10-13 04:59:01,595] {logging_mixin.py:104} INFO - [2021-10-13 04:59:01,594] {dag.py:1824} INFO - Sync 1 DAGs
[2021-10-13 04:59:01,616] {logging_mixin.py:104} INFO - [2021-10-13 04:59:01,616] {dag.py:2280} INFO - Setting next_dagrun for tutorial to 2021-10-11 00:00:00+00:00
[2021-10-13 04:59:01,632] {scheduler_job.py:190} INFO - Processing /home/airflow/.local/lib/python3.6/site-packages/airflow/example_dags/tutorial.py took 0.074 seconds
[2021-10-13 04:59:31,961] {scheduler_job.py:182} INFO - Started process (PID=589) to work on /home/airflow/.local/lib/python3.6/site-packages/airflow/example_dags/tutorial.py
[2021-10-13 04:59:31,963] {scheduler_job.py:629} INFO - Processing file /home/airflow/.local/lib/python3.6/site-packages/airflow/example_dags/tutorial.py for tasks to queue
[2021-10-13 04:59:31,964] {logging_mixin.py:104} INFO - [2021-10-13 04:59:31,964] {dagbag.py:451} INFO - Filling up the DagBag from /home/airflow/.local/lib/python3.6/site-packages/airflow/example_dags/tutorial.py
[2021-10-13 04:59:31,976] {scheduler_job.py:639} INFO - DAG(s) dict_keys(['tutorial']) retrieved from /home/airflow/.local/lib/python3.6/site-packages/airflow/example_dags/tutorial.py
[2021-10-13 04:59:32,003] {logging_mixin.py:104} INFO - [2021-10-13 04:59:32,003] {dag.py:1824} INFO - Sync 1 DAGs
[2021-10-13 04:59:32,021] {logging_mixin.py:104} INFO - [2021-10-13 04:59:32,021] {dag.py:2280} INFO - Setting next_dagrun for tutorial to 2021-10-11 00:00:00+00:00
[2021-10-13 04:59:32,034] {scheduler_job.py:190} INFO - Processing /home/airflow/.local/lib/python3.6/site-packages/airflow/example_dags/tutorial.py took 0.076 seconds
[2021-10-13 05:00:02,396] {scheduler_job.py:182} INFO - Started process (PID=627) to work on /home/airflow/.local/lib/python3.6/site-packages/airflow/example_dags/tutorial.py
[2021-10-13 05:00:02,398] {scheduler_job.py:629} INFO - Processing file /home/airflow/.local/lib/python3.6/site-packages/airflow/example_dags/tutorial.py for tasks to queue
[2021-10-13 05:00:02,399] {logging_mixin.py:104} INFO - [2021-10-13 05:00:02,399] {dagbag.py:451} INFO - Filling up the DagBag from /home/airflow/.local/lib/python3.6/site-packages/airflow/example_dags/tutorial.py
[2021-10-13 05:00:02,410] {scheduler_job.py:639} INFO - DAG(s) dict_keys(['tutorial']) retrieved from /home/airflow/.local/lib/python3.6/site-packages/airflow/example_dags/tutorial.py
[2021-10-13 05:00:02,435] {logging_mixin.py:104} INFO - [2021-10-13 05:00:02,435] {dag.py:1824} INFO - Sync 1 DAGs
[2021-10-13 05:00:02,453] {logging_mixin.py:104} INFO - [2021-10-13 05:00:02,453] {dag.py:2280} INFO - Setting next_dagrun for tutorial to 2021-10-11 00:00:00+00:00
[2021-10-13 05:00:02,469] {scheduler_job.py:190} INFO - Processing /home/airflow/.local/lib/python3.6/site-packages/airflow/example_dags/tutorial.py took 0.076 seconds
[2021-10-13 05:00:32,870] {scheduler_job.py:182} INFO - Started process (PID=661) to work on /home/airflow/.local/lib/python3.6/site-packages/airflow/example_dags/tutorial.py
[2021-10-13 05:00:32,871] {scheduler_job.py:629} INFO - Processing file /home/airflow/.local/lib/python3.6/site-packages/airflow/example_dags/tutorial.py for tasks to queue
[2021-10-13 05:00:32,872] {logging_mixin.py:104} INFO - [2021-10-13 05:00:32,872] {dagbag.py:451} INFO - Filling up the DagBag from /home/airflow/.local/lib/python3.6/site-packages/airflow/example_dags/tutorial.py
[2021-10-13 05:00:32,882] {scheduler_job.py:639} INFO - DAG(s) dict_keys(['tutorial']) retrieved from /home/airflow/.local/lib/python3.6/site-packages/airflow/example_dags/tutorial.py
[2021-10-13 05:00:32,906] {logging_mixin.py:104} INFO - [2021-10-13 05:00:32,906] {dag.py:1824} INFO - Sync 1 DAGs
[2021-10-13 05:00:32,924] {logging_mixin.py:104} INFO - [2021-10-13 05:00:32,923] {dag.py:2280} INFO - Setting next_dagrun for tutorial to 2021-10-11 00:00:00+00:00
[2021-10-13 05:00:32,937] {scheduler_job.py:190} INFO - Processing /home/airflow/.local/lib/python3.6/site-packages/airflow/example_dags/tutorial.py took 0.070 seconds
[2021-10-13 05:01:03,068] {scheduler_job.py:182} INFO - Started process (PID=694) to work on /home/airflow/.local/lib/python3.6/site-packages/airflow/example_dags/tutorial.py
[2021-10-13 05:01:03,069] {scheduler_job.py:629} INFO - Processing file /home/airflow/.local/lib/python3.6/site-packages/airflow/example_dags/tutorial.py for tasks to queue
[2021-10-13 05:01:03,069] {logging_mixin.py:104} INFO - [2021-10-13 05:01:03,069] {dagbag.py:451} INFO - Filling up the DagBag from /home/airflow/.local/lib/python3.6/site-packages/airflow/example_dags/tutorial.py
[2021-10-13 05:01:03,079] {scheduler_job.py:639} INFO - DAG(s) dict_keys(['tutorial']) retrieved from /home/airflow/.local/lib/python3.6/site-packages/airflow/example_dags/tutorial.py
[2021-10-13 05:01:03,100] {logging_mixin.py:104} INFO - [2021-10-13 05:01:03,100] {dag.py:1824} INFO - Sync 1 DAGs
[2021-10-13 05:01:03,117] {logging_mixin.py:104} INFO - [2021-10-13 05:01:03,117] {dag.py:2280} INFO - Setting next_dagrun for tutorial to 2021-10-11 00:00:00+00:00
[2021-10-13 05:01:03,131] {scheduler_job.py:190} INFO - Processing /home/airflow/.local/lib/python3.6/site-packages/airflow/example_dags/tutorial.py took 0.067 seconds
[2021-10-13 05:01:33,378] {scheduler_job.py:182} INFO - Started process (PID=732) to work on /home/airflow/.local/lib/python3.6/site-packages/airflow/example_dags/tutorial.py
[2021-10-13 05:01:33,379] {scheduler_job.py:629} INFO - Processing file /home/airflow/.local/lib/python3.6/site-packages/airflow/example_dags/tutorial.py for tasks to queue
[2021-10-13 05:01:33,380] {logging_mixin.py:104} INFO - [2021-10-13 05:01:33,380] {dagbag.py:451} INFO - Filling up the DagBag from /home/airflow/.local/lib/python3.6/site-packages/airflow/example_dags/tutorial.py
[2021-10-13 05:01:33,392] {scheduler_job.py:639} INFO - DAG(s) dict_keys(['tutorial']) retrieved from /home/airflow/.local/lib/python3.6/site-packages/airflow/example_dags/tutorial.py
[2021-10-13 05:01:33,416] {logging_mixin.py:104} INFO - [2021-10-13 05:01:33,416] {dag.py:1824} INFO - Sync 1 DAGs
[2021-10-13 05:01:33,434] {logging_mixin.py:104} INFO - [2021-10-13 05:01:33,434] {dag.py:2280} INFO - Setting next_dagrun for tutorial to 2021-10-11 00:00:00+00:00
[2021-10-13 05:01:33,447] {scheduler_job.py:190} INFO - Processing /home/airflow/.local/lib/python3.6/site-packages/airflow/example_dags/tutorial.py took 0.074 seconds
[2021-10-13 05:02:03,641] {scheduler_job.py:182} INFO - Started process (PID=765) to work on /home/airflow/.local/lib/python3.6/site-packages/airflow/example_dags/tutorial.py
[2021-10-13 05:02:03,643] {scheduler_job.py:629} INFO - Processing file /home/airflow/.local/lib/python3.6/site-packages/airflow/example_dags/tutorial.py for tasks to queue
[2021-10-13 05:02:03,645] {logging_mixin.py:104} INFO - [2021-10-13 05:02:03,645] {dagbag.py:451} INFO - Filling up the DagBag from /home/airflow/.local/lib/python3.6/site-packages/airflow/example_dags/tutorial.py
[2021-10-13 05:02:03,655] {scheduler_job.py:639} INFO - DAG(s) dict_keys(['tutorial']) retrieved from /home/airflow/.local/lib/python3.6/site-packages/airflow/example_dags/tutorial.py
[2021-10-13 05:02:03,678] {logging_mixin.py:104} INFO - [2021-10-13 05:02:03,678] {dag.py:1824} INFO - Sync 1 DAGs
[2021-10-13 05:02:03,695] {logging_mixin.py:104} INFO - [2021-10-13 05:02:03,694] {dag.py:2280} INFO - Setting next_dagrun for tutorial to 2021-10-11 00:00:00+00:00
[2021-10-13 05:02:03,709] {scheduler_job.py:190} INFO - Processing /home/airflow/.local/lib/python3.6/site-packages/airflow/example_dags/tutorial.py took 0.071 seconds
[2021-10-13 05:02:33,835] {scheduler_job.py:182} INFO - Started process (PID=794) to work on /home/airflow/.local/lib/python3.6/site-packages/airflow/example_dags/tutorial.py
[2021-10-13 05:02:33,837] {scheduler_job.py:629} INFO - Processing file /home/airflow/.local/lib/python3.6/site-packages/airflow/example_dags/tutorial.py for tasks to queue
[2021-10-13 05:02:33,838] {logging_mixin.py:104} INFO - [2021-10-13 05:02:33,837] {dagbag.py:451} INFO - Filling up the DagBag from /home/airflow/.local/lib/python3.6/site-packages/airflow/example_dags/tutorial.py
[2021-10-13 05:02:33,848] {scheduler_job.py:639} INFO - DAG(s) dict_keys(['tutorial']) retrieved from /home/airflow/.local/lib/python3.6/site-packages/airflow/example_dags/tutorial.py
[2021-10-13 05:02:33,869] {logging_mixin.py:104} INFO - [2021-10-13 05:02:33,869] {dag.py:1824} INFO - Sync 1 DAGs
[2021-10-13 05:02:33,887] {logging_mixin.py:104} INFO - [2021-10-13 05:02:33,887] {dag.py:2280} INFO - Setting next_dagrun for tutorial to 2021-10-11 00:00:00+00:00
[2021-10-13 05:02:33,903] {scheduler_job.py:190} INFO - Processing /home/airflow/.local/lib/python3.6/site-packages/airflow/example_dags/tutorial.py took 0.071 seconds
[2021-10-13 05:03:04,525] {scheduler_job.py:182} INFO - Started process (PID=827) to work on /home/airflow/.local/lib/python3.6/site-packages/airflow/example_dags/tutorial.py
[2021-10-13 05:03:04,526] {scheduler_job.py:629} INFO - Processing file /home/airflow/.local/lib/python3.6/site-packages/airflow/example_dags/tutorial.py for tasks to queue
[2021-10-13 05:03:04,527] {logging_mixin.py:104} INFO - [2021-10-13 05:03:04,527] {dagbag.py:451} INFO - Filling up the DagBag from /home/airflow/.local/lib/python3.6/site-packages/airflow/example_dags/tutorial.py
[2021-10-13 05:03:04,538] {scheduler_job.py:639} INFO - DAG(s) dict_keys(['tutorial']) retrieved from /home/airflow/.local/lib/python3.6/site-packages/airflow/example_dags/tutorial.py
[2021-10-13 05:03:04,563] {logging_mixin.py:104} INFO - [2021-10-13 05:03:04,563] {dag.py:1824} INFO - Sync 1 DAGs
[2021-10-13 05:03:04,582] {logging_mixin.py:104} INFO - [2021-10-13 05:03:04,582] {dag.py:2280} INFO - Setting next_dagrun for tutorial to 2021-10-11 00:00:00+00:00
[2021-10-13 05:03:04,597] {scheduler_job.py:190} INFO - Processing /home/airflow/.local/lib/python3.6/site-packages/airflow/example_dags/tutorial.py took 0.076 seconds
[2021-10-13 05:03:35,332] {scheduler_job.py:182} INFO - Started process (PID=860) to work on /home/airflow/.local/lib/python3.6/site-packages/airflow/example_dags/tutorial.py
[2021-10-13 05:03:35,334] {scheduler_job.py:629} INFO - Processing file /home/airflow/.local/lib/python3.6/site-packages/airflow/example_dags/tutorial.py for tasks to queue
[2021-10-13 05:03:35,335] {logging_mixin.py:104} INFO - [2021-10-13 05:03:35,335] {dagbag.py:451} INFO - Filling up the DagBag from /home/airflow/.local/lib/python3.6/site-packages/airflow/example_dags/tutorial.py
[2021-10-13 05:03:35,345] {scheduler_job.py:639} INFO - DAG(s) dict_keys(['tutorial']) retrieved from /home/airflow/.local/lib/python3.6/site-packages/airflow/example_dags/tutorial.py
[2021-10-13 05:03:35,368] {logging_mixin.py:104} INFO - [2021-10-13 05:03:35,368] {dag.py:1824} INFO - Sync 1 DAGs
[2021-10-13 05:03:35,385] {logging_mixin.py:104} INFO - [2021-10-13 05:03:35,385] {dag.py:2280} INFO - Setting next_dagrun for tutorial to 2021-10-11 00:00:00+00:00
[2021-10-13 05:03:35,398] {scheduler_job.py:190} INFO - Processing /home/airflow/.local/lib/python3.6/site-packages/airflow/example_dags/tutorial.py took 0.068 seconds
[2021-10-13 05:04:05,474] {scheduler_job.py:182} INFO - Started process (PID=893) to work on /home/airflow/.local/lib/python3.6/site-packages/airflow/example_dags/tutorial.py
[2021-10-13 05:04:05,475] {scheduler_job.py:629} INFO - Processing file /home/airflow/.local/lib/python3.6/site-packages/airflow/example_dags/tutorial.py for tasks to queue
[2021-10-13 05:04:05,476] {logging_mixin.py:104} INFO - [2021-10-13 05:04:05,476] {dagbag.py:451} INFO - Filling up the DagBag from /home/airflow/.local/lib/python3.6/site-packages/airflow/example_dags/tutorial.py
[2021-10-13 05:04:05,485] {scheduler_job.py:639} INFO - DAG(s) dict_keys(['tutorial']) retrieved from /home/airflow/.local/lib/python3.6/site-packages/airflow/example_dags/tutorial.py
[2021-10-13 05:04:05,510] {logging_mixin.py:104} INFO - [2021-10-13 05:04:05,509] {dag.py:1824} INFO - Sync 1 DAGs
[2021-10-13 05:04:05,526] {logging_mixin.py:104} INFO - [2021-10-13 05:04:05,526] {dag.py:2280} INFO - Setting next_dagrun for tutorial to 2021-10-11 00:00:00+00:00
[2021-10-13 05:04:05,541] {scheduler_job.py:190} INFO - Processing /home/airflow/.local/lib/python3.6/site-packages/airflow/example_dags/tutorial.py took 0.069 seconds
[2021-10-13 05:04:36,429] {scheduler_job.py:182} INFO - Started process (PID=926) to work on /home/airflow/.local/lib/python3.6/site-packages/airflow/example_dags/tutorial.py
[2021-10-13 05:04:36,430] {scheduler_job.py:629} INFO - Processing file /home/airflow/.local/lib/python3.6/site-packages/airflow/example_dags/tutorial.py for tasks to queue
[2021-10-13 05:04:36,431] {logging_mixin.py:104} INFO - [2021-10-13 05:04:36,431] {dagbag.py:451} INFO - Filling up the DagBag from /home/airflow/.local/lib/python3.6/site-packages/airflow/example_dags/tutorial.py
[2021-10-13 05:04:36,443] {scheduler_job.py:639} INFO - DAG(s) dict_keys(['tutorial']) retrieved from /home/airflow/.local/lib/python3.6/site-packages/airflow/example_dags/tutorial.py
[2021-10-13 05:04:36,468] {logging_mixin.py:104} INFO - [2021-10-13 05:04:36,468] {dag.py:1824} INFO - Sync 1 DAGs
[2021-10-13 05:04:36,487] {logging_mixin.py:104} INFO - [2021-10-13 05:04:36,486] {dag.py:2280} INFO - Setting next_dagrun for tutorial to 2021-10-11 00:00:00+00:00
[2021-10-13 05:04:36,502] {scheduler_job.py:190} INFO - Processing /home/airflow/.local/lib/python3.6/site-packages/airflow/example_dags/tutorial.py took 0.076 seconds
[2021-10-13 05:05:06,985] {scheduler_job.py:182} INFO - Started process (PID=959) to work on /home/airflow/.local/lib/python3.6/site-packages/airflow/example_dags/tutorial.py
[2021-10-13 05:05:06,987] {scheduler_job.py:629} INFO - Processing file /home/airflow/.local/lib/python3.6/site-packages/airflow/example_dags/tutorial.py for tasks to queue
[2021-10-13 05:05:06,988] {logging_mixin.py:104} INFO - [2021-10-13 05:05:06,988] {dagbag.py:451} INFO - Filling up the DagBag from /home/airflow/.local/lib/python3.6/site-packages/airflow/example_dags/tutorial.py
[2021-10-13 05:05:06,999] {scheduler_job.py:639} INFO - DAG(s) dict_keys(['tutorial']) retrieved from /home/airflow/.local/lib/python3.6/site-packages/airflow/example_dags/tutorial.py
[2021-10-13 05:05:07,022] {logging_mixin.py:104} INFO - [2021-10-13 05:05:07,022] {dag.py:1824} INFO - Sync 1 DAGs
[2021-10-13 05:05:07,040] {logging_mixin.py:104} INFO - [2021-10-13 05:05:07,040] {dag.py:2280} INFO - Setting next_dagrun for tutorial to 2021-10-11 00:00:00+00:00
[2021-10-13 05:05:07,055] {scheduler_job.py:190} INFO - Processing /home/airflow/.local/lib/python3.6/site-packages/airflow/example_dags/tutorial.py took 0.073 seconds
[2021-10-13 05:05:37,252] {scheduler_job.py:182} INFO - Started process (PID=992) to work on /home/airflow/.local/lib/python3.6/site-packages/airflow/example_dags/tutorial.py
[2021-10-13 05:05:37,254] {scheduler_job.py:629} INFO - Processing file /home/airflow/.local/lib/python3.6/site-packages/airflow/example_dags/tutorial.py for tasks to queue
[2021-10-13 05:05:37,255] {logging_mixin.py:104} INFO - [2021-10-13 05:05:37,255] {dagbag.py:451} INFO - Filling up the DagBag from /home/airflow/.local/lib/python3.6/site-packages/airflow/example_dags/tutorial.py
[2021-10-13 05:05:37,266] {scheduler_job.py:639} INFO - DAG(s) dict_keys(['tutorial']) retrieved from /home/airflow/.local/lib/python3.6/site-packages/airflow/example_dags/tutorial.py
[2021-10-13 05:05:37,293] {logging_mixin.py:104} INFO - [2021-10-13 05:05:37,292] {dag.py:1824} INFO - Sync 1 DAGs
[2021-10-13 05:05:37,312] {logging_mixin.py:104} INFO - [2021-10-13 05:05:37,312] {dag.py:2280} INFO - Setting next_dagrun for tutorial to 2021-10-11 00:00:00+00:00
[2021-10-13 05:05:37,329] {scheduler_job.py:190} INFO - Processing /home/airflow/.local/lib/python3.6/site-packages/airflow/example_dags/tutorial.py took 0.080 seconds
