[2021-10-13 04:51:23,231] {scheduler_job.py:182} INFO - Started process (PID=36) to work on /home/airflow/.local/lib/python3.6/site-packages/airflow/example_dags/tutorial_etl_dag.py
[2021-10-13 04:51:23,232] {scheduler_job.py:629} INFO - Processing file /home/airflow/.local/lib/python3.6/site-packages/airflow/example_dags/tutorial_etl_dag.py for tasks to queue
[2021-10-13 04:51:23,233] {logging_mixin.py:104} INFO - [2021-10-13 04:51:23,233] {dagbag.py:451} INFO - Filling up the DagBag from /home/airflow/.local/lib/python3.6/site-packages/airflow/example_dags/tutorial_etl_dag.py
[2021-10-13 04:51:23,260] {scheduler_job.py:639} INFO - DAG(s) dict_keys(['tutorial_etl_dag']) retrieved from /home/airflow/.local/lib/python3.6/site-packages/airflow/example_dags/tutorial_etl_dag.py
[2021-10-13 04:51:23,319] {logging_mixin.py:104} INFO - [2021-10-13 04:51:23,319] {dag.py:1824} INFO - Sync 1 DAGs
[2021-10-13 04:51:23,392] {logging_mixin.py:104} INFO - [2021-10-13 04:51:23,392] {dag.py:2280} INFO - Setting next_dagrun for tutorial_etl_dag to None
[2021-10-13 04:51:23,418] {scheduler_job.py:190} INFO - Processing /home/airflow/.local/lib/python3.6/site-packages/airflow/example_dags/tutorial_etl_dag.py took 0.199 seconds
[2021-10-13 04:51:54,262] {scheduler_job.py:182} INFO - Started process (PID=71) to work on /home/airflow/.local/lib/python3.6/site-packages/airflow/example_dags/tutorial_etl_dag.py
[2021-10-13 04:51:54,263] {scheduler_job.py:629} INFO - Processing file /home/airflow/.local/lib/python3.6/site-packages/airflow/example_dags/tutorial_etl_dag.py for tasks to queue
[2021-10-13 04:51:54,264] {logging_mixin.py:104} INFO - [2021-10-13 04:51:54,264] {dagbag.py:451} INFO - Filling up the DagBag from /home/airflow/.local/lib/python3.6/site-packages/airflow/example_dags/tutorial_etl_dag.py
[2021-10-13 04:51:54,277] {scheduler_job.py:639} INFO - DAG(s) dict_keys(['tutorial_etl_dag']) retrieved from /home/airflow/.local/lib/python3.6/site-packages/airflow/example_dags/tutorial_etl_dag.py
[2021-10-13 04:51:54,298] {logging_mixin.py:104} INFO - [2021-10-13 04:51:54,298] {dag.py:1824} INFO - Sync 1 DAGs
[2021-10-13 04:51:54,316] {logging_mixin.py:104} INFO - [2021-10-13 04:51:54,316] {dag.py:2280} INFO - Setting next_dagrun for tutorial_etl_dag to None
[2021-10-13 04:51:54,331] {scheduler_job.py:190} INFO - Processing /home/airflow/.local/lib/python3.6/site-packages/airflow/example_dags/tutorial_etl_dag.py took 0.073 seconds
[2021-10-13 04:52:25,250] {scheduler_job.py:182} INFO - Started process (PID=107) to work on /home/airflow/.local/lib/python3.6/site-packages/airflow/example_dags/tutorial_etl_dag.py
[2021-10-13 04:52:25,252] {scheduler_job.py:629} INFO - Processing file /home/airflow/.local/lib/python3.6/site-packages/airflow/example_dags/tutorial_etl_dag.py for tasks to queue
[2021-10-13 04:52:25,253] {logging_mixin.py:104} INFO - [2021-10-13 04:52:25,252] {dagbag.py:451} INFO - Filling up the DagBag from /home/airflow/.local/lib/python3.6/site-packages/airflow/example_dags/tutorial_etl_dag.py
[2021-10-13 04:52:25,267] {scheduler_job.py:639} INFO - DAG(s) dict_keys(['tutorial_etl_dag']) retrieved from /home/airflow/.local/lib/python3.6/site-packages/airflow/example_dags/tutorial_etl_dag.py
[2021-10-13 04:52:25,290] {logging_mixin.py:104} INFO - [2021-10-13 04:52:25,290] {dag.py:1824} INFO - Sync 1 DAGs
[2021-10-13 04:52:25,309] {logging_mixin.py:104} INFO - [2021-10-13 04:52:25,309] {dag.py:2280} INFO - Setting next_dagrun for tutorial_etl_dag to None
[2021-10-13 04:52:25,331] {scheduler_job.py:190} INFO - Processing /home/airflow/.local/lib/python3.6/site-packages/airflow/example_dags/tutorial_etl_dag.py took 0.085 seconds
[2021-10-13 04:52:55,431] {scheduler_job.py:182} INFO - Started process (PID=140) to work on /home/airflow/.local/lib/python3.6/site-packages/airflow/example_dags/tutorial_etl_dag.py
[2021-10-13 04:52:55,432] {scheduler_job.py:629} INFO - Processing file /home/airflow/.local/lib/python3.6/site-packages/airflow/example_dags/tutorial_etl_dag.py for tasks to queue
[2021-10-13 04:52:55,433] {logging_mixin.py:104} INFO - [2021-10-13 04:52:55,433] {dagbag.py:451} INFO - Filling up the DagBag from /home/airflow/.local/lib/python3.6/site-packages/airflow/example_dags/tutorial_etl_dag.py
[2021-10-13 04:52:55,445] {scheduler_job.py:639} INFO - DAG(s) dict_keys(['tutorial_etl_dag']) retrieved from /home/airflow/.local/lib/python3.6/site-packages/airflow/example_dags/tutorial_etl_dag.py
[2021-10-13 04:52:55,466] {logging_mixin.py:104} INFO - [2021-10-13 04:52:55,466] {dag.py:1824} INFO - Sync 1 DAGs
[2021-10-13 04:52:55,484] {logging_mixin.py:104} INFO - [2021-10-13 04:52:55,484] {dag.py:2280} INFO - Setting next_dagrun for tutorial_etl_dag to None
[2021-10-13 04:52:55,497] {scheduler_job.py:190} INFO - Processing /home/airflow/.local/lib/python3.6/site-packages/airflow/example_dags/tutorial_etl_dag.py took 0.070 seconds
[2021-10-13 04:53:25,753] {scheduler_job.py:182} INFO - Started process (PID=173) to work on /home/airflow/.local/lib/python3.6/site-packages/airflow/example_dags/tutorial_etl_dag.py
[2021-10-13 04:53:25,755] {scheduler_job.py:629} INFO - Processing file /home/airflow/.local/lib/python3.6/site-packages/airflow/example_dags/tutorial_etl_dag.py for tasks to queue
[2021-10-13 04:53:25,756] {logging_mixin.py:104} INFO - [2021-10-13 04:53:25,756] {dagbag.py:451} INFO - Filling up the DagBag from /home/airflow/.local/lib/python3.6/site-packages/airflow/example_dags/tutorial_etl_dag.py
[2021-10-13 04:53:25,768] {scheduler_job.py:639} INFO - DAG(s) dict_keys(['tutorial_etl_dag']) retrieved from /home/airflow/.local/lib/python3.6/site-packages/airflow/example_dags/tutorial_etl_dag.py
[2021-10-13 04:53:25,790] {logging_mixin.py:104} INFO - [2021-10-13 04:53:25,790] {dag.py:1824} INFO - Sync 1 DAGs
[2021-10-13 04:53:25,807] {logging_mixin.py:104} INFO - [2021-10-13 04:53:25,807] {dag.py:2280} INFO - Setting next_dagrun for tutorial_etl_dag to None
[2021-10-13 04:53:25,820] {scheduler_job.py:190} INFO - Processing /home/airflow/.local/lib/python3.6/site-packages/airflow/example_dags/tutorial_etl_dag.py took 0.070 seconds
[2021-10-13 04:53:56,423] {scheduler_job.py:182} INFO - Started process (PID=209) to work on /home/airflow/.local/lib/python3.6/site-packages/airflow/example_dags/tutorial_etl_dag.py
[2021-10-13 04:53:56,424] {scheduler_job.py:629} INFO - Processing file /home/airflow/.local/lib/python3.6/site-packages/airflow/example_dags/tutorial_etl_dag.py for tasks to queue
[2021-10-13 04:53:56,425] {logging_mixin.py:104} INFO - [2021-10-13 04:53:56,425] {dagbag.py:451} INFO - Filling up the DagBag from /home/airflow/.local/lib/python3.6/site-packages/airflow/example_dags/tutorial_etl_dag.py
[2021-10-13 04:53:56,439] {scheduler_job.py:639} INFO - DAG(s) dict_keys(['tutorial_etl_dag']) retrieved from /home/airflow/.local/lib/python3.6/site-packages/airflow/example_dags/tutorial_etl_dag.py
[2021-10-13 04:53:56,463] {logging_mixin.py:104} INFO - [2021-10-13 04:53:56,463] {dag.py:1824} INFO - Sync 1 DAGs
[2021-10-13 04:53:56,479] {logging_mixin.py:104} INFO - [2021-10-13 04:53:56,478] {dag.py:2280} INFO - Setting next_dagrun for tutorial_etl_dag to None
[2021-10-13 04:53:56,492] {scheduler_job.py:190} INFO - Processing /home/airflow/.local/lib/python3.6/site-packages/airflow/example_dags/tutorial_etl_dag.py took 0.073 seconds
[2021-10-13 04:54:26,944] {scheduler_job.py:182} INFO - Started process (PID=248) to work on /home/airflow/.local/lib/python3.6/site-packages/airflow/example_dags/tutorial_etl_dag.py
[2021-10-13 04:54:26,945] {scheduler_job.py:629} INFO - Processing file /home/airflow/.local/lib/python3.6/site-packages/airflow/example_dags/tutorial_etl_dag.py for tasks to queue
[2021-10-13 04:54:26,946] {logging_mixin.py:104} INFO - [2021-10-13 04:54:26,946] {dagbag.py:451} INFO - Filling up the DagBag from /home/airflow/.local/lib/python3.6/site-packages/airflow/example_dags/tutorial_etl_dag.py
[2021-10-13 04:54:26,959] {scheduler_job.py:639} INFO - DAG(s) dict_keys(['tutorial_etl_dag']) retrieved from /home/airflow/.local/lib/python3.6/site-packages/airflow/example_dags/tutorial_etl_dag.py
[2021-10-13 04:54:26,985] {logging_mixin.py:104} INFO - [2021-10-13 04:54:26,985] {dag.py:1824} INFO - Sync 1 DAGs
[2021-10-13 04:54:27,002] {logging_mixin.py:104} INFO - [2021-10-13 04:54:27,002] {dag.py:2280} INFO - Setting next_dagrun for tutorial_etl_dag to None
[2021-10-13 04:54:27,017] {scheduler_job.py:190} INFO - Processing /home/airflow/.local/lib/python3.6/site-packages/airflow/example_dags/tutorial_etl_dag.py took 0.076 seconds
[2021-10-13 04:54:57,537] {scheduler_job.py:182} INFO - Started process (PID=282) to work on /home/airflow/.local/lib/python3.6/site-packages/airflow/example_dags/tutorial_etl_dag.py
[2021-10-13 04:54:57,539] {scheduler_job.py:629} INFO - Processing file /home/airflow/.local/lib/python3.6/site-packages/airflow/example_dags/tutorial_etl_dag.py for tasks to queue
[2021-10-13 04:54:57,540] {logging_mixin.py:104} INFO - [2021-10-13 04:54:57,540] {dagbag.py:451} INFO - Filling up the DagBag from /home/airflow/.local/lib/python3.6/site-packages/airflow/example_dags/tutorial_etl_dag.py
[2021-10-13 04:54:57,553] {scheduler_job.py:639} INFO - DAG(s) dict_keys(['tutorial_etl_dag']) retrieved from /home/airflow/.local/lib/python3.6/site-packages/airflow/example_dags/tutorial_etl_dag.py
[2021-10-13 04:54:57,578] {logging_mixin.py:104} INFO - [2021-10-13 04:54:57,578] {dag.py:1824} INFO - Sync 1 DAGs
[2021-10-13 04:54:57,595] {logging_mixin.py:104} INFO - [2021-10-13 04:54:57,595] {dag.py:2280} INFO - Setting next_dagrun for tutorial_etl_dag to None
[2021-10-13 04:54:57,608] {scheduler_job.py:190} INFO - Processing /home/airflow/.local/lib/python3.6/site-packages/airflow/example_dags/tutorial_etl_dag.py took 0.074 seconds
[2021-10-13 04:55:27,897] {scheduler_job.py:182} INFO - Started process (PID=316) to work on /home/airflow/.local/lib/python3.6/site-packages/airflow/example_dags/tutorial_etl_dag.py
[2021-10-13 04:55:27,898] {scheduler_job.py:629} INFO - Processing file /home/airflow/.local/lib/python3.6/site-packages/airflow/example_dags/tutorial_etl_dag.py for tasks to queue
[2021-10-13 04:55:27,899] {logging_mixin.py:104} INFO - [2021-10-13 04:55:27,899] {dagbag.py:451} INFO - Filling up the DagBag from /home/airflow/.local/lib/python3.6/site-packages/airflow/example_dags/tutorial_etl_dag.py
[2021-10-13 04:55:27,913] {scheduler_job.py:639} INFO - DAG(s) dict_keys(['tutorial_etl_dag']) retrieved from /home/airflow/.local/lib/python3.6/site-packages/airflow/example_dags/tutorial_etl_dag.py
[2021-10-13 04:55:27,940] {logging_mixin.py:104} INFO - [2021-10-13 04:55:27,939] {dag.py:1824} INFO - Sync 1 DAGs
[2021-10-13 04:55:27,956] {logging_mixin.py:104} INFO - [2021-10-13 04:55:27,956] {dag.py:2280} INFO - Setting next_dagrun for tutorial_etl_dag to None
[2021-10-13 04:55:27,968] {scheduler_job.py:190} INFO - Processing /home/airflow/.local/lib/python3.6/site-packages/airflow/example_dags/tutorial_etl_dag.py took 0.075 seconds
[2021-10-13 04:55:58,183] {scheduler_job.py:182} INFO - Started process (PID=350) to work on /home/airflow/.local/lib/python3.6/site-packages/airflow/example_dags/tutorial_etl_dag.py
[2021-10-13 04:55:58,184] {scheduler_job.py:629} INFO - Processing file /home/airflow/.local/lib/python3.6/site-packages/airflow/example_dags/tutorial_etl_dag.py for tasks to queue
[2021-10-13 04:55:58,185] {logging_mixin.py:104} INFO - [2021-10-13 04:55:58,185] {dagbag.py:451} INFO - Filling up the DagBag from /home/airflow/.local/lib/python3.6/site-packages/airflow/example_dags/tutorial_etl_dag.py
[2021-10-13 04:55:58,197] {scheduler_job.py:639} INFO - DAG(s) dict_keys(['tutorial_etl_dag']) retrieved from /home/airflow/.local/lib/python3.6/site-packages/airflow/example_dags/tutorial_etl_dag.py
[2021-10-13 04:55:58,222] {logging_mixin.py:104} INFO - [2021-10-13 04:55:58,222] {dag.py:1824} INFO - Sync 1 DAGs
[2021-10-13 04:55:58,237] {logging_mixin.py:104} INFO - [2021-10-13 04:55:58,237] {dag.py:2280} INFO - Setting next_dagrun for tutorial_etl_dag to None
[2021-10-13 04:55:58,252] {scheduler_job.py:190} INFO - Processing /home/airflow/.local/lib/python3.6/site-packages/airflow/example_dags/tutorial_etl_dag.py took 0.073 seconds
[2021-10-13 04:56:28,659] {scheduler_job.py:182} INFO - Started process (PID=385) to work on /home/airflow/.local/lib/python3.6/site-packages/airflow/example_dags/tutorial_etl_dag.py
[2021-10-13 04:56:28,660] {scheduler_job.py:629} INFO - Processing file /home/airflow/.local/lib/python3.6/site-packages/airflow/example_dags/tutorial_etl_dag.py for tasks to queue
[2021-10-13 04:56:28,662] {logging_mixin.py:104} INFO - [2021-10-13 04:56:28,661] {dagbag.py:451} INFO - Filling up the DagBag from /home/airflow/.local/lib/python3.6/site-packages/airflow/example_dags/tutorial_etl_dag.py
[2021-10-13 04:56:28,678] {scheduler_job.py:639} INFO - DAG(s) dict_keys(['tutorial_etl_dag']) retrieved from /home/airflow/.local/lib/python3.6/site-packages/airflow/example_dags/tutorial_etl_dag.py
[2021-10-13 04:56:28,701] {logging_mixin.py:104} INFO - [2021-10-13 04:56:28,700] {dag.py:1824} INFO - Sync 1 DAGs
[2021-10-13 04:56:28,717] {logging_mixin.py:104} INFO - [2021-10-13 04:56:28,717] {dag.py:2280} INFO - Setting next_dagrun for tutorial_etl_dag to None
[2021-10-13 04:56:28,732] {scheduler_job.py:190} INFO - Processing /home/airflow/.local/lib/python3.6/site-packages/airflow/example_dags/tutorial_etl_dag.py took 0.076 seconds
[2021-10-13 04:56:59,022] {scheduler_job.py:182} INFO - Started process (PID=418) to work on /home/airflow/.local/lib/python3.6/site-packages/airflow/example_dags/tutorial_etl_dag.py
[2021-10-13 04:56:59,023] {scheduler_job.py:629} INFO - Processing file /home/airflow/.local/lib/python3.6/site-packages/airflow/example_dags/tutorial_etl_dag.py for tasks to queue
[2021-10-13 04:56:59,024] {logging_mixin.py:104} INFO - [2021-10-13 04:56:59,024] {dagbag.py:451} INFO - Filling up the DagBag from /home/airflow/.local/lib/python3.6/site-packages/airflow/example_dags/tutorial_etl_dag.py
[2021-10-13 04:56:59,045] {scheduler_job.py:639} INFO - DAG(s) dict_keys(['tutorial_etl_dag']) retrieved from /home/airflow/.local/lib/python3.6/site-packages/airflow/example_dags/tutorial_etl_dag.py
[2021-10-13 04:56:59,072] {logging_mixin.py:104} INFO - [2021-10-13 04:56:59,072] {dag.py:1824} INFO - Sync 1 DAGs
[2021-10-13 04:56:59,095] {logging_mixin.py:104} INFO - [2021-10-13 04:56:59,095] {dag.py:2280} INFO - Setting next_dagrun for tutorial_etl_dag to None
[2021-10-13 04:56:59,109] {scheduler_job.py:190} INFO - Processing /home/airflow/.local/lib/python3.6/site-packages/airflow/example_dags/tutorial_etl_dag.py took 0.092 seconds
[2021-10-13 04:57:29,473] {scheduler_job.py:182} INFO - Started process (PID=452) to work on /home/airflow/.local/lib/python3.6/site-packages/airflow/example_dags/tutorial_etl_dag.py
[2021-10-13 04:57:29,475] {scheduler_job.py:629} INFO - Processing file /home/airflow/.local/lib/python3.6/site-packages/airflow/example_dags/tutorial_etl_dag.py for tasks to queue
[2021-10-13 04:57:29,476] {logging_mixin.py:104} INFO - [2021-10-13 04:57:29,476] {dagbag.py:451} INFO - Filling up the DagBag from /home/airflow/.local/lib/python3.6/site-packages/airflow/example_dags/tutorial_etl_dag.py
[2021-10-13 04:57:29,499] {scheduler_job.py:639} INFO - DAG(s) dict_keys(['tutorial_etl_dag']) retrieved from /home/airflow/.local/lib/python3.6/site-packages/airflow/example_dags/tutorial_etl_dag.py
[2021-10-13 04:57:29,529] {logging_mixin.py:104} INFO - [2021-10-13 04:57:29,529] {dag.py:1824} INFO - Sync 1 DAGs
[2021-10-13 04:57:29,552] {logging_mixin.py:104} INFO - [2021-10-13 04:57:29,552] {dag.py:2280} INFO - Setting next_dagrun for tutorial_etl_dag to None
[2021-10-13 04:57:29,569] {scheduler_job.py:190} INFO - Processing /home/airflow/.local/lib/python3.6/site-packages/airflow/example_dags/tutorial_etl_dag.py took 0.100 seconds
[2021-10-13 04:57:59,682] {scheduler_job.py:182} INFO - Started process (PID=485) to work on /home/airflow/.local/lib/python3.6/site-packages/airflow/example_dags/tutorial_etl_dag.py
[2021-10-13 04:57:59,684] {scheduler_job.py:629} INFO - Processing file /home/airflow/.local/lib/python3.6/site-packages/airflow/example_dags/tutorial_etl_dag.py for tasks to queue
[2021-10-13 04:57:59,685] {logging_mixin.py:104} INFO - [2021-10-13 04:57:59,685] {dagbag.py:451} INFO - Filling up the DagBag from /home/airflow/.local/lib/python3.6/site-packages/airflow/example_dags/tutorial_etl_dag.py
[2021-10-13 04:57:59,706] {scheduler_job.py:639} INFO - DAG(s) dict_keys(['tutorial_etl_dag']) retrieved from /home/airflow/.local/lib/python3.6/site-packages/airflow/example_dags/tutorial_etl_dag.py
[2021-10-13 04:57:59,748] {logging_mixin.py:104} INFO - [2021-10-13 04:57:59,748] {dag.py:1824} INFO - Sync 1 DAGs
[2021-10-13 04:57:59,770] {logging_mixin.py:104} INFO - [2021-10-13 04:57:59,770] {dag.py:2280} INFO - Setting next_dagrun for tutorial_etl_dag to None
[2021-10-13 04:57:59,813] {scheduler_job.py:190} INFO - Processing /home/airflow/.local/lib/python3.6/site-packages/airflow/example_dags/tutorial_etl_dag.py took 0.134 seconds
[2021-10-13 04:58:30,000] {scheduler_job.py:182} INFO - Started process (PID=518) to work on /home/airflow/.local/lib/python3.6/site-packages/airflow/example_dags/tutorial_etl_dag.py
[2021-10-13 04:58:30,021] {scheduler_job.py:629} INFO - Processing file /home/airflow/.local/lib/python3.6/site-packages/airflow/example_dags/tutorial_etl_dag.py for tasks to queue
[2021-10-13 04:58:30,023] {logging_mixin.py:104} INFO - [2021-10-13 04:58:30,023] {dagbag.py:451} INFO - Filling up the DagBag from /home/airflow/.local/lib/python3.6/site-packages/airflow/example_dags/tutorial_etl_dag.py
[2021-10-13 04:58:30,045] {scheduler_job.py:639} INFO - DAG(s) dict_keys(['tutorial_etl_dag']) retrieved from /home/airflow/.local/lib/python3.6/site-packages/airflow/example_dags/tutorial_etl_dag.py
[2021-10-13 04:58:30,124] {logging_mixin.py:104} INFO - [2021-10-13 04:58:30,123] {dag.py:1824} INFO - Sync 1 DAGs
[2021-10-13 04:58:30,151] {logging_mixin.py:104} INFO - [2021-10-13 04:58:30,151] {dag.py:2280} INFO - Setting next_dagrun for tutorial_etl_dag to None
[2021-10-13 04:58:30,167] {scheduler_job.py:190} INFO - Processing /home/airflow/.local/lib/python3.6/site-packages/airflow/example_dags/tutorial_etl_dag.py took 0.174 seconds
[2021-10-13 04:59:01,344] {scheduler_job.py:182} INFO - Started process (PID=552) to work on /home/airflow/.local/lib/python3.6/site-packages/airflow/example_dags/tutorial_etl_dag.py
[2021-10-13 04:59:01,346] {scheduler_job.py:629} INFO - Processing file /home/airflow/.local/lib/python3.6/site-packages/airflow/example_dags/tutorial_etl_dag.py for tasks to queue
[2021-10-13 04:59:01,348] {logging_mixin.py:104} INFO - [2021-10-13 04:59:01,347] {dagbag.py:451} INFO - Filling up the DagBag from /home/airflow/.local/lib/python3.6/site-packages/airflow/example_dags/tutorial_etl_dag.py
[2021-10-13 04:59:01,367] {scheduler_job.py:639} INFO - DAG(s) dict_keys(['tutorial_etl_dag']) retrieved from /home/airflow/.local/lib/python3.6/site-packages/airflow/example_dags/tutorial_etl_dag.py
[2021-10-13 04:59:01,421] {logging_mixin.py:104} INFO - [2021-10-13 04:59:01,420] {dag.py:1824} INFO - Sync 1 DAGs
[2021-10-13 04:59:01,446] {logging_mixin.py:104} INFO - [2021-10-13 04:59:01,446] {dag.py:2280} INFO - Setting next_dagrun for tutorial_etl_dag to None
[2021-10-13 04:59:01,465] {scheduler_job.py:190} INFO - Processing /home/airflow/.local/lib/python3.6/site-packages/airflow/example_dags/tutorial_etl_dag.py took 0.125 seconds
[2021-10-13 04:59:31,758] {scheduler_job.py:182} INFO - Started process (PID=586) to work on /home/airflow/.local/lib/python3.6/site-packages/airflow/example_dags/tutorial_etl_dag.py
[2021-10-13 04:59:31,759] {scheduler_job.py:629} INFO - Processing file /home/airflow/.local/lib/python3.6/site-packages/airflow/example_dags/tutorial_etl_dag.py for tasks to queue
[2021-10-13 04:59:31,760] {logging_mixin.py:104} INFO - [2021-10-13 04:59:31,760] {dagbag.py:451} INFO - Filling up the DagBag from /home/airflow/.local/lib/python3.6/site-packages/airflow/example_dags/tutorial_etl_dag.py
[2021-10-13 04:59:31,772] {scheduler_job.py:639} INFO - DAG(s) dict_keys(['tutorial_etl_dag']) retrieved from /home/airflow/.local/lib/python3.6/site-packages/airflow/example_dags/tutorial_etl_dag.py
[2021-10-13 04:59:31,793] {logging_mixin.py:104} INFO - [2021-10-13 04:59:31,793] {dag.py:1824} INFO - Sync 1 DAGs
[2021-10-13 04:59:31,809] {logging_mixin.py:104} INFO - [2021-10-13 04:59:31,809] {dag.py:2280} INFO - Setting next_dagrun for tutorial_etl_dag to None
[2021-10-13 04:59:31,823] {scheduler_job.py:190} INFO - Processing /home/airflow/.local/lib/python3.6/site-packages/airflow/example_dags/tutorial_etl_dag.py took 0.068 seconds
[2021-10-13 05:00:02,180] {scheduler_job.py:182} INFO - Started process (PID=624) to work on /home/airflow/.local/lib/python3.6/site-packages/airflow/example_dags/tutorial_etl_dag.py
[2021-10-13 05:00:02,182] {scheduler_job.py:629} INFO - Processing file /home/airflow/.local/lib/python3.6/site-packages/airflow/example_dags/tutorial_etl_dag.py for tasks to queue
[2021-10-13 05:00:02,184] {logging_mixin.py:104} INFO - [2021-10-13 05:00:02,183] {dagbag.py:451} INFO - Filling up the DagBag from /home/airflow/.local/lib/python3.6/site-packages/airflow/example_dags/tutorial_etl_dag.py
[2021-10-13 05:00:02,197] {scheduler_job.py:639} INFO - DAG(s) dict_keys(['tutorial_etl_dag']) retrieved from /home/airflow/.local/lib/python3.6/site-packages/airflow/example_dags/tutorial_etl_dag.py
[2021-10-13 05:00:02,220] {logging_mixin.py:104} INFO - [2021-10-13 05:00:02,219] {dag.py:1824} INFO - Sync 1 DAGs
[2021-10-13 05:00:02,236] {logging_mixin.py:104} INFO - [2021-10-13 05:00:02,236] {dag.py:2280} INFO - Setting next_dagrun for tutorial_etl_dag to None
[2021-10-13 05:00:02,251] {scheduler_job.py:190} INFO - Processing /home/airflow/.local/lib/python3.6/site-packages/airflow/example_dags/tutorial_etl_dag.py took 0.076 seconds
[2021-10-13 05:00:32,744] {scheduler_job.py:182} INFO - Started process (PID=659) to work on /home/airflow/.local/lib/python3.6/site-packages/airflow/example_dags/tutorial_etl_dag.py
[2021-10-13 05:00:32,746] {scheduler_job.py:629} INFO - Processing file /home/airflow/.local/lib/python3.6/site-packages/airflow/example_dags/tutorial_etl_dag.py for tasks to queue
[2021-10-13 05:00:32,747] {logging_mixin.py:104} INFO - [2021-10-13 05:00:32,747] {dagbag.py:451} INFO - Filling up the DagBag from /home/airflow/.local/lib/python3.6/site-packages/airflow/example_dags/tutorial_etl_dag.py
[2021-10-13 05:00:32,762] {scheduler_job.py:639} INFO - DAG(s) dict_keys(['tutorial_etl_dag']) retrieved from /home/airflow/.local/lib/python3.6/site-packages/airflow/example_dags/tutorial_etl_dag.py
[2021-10-13 05:00:32,786] {logging_mixin.py:104} INFO - [2021-10-13 05:00:32,786] {dag.py:1824} INFO - Sync 1 DAGs
[2021-10-13 05:00:32,803] {logging_mixin.py:104} INFO - [2021-10-13 05:00:32,802] {dag.py:2280} INFO - Setting next_dagrun for tutorial_etl_dag to None
[2021-10-13 05:00:32,818] {scheduler_job.py:190} INFO - Processing /home/airflow/.local/lib/python3.6/site-packages/airflow/example_dags/tutorial_etl_dag.py took 0.078 seconds
[2021-10-13 05:01:02,867] {scheduler_job.py:182} INFO - Started process (PID=691) to work on /home/airflow/.local/lib/python3.6/site-packages/airflow/example_dags/tutorial_etl_dag.py
[2021-10-13 05:01:02,869] {scheduler_job.py:629} INFO - Processing file /home/airflow/.local/lib/python3.6/site-packages/airflow/example_dags/tutorial_etl_dag.py for tasks to queue
[2021-10-13 05:01:02,870] {logging_mixin.py:104} INFO - [2021-10-13 05:01:02,870] {dagbag.py:451} INFO - Filling up the DagBag from /home/airflow/.local/lib/python3.6/site-packages/airflow/example_dags/tutorial_etl_dag.py
[2021-10-13 05:01:02,884] {scheduler_job.py:639} INFO - DAG(s) dict_keys(['tutorial_etl_dag']) retrieved from /home/airflow/.local/lib/python3.6/site-packages/airflow/example_dags/tutorial_etl_dag.py
[2021-10-13 05:01:02,905] {logging_mixin.py:104} INFO - [2021-10-13 05:01:02,904] {dag.py:1824} INFO - Sync 1 DAGs
[2021-10-13 05:01:02,923] {logging_mixin.py:104} INFO - [2021-10-13 05:01:02,923] {dag.py:2280} INFO - Setting next_dagrun for tutorial_etl_dag to None
[2021-10-13 05:01:02,938] {scheduler_job.py:190} INFO - Processing /home/airflow/.local/lib/python3.6/site-packages/airflow/example_dags/tutorial_etl_dag.py took 0.074 seconds
[2021-10-13 05:01:33,181] {scheduler_job.py:182} INFO - Started process (PID=729) to work on /home/airflow/.local/lib/python3.6/site-packages/airflow/example_dags/tutorial_etl_dag.py
[2021-10-13 05:01:33,182] {scheduler_job.py:629} INFO - Processing file /home/airflow/.local/lib/python3.6/site-packages/airflow/example_dags/tutorial_etl_dag.py for tasks to queue
[2021-10-13 05:01:33,183] {logging_mixin.py:104} INFO - [2021-10-13 05:01:33,183] {dagbag.py:451} INFO - Filling up the DagBag from /home/airflow/.local/lib/python3.6/site-packages/airflow/example_dags/tutorial_etl_dag.py
[2021-10-13 05:01:33,198] {scheduler_job.py:639} INFO - DAG(s) dict_keys(['tutorial_etl_dag']) retrieved from /home/airflow/.local/lib/python3.6/site-packages/airflow/example_dags/tutorial_etl_dag.py
[2021-10-13 05:01:33,219] {logging_mixin.py:104} INFO - [2021-10-13 05:01:33,219] {dag.py:1824} INFO - Sync 1 DAGs
[2021-10-13 05:01:33,238] {logging_mixin.py:104} INFO - [2021-10-13 05:01:33,238] {dag.py:2280} INFO - Setting next_dagrun for tutorial_etl_dag to None
[2021-10-13 05:01:33,256] {scheduler_job.py:190} INFO - Processing /home/airflow/.local/lib/python3.6/site-packages/airflow/example_dags/tutorial_etl_dag.py took 0.080 seconds
[2021-10-13 05:02:03,405] {scheduler_job.py:182} INFO - Started process (PID=761) to work on /home/airflow/.local/lib/python3.6/site-packages/airflow/example_dags/tutorial_etl_dag.py
[2021-10-13 05:02:03,407] {scheduler_job.py:629} INFO - Processing file /home/airflow/.local/lib/python3.6/site-packages/airflow/example_dags/tutorial_etl_dag.py for tasks to queue
[2021-10-13 05:02:03,407] {logging_mixin.py:104} INFO - [2021-10-13 05:02:03,407] {dagbag.py:451} INFO - Filling up the DagBag from /home/airflow/.local/lib/python3.6/site-packages/airflow/example_dags/tutorial_etl_dag.py
[2021-10-13 05:02:03,423] {scheduler_job.py:639} INFO - DAG(s) dict_keys(['tutorial_etl_dag']) retrieved from /home/airflow/.local/lib/python3.6/site-packages/airflow/example_dags/tutorial_etl_dag.py
[2021-10-13 05:02:03,448] {logging_mixin.py:104} INFO - [2021-10-13 05:02:03,448] {dag.py:1824} INFO - Sync 1 DAGs
[2021-10-13 05:02:03,469] {logging_mixin.py:104} INFO - [2021-10-13 05:02:03,469] {dag.py:2280} INFO - Setting next_dagrun for tutorial_etl_dag to None
[2021-10-13 05:02:03,488] {scheduler_job.py:190} INFO - Processing /home/airflow/.local/lib/python3.6/site-packages/airflow/example_dags/tutorial_etl_dag.py took 0.086 seconds
[2021-10-13 05:02:33,798] {scheduler_job.py:182} INFO - Started process (PID=793) to work on /home/airflow/.local/lib/python3.6/site-packages/airflow/example_dags/tutorial_etl_dag.py
[2021-10-13 05:02:33,800] {scheduler_job.py:629} INFO - Processing file /home/airflow/.local/lib/python3.6/site-packages/airflow/example_dags/tutorial_etl_dag.py for tasks to queue
[2021-10-13 05:02:33,802] {logging_mixin.py:104} INFO - [2021-10-13 05:02:33,802] {dagbag.py:451} INFO - Filling up the DagBag from /home/airflow/.local/lib/python3.6/site-packages/airflow/example_dags/tutorial_etl_dag.py
[2021-10-13 05:02:33,817] {scheduler_job.py:639} INFO - DAG(s) dict_keys(['tutorial_etl_dag']) retrieved from /home/airflow/.local/lib/python3.6/site-packages/airflow/example_dags/tutorial_etl_dag.py
[2021-10-13 05:02:33,841] {logging_mixin.py:104} INFO - [2021-10-13 05:02:33,841] {dag.py:1824} INFO - Sync 1 DAGs
[2021-10-13 05:02:33,856] {logging_mixin.py:104} INFO - [2021-10-13 05:02:33,856] {dag.py:2280} INFO - Setting next_dagrun for tutorial_etl_dag to None
[2021-10-13 05:02:33,869] {scheduler_job.py:190} INFO - Processing /home/airflow/.local/lib/python3.6/site-packages/airflow/example_dags/tutorial_etl_dag.py took 0.078 seconds
[2021-10-13 05:03:04,485] {scheduler_job.py:182} INFO - Started process (PID=826) to work on /home/airflow/.local/lib/python3.6/site-packages/airflow/example_dags/tutorial_etl_dag.py
[2021-10-13 05:03:04,487] {scheduler_job.py:629} INFO - Processing file /home/airflow/.local/lib/python3.6/site-packages/airflow/example_dags/tutorial_etl_dag.py for tasks to queue
[2021-10-13 05:03:04,488] {logging_mixin.py:104} INFO - [2021-10-13 05:03:04,488] {dagbag.py:451} INFO - Filling up the DagBag from /home/airflow/.local/lib/python3.6/site-packages/airflow/example_dags/tutorial_etl_dag.py
[2021-10-13 05:03:04,502] {scheduler_job.py:639} INFO - DAG(s) dict_keys(['tutorial_etl_dag']) retrieved from /home/airflow/.local/lib/python3.6/site-packages/airflow/example_dags/tutorial_etl_dag.py
[2021-10-13 05:03:04,526] {logging_mixin.py:104} INFO - [2021-10-13 05:03:04,526] {dag.py:1824} INFO - Sync 1 DAGs
[2021-10-13 05:03:04,545] {logging_mixin.py:104} INFO - [2021-10-13 05:03:04,545] {dag.py:2280} INFO - Setting next_dagrun for tutorial_etl_dag to None
[2021-10-13 05:03:04,559] {scheduler_job.py:190} INFO - Processing /home/airflow/.local/lib/python3.6/site-packages/airflow/example_dags/tutorial_etl_dag.py took 0.078 seconds
[2021-10-13 05:03:35,106] {scheduler_job.py:182} INFO - Started process (PID=857) to work on /home/airflow/.local/lib/python3.6/site-packages/airflow/example_dags/tutorial_etl_dag.py
[2021-10-13 05:03:35,108] {scheduler_job.py:629} INFO - Processing file /home/airflow/.local/lib/python3.6/site-packages/airflow/example_dags/tutorial_etl_dag.py for tasks to queue
[2021-10-13 05:03:35,109] {logging_mixin.py:104} INFO - [2021-10-13 05:03:35,109] {dagbag.py:451} INFO - Filling up the DagBag from /home/airflow/.local/lib/python3.6/site-packages/airflow/example_dags/tutorial_etl_dag.py
[2021-10-13 05:03:35,123] {scheduler_job.py:639} INFO - DAG(s) dict_keys(['tutorial_etl_dag']) retrieved from /home/airflow/.local/lib/python3.6/site-packages/airflow/example_dags/tutorial_etl_dag.py
[2021-10-13 05:03:35,144] {logging_mixin.py:104} INFO - [2021-10-13 05:03:35,144] {dag.py:1824} INFO - Sync 1 DAGs
[2021-10-13 05:03:35,161] {logging_mixin.py:104} INFO - [2021-10-13 05:03:35,160] {dag.py:2280} INFO - Setting next_dagrun for tutorial_etl_dag to None
[2021-10-13 05:03:35,180] {scheduler_job.py:190} INFO - Processing /home/airflow/.local/lib/python3.6/site-packages/airflow/example_dags/tutorial_etl_dag.py took 0.078 seconds
[2021-10-13 05:04:05,294] {scheduler_job.py:182} INFO - Started process (PID=890) to work on /home/airflow/.local/lib/python3.6/site-packages/airflow/example_dags/tutorial_etl_dag.py
[2021-10-13 05:04:05,295] {scheduler_job.py:629} INFO - Processing file /home/airflow/.local/lib/python3.6/site-packages/airflow/example_dags/tutorial_etl_dag.py for tasks to queue
[2021-10-13 05:04:05,296] {logging_mixin.py:104} INFO - [2021-10-13 05:04:05,296] {dagbag.py:451} INFO - Filling up the DagBag from /home/airflow/.local/lib/python3.6/site-packages/airflow/example_dags/tutorial_etl_dag.py
[2021-10-13 05:04:05,309] {scheduler_job.py:639} INFO - DAG(s) dict_keys(['tutorial_etl_dag']) retrieved from /home/airflow/.local/lib/python3.6/site-packages/airflow/example_dags/tutorial_etl_dag.py
[2021-10-13 05:04:05,332] {logging_mixin.py:104} INFO - [2021-10-13 05:04:05,332] {dag.py:1824} INFO - Sync 1 DAGs
[2021-10-13 05:04:05,350] {logging_mixin.py:104} INFO - [2021-10-13 05:04:05,350] {dag.py:2280} INFO - Setting next_dagrun for tutorial_etl_dag to None
[2021-10-13 05:04:05,364] {scheduler_job.py:190} INFO - Processing /home/airflow/.local/lib/python3.6/site-packages/airflow/example_dags/tutorial_etl_dag.py took 0.074 seconds
[2021-10-13 05:04:36,236] {scheduler_job.py:182} INFO - Started process (PID=923) to work on /home/airflow/.local/lib/python3.6/site-packages/airflow/example_dags/tutorial_etl_dag.py
[2021-10-13 05:04:36,237] {scheduler_job.py:629} INFO - Processing file /home/airflow/.local/lib/python3.6/site-packages/airflow/example_dags/tutorial_etl_dag.py for tasks to queue
[2021-10-13 05:04:36,238] {logging_mixin.py:104} INFO - [2021-10-13 05:04:36,238] {dagbag.py:451} INFO - Filling up the DagBag from /home/airflow/.local/lib/python3.6/site-packages/airflow/example_dags/tutorial_etl_dag.py
[2021-10-13 05:04:36,251] {scheduler_job.py:639} INFO - DAG(s) dict_keys(['tutorial_etl_dag']) retrieved from /home/airflow/.local/lib/python3.6/site-packages/airflow/example_dags/tutorial_etl_dag.py
[2021-10-13 05:04:36,273] {logging_mixin.py:104} INFO - [2021-10-13 05:04:36,273] {dag.py:1824} INFO - Sync 1 DAGs
[2021-10-13 05:04:36,290] {logging_mixin.py:104} INFO - [2021-10-13 05:04:36,290] {dag.py:2280} INFO - Setting next_dagrun for tutorial_etl_dag to None
[2021-10-13 05:04:36,305] {scheduler_job.py:190} INFO - Processing /home/airflow/.local/lib/python3.6/site-packages/airflow/example_dags/tutorial_etl_dag.py took 0.072 seconds
[2021-10-13 05:05:06,768] {scheduler_job.py:182} INFO - Started process (PID=956) to work on /home/airflow/.local/lib/python3.6/site-packages/airflow/example_dags/tutorial_etl_dag.py
[2021-10-13 05:05:06,769] {scheduler_job.py:629} INFO - Processing file /home/airflow/.local/lib/python3.6/site-packages/airflow/example_dags/tutorial_etl_dag.py for tasks to queue
[2021-10-13 05:05:06,770] {logging_mixin.py:104} INFO - [2021-10-13 05:05:06,770] {dagbag.py:451} INFO - Filling up the DagBag from /home/airflow/.local/lib/python3.6/site-packages/airflow/example_dags/tutorial_etl_dag.py
[2021-10-13 05:05:06,786] {scheduler_job.py:639} INFO - DAG(s) dict_keys(['tutorial_etl_dag']) retrieved from /home/airflow/.local/lib/python3.6/site-packages/airflow/example_dags/tutorial_etl_dag.py
[2021-10-13 05:05:06,811] {logging_mixin.py:104} INFO - [2021-10-13 05:05:06,811] {dag.py:1824} INFO - Sync 1 DAGs
[2021-10-13 05:05:06,834] {logging_mixin.py:104} INFO - [2021-10-13 05:05:06,834] {dag.py:2280} INFO - Setting next_dagrun for tutorial_etl_dag to None
[2021-10-13 05:05:06,848] {scheduler_job.py:190} INFO - Processing /home/airflow/.local/lib/python3.6/site-packages/airflow/example_dags/tutorial_etl_dag.py took 0.084 seconds
[2021-10-13 05:05:36,938] {scheduler_job.py:182} INFO - Started process (PID=987) to work on /home/airflow/.local/lib/python3.6/site-packages/airflow/example_dags/tutorial_etl_dag.py
[2021-10-13 05:05:36,940] {scheduler_job.py:629} INFO - Processing file /home/airflow/.local/lib/python3.6/site-packages/airflow/example_dags/tutorial_etl_dag.py for tasks to queue
[2021-10-13 05:05:36,941] {logging_mixin.py:104} INFO - [2021-10-13 05:05:36,941] {dagbag.py:451} INFO - Filling up the DagBag from /home/airflow/.local/lib/python3.6/site-packages/airflow/example_dags/tutorial_etl_dag.py
[2021-10-13 05:05:36,961] {scheduler_job.py:639} INFO - DAG(s) dict_keys(['tutorial_etl_dag']) retrieved from /home/airflow/.local/lib/python3.6/site-packages/airflow/example_dags/tutorial_etl_dag.py
[2021-10-13 05:05:36,989] {logging_mixin.py:104} INFO - [2021-10-13 05:05:36,988] {dag.py:1824} INFO - Sync 1 DAGs
[2021-10-13 05:05:37,006] {logging_mixin.py:104} INFO - [2021-10-13 05:05:37,006] {dag.py:2280} INFO - Setting next_dagrun for tutorial_etl_dag to None
[2021-10-13 05:05:37,019] {scheduler_job.py:190} INFO - Processing /home/airflow/.local/lib/python3.6/site-packages/airflow/example_dags/tutorial_etl_dag.py took 0.086 seconds
[2021-10-13 05:06:07,332] {scheduler_job.py:182} INFO - Started process (PID=1025) to work on /home/airflow/.local/lib/python3.6/site-packages/airflow/example_dags/tutorial_etl_dag.py
[2021-10-13 05:06:07,334] {scheduler_job.py:629} INFO - Processing file /home/airflow/.local/lib/python3.6/site-packages/airflow/example_dags/tutorial_etl_dag.py for tasks to queue
[2021-10-13 05:06:07,335] {logging_mixin.py:104} INFO - [2021-10-13 05:06:07,335] {dagbag.py:451} INFO - Filling up the DagBag from /home/airflow/.local/lib/python3.6/site-packages/airflow/example_dags/tutorial_etl_dag.py
[2021-10-13 05:06:07,349] {scheduler_job.py:639} INFO - DAG(s) dict_keys(['tutorial_etl_dag']) retrieved from /home/airflow/.local/lib/python3.6/site-packages/airflow/example_dags/tutorial_etl_dag.py
[2021-10-13 05:06:07,370] {logging_mixin.py:104} INFO - [2021-10-13 05:06:07,370] {dag.py:1824} INFO - Sync 1 DAGs
[2021-10-13 05:06:07,388] {logging_mixin.py:104} INFO - [2021-10-13 05:06:07,388] {dag.py:2280} INFO - Setting next_dagrun for tutorial_etl_dag to None
[2021-10-13 05:06:07,405] {scheduler_job.py:190} INFO - Processing /home/airflow/.local/lib/python3.6/site-packages/airflow/example_dags/tutorial_etl_dag.py took 0.077 seconds
[2021-10-13 05:06:37,621] {scheduler_job.py:182} INFO - Started process (PID=1058) to work on /home/airflow/.local/lib/python3.6/site-packages/airflow/example_dags/tutorial_etl_dag.py
[2021-10-13 05:06:37,623] {scheduler_job.py:629} INFO - Processing file /home/airflow/.local/lib/python3.6/site-packages/airflow/example_dags/tutorial_etl_dag.py for tasks to queue
[2021-10-13 05:06:37,624] {logging_mixin.py:104} INFO - [2021-10-13 05:06:37,624] {dagbag.py:451} INFO - Filling up the DagBag from /home/airflow/.local/lib/python3.6/site-packages/airflow/example_dags/tutorial_etl_dag.py
[2021-10-13 05:06:37,637] {scheduler_job.py:639} INFO - DAG(s) dict_keys(['tutorial_etl_dag']) retrieved from /home/airflow/.local/lib/python3.6/site-packages/airflow/example_dags/tutorial_etl_dag.py
[2021-10-13 05:06:37,656] {logging_mixin.py:104} INFO - [2021-10-13 05:06:37,656] {dag.py:1824} INFO - Sync 1 DAGs
[2021-10-13 05:06:37,671] {logging_mixin.py:104} INFO - [2021-10-13 05:06:37,671] {dag.py:2280} INFO - Setting next_dagrun for tutorial_etl_dag to None
[2021-10-13 05:06:37,685] {scheduler_job.py:190} INFO - Processing /home/airflow/.local/lib/python3.6/site-packages/airflow/example_dags/tutorial_etl_dag.py took 0.067 seconds
[2021-10-13 05:07:07,836] {scheduler_job.py:182} INFO - Started process (PID=1091) to work on /home/airflow/.local/lib/python3.6/site-packages/airflow/example_dags/tutorial_etl_dag.py
[2021-10-13 05:07:07,837] {scheduler_job.py:629} INFO - Processing file /home/airflow/.local/lib/python3.6/site-packages/airflow/example_dags/tutorial_etl_dag.py for tasks to queue
[2021-10-13 05:07:07,838] {logging_mixin.py:104} INFO - [2021-10-13 05:07:07,838] {dagbag.py:451} INFO - Filling up the DagBag from /home/airflow/.local/lib/python3.6/site-packages/airflow/example_dags/tutorial_etl_dag.py
[2021-10-13 05:07:07,851] {scheduler_job.py:639} INFO - DAG(s) dict_keys(['tutorial_etl_dag']) retrieved from /home/airflow/.local/lib/python3.6/site-packages/airflow/example_dags/tutorial_etl_dag.py
[2021-10-13 05:07:07,873] {logging_mixin.py:104} INFO - [2021-10-13 05:07:07,872] {dag.py:1824} INFO - Sync 1 DAGs
[2021-10-13 05:07:07,889] {logging_mixin.py:104} INFO - [2021-10-13 05:07:07,889] {dag.py:2280} INFO - Setting next_dagrun for tutorial_etl_dag to None
[2021-10-13 05:07:07,906] {scheduler_job.py:190} INFO - Processing /home/airflow/.local/lib/python3.6/site-packages/airflow/example_dags/tutorial_etl_dag.py took 0.072 seconds
[2021-10-13 05:07:38,227] {scheduler_job.py:182} INFO - Started process (PID=1124) to work on /home/airflow/.local/lib/python3.6/site-packages/airflow/example_dags/tutorial_etl_dag.py
[2021-10-13 05:07:38,229] {scheduler_job.py:629} INFO - Processing file /home/airflow/.local/lib/python3.6/site-packages/airflow/example_dags/tutorial_etl_dag.py for tasks to queue
[2021-10-13 05:07:38,230] {logging_mixin.py:104} INFO - [2021-10-13 05:07:38,230] {dagbag.py:451} INFO - Filling up the DagBag from /home/airflow/.local/lib/python3.6/site-packages/airflow/example_dags/tutorial_etl_dag.py
[2021-10-13 05:07:38,268] {scheduler_job.py:639} INFO - DAG(s) dict_keys(['tutorial_etl_dag']) retrieved from /home/airflow/.local/lib/python3.6/site-packages/airflow/example_dags/tutorial_etl_dag.py
[2021-10-13 05:07:38,307] {logging_mixin.py:104} INFO - [2021-10-13 05:07:38,307] {dag.py:1824} INFO - Sync 1 DAGs
[2021-10-13 05:07:38,334] {logging_mixin.py:104} INFO - [2021-10-13 05:07:38,334] {dag.py:2280} INFO - Setting next_dagrun for tutorial_etl_dag to None
[2021-10-13 05:07:38,353] {scheduler_job.py:190} INFO - Processing /home/airflow/.local/lib/python3.6/site-packages/airflow/example_dags/tutorial_etl_dag.py took 0.133 seconds
[2021-10-13 05:08:08,438] {scheduler_job.py:182} INFO - Started process (PID=1157) to work on /home/airflow/.local/lib/python3.6/site-packages/airflow/example_dags/tutorial_etl_dag.py
[2021-10-13 05:08:08,440] {scheduler_job.py:629} INFO - Processing file /home/airflow/.local/lib/python3.6/site-packages/airflow/example_dags/tutorial_etl_dag.py for tasks to queue
[2021-10-13 05:08:08,441] {logging_mixin.py:104} INFO - [2021-10-13 05:08:08,441] {dagbag.py:451} INFO - Filling up the DagBag from /home/airflow/.local/lib/python3.6/site-packages/airflow/example_dags/tutorial_etl_dag.py
[2021-10-13 05:08:08,458] {scheduler_job.py:639} INFO - DAG(s) dict_keys(['tutorial_etl_dag']) retrieved from /home/airflow/.local/lib/python3.6/site-packages/airflow/example_dags/tutorial_etl_dag.py
[2021-10-13 05:08:08,481] {logging_mixin.py:104} INFO - [2021-10-13 05:08:08,481] {dag.py:1824} INFO - Sync 1 DAGs
[2021-10-13 05:08:08,500] {logging_mixin.py:104} INFO - [2021-10-13 05:08:08,500] {dag.py:2280} INFO - Setting next_dagrun for tutorial_etl_dag to None
[2021-10-13 05:08:08,515] {scheduler_job.py:190} INFO - Processing /home/airflow/.local/lib/python3.6/site-packages/airflow/example_dags/tutorial_etl_dag.py took 0.082 seconds
[2021-10-13 05:08:38,790] {scheduler_job.py:182} INFO - Started process (PID=1191) to work on /home/airflow/.local/lib/python3.6/site-packages/airflow/example_dags/tutorial_etl_dag.py
[2021-10-13 05:08:38,792] {scheduler_job.py:629} INFO - Processing file /home/airflow/.local/lib/python3.6/site-packages/airflow/example_dags/tutorial_etl_dag.py for tasks to queue
[2021-10-13 05:08:38,794] {logging_mixin.py:104} INFO - [2021-10-13 05:08:38,794] {dagbag.py:451} INFO - Filling up the DagBag from /home/airflow/.local/lib/python3.6/site-packages/airflow/example_dags/tutorial_etl_dag.py
[2021-10-13 05:08:38,807] {scheduler_job.py:639} INFO - DAG(s) dict_keys(['tutorial_etl_dag']) retrieved from /home/airflow/.local/lib/python3.6/site-packages/airflow/example_dags/tutorial_etl_dag.py
[2021-10-13 05:08:38,832] {logging_mixin.py:104} INFO - [2021-10-13 05:08:38,831] {dag.py:1824} INFO - Sync 1 DAGs
[2021-10-13 05:08:38,851] {logging_mixin.py:104} INFO - [2021-10-13 05:08:38,851] {dag.py:2280} INFO - Setting next_dagrun for tutorial_etl_dag to None
[2021-10-13 05:08:38,868] {scheduler_job.py:190} INFO - Processing /home/airflow/.local/lib/python3.6/site-packages/airflow/example_dags/tutorial_etl_dag.py took 0.081 seconds
[2021-10-13 05:09:09,355] {scheduler_job.py:182} INFO - Started process (PID=1215) to work on /home/airflow/.local/lib/python3.6/site-packages/airflow/example_dags/tutorial_etl_dag.py
[2021-10-13 05:09:09,357] {scheduler_job.py:629} INFO - Processing file /home/airflow/.local/lib/python3.6/site-packages/airflow/example_dags/tutorial_etl_dag.py for tasks to queue
[2021-10-13 05:09:09,358] {logging_mixin.py:104} INFO - [2021-10-13 05:09:09,357] {dagbag.py:451} INFO - Filling up the DagBag from /home/airflow/.local/lib/python3.6/site-packages/airflow/example_dags/tutorial_etl_dag.py
[2021-10-13 05:09:09,371] {scheduler_job.py:639} INFO - DAG(s) dict_keys(['tutorial_etl_dag']) retrieved from /home/airflow/.local/lib/python3.6/site-packages/airflow/example_dags/tutorial_etl_dag.py
[2021-10-13 05:09:09,392] {logging_mixin.py:104} INFO - [2021-10-13 05:09:09,391] {dag.py:1824} INFO - Sync 1 DAGs
[2021-10-13 05:09:09,407] {logging_mixin.py:104} INFO - [2021-10-13 05:09:09,407] {dag.py:2280} INFO - Setting next_dagrun for tutorial_etl_dag to None
[2021-10-13 05:09:09,419] {scheduler_job.py:190} INFO - Processing /home/airflow/.local/lib/python3.6/site-packages/airflow/example_dags/tutorial_etl_dag.py took 0.067 seconds
[2021-10-13 05:09:40,297] {scheduler_job.py:182} INFO - Started process (PID=1248) to work on /home/airflow/.local/lib/python3.6/site-packages/airflow/example_dags/tutorial_etl_dag.py
[2021-10-13 05:09:40,299] {scheduler_job.py:629} INFO - Processing file /home/airflow/.local/lib/python3.6/site-packages/airflow/example_dags/tutorial_etl_dag.py for tasks to queue
[2021-10-13 05:09:40,301] {logging_mixin.py:104} INFO - [2021-10-13 05:09:40,300] {dagbag.py:451} INFO - Filling up the DagBag from /home/airflow/.local/lib/python3.6/site-packages/airflow/example_dags/tutorial_etl_dag.py
[2021-10-13 05:09:40,315] {scheduler_job.py:639} INFO - DAG(s) dict_keys(['tutorial_etl_dag']) retrieved from /home/airflow/.local/lib/python3.6/site-packages/airflow/example_dags/tutorial_etl_dag.py
[2021-10-13 05:09:40,352] {logging_mixin.py:104} INFO - [2021-10-13 05:09:40,351] {dag.py:1824} INFO - Sync 1 DAGs
[2021-10-13 05:09:40,369] {logging_mixin.py:104} INFO - [2021-10-13 05:09:40,369] {dag.py:2280} INFO - Setting next_dagrun for tutorial_etl_dag to None
[2021-10-13 05:09:40,383] {scheduler_job.py:190} INFO - Processing /home/airflow/.local/lib/python3.6/site-packages/airflow/example_dags/tutorial_etl_dag.py took 0.088 seconds
[2021-10-13 05:10:10,670] {scheduler_job.py:182} INFO - Started process (PID=1284) to work on /home/airflow/.local/lib/python3.6/site-packages/airflow/example_dags/tutorial_etl_dag.py
[2021-10-13 05:10:10,671] {scheduler_job.py:629} INFO - Processing file /home/airflow/.local/lib/python3.6/site-packages/airflow/example_dags/tutorial_etl_dag.py for tasks to queue
[2021-10-13 05:10:10,672] {logging_mixin.py:104} INFO - [2021-10-13 05:10:10,672] {dagbag.py:451} INFO - Filling up the DagBag from /home/airflow/.local/lib/python3.6/site-packages/airflow/example_dags/tutorial_etl_dag.py
[2021-10-13 05:10:10,687] {scheduler_job.py:639} INFO - DAG(s) dict_keys(['tutorial_etl_dag']) retrieved from /home/airflow/.local/lib/python3.6/site-packages/airflow/example_dags/tutorial_etl_dag.py
[2021-10-13 05:10:10,707] {logging_mixin.py:104} INFO - [2021-10-13 05:10:10,707] {dag.py:1824} INFO - Sync 1 DAGs
[2021-10-13 05:10:10,724] {logging_mixin.py:104} INFO - [2021-10-13 05:10:10,724] {dag.py:2280} INFO - Setting next_dagrun for tutorial_etl_dag to None
[2021-10-13 05:10:10,739] {scheduler_job.py:190} INFO - Processing /home/airflow/.local/lib/python3.6/site-packages/airflow/example_dags/tutorial_etl_dag.py took 0.072 seconds
[2021-10-13 05:10:40,830] {scheduler_job.py:182} INFO - Started process (PID=1317) to work on /home/airflow/.local/lib/python3.6/site-packages/airflow/example_dags/tutorial_etl_dag.py
[2021-10-13 05:10:40,832] {scheduler_job.py:629} INFO - Processing file /home/airflow/.local/lib/python3.6/site-packages/airflow/example_dags/tutorial_etl_dag.py for tasks to queue
[2021-10-13 05:10:40,832] {logging_mixin.py:104} INFO - [2021-10-13 05:10:40,832] {dagbag.py:451} INFO - Filling up the DagBag from /home/airflow/.local/lib/python3.6/site-packages/airflow/example_dags/tutorial_etl_dag.py
[2021-10-13 05:10:40,845] {scheduler_job.py:639} INFO - DAG(s) dict_keys(['tutorial_etl_dag']) retrieved from /home/airflow/.local/lib/python3.6/site-packages/airflow/example_dags/tutorial_etl_dag.py
[2021-10-13 05:10:40,866] {logging_mixin.py:104} INFO - [2021-10-13 05:10:40,865] {dag.py:1824} INFO - Sync 1 DAGs
[2021-10-13 05:10:40,883] {logging_mixin.py:104} INFO - [2021-10-13 05:10:40,883] {dag.py:2280} INFO - Setting next_dagrun for tutorial_etl_dag to None
[2021-10-13 05:10:40,896] {scheduler_job.py:190} INFO - Processing /home/airflow/.local/lib/python3.6/site-packages/airflow/example_dags/tutorial_etl_dag.py took 0.069 seconds
[2021-10-13 05:11:11,253] {scheduler_job.py:182} INFO - Started process (PID=1352) to work on /home/airflow/.local/lib/python3.6/site-packages/airflow/example_dags/tutorial_etl_dag.py
[2021-10-13 05:11:11,255] {scheduler_job.py:629} INFO - Processing file /home/airflow/.local/lib/python3.6/site-packages/airflow/example_dags/tutorial_etl_dag.py for tasks to queue
[2021-10-13 05:11:11,256] {logging_mixin.py:104} INFO - [2021-10-13 05:11:11,255] {dagbag.py:451} INFO - Filling up the DagBag from /home/airflow/.local/lib/python3.6/site-packages/airflow/example_dags/tutorial_etl_dag.py
[2021-10-13 05:11:11,269] {scheduler_job.py:639} INFO - DAG(s) dict_keys(['tutorial_etl_dag']) retrieved from /home/airflow/.local/lib/python3.6/site-packages/airflow/example_dags/tutorial_etl_dag.py
[2021-10-13 05:11:11,292] {logging_mixin.py:104} INFO - [2021-10-13 05:11:11,292] {dag.py:1824} INFO - Sync 1 DAGs
[2021-10-13 05:11:11,309] {logging_mixin.py:104} INFO - [2021-10-13 05:11:11,309] {dag.py:2280} INFO - Setting next_dagrun for tutorial_etl_dag to None
[2021-10-13 05:11:11,323] {scheduler_job.py:190} INFO - Processing /home/airflow/.local/lib/python3.6/site-packages/airflow/example_dags/tutorial_etl_dag.py took 0.073 seconds
[2021-10-13 05:11:41,903] {scheduler_job.py:182} INFO - Started process (PID=1381) to work on /home/airflow/.local/lib/python3.6/site-packages/airflow/example_dags/tutorial_etl_dag.py
[2021-10-13 05:11:41,904] {scheduler_job.py:629} INFO - Processing file /home/airflow/.local/lib/python3.6/site-packages/airflow/example_dags/tutorial_etl_dag.py for tasks to queue
[2021-10-13 05:11:41,905] {logging_mixin.py:104} INFO - [2021-10-13 05:11:41,905] {dagbag.py:451} INFO - Filling up the DagBag from /home/airflow/.local/lib/python3.6/site-packages/airflow/example_dags/tutorial_etl_dag.py
[2021-10-13 05:11:41,917] {scheduler_job.py:639} INFO - DAG(s) dict_keys(['tutorial_etl_dag']) retrieved from /home/airflow/.local/lib/python3.6/site-packages/airflow/example_dags/tutorial_etl_dag.py
[2021-10-13 05:11:41,940] {logging_mixin.py:104} INFO - [2021-10-13 05:11:41,940] {dag.py:1824} INFO - Sync 1 DAGs
[2021-10-13 05:11:41,956] {logging_mixin.py:104} INFO - [2021-10-13 05:11:41,956] {dag.py:2280} INFO - Setting next_dagrun for tutorial_etl_dag to None
[2021-10-13 05:11:41,969] {scheduler_job.py:190} INFO - Processing /home/airflow/.local/lib/python3.6/site-packages/airflow/example_dags/tutorial_etl_dag.py took 0.069 seconds
[2021-10-13 05:12:12,071] {scheduler_job.py:182} INFO - Started process (PID=1413) to work on /home/airflow/.local/lib/python3.6/site-packages/airflow/example_dags/tutorial_etl_dag.py
[2021-10-13 05:12:12,073] {scheduler_job.py:629} INFO - Processing file /home/airflow/.local/lib/python3.6/site-packages/airflow/example_dags/tutorial_etl_dag.py for tasks to queue
[2021-10-13 05:12:12,074] {logging_mixin.py:104} INFO - [2021-10-13 05:12:12,074] {dagbag.py:451} INFO - Filling up the DagBag from /home/airflow/.local/lib/python3.6/site-packages/airflow/example_dags/tutorial_etl_dag.py
[2021-10-13 05:12:12,086] {scheduler_job.py:639} INFO - DAG(s) dict_keys(['tutorial_etl_dag']) retrieved from /home/airflow/.local/lib/python3.6/site-packages/airflow/example_dags/tutorial_etl_dag.py
[2021-10-13 05:12:12,108] {logging_mixin.py:104} INFO - [2021-10-13 05:12:12,108] {dag.py:1824} INFO - Sync 1 DAGs
[2021-10-13 05:12:12,124] {logging_mixin.py:104} INFO - [2021-10-13 05:12:12,124] {dag.py:2280} INFO - Setting next_dagrun for tutorial_etl_dag to None
[2021-10-13 05:12:12,137] {scheduler_job.py:190} INFO - Processing /home/airflow/.local/lib/python3.6/site-packages/airflow/example_dags/tutorial_etl_dag.py took 0.069 seconds
[2021-10-13 05:12:43,048] {scheduler_job.py:182} INFO - Started process (PID=1447) to work on /home/airflow/.local/lib/python3.6/site-packages/airflow/example_dags/tutorial_etl_dag.py
[2021-10-13 05:12:43,050] {scheduler_job.py:629} INFO - Processing file /home/airflow/.local/lib/python3.6/site-packages/airflow/example_dags/tutorial_etl_dag.py for tasks to queue
[2021-10-13 05:12:43,051] {logging_mixin.py:104} INFO - [2021-10-13 05:12:43,051] {dagbag.py:451} INFO - Filling up the DagBag from /home/airflow/.local/lib/python3.6/site-packages/airflow/example_dags/tutorial_etl_dag.py
[2021-10-13 05:12:43,064] {scheduler_job.py:639} INFO - DAG(s) dict_keys(['tutorial_etl_dag']) retrieved from /home/airflow/.local/lib/python3.6/site-packages/airflow/example_dags/tutorial_etl_dag.py
[2021-10-13 05:12:43,087] {logging_mixin.py:104} INFO - [2021-10-13 05:12:43,087] {dag.py:1824} INFO - Sync 1 DAGs
[2021-10-13 05:12:43,104] {logging_mixin.py:104} INFO - [2021-10-13 05:12:43,104] {dag.py:2280} INFO - Setting next_dagrun for tutorial_etl_dag to None
[2021-10-13 05:12:43,118] {scheduler_job.py:190} INFO - Processing /home/airflow/.local/lib/python3.6/site-packages/airflow/example_dags/tutorial_etl_dag.py took 0.073 seconds
[2021-10-13 05:13:13,341] {scheduler_job.py:182} INFO - Started process (PID=1482) to work on /home/airflow/.local/lib/python3.6/site-packages/airflow/example_dags/tutorial_etl_dag.py
[2021-10-13 05:13:13,342] {scheduler_job.py:629} INFO - Processing file /home/airflow/.local/lib/python3.6/site-packages/airflow/example_dags/tutorial_etl_dag.py for tasks to queue
[2021-10-13 05:13:13,343] {logging_mixin.py:104} INFO - [2021-10-13 05:13:13,343] {dagbag.py:451} INFO - Filling up the DagBag from /home/airflow/.local/lib/python3.6/site-packages/airflow/example_dags/tutorial_etl_dag.py
[2021-10-13 05:13:13,355] {scheduler_job.py:639} INFO - DAG(s) dict_keys(['tutorial_etl_dag']) retrieved from /home/airflow/.local/lib/python3.6/site-packages/airflow/example_dags/tutorial_etl_dag.py
[2021-10-13 05:13:13,377] {logging_mixin.py:104} INFO - [2021-10-13 05:13:13,377] {dag.py:1824} INFO - Sync 1 DAGs
[2021-10-13 05:13:13,394] {logging_mixin.py:104} INFO - [2021-10-13 05:13:13,394] {dag.py:2280} INFO - Setting next_dagrun for tutorial_etl_dag to None
[2021-10-13 05:13:13,407] {scheduler_job.py:190} INFO - Processing /home/airflow/.local/lib/python3.6/site-packages/airflow/example_dags/tutorial_etl_dag.py took 0.070 seconds
[2021-10-13 05:13:44,326] {scheduler_job.py:182} INFO - Started process (PID=1513) to work on /home/airflow/.local/lib/python3.6/site-packages/airflow/example_dags/tutorial_etl_dag.py
[2021-10-13 05:13:44,328] {scheduler_job.py:629} INFO - Processing file /home/airflow/.local/lib/python3.6/site-packages/airflow/example_dags/tutorial_etl_dag.py for tasks to queue
[2021-10-13 05:13:44,329] {logging_mixin.py:104} INFO - [2021-10-13 05:13:44,329] {dagbag.py:451} INFO - Filling up the DagBag from /home/airflow/.local/lib/python3.6/site-packages/airflow/example_dags/tutorial_etl_dag.py
[2021-10-13 05:13:44,341] {scheduler_job.py:639} INFO - DAG(s) dict_keys(['tutorial_etl_dag']) retrieved from /home/airflow/.local/lib/python3.6/site-packages/airflow/example_dags/tutorial_etl_dag.py
[2021-10-13 05:13:44,364] {logging_mixin.py:104} INFO - [2021-10-13 05:13:44,364] {dag.py:1824} INFO - Sync 1 DAGs
[2021-10-13 05:13:44,380] {logging_mixin.py:104} INFO - [2021-10-13 05:13:44,380] {dag.py:2280} INFO - Setting next_dagrun for tutorial_etl_dag to None
[2021-10-13 05:13:44,394] {scheduler_job.py:190} INFO - Processing /home/airflow/.local/lib/python3.6/site-packages/airflow/example_dags/tutorial_etl_dag.py took 0.072 seconds
[2021-10-13 05:14:14,577] {scheduler_job.py:182} INFO - Started process (PID=1547) to work on /home/airflow/.local/lib/python3.6/site-packages/airflow/example_dags/tutorial_etl_dag.py
[2021-10-13 05:14:14,578] {scheduler_job.py:629} INFO - Processing file /home/airflow/.local/lib/python3.6/site-packages/airflow/example_dags/tutorial_etl_dag.py for tasks to queue
[2021-10-13 05:14:14,579] {logging_mixin.py:104} INFO - [2021-10-13 05:14:14,579] {dagbag.py:451} INFO - Filling up the DagBag from /home/airflow/.local/lib/python3.6/site-packages/airflow/example_dags/tutorial_etl_dag.py
[2021-10-13 05:14:14,593] {scheduler_job.py:639} INFO - DAG(s) dict_keys(['tutorial_etl_dag']) retrieved from /home/airflow/.local/lib/python3.6/site-packages/airflow/example_dags/tutorial_etl_dag.py
[2021-10-13 05:14:14,614] {logging_mixin.py:104} INFO - [2021-10-13 05:14:14,614] {dag.py:1824} INFO - Sync 1 DAGs
[2021-10-13 05:14:14,631] {logging_mixin.py:104} INFO - [2021-10-13 05:14:14,631] {dag.py:2280} INFO - Setting next_dagrun for tutorial_etl_dag to None
[2021-10-13 05:14:14,647] {scheduler_job.py:190} INFO - Processing /home/airflow/.local/lib/python3.6/site-packages/airflow/example_dags/tutorial_etl_dag.py took 0.073 seconds
[2021-10-13 05:26:30,725] {scheduler_job.py:182} INFO - Started process (PID=1574) to work on /home/airflow/.local/lib/python3.6/site-packages/airflow/example_dags/tutorial_etl_dag.py
[2021-10-13 05:26:30,727] {scheduler_job.py:629} INFO - Processing file /home/airflow/.local/lib/python3.6/site-packages/airflow/example_dags/tutorial_etl_dag.py for tasks to queue
[2021-10-13 05:26:30,728] {logging_mixin.py:104} INFO - [2021-10-13 05:26:30,728] {dagbag.py:451} INFO - Filling up the DagBag from /home/airflow/.local/lib/python3.6/site-packages/airflow/example_dags/tutorial_etl_dag.py
[2021-10-13 05:26:30,754] {scheduler_job.py:639} INFO - DAG(s) dict_keys(['tutorial_etl_dag']) retrieved from /home/airflow/.local/lib/python3.6/site-packages/airflow/example_dags/tutorial_etl_dag.py
[2021-10-13 05:26:30,792] {logging_mixin.py:104} INFO - [2021-10-13 05:26:30,792] {dag.py:1824} INFO - Sync 1 DAGs
[2021-10-13 05:26:30,817] {logging_mixin.py:104} INFO - [2021-10-13 05:26:30,817] {dag.py:2280} INFO - Setting next_dagrun for tutorial_etl_dag to None
[2021-10-13 05:26:30,839] {scheduler_job.py:190} INFO - Processing /home/airflow/.local/lib/python3.6/site-packages/airflow/example_dags/tutorial_etl_dag.py took 0.120 seconds
[2021-10-13 05:27:01,260] {scheduler_job.py:182} INFO - Started process (PID=1607) to work on /home/airflow/.local/lib/python3.6/site-packages/airflow/example_dags/tutorial_etl_dag.py
[2021-10-13 05:27:01,261] {scheduler_job.py:629} INFO - Processing file /home/airflow/.local/lib/python3.6/site-packages/airflow/example_dags/tutorial_etl_dag.py for tasks to queue
[2021-10-13 05:27:01,262] {logging_mixin.py:104} INFO - [2021-10-13 05:27:01,262] {dagbag.py:451} INFO - Filling up the DagBag from /home/airflow/.local/lib/python3.6/site-packages/airflow/example_dags/tutorial_etl_dag.py
[2021-10-13 05:27:01,275] {scheduler_job.py:639} INFO - DAG(s) dict_keys(['tutorial_etl_dag']) retrieved from /home/airflow/.local/lib/python3.6/site-packages/airflow/example_dags/tutorial_etl_dag.py
[2021-10-13 05:27:01,298] {logging_mixin.py:104} INFO - [2021-10-13 05:27:01,298] {dag.py:1824} INFO - Sync 1 DAGs
[2021-10-13 05:27:01,319] {logging_mixin.py:104} INFO - [2021-10-13 05:27:01,319] {dag.py:2280} INFO - Setting next_dagrun for tutorial_etl_dag to None
[2021-10-13 05:27:01,332] {scheduler_job.py:190} INFO - Processing /home/airflow/.local/lib/python3.6/site-packages/airflow/example_dags/tutorial_etl_dag.py took 0.077 seconds
[2021-10-13 05:27:31,455] {scheduler_job.py:182} INFO - Started process (PID=1640) to work on /home/airflow/.local/lib/python3.6/site-packages/airflow/example_dags/tutorial_etl_dag.py
[2021-10-13 05:27:31,458] {scheduler_job.py:629} INFO - Processing file /home/airflow/.local/lib/python3.6/site-packages/airflow/example_dags/tutorial_etl_dag.py for tasks to queue
[2021-10-13 05:27:31,460] {logging_mixin.py:104} INFO - [2021-10-13 05:27:31,459] {dagbag.py:451} INFO - Filling up the DagBag from /home/airflow/.local/lib/python3.6/site-packages/airflow/example_dags/tutorial_etl_dag.py
[2021-10-13 05:27:31,474] {scheduler_job.py:639} INFO - DAG(s) dict_keys(['tutorial_etl_dag']) retrieved from /home/airflow/.local/lib/python3.6/site-packages/airflow/example_dags/tutorial_etl_dag.py
[2021-10-13 05:27:31,500] {logging_mixin.py:104} INFO - [2021-10-13 05:27:31,500] {dag.py:1824} INFO - Sync 1 DAGs
[2021-10-13 05:27:31,519] {logging_mixin.py:104} INFO - [2021-10-13 05:27:31,519] {dag.py:2280} INFO - Setting next_dagrun for tutorial_etl_dag to None
[2021-10-13 05:27:31,534] {scheduler_job.py:190} INFO - Processing /home/airflow/.local/lib/python3.6/site-packages/airflow/example_dags/tutorial_etl_dag.py took 0.082 seconds
[2021-10-13 05:28:02,538] {scheduler_job.py:182} INFO - Started process (PID=1677) to work on /home/airflow/.local/lib/python3.6/site-packages/airflow/example_dags/tutorial_etl_dag.py
[2021-10-13 05:28:02,540] {scheduler_job.py:629} INFO - Processing file /home/airflow/.local/lib/python3.6/site-packages/airflow/example_dags/tutorial_etl_dag.py for tasks to queue
[2021-10-13 05:28:02,541] {logging_mixin.py:104} INFO - [2021-10-13 05:28:02,541] {dagbag.py:451} INFO - Filling up the DagBag from /home/airflow/.local/lib/python3.6/site-packages/airflow/example_dags/tutorial_etl_dag.py
[2021-10-13 05:28:02,557] {scheduler_job.py:639} INFO - DAG(s) dict_keys(['tutorial_etl_dag']) retrieved from /home/airflow/.local/lib/python3.6/site-packages/airflow/example_dags/tutorial_etl_dag.py
[2021-10-13 05:28:02,582] {logging_mixin.py:104} INFO - [2021-10-13 05:28:02,581] {dag.py:1824} INFO - Sync 1 DAGs
[2021-10-13 05:28:02,600] {logging_mixin.py:104} INFO - [2021-10-13 05:28:02,600] {dag.py:2280} INFO - Setting next_dagrun for tutorial_etl_dag to None
[2021-10-13 05:28:02,616] {scheduler_job.py:190} INFO - Processing /home/airflow/.local/lib/python3.6/site-packages/airflow/example_dags/tutorial_etl_dag.py took 0.082 seconds
[2021-10-13 05:28:33,147] {scheduler_job.py:182} INFO - Started process (PID=1713) to work on /home/airflow/.local/lib/python3.6/site-packages/airflow/example_dags/tutorial_etl_dag.py
[2021-10-13 05:28:33,148] {scheduler_job.py:629} INFO - Processing file /home/airflow/.local/lib/python3.6/site-packages/airflow/example_dags/tutorial_etl_dag.py for tasks to queue
[2021-10-13 05:28:33,149] {logging_mixin.py:104} INFO - [2021-10-13 05:28:33,149] {dagbag.py:451} INFO - Filling up the DagBag from /home/airflow/.local/lib/python3.6/site-packages/airflow/example_dags/tutorial_etl_dag.py
[2021-10-13 05:28:33,167] {scheduler_job.py:639} INFO - DAG(s) dict_keys(['tutorial_etl_dag']) retrieved from /home/airflow/.local/lib/python3.6/site-packages/airflow/example_dags/tutorial_etl_dag.py
[2021-10-13 05:28:33,190] {logging_mixin.py:104} INFO - [2021-10-13 05:28:33,190] {dag.py:1824} INFO - Sync 1 DAGs
[2021-10-13 05:28:33,211] {logging_mixin.py:104} INFO - [2021-10-13 05:28:33,211] {dag.py:2280} INFO - Setting next_dagrun for tutorial_etl_dag to None
[2021-10-13 05:28:33,228] {scheduler_job.py:190} INFO - Processing /home/airflow/.local/lib/python3.6/site-packages/airflow/example_dags/tutorial_etl_dag.py took 0.085 seconds
[2021-10-13 05:29:03,799] {scheduler_job.py:182} INFO - Started process (PID=1749) to work on /home/airflow/.local/lib/python3.6/site-packages/airflow/example_dags/tutorial_etl_dag.py
[2021-10-13 05:29:03,801] {scheduler_job.py:629} INFO - Processing file /home/airflow/.local/lib/python3.6/site-packages/airflow/example_dags/tutorial_etl_dag.py for tasks to queue
[2021-10-13 05:29:03,802] {logging_mixin.py:104} INFO - [2021-10-13 05:29:03,802] {dagbag.py:451} INFO - Filling up the DagBag from /home/airflow/.local/lib/python3.6/site-packages/airflow/example_dags/tutorial_etl_dag.py
[2021-10-13 05:29:03,818] {scheduler_job.py:639} INFO - DAG(s) dict_keys(['tutorial_etl_dag']) retrieved from /home/airflow/.local/lib/python3.6/site-packages/airflow/example_dags/tutorial_etl_dag.py
[2021-10-13 05:29:03,843] {logging_mixin.py:104} INFO - [2021-10-13 05:29:03,843] {dag.py:1824} INFO - Sync 1 DAGs
[2021-10-13 05:29:03,862] {logging_mixin.py:104} INFO - [2021-10-13 05:29:03,862] {dag.py:2280} INFO - Setting next_dagrun for tutorial_etl_dag to None
[2021-10-13 05:29:03,906] {scheduler_job.py:190} INFO - Processing /home/airflow/.local/lib/python3.6/site-packages/airflow/example_dags/tutorial_etl_dag.py took 0.111 seconds
[2021-10-13 05:29:34,395] {scheduler_job.py:182} INFO - Started process (PID=1779) to work on /home/airflow/.local/lib/python3.6/site-packages/airflow/example_dags/tutorial_etl_dag.py
[2021-10-13 05:29:34,397] {scheduler_job.py:629} INFO - Processing file /home/airflow/.local/lib/python3.6/site-packages/airflow/example_dags/tutorial_etl_dag.py for tasks to queue
[2021-10-13 05:29:34,399] {logging_mixin.py:104} INFO - [2021-10-13 05:29:34,399] {dagbag.py:451} INFO - Filling up the DagBag from /home/airflow/.local/lib/python3.6/site-packages/airflow/example_dags/tutorial_etl_dag.py
[2021-10-13 05:29:34,425] {scheduler_job.py:639} INFO - DAG(s) dict_keys(['tutorial_etl_dag']) retrieved from /home/airflow/.local/lib/python3.6/site-packages/airflow/example_dags/tutorial_etl_dag.py
[2021-10-13 05:29:34,461] {logging_mixin.py:104} INFO - [2021-10-13 05:29:34,461] {dag.py:1824} INFO - Sync 1 DAGs
[2021-10-13 05:29:34,506] {logging_mixin.py:104} INFO - [2021-10-13 05:29:34,506] {dag.py:2280} INFO - Setting next_dagrun for tutorial_etl_dag to None
[2021-10-13 05:29:34,582] {scheduler_job.py:190} INFO - Processing /home/airflow/.local/lib/python3.6/site-packages/airflow/example_dags/tutorial_etl_dag.py took 0.191 seconds
[2021-10-13 05:30:04,669] {scheduler_job.py:182} INFO - Started process (PID=1812) to work on /home/airflow/.local/lib/python3.6/site-packages/airflow/example_dags/tutorial_etl_dag.py
[2021-10-13 05:30:04,674] {scheduler_job.py:629} INFO - Processing file /home/airflow/.local/lib/python3.6/site-packages/airflow/example_dags/tutorial_etl_dag.py for tasks to queue
[2021-10-13 05:30:04,676] {logging_mixin.py:104} INFO - [2021-10-13 05:30:04,676] {dagbag.py:451} INFO - Filling up the DagBag from /home/airflow/.local/lib/python3.6/site-packages/airflow/example_dags/tutorial_etl_dag.py
[2021-10-13 05:30:04,703] {scheduler_job.py:639} INFO - DAG(s) dict_keys(['tutorial_etl_dag']) retrieved from /home/airflow/.local/lib/python3.6/site-packages/airflow/example_dags/tutorial_etl_dag.py
[2021-10-13 05:30:04,733] {logging_mixin.py:104} INFO - [2021-10-13 05:30:04,732] {dag.py:1824} INFO - Sync 1 DAGs
[2021-10-13 05:30:04,750] {logging_mixin.py:104} INFO - [2021-10-13 05:30:04,749] {dag.py:2280} INFO - Setting next_dagrun for tutorial_etl_dag to None
[2021-10-13 05:30:04,765] {scheduler_job.py:190} INFO - Processing /home/airflow/.local/lib/python3.6/site-packages/airflow/example_dags/tutorial_etl_dag.py took 0.103 seconds
[2021-10-13 05:30:35,468] {scheduler_job.py:182} INFO - Started process (PID=1846) to work on /home/airflow/.local/lib/python3.6/site-packages/airflow/example_dags/tutorial_etl_dag.py
[2021-10-13 05:30:35,471] {scheduler_job.py:629} INFO - Processing file /home/airflow/.local/lib/python3.6/site-packages/airflow/example_dags/tutorial_etl_dag.py for tasks to queue
[2021-10-13 05:30:35,473] {logging_mixin.py:104} INFO - [2021-10-13 05:30:35,473] {dagbag.py:451} INFO - Filling up the DagBag from /home/airflow/.local/lib/python3.6/site-packages/airflow/example_dags/tutorial_etl_dag.py
[2021-10-13 05:30:35,494] {scheduler_job.py:639} INFO - DAG(s) dict_keys(['tutorial_etl_dag']) retrieved from /home/airflow/.local/lib/python3.6/site-packages/airflow/example_dags/tutorial_etl_dag.py
[2021-10-13 05:30:35,526] {logging_mixin.py:104} INFO - [2021-10-13 05:30:35,526] {dag.py:1824} INFO - Sync 1 DAGs
[2021-10-13 05:30:35,552] {logging_mixin.py:104} INFO - [2021-10-13 05:30:35,552] {dag.py:2280} INFO - Setting next_dagrun for tutorial_etl_dag to None
[2021-10-13 05:30:35,570] {scheduler_job.py:190} INFO - Processing /home/airflow/.local/lib/python3.6/site-packages/airflow/example_dags/tutorial_etl_dag.py took 0.106 seconds
[2021-10-13 05:31:06,014] {scheduler_job.py:182} INFO - Started process (PID=1881) to work on /home/airflow/.local/lib/python3.6/site-packages/airflow/example_dags/tutorial_etl_dag.py
[2021-10-13 05:31:06,017] {scheduler_job.py:629} INFO - Processing file /home/airflow/.local/lib/python3.6/site-packages/airflow/example_dags/tutorial_etl_dag.py for tasks to queue
[2021-10-13 05:31:06,018] {logging_mixin.py:104} INFO - [2021-10-13 05:31:06,018] {dagbag.py:451} INFO - Filling up the DagBag from /home/airflow/.local/lib/python3.6/site-packages/airflow/example_dags/tutorial_etl_dag.py
[2021-10-13 05:31:06,047] {scheduler_job.py:639} INFO - DAG(s) dict_keys(['tutorial_etl_dag']) retrieved from /home/airflow/.local/lib/python3.6/site-packages/airflow/example_dags/tutorial_etl_dag.py
[2021-10-13 05:31:06,090] {logging_mixin.py:104} INFO - [2021-10-13 05:31:06,090] {dag.py:1824} INFO - Sync 1 DAGs
[2021-10-13 05:31:06,124] {logging_mixin.py:104} INFO - [2021-10-13 05:31:06,124] {dag.py:2280} INFO - Setting next_dagrun for tutorial_etl_dag to None
[2021-10-13 05:31:06,150] {scheduler_job.py:190} INFO - Processing /home/airflow/.local/lib/python3.6/site-packages/airflow/example_dags/tutorial_etl_dag.py took 0.143 seconds
[2021-10-13 05:31:37,094] {scheduler_job.py:182} INFO - Started process (PID=1915) to work on /home/airflow/.local/lib/python3.6/site-packages/airflow/example_dags/tutorial_etl_dag.py
[2021-10-13 05:31:37,096] {scheduler_job.py:629} INFO - Processing file /home/airflow/.local/lib/python3.6/site-packages/airflow/example_dags/tutorial_etl_dag.py for tasks to queue
[2021-10-13 05:31:37,097] {logging_mixin.py:104} INFO - [2021-10-13 05:31:37,097] {dagbag.py:451} INFO - Filling up the DagBag from /home/airflow/.local/lib/python3.6/site-packages/airflow/example_dags/tutorial_etl_dag.py
[2021-10-13 05:31:37,113] {scheduler_job.py:639} INFO - DAG(s) dict_keys(['tutorial_etl_dag']) retrieved from /home/airflow/.local/lib/python3.6/site-packages/airflow/example_dags/tutorial_etl_dag.py
[2021-10-13 05:31:37,139] {logging_mixin.py:104} INFO - [2021-10-13 05:31:37,138] {dag.py:1824} INFO - Sync 1 DAGs
[2021-10-13 05:31:37,162] {logging_mixin.py:104} INFO - [2021-10-13 05:31:37,162] {dag.py:2280} INFO - Setting next_dagrun for tutorial_etl_dag to None
[2021-10-13 05:31:37,181] {scheduler_job.py:190} INFO - Processing /home/airflow/.local/lib/python3.6/site-packages/airflow/example_dags/tutorial_etl_dag.py took 0.091 seconds
[2021-10-13 05:32:07,336] {scheduler_job.py:182} INFO - Started process (PID=1948) to work on /home/airflow/.local/lib/python3.6/site-packages/airflow/example_dags/tutorial_etl_dag.py
[2021-10-13 05:32:07,338] {scheduler_job.py:629} INFO - Processing file /home/airflow/.local/lib/python3.6/site-packages/airflow/example_dags/tutorial_etl_dag.py for tasks to queue
[2021-10-13 05:32:07,339] {logging_mixin.py:104} INFO - [2021-10-13 05:32:07,339] {dagbag.py:451} INFO - Filling up the DagBag from /home/airflow/.local/lib/python3.6/site-packages/airflow/example_dags/tutorial_etl_dag.py
[2021-10-13 05:32:07,354] {scheduler_job.py:639} INFO - DAG(s) dict_keys(['tutorial_etl_dag']) retrieved from /home/airflow/.local/lib/python3.6/site-packages/airflow/example_dags/tutorial_etl_dag.py
[2021-10-13 05:32:07,376] {logging_mixin.py:104} INFO - [2021-10-13 05:32:07,376] {dag.py:1824} INFO - Sync 1 DAGs
[2021-10-13 05:32:07,393] {logging_mixin.py:104} INFO - [2021-10-13 05:32:07,393] {dag.py:2280} INFO - Setting next_dagrun for tutorial_etl_dag to None
[2021-10-13 05:32:07,407] {scheduler_job.py:190} INFO - Processing /home/airflow/.local/lib/python3.6/site-packages/airflow/example_dags/tutorial_etl_dag.py took 0.075 seconds
[2021-10-13 05:32:37,683] {scheduler_job.py:182} INFO - Started process (PID=1981) to work on /home/airflow/.local/lib/python3.6/site-packages/airflow/example_dags/tutorial_etl_dag.py
[2021-10-13 05:32:37,685] {scheduler_job.py:629} INFO - Processing file /home/airflow/.local/lib/python3.6/site-packages/airflow/example_dags/tutorial_etl_dag.py for tasks to queue
[2021-10-13 05:32:37,686] {logging_mixin.py:104} INFO - [2021-10-13 05:32:37,686] {dagbag.py:451} INFO - Filling up the DagBag from /home/airflow/.local/lib/python3.6/site-packages/airflow/example_dags/tutorial_etl_dag.py
[2021-10-13 05:32:37,698] {scheduler_job.py:639} INFO - DAG(s) dict_keys(['tutorial_etl_dag']) retrieved from /home/airflow/.local/lib/python3.6/site-packages/airflow/example_dags/tutorial_etl_dag.py
[2021-10-13 05:32:37,723] {logging_mixin.py:104} INFO - [2021-10-13 05:32:37,723] {dag.py:1824} INFO - Sync 1 DAGs
[2021-10-13 05:32:37,741] {logging_mixin.py:104} INFO - [2021-10-13 05:32:37,741] {dag.py:2280} INFO - Setting next_dagrun for tutorial_etl_dag to None
[2021-10-13 05:32:37,754] {scheduler_job.py:190} INFO - Processing /home/airflow/.local/lib/python3.6/site-packages/airflow/example_dags/tutorial_etl_dag.py took 0.074 seconds
[2021-10-13 05:33:08,153] {scheduler_job.py:182} INFO - Started process (PID=2015) to work on /home/airflow/.local/lib/python3.6/site-packages/airflow/example_dags/tutorial_etl_dag.py
[2021-10-13 05:33:08,155] {scheduler_job.py:629} INFO - Processing file /home/airflow/.local/lib/python3.6/site-packages/airflow/example_dags/tutorial_etl_dag.py for tasks to queue
[2021-10-13 05:33:08,157] {logging_mixin.py:104} INFO - [2021-10-13 05:33:08,157] {dagbag.py:451} INFO - Filling up the DagBag from /home/airflow/.local/lib/python3.6/site-packages/airflow/example_dags/tutorial_etl_dag.py
[2021-10-13 05:33:08,176] {scheduler_job.py:639} INFO - DAG(s) dict_keys(['tutorial_etl_dag']) retrieved from /home/airflow/.local/lib/python3.6/site-packages/airflow/example_dags/tutorial_etl_dag.py
[2021-10-13 05:33:08,204] {logging_mixin.py:104} INFO - [2021-10-13 05:33:08,203] {dag.py:1824} INFO - Sync 1 DAGs
[2021-10-13 05:33:08,230] {logging_mixin.py:104} INFO - [2021-10-13 05:33:08,230] {dag.py:2280} INFO - Setting next_dagrun for tutorial_etl_dag to None
[2021-10-13 05:33:08,248] {scheduler_job.py:190} INFO - Processing /home/airflow/.local/lib/python3.6/site-packages/airflow/example_dags/tutorial_etl_dag.py took 0.098 seconds
[2021-10-13 05:33:38,522] {scheduler_job.py:182} INFO - Started process (PID=2049) to work on /home/airflow/.local/lib/python3.6/site-packages/airflow/example_dags/tutorial_etl_dag.py
[2021-10-13 05:33:38,523] {scheduler_job.py:629} INFO - Processing file /home/airflow/.local/lib/python3.6/site-packages/airflow/example_dags/tutorial_etl_dag.py for tasks to queue
[2021-10-13 05:33:38,524] {logging_mixin.py:104} INFO - [2021-10-13 05:33:38,524] {dagbag.py:451} INFO - Filling up the DagBag from /home/airflow/.local/lib/python3.6/site-packages/airflow/example_dags/tutorial_etl_dag.py
[2021-10-13 05:33:38,546] {scheduler_job.py:639} INFO - DAG(s) dict_keys(['tutorial_etl_dag']) retrieved from /home/airflow/.local/lib/python3.6/site-packages/airflow/example_dags/tutorial_etl_dag.py
[2021-10-13 05:33:38,574] {logging_mixin.py:104} INFO - [2021-10-13 05:33:38,574] {dag.py:1824} INFO - Sync 1 DAGs
[2021-10-13 05:33:38,606] {logging_mixin.py:104} INFO - [2021-10-13 05:33:38,605] {dag.py:2280} INFO - Setting next_dagrun for tutorial_etl_dag to None
[2021-10-13 05:33:38,622] {scheduler_job.py:190} INFO - Processing /home/airflow/.local/lib/python3.6/site-packages/airflow/example_dags/tutorial_etl_dag.py took 0.106 seconds
[2021-10-13 05:34:08,875] {scheduler_job.py:182} INFO - Started process (PID=2081) to work on /home/airflow/.local/lib/python3.6/site-packages/airflow/example_dags/tutorial_etl_dag.py
[2021-10-13 05:34:08,878] {scheduler_job.py:629} INFO - Processing file /home/airflow/.local/lib/python3.6/site-packages/airflow/example_dags/tutorial_etl_dag.py for tasks to queue
[2021-10-13 05:34:08,880] {logging_mixin.py:104} INFO - [2021-10-13 05:34:08,879] {dagbag.py:451} INFO - Filling up the DagBag from /home/airflow/.local/lib/python3.6/site-packages/airflow/example_dags/tutorial_etl_dag.py
[2021-10-13 05:34:08,907] {scheduler_job.py:639} INFO - DAG(s) dict_keys(['tutorial_etl_dag']) retrieved from /home/airflow/.local/lib/python3.6/site-packages/airflow/example_dags/tutorial_etl_dag.py
[2021-10-13 05:34:08,952] {logging_mixin.py:104} INFO - [2021-10-13 05:34:08,952] {dag.py:1824} INFO - Sync 1 DAGs
[2021-10-13 05:34:08,987] {logging_mixin.py:104} INFO - [2021-10-13 05:34:08,987] {dag.py:2280} INFO - Setting next_dagrun for tutorial_etl_dag to None
[2021-10-13 05:34:09,013] {scheduler_job.py:190} INFO - Processing /home/airflow/.local/lib/python3.6/site-packages/airflow/example_dags/tutorial_etl_dag.py took 0.145 seconds
[2021-10-13 05:34:39,738] {scheduler_job.py:182} INFO - Started process (PID=2116) to work on /home/airflow/.local/lib/python3.6/site-packages/airflow/example_dags/tutorial_etl_dag.py
[2021-10-13 05:34:39,740] {scheduler_job.py:629} INFO - Processing file /home/airflow/.local/lib/python3.6/site-packages/airflow/example_dags/tutorial_etl_dag.py for tasks to queue
[2021-10-13 05:34:39,742] {logging_mixin.py:104} INFO - [2021-10-13 05:34:39,742] {dagbag.py:451} INFO - Filling up the DagBag from /home/airflow/.local/lib/python3.6/site-packages/airflow/example_dags/tutorial_etl_dag.py
[2021-10-13 05:34:39,762] {scheduler_job.py:639} INFO - DAG(s) dict_keys(['tutorial_etl_dag']) retrieved from /home/airflow/.local/lib/python3.6/site-packages/airflow/example_dags/tutorial_etl_dag.py
[2021-10-13 05:34:39,793] {logging_mixin.py:104} INFO - [2021-10-13 05:34:39,793] {dag.py:1824} INFO - Sync 1 DAGs
[2021-10-13 05:34:39,814] {logging_mixin.py:104} INFO - [2021-10-13 05:34:39,814] {dag.py:2280} INFO - Setting next_dagrun for tutorial_etl_dag to None
[2021-10-13 05:34:39,831] {scheduler_job.py:190} INFO - Processing /home/airflow/.local/lib/python3.6/site-packages/airflow/example_dags/tutorial_etl_dag.py took 0.101 seconds
[2021-10-13 05:35:10,426] {scheduler_job.py:182} INFO - Started process (PID=2149) to work on /home/airflow/.local/lib/python3.6/site-packages/airflow/example_dags/tutorial_etl_dag.py
[2021-10-13 05:35:10,429] {scheduler_job.py:629} INFO - Processing file /home/airflow/.local/lib/python3.6/site-packages/airflow/example_dags/tutorial_etl_dag.py for tasks to queue
[2021-10-13 05:35:10,431] {logging_mixin.py:104} INFO - [2021-10-13 05:35:10,430] {dagbag.py:451} INFO - Filling up the DagBag from /home/airflow/.local/lib/python3.6/site-packages/airflow/example_dags/tutorial_etl_dag.py
[2021-10-13 05:35:10,449] {scheduler_job.py:639} INFO - DAG(s) dict_keys(['tutorial_etl_dag']) retrieved from /home/airflow/.local/lib/python3.6/site-packages/airflow/example_dags/tutorial_etl_dag.py
[2021-10-13 05:35:10,475] {logging_mixin.py:104} INFO - [2021-10-13 05:35:10,475] {dag.py:1824} INFO - Sync 1 DAGs
[2021-10-13 05:35:10,494] {logging_mixin.py:104} INFO - [2021-10-13 05:35:10,493] {dag.py:2280} INFO - Setting next_dagrun for tutorial_etl_dag to None
[2021-10-13 05:35:10,510] {scheduler_job.py:190} INFO - Processing /home/airflow/.local/lib/python3.6/site-packages/airflow/example_dags/tutorial_etl_dag.py took 0.088 seconds
[2021-10-13 05:35:41,013] {scheduler_job.py:182} INFO - Started process (PID=2182) to work on /home/airflow/.local/lib/python3.6/site-packages/airflow/example_dags/tutorial_etl_dag.py
[2021-10-13 05:35:41,015] {scheduler_job.py:629} INFO - Processing file /home/airflow/.local/lib/python3.6/site-packages/airflow/example_dags/tutorial_etl_dag.py for tasks to queue
[2021-10-13 05:35:41,017] {logging_mixin.py:104} INFO - [2021-10-13 05:35:41,016] {dagbag.py:451} INFO - Filling up the DagBag from /home/airflow/.local/lib/python3.6/site-packages/airflow/example_dags/tutorial_etl_dag.py
[2021-10-13 05:35:41,031] {scheduler_job.py:639} INFO - DAG(s) dict_keys(['tutorial_etl_dag']) retrieved from /home/airflow/.local/lib/python3.6/site-packages/airflow/example_dags/tutorial_etl_dag.py
[2021-10-13 05:35:41,062] {logging_mixin.py:104} INFO - [2021-10-13 05:35:41,062] {dag.py:1824} INFO - Sync 1 DAGs
[2021-10-13 05:35:41,087] {logging_mixin.py:104} INFO - [2021-10-13 05:35:41,086] {dag.py:2280} INFO - Setting next_dagrun for tutorial_etl_dag to None
[2021-10-13 05:35:41,107] {scheduler_job.py:190} INFO - Processing /home/airflow/.local/lib/python3.6/site-packages/airflow/example_dags/tutorial_etl_dag.py took 0.098 seconds
[2021-10-13 05:36:11,611] {scheduler_job.py:182} INFO - Started process (PID=2220) to work on /home/airflow/.local/lib/python3.6/site-packages/airflow/example_dags/tutorial_etl_dag.py
[2021-10-13 05:36:11,613] {scheduler_job.py:629} INFO - Processing file /home/airflow/.local/lib/python3.6/site-packages/airflow/example_dags/tutorial_etl_dag.py for tasks to queue
[2021-10-13 05:36:11,615] {logging_mixin.py:104} INFO - [2021-10-13 05:36:11,614] {dagbag.py:451} INFO - Filling up the DagBag from /home/airflow/.local/lib/python3.6/site-packages/airflow/example_dags/tutorial_etl_dag.py
[2021-10-13 05:36:11,633] {scheduler_job.py:639} INFO - DAG(s) dict_keys(['tutorial_etl_dag']) retrieved from /home/airflow/.local/lib/python3.6/site-packages/airflow/example_dags/tutorial_etl_dag.py
[2021-10-13 05:36:11,666] {logging_mixin.py:104} INFO - [2021-10-13 05:36:11,666] {dag.py:1824} INFO - Sync 1 DAGs
[2021-10-13 05:36:11,695] {logging_mixin.py:104} INFO - [2021-10-13 05:36:11,695] {dag.py:2280} INFO - Setting next_dagrun for tutorial_etl_dag to None
[2021-10-13 05:36:11,714] {scheduler_job.py:190} INFO - Processing /home/airflow/.local/lib/python3.6/site-packages/airflow/example_dags/tutorial_etl_dag.py took 0.109 seconds
[2021-10-13 05:36:42,601] {scheduler_job.py:182} INFO - Started process (PID=2253) to work on /home/airflow/.local/lib/python3.6/site-packages/airflow/example_dags/tutorial_etl_dag.py
[2021-10-13 05:36:42,603] {scheduler_job.py:629} INFO - Processing file /home/airflow/.local/lib/python3.6/site-packages/airflow/example_dags/tutorial_etl_dag.py for tasks to queue
[2021-10-13 05:36:42,605] {logging_mixin.py:104} INFO - [2021-10-13 05:36:42,605] {dagbag.py:451} INFO - Filling up the DagBag from /home/airflow/.local/lib/python3.6/site-packages/airflow/example_dags/tutorial_etl_dag.py
[2021-10-13 05:36:42,622] {scheduler_job.py:639} INFO - DAG(s) dict_keys(['tutorial_etl_dag']) retrieved from /home/airflow/.local/lib/python3.6/site-packages/airflow/example_dags/tutorial_etl_dag.py
[2021-10-13 05:36:42,651] {logging_mixin.py:104} INFO - [2021-10-13 05:36:42,649] {dag.py:1824} INFO - Sync 1 DAGs
[2021-10-13 05:36:42,680] {logging_mixin.py:104} INFO - [2021-10-13 05:36:42,680] {dag.py:2280} INFO - Setting next_dagrun for tutorial_etl_dag to None
[2021-10-13 05:36:42,697] {scheduler_job.py:190} INFO - Processing /home/airflow/.local/lib/python3.6/site-packages/airflow/example_dags/tutorial_etl_dag.py took 0.101 seconds
[2021-10-13 05:37:13,674] {scheduler_job.py:182} INFO - Started process (PID=2287) to work on /home/airflow/.local/lib/python3.6/site-packages/airflow/example_dags/tutorial_etl_dag.py
[2021-10-13 05:37:13,679] {scheduler_job.py:629} INFO - Processing file /home/airflow/.local/lib/python3.6/site-packages/airflow/example_dags/tutorial_etl_dag.py for tasks to queue
[2021-10-13 05:37:13,682] {logging_mixin.py:104} INFO - [2021-10-13 05:37:13,681] {dagbag.py:451} INFO - Filling up the DagBag from /home/airflow/.local/lib/python3.6/site-packages/airflow/example_dags/tutorial_etl_dag.py
[2021-10-13 05:37:13,730] {scheduler_job.py:639} INFO - DAG(s) dict_keys(['tutorial_etl_dag']) retrieved from /home/airflow/.local/lib/python3.6/site-packages/airflow/example_dags/tutorial_etl_dag.py
[2021-10-13 05:37:13,795] {logging_mixin.py:104} INFO - [2021-10-13 05:37:13,794] {dag.py:1824} INFO - Sync 1 DAGs
[2021-10-13 05:37:13,837] {logging_mixin.py:104} INFO - [2021-10-13 05:37:13,837] {dag.py:2280} INFO - Setting next_dagrun for tutorial_etl_dag to None
[2021-10-13 05:37:13,880] {scheduler_job.py:190} INFO - Processing /home/airflow/.local/lib/python3.6/site-packages/airflow/example_dags/tutorial_etl_dag.py took 0.215 seconds
[2021-10-13 05:37:44,294] {scheduler_job.py:182} INFO - Started process (PID=2320) to work on /home/airflow/.local/lib/python3.6/site-packages/airflow/example_dags/tutorial_etl_dag.py
[2021-10-13 05:37:44,296] {scheduler_job.py:629} INFO - Processing file /home/airflow/.local/lib/python3.6/site-packages/airflow/example_dags/tutorial_etl_dag.py for tasks to queue
[2021-10-13 05:37:44,297] {logging_mixin.py:104} INFO - [2021-10-13 05:37:44,297] {dagbag.py:451} INFO - Filling up the DagBag from /home/airflow/.local/lib/python3.6/site-packages/airflow/example_dags/tutorial_etl_dag.py
[2021-10-13 05:37:44,316] {scheduler_job.py:639} INFO - DAG(s) dict_keys(['tutorial_etl_dag']) retrieved from /home/airflow/.local/lib/python3.6/site-packages/airflow/example_dags/tutorial_etl_dag.py
[2021-10-13 05:37:44,357] {logging_mixin.py:104} INFO - [2021-10-13 05:37:44,357] {dag.py:1824} INFO - Sync 1 DAGs
[2021-10-13 05:37:44,382] {logging_mixin.py:104} INFO - [2021-10-13 05:37:44,382] {dag.py:2280} INFO - Setting next_dagrun for tutorial_etl_dag to None
[2021-10-13 05:37:44,396] {scheduler_job.py:190} INFO - Processing /home/airflow/.local/lib/python3.6/site-packages/airflow/example_dags/tutorial_etl_dag.py took 0.109 seconds
[2021-10-13 05:38:14,958] {scheduler_job.py:182} INFO - Started process (PID=2351) to work on /home/airflow/.local/lib/python3.6/site-packages/airflow/example_dags/tutorial_etl_dag.py
[2021-10-13 05:38:14,960] {scheduler_job.py:629} INFO - Processing file /home/airflow/.local/lib/python3.6/site-packages/airflow/example_dags/tutorial_etl_dag.py for tasks to queue
[2021-10-13 05:38:14,961] {logging_mixin.py:104} INFO - [2021-10-13 05:38:14,961] {dagbag.py:451} INFO - Filling up the DagBag from /home/airflow/.local/lib/python3.6/site-packages/airflow/example_dags/tutorial_etl_dag.py
[2021-10-13 05:38:14,976] {scheduler_job.py:639} INFO - DAG(s) dict_keys(['tutorial_etl_dag']) retrieved from /home/airflow/.local/lib/python3.6/site-packages/airflow/example_dags/tutorial_etl_dag.py
[2021-10-13 05:38:15,005] {logging_mixin.py:104} INFO - [2021-10-13 05:38:15,004] {dag.py:1824} INFO - Sync 1 DAGs
[2021-10-13 05:38:15,025] {logging_mixin.py:104} INFO - [2021-10-13 05:38:15,025] {dag.py:2280} INFO - Setting next_dagrun for tutorial_etl_dag to None
[2021-10-13 05:38:15,044] {scheduler_job.py:190} INFO - Processing /home/airflow/.local/lib/python3.6/site-packages/airflow/example_dags/tutorial_etl_dag.py took 0.089 seconds
[2021-10-13 05:38:45,477] {scheduler_job.py:182} INFO - Started process (PID=2391) to work on /home/airflow/.local/lib/python3.6/site-packages/airflow/example_dags/tutorial_etl_dag.py
[2021-10-13 05:38:45,479] {scheduler_job.py:629} INFO - Processing file /home/airflow/.local/lib/python3.6/site-packages/airflow/example_dags/tutorial_etl_dag.py for tasks to queue
[2021-10-13 05:38:45,480] {logging_mixin.py:104} INFO - [2021-10-13 05:38:45,480] {dagbag.py:451} INFO - Filling up the DagBag from /home/airflow/.local/lib/python3.6/site-packages/airflow/example_dags/tutorial_etl_dag.py
[2021-10-13 05:38:45,498] {scheduler_job.py:639} INFO - DAG(s) dict_keys(['tutorial_etl_dag']) retrieved from /home/airflow/.local/lib/python3.6/site-packages/airflow/example_dags/tutorial_etl_dag.py
[2021-10-13 05:38:45,524] {logging_mixin.py:104} INFO - [2021-10-13 05:38:45,524] {dag.py:1824} INFO - Sync 1 DAGs
[2021-10-13 05:38:45,543] {logging_mixin.py:104} INFO - [2021-10-13 05:38:45,543] {dag.py:2280} INFO - Setting next_dagrun for tutorial_etl_dag to None
[2021-10-13 05:38:45,559] {scheduler_job.py:190} INFO - Processing /home/airflow/.local/lib/python3.6/site-packages/airflow/example_dags/tutorial_etl_dag.py took 0.086 seconds
[2021-10-13 05:39:15,837] {scheduler_job.py:182} INFO - Started process (PID=2425) to work on /home/airflow/.local/lib/python3.6/site-packages/airflow/example_dags/tutorial_etl_dag.py
[2021-10-13 05:39:15,839] {scheduler_job.py:629} INFO - Processing file /home/airflow/.local/lib/python3.6/site-packages/airflow/example_dags/tutorial_etl_dag.py for tasks to queue
[2021-10-13 05:39:15,841] {logging_mixin.py:104} INFO - [2021-10-13 05:39:15,841] {dagbag.py:451} INFO - Filling up the DagBag from /home/airflow/.local/lib/python3.6/site-packages/airflow/example_dags/tutorial_etl_dag.py
[2021-10-13 05:39:15,863] {scheduler_job.py:639} INFO - DAG(s) dict_keys(['tutorial_etl_dag']) retrieved from /home/airflow/.local/lib/python3.6/site-packages/airflow/example_dags/tutorial_etl_dag.py
[2021-10-13 05:39:15,897] {logging_mixin.py:104} INFO - [2021-10-13 05:39:15,896] {dag.py:1824} INFO - Sync 1 DAGs
[2021-10-13 05:39:15,919] {logging_mixin.py:104} INFO - [2021-10-13 05:39:15,919] {dag.py:2280} INFO - Setting next_dagrun for tutorial_etl_dag to None
[2021-10-13 05:39:15,937] {scheduler_job.py:190} INFO - Processing /home/airflow/.local/lib/python3.6/site-packages/airflow/example_dags/tutorial_etl_dag.py took 0.107 seconds
