[2021-04-25 00:05:09,558] {taskinstance.py:877} INFO - Dependencies all met for <TaskInstance: bash_operator_dag.second_task 2021-02-28T00:00:00+00:00 [queued]>
[2021-04-25 00:05:09,616] {taskinstance.py:877} INFO - Dependencies all met for <TaskInstance: bash_operator_dag.second_task 2021-02-28T00:00:00+00:00 [queued]>
[2021-04-25 00:05:09,617] {taskinstance.py:1068} INFO - 
--------------------------------------------------------------------------------
[2021-04-25 00:05:09,618] {taskinstance.py:1069} INFO - Starting attempt 1 of 3
[2021-04-25 00:05:09,618] {taskinstance.py:1070} INFO - 
--------------------------------------------------------------------------------
[2021-04-25 00:05:09,702] {taskinstance.py:1089} INFO - Executing <Task(BashOperator): second_task> on 2021-02-28T00:00:00+00:00
[2021-04-25 00:05:09,726] {standard_task_runner.py:76} INFO - Running: ['airflow', 'tasks', 'run', 'bash_operator_dag', 'second_task', '2021-02-28T00:00:00+00:00', '--job-id', '399', '--pool', 'default_pool', '--raw', '--subdir', 'DAGS_FOLDER/simple_bash_operator_dag.py', '--cfg-path', '/tmp/tmp2f10m_97', '--error-file', '/tmp/tmpg8s0l3hr']
[2021-04-25 00:05:09,727] {standard_task_runner.py:77} INFO - Job 399: Subtask second_task
[2021-04-25 00:05:09,715] {standard_task_runner.py:52} INFO - Started process 1094 to run task
[2021-04-25 00:05:09,859] {logging_mixin.py:104} INFO - Running <TaskInstance: bash_operator_dag.second_task 2021-02-28T00:00:00+00:00 [running]> on host 4a00a306afdc
[2021-04-25 00:05:10,009] {taskinstance.py:1283} INFO - Exporting the following env vars:
AIRFLOW_CTX_DAG_OWNER=airflow
AIRFLOW_CTX_DAG_ID=bash_operator_dag
AIRFLOW_CTX_TASK_ID=second_task
AIRFLOW_CTX_EXECUTION_DATE=2021-02-28T00:00:00+00:00
AIRFLOW_CTX_DAG_RUN_ID=scheduled__2021-02-28T00:00:00+00:00
[2021-04-25 00:05:10,010] {bash.py:135} INFO - Tmp dir root location: 
 /tmp
[2021-04-25 00:05:10,012] {bash.py:158} INFO - Running command: echo "testing second bash operator"
[2021-04-25 00:05:10,049] {bash.py:169} INFO - Output:
[2021-04-25 00:05:10,050] {bash.py:173} INFO - testing second bash operator
[2021-04-25 00:05:10,052] {bash.py:177} INFO - Command exited with return code 0
[2021-04-25 00:05:10,150] {taskinstance.py:1192} INFO - Marking task as SUCCESS. dag_id=bash_operator_dag, task_id=second_task, execution_date=20210228T000000, start_date=20210425T000509, end_date=20210425T000510
[2021-04-25 00:05:10,206] {taskinstance.py:1246} INFO - 0 downstream tasks scheduled from follow-on schedule check
[2021-04-25 00:05:10,237] {local_task_job.py:146} INFO - Task exited with return code 0
[2021-04-25 00:08:13,743] {taskinstance.py:877} INFO - Dependencies all met for <TaskInstance: bash_operator_dag.second_task 2021-02-28T00:00:00+00:00 [queued]>
[2021-04-25 00:08:13,792] {taskinstance.py:877} INFO - Dependencies all met for <TaskInstance: bash_operator_dag.second_task 2021-02-28T00:00:00+00:00 [queued]>
[2021-04-25 00:08:13,795] {taskinstance.py:1068} INFO - 
--------------------------------------------------------------------------------
[2021-04-25 00:08:13,796] {taskinstance.py:1069} INFO - Starting attempt 1 of 3
[2021-04-25 00:08:13,796] {taskinstance.py:1070} INFO - 
--------------------------------------------------------------------------------
[2021-04-25 00:08:13,864] {taskinstance.py:1089} INFO - Executing <Task(BashOperator): second_task> on 2021-02-28T00:00:00+00:00
[2021-04-25 00:08:13,873] {standard_task_runner.py:52} INFO - Started process 1656 to run task
[2021-04-25 00:08:13,903] {standard_task_runner.py:76} INFO - Running: ['airflow', 'tasks', 'run', 'bash_operator_dag', 'second_task', '2021-02-28T00:00:00+00:00', '--job-id', '587', '--pool', 'default_pool', '--raw', '--subdir', 'DAGS_FOLDER/simple_bash_operator_dag.py', '--cfg-path', '/tmp/tmpx6wolerb', '--error-file', '/tmp/tmp7s5mxj3d']
[2021-04-25 00:08:13,904] {standard_task_runner.py:77} INFO - Job 587: Subtask second_task
[2021-04-25 00:08:14,153] {logging_mixin.py:104} INFO - Running <TaskInstance: bash_operator_dag.second_task 2021-02-28T00:00:00+00:00 [running]> on host 4a00a306afdc
[2021-04-25 00:08:14,430] {taskinstance.py:1283} INFO - Exporting the following env vars:
AIRFLOW_CTX_DAG_OWNER=airflow
AIRFLOW_CTX_DAG_ID=bash_operator_dag
AIRFLOW_CTX_TASK_ID=second_task
AIRFLOW_CTX_EXECUTION_DATE=2021-02-28T00:00:00+00:00
AIRFLOW_CTX_DAG_RUN_ID=scheduled__2021-02-28T00:00:00+00:00
[2021-04-25 00:08:14,432] {bash.py:135} INFO - Tmp dir root location: 
 /tmp
[2021-04-25 00:08:14,438] {bash.py:158} INFO - Running command: echo "testing second bash operator"
[2021-04-25 00:08:14,484] {bash.py:169} INFO - Output:
[2021-04-25 00:08:14,485] {bash.py:173} INFO - testing second bash operator
[2021-04-25 00:08:14,485] {bash.py:177} INFO - Command exited with return code 0
[2021-04-25 00:08:14,626] {taskinstance.py:1192} INFO - Marking task as SUCCESS. dag_id=bash_operator_dag, task_id=second_task, execution_date=20210228T000000, start_date=20210425T000813, end_date=20210425T000814
[2021-04-25 00:08:14,736] {taskinstance.py:1246} INFO - 0 downstream tasks scheduled from follow-on schedule check
[2021-04-25 00:08:14,772] {local_task_job.py:146} INFO - Task exited with return code 0
