[2021-05-01 05:45:01,506] {taskinstance.py:877} INFO - Dependencies all met for <TaskInstance: simple_bash_operator.second_task 2021-04-30T00:00:00+00:00 [queued]>
[2021-05-01 05:45:01,532] {taskinstance.py:877} INFO - Dependencies all met for <TaskInstance: simple_bash_operator.second_task 2021-04-30T00:00:00+00:00 [queued]>
[2021-05-01 05:45:01,532] {taskinstance.py:1068} INFO - 
--------------------------------------------------------------------------------
[2021-05-01 05:45:01,532] {taskinstance.py:1069} INFO - Starting attempt 1 of 3
[2021-05-01 05:45:01,532] {taskinstance.py:1070} INFO - 
--------------------------------------------------------------------------------
[2021-05-01 05:45:01,560] {taskinstance.py:1089} INFO - Executing <Task(BashOperator): second_task> on 2021-04-30T00:00:00+00:00
[2021-05-01 05:45:01,567] {standard_task_runner.py:52} INFO - Started process 76 to run task
[2021-05-01 05:45:01,585] {standard_task_runner.py:76} INFO - Running: ['airflow', 'tasks', 'run', 'simple_bash_operator', 'second_task', '2021-04-30T00:00:00+00:00', '--job-id', '1043', '--pool', 'default_pool', '--raw', '--subdir', 'DAGS_FOLDER/bash_operator/simple_bash_operator.py', '--cfg-path', '/tmp/tmpv2ubgfnn', '--error-file', '/tmp/tmpyy4z7a2q']
[2021-05-01 05:45:01,586] {standard_task_runner.py:77} INFO - Job 1043: Subtask second_task
[2021-05-01 05:45:01,807] {logging_mixin.py:104} INFO - Running <TaskInstance: simple_bash_operator.second_task 2021-04-30T00:00:00+00:00 [running]> on host d6e2455ef0ec
[2021-05-01 05:45:02,086] {taskinstance.py:1283} INFO - Exporting the following env vars:
AIRFLOW_CTX_DAG_OWNER=airflow
AIRFLOW_CTX_DAG_ID=simple_bash_operator
AIRFLOW_CTX_TASK_ID=second_task
AIRFLOW_CTX_EXECUTION_DATE=2021-04-30T00:00:00+00:00
AIRFLOW_CTX_DAG_RUN_ID=scheduled__2021-04-30T00:00:00+00:00
[2021-05-01 05:45:02,088] {bash.py:135} INFO - Tmp dir root location: 
 /tmp
[2021-05-01 05:45:02,113] {bash.py:158} INFO - Running command: echo "testing second bash operator"
[2021-05-01 05:45:02,149] {bash.py:169} INFO - Output:
[2021-05-01 05:45:02,152] {bash.py:173} INFO - testing second bash operator
[2021-05-01 05:45:02,153] {bash.py:177} INFO - Command exited with return code 0
[2021-05-01 05:45:02,271] {taskinstance.py:1192} INFO - Marking task as SUCCESS. dag_id=simple_bash_operator, task_id=second_task, execution_date=20210430T000000, start_date=20210501T054501, end_date=20210501T054502
[2021-05-01 05:45:02,392] {taskinstance.py:1246} INFO - 0 downstream tasks scheduled from follow-on schedule check
[2021-05-01 05:45:02,452] {local_task_job.py:146} INFO - Task exited with return code 0
