[2021-04-25 14:27:05,430] {taskinstance.py:877} INFO - Dependencies all met for <TaskInstance: templated_bash_operator_dag.read_json_file_task 2021-04-25T14:22:03.652423+00:00 [queued]>
[2021-04-25 14:27:05,448] {taskinstance.py:877} INFO - Dependencies all met for <TaskInstance: templated_bash_operator_dag.read_json_file_task 2021-04-25T14:22:03.652423+00:00 [queued]>
[2021-04-25 14:27:05,448] {taskinstance.py:1068} INFO - 
--------------------------------------------------------------------------------
[2021-04-25 14:27:05,448] {taskinstance.py:1069} INFO - Starting attempt 2 of 3
[2021-04-25 14:27:05,448] {taskinstance.py:1070} INFO - 
--------------------------------------------------------------------------------
[2021-04-25 14:27:05,471] {taskinstance.py:1089} INFO - Executing <Task(BashOperator): read_json_file_task> on 2021-04-25T14:22:03.652423+00:00
[2021-04-25 14:27:05,476] {standard_task_runner.py:52} INFO - Started process 172 to run task
[2021-04-25 14:27:05,482] {standard_task_runner.py:76} INFO - Running: ['airflow', 'tasks', 'run', 'templated_bash_operator_dag', 'read_json_file_task', '2021-04-25T14:22:03.652423+00:00', '--job-id', '942', '--pool', 'default_pool', '--raw', '--subdir', 'DAGS_FOLDER/bash_operator/templated_bash_operator_dag.py', '--cfg-path', '/tmp/tmpsv773j23', '--error-file', '/tmp/tmpc45rs7yt']
[2021-04-25 14:27:05,483] {standard_task_runner.py:77} INFO - Job 942: Subtask read_json_file_task
[2021-04-25 14:27:05,573] {logging_mixin.py:104} INFO - Running <TaskInstance: templated_bash_operator_dag.read_json_file_task 2021-04-25T14:22:03.652423+00:00 [running]> on host d6e2455ef0ec
[2021-04-25 14:27:05,660] {taskinstance.py:1283} INFO - Exporting the following env vars:
AIRFLOW_CTX_DAG_OWNER=airflow
AIRFLOW_CTX_DAG_ID=templated_bash_operator_dag
AIRFLOW_CTX_TASK_ID=read_json_file_task
AIRFLOW_CTX_EXECUTION_DATE=2021-04-25T14:22:03.652423+00:00
AIRFLOW_CTX_DAG_RUN_ID=manual__2021-04-25T14:22:03.652423+00:00
[2021-04-25 14:27:05,661] {bash.py:135} INFO - Tmp dir root location: 
 /tmp
[2021-04-25 14:27:05,664] {bash.py:158} INFO - Running command: 
    execution date: 2021-04-25
    cat /opt/airflow/dags/python_operator/todo.json
    
[2021-04-25 14:27:05,678] {bash.py:169} INFO - Output:
[2021-04-25 14:27:05,680] {bash.py:173} INFO - bash: line 1: execution: command not found
[2021-04-25 14:27:05,682] {bash.py:173} INFO - [
[2021-04-25 14:27:05,683] {bash.py:173} INFO -   {
[2021-04-25 14:27:05,683] {bash.py:173} INFO -     "userId": 1,
[2021-04-25 14:27:05,683] {bash.py:173} INFO -     "id": 1,
[2021-04-25 14:27:05,683] {bash.py:173} INFO -     "title": "delectus aut autem",
[2021-04-25 14:27:05,683] {bash.py:173} INFO -     "completed": false
[2021-04-25 14:27:05,683] {bash.py:173} INFO -   },
[2021-04-25 14:27:05,684] {bash.py:173} INFO -   {
[2021-04-25 14:27:05,684] {bash.py:173} INFO -     "userId": 1,
[2021-04-25 14:27:05,684] {bash.py:173} INFO -     "id": 2,
[2021-04-25 14:27:05,684] {bash.py:173} INFO -     "title": "quis ut nam facilis et officia qui",
[2021-04-25 14:27:05,685] {bash.py:173} INFO -     "completed": false
[2021-04-25 14:27:05,685] {bash.py:173} INFO -   },
[2021-04-25 14:27:05,685] {bash.py:173} INFO -   {
[2021-04-25 14:27:05,685] {bash.py:173} INFO -     "userId": 1,
[2021-04-25 14:27:05,685] {bash.py:173} INFO -     "id": 3,
[2021-04-25 14:27:05,685] {bash.py:173} INFO -     "title": "fugiat veniam minus",
[2021-04-25 14:27:05,685] {bash.py:173} INFO -     "completed": false
[2021-04-25 14:27:05,686] {bash.py:173} INFO -   },
[2021-04-25 14:27:05,686] {bash.py:173} INFO -   {
[2021-04-25 14:27:05,686] {bash.py:173} INFO -     "userId": 1,
[2021-04-25 14:27:05,686] {bash.py:173} INFO -     "id": 4,
[2021-04-25 14:27:05,686] {bash.py:173} INFO -     "title": "et porro tempora",
[2021-04-25 14:27:05,686] {bash.py:173} INFO -     "completed": true
[2021-04-25 14:27:05,686] {bash.py:173} INFO -   },
[2021-04-25 14:27:05,686] {bash.py:173} INFO -   {
[2021-04-25 14:27:05,686] {bash.py:173} INFO -     "userId": 1,
[2021-04-25 14:27:05,686] {bash.py:173} INFO -     "id": 5,
[2021-04-25 14:27:05,687] {bash.py:173} INFO -     "title": "laboriosam mollitia et enim quasi adipisci quia provident illum",
[2021-04-25 14:27:05,687] {bash.py:173} INFO -     "completed": false
[2021-04-25 14:27:05,687] {bash.py:173} INFO -   },
[2021-04-25 14:27:05,688] {bash.py:173} INFO -   {
[2021-04-25 14:27:05,688] {bash.py:173} INFO -     "userId": 1,
[2021-04-25 14:27:05,688] {bash.py:173} INFO -     "id": 6,
[2021-04-25 14:27:05,688] {bash.py:173} INFO -     "title": "qui ullam ratione quibusdam voluptatem quia omnis",
[2021-04-25 14:27:05,688] {bash.py:173} INFO -     "completed": false
[2021-04-25 14:27:05,688] {bash.py:173} INFO -   },
[2021-04-25 14:27:05,688] {bash.py:173} INFO -   {
[2021-04-25 14:27:05,688] {bash.py:173} INFO -     "userId": 1,
[2021-04-25 14:27:05,688] {bash.py:173} INFO -     "id": 7,
[2021-04-25 14:27:05,689] {bash.py:173} INFO -     "title": "illo expedita consequatur quia in",
[2021-04-25 14:27:05,689] {bash.py:173} INFO -     "completed": false
[2021-04-25 14:27:05,689] {bash.py:173} INFO -   },
[2021-04-25 14:27:05,689] {bash.py:173} INFO -   {
[2021-04-25 14:27:05,689] {bash.py:173} INFO -     "userId": 1,
[2021-04-25 14:27:05,689] {bash.py:173} INFO -     "id": 8,
[2021-04-25 14:27:05,689] {bash.py:173} INFO -     "title": "quo adipisci enim quam ut ab",
[2021-04-25 14:27:05,689] {bash.py:173} INFO -     "completed": true
[2021-04-25 14:27:05,689] {bash.py:173} INFO -   },
[2021-04-25 14:27:05,689] {bash.py:173} INFO -   {
[2021-04-25 14:27:05,689] {bash.py:173} INFO -     "userId": 1,
[2021-04-25 14:27:05,690] {bash.py:173} INFO -     "id": 9,
[2021-04-25 14:27:05,690] {bash.py:173} INFO -     "title": "molestiae perspiciatis ipsa",
[2021-04-25 14:27:05,690] {bash.py:173} INFO -     "completed": false
[2021-04-25 14:27:05,690] {bash.py:173} INFO -   },
[2021-04-25 14:27:05,690] {bash.py:173} INFO -   {
[2021-04-25 14:27:05,690] {bash.py:173} INFO -     "userId": 1,
[2021-04-25 14:27:05,690] {bash.py:173} INFO -     "id": 10,
[2021-04-25 14:27:05,690] {bash.py:173} INFO -     "title": "illo est ratione doloremque quia maiores aut",
[2021-04-25 14:27:05,690] {bash.py:173} INFO -     "completed": true
[2021-04-25 14:27:05,690] {bash.py:173} INFO -   },
[2021-04-25 14:27:05,691] {bash.py:173} INFO -   {
[2021-04-25 14:27:05,691] {bash.py:173} INFO -     "userId": 1,
[2021-04-25 14:27:05,691] {bash.py:173} INFO -     "id": 11,
[2021-04-25 14:27:05,691] {bash.py:173} INFO -     "title": "vero rerum temporibus dolor",
[2021-04-25 14:27:05,691] {bash.py:173} INFO -     "completed": true
[2021-04-25 14:27:05,691] {bash.py:173} INFO -   },
[2021-04-25 14:27:05,691] {bash.py:173} INFO -   {
[2021-04-25 14:27:05,691] {bash.py:173} INFO -     "userId": 1,
[2021-04-25 14:27:05,691] {bash.py:173} INFO -     "id": 12,
[2021-04-25 14:27:05,692] {bash.py:173} INFO -     "title": "ipsa repellendus fugit nisi",
[2021-04-25 14:27:05,692] {bash.py:173} INFO -     "completed": true
[2021-04-25 14:27:05,692] {bash.py:173} INFO -   },
[2021-04-25 14:27:05,692] {bash.py:173} INFO -   {
[2021-04-25 14:27:05,692] {bash.py:173} INFO -     "userId": 1,
[2021-04-25 14:27:05,692] {bash.py:173} INFO -     "id": 13,
[2021-04-25 14:27:05,692] {bash.py:173} INFO -     "title": "et doloremque nulla",
[2021-04-25 14:27:05,692] {bash.py:173} INFO -     "completed": false
[2021-04-25 14:27:05,692] {bash.py:173} INFO -   },
[2021-04-25 14:27:05,692] {bash.py:173} INFO -   {
[2021-04-25 14:27:05,692] {bash.py:173} INFO -     "userId": 1,
[2021-04-25 14:27:05,692] {bash.py:173} INFO -     "id": 14,
[2021-04-25 14:27:05,693] {bash.py:173} INFO -     "title": "repellendus sunt dolores architecto voluptatum",
[2021-04-25 14:27:05,693] {bash.py:173} INFO -     "completed": true
[2021-04-25 14:27:05,693] {bash.py:173} INFO -   },
[2021-04-25 14:27:05,693] {bash.py:173} INFO -   {
[2021-04-25 14:27:05,693] {bash.py:173} INFO -     "userId": 1,
[2021-04-25 14:27:05,693] {bash.py:173} INFO -     "id": 15,
[2021-04-25 14:27:05,693] {bash.py:173} INFO -     "title": "ab voluptatum amet voluptas",
[2021-04-25 14:27:05,693] {bash.py:173} INFO -     "completed": true
[2021-04-25 14:27:05,694] {bash.py:173} INFO -   },
[2021-04-25 14:27:05,694] {bash.py:173} INFO -   {
[2021-04-25 14:27:05,694] {bash.py:173} INFO -     "userId": 1,
[2021-04-25 14:27:05,694] {bash.py:173} INFO -     "id": 16,
[2021-04-25 14:27:05,694] {bash.py:173} INFO -     "title": "accusamus eos facilis sint et aut voluptatem",
[2021-04-25 14:27:05,694] {bash.py:173} INFO -     "completed": true
[2021-04-25 14:27:05,694] {bash.py:173} INFO -   },
[2021-04-25 14:27:05,695] {bash.py:173} INFO -   {
[2021-04-25 14:27:05,695] {bash.py:173} INFO -     "userId": 1,
[2021-04-25 14:27:05,695] {bash.py:173} INFO -     "id": 17,
[2021-04-25 14:27:05,695] {bash.py:173} INFO -     "title": "quo laboriosam deleniti aut qui",
[2021-04-25 14:27:05,695] {bash.py:173} INFO -     "completed": true
[2021-04-25 14:27:05,695] {bash.py:173} INFO -   },
[2021-04-25 14:27:05,695] {bash.py:173} INFO -   {
[2021-04-25 14:27:05,696] {bash.py:173} INFO -     "userId": 1,
[2021-04-25 14:27:05,696] {bash.py:173} INFO -     "id": 18,
[2021-04-25 14:27:05,696] {bash.py:173} INFO -     "title": "dolorum est consequatur ea mollitia in culpa",
[2021-04-25 14:27:05,697] {bash.py:173} INFO -     "completed": false
[2021-04-25 14:27:05,697] {bash.py:173} INFO -   },
[2021-04-25 14:27:05,697] {bash.py:173} INFO -   {
[2021-04-25 14:27:05,697] {bash.py:173} INFO -     "userId": 1,
[2021-04-25 14:27:05,697] {bash.py:173} INFO -     "id": 19,
[2021-04-25 14:27:05,697] {bash.py:173} INFO -     "title": "molestiae ipsa aut voluptatibus pariatur dolor nihil",
[2021-04-25 14:27:05,697] {bash.py:173} INFO -     "completed": true
[2021-04-25 14:27:05,697] {bash.py:173} INFO -   },
[2021-04-25 14:27:05,697] {bash.py:173} INFO -   {
[2021-04-25 14:27:05,697] {bash.py:173} INFO -     "userId": 1,
[2021-04-25 14:27:05,697] {bash.py:173} INFO -     "id": 20,
[2021-04-25 14:27:05,697] {bash.py:173} INFO -     "title": "ullam nobis libero sapiente ad optio sint",
[2021-04-25 14:27:05,698] {bash.py:173} INFO -     "completed": true
[2021-04-25 14:27:05,698] {bash.py:173} INFO -   },
[2021-04-25 14:27:05,698] {bash.py:173} INFO -   {
[2021-04-25 14:27:05,698] {bash.py:173} INFO -     "userId": 2,
[2021-04-25 14:27:05,698] {bash.py:173} INFO -     "id": 21,
[2021-04-25 14:27:05,698] {bash.py:173} INFO -     "title": "suscipit repellat esse quibusdam voluptatem incidunt",
[2021-04-25 14:27:05,698] {bash.py:173} INFO -     "completed": false
[2021-04-25 14:27:05,698] {bash.py:173} INFO -   },
[2021-04-25 14:27:05,698] {bash.py:173} INFO -   {
[2021-04-25 14:27:05,698] {bash.py:173} INFO -     "userId": 2,
[2021-04-25 14:27:05,698] {bash.py:173} INFO -     "id": 22,
[2021-04-25 14:27:05,698] {bash.py:173} INFO -     "title": "distinctio vitae autem nihil ut molestias quo",
[2021-04-25 14:27:05,698] {bash.py:173} INFO -     "completed": true
[2021-04-25 14:27:05,698] {bash.py:173} INFO -   },
[2021-04-25 14:27:05,698] {bash.py:173} INFO -   {
[2021-04-25 14:27:05,698] {bash.py:173} INFO -     "userId": 2,
[2021-04-25 14:27:05,699] {bash.py:173} INFO -     "id": 23,
[2021-04-25 14:27:05,699] {bash.py:173} INFO -     "title": "et itaque necessitatibus maxime molestiae qui quas velit",
[2021-04-25 14:27:05,699] {bash.py:173} INFO -     "completed": false
[2021-04-25 14:27:05,699] {bash.py:173} INFO -   },
[2021-04-25 14:27:05,699] {bash.py:173} INFO -   {
[2021-04-25 14:27:05,699] {bash.py:173} INFO -     "userId": 2,
[2021-04-25 14:27:05,699] {bash.py:173} INFO -     "id": 24,
[2021-04-25 14:27:05,700] {bash.py:173} INFO -     "title": "adipisci non ad dicta qui amet quaerat doloribus ea",
[2021-04-25 14:27:05,700] {bash.py:173} INFO -     "completed": false
[2021-04-25 14:27:05,700] {bash.py:173} INFO -   },
[2021-04-25 14:27:05,700] {bash.py:173} INFO -   {
[2021-04-25 14:27:05,700] {bash.py:173} INFO -     "userId": 2,
[2021-04-25 14:27:05,701] {bash.py:173} INFO -     "id": 25,
[2021-04-25 14:27:05,701] {bash.py:173} INFO -     "title": "voluptas quo tenetur perspiciatis explicabo natus",
[2021-04-25 14:27:05,701] {bash.py:173} INFO -     "completed": true
[2021-04-25 14:27:05,701] {bash.py:173} INFO -   },
[2021-04-25 14:27:05,702] {bash.py:173} INFO -   {
[2021-04-25 14:27:05,702] {bash.py:173} INFO -     "userId": 2,
[2021-04-25 14:27:05,702] {bash.py:173} INFO -     "id": 26,
[2021-04-25 14:27:05,702] {bash.py:173} INFO -     "title": "aliquam aut quasi",
[2021-04-25 14:27:05,702] {bash.py:173} INFO -     "completed": true
[2021-04-25 14:27:05,702] {bash.py:173} INFO -   },
[2021-04-25 14:27:05,702] {bash.py:173} INFO -   {
[2021-04-25 14:27:05,703] {bash.py:173} INFO -     "userId": 2,
[2021-04-25 14:27:05,703] {bash.py:173} INFO -     "id": 27,
[2021-04-25 14:27:05,703] {bash.py:173} INFO -     "title": "veritatis pariatur delectus",
[2021-04-25 14:27:05,703] {bash.py:173} INFO -     "completed": true
[2021-04-25 14:27:05,703] {bash.py:173} INFO -   },
[2021-04-25 14:27:05,703] {bash.py:173} INFO -   {
[2021-04-25 14:27:05,703] {bash.py:173} INFO -     "userId": 2,
[2021-04-25 14:27:05,703] {bash.py:173} INFO -     "id": 28,
[2021-04-25 14:27:05,703] {bash.py:173} INFO -     "title": "nesciunt totam sit blanditiis sit",
[2021-04-25 14:27:05,704] {bash.py:173} INFO -     "completed": false
[2021-04-25 14:27:05,704] {bash.py:173} INFO -   },
[2021-04-25 14:27:05,704] {bash.py:173} INFO -   {
[2021-04-25 14:27:05,704] {bash.py:173} INFO -     "userId": 2,
[2021-04-25 14:27:05,704] {bash.py:173} INFO -     "id": 29,
[2021-04-25 14:27:05,704] {bash.py:173} INFO -     "title": "laborum aut in quam",
[2021-04-25 14:27:05,704] {bash.py:173} INFO -     "completed": false
[2021-04-25 14:27:05,704] {bash.py:173} INFO -   },
[2021-04-25 14:27:05,705] {bash.py:173} INFO -   {
[2021-04-25 14:27:05,705] {bash.py:173} INFO -     "userId": 2,
[2021-04-25 14:27:05,705] {bash.py:173} INFO -     "id": 30,
[2021-04-25 14:27:05,705] {bash.py:173} INFO -     "title": "nemo perspiciatis repellat ut dolor libero commodi blanditiis omnis",
[2021-04-25 14:27:05,705] {bash.py:173} INFO -     "completed": true
[2021-04-25 14:27:05,705] {bash.py:173} INFO -   },
[2021-04-25 14:27:05,705] {bash.py:173} INFO -   {
[2021-04-25 14:27:05,705] {bash.py:173} INFO -     "userId": 2,
[2021-04-25 14:27:05,706] {bash.py:173} INFO -     "id": 31,
[2021-04-25 14:27:05,706] {bash.py:173} INFO -     "title": "repudiandae totam in est sint facere fuga",
[2021-04-25 14:27:05,706] {bash.py:173} INFO -     "completed": false
[2021-04-25 14:27:05,706] {bash.py:173} INFO -   },
[2021-04-25 14:27:05,706] {bash.py:173} INFO -   {
[2021-04-25 14:27:05,706] {bash.py:173} INFO -     "userId": 2,
[2021-04-25 14:27:05,706] {bash.py:173} INFO -     "id": 32,
[2021-04-25 14:27:05,707] {bash.py:173} INFO -     "title": "earum doloribus ea doloremque quis",
[2021-04-25 14:27:05,707] {bash.py:173} INFO -     "completed": false
[2021-04-25 14:27:05,707] {bash.py:173} INFO -   },
[2021-04-25 14:27:05,707] {bash.py:173} INFO -   {
[2021-04-25 14:27:05,707] {bash.py:173} INFO -     "userId": 2,
[2021-04-25 14:27:05,708] {bash.py:173} INFO -     "id": 33,
[2021-04-25 14:27:05,708] {bash.py:173} INFO -     "title": "sint sit aut vero",
[2021-04-25 14:27:05,708] {bash.py:173} INFO -     "completed": false
[2021-04-25 14:27:05,708] {bash.py:173} INFO -   },
[2021-04-25 14:27:05,708] {bash.py:173} INFO -   {
[2021-04-25 14:27:05,708] {bash.py:173} INFO -     "userId": 2,
[2021-04-25 14:27:05,708] {bash.py:173} INFO -     "id": 34,
[2021-04-25 14:27:05,708] {bash.py:173} INFO -     "title": "porro aut necessitatibus eaque distinctio",
[2021-04-25 14:27:05,708] {bash.py:173} INFO -     "completed": false
[2021-04-25 14:27:05,708] {bash.py:173} INFO -   },
[2021-04-25 14:27:05,709] {bash.py:173} INFO -   {
[2021-04-25 14:27:05,709] {bash.py:173} INFO -     "userId": 2,
[2021-04-25 14:27:05,709] {bash.py:173} INFO -     "id": 35,
[2021-04-25 14:27:05,709] {bash.py:173} INFO -     "title": "repellendus veritatis molestias dicta incidunt",
[2021-04-25 14:27:05,709] {bash.py:173} INFO -     "completed": true
[2021-04-25 14:27:05,709] {bash.py:173} INFO -   },
[2021-04-25 14:27:05,709] {bash.py:173} INFO -   {
[2021-04-25 14:27:05,709] {bash.py:173} INFO -     "userId": 2,
[2021-04-25 14:27:05,709] {bash.py:173} INFO -     "id": 36,
[2021-04-25 14:27:05,709] {bash.py:173} INFO -     "title": "excepturi deleniti adipisci voluptatem et neque optio illum ad",
[2021-04-25 14:27:05,709] {bash.py:173} INFO -     "completed": true
[2021-04-25 14:27:05,709] {bash.py:173} INFO -   },
[2021-04-25 14:27:05,710] {bash.py:173} INFO -   {
[2021-04-25 14:27:05,710] {bash.py:173} INFO -     "userId": 2,
[2021-04-25 14:27:05,710] {bash.py:173} INFO -     "id": 37,
[2021-04-25 14:27:05,710] {bash.py:173} INFO -     "title": "sunt cum tempora",
[2021-04-25 14:27:05,710] {bash.py:173} INFO -     "completed": false
[2021-04-25 14:27:05,710] {bash.py:173} INFO -   },
[2021-04-25 14:27:05,710] {bash.py:173} INFO -   {
[2021-04-25 14:27:05,710] {bash.py:173} INFO -     "userId": 2,
[2021-04-25 14:27:05,710] {bash.py:173} INFO -     "id": 38,
[2021-04-25 14:27:05,710] {bash.py:173} INFO -     "title": "totam quia non",
[2021-04-25 14:27:05,710] {bash.py:173} INFO -     "completed": false
[2021-04-25 14:27:05,711] {bash.py:173} INFO -   },
[2021-04-25 14:27:05,711] {bash.py:173} INFO -   {
[2021-04-25 14:27:05,711] {bash.py:173} INFO -     "userId": 2,
[2021-04-25 14:27:05,711] {bash.py:173} INFO -     "id": 39,
[2021-04-25 14:27:05,711] {bash.py:173} INFO -     "title": "doloremque quibusdam asperiores libero corrupti illum qui omnis",
[2021-04-25 14:27:05,711] {bash.py:173} INFO -     "completed": false
[2021-04-25 14:27:05,711] {bash.py:173} INFO -   },
[2021-04-25 14:27:05,711] {bash.py:173} INFO -   {
[2021-04-25 14:27:05,711] {bash.py:173} INFO -     "userId": 2,
[2021-04-25 14:27:05,712] {bash.py:173} INFO -     "id": 40,
[2021-04-25 14:27:05,712] {bash.py:173} INFO -     "title": "totam atque quo nesciunt",
[2021-04-25 14:27:05,712] {bash.py:173} INFO -     "completed": true
[2021-04-25 14:27:05,712] {bash.py:173} INFO -   },
[2021-04-25 14:27:05,712] {bash.py:173} INFO -   {
[2021-04-25 14:27:05,712] {bash.py:173} INFO -     "userId": 3,
[2021-04-25 14:27:05,712] {bash.py:173} INFO -     "id": 41,
[2021-04-25 14:27:05,712] {bash.py:173} INFO -     "title": "aliquid amet impedit consequatur aspernatur placeat eaque fugiat suscipit",
[2021-04-25 14:27:05,712] {bash.py:173} INFO -     "completed": false
[2021-04-25 14:27:05,713] {bash.py:173} INFO -   },
[2021-04-25 14:27:05,713] {bash.py:173} INFO -   {
[2021-04-25 14:27:05,713] {bash.py:173} INFO -     "userId": 3,
[2021-04-25 14:27:05,713] {bash.py:173} INFO -     "id": 42,
[2021-04-25 14:27:05,713] {bash.py:173} INFO -     "title": "rerum perferendis error quia ut eveniet",
[2021-04-25 14:27:05,713] {bash.py:173} INFO -     "completed": false
[2021-04-25 14:27:05,713] {bash.py:173} INFO -   },
[2021-04-25 14:27:05,714] {bash.py:173} INFO -   {
[2021-04-25 14:27:05,714] {bash.py:173} INFO -     "userId": 3,
[2021-04-25 14:27:05,714] {bash.py:173} INFO -     "id": 43,
[2021-04-25 14:27:05,714] {bash.py:173} INFO -     "title": "tempore ut sint quis recusandae",
[2021-04-25 14:27:05,714] {bash.py:173} INFO -     "completed": true
[2021-04-25 14:27:05,714] {bash.py:173} INFO -   },
[2021-04-25 14:27:05,714] {bash.py:173} INFO -   {
[2021-04-25 14:27:05,714] {bash.py:173} INFO -     "userId": 3,
[2021-04-25 14:27:05,715] {bash.py:173} INFO -     "id": 44,
[2021-04-25 14:27:05,715] {bash.py:173} INFO -     "title": "cum debitis quis accusamus doloremque ipsa natus sapiente omnis",
[2021-04-25 14:27:05,715] {bash.py:173} INFO -     "completed": true
[2021-04-25 14:27:05,715] {bash.py:173} INFO -   },
[2021-04-25 14:27:05,715] {bash.py:173} INFO -   {
[2021-04-25 14:27:05,715] {bash.py:173} INFO -     "userId": 3,
[2021-04-25 14:27:05,715] {bash.py:173} INFO -     "id": 45,
[2021-04-25 14:27:05,715] {bash.py:173} INFO -     "title": "velit soluta adipisci molestias reiciendis harum",
[2021-04-25 14:27:05,716] {bash.py:173} INFO -     "completed": false
[2021-04-25 14:27:05,716] {bash.py:173} INFO -   },
[2021-04-25 14:27:05,716] {bash.py:173} INFO -   {
[2021-04-25 14:27:05,717] {bash.py:173} INFO -     "userId": 3,
[2021-04-25 14:27:05,717] {bash.py:173} INFO -     "id": 46,
[2021-04-25 14:27:05,717] {bash.py:173} INFO -     "title": "vel voluptatem repellat nihil placeat corporis",
[2021-04-25 14:27:05,717] {bash.py:173} INFO -     "completed": false
[2021-04-25 14:27:05,717] {bash.py:173} INFO -   },
[2021-04-25 14:27:05,717] {bash.py:173} INFO -   {
[2021-04-25 14:27:05,718] {bash.py:173} INFO -     "userId": 3,
[2021-04-25 14:27:05,718] {bash.py:173} INFO -     "id": 47,
[2021-04-25 14:27:05,719] {bash.py:173} INFO -     "title": "nam qui rerum fugiat accusamus",
[2021-04-25 14:27:05,719] {bash.py:173} INFO -     "completed": false
[2021-04-25 14:27:05,719] {bash.py:173} INFO -   },
[2021-04-25 14:27:05,719] {bash.py:173} INFO -   {
[2021-04-25 14:27:05,719] {bash.py:173} INFO -     "userId": 3,
[2021-04-25 14:27:05,719] {bash.py:173} INFO -     "id": 48,
[2021-04-25 14:27:05,719] {bash.py:173} INFO -     "title": "sit reprehenderit omnis quia",
[2021-04-25 14:27:05,719] {bash.py:173} INFO -     "completed": false
[2021-04-25 14:27:05,720] {bash.py:173} INFO -   },
[2021-04-25 14:27:05,720] {bash.py:173} INFO -   {
[2021-04-25 14:27:05,720] {bash.py:173} INFO -     "userId": 3,
[2021-04-25 14:27:05,720] {bash.py:173} INFO -     "id": 49,
[2021-04-25 14:27:05,720] {bash.py:173} INFO -     "title": "ut necessitatibus aut maiores debitis officia blanditiis velit et",
[2021-04-25 14:27:05,720] {bash.py:173} INFO -     "completed": false
[2021-04-25 14:27:05,720] {bash.py:173} INFO -   },
[2021-04-25 14:27:05,720] {bash.py:173} INFO -   {
[2021-04-25 14:27:05,720] {bash.py:173} INFO -     "userId": 3,
[2021-04-25 14:27:05,721] {bash.py:173} INFO -     "id": 50,
[2021-04-25 14:27:05,721] {bash.py:173} INFO -     "title": "cupiditate necessitatibus ullam aut quis dolor voluptate",
[2021-04-25 14:27:05,721] {bash.py:173} INFO -     "completed": true
[2021-04-25 14:27:05,721] {bash.py:173} INFO -   },
[2021-04-25 14:27:05,721] {bash.py:173} INFO -   {
[2021-04-25 14:27:05,721] {bash.py:173} INFO -     "userId": 3,
[2021-04-25 14:27:05,721] {bash.py:173} INFO -     "id": 51,
[2021-04-25 14:27:05,721] {bash.py:173} INFO -     "title": "distinctio exercitationem ab doloribus",
[2021-04-25 14:27:05,721] {bash.py:173} INFO -     "completed": false
[2021-04-25 14:27:05,721] {bash.py:173} INFO -   },
[2021-04-25 14:27:05,722] {bash.py:173} INFO -   {
[2021-04-25 14:27:05,722] {bash.py:173} INFO -     "userId": 3,
[2021-04-25 14:27:05,722] {bash.py:173} INFO -     "id": 52,
[2021-04-25 14:27:05,722] {bash.py:173} INFO -     "title": "nesciunt dolorum quis recusandae ad pariatur ratione",
[2021-04-25 14:27:05,722] {bash.py:173} INFO -     "completed": false
[2021-04-25 14:27:05,722] {bash.py:173} INFO -   },
[2021-04-25 14:27:05,722] {bash.py:173} INFO -   {
[2021-04-25 14:27:05,722] {bash.py:173} INFO -     "userId": 3,
[2021-04-25 14:27:05,722] {bash.py:173} INFO -     "id": 53,
[2021-04-25 14:27:05,722] {bash.py:173} INFO -     "title": "qui labore est occaecati recusandae aliquid quam",
[2021-04-25 14:27:05,723] {bash.py:173} INFO -     "completed": false
[2021-04-25 14:27:05,723] {bash.py:173} INFO -   },
[2021-04-25 14:27:05,723] {bash.py:173} INFO -   {
[2021-04-25 14:27:05,723] {bash.py:173} INFO -     "userId": 3,
[2021-04-25 14:27:05,723] {bash.py:173} INFO -     "id": 54,
[2021-04-25 14:27:05,723] {bash.py:173} INFO -     "title": "quis et est ut voluptate quam dolor",
[2021-04-25 14:27:05,723] {bash.py:173} INFO -     "completed": true
[2021-04-25 14:27:05,723] {bash.py:173} INFO -   },
[2021-04-25 14:27:05,723] {bash.py:173} INFO -   {
[2021-04-25 14:27:05,723] {bash.py:173} INFO -     "userId": 3,
[2021-04-25 14:27:05,723] {bash.py:173} INFO -     "id": 55,
[2021-04-25 14:27:05,724] {bash.py:173} INFO -     "title": "voluptatum omnis minima qui occaecati provident nulla voluptatem ratione",
[2021-04-25 14:27:05,724] {bash.py:173} INFO -     "completed": true
[2021-04-25 14:27:05,724] {bash.py:173} INFO -   },
[2021-04-25 14:27:05,724] {bash.py:173} INFO -   {
[2021-04-25 14:27:05,724] {bash.py:173} INFO -     "userId": 3,
[2021-04-25 14:27:05,724] {bash.py:173} INFO -     "id": 56,
[2021-04-25 14:27:05,724] {bash.py:173} INFO -     "title": "deleniti ea temporibus enim",
[2021-04-25 14:27:05,724] {bash.py:173} INFO -     "completed": true
[2021-04-25 14:27:05,724] {bash.py:173} INFO -   },
[2021-04-25 14:27:05,724] {bash.py:173} INFO -   {
[2021-04-25 14:27:05,724] {bash.py:173} INFO -     "userId": 3,
[2021-04-25 14:27:05,725] {bash.py:173} INFO -     "id": 57,
[2021-04-25 14:27:05,725] {bash.py:173} INFO -     "title": "pariatur et magnam ea doloribus similique voluptatem rerum quia",
[2021-04-25 14:27:05,725] {bash.py:173} INFO -     "completed": false
[2021-04-25 14:27:05,725] {bash.py:173} INFO -   },
[2021-04-25 14:27:05,725] {bash.py:173} INFO -   {
[2021-04-25 14:27:05,725] {bash.py:173} INFO -     "userId": 3,
[2021-04-25 14:27:05,725] {bash.py:173} INFO -     "id": 58,
[2021-04-25 14:27:05,725] {bash.py:173} INFO -     "title": "est dicta totam qui explicabo doloribus qui dignissimos",
[2021-04-25 14:27:05,725] {bash.py:173} INFO -     "completed": false
[2021-04-25 14:27:05,725] {bash.py:173} INFO -   },
[2021-04-25 14:27:05,725] {bash.py:173} INFO -   {
[2021-04-25 14:27:05,726] {bash.py:173} INFO -     "userId": 3,
[2021-04-25 14:27:05,726] {bash.py:173} INFO -     "id": 59,
[2021-04-25 14:27:05,726] {bash.py:173} INFO -     "title": "perspiciatis velit id laborum placeat iusto et aliquam odio",
[2021-04-25 14:27:05,726] {bash.py:173} INFO -     "completed": false
[2021-04-25 14:27:05,726] {bash.py:173} INFO -   },
[2021-04-25 14:27:05,726] {bash.py:173} INFO -   {
[2021-04-25 14:27:05,726] {bash.py:173} INFO -     "userId": 3,
[2021-04-25 14:27:05,726] {bash.py:173} INFO -     "id": 60,
[2021-04-25 14:27:05,726] {bash.py:173} INFO -     "title": "et sequi qui architecto ut adipisci",
[2021-04-25 14:27:05,726] {bash.py:173} INFO -     "completed": true
[2021-04-25 14:27:05,727] {bash.py:173} INFO -   },
[2021-04-25 14:27:05,727] {bash.py:173} INFO -   {
[2021-04-25 14:27:05,727] {bash.py:173} INFO -     "userId": 4,
[2021-04-25 14:27:05,727] {bash.py:173} INFO -     "id": 61,
[2021-04-25 14:27:05,727] {bash.py:173} INFO -     "title": "odit optio omnis qui sunt",
[2021-04-25 14:27:05,727] {bash.py:173} INFO -     "completed": true
[2021-04-25 14:27:05,727] {bash.py:173} INFO -   },
[2021-04-25 14:27:05,727] {bash.py:173} INFO -   {
[2021-04-25 14:27:05,727] {bash.py:173} INFO -     "userId": 4,
[2021-04-25 14:27:05,727] {bash.py:173} INFO -     "id": 62,
[2021-04-25 14:27:05,727] {bash.py:173} INFO -     "title": "et placeat et tempore aspernatur sint numquam",
[2021-04-25 14:27:05,727] {bash.py:173} INFO -     "completed": false
[2021-04-25 14:27:05,727] {bash.py:173} INFO -   },
[2021-04-25 14:27:05,727] {bash.py:173} INFO -   {
[2021-04-25 14:27:05,727] {bash.py:173} INFO -     "userId": 4,
[2021-04-25 14:27:05,727] {bash.py:173} INFO -     "id": 63,
[2021-04-25 14:27:05,728] {bash.py:173} INFO -     "title": "doloremque aut dolores quidem fuga qui nulla",
[2021-04-25 14:27:05,728] {bash.py:173} INFO -     "completed": true
[2021-04-25 14:27:05,728] {bash.py:173} INFO -   },
[2021-04-25 14:27:05,728] {bash.py:173} INFO -   {
[2021-04-25 14:27:05,728] {bash.py:173} INFO -     "userId": 4,
[2021-04-25 14:27:05,728] {bash.py:173} INFO -     "id": 64,
[2021-04-25 14:27:05,728] {bash.py:173} INFO -     "title": "voluptas consequatur qui ut quia magnam nemo esse",
[2021-04-25 14:27:05,728] {bash.py:173} INFO -     "completed": false
[2021-04-25 14:27:05,728] {bash.py:173} INFO -   },
[2021-04-25 14:27:05,728] {bash.py:173} INFO -   {
[2021-04-25 14:27:05,728] {bash.py:173} INFO -     "userId": 4,
[2021-04-25 14:27:05,728] {bash.py:173} INFO -     "id": 65,
[2021-04-25 14:27:05,728] {bash.py:173} INFO -     "title": "fugiat pariatur ratione ut asperiores necessitatibus magni",
[2021-04-25 14:27:05,728] {bash.py:173} INFO -     "completed": false
[2021-04-25 14:27:05,728] {bash.py:173} INFO -   },
[2021-04-25 14:27:05,729] {bash.py:173} INFO -   {
[2021-04-25 14:27:05,729] {bash.py:173} INFO -     "userId": 4,
[2021-04-25 14:27:05,729] {bash.py:173} INFO -     "id": 66,
[2021-04-25 14:27:05,729] {bash.py:173} INFO -     "title": "rerum eum molestias autem voluptatum sit optio",
[2021-04-25 14:27:05,729] {bash.py:173} INFO -     "completed": false
[2021-04-25 14:27:05,729] {bash.py:173} INFO -   },
[2021-04-25 14:27:05,729] {bash.py:173} INFO -   {
[2021-04-25 14:27:05,729] {bash.py:173} INFO -     "userId": 4,
[2021-04-25 14:27:05,729] {bash.py:173} INFO -     "id": 67,
[2021-04-25 14:27:05,729] {bash.py:173} INFO -     "title": "quia voluptatibus voluptatem quos similique maiores repellat",
[2021-04-25 14:27:05,729] {bash.py:173} INFO -     "completed": false
[2021-04-25 14:27:05,729] {bash.py:173} INFO -   },
[2021-04-25 14:27:05,729] {bash.py:173} INFO -   {
[2021-04-25 14:27:05,729] {bash.py:173} INFO -     "userId": 4,
[2021-04-25 14:27:05,729] {bash.py:173} INFO -     "id": 68,
[2021-04-25 14:27:05,729] {bash.py:173} INFO -     "title": "aut id perspiciatis voluptatem iusto",
[2021-04-25 14:27:05,730] {bash.py:173} INFO -     "completed": false
[2021-04-25 14:27:05,730] {bash.py:173} INFO -   },
[2021-04-25 14:27:05,730] {bash.py:173} INFO -   {
[2021-04-25 14:27:05,730] {bash.py:173} INFO -     "userId": 4,
[2021-04-25 14:27:05,730] {bash.py:173} INFO -     "id": 69,
[2021-04-25 14:27:05,730] {bash.py:173} INFO -     "title": "doloribus sint dolorum ab adipisci itaque dignissimos aliquam suscipit",
[2021-04-25 14:27:05,730] {bash.py:173} INFO -     "completed": false
[2021-04-25 14:27:05,730] {bash.py:173} INFO -   },
[2021-04-25 14:27:05,730] {bash.py:173} INFO -   {
[2021-04-25 14:27:05,730] {bash.py:173} INFO -     "userId": 4,
[2021-04-25 14:27:05,730] {bash.py:173} INFO -     "id": 70,
[2021-04-25 14:27:05,730] {bash.py:173} INFO -     "title": "ut sequi accusantium et mollitia delectus sunt",
[2021-04-25 14:27:05,730] {bash.py:173} INFO -     "completed": false
[2021-04-25 14:27:05,730] {bash.py:173} INFO -   },
[2021-04-25 14:27:05,730] {bash.py:173} INFO -   {
[2021-04-25 14:27:05,730] {bash.py:173} INFO -     "userId": 4,
[2021-04-25 14:27:05,731] {bash.py:173} INFO -     "id": 71,
[2021-04-25 14:27:05,731] {bash.py:173} INFO -     "title": "aut velit saepe ullam",
[2021-04-25 14:27:05,731] {bash.py:173} INFO -     "completed": false
[2021-04-25 14:27:05,731] {bash.py:173} INFO -   },
[2021-04-25 14:27:05,731] {bash.py:173} INFO -   {
[2021-04-25 14:27:05,731] {bash.py:173} INFO -     "userId": 4,
[2021-04-25 14:27:05,731] {bash.py:173} INFO -     "id": 72,
[2021-04-25 14:27:05,731] {bash.py:173} INFO -     "title": "praesentium facilis facere quis harum voluptatibus voluptatem eum",
[2021-04-25 14:27:05,731] {bash.py:173} INFO -     "completed": false
[2021-04-25 14:27:05,731] {bash.py:173} INFO -   },
[2021-04-25 14:27:05,731] {bash.py:173} INFO -   {
[2021-04-25 14:27:05,731] {bash.py:173} INFO -     "userId": 4,
[2021-04-25 14:27:05,731] {bash.py:173} INFO -     "id": 73,
[2021-04-25 14:27:05,731] {bash.py:173} INFO -     "title": "sint amet quia totam corporis qui exercitationem commodi",
[2021-04-25 14:27:05,732] {bash.py:173} INFO -     "completed": true
[2021-04-25 14:27:05,732] {bash.py:173} INFO -   },
[2021-04-25 14:27:05,732] {bash.py:173} INFO -   {
[2021-04-25 14:27:05,732] {bash.py:173} INFO -     "userId": 4,
[2021-04-25 14:27:05,732] {bash.py:173} INFO -     "id": 74,
[2021-04-25 14:27:05,732] {bash.py:173} INFO -     "title": "expedita tempore nobis eveniet laborum maiores",
[2021-04-25 14:27:05,732] {bash.py:173} INFO -     "completed": false
[2021-04-25 14:27:05,732] {bash.py:173} INFO -   },
[2021-04-25 14:27:05,732] {bash.py:173} INFO -   {
[2021-04-25 14:27:05,732] {bash.py:173} INFO -     "userId": 4,
[2021-04-25 14:27:05,732] {bash.py:173} INFO -     "id": 75,
[2021-04-25 14:27:05,732] {bash.py:173} INFO -     "title": "occaecati adipisci est possimus totam",
[2021-04-25 14:27:05,733] {bash.py:173} INFO -     "completed": false
[2021-04-25 14:27:05,733] {bash.py:173} INFO -   },
[2021-04-25 14:27:05,733] {bash.py:173} INFO -   {
[2021-04-25 14:27:05,733] {bash.py:173} INFO -     "userId": 4,
[2021-04-25 14:27:05,733] {bash.py:173} INFO -     "id": 76,
[2021-04-25 14:27:05,733] {bash.py:173} INFO -     "title": "sequi dolorem sed",
[2021-04-25 14:27:05,733] {bash.py:173} INFO -     "completed": true
[2021-04-25 14:27:05,733] {bash.py:173} INFO -   },
[2021-04-25 14:27:05,733] {bash.py:173} INFO -   {
[2021-04-25 14:27:05,733] {bash.py:173} INFO -     "userId": 4,
[2021-04-25 14:27:05,734] {bash.py:173} INFO -     "id": 77,
[2021-04-25 14:27:05,734] {bash.py:173} INFO -     "title": "maiores aut nesciunt delectus exercitationem vel assumenda eligendi at",
[2021-04-25 14:27:05,734] {bash.py:173} INFO -     "completed": false
[2021-04-25 14:27:05,734] {bash.py:173} INFO -   },
[2021-04-25 14:27:05,734] {bash.py:173} INFO -   {
[2021-04-25 14:27:05,734] {bash.py:173} INFO -     "userId": 4,
[2021-04-25 14:27:05,734] {bash.py:173} INFO -     "id": 78,
[2021-04-25 14:27:05,734] {bash.py:173} INFO -     "title": "reiciendis est magnam amet nemo iste recusandae impedit quaerat",
[2021-04-25 14:27:05,734] {bash.py:173} INFO -     "completed": false
[2021-04-25 14:27:05,734] {bash.py:173} INFO -   },
[2021-04-25 14:27:05,734] {bash.py:173} INFO -   {
[2021-04-25 14:27:05,734] {bash.py:173} INFO -     "userId": 4,
[2021-04-25 14:27:05,734] {bash.py:173} INFO -     "id": 79,
[2021-04-25 14:27:05,735] {bash.py:173} INFO -     "title": "eum ipsa maxime ut",
[2021-04-25 14:27:05,735] {bash.py:173} INFO -     "completed": true
[2021-04-25 14:27:05,735] {bash.py:173} INFO -   },
[2021-04-25 14:27:05,735] {bash.py:173} INFO -   {
[2021-04-25 14:27:05,735] {bash.py:173} INFO -     "userId": 4,
[2021-04-25 14:27:05,735] {bash.py:173} INFO -     "id": 80,
[2021-04-25 14:27:05,735] {bash.py:173} INFO -     "title": "tempore molestias dolores rerum sequi voluptates ipsum consequatur",
[2021-04-25 14:27:05,735] {bash.py:173} INFO -     "completed": true
[2021-04-25 14:27:05,735] {bash.py:173} INFO -   },
[2021-04-25 14:27:05,735] {bash.py:173} INFO -   {
[2021-04-25 14:27:05,736] {bash.py:173} INFO -     "userId": 5,
[2021-04-25 14:27:05,736] {bash.py:173} INFO -     "id": 81,
[2021-04-25 14:27:05,736] {bash.py:173} INFO -     "title": "suscipit qui totam",
[2021-04-25 14:27:05,736] {bash.py:173} INFO -     "completed": true
[2021-04-25 14:27:05,736] {bash.py:173} INFO -   },
[2021-04-25 14:27:05,736] {bash.py:173} INFO -   {
[2021-04-25 14:27:05,736] {bash.py:173} INFO -     "userId": 5,
[2021-04-25 14:27:05,736] {bash.py:173} INFO -     "id": 82,
[2021-04-25 14:27:05,736] {bash.py:173} INFO -     "title": "voluptates eum voluptas et dicta",
[2021-04-25 14:27:05,736] {bash.py:173} INFO -     "completed": false
[2021-04-25 14:27:05,736] {bash.py:173} INFO -   },
[2021-04-25 14:27:05,736] {bash.py:173} INFO -   {
[2021-04-25 14:27:05,736] {bash.py:173} INFO -     "userId": 5,
[2021-04-25 14:27:05,736] {bash.py:173} INFO -     "id": 83,
[2021-04-25 14:27:05,736] {bash.py:173} INFO -     "title": "quidem at rerum quis ex aut sit quam",
[2021-04-25 14:27:05,736] {bash.py:173} INFO -     "completed": true
[2021-04-25 14:27:05,737] {bash.py:173} INFO -   },
[2021-04-25 14:27:05,737] {bash.py:173} INFO -   {
[2021-04-25 14:27:05,737] {bash.py:173} INFO -     "userId": 5,
[2021-04-25 14:27:05,737] {bash.py:173} INFO -     "id": 84,
[2021-04-25 14:27:05,737] {bash.py:173} INFO -     "title": "sunt veritatis ut voluptate",
[2021-04-25 14:27:05,737] {bash.py:173} INFO -     "completed": false
[2021-04-25 14:27:05,737] {bash.py:173} INFO -   },
[2021-04-25 14:27:05,737] {bash.py:173} INFO -   {
[2021-04-25 14:27:05,737] {bash.py:173} INFO -     "userId": 5,
[2021-04-25 14:27:05,737] {bash.py:173} INFO -     "id": 85,
[2021-04-25 14:27:05,737] {bash.py:173} INFO -     "title": "et quia ad iste a",
[2021-04-25 14:27:05,737] {bash.py:173} INFO -     "completed": true
[2021-04-25 14:27:05,737] {bash.py:173} INFO -   },
[2021-04-25 14:27:05,737] {bash.py:173} INFO -   {
[2021-04-25 14:27:05,737] {bash.py:173} INFO -     "userId": 5,
[2021-04-25 14:27:05,738] {bash.py:173} INFO -     "id": 86,
[2021-04-25 14:27:05,738] {bash.py:173} INFO -     "title": "incidunt ut saepe autem",
[2021-04-25 14:27:05,738] {bash.py:173} INFO -     "completed": true
[2021-04-25 14:27:05,738] {bash.py:173} INFO -   },
[2021-04-25 14:27:05,738] {bash.py:173} INFO -   {
[2021-04-25 14:27:05,738] {bash.py:173} INFO -     "userId": 5,
[2021-04-25 14:27:05,738] {bash.py:173} INFO -     "id": 87,
[2021-04-25 14:27:05,738] {bash.py:173} INFO -     "title": "laudantium quae eligendi consequatur quia et vero autem",
[2021-04-25 14:27:05,738] {bash.py:173} INFO -     "completed": true
[2021-04-25 14:27:05,738] {bash.py:173} INFO -   },
[2021-04-25 14:27:05,738] {bash.py:173} INFO -   {
[2021-04-25 14:27:05,739] {bash.py:173} INFO -     "userId": 5,
[2021-04-25 14:27:05,739] {bash.py:173} INFO -     "id": 88,
[2021-04-25 14:27:05,739] {bash.py:173} INFO -     "title": "vitae aut excepturi laboriosam sint aliquam et et accusantium",
[2021-04-25 14:27:05,739] {bash.py:173} INFO -     "completed": false
[2021-04-25 14:27:05,739] {bash.py:173} INFO -   },
[2021-04-25 14:27:05,739] {bash.py:173} INFO -   {
[2021-04-25 14:27:05,739] {bash.py:173} INFO -     "userId": 5,
[2021-04-25 14:27:05,739] {bash.py:173} INFO -     "id": 89,
[2021-04-25 14:27:05,739] {bash.py:173} INFO -     "title": "sequi ut omnis et",
[2021-04-25 14:27:05,739] {bash.py:173} INFO -     "completed": true
[2021-04-25 14:27:05,739] {bash.py:173} INFO -   },
[2021-04-25 14:27:05,739] {bash.py:173} INFO -   {
[2021-04-25 14:27:05,739] {bash.py:173} INFO -     "userId": 5,
[2021-04-25 14:27:05,739] {bash.py:173} INFO -     "id": 90,
[2021-04-25 14:27:05,739] {bash.py:173} INFO -     "title": "molestiae nisi accusantium tenetur dolorem et",
[2021-04-25 14:27:05,740] {bash.py:173} INFO -     "completed": true
[2021-04-25 14:27:05,740] {bash.py:173} INFO -   },
[2021-04-25 14:27:05,740] {bash.py:173} INFO -   {
[2021-04-25 14:27:05,740] {bash.py:173} INFO -     "userId": 5,
[2021-04-25 14:27:05,740] {bash.py:173} INFO -     "id": 91,
[2021-04-25 14:27:05,740] {bash.py:173} INFO -     "title": "nulla quis consequatur saepe qui id expedita",
[2021-04-25 14:27:05,740] {bash.py:173} INFO -     "completed": true
[2021-04-25 14:27:05,740] {bash.py:173} INFO -   },
[2021-04-25 14:27:05,740] {bash.py:173} INFO -   {
[2021-04-25 14:27:05,740] {bash.py:173} INFO -     "userId": 5,
[2021-04-25 14:27:05,740] {bash.py:173} INFO -     "id": 92,
[2021-04-25 14:27:05,740] {bash.py:173} INFO -     "title": "in omnis laboriosam",
[2021-04-25 14:27:05,740] {bash.py:173} INFO -     "completed": true
[2021-04-25 14:27:05,740] {bash.py:173} INFO -   },
[2021-04-25 14:27:05,740] {bash.py:173} INFO -   {
[2021-04-25 14:27:05,741] {bash.py:173} INFO -     "userId": 5,
[2021-04-25 14:27:05,741] {bash.py:173} INFO -     "id": 93,
[2021-04-25 14:27:05,741] {bash.py:173} INFO -     "title": "odio iure consequatur molestiae quibusdam necessitatibus quia sint",
[2021-04-25 14:27:05,741] {bash.py:173} INFO -     "completed": true
[2021-04-25 14:27:05,741] {bash.py:173} INFO -   },
[2021-04-25 14:27:05,741] {bash.py:173} INFO -   {
[2021-04-25 14:27:05,741] {bash.py:173} INFO -     "userId": 5,
[2021-04-25 14:27:05,741] {bash.py:173} INFO -     "id": 94,
[2021-04-25 14:27:05,741] {bash.py:173} INFO -     "title": "facilis modi saepe mollitia",
[2021-04-25 14:27:05,741] {bash.py:173} INFO -     "completed": false
[2021-04-25 14:27:05,741] {bash.py:173} INFO -   },
[2021-04-25 14:27:05,741] {bash.py:173} INFO -   {
[2021-04-25 14:27:05,741] {bash.py:173} INFO -     "userId": 5,
[2021-04-25 14:27:05,741] {bash.py:173} INFO -     "id": 95,
[2021-04-25 14:27:05,742] {bash.py:173} INFO -     "title": "vel nihil et molestiae iusto assumenda nemo quo ut",
[2021-04-25 14:27:05,742] {bash.py:173} INFO -     "completed": true
[2021-04-25 14:27:05,742] {bash.py:173} INFO -   },
[2021-04-25 14:27:05,742] {bash.py:173} INFO -   {
[2021-04-25 14:27:05,742] {bash.py:173} INFO -     "userId": 5,
[2021-04-25 14:27:05,742] {bash.py:173} INFO -     "id": 96,
[2021-04-25 14:27:05,742] {bash.py:173} INFO -     "title": "nobis suscipit ducimus enim asperiores voluptas",
[2021-04-25 14:27:05,742] {bash.py:173} INFO -     "completed": false
[2021-04-25 14:27:05,742] {bash.py:173} INFO -   },
[2021-04-25 14:27:05,742] {bash.py:173} INFO -   {
[2021-04-25 14:27:05,742] {bash.py:173} INFO -     "userId": 5,
[2021-04-25 14:27:05,742] {bash.py:173} INFO -     "id": 97,
[2021-04-25 14:27:05,742] {bash.py:173} INFO -     "title": "dolorum laboriosam eos qui iure aliquam",
[2021-04-25 14:27:05,742] {bash.py:173} INFO -     "completed": false
[2021-04-25 14:27:05,743] {bash.py:173} INFO -   },
[2021-04-25 14:27:05,743] {bash.py:173} INFO -   {
[2021-04-25 14:27:05,743] {bash.py:173} INFO -     "userId": 5,
[2021-04-25 14:27:05,743] {bash.py:173} INFO -     "id": 98,
[2021-04-25 14:27:05,743] {bash.py:173} INFO -     "title": "debitis accusantium ut quo facilis nihil quis sapiente necessitatibus",
[2021-04-25 14:27:05,743] {bash.py:173} INFO -     "completed": true
[2021-04-25 14:27:05,743] {bash.py:173} INFO -   },
[2021-04-25 14:27:05,743] {bash.py:173} INFO -   {
[2021-04-25 14:27:05,743] {bash.py:173} INFO -     "userId": 5,
[2021-04-25 14:27:05,743] {bash.py:173} INFO -     "id": 99,
[2021-04-25 14:27:05,743] {bash.py:173} INFO -     "title": "neque voluptates ratione",
[2021-04-25 14:27:05,743] {bash.py:173} INFO -     "completed": false
[2021-04-25 14:27:05,743] {bash.py:173} INFO -   },
[2021-04-25 14:27:05,743] {bash.py:173} INFO -   {
[2021-04-25 14:27:05,743] {bash.py:173} INFO -     "userId": 5,
[2021-04-25 14:27:05,744] {bash.py:173} INFO -     "id": 100,
[2021-04-25 14:27:05,744] {bash.py:173} INFO -     "title": "excepturi a et neque qui expedita vel voluptate",
[2021-04-25 14:27:05,744] {bash.py:173} INFO -     "completed": false
[2021-04-25 14:27:05,744] {bash.py:173} INFO -   },
[2021-04-25 14:27:05,744] {bash.py:173} INFO -   {
[2021-04-25 14:27:05,744] {bash.py:173} INFO -     "userId": 6,
[2021-04-25 14:27:05,744] {bash.py:173} INFO -     "id": 101,
[2021-04-25 14:27:05,744] {bash.py:173} INFO -     "title": "explicabo enim cumque porro aperiam occaecati minima",
[2021-04-25 14:27:05,744] {bash.py:173} INFO -     "completed": false
[2021-04-25 14:27:05,744] {bash.py:173} INFO -   },
[2021-04-25 14:27:05,744] {bash.py:173} INFO -   {
[2021-04-25 14:27:05,744] {bash.py:173} INFO -     "userId": 6,
[2021-04-25 14:27:05,744] {bash.py:173} INFO -     "id": 102,
[2021-04-25 14:27:05,745] {bash.py:173} INFO -     "title": "sed ab consequatur",
[2021-04-25 14:27:05,745] {bash.py:173} INFO -     "completed": false
[2021-04-25 14:27:05,745] {bash.py:173} INFO -   },
[2021-04-25 14:27:05,745] {bash.py:173} INFO -   {
[2021-04-25 14:27:05,745] {bash.py:173} INFO -     "userId": 6,
[2021-04-25 14:27:05,745] {bash.py:173} INFO -     "id": 103,
[2021-04-25 14:27:05,745] {bash.py:173} INFO -     "title": "non sunt delectus illo nulla tenetur enim omnis",
[2021-04-25 14:27:05,745] {bash.py:173} INFO -     "completed": false
[2021-04-25 14:27:05,745] {bash.py:173} INFO -   },
[2021-04-25 14:27:05,745] {bash.py:173} INFO -   {
[2021-04-25 14:27:05,745] {bash.py:173} INFO -     "userId": 6,
[2021-04-25 14:27:05,745] {bash.py:173} INFO -     "id": 104,
[2021-04-25 14:27:05,746] {bash.py:173} INFO -     "title": "excepturi non laudantium quo",
[2021-04-25 14:27:05,746] {bash.py:173} INFO -     "completed": false
[2021-04-25 14:27:05,746] {bash.py:173} INFO -   },
[2021-04-25 14:27:05,746] {bash.py:173} INFO -   {
[2021-04-25 14:27:05,746] {bash.py:173} INFO -     "userId": 6,
[2021-04-25 14:27:05,746] {bash.py:173} INFO -     "id": 105,
[2021-04-25 14:27:05,746] {bash.py:173} INFO -     "title": "totam quia dolorem et illum repellat voluptas optio",
[2021-04-25 14:27:05,746] {bash.py:173} INFO -     "completed": true
[2021-04-25 14:27:05,746] {bash.py:173} INFO -   },
[2021-04-25 14:27:05,746] {bash.py:173} INFO -   {
[2021-04-25 14:27:05,746] {bash.py:173} INFO -     "userId": 6,
[2021-04-25 14:27:05,747] {bash.py:173} INFO -     "id": 106,
[2021-04-25 14:27:05,747] {bash.py:173} INFO -     "title": "ad illo quis voluptatem temporibus",
[2021-04-25 14:27:05,747] {bash.py:173} INFO -     "completed": true
[2021-04-25 14:27:05,747] {bash.py:173} INFO -   },
[2021-04-25 14:27:05,747] {bash.py:173} INFO -   {
[2021-04-25 14:27:05,747] {bash.py:173} INFO -     "userId": 6,
[2021-04-25 14:27:05,747] {bash.py:173} INFO -     "id": 107,
[2021-04-25 14:27:05,747] {bash.py:173} INFO -     "title": "praesentium facilis omnis laudantium fugit ad iusto nihil nesciunt",
[2021-04-25 14:27:05,747] {bash.py:173} INFO -     "completed": false
[2021-04-25 14:27:05,747] {bash.py:173} INFO -   },
[2021-04-25 14:27:05,748] {bash.py:173} INFO -   {
[2021-04-25 14:27:05,748] {bash.py:173} INFO -     "userId": 6,
[2021-04-25 14:27:05,748] {bash.py:173} INFO -     "id": 108,
[2021-04-25 14:27:05,748] {bash.py:173} INFO -     "title": "a eos eaque nihil et exercitationem incidunt delectus",
[2021-04-25 14:27:05,748] {bash.py:173} INFO -     "completed": true
[2021-04-25 14:27:05,748] {bash.py:173} INFO -   },
[2021-04-25 14:27:05,748] {bash.py:173} INFO -   {
[2021-04-25 14:27:05,748] {bash.py:173} INFO -     "userId": 6,
[2021-04-25 14:27:05,748] {bash.py:173} INFO -     "id": 109,
[2021-04-25 14:27:05,748] {bash.py:173} INFO -     "title": "autem temporibus harum quisquam in culpa",
[2021-04-25 14:27:05,748] {bash.py:173} INFO -     "completed": true
[2021-04-25 14:27:05,749] {bash.py:173} INFO -   },
[2021-04-25 14:27:05,749] {bash.py:173} INFO -   {
[2021-04-25 14:27:05,749] {bash.py:173} INFO -     "userId": 6,
[2021-04-25 14:27:05,749] {bash.py:173} INFO -     "id": 110,
[2021-04-25 14:27:05,749] {bash.py:173} INFO -     "title": "aut aut ea corporis",
[2021-04-25 14:27:05,749] {bash.py:173} INFO -     "completed": true
[2021-04-25 14:27:05,749] {bash.py:173} INFO -   },
[2021-04-25 14:27:05,749] {bash.py:173} INFO -   {
[2021-04-25 14:27:05,749] {bash.py:173} INFO -     "userId": 6,
[2021-04-25 14:27:05,749] {bash.py:173} INFO -     "id": 111,
[2021-04-25 14:27:05,749] {bash.py:173} INFO -     "title": "magni accusantium labore et id quis provident",
[2021-04-25 14:27:05,750] {bash.py:173} INFO -     "completed": false
[2021-04-25 14:27:05,750] {bash.py:173} INFO -   },
[2021-04-25 14:27:05,750] {bash.py:173} INFO -   {
[2021-04-25 14:27:05,750] {bash.py:173} INFO -     "userId": 6,
[2021-04-25 14:27:05,750] {bash.py:173} INFO -     "id": 112,
[2021-04-25 14:27:05,750] {bash.py:173} INFO -     "title": "consectetur impedit quisquam qui deserunt non rerum consequuntur eius",
[2021-04-25 14:27:05,750] {bash.py:173} INFO -     "completed": false
[2021-04-25 14:27:05,750] {bash.py:173} INFO -   },
[2021-04-25 14:27:05,750] {bash.py:173} INFO -   {
[2021-04-25 14:27:05,751] {bash.py:173} INFO -     "userId": 6,
[2021-04-25 14:27:05,751] {bash.py:173} INFO -     "id": 113,
[2021-04-25 14:27:05,751] {bash.py:173} INFO -     "title": "quia atque aliquam sunt impedit voluptatum rerum assumenda nisi",
[2021-04-25 14:27:05,751] {bash.py:173} INFO -     "completed": false
[2021-04-25 14:27:05,751] {bash.py:173} INFO -   },
[2021-04-25 14:27:05,751] {bash.py:173} INFO -   {
[2021-04-25 14:27:05,751] {bash.py:173} INFO -     "userId": 6,
[2021-04-25 14:27:05,751] {bash.py:173} INFO -     "id": 114,
[2021-04-25 14:27:05,751] {bash.py:173} INFO -     "title": "cupiditate quos possimus corporis quisquam exercitationem beatae",
[2021-04-25 14:27:05,751] {bash.py:173} INFO -     "completed": false
[2021-04-25 14:27:05,752] {bash.py:173} INFO -   },
[2021-04-25 14:27:05,752] {bash.py:173} INFO -   {
[2021-04-25 14:27:05,752] {bash.py:173} INFO -     "userId": 6,
[2021-04-25 14:27:05,752] {bash.py:173} INFO -     "id": 115,
[2021-04-25 14:27:05,752] {bash.py:173} INFO -     "title": "sed et ea eum",
[2021-04-25 14:27:05,752] {bash.py:173} INFO -     "completed": false
[2021-04-25 14:27:05,752] {bash.py:173} INFO -   },
[2021-04-25 14:27:05,752] {bash.py:173} INFO -   {
[2021-04-25 14:27:05,752] {bash.py:173} INFO -     "userId": 6,
[2021-04-25 14:27:05,752] {bash.py:173} INFO -     "id": 116,
[2021-04-25 14:27:05,752] {bash.py:173} INFO -     "title": "ipsa dolores vel facilis ut",
[2021-04-25 14:27:05,753] {bash.py:173} INFO -     "completed": true
[2021-04-25 14:27:05,753] {bash.py:173} INFO -   },
[2021-04-25 14:27:05,753] {bash.py:173} INFO -   {
[2021-04-25 14:27:05,753] {bash.py:173} INFO -     "userId": 6,
[2021-04-25 14:27:05,753] {bash.py:173} INFO -     "id": 117,
[2021-04-25 14:27:05,753] {bash.py:173} INFO -     "title": "sequi quae est et qui qui eveniet asperiores",
[2021-04-25 14:27:05,753] {bash.py:173} INFO -     "completed": false
[2021-04-25 14:27:05,754] {bash.py:173} INFO -   },
[2021-04-25 14:27:05,754] {bash.py:173} INFO -   {
[2021-04-25 14:27:05,754] {bash.py:173} INFO -     "userId": 6,
[2021-04-25 14:27:05,754] {bash.py:173} INFO -     "id": 118,
[2021-04-25 14:27:05,754] {bash.py:173} INFO -     "title": "quia modi consequatur vero fugiat",
[2021-04-25 14:27:05,754] {bash.py:173} INFO -     "completed": false
[2021-04-25 14:27:05,754] {bash.py:173} INFO -   },
[2021-04-25 14:27:05,754] {bash.py:173} INFO -   {
[2021-04-25 14:27:05,754] {bash.py:173} INFO -     "userId": 6,
[2021-04-25 14:27:05,754] {bash.py:173} INFO -     "id": 119,
[2021-04-25 14:27:05,754] {bash.py:173} INFO -     "title": "corporis ducimus ea perspiciatis iste",
[2021-04-25 14:27:05,754] {bash.py:173} INFO -     "completed": false
[2021-04-25 14:27:05,754] {bash.py:173} INFO -   },
[2021-04-25 14:27:05,755] {bash.py:173} INFO -   {
[2021-04-25 14:27:05,755] {bash.py:173} INFO -     "userId": 6,
[2021-04-25 14:27:05,755] {bash.py:173} INFO -     "id": 120,
[2021-04-25 14:27:05,755] {bash.py:173} INFO -     "title": "dolorem laboriosam vel voluptas et aliquam quasi",
[2021-04-25 14:27:05,755] {bash.py:173} INFO -     "completed": false
[2021-04-25 14:27:05,755] {bash.py:173} INFO -   },
[2021-04-25 14:27:05,755] {bash.py:173} INFO -   {
[2021-04-25 14:27:05,755] {bash.py:173} INFO -     "userId": 7,
[2021-04-25 14:27:05,755] {bash.py:173} INFO -     "id": 121,
[2021-04-25 14:27:05,755] {bash.py:173} INFO -     "title": "inventore aut nihil minima laudantium hic qui omnis",
[2021-04-25 14:27:05,755] {bash.py:173} INFO -     "completed": true
[2021-04-25 14:27:05,755] {bash.py:173} INFO -   },
[2021-04-25 14:27:05,755] {bash.py:173} INFO -   {
[2021-04-25 14:27:05,755] {bash.py:173} INFO -     "userId": 7,
[2021-04-25 14:27:05,756] {bash.py:173} INFO -     "id": 122,
[2021-04-25 14:27:05,756] {bash.py:173} INFO -     "title": "provident aut nobis culpa",
[2021-04-25 14:27:05,756] {bash.py:173} INFO -     "completed": true
[2021-04-25 14:27:05,756] {bash.py:173} INFO -   },
[2021-04-25 14:27:05,756] {bash.py:173} INFO -   {
[2021-04-25 14:27:05,756] {bash.py:173} INFO -     "userId": 7,
[2021-04-25 14:27:05,756] {bash.py:173} INFO -     "id": 123,
[2021-04-25 14:27:05,756] {bash.py:173} INFO -     "title": "esse et quis iste est earum aut impedit",
[2021-04-25 14:27:05,756] {bash.py:173} INFO -     "completed": false
[2021-04-25 14:27:05,756] {bash.py:173} INFO -   },
[2021-04-25 14:27:05,756] {bash.py:173} INFO -   {
[2021-04-25 14:27:05,756] {bash.py:173} INFO -     "userId": 7,
[2021-04-25 14:27:05,756] {bash.py:173} INFO -     "id": 124,
[2021-04-25 14:27:05,756] {bash.py:173} INFO -     "title": "qui consectetur id",
[2021-04-25 14:27:05,756] {bash.py:173} INFO -     "completed": false
[2021-04-25 14:27:05,756] {bash.py:173} INFO -   },
[2021-04-25 14:27:05,756] {bash.py:173} INFO -   {
[2021-04-25 14:27:05,757] {bash.py:173} INFO -     "userId": 7,
[2021-04-25 14:27:05,757] {bash.py:173} INFO -     "id": 125,
[2021-04-25 14:27:05,757] {bash.py:173} INFO -     "title": "aut quasi autem iste tempore illum possimus",
[2021-04-25 14:27:05,757] {bash.py:173} INFO -     "completed": false
[2021-04-25 14:27:05,757] {bash.py:173} INFO -   },
[2021-04-25 14:27:05,757] {bash.py:173} INFO -   {
[2021-04-25 14:27:05,757] {bash.py:173} INFO -     "userId": 7,
[2021-04-25 14:27:05,757] {bash.py:173} INFO -     "id": 126,
[2021-04-25 14:27:05,757] {bash.py:173} INFO -     "title": "ut asperiores perspiciatis veniam ipsum rerum saepe",
[2021-04-25 14:27:05,757] {bash.py:173} INFO -     "completed": true
[2021-04-25 14:27:05,757] {bash.py:173} INFO -   },
[2021-04-25 14:27:05,757] {bash.py:173} INFO -   {
[2021-04-25 14:27:05,757] {bash.py:173} INFO -     "userId": 7,
[2021-04-25 14:27:05,757] {bash.py:173} INFO -     "id": 127,
[2021-04-25 14:27:05,757] {bash.py:173} INFO -     "title": "voluptatem libero consectetur rerum ut",
[2021-04-25 14:27:05,757] {bash.py:173} INFO -     "completed": true
[2021-04-25 14:27:05,757] {bash.py:173} INFO -   },
[2021-04-25 14:27:05,757] {bash.py:173} INFO -   {
[2021-04-25 14:27:05,758] {bash.py:173} INFO -     "userId": 7,
[2021-04-25 14:27:05,758] {bash.py:173} INFO -     "id": 128,
[2021-04-25 14:27:05,758] {bash.py:173} INFO -     "title": "eius omnis est qui voluptatem autem",
[2021-04-25 14:27:05,758] {bash.py:173} INFO -     "completed": false
[2021-04-25 14:27:05,758] {bash.py:173} INFO -   },
[2021-04-25 14:27:05,758] {bash.py:173} INFO -   {
[2021-04-25 14:27:05,758] {bash.py:173} INFO -     "userId": 7,
[2021-04-25 14:27:05,758] {bash.py:173} INFO -     "id": 129,
[2021-04-25 14:27:05,758] {bash.py:173} INFO -     "title": "rerum culpa quis harum",
[2021-04-25 14:27:05,758] {bash.py:173} INFO -     "completed": false
[2021-04-25 14:27:05,758] {bash.py:173} INFO -   },
[2021-04-25 14:27:05,758] {bash.py:173} INFO -   {
[2021-04-25 14:27:05,758] {bash.py:173} INFO -     "userId": 7,
[2021-04-25 14:27:05,758] {bash.py:173} INFO -     "id": 130,
[2021-04-25 14:27:05,758] {bash.py:173} INFO -     "title": "nulla aliquid eveniet harum laborum libero alias ut unde",
[2021-04-25 14:27:05,758] {bash.py:173} INFO -     "completed": true
[2021-04-25 14:27:05,759] {bash.py:173} INFO -   },
[2021-04-25 14:27:05,759] {bash.py:173} INFO -   {
[2021-04-25 14:27:05,759] {bash.py:173} INFO -     "userId": 7,
[2021-04-25 14:27:05,759] {bash.py:173} INFO -     "id": 131,
[2021-04-25 14:27:05,759] {bash.py:173} INFO -     "title": "qui ea incidunt quis",
[2021-04-25 14:27:05,759] {bash.py:173} INFO -     "completed": false
[2021-04-25 14:27:05,759] {bash.py:173} INFO -   },
[2021-04-25 14:27:05,759] {bash.py:173} INFO -   {
[2021-04-25 14:27:05,759] {bash.py:173} INFO -     "userId": 7,
[2021-04-25 14:27:05,759] {bash.py:173} INFO -     "id": 132,
[2021-04-25 14:27:05,759] {bash.py:173} INFO -     "title": "qui molestiae voluptatibus velit iure harum quisquam",
[2021-04-25 14:27:05,759] {bash.py:173} INFO -     "completed": true
[2021-04-25 14:27:05,759] {bash.py:173} INFO -   },
[2021-04-25 14:27:05,759] {bash.py:173} INFO -   {
[2021-04-25 14:27:05,759] {bash.py:173} INFO -     "userId": 7,
[2021-04-25 14:27:05,759] {bash.py:173} INFO -     "id": 133,
[2021-04-25 14:27:05,759] {bash.py:173} INFO -     "title": "et labore eos enim rerum consequatur sunt",
[2021-04-25 14:27:05,760] {bash.py:173} INFO -     "completed": true
[2021-04-25 14:27:05,760] {bash.py:173} INFO -   },
[2021-04-25 14:27:05,760] {bash.py:173} INFO -   {
[2021-04-25 14:27:05,760] {bash.py:173} INFO -     "userId": 7,
[2021-04-25 14:27:05,760] {bash.py:173} INFO -     "id": 134,
[2021-04-25 14:27:05,760] {bash.py:173} INFO -     "title": "molestiae doloribus et laborum quod ea",
[2021-04-25 14:27:05,760] {bash.py:173} INFO -     "completed": false
[2021-04-25 14:27:05,760] {bash.py:173} INFO -   },
[2021-04-25 14:27:05,760] {bash.py:173} INFO -   {
[2021-04-25 14:27:05,760] {bash.py:173} INFO -     "userId": 7,
[2021-04-25 14:27:05,760] {bash.py:173} INFO -     "id": 135,
[2021-04-25 14:27:05,760] {bash.py:173} INFO -     "title": "facere ipsa nam eum voluptates reiciendis vero qui",
[2021-04-25 14:27:05,760] {bash.py:173} INFO -     "completed": false
[2021-04-25 14:27:05,760] {bash.py:173} INFO -   },
[2021-04-25 14:27:05,760] {bash.py:173} INFO -   {
[2021-04-25 14:27:05,760] {bash.py:173} INFO -     "userId": 7,
[2021-04-25 14:27:05,761] {bash.py:173} INFO -     "id": 136,
[2021-04-25 14:27:05,761] {bash.py:173} INFO -     "title": "asperiores illo tempora fuga sed ut quasi adipisci",
[2021-04-25 14:27:05,761] {bash.py:173} INFO -     "completed": false
[2021-04-25 14:27:05,761] {bash.py:173} INFO -   },
[2021-04-25 14:27:05,761] {bash.py:173} INFO -   {
[2021-04-25 14:27:05,761] {bash.py:173} INFO -     "userId": 7,
[2021-04-25 14:27:05,761] {bash.py:173} INFO -     "id": 137,
[2021-04-25 14:27:05,761] {bash.py:173} INFO -     "title": "qui sit non",
[2021-04-25 14:27:05,761] {bash.py:173} INFO -     "completed": false
[2021-04-25 14:27:05,761] {bash.py:173} INFO -   },
[2021-04-25 14:27:05,761] {bash.py:173} INFO -   {
[2021-04-25 14:27:05,761] {bash.py:173} INFO -     "userId": 7,
[2021-04-25 14:27:05,761] {bash.py:173} INFO -     "id": 138,
[2021-04-25 14:27:05,761] {bash.py:173} INFO -     "title": "placeat minima consequatur rem qui ut",
[2021-04-25 14:27:05,761] {bash.py:173} INFO -     "completed": true
[2021-04-25 14:27:05,761] {bash.py:173} INFO -   },
[2021-04-25 14:27:05,761] {bash.py:173} INFO -   {
[2021-04-25 14:27:05,761] {bash.py:173} INFO -     "userId": 7,
[2021-04-25 14:27:05,762] {bash.py:173} INFO -     "id": 139,
[2021-04-25 14:27:05,762] {bash.py:173} INFO -     "title": "consequatur doloribus id possimus voluptas a voluptatem",
[2021-04-25 14:27:05,762] {bash.py:173} INFO -     "completed": false
[2021-04-25 14:27:05,762] {bash.py:173} INFO -   },
[2021-04-25 14:27:05,762] {bash.py:173} INFO -   {
[2021-04-25 14:27:05,762] {bash.py:173} INFO -     "userId": 7,
[2021-04-25 14:27:05,762] {bash.py:173} INFO -     "id": 140,
[2021-04-25 14:27:05,762] {bash.py:173} INFO -     "title": "aut consectetur in blanditiis deserunt quia sed laboriosam",
[2021-04-25 14:27:05,762] {bash.py:173} INFO -     "completed": true
[2021-04-25 14:27:05,762] {bash.py:173} INFO -   },
[2021-04-25 14:27:05,762] {bash.py:173} INFO -   {
[2021-04-25 14:27:05,762] {bash.py:173} INFO -     "userId": 8,
[2021-04-25 14:27:05,762] {bash.py:173} INFO -     "id": 141,
[2021-04-25 14:27:05,762] {bash.py:173} INFO -     "title": "explicabo consectetur debitis voluptates quas quae culpa rerum non",
[2021-04-25 14:27:05,762] {bash.py:173} INFO -     "completed": true
[2021-04-25 14:27:05,763] {bash.py:173} INFO -   },
[2021-04-25 14:27:05,763] {bash.py:173} INFO -   {
[2021-04-25 14:27:05,763] {bash.py:173} INFO -     "userId": 8,
[2021-04-25 14:27:05,763] {bash.py:173} INFO -     "id": 142,
[2021-04-25 14:27:05,763] {bash.py:173} INFO -     "title": "maiores accusantium architecto necessitatibus reiciendis ea aut",
[2021-04-25 14:27:05,763] {bash.py:173} INFO -     "completed": true
[2021-04-25 14:27:05,763] {bash.py:173} INFO -   },
[2021-04-25 14:27:05,763] {bash.py:173} INFO -   {
[2021-04-25 14:27:05,763] {bash.py:173} INFO -     "userId": 8,
[2021-04-25 14:27:05,763] {bash.py:173} INFO -     "id": 143,
[2021-04-25 14:27:05,763] {bash.py:173} INFO -     "title": "eum non recusandae cupiditate animi",
[2021-04-25 14:27:05,763] {bash.py:173} INFO -     "completed": false
[2021-04-25 14:27:05,763] {bash.py:173} INFO -   },
[2021-04-25 14:27:05,763] {bash.py:173} INFO -   {
[2021-04-25 14:27:05,763] {bash.py:173} INFO -     "userId": 8,
[2021-04-25 14:27:05,763] {bash.py:173} INFO -     "id": 144,
[2021-04-25 14:27:05,763] {bash.py:173} INFO -     "title": "ut eum exercitationem sint",
[2021-04-25 14:27:05,763] {bash.py:173} INFO -     "completed": false
[2021-04-25 14:27:05,764] {bash.py:173} INFO -   },
[2021-04-25 14:27:05,764] {bash.py:173} INFO -   {
[2021-04-25 14:27:05,764] {bash.py:173} INFO -     "userId": 8,
[2021-04-25 14:27:05,764] {bash.py:173} INFO -     "id": 145,
[2021-04-25 14:27:05,764] {bash.py:173} INFO -     "title": "beatae qui ullam incidunt voluptatem non nisi aliquam",
[2021-04-25 14:27:05,764] {bash.py:173} INFO -     "completed": false
[2021-04-25 14:27:05,764] {bash.py:173} INFO -   },
[2021-04-25 14:27:05,764] {bash.py:173} INFO -   {
[2021-04-25 14:27:05,764] {bash.py:173} INFO -     "userId": 8,
[2021-04-25 14:27:05,764] {bash.py:173} INFO -     "id": 146,
[2021-04-25 14:27:05,764] {bash.py:173} INFO -     "title": "molestiae suscipit ratione nihil odio libero impedit vero totam",
[2021-04-25 14:27:05,764] {bash.py:173} INFO -     "completed": true
[2021-04-25 14:27:05,764] {bash.py:173} INFO -   },
[2021-04-25 14:27:05,764] {bash.py:173} INFO -   {
[2021-04-25 14:27:05,764] {bash.py:173} INFO -     "userId": 8,
[2021-04-25 14:27:05,764] {bash.py:173} INFO -     "id": 147,
[2021-04-25 14:27:05,764] {bash.py:173} INFO -     "title": "eum itaque quod reprehenderit et facilis dolor autem ut",
[2021-04-25 14:27:05,764] {bash.py:173} INFO -     "completed": true
[2021-04-25 14:27:05,765] {bash.py:173} INFO -   },
[2021-04-25 14:27:05,765] {bash.py:173} INFO -   {
[2021-04-25 14:27:05,765] {bash.py:173} INFO -     "userId": 8,
[2021-04-25 14:27:05,765] {bash.py:173} INFO -     "id": 148,
[2021-04-25 14:27:05,765] {bash.py:173} INFO -     "title": "esse quas et quo quasi exercitationem",
[2021-04-25 14:27:05,765] {bash.py:173} INFO -     "completed": false
[2021-04-25 14:27:05,765] {bash.py:173} INFO -   },
[2021-04-25 14:27:05,765] {bash.py:173} INFO -   {
[2021-04-25 14:27:05,765] {bash.py:173} INFO -     "userId": 8,
[2021-04-25 14:27:05,765] {bash.py:173} INFO -     "id": 149,
[2021-04-25 14:27:05,765] {bash.py:173} INFO -     "title": "animi voluptas quod perferendis est",
[2021-04-25 14:27:05,765] {bash.py:173} INFO -     "completed": false
[2021-04-25 14:27:05,766] {bash.py:173} INFO -   },
[2021-04-25 14:27:05,766] {bash.py:173} INFO -   {
[2021-04-25 14:27:05,766] {bash.py:173} INFO -     "userId": 8,
[2021-04-25 14:27:05,766] {bash.py:173} INFO -     "id": 150,
[2021-04-25 14:27:05,766] {bash.py:173} INFO -     "title": "eos amet tempore laudantium fugit a",
[2021-04-25 14:27:05,766] {bash.py:173} INFO -     "completed": false
[2021-04-25 14:27:05,766] {bash.py:173} INFO -   },
[2021-04-25 14:27:05,767] {bash.py:173} INFO -   {
[2021-04-25 14:27:05,767] {bash.py:173} INFO -     "userId": 8,
[2021-04-25 14:27:05,767] {bash.py:173} INFO -     "id": 151,
[2021-04-25 14:27:05,767] {bash.py:173} INFO -     "title": "accusamus adipisci dicta qui quo ea explicabo sed vero",
[2021-04-25 14:27:05,767] {bash.py:173} INFO -     "completed": true
[2021-04-25 14:27:05,767] {bash.py:173} INFO -   },
[2021-04-25 14:27:05,768] {bash.py:173} INFO -   {
[2021-04-25 14:27:05,768] {bash.py:173} INFO -     "userId": 8,
[2021-04-25 14:27:05,768] {bash.py:173} INFO -     "id": 152,
[2021-04-25 14:27:05,768] {bash.py:173} INFO -     "title": "odit eligendi recusandae doloremque cumque non",
[2021-04-25 14:27:05,768] {bash.py:173} INFO -     "completed": false
[2021-04-25 14:27:05,768] {bash.py:173} INFO -   },
[2021-04-25 14:27:05,769] {bash.py:173} INFO -   {
[2021-04-25 14:27:05,769] {bash.py:173} INFO -     "userId": 8,
[2021-04-25 14:27:05,769] {bash.py:173} INFO -     "id": 153,
[2021-04-25 14:27:05,769] {bash.py:173} INFO -     "title": "ea aperiam consequatur qui repellat eos",
[2021-04-25 14:27:05,769] {bash.py:173} INFO -     "completed": false
[2021-04-25 14:27:05,769] {bash.py:173} INFO -   },
[2021-04-25 14:27:05,769] {bash.py:173} INFO -   {
[2021-04-25 14:27:05,770] {bash.py:173} INFO -     "userId": 8,
[2021-04-25 14:27:05,770] {bash.py:173} INFO -     "id": 154,
[2021-04-25 14:27:05,770] {bash.py:173} INFO -     "title": "rerum non ex sapiente",
[2021-04-25 14:27:05,770] {bash.py:173} INFO -     "completed": true
[2021-04-25 14:27:05,770] {bash.py:173} INFO -   },
[2021-04-25 14:27:05,770] {bash.py:173} INFO -   {
[2021-04-25 14:27:05,770] {bash.py:173} INFO -     "userId": 8,
[2021-04-25 14:27:05,770] {bash.py:173} INFO -     "id": 155,
[2021-04-25 14:27:05,771] {bash.py:173} INFO -     "title": "voluptatem nobis consequatur et assumenda magnam",
[2021-04-25 14:27:05,771] {bash.py:173} INFO -     "completed": true
[2021-04-25 14:27:05,771] {bash.py:173} INFO -   },
[2021-04-25 14:27:05,771] {bash.py:173} INFO -   {
[2021-04-25 14:27:05,771] {bash.py:173} INFO -     "userId": 8,
[2021-04-25 14:27:05,771] {bash.py:173} INFO -     "id": 156,
[2021-04-25 14:27:05,771] {bash.py:173} INFO -     "title": "nam quia quia nulla repellat assumenda quibusdam sit nobis",
[2021-04-25 14:27:05,771] {bash.py:173} INFO -     "completed": true
[2021-04-25 14:27:05,771] {bash.py:173} INFO -   },
[2021-04-25 14:27:05,771] {bash.py:173} INFO -   {
[2021-04-25 14:27:05,772] {bash.py:173} INFO -     "userId": 8,
[2021-04-25 14:27:05,772] {bash.py:173} INFO -     "id": 157,
[2021-04-25 14:27:05,772] {bash.py:173} INFO -     "title": "dolorem veniam quisquam deserunt repellendus",
[2021-04-25 14:27:05,772] {bash.py:173} INFO -     "completed": true
[2021-04-25 14:27:05,772] {bash.py:173} INFO -   },
[2021-04-25 14:27:05,772] {bash.py:173} INFO -   {
[2021-04-25 14:27:05,772] {bash.py:173} INFO -     "userId": 8,
[2021-04-25 14:27:05,773] {bash.py:173} INFO -     "id": 158,
[2021-04-25 14:27:05,773] {bash.py:173} INFO -     "title": "debitis vitae delectus et harum accusamus aut deleniti a",
[2021-04-25 14:27:05,773] {bash.py:173} INFO -     "completed": true
[2021-04-25 14:27:05,773] {bash.py:173} INFO -   },
[2021-04-25 14:27:05,773] {bash.py:173} INFO -   {
[2021-04-25 14:27:05,773] {bash.py:173} INFO -     "userId": 8,
[2021-04-25 14:27:05,773] {bash.py:173} INFO -     "id": 159,
[2021-04-25 14:27:05,773] {bash.py:173} INFO -     "title": "debitis adipisci quibusdam aliquam sed dolore ea praesentium nobis",
[2021-04-25 14:27:05,773] {bash.py:173} INFO -     "completed": true
[2021-04-25 14:27:05,773] {bash.py:173} INFO -   },
[2021-04-25 14:27:05,773] {bash.py:173} INFO -   {
[2021-04-25 14:27:05,774] {bash.py:173} INFO -     "userId": 8,
[2021-04-25 14:27:05,774] {bash.py:173} INFO -     "id": 160,
[2021-04-25 14:27:05,774] {bash.py:173} INFO -     "title": "et praesentium aliquam est",
[2021-04-25 14:27:05,774] {bash.py:173} INFO -     "completed": false
[2021-04-25 14:27:05,774] {bash.py:173} INFO -   },
[2021-04-25 14:27:05,774] {bash.py:173} INFO -   {
[2021-04-25 14:27:05,774] {bash.py:173} INFO -     "userId": 9,
[2021-04-25 14:27:05,774] {bash.py:173} INFO -     "id": 161,
[2021-04-25 14:27:05,774] {bash.py:173} INFO -     "title": "ex hic consequuntur earum omnis alias ut occaecati culpa",
[2021-04-25 14:27:05,774] {bash.py:173} INFO -     "completed": true
[2021-04-25 14:27:05,775] {bash.py:173} INFO -   },
[2021-04-25 14:27:05,775] {bash.py:173} INFO -   {
[2021-04-25 14:27:05,775] {bash.py:173} INFO -     "userId": 9,
[2021-04-25 14:27:05,775] {bash.py:173} INFO -     "id": 162,
[2021-04-25 14:27:05,775] {bash.py:173} INFO -     "title": "omnis laboriosam molestias animi sunt dolore",
[2021-04-25 14:27:05,775] {bash.py:173} INFO -     "completed": true
[2021-04-25 14:27:05,775] {bash.py:173} INFO -   },
[2021-04-25 14:27:05,775] {bash.py:173} INFO -   {
[2021-04-25 14:27:05,775] {bash.py:173} INFO -     "userId": 9,
[2021-04-25 14:27:05,775] {bash.py:173} INFO -     "id": 163,
[2021-04-25 14:27:05,776] {bash.py:173} INFO -     "title": "natus corrupti maxime laudantium et voluptatem laboriosam odit",
[2021-04-25 14:27:05,776] {bash.py:173} INFO -     "completed": false
[2021-04-25 14:27:05,776] {bash.py:173} INFO -   },
[2021-04-25 14:27:05,776] {bash.py:173} INFO -   {
[2021-04-25 14:27:05,776] {bash.py:173} INFO -     "userId": 9,
[2021-04-25 14:27:05,776] {bash.py:173} INFO -     "id": 164,
[2021-04-25 14:27:05,776] {bash.py:173} INFO -     "title": "reprehenderit quos aut aut consequatur est sed",
[2021-04-25 14:27:05,776] {bash.py:173} INFO -     "completed": false
[2021-04-25 14:27:05,776] {bash.py:173} INFO -   },
[2021-04-25 14:27:05,776] {bash.py:173} INFO -   {
[2021-04-25 14:27:05,776] {bash.py:173} INFO -     "userId": 9,
[2021-04-25 14:27:05,777] {bash.py:173} INFO -     "id": 165,
[2021-04-25 14:27:05,777] {bash.py:173} INFO -     "title": "fugiat perferendis sed aut quidem",
[2021-04-25 14:27:05,777] {bash.py:173} INFO -     "completed": false
[2021-04-25 14:27:05,777] {bash.py:173} INFO -   },
[2021-04-25 14:27:05,777] {bash.py:173} INFO -   {
[2021-04-25 14:27:05,777] {bash.py:173} INFO -     "userId": 9,
[2021-04-25 14:27:05,777] {bash.py:173} INFO -     "id": 166,
[2021-04-25 14:27:05,777] {bash.py:173} INFO -     "title": "quos quo possimus suscipit minima ut",
[2021-04-25 14:27:05,777] {bash.py:173} INFO -     "completed": false
[2021-04-25 14:27:05,777] {bash.py:173} INFO -   },
[2021-04-25 14:27:05,777] {bash.py:173} INFO -   {
[2021-04-25 14:27:05,778] {bash.py:173} INFO -     "userId": 9,
[2021-04-25 14:27:05,778] {bash.py:173} INFO -     "id": 167,
[2021-04-25 14:27:05,778] {bash.py:173} INFO -     "title": "et quis minus quo a asperiores molestiae",
[2021-04-25 14:27:05,778] {bash.py:173} INFO -     "completed": false
[2021-04-25 14:27:05,779] {bash.py:173} INFO -   },
[2021-04-25 14:27:05,779] {bash.py:173} INFO -   {
[2021-04-25 14:27:05,779] {bash.py:173} INFO -     "userId": 9,
[2021-04-25 14:27:05,779] {bash.py:173} INFO -     "id": 168,
[2021-04-25 14:27:05,779] {bash.py:173} INFO -     "title": "recusandae quia qui sunt libero",
[2021-04-25 14:27:05,779] {bash.py:173} INFO -     "completed": false
[2021-04-25 14:27:05,779] {bash.py:173} INFO -   },
[2021-04-25 14:27:05,779] {bash.py:173} INFO -   {
[2021-04-25 14:27:05,779] {bash.py:173} INFO -     "userId": 9,
[2021-04-25 14:27:05,779] {bash.py:173} INFO -     "id": 169,
[2021-04-25 14:27:05,779] {bash.py:173} INFO -     "title": "ea odio perferendis officiis",
[2021-04-25 14:27:05,779] {bash.py:173} INFO -     "completed": true
[2021-04-25 14:27:05,779] {bash.py:173} INFO -   },
[2021-04-25 14:27:05,779] {bash.py:173} INFO -   {
[2021-04-25 14:27:05,779] {bash.py:173} INFO -     "userId": 9,
[2021-04-25 14:27:05,780] {bash.py:173} INFO -     "id": 170,
[2021-04-25 14:27:05,780] {bash.py:173} INFO -     "title": "quisquam aliquam quia doloribus aut",
[2021-04-25 14:27:05,780] {bash.py:173} INFO -     "completed": false
[2021-04-25 14:27:05,780] {bash.py:173} INFO -   },
[2021-04-25 14:27:05,780] {bash.py:173} INFO -   {
[2021-04-25 14:27:05,780] {bash.py:173} INFO -     "userId": 9,
[2021-04-25 14:27:05,780] {bash.py:173} INFO -     "id": 171,
[2021-04-25 14:27:05,780] {bash.py:173} INFO -     "title": "fugiat aut voluptatibus corrupti deleniti velit iste odio",
[2021-04-25 14:27:05,780] {bash.py:173} INFO -     "completed": true
[2021-04-25 14:27:05,780] {bash.py:173} INFO -   },
[2021-04-25 14:27:05,780] {bash.py:173} INFO -   {
[2021-04-25 14:27:05,780] {bash.py:173} INFO -     "userId": 9,
[2021-04-25 14:27:05,780] {bash.py:173} INFO -     "id": 172,
[2021-04-25 14:27:05,780] {bash.py:173} INFO -     "title": "et provident amet rerum consectetur et voluptatum",
[2021-04-25 14:27:05,781] {bash.py:173} INFO -     "completed": false
[2021-04-25 14:27:05,781] {bash.py:173} INFO -   },
[2021-04-25 14:27:05,781] {bash.py:173} INFO -   {
[2021-04-25 14:27:05,781] {bash.py:173} INFO -     "userId": 9,
[2021-04-25 14:27:05,781] {bash.py:173} INFO -     "id": 173,
[2021-04-25 14:27:05,781] {bash.py:173} INFO -     "title": "harum ad aperiam quis",
[2021-04-25 14:27:05,781] {bash.py:173} INFO -     "completed": false
[2021-04-25 14:27:05,781] {bash.py:173} INFO -   },
[2021-04-25 14:27:05,781] {bash.py:173} INFO -   {
[2021-04-25 14:27:05,781] {bash.py:173} INFO -     "userId": 9,
[2021-04-25 14:27:05,781] {bash.py:173} INFO -     "id": 174,
[2021-04-25 14:27:05,781] {bash.py:173} INFO -     "title": "similique aut quo",
[2021-04-25 14:27:05,781] {bash.py:173} INFO -     "completed": false
[2021-04-25 14:27:05,781] {bash.py:173} INFO -   },
[2021-04-25 14:27:05,781] {bash.py:173} INFO -   {
[2021-04-25 14:27:05,781] {bash.py:173} INFO -     "userId": 9,
[2021-04-25 14:27:05,782] {bash.py:173} INFO -     "id": 175,
[2021-04-25 14:27:05,782] {bash.py:173} INFO -     "title": "laudantium eius officia perferendis provident perspiciatis asperiores",
[2021-04-25 14:27:05,782] {bash.py:173} INFO -     "completed": true
[2021-04-25 14:27:05,782] {bash.py:173} INFO -   },
[2021-04-25 14:27:05,782] {bash.py:173} INFO -   {
[2021-04-25 14:27:05,782] {bash.py:173} INFO -     "userId": 9,
[2021-04-25 14:27:05,782] {bash.py:173} INFO -     "id": 176,
[2021-04-25 14:27:05,782] {bash.py:173} INFO -     "title": "magni soluta corrupti ut maiores rem quidem",
[2021-04-25 14:27:05,782] {bash.py:173} INFO -     "completed": false
[2021-04-25 14:27:05,782] {bash.py:173} INFO -   },
[2021-04-25 14:27:05,782] {bash.py:173} INFO -   {
[2021-04-25 14:27:05,782] {bash.py:173} INFO -     "userId": 9,
[2021-04-25 14:27:05,782] {bash.py:173} INFO -     "id": 177,
[2021-04-25 14:27:05,783] {bash.py:173} INFO -     "title": "et placeat temporibus voluptas est tempora quos quibusdam",
[2021-04-25 14:27:05,783] {bash.py:173} INFO -     "completed": false
[2021-04-25 14:27:05,783] {bash.py:173} INFO -   },
[2021-04-25 14:27:05,783] {bash.py:173} INFO -   {
[2021-04-25 14:27:05,783] {bash.py:173} INFO -     "userId": 9,
[2021-04-25 14:27:05,783] {bash.py:173} INFO -     "id": 178,
[2021-04-25 14:27:05,783] {bash.py:173} INFO -     "title": "nesciunt itaque commodi tempore",
[2021-04-25 14:27:05,783] {bash.py:173} INFO -     "completed": true
[2021-04-25 14:27:05,783] {bash.py:173} INFO -   },
[2021-04-25 14:27:05,783] {bash.py:173} INFO -   {
[2021-04-25 14:27:05,784] {bash.py:173} INFO -     "userId": 9,
[2021-04-25 14:27:05,784] {bash.py:173} INFO -     "id": 179,
[2021-04-25 14:27:05,784] {bash.py:173} INFO -     "title": "omnis consequuntur cupiditate impedit itaque ipsam quo",
[2021-04-25 14:27:05,784] {bash.py:173} INFO -     "completed": true
[2021-04-25 14:27:05,784] {bash.py:173} INFO -   },
[2021-04-25 14:27:05,785] {bash.py:173} INFO -   {
[2021-04-25 14:27:05,785] {bash.py:173} INFO -     "userId": 9,
[2021-04-25 14:27:05,785] {bash.py:173} INFO -     "id": 180,
[2021-04-25 14:27:05,785] {bash.py:173} INFO -     "title": "debitis nisi et dolorem repellat et",
[2021-04-25 14:27:05,785] {bash.py:173} INFO -     "completed": true
[2021-04-25 14:27:05,785] {bash.py:173} INFO -   },
[2021-04-25 14:27:05,785] {bash.py:173} INFO -   {
[2021-04-25 14:27:05,786] {bash.py:173} INFO -     "userId": 10,
[2021-04-25 14:27:05,786] {bash.py:173} INFO -     "id": 181,
[2021-04-25 14:27:05,786] {bash.py:173} INFO -     "title": "ut cupiditate sequi aliquam fuga maiores",
[2021-04-25 14:27:05,786] {bash.py:173} INFO -     "completed": false
[2021-04-25 14:27:05,786] {bash.py:173} INFO -   },
[2021-04-25 14:27:05,786] {bash.py:173} INFO -   {
[2021-04-25 14:27:05,786] {bash.py:173} INFO -     "userId": 10,
[2021-04-25 14:27:05,786] {bash.py:173} INFO -     "id": 182,
[2021-04-25 14:27:05,786] {bash.py:173} INFO -     "title": "inventore saepe cumque et aut illum enim",
[2021-04-25 14:27:05,787] {bash.py:173} INFO -     "completed": true
[2021-04-25 14:27:05,787] {bash.py:173} INFO -   },
[2021-04-25 14:27:05,787] {bash.py:173} INFO -   {
[2021-04-25 14:27:05,787] {bash.py:173} INFO -     "userId": 10,
[2021-04-25 14:27:05,787] {bash.py:173} INFO -     "id": 183,
[2021-04-25 14:27:05,787] {bash.py:173} INFO -     "title": "omnis nulla eum aliquam distinctio",
[2021-04-25 14:27:05,787] {bash.py:173} INFO -     "completed": true
[2021-04-25 14:27:05,787] {bash.py:173} INFO -   },
[2021-04-25 14:27:05,787] {bash.py:173} INFO -   {
[2021-04-25 14:27:05,787] {bash.py:173} INFO -     "userId": 10,
[2021-04-25 14:27:05,788] {bash.py:173} INFO -     "id": 184,
[2021-04-25 14:27:05,788] {bash.py:173} INFO -     "title": "molestias modi perferendis perspiciatis",
[2021-04-25 14:27:05,788] {bash.py:173} INFO -     "completed": false
[2021-04-25 14:27:05,788] {bash.py:173} INFO -   },
[2021-04-25 14:27:05,788] {bash.py:173} INFO -   {
[2021-04-25 14:27:05,788] {bash.py:173} INFO -     "userId": 10,
[2021-04-25 14:27:05,788] {bash.py:173} INFO -     "id": 185,
[2021-04-25 14:27:05,788] {bash.py:173} INFO -     "title": "voluptates dignissimos sed doloribus animi quaerat aut",
[2021-04-25 14:27:05,788] {bash.py:173} INFO -     "completed": false
[2021-04-25 14:27:05,788] {bash.py:173} INFO -   },
[2021-04-25 14:27:05,788] {bash.py:173} INFO -   {
[2021-04-25 14:27:05,789] {bash.py:173} INFO -     "userId": 10,
[2021-04-25 14:27:05,789] {bash.py:173} INFO -     "id": 186,
[2021-04-25 14:27:05,789] {bash.py:173} INFO -     "title": "explicabo odio est et",
[2021-04-25 14:27:05,789] {bash.py:173} INFO -     "completed": false
[2021-04-25 14:27:05,789] {bash.py:173} INFO -   },
[2021-04-25 14:27:05,789] {bash.py:173} INFO -   {
[2021-04-25 14:27:05,789] {bash.py:173} INFO -     "userId": 10,
[2021-04-25 14:27:05,789] {bash.py:173} INFO -     "id": 187,
[2021-04-25 14:27:05,789] {bash.py:173} INFO -     "title": "consequuntur animi possimus",
[2021-04-25 14:27:05,789] {bash.py:173} INFO -     "completed": false
[2021-04-25 14:27:05,789] {bash.py:173} INFO -   },
[2021-04-25 14:27:05,790] {bash.py:173} INFO -   {
[2021-04-25 14:27:05,790] {bash.py:173} INFO -     "userId": 10,
[2021-04-25 14:27:05,790] {bash.py:173} INFO -     "id": 188,
[2021-04-25 14:27:05,790] {bash.py:173} INFO -     "title": "vel non beatae est",
[2021-04-25 14:27:05,790] {bash.py:173} INFO -     "completed": true
[2021-04-25 14:27:05,790] {bash.py:173} INFO -   },
[2021-04-25 14:27:05,790] {bash.py:173} INFO -   {
[2021-04-25 14:27:05,790] {bash.py:173} INFO -     "userId": 10,
[2021-04-25 14:27:05,790] {bash.py:173} INFO -     "id": 189,
[2021-04-25 14:27:05,790] {bash.py:173} INFO -     "title": "culpa eius et voluptatem et",
[2021-04-25 14:27:05,790] {bash.py:173} INFO -     "completed": true
[2021-04-25 14:27:05,790] {bash.py:173} INFO -   },
[2021-04-25 14:27:05,791] {bash.py:173} INFO -   {
[2021-04-25 14:27:05,791] {bash.py:173} INFO -     "userId": 10,
[2021-04-25 14:27:05,791] {bash.py:173} INFO -     "id": 190,
[2021-04-25 14:27:05,791] {bash.py:173} INFO -     "title": "accusamus sint iusto et voluptatem exercitationem",
[2021-04-25 14:27:05,791] {bash.py:173} INFO -     "completed": true
[2021-04-25 14:27:05,791] {bash.py:173} INFO -   },
[2021-04-25 14:27:05,791] {bash.py:173} INFO -   {
[2021-04-25 14:27:05,791] {bash.py:173} INFO -     "userId": 10,
[2021-04-25 14:27:05,791] {bash.py:173} INFO -     "id": 191,
[2021-04-25 14:27:05,791] {bash.py:173} INFO -     "title": "temporibus atque distinctio omnis eius impedit tempore molestias pariatur",
[2021-04-25 14:27:05,791] {bash.py:173} INFO -     "completed": true
[2021-04-25 14:27:05,792] {bash.py:173} INFO -   },
[2021-04-25 14:27:05,792] {bash.py:173} INFO -   {
[2021-04-25 14:27:05,792] {bash.py:173} INFO -     "userId": 10,
[2021-04-25 14:27:05,792] {bash.py:173} INFO -     "id": 192,
[2021-04-25 14:27:05,792] {bash.py:173} INFO -     "title": "ut quas possimus exercitationem sint voluptates",
[2021-04-25 14:27:05,792] {bash.py:173} INFO -     "completed": false
[2021-04-25 14:27:05,792] {bash.py:173} INFO -   },
[2021-04-25 14:27:05,792] {bash.py:173} INFO -   {
[2021-04-25 14:27:05,792] {bash.py:173} INFO -     "userId": 10,
[2021-04-25 14:27:05,792] {bash.py:173} INFO -     "id": 193,
[2021-04-25 14:27:05,792] {bash.py:173} INFO -     "title": "rerum debitis voluptatem qui eveniet tempora distinctio a",
[2021-04-25 14:27:05,793] {bash.py:173} INFO -     "completed": true
[2021-04-25 14:27:05,793] {bash.py:173} INFO -   },
[2021-04-25 14:27:05,793] {bash.py:173} INFO -   {
[2021-04-25 14:27:05,793] {bash.py:173} INFO -     "userId": 10,
[2021-04-25 14:27:05,793] {bash.py:173} INFO -     "id": 194,
[2021-04-25 14:27:05,793] {bash.py:173} INFO -     "title": "sed ut vero sit molestiae",
[2021-04-25 14:27:05,793] {bash.py:173} INFO -     "completed": false
[2021-04-25 14:27:05,793] {bash.py:173} INFO -   },
[2021-04-25 14:27:05,793] {bash.py:173} INFO -   {
[2021-04-25 14:27:05,793] {bash.py:173} INFO -     "userId": 10,
[2021-04-25 14:27:05,793] {bash.py:173} INFO -     "id": 195,
[2021-04-25 14:27:05,793] {bash.py:173} INFO -     "title": "rerum ex veniam mollitia voluptatibus pariatur",
[2021-04-25 14:27:05,794] {bash.py:173} INFO -     "completed": true
[2021-04-25 14:27:05,794] {bash.py:173} INFO -   },
[2021-04-25 14:27:05,794] {bash.py:173} INFO -   {
[2021-04-25 14:27:05,794] {bash.py:173} INFO -     "userId": 10,
[2021-04-25 14:27:05,794] {bash.py:173} INFO -     "id": 196,
[2021-04-25 14:27:05,794] {bash.py:173} INFO -     "title": "consequuntur aut ut fugit similique",
[2021-04-25 14:27:05,794] {bash.py:173} INFO -     "completed": true
[2021-04-25 14:27:05,794] {bash.py:173} INFO -   },
[2021-04-25 14:27:05,794] {bash.py:173} INFO -   {
[2021-04-25 14:27:05,794] {bash.py:173} INFO -     "userId": 10,
[2021-04-25 14:27:05,794] {bash.py:173} INFO -     "id": 197,
[2021-04-25 14:27:05,795] {bash.py:173} INFO -     "title": "dignissimos quo nobis earum saepe",
[2021-04-25 14:27:05,795] {bash.py:173} INFO -     "completed": true
[2021-04-25 14:27:05,795] {bash.py:173} INFO -   },
[2021-04-25 14:27:05,795] {bash.py:173} INFO -   {
[2021-04-25 14:27:05,795] {bash.py:173} INFO -     "userId": 10,
[2021-04-25 14:27:05,795] {bash.py:173} INFO -     "id": 198,
[2021-04-25 14:27:05,795] {bash.py:173} INFO -     "title": "quis eius est sint explicabo",
[2021-04-25 14:27:05,795] {bash.py:173} INFO -     "completed": true
[2021-04-25 14:27:05,795] {bash.py:173} INFO -   },
[2021-04-25 14:27:05,795] {bash.py:173} INFO -   {
[2021-04-25 14:27:05,796] {bash.py:173} INFO -     "userId": 10,
[2021-04-25 14:27:05,796] {bash.py:173} INFO -     "id": 199,
[2021-04-25 14:27:05,796] {bash.py:173} INFO -     "title": "numquam repellendus a magnam",
[2021-04-25 14:27:05,796] {bash.py:173} INFO -     "completed": true
[2021-04-25 14:27:05,796] {bash.py:173} INFO -   },
[2021-04-25 14:27:05,796] {bash.py:173} INFO -   {
[2021-04-25 14:27:05,796] {bash.py:173} INFO -     "userId": 10,
[2021-04-25 14:27:05,796] {bash.py:173} INFO -     "id": 200,
[2021-04-25 14:27:05,796] {bash.py:173} INFO -     "title": "ipsam aperiam voluptates qui",
[2021-04-25 14:27:05,796] {bash.py:173} INFO -     "completed": false
[2021-04-25 14:27:05,797] {bash.py:173} INFO -   }
[2021-04-25 14:27:05,797] {bash.py:173} INFO - ]
[2021-04-25 14:27:05,797] {bash.py:177} INFO - Command exited with return code 0
[2021-04-25 14:27:05,842] {taskinstance.py:1192} INFO - Marking task as SUCCESS. dag_id=templated_bash_operator_dag, task_id=read_json_file_task, execution_date=20210425T142203, start_date=20210425T142705, end_date=20210425T142705
[2021-04-25 14:27:05,887] {taskinstance.py:1246} INFO - 0 downstream tasks scheduled from follow-on schedule check
[2021-04-25 14:27:05,904] {local_task_job.py:146} INFO - Task exited with return code 0
