[2021-04-25 00:08:50,556] {taskinstance.py:877} INFO - Dependencies all met for <TaskInstance: bash_operator_dag.first_task 2021-04-08T00:00:00+00:00 [queued]>
[2021-04-25 00:08:50,638] {taskinstance.py:877} INFO - Dependencies all met for <TaskInstance: bash_operator_dag.first_task 2021-04-08T00:00:00+00:00 [queued]>
[2021-04-25 00:08:50,639] {taskinstance.py:1068} INFO - 
--------------------------------------------------------------------------------
[2021-04-25 00:08:50,639] {taskinstance.py:1069} INFO - Starting attempt 1 of 3
[2021-04-25 00:08:50,640] {taskinstance.py:1070} INFO - 
--------------------------------------------------------------------------------
[2021-04-25 00:08:50,732] {taskinstance.py:1089} INFO - Executing <Task(BashOperator): first_task> on 2021-04-08T00:00:00+00:00
[2021-04-25 00:08:50,764] {standard_task_runner.py:52} INFO - Started process 1864 to run task
[2021-04-25 00:08:50,811] {standard_task_runner.py:76} INFO - Running: ['airflow', 'tasks', 'run', 'bash_operator_dag', 'first_task', '2021-04-08T00:00:00+00:00', '--job-id', '656', '--pool', 'default_pool', '--raw', '--subdir', 'DAGS_FOLDER/simple_bash_operator_dag.py', '--cfg-path', '/tmp/tmp63ynhezh', '--error-file', '/tmp/tmp4bmtdkcx']
[2021-04-25 00:08:50,812] {standard_task_runner.py:77} INFO - Job 656: Subtask first_task
[2021-04-25 00:08:51,042] {logging_mixin.py:104} INFO - Running <TaskInstance: bash_operator_dag.first_task 2021-04-08T00:00:00+00:00 [running]> on host 4a00a306afdc
[2021-04-25 00:08:51,288] {taskinstance.py:1283} INFO - Exporting the following env vars:
AIRFLOW_CTX_DAG_OWNER=airflow
AIRFLOW_CTX_DAG_ID=bash_operator_dag
AIRFLOW_CTX_TASK_ID=first_task
AIRFLOW_CTX_EXECUTION_DATE=2021-04-08T00:00:00+00:00
AIRFLOW_CTX_DAG_RUN_ID=scheduled__2021-04-08T00:00:00+00:00
[2021-04-25 00:08:51,303] {bash.py:135} INFO - Tmp dir root location: 
 /tmp
[2021-04-25 00:08:51,319] {bash.py:158} INFO - Running command: echo "testing first bash operator"
[2021-04-25 00:08:51,347] {bash.py:169} INFO - Output:
[2021-04-25 00:08:51,360] {bash.py:173} INFO - testing first bash operator
[2021-04-25 00:08:51,362] {bash.py:177} INFO - Command exited with return code 0
[2021-04-25 00:08:51,563] {taskinstance.py:1192} INFO - Marking task as SUCCESS. dag_id=bash_operator_dag, task_id=first_task, execution_date=20210408T000000, start_date=20210425T000850, end_date=20210425T000851
[2021-04-25 00:08:51,762] {taskinstance.py:1246} INFO - 1 downstream tasks scheduled from follow-on schedule check
[2021-04-25 00:08:51,799] {local_task_job.py:146} INFO - Task exited with return code 0
