[2021-04-24 23:02:20,522] {taskinstance.py:877} INFO - Dependencies all met for <TaskInstance: tutorial.templated 2021-04-23T00:00:00+00:00 [queued]>
[2021-04-24 23:02:20,581] {taskinstance.py:877} INFO - Dependencies all met for <TaskInstance: tutorial.templated 2021-04-23T00:00:00+00:00 [queued]>
[2021-04-24 23:02:20,582] {taskinstance.py:1068} INFO - 
--------------------------------------------------------------------------------
[2021-04-24 23:02:20,582] {taskinstance.py:1069} INFO - Starting attempt 1 of 2
[2021-04-24 23:02:20,604] {taskinstance.py:1070} INFO - 
--------------------------------------------------------------------------------
[2021-04-24 23:02:20,748] {taskinstance.py:1089} INFO - Executing <Task(BashOperator): templated> on 2021-04-23T00:00:00+00:00
[2021-04-24 23:02:20,995] {standard_task_runner.py:76} INFO - Running: ['airflow', 'tasks', 'run', 'tutorial', 'templated', '2021-04-23T00:00:00+00:00', '--job-id', '46', '--pool', 'default_pool', '--raw', '--subdir', '/home/airflow/.local/lib/python3.6/site-packages/airflow/example_dags/tutorial.py', '--cfg-path', '/tmp/tmpqjgbn73t', '--error-file', '/tmp/tmp4r3gub71']
[2021-04-24 23:02:21,010] {standard_task_runner.py:77} INFO - Job 46: Subtask templated
[2021-04-24 23:02:20,794] {standard_task_runner.py:52} INFO - Started process 66 to run task
[2021-04-24 23:02:22,159] {logging_mixin.py:104} INFO - Running <TaskInstance: tutorial.templated 2021-04-23T00:00:00+00:00 [running]> on host 4a00a306afdc
[2021-04-24 23:02:22,743] {taskinstance.py:1283} INFO - Exporting the following env vars:
AIRFLOW_CTX_DAG_EMAIL=airflow@example.com
AIRFLOW_CTX_DAG_OWNER=airflow
AIRFLOW_CTX_DAG_ID=tutorial
AIRFLOW_CTX_TASK_ID=templated
AIRFLOW_CTX_EXECUTION_DATE=2021-04-23T00:00:00+00:00
AIRFLOW_CTX_DAG_RUN_ID=scheduled__2021-04-23T00:00:00+00:00
[2021-04-24 23:02:22,745] {bash.py:135} INFO - Tmp dir root location: 
 /tmp
[2021-04-24 23:02:22,747] {bash.py:158} INFO - Running command: 

    echo "2021-04-23"
    echo "2021-04-30"
    echo "Parameter I passed in"

    echo "2021-04-23"
    echo "2021-04-30"
    echo "Parameter I passed in"

    echo "2021-04-23"
    echo "2021-04-30"
    echo "Parameter I passed in"

    echo "2021-04-23"
    echo "2021-04-30"
    echo "Parameter I passed in"

    echo "2021-04-23"
    echo "2021-04-30"
    echo "Parameter I passed in"

[2021-04-24 23:02:22,832] {bash.py:169} INFO - Output:
[2021-04-24 23:02:22,834] {bash.py:173} INFO - 2021-04-23
[2021-04-24 23:02:22,835] {bash.py:173} INFO - 2021-04-30
[2021-04-24 23:02:22,835] {bash.py:173} INFO - Parameter I passed in
[2021-04-24 23:02:22,835] {bash.py:173} INFO - 2021-04-23
[2021-04-24 23:02:22,835] {bash.py:173} INFO - 2021-04-30
[2021-04-24 23:02:22,835] {bash.py:173} INFO - Parameter I passed in
[2021-04-24 23:02:22,836] {bash.py:173} INFO - 2021-04-23
[2021-04-24 23:02:22,836] {bash.py:173} INFO - 2021-04-30
[2021-04-24 23:02:22,836] {bash.py:173} INFO - Parameter I passed in
[2021-04-24 23:02:22,836] {bash.py:173} INFO - 2021-04-23
[2021-04-24 23:02:22,836] {bash.py:173} INFO - 2021-04-30
[2021-04-24 23:02:22,836] {bash.py:173} INFO - Parameter I passed in
[2021-04-24 23:02:22,837] {bash.py:173} INFO - 2021-04-23
[2021-04-24 23:02:22,837] {bash.py:173} INFO - 2021-04-30
[2021-04-24 23:02:22,837] {bash.py:173} INFO - Parameter I passed in
[2021-04-24 23:02:22,838] {bash.py:177} INFO - Command exited with return code 0
[2021-04-24 23:02:23,030] {taskinstance.py:1192} INFO - Marking task as SUCCESS. dag_id=tutorial, task_id=templated, execution_date=20210423T000000, start_date=20210424T230220, end_date=20210424T230223
[2021-04-24 23:02:23,130] {taskinstance.py:1246} INFO - 0 downstream tasks scheduled from follow-on schedule check
[2021-04-24 23:02:23,173] {local_task_job.py:146} INFO - Task exited with return code 0
