[2021-04-25 00:07:35,466] {taskinstance.py:877} INFO - Dependencies all met for <TaskInstance: bash_operator_dag.second_task 2021-01-24T00:00:00+00:00 [queued]>
[2021-04-25 00:07:35,501] {taskinstance.py:877} INFO - Dependencies all met for <TaskInstance: bash_operator_dag.second_task 2021-01-24T00:00:00+00:00 [queued]>
[2021-04-25 00:07:35,502] {taskinstance.py:1068} INFO - 
--------------------------------------------------------------------------------
[2021-04-25 00:07:35,502] {taskinstance.py:1069} INFO - Starting attempt 1 of 3
[2021-04-25 00:07:35,502] {taskinstance.py:1070} INFO - 
--------------------------------------------------------------------------------
[2021-04-25 00:07:35,532] {taskinstance.py:1089} INFO - Executing <Task(BashOperator): second_task> on 2021-01-24T00:00:00+00:00
[2021-04-25 00:07:35,539] {standard_task_runner.py:52} INFO - Started process 1446 to run task
[2021-04-25 00:07:35,562] {standard_task_runner.py:76} INFO - Running: ['airflow', 'tasks', 'run', 'bash_operator_dag', 'second_task', '2021-01-24T00:00:00+00:00', '--job-id', '516', '--pool', 'default_pool', '--raw', '--subdir', 'DAGS_FOLDER/simple_bash_operator_dag.py', '--cfg-path', '/tmp/tmplpv0hxp5', '--error-file', '/tmp/tmpm_si_sly']
[2021-04-25 00:07:35,562] {standard_task_runner.py:77} INFO - Job 516: Subtask second_task
[2021-04-25 00:07:35,673] {logging_mixin.py:104} INFO - Running <TaskInstance: bash_operator_dag.second_task 2021-01-24T00:00:00+00:00 [running]> on host 4a00a306afdc
[2021-04-25 00:07:35,827] {taskinstance.py:1283} INFO - Exporting the following env vars:
AIRFLOW_CTX_DAG_OWNER=airflow
AIRFLOW_CTX_DAG_ID=bash_operator_dag
AIRFLOW_CTX_TASK_ID=second_task
AIRFLOW_CTX_EXECUTION_DATE=2021-01-24T00:00:00+00:00
AIRFLOW_CTX_DAG_RUN_ID=scheduled__2021-01-24T00:00:00+00:00
[2021-04-25 00:07:35,829] {bash.py:135} INFO - Tmp dir root location: 
 /tmp
[2021-04-25 00:07:35,838] {bash.py:158} INFO - Running command: echo "testing second bash operator"
[2021-04-25 00:07:35,870] {bash.py:169} INFO - Output:
[2021-04-25 00:07:35,873] {bash.py:173} INFO - testing second bash operator
[2021-04-25 00:07:35,874] {bash.py:177} INFO - Command exited with return code 0
[2021-04-25 00:07:35,963] {taskinstance.py:1192} INFO - Marking task as SUCCESS. dag_id=bash_operator_dag, task_id=second_task, execution_date=20210124T000000, start_date=20210425T000735, end_date=20210425T000735
[2021-04-25 00:07:36,054] {taskinstance.py:1246} INFO - 0 downstream tasks scheduled from follow-on schedule check
[2021-04-25 00:07:36,104] {local_task_job.py:146} INFO - Task exited with return code 0
[2021-04-25 00:44:05,159] {taskinstance.py:877} INFO - Dependencies all met for <TaskInstance: bash_operator_dag.second_task 2021-01-24T00:00:00+00:00 [queued]>
[2021-04-25 00:44:05,214] {taskinstance.py:877} INFO - Dependencies all met for <TaskInstance: bash_operator_dag.second_task 2021-01-24T00:00:00+00:00 [queued]>
[2021-04-25 00:44:05,215] {taskinstance.py:1068} INFO - 
--------------------------------------------------------------------------------
[2021-04-25 00:44:05,215] {taskinstance.py:1069} INFO - Starting attempt 1 of 3
[2021-04-25 00:44:05,216] {taskinstance.py:1070} INFO - 
--------------------------------------------------------------------------------
[2021-04-25 00:44:05,336] {taskinstance.py:1089} INFO - Executing <Task(BashOperator): second_task> on 2021-01-24T00:00:00+00:00
[2021-04-25 00:44:05,352] {standard_task_runner.py:52} INFO - Started process 2130 to run task
[2021-04-25 00:44:05,373] {standard_task_runner.py:76} INFO - Running: ['airflow', 'tasks', 'run', 'bash_operator_dag', 'second_task', '2021-01-24T00:00:00+00:00', '--job-id', '745', '--pool', 'default_pool', '--raw', '--subdir', 'DAGS_FOLDER/simple_bash_operator_dag.py', '--cfg-path', '/tmp/tmp6pu0po62', '--error-file', '/tmp/tmprzevtfl5']
[2021-04-25 00:44:05,376] {standard_task_runner.py:77} INFO - Job 745: Subtask second_task
[2021-04-25 00:44:05,620] {logging_mixin.py:104} INFO - Running <TaskInstance: bash_operator_dag.second_task 2021-01-24T00:00:00+00:00 [running]> on host 4a00a306afdc
[2021-04-25 00:44:05,878] {taskinstance.py:1283} INFO - Exporting the following env vars:
AIRFLOW_CTX_DAG_OWNER=airflow
AIRFLOW_CTX_DAG_ID=bash_operator_dag
AIRFLOW_CTX_TASK_ID=second_task
AIRFLOW_CTX_EXECUTION_DATE=2021-01-24T00:00:00+00:00
AIRFLOW_CTX_DAG_RUN_ID=scheduled__2021-01-24T00:00:00+00:00
[2021-04-25 00:44:05,881] {bash.py:135} INFO - Tmp dir root location: 
 /tmp
[2021-04-25 00:44:05,885] {bash.py:158} INFO - Running command: echo "testing second bash operator"
[2021-04-25 00:44:05,919] {bash.py:169} INFO - Output:
[2021-04-25 00:44:05,933] {bash.py:173} INFO - testing second bash operator
[2021-04-25 00:44:05,935] {bash.py:177} INFO - Command exited with return code 0
[2021-04-25 00:44:06,084] {taskinstance.py:1192} INFO - Marking task as SUCCESS. dag_id=bash_operator_dag, task_id=second_task, execution_date=20210124T000000, start_date=20210425T004405, end_date=20210425T004406
[2021-04-25 00:44:06,197] {taskinstance.py:1246} INFO - 0 downstream tasks scheduled from follow-on schedule check
[2021-04-25 00:44:06,225] {local_task_job.py:146} INFO - Task exited with return code 0
