[2021-04-25 00:09:02,711] {taskinstance.py:877} INFO - Dependencies all met for <TaskInstance: bash_operator_dag.second_task 2021-04-14T00:00:00+00:00 [queued]>
[2021-04-25 00:09:02,868] {taskinstance.py:877} INFO - Dependencies all met for <TaskInstance: bash_operator_dag.second_task 2021-04-14T00:00:00+00:00 [queued]>
[2021-04-25 00:09:02,869] {taskinstance.py:1068} INFO - 
--------------------------------------------------------------------------------
[2021-04-25 00:09:02,869] {taskinstance.py:1069} INFO - Starting attempt 1 of 3
[2021-04-25 00:09:02,869] {taskinstance.py:1070} INFO - 
--------------------------------------------------------------------------------
[2021-04-25 00:09:02,998] {taskinstance.py:1089} INFO - Executing <Task(BashOperator): second_task> on 2021-04-14T00:00:00+00:00
[2021-04-25 00:09:03,016] {standard_task_runner.py:52} INFO - Started process 1914 to run task
[2021-04-25 00:09:03,110] {standard_task_runner.py:76} INFO - Running: ['airflow', 'tasks', 'run', 'bash_operator_dag', 'second_task', '2021-04-14T00:00:00+00:00', '--job-id', '672', '--pool', 'default_pool', '--raw', '--subdir', 'DAGS_FOLDER/simple_bash_operator_dag.py', '--cfg-path', '/tmp/tmp0c61pb8g', '--error-file', '/tmp/tmpnhfjkmeh']
[2021-04-25 00:09:03,113] {standard_task_runner.py:77} INFO - Job 672: Subtask second_task
[2021-04-25 00:09:03,443] {logging_mixin.py:104} INFO - Running <TaskInstance: bash_operator_dag.second_task 2021-04-14T00:00:00+00:00 [running]> on host 4a00a306afdc
[2021-04-25 00:09:03,712] {taskinstance.py:1283} INFO - Exporting the following env vars:
AIRFLOW_CTX_DAG_OWNER=airflow
AIRFLOW_CTX_DAG_ID=bash_operator_dag
AIRFLOW_CTX_TASK_ID=second_task
AIRFLOW_CTX_EXECUTION_DATE=2021-04-14T00:00:00+00:00
AIRFLOW_CTX_DAG_RUN_ID=scheduled__2021-04-14T00:00:00+00:00
[2021-04-25 00:09:03,724] {bash.py:135} INFO - Tmp dir root location: 
 /tmp
[2021-04-25 00:09:03,740] {bash.py:158} INFO - Running command: echo "testing second bash operator"
[2021-04-25 00:09:03,801] {bash.py:169} INFO - Output:
[2021-04-25 00:09:03,814] {bash.py:173} INFO - testing second bash operator
[2021-04-25 00:09:03,815] {bash.py:177} INFO - Command exited with return code 0
[2021-04-25 00:09:04,041] {taskinstance.py:1192} INFO - Marking task as SUCCESS. dag_id=bash_operator_dag, task_id=second_task, execution_date=20210414T000000, start_date=20210425T000902, end_date=20210425T000904
[2021-04-25 00:09:04,212] {taskinstance.py:1246} INFO - 0 downstream tasks scheduled from follow-on schedule check
[2021-04-25 00:09:04,273] {local_task_job.py:146} INFO - Task exited with return code 0
