[2021-04-25 00:05:05,764] {taskinstance.py:877} INFO - Dependencies all met for <TaskInstance: bash_operator_dag.first_task 2021-02-27T00:00:00+00:00 [queued]>
[2021-04-25 00:05:05,811] {taskinstance.py:877} INFO - Dependencies all met for <TaskInstance: bash_operator_dag.first_task 2021-02-27T00:00:00+00:00 [queued]>
[2021-04-25 00:05:05,811] {taskinstance.py:1068} INFO - 
--------------------------------------------------------------------------------
[2021-04-25 00:05:05,811] {taskinstance.py:1069} INFO - Starting attempt 1 of 3
[2021-04-25 00:05:05,812] {taskinstance.py:1070} INFO - 
--------------------------------------------------------------------------------
[2021-04-25 00:05:05,873] {taskinstance.py:1089} INFO - Executing <Task(BashOperator): first_task> on 2021-02-27T00:00:00+00:00
[2021-04-25 00:05:05,882] {standard_task_runner.py:52} INFO - Started process 1071 to run task
[2021-04-25 00:05:05,916] {standard_task_runner.py:76} INFO - Running: ['airflow', 'tasks', 'run', 'bash_operator_dag', 'first_task', '2021-02-27T00:00:00+00:00', '--job-id', '391', '--pool', 'default_pool', '--raw', '--subdir', 'DAGS_FOLDER/simple_bash_operator_dag.py', '--cfg-path', '/tmp/tmpn_t29x07', '--error-file', '/tmp/tmpl7bw9f5h']
[2021-04-25 00:05:05,921] {standard_task_runner.py:77} INFO - Job 391: Subtask first_task
[2021-04-25 00:05:06,061] {logging_mixin.py:104} INFO - Running <TaskInstance: bash_operator_dag.first_task 2021-02-27T00:00:00+00:00 [running]> on host 4a00a306afdc
[2021-04-25 00:05:06,159] {taskinstance.py:1283} INFO - Exporting the following env vars:
AIRFLOW_CTX_DAG_OWNER=airflow
AIRFLOW_CTX_DAG_ID=bash_operator_dag
AIRFLOW_CTX_TASK_ID=first_task
AIRFLOW_CTX_EXECUTION_DATE=2021-02-27T00:00:00+00:00
AIRFLOW_CTX_DAG_RUN_ID=scheduled__2021-02-27T00:00:00+00:00
[2021-04-25 00:05:06,161] {bash.py:135} INFO - Tmp dir root location: 
 /tmp
[2021-04-25 00:05:06,163] {bash.py:158} INFO - Running command: echo "testing first bash operator"
[2021-04-25 00:05:06,178] {bash.py:169} INFO - Output:
[2021-04-25 00:05:06,181] {bash.py:173} INFO - testing first bash operator
[2021-04-25 00:05:06,181] {bash.py:177} INFO - Command exited with return code 0
[2021-04-25 00:05:06,246] {taskinstance.py:1192} INFO - Marking task as SUCCESS. dag_id=bash_operator_dag, task_id=first_task, execution_date=20210227T000000, start_date=20210425T000505, end_date=20210425T000506
[2021-04-25 00:05:06,387] {taskinstance.py:1246} INFO - 1 downstream tasks scheduled from follow-on schedule check
[2021-04-25 00:05:06,412] {local_task_job.py:146} INFO - Task exited with return code 0
[2021-04-25 00:08:10,295] {taskinstance.py:877} INFO - Dependencies all met for <TaskInstance: bash_operator_dag.first_task 2021-02-27T00:00:00+00:00 [queued]>
[2021-04-25 00:08:10,363] {taskinstance.py:877} INFO - Dependencies all met for <TaskInstance: bash_operator_dag.first_task 2021-02-27T00:00:00+00:00 [queued]>
[2021-04-25 00:08:10,363] {taskinstance.py:1068} INFO - 
--------------------------------------------------------------------------------
[2021-04-25 00:08:10,364] {taskinstance.py:1069} INFO - Starting attempt 1 of 3
[2021-04-25 00:08:10,364] {taskinstance.py:1070} INFO - 
--------------------------------------------------------------------------------
[2021-04-25 00:08:10,429] {taskinstance.py:1089} INFO - Executing <Task(BashOperator): first_task> on 2021-02-27T00:00:00+00:00
[2021-04-25 00:08:10,436] {standard_task_runner.py:52} INFO - Started process 1631 to run task
[2021-04-25 00:08:10,465] {standard_task_runner.py:76} INFO - Running: ['airflow', 'tasks', 'run', 'bash_operator_dag', 'first_task', '2021-02-27T00:00:00+00:00', '--job-id', '578', '--pool', 'default_pool', '--raw', '--subdir', 'DAGS_FOLDER/simple_bash_operator_dag.py', '--cfg-path', '/tmp/tmp4zpppbll', '--error-file', '/tmp/tmplncv5ts8']
[2021-04-25 00:08:10,466] {standard_task_runner.py:77} INFO - Job 578: Subtask first_task
[2021-04-25 00:08:10,704] {logging_mixin.py:104} INFO - Running <TaskInstance: bash_operator_dag.first_task 2021-02-27T00:00:00+00:00 [running]> on host 4a00a306afdc
[2021-04-25 00:08:10,855] {taskinstance.py:1283} INFO - Exporting the following env vars:
AIRFLOW_CTX_DAG_OWNER=airflow
AIRFLOW_CTX_DAG_ID=bash_operator_dag
AIRFLOW_CTX_TASK_ID=first_task
AIRFLOW_CTX_EXECUTION_DATE=2021-02-27T00:00:00+00:00
AIRFLOW_CTX_DAG_RUN_ID=scheduled__2021-02-27T00:00:00+00:00
[2021-04-25 00:08:10,856] {bash.py:135} INFO - Tmp dir root location: 
 /tmp
[2021-04-25 00:08:10,858] {bash.py:158} INFO - Running command: echo "testing first bash operator"
[2021-04-25 00:08:10,873] {bash.py:169} INFO - Output:
[2021-04-25 00:08:10,876] {bash.py:173} INFO - testing first bash operator
[2021-04-25 00:08:10,877] {bash.py:177} INFO - Command exited with return code 0
[2021-04-25 00:08:10,967] {taskinstance.py:1192} INFO - Marking task as SUCCESS. dag_id=bash_operator_dag, task_id=first_task, execution_date=20210227T000000, start_date=20210425T000810, end_date=20210425T000810
[2021-04-25 00:08:11,105] {taskinstance.py:1246} INFO - 1 downstream tasks scheduled from follow-on schedule check
[2021-04-25 00:08:11,146] {local_task_job.py:146} INFO - Task exited with return code 0
