[2021-04-25 00:07:45,008] {taskinstance.py:877} INFO - Dependencies all met for <TaskInstance: bash_operator_dag.first_task 2021-02-05T00:00:00+00:00 [queued]>
[2021-04-25 00:07:45,063] {taskinstance.py:877} INFO - Dependencies all met for <TaskInstance: bash_operator_dag.first_task 2021-02-05T00:00:00+00:00 [queued]>
[2021-04-25 00:07:45,063] {taskinstance.py:1068} INFO - 
--------------------------------------------------------------------------------
[2021-04-25 00:07:45,063] {taskinstance.py:1069} INFO - Starting attempt 1 of 3
[2021-04-25 00:07:45,064] {taskinstance.py:1070} INFO - 
--------------------------------------------------------------------------------
[2021-04-25 00:07:45,106] {taskinstance.py:1089} INFO - Executing <Task(BashOperator): first_task> on 2021-02-05T00:00:00+00:00
[2021-04-25 00:07:45,117] {standard_task_runner.py:52} INFO - Started process 1500 to run task
[2021-04-25 00:07:45,133] {standard_task_runner.py:76} INFO - Running: ['airflow', 'tasks', 'run', 'bash_operator_dag', 'first_task', '2021-02-05T00:00:00+00:00', '--job-id', '534', '--pool', 'default_pool', '--raw', '--subdir', 'DAGS_FOLDER/simple_bash_operator_dag.py', '--cfg-path', '/tmp/tmpuhxb5445', '--error-file', '/tmp/tmp819lw_tq']
[2021-04-25 00:07:45,134] {standard_task_runner.py:77} INFO - Job 534: Subtask first_task
[2021-04-25 00:07:45,312] {logging_mixin.py:104} INFO - Running <TaskInstance: bash_operator_dag.first_task 2021-02-05T00:00:00+00:00 [running]> on host 4a00a306afdc
[2021-04-25 00:07:45,466] {taskinstance.py:1283} INFO - Exporting the following env vars:
AIRFLOW_CTX_DAG_OWNER=airflow
AIRFLOW_CTX_DAG_ID=bash_operator_dag
AIRFLOW_CTX_TASK_ID=first_task
AIRFLOW_CTX_EXECUTION_DATE=2021-02-05T00:00:00+00:00
AIRFLOW_CTX_DAG_RUN_ID=scheduled__2021-02-05T00:00:00+00:00
[2021-04-25 00:07:45,468] {bash.py:135} INFO - Tmp dir root location: 
 /tmp
[2021-04-25 00:07:45,471] {bash.py:158} INFO - Running command: echo "testing first bash operator"
[2021-04-25 00:07:45,520] {bash.py:169} INFO - Output:
[2021-04-25 00:07:45,524] {bash.py:173} INFO - testing first bash operator
[2021-04-25 00:07:45,526] {bash.py:177} INFO - Command exited with return code 0
[2021-04-25 00:07:45,668] {taskinstance.py:1192} INFO - Marking task as SUCCESS. dag_id=bash_operator_dag, task_id=first_task, execution_date=20210205T000000, start_date=20210425T000745, end_date=20210425T000745
[2021-04-25 00:07:45,890] {taskinstance.py:1246} INFO - 1 downstream tasks scheduled from follow-on schedule check
[2021-04-25 00:07:45,942] {local_task_job.py:146} INFO - Task exited with return code 0
[2021-04-25 00:44:16,708] {taskinstance.py:877} INFO - Dependencies all met for <TaskInstance: bash_operator_dag.first_task 2021-02-05T00:00:00+00:00 [queued]>
[2021-04-25 00:44:16,767] {taskinstance.py:877} INFO - Dependencies all met for <TaskInstance: bash_operator_dag.first_task 2021-02-05T00:00:00+00:00 [queued]>
[2021-04-25 00:44:16,767] {taskinstance.py:1068} INFO - 
--------------------------------------------------------------------------------
[2021-04-25 00:44:16,768] {taskinstance.py:1069} INFO - Starting attempt 1 of 3
[2021-04-25 00:44:16,768] {taskinstance.py:1070} INFO - 
--------------------------------------------------------------------------------
[2021-04-25 00:44:16,819] {taskinstance.py:1089} INFO - Executing <Task(BashOperator): first_task> on 2021-02-05T00:00:00+00:00
[2021-04-25 00:44:16,837] {standard_task_runner.py:52} INFO - Started process 2183 to run task
[2021-04-25 00:44:16,862] {standard_task_runner.py:76} INFO - Running: ['airflow', 'tasks', 'run', 'bash_operator_dag', 'first_task', '2021-02-05T00:00:00+00:00', '--job-id', '762', '--pool', 'default_pool', '--raw', '--subdir', 'DAGS_FOLDER/simple_bash_operator_dag.py', '--cfg-path', '/tmp/tmp8ymc7kuc', '--error-file', '/tmp/tmps8xyfx1s']
[2021-04-25 00:44:16,864] {standard_task_runner.py:77} INFO - Job 762: Subtask first_task
[2021-04-25 00:44:17,038] {logging_mixin.py:104} INFO - Running <TaskInstance: bash_operator_dag.first_task 2021-02-05T00:00:00+00:00 [running]> on host 4a00a306afdc
[2021-04-25 00:44:17,243] {taskinstance.py:1283} INFO - Exporting the following env vars:
AIRFLOW_CTX_DAG_OWNER=airflow
AIRFLOW_CTX_DAG_ID=bash_operator_dag
AIRFLOW_CTX_TASK_ID=first_task
AIRFLOW_CTX_EXECUTION_DATE=2021-02-05T00:00:00+00:00
AIRFLOW_CTX_DAG_RUN_ID=scheduled__2021-02-05T00:00:00+00:00
[2021-04-25 00:44:17,246] {bash.py:135} INFO - Tmp dir root location: 
 /tmp
[2021-04-25 00:44:17,249] {bash.py:158} INFO - Running command: echo "testing first bash operator"
[2021-04-25 00:44:17,280] {bash.py:169} INFO - Output:
[2021-04-25 00:44:17,284] {bash.py:173} INFO - testing first bash operator
[2021-04-25 00:44:17,287] {bash.py:177} INFO - Command exited with return code 0
[2021-04-25 00:44:17,400] {taskinstance.py:1192} INFO - Marking task as SUCCESS. dag_id=bash_operator_dag, task_id=first_task, execution_date=20210205T000000, start_date=20210425T004416, end_date=20210425T004417
[2021-04-25 00:44:17,495] {taskinstance.py:1246} INFO - 1 downstream tasks scheduled from follow-on schedule check
[2021-04-25 00:44:17,532] {local_task_job.py:146} INFO - Task exited with return code 0
