[2021-04-25 00:05:28,222] {taskinstance.py:877} INFO - Dependencies all met for <TaskInstance: bash_operator_dag.second_task 2021-03-24T00:00:00+00:00 [queued]>
[2021-04-25 00:05:28,259] {taskinstance.py:877} INFO - Dependencies all met for <TaskInstance: bash_operator_dag.second_task 2021-03-24T00:00:00+00:00 [queued]>
[2021-04-25 00:05:28,259] {taskinstance.py:1068} INFO - 
--------------------------------------------------------------------------------
[2021-04-25 00:05:28,259] {taskinstance.py:1069} INFO - Starting attempt 1 of 1
[2021-04-25 00:05:28,260] {taskinstance.py:1070} INFO - 
--------------------------------------------------------------------------------
[2021-04-25 00:05:28,316] {taskinstance.py:1089} INFO - Executing <Task(BashOperator): second_task> on 2021-03-24T00:00:00+00:00
[2021-04-25 00:05:28,334] {standard_task_runner.py:76} INFO - Running: ['airflow', 'tasks', 'run', 'bash_operator_dag', 'second_task', '2021-03-24T00:00:00+00:00', '--job-id', '446', '--pool', 'default_pool', '--raw', '--subdir', 'DAGS_FOLDER/simple_bash_operator_dag.py', '--cfg-path', '/tmp/tmp3xp7vpuj', '--error-file', '/tmp/tmp_lffh1l0']
[2021-04-25 00:05:28,336] {standard_task_runner.py:77} INFO - Job 446: Subtask second_task
[2021-04-25 00:05:28,324] {standard_task_runner.py:52} INFO - Started process 1238 to run task
[2021-04-25 00:05:28,428] {logging_mixin.py:104} INFO - Running <TaskInstance: bash_operator_dag.second_task 2021-03-24T00:00:00+00:00 [running]> on host 4a00a306afdc
[2021-04-25 00:05:28,536] {taskinstance.py:1283} INFO - Exporting the following env vars:
AIRFLOW_CTX_DAG_OWNER=airflow
AIRFLOW_CTX_DAG_ID=bash_operator_dag
AIRFLOW_CTX_TASK_ID=second_task
AIRFLOW_CTX_EXECUTION_DATE=2021-03-24T00:00:00+00:00
AIRFLOW_CTX_DAG_RUN_ID=scheduled__2021-03-24T00:00:00+00:00
[2021-04-25 00:05:28,537] {bash.py:135} INFO - Tmp dir root location: 
 /tmp
[2021-04-25 00:05:28,539] {bash.py:158} INFO - Running command: echo "testing second bash operator"
[2021-04-25 00:05:28,555] {bash.py:169} INFO - Output:
[2021-04-25 00:05:28,557] {bash.py:173} INFO - testing second bash operator
[2021-04-25 00:05:28,558] {bash.py:177} INFO - Command exited with return code 0
[2021-04-25 00:05:28,624] {taskinstance.py:1192} INFO - Marking task as SUCCESS. dag_id=bash_operator_dag, task_id=second_task, execution_date=20210324T000000, start_date=20210425T000528, end_date=20210425T000528
[2021-04-25 00:05:28,690] {taskinstance.py:1246} INFO - 0 downstream tasks scheduled from follow-on schedule check
[2021-04-25 00:05:28,714] {local_task_job.py:146} INFO - Task exited with return code 0
[2021-04-25 00:08:37,337] {taskinstance.py:877} INFO - Dependencies all met for <TaskInstance: bash_operator_dag.second_task 2021-03-24T00:00:00+00:00 [queued]>
[2021-04-25 00:08:37,392] {taskinstance.py:877} INFO - Dependencies all met for <TaskInstance: bash_operator_dag.second_task 2021-03-24T00:00:00+00:00 [queued]>
[2021-04-25 00:08:37,392] {taskinstance.py:1068} INFO - 
--------------------------------------------------------------------------------
[2021-04-25 00:08:37,392] {taskinstance.py:1069} INFO - Starting attempt 1 of 3
[2021-04-25 00:08:37,392] {taskinstance.py:1070} INFO - 
--------------------------------------------------------------------------------
[2021-04-25 00:08:37,442] {taskinstance.py:1089} INFO - Executing <Task(BashOperator): second_task> on 2021-03-24T00:00:00+00:00
[2021-04-25 00:08:37,453] {standard_task_runner.py:52} INFO - Started process 1799 to run task
[2021-04-25 00:08:37,472] {standard_task_runner.py:76} INFO - Running: ['airflow', 'tasks', 'run', 'bash_operator_dag', 'second_task', '2021-03-24T00:00:00+00:00', '--job-id', '634', '--pool', 'default_pool', '--raw', '--subdir', 'DAGS_FOLDER/simple_bash_operator_dag.py', '--cfg-path', '/tmp/tmpgvtl6af8', '--error-file', '/tmp/tmph810i91d']
[2021-04-25 00:08:37,478] {standard_task_runner.py:77} INFO - Job 634: Subtask second_task
[2021-04-25 00:08:37,785] {logging_mixin.py:104} INFO - Running <TaskInstance: bash_operator_dag.second_task 2021-03-24T00:00:00+00:00 [running]> on host 4a00a306afdc
[2021-04-25 00:08:38,004] {taskinstance.py:1283} INFO - Exporting the following env vars:
AIRFLOW_CTX_DAG_OWNER=airflow
AIRFLOW_CTX_DAG_ID=bash_operator_dag
AIRFLOW_CTX_TASK_ID=second_task
AIRFLOW_CTX_EXECUTION_DATE=2021-03-24T00:00:00+00:00
AIRFLOW_CTX_DAG_RUN_ID=scheduled__2021-03-24T00:00:00+00:00
[2021-04-25 00:08:38,006] {bash.py:135} INFO - Tmp dir root location: 
 /tmp
[2021-04-25 00:08:38,017] {bash.py:158} INFO - Running command: echo "testing second bash operator"
[2021-04-25 00:08:38,047] {bash.py:169} INFO - Output:
[2021-04-25 00:08:38,052] {bash.py:173} INFO - testing second bash operator
[2021-04-25 00:08:38,053] {bash.py:177} INFO - Command exited with return code 0
[2021-04-25 00:08:38,281] {taskinstance.py:1192} INFO - Marking task as SUCCESS. dag_id=bash_operator_dag, task_id=second_task, execution_date=20210324T000000, start_date=20210425T000837, end_date=20210425T000838
[2021-04-25 00:08:38,431] {taskinstance.py:1246} INFO - 0 downstream tasks scheduled from follow-on schedule check
[2021-04-25 00:08:38,464] {local_task_job.py:146} INFO - Task exited with return code 0
