[2021-04-25 00:34:58,060] {taskinstance.py:877} INFO - Dependencies all met for <TaskInstance: bash_operator_dag.first_task 2021-04-25T00:34:54.762284+00:00 [queued]>
[2021-04-25 00:34:58,086] {taskinstance.py:877} INFO - Dependencies all met for <TaskInstance: bash_operator_dag.first_task 2021-04-25T00:34:54.762284+00:00 [queued]>
[2021-04-25 00:34:58,087] {taskinstance.py:1068} INFO - 
--------------------------------------------------------------------------------
[2021-04-25 00:34:58,087] {taskinstance.py:1069} INFO - Starting attempt 1 of 3
[2021-04-25 00:34:58,088] {taskinstance.py:1070} INFO - 
--------------------------------------------------------------------------------
[2021-04-25 00:34:58,116] {taskinstance.py:1089} INFO - Executing <Task(BashOperator): first_task> on 2021-04-25T00:34:54.762284+00:00
[2021-04-25 00:34:58,124] {standard_task_runner.py:52} INFO - Started process 1967 to run task
[2021-04-25 00:34:58,135] {standard_task_runner.py:76} INFO - Running: ['airflow', 'tasks', 'run', 'bash_operator_dag', 'first_task', '2021-04-25T00:34:54.762284+00:00', '--job-id', '691', '--pool', 'default_pool', '--raw', '--subdir', 'DAGS_FOLDER/simple_bash_operator_dag.py', '--cfg-path', '/tmp/tmpnli24l8v', '--error-file', '/tmp/tmp0510fo6a']
[2021-04-25 00:34:58,136] {standard_task_runner.py:77} INFO - Job 691: Subtask first_task
[2021-04-25 00:34:58,223] {logging_mixin.py:104} INFO - Running <TaskInstance: bash_operator_dag.first_task 2021-04-25T00:34:54.762284+00:00 [running]> on host 4a00a306afdc
[2021-04-25 00:34:58,375] {taskinstance.py:1283} INFO - Exporting the following env vars:
AIRFLOW_CTX_DAG_OWNER=airflow
AIRFLOW_CTX_DAG_ID=bash_operator_dag
AIRFLOW_CTX_TASK_ID=first_task
AIRFLOW_CTX_EXECUTION_DATE=2021-04-25T00:34:54.762284+00:00
AIRFLOW_CTX_DAG_RUN_ID=manual__2021-04-25T00:34:54.762284+00:00
[2021-04-25 00:34:58,379] {bash.py:135} INFO - Tmp dir root location: 
 /tmp
[2021-04-25 00:34:58,385] {bash.py:158} INFO - Running command: echo "testing first bash operator"
[2021-04-25 00:34:58,415] {bash.py:169} INFO - Output:
[2021-04-25 00:34:58,438] {bash.py:173} INFO - testing first bash operator
[2021-04-25 00:34:58,440] {bash.py:177} INFO - Command exited with return code 0
[2021-04-25 00:34:58,505] {taskinstance.py:1192} INFO - Marking task as SUCCESS. dag_id=bash_operator_dag, task_id=first_task, execution_date=20210425T003454, start_date=20210425T003458, end_date=20210425T003458
[2021-04-25 00:34:58,575] {taskinstance.py:1246} INFO - 1 downstream tasks scheduled from follow-on schedule check
[2021-04-25 00:34:58,605] {local_task_job.py:146} INFO - Task exited with return code 0
