[2021-04-25 00:07:32,084] {taskinstance.py:877} INFO - Dependencies all met for <TaskInstance: bash_operator_dag.first_task 2021-01-23T00:00:00+00:00 [queued]>
[2021-04-25 00:07:32,112] {taskinstance.py:877} INFO - Dependencies all met for <TaskInstance: bash_operator_dag.first_task 2021-01-23T00:00:00+00:00 [queued]>
[2021-04-25 00:07:32,112] {taskinstance.py:1068} INFO - 
--------------------------------------------------------------------------------
[2021-04-25 00:07:32,112] {taskinstance.py:1069} INFO - Starting attempt 1 of 3
[2021-04-25 00:07:32,112] {taskinstance.py:1070} INFO - 
--------------------------------------------------------------------------------
[2021-04-25 00:07:32,153] {taskinstance.py:1089} INFO - Executing <Task(BashOperator): first_task> on 2021-01-23T00:00:00+00:00
[2021-04-25 00:07:32,164] {standard_task_runner.py:52} INFO - Started process 1422 to run task
[2021-04-25 00:07:32,178] {standard_task_runner.py:76} INFO - Running: ['airflow', 'tasks', 'run', 'bash_operator_dag', 'first_task', '2021-01-23T00:00:00+00:00', '--job-id', '509', '--pool', 'default_pool', '--raw', '--subdir', 'DAGS_FOLDER/simple_bash_operator_dag.py', '--cfg-path', '/tmp/tmpffrlhxpc', '--error-file', '/tmp/tmpedcrcb13']
[2021-04-25 00:07:32,180] {standard_task_runner.py:77} INFO - Job 509: Subtask first_task
[2021-04-25 00:07:32,289] {logging_mixin.py:104} INFO - Running <TaskInstance: bash_operator_dag.first_task 2021-01-23T00:00:00+00:00 [running]> on host 4a00a306afdc
[2021-04-25 00:07:32,413] {taskinstance.py:1283} INFO - Exporting the following env vars:
AIRFLOW_CTX_DAG_OWNER=airflow
AIRFLOW_CTX_DAG_ID=bash_operator_dag
AIRFLOW_CTX_TASK_ID=first_task
AIRFLOW_CTX_EXECUTION_DATE=2021-01-23T00:00:00+00:00
AIRFLOW_CTX_DAG_RUN_ID=scheduled__2021-01-23T00:00:00+00:00
[2021-04-25 00:07:32,414] {bash.py:135} INFO - Tmp dir root location: 
 /tmp
[2021-04-25 00:07:32,417] {bash.py:158} INFO - Running command: echo "testing first bash operator"
[2021-04-25 00:07:32,442] {bash.py:169} INFO - Output:
[2021-04-25 00:07:32,443] {bash.py:173} INFO - testing first bash operator
[2021-04-25 00:07:32,445] {bash.py:177} INFO - Command exited with return code 0
[2021-04-25 00:07:32,521] {taskinstance.py:1192} INFO - Marking task as SUCCESS. dag_id=bash_operator_dag, task_id=first_task, execution_date=20210123T000000, start_date=20210425T000732, end_date=20210425T000732
[2021-04-25 00:07:32,637] {taskinstance.py:1246} INFO - 1 downstream tasks scheduled from follow-on schedule check
[2021-04-25 00:07:32,682] {local_task_job.py:146} INFO - Task exited with return code 0
[2021-04-25 00:43:59,249] {taskinstance.py:877} INFO - Dependencies all met for <TaskInstance: bash_operator_dag.first_task 2021-01-23T00:00:00+00:00 [queued]>
[2021-04-25 00:43:59,315] {taskinstance.py:877} INFO - Dependencies all met for <TaskInstance: bash_operator_dag.first_task 2021-01-23T00:00:00+00:00 [queued]>
[2021-04-25 00:43:59,316] {taskinstance.py:1068} INFO - 
--------------------------------------------------------------------------------
[2021-04-25 00:43:59,316] {taskinstance.py:1069} INFO - Starting attempt 1 of 3
[2021-04-25 00:43:59,316] {taskinstance.py:1070} INFO - 
--------------------------------------------------------------------------------
[2021-04-25 00:43:59,378] {taskinstance.py:1089} INFO - Executing <Task(BashOperator): first_task> on 2021-01-23T00:00:00+00:00
[2021-04-25 00:43:59,388] {standard_task_runner.py:52} INFO - Started process 2105 to run task
[2021-04-25 00:43:59,431] {standard_task_runner.py:76} INFO - Running: ['airflow', 'tasks', 'run', 'bash_operator_dag', 'first_task', '2021-01-23T00:00:00+00:00', '--job-id', '737', '--pool', 'default_pool', '--raw', '--subdir', 'DAGS_FOLDER/simple_bash_operator_dag.py', '--cfg-path', '/tmp/tmpv4zb_w0u', '--error-file', '/tmp/tmpxvc3alxj']
[2021-04-25 00:43:59,432] {standard_task_runner.py:77} INFO - Job 737: Subtask first_task
[2021-04-25 00:43:59,701] {logging_mixin.py:104} INFO - Running <TaskInstance: bash_operator_dag.first_task 2021-01-23T00:00:00+00:00 [running]> on host 4a00a306afdc
[2021-04-25 00:43:59,867] {taskinstance.py:1283} INFO - Exporting the following env vars:
AIRFLOW_CTX_DAG_OWNER=airflow
AIRFLOW_CTX_DAG_ID=bash_operator_dag
AIRFLOW_CTX_TASK_ID=first_task
AIRFLOW_CTX_EXECUTION_DATE=2021-01-23T00:00:00+00:00
AIRFLOW_CTX_DAG_RUN_ID=scheduled__2021-01-23T00:00:00+00:00
[2021-04-25 00:43:59,875] {bash.py:135} INFO - Tmp dir root location: 
 /tmp
[2021-04-25 00:43:59,893] {bash.py:158} INFO - Running command: echo "testing first bash operator"
[2021-04-25 00:43:59,931] {bash.py:169} INFO - Output:
[2021-04-25 00:43:59,935] {bash.py:173} INFO - testing first bash operator
[2021-04-25 00:43:59,937] {bash.py:177} INFO - Command exited with return code 0
[2021-04-25 00:44:00,083] {taskinstance.py:1192} INFO - Marking task as SUCCESS. dag_id=bash_operator_dag, task_id=first_task, execution_date=20210123T000000, start_date=20210425T004359, end_date=20210425T004400
[2021-04-25 00:44:00,283] {taskinstance.py:1246} INFO - 1 downstream tasks scheduled from follow-on schedule check
[2021-04-25 00:44:00,325] {local_task_job.py:146} INFO - Task exited with return code 0
