[2021-04-25 00:07:08,422] {taskinstance.py:877} INFO - Dependencies all met for <TaskInstance: bash_operator_dag.first_task 2021-01-02T00:00:00+00:00 [queued]>
[2021-04-25 00:07:08,454] {taskinstance.py:877} INFO - Dependencies all met for <TaskInstance: bash_operator_dag.first_task 2021-01-02T00:00:00+00:00 [queued]>
[2021-04-25 00:07:08,454] {taskinstance.py:1068} INFO - 
--------------------------------------------------------------------------------
[2021-04-25 00:07:08,454] {taskinstance.py:1069} INFO - Starting attempt 1 of 3
[2021-04-25 00:07:08,454] {taskinstance.py:1070} INFO - 
--------------------------------------------------------------------------------
[2021-04-25 00:07:08,482] {taskinstance.py:1089} INFO - Executing <Task(BashOperator): first_task> on 2021-01-02T00:00:00+00:00
[2021-04-25 00:07:08,488] {standard_task_runner.py:52} INFO - Started process 1299 to run task
[2021-04-25 00:07:08,499] {standard_task_runner.py:76} INFO - Running: ['airflow', 'tasks', 'run', 'bash_operator_dag', 'first_task', '2021-01-02T00:00:00+00:00', '--job-id', '468', '--pool', 'default_pool', '--raw', '--subdir', 'DAGS_FOLDER/simple_bash_operator_dag.py', '--cfg-path', '/tmp/tmpazw48jpo', '--error-file', '/tmp/tmpgjzdcb99']
[2021-04-25 00:07:08,499] {standard_task_runner.py:77} INFO - Job 468: Subtask first_task
[2021-04-25 00:07:08,633] {logging_mixin.py:104} INFO - Running <TaskInstance: bash_operator_dag.first_task 2021-01-02T00:00:00+00:00 [running]> on host 4a00a306afdc
[2021-04-25 00:07:08,795] {taskinstance.py:1283} INFO - Exporting the following env vars:
AIRFLOW_CTX_DAG_OWNER=airflow
AIRFLOW_CTX_DAG_ID=bash_operator_dag
AIRFLOW_CTX_TASK_ID=first_task
AIRFLOW_CTX_EXECUTION_DATE=2021-01-02T00:00:00+00:00
AIRFLOW_CTX_DAG_RUN_ID=scheduled__2021-01-02T00:00:00+00:00
[2021-04-25 00:07:08,799] {bash.py:135} INFO - Tmp dir root location: 
 /tmp
[2021-04-25 00:07:08,801] {bash.py:158} INFO - Running command: echo "testing first bash operator"
[2021-04-25 00:07:08,843] {bash.py:169} INFO - Output:
[2021-04-25 00:07:08,849] {bash.py:173} INFO - testing first bash operator
[2021-04-25 00:07:08,851] {bash.py:177} INFO - Command exited with return code 0
[2021-04-25 00:07:08,991] {taskinstance.py:1192} INFO - Marking task as SUCCESS. dag_id=bash_operator_dag, task_id=first_task, execution_date=20210102T000000, start_date=20210425T000708, end_date=20210425T000708
[2021-04-25 00:07:09,205] {taskinstance.py:1246} INFO - 0 downstream tasks scheduled from follow-on schedule check
[2021-04-25 00:07:09,258] {local_task_job.py:146} INFO - Task exited with return code 0
[2021-04-25 00:43:28,212] {taskinstance.py:877} INFO - Dependencies all met for <TaskInstance: bash_operator_dag.first_task 2021-01-02T00:00:00+00:00 [queued]>
[2021-04-25 00:43:28,259] {taskinstance.py:877} INFO - Dependencies all met for <TaskInstance: bash_operator_dag.first_task 2021-01-02T00:00:00+00:00 [queued]>
[2021-04-25 00:43:28,260] {taskinstance.py:1068} INFO - 
--------------------------------------------------------------------------------
[2021-04-25 00:43:28,261] {taskinstance.py:1069} INFO - Starting attempt 1 of 3
[2021-04-25 00:43:28,261] {taskinstance.py:1070} INFO - 
--------------------------------------------------------------------------------
[2021-04-25 00:43:28,345] {taskinstance.py:1089} INFO - Executing <Task(BashOperator): first_task> on 2021-01-02T00:00:00+00:00
[2021-04-25 00:43:28,386] {standard_task_runner.py:52} INFO - Started process 1988 to run task
[2021-04-25 00:43:28,439] {standard_task_runner.py:76} INFO - Running: ['airflow', 'tasks', 'run', 'bash_operator_dag', 'first_task', '2021-01-02T00:00:00+00:00', '--job-id', '697', '--pool', 'default_pool', '--raw', '--subdir', 'DAGS_FOLDER/simple_bash_operator_dag.py', '--cfg-path', '/tmp/tmpn8nxwp5q', '--error-file', '/tmp/tmppqp_dps8']
[2021-04-25 00:43:28,442] {standard_task_runner.py:77} INFO - Job 697: Subtask first_task
[2021-04-25 00:43:28,895] {logging_mixin.py:104} INFO - Running <TaskInstance: bash_operator_dag.first_task 2021-01-02T00:00:00+00:00 [running]> on host 4a00a306afdc
[2021-04-25 00:43:29,450] {taskinstance.py:1283} INFO - Exporting the following env vars:
AIRFLOW_CTX_DAG_OWNER=airflow
AIRFLOW_CTX_DAG_ID=bash_operator_dag
AIRFLOW_CTX_TASK_ID=first_task
AIRFLOW_CTX_EXECUTION_DATE=2021-01-02T00:00:00+00:00
AIRFLOW_CTX_DAG_RUN_ID=scheduled__2021-01-02T00:00:00+00:00
[2021-04-25 00:43:29,508] {bash.py:135} INFO - Tmp dir root location: 
 /tmp
[2021-04-25 00:43:29,517] {bash.py:158} INFO - Running command: echo "testing first bash operator"
[2021-04-25 00:43:29,683] {bash.py:169} INFO - Output:
[2021-04-25 00:43:29,717] {bash.py:173} INFO - testing first bash operator
[2021-04-25 00:43:29,720] {bash.py:177} INFO - Command exited with return code 0
[2021-04-25 00:43:30,039] {taskinstance.py:1192} INFO - Marking task as SUCCESS. dag_id=bash_operator_dag, task_id=first_task, execution_date=20210102T000000, start_date=20210425T004328, end_date=20210425T004330
[2021-04-25 00:43:30,551] {taskinstance.py:1246} INFO - 0 downstream tasks scheduled from follow-on schedule check
[2021-04-25 00:43:30,660] {local_task_job.py:146} INFO - Task exited with return code 0
