[2021-04-25 00:07:13,544] {taskinstance.py:877} INFO - Dependencies all met for <TaskInstance: bash_operator_dag.second_task 2021-01-04T00:00:00+00:00 [queued]>
[2021-04-25 00:07:13,609] {taskinstance.py:877} INFO - Dependencies all met for <TaskInstance: bash_operator_dag.second_task 2021-01-04T00:00:00+00:00 [queued]>
[2021-04-25 00:07:13,609] {taskinstance.py:1068} INFO - 
--------------------------------------------------------------------------------
[2021-04-25 00:07:13,609] {taskinstance.py:1069} INFO - Starting attempt 1 of 3
[2021-04-25 00:07:13,610] {taskinstance.py:1070} INFO - 
--------------------------------------------------------------------------------
[2021-04-25 00:07:13,671] {taskinstance.py:1089} INFO - Executing <Task(BashOperator): second_task> on 2021-01-04T00:00:00+00:00
[2021-04-25 00:07:13,680] {standard_task_runner.py:52} INFO - Started process 1325 to run task
[2021-04-25 00:07:13,710] {standard_task_runner.py:76} INFO - Running: ['airflow', 'tasks', 'run', 'bash_operator_dag', 'second_task', '2021-01-04T00:00:00+00:00', '--job-id', '477', '--pool', 'default_pool', '--raw', '--subdir', 'DAGS_FOLDER/simple_bash_operator_dag.py', '--cfg-path', '/tmp/tmpze0x31_m', '--error-file', '/tmp/tmpup9jwc2m']
[2021-04-25 00:07:13,711] {standard_task_runner.py:77} INFO - Job 477: Subtask second_task
[2021-04-25 00:07:13,968] {logging_mixin.py:104} INFO - Running <TaskInstance: bash_operator_dag.second_task 2021-01-04T00:00:00+00:00 [running]> on host 4a00a306afdc
[2021-04-25 00:07:14,390] {taskinstance.py:1283} INFO - Exporting the following env vars:
AIRFLOW_CTX_DAG_OWNER=airflow
AIRFLOW_CTX_DAG_ID=bash_operator_dag
AIRFLOW_CTX_TASK_ID=second_task
AIRFLOW_CTX_EXECUTION_DATE=2021-01-04T00:00:00+00:00
AIRFLOW_CTX_DAG_RUN_ID=scheduled__2021-01-04T00:00:00+00:00
[2021-04-25 00:07:14,391] {bash.py:135} INFO - Tmp dir root location: 
 /tmp
[2021-04-25 00:07:14,393] {bash.py:158} INFO - Running command: echo "testing second bash operator"
[2021-04-25 00:07:14,419] {bash.py:169} INFO - Output:
[2021-04-25 00:07:14,424] {bash.py:173} INFO - testing second bash operator
[2021-04-25 00:07:14,427] {bash.py:177} INFO - Command exited with return code 0
[2021-04-25 00:07:14,633] {taskinstance.py:1192} INFO - Marking task as SUCCESS. dag_id=bash_operator_dag, task_id=second_task, execution_date=20210104T000000, start_date=20210425T000713, end_date=20210425T000714
[2021-04-25 00:07:14,844] {taskinstance.py:1246} INFO - 0 downstream tasks scheduled from follow-on schedule check
[2021-04-25 00:07:14,895] {local_task_job.py:146} INFO - Task exited with return code 0
[2021-04-25 00:43:34,643] {taskinstance.py:877} INFO - Dependencies all met for <TaskInstance: bash_operator_dag.second_task 2021-01-04T00:00:00+00:00 [queued]>
[2021-04-25 00:43:34,696] {taskinstance.py:877} INFO - Dependencies all met for <TaskInstance: bash_operator_dag.second_task 2021-01-04T00:00:00+00:00 [queued]>
[2021-04-25 00:43:34,696] {taskinstance.py:1068} INFO - 
--------------------------------------------------------------------------------
[2021-04-25 00:43:34,697] {taskinstance.py:1069} INFO - Starting attempt 1 of 3
[2021-04-25 00:43:34,697] {taskinstance.py:1070} INFO - 
--------------------------------------------------------------------------------
[2021-04-25 00:43:34,886] {taskinstance.py:1089} INFO - Executing <Task(BashOperator): second_task> on 2021-01-04T00:00:00+00:00
[2021-04-25 00:43:34,943] {standard_task_runner.py:76} INFO - Running: ['airflow', 'tasks', 'run', 'bash_operator_dag', 'second_task', '2021-01-04T00:00:00+00:00', '--job-id', '705', '--pool', 'default_pool', '--raw', '--subdir', 'DAGS_FOLDER/simple_bash_operator_dag.py', '--cfg-path', '/tmp/tmps6sd3w9l', '--error-file', '/tmp/tmp4lemg27h']
[2021-04-25 00:43:34,946] {standard_task_runner.py:77} INFO - Job 705: Subtask second_task
[2021-04-25 00:43:34,906] {standard_task_runner.py:52} INFO - Started process 2012 to run task
[2021-04-25 00:43:36,059] {logging_mixin.py:104} INFO - Running <TaskInstance: bash_operator_dag.second_task 2021-01-04T00:00:00+00:00 [running]> on host 4a00a306afdc
[2021-04-25 00:43:36,645] {taskinstance.py:1283} INFO - Exporting the following env vars:
AIRFLOW_CTX_DAG_OWNER=airflow
AIRFLOW_CTX_DAG_ID=bash_operator_dag
AIRFLOW_CTX_TASK_ID=second_task
AIRFLOW_CTX_EXECUTION_DATE=2021-01-04T00:00:00+00:00
AIRFLOW_CTX_DAG_RUN_ID=scheduled__2021-01-04T00:00:00+00:00
[2021-04-25 00:43:36,647] {bash.py:135} INFO - Tmp dir root location: 
 /tmp
[2021-04-25 00:43:36,649] {bash.py:158} INFO - Running command: echo "testing second bash operator"
[2021-04-25 00:43:36,943] {bash.py:169} INFO - Output:
[2021-04-25 00:43:36,947] {bash.py:173} INFO - testing second bash operator
[2021-04-25 00:43:36,949] {bash.py:177} INFO - Command exited with return code 0
[2021-04-25 00:43:37,405] {taskinstance.py:1192} INFO - Marking task as SUCCESS. dag_id=bash_operator_dag, task_id=second_task, execution_date=20210104T000000, start_date=20210425T004334, end_date=20210425T004337
[2021-04-25 00:43:37,790] {taskinstance.py:1246} INFO - 0 downstream tasks scheduled from follow-on schedule check
[2021-04-25 00:43:37,875] {local_task_job.py:146} INFO - Task exited with return code 0
