[2021-04-24 23:02:22,445] {taskinstance.py:877} INFO - Dependencies all met for <TaskInstance: tutorial.sleep 2021-04-22T00:00:00+00:00 [queued]>
[2021-04-24 23:02:22,558] {taskinstance.py:877} INFO - Dependencies all met for <TaskInstance: tutorial.sleep 2021-04-22T00:00:00+00:00 [queued]>
[2021-04-24 23:02:22,559] {taskinstance.py:1068} INFO - 
--------------------------------------------------------------------------------
[2021-04-24 23:02:22,559] {taskinstance.py:1069} INFO - Starting attempt 1 of 4
[2021-04-24 23:02:22,559] {taskinstance.py:1070} INFO - 
--------------------------------------------------------------------------------
[2021-04-24 23:02:22,716] {taskinstance.py:1089} INFO - Executing <Task(BashOperator): sleep> on 2021-04-22T00:00:00+00:00
[2021-04-24 23:02:22,788] {standard_task_runner.py:76} INFO - Running: ['airflow', 'tasks', 'run', 'tutorial', 'sleep', '2021-04-22T00:00:00+00:00', '--job-id', '48', '--pool', 'default_pool', '--raw', '--subdir', '/home/airflow/.local/lib/python3.6/site-packages/airflow/example_dags/tutorial.py', '--cfg-path', '/tmp/tmpeff5dywu', '--error-file', '/tmp/tmpbux47h9s']
[2021-04-24 23:02:22,797] {standard_task_runner.py:77} INFO - Job 48: Subtask sleep
[2021-04-24 23:02:22,753] {standard_task_runner.py:52} INFO - Started process 70 to run task
[2021-04-24 23:02:23,120] {logging_mixin.py:104} INFO - Running <TaskInstance: tutorial.sleep 2021-04-22T00:00:00+00:00 [running]> on host 4a00a306afdc
[2021-04-24 23:02:23,249] {taskinstance.py:1283} INFO - Exporting the following env vars:
AIRFLOW_CTX_DAG_EMAIL=airflow@example.com
AIRFLOW_CTX_DAG_OWNER=airflow
AIRFLOW_CTX_DAG_ID=tutorial
AIRFLOW_CTX_TASK_ID=sleep
AIRFLOW_CTX_EXECUTION_DATE=2021-04-22T00:00:00+00:00
AIRFLOW_CTX_DAG_RUN_ID=scheduled__2021-04-22T00:00:00+00:00
[2021-04-24 23:02:23,250] {bash.py:135} INFO - Tmp dir root location: 
 /tmp
[2021-04-24 23:02:23,256] {bash.py:158} INFO - Running command: sleep 5
[2021-04-24 23:02:23,276] {bash.py:169} INFO - Output:
[2021-04-24 23:02:28,282] {bash.py:177} INFO - Command exited with return code 0
[2021-04-24 23:02:28,333] {taskinstance.py:1192} INFO - Marking task as SUCCESS. dag_id=tutorial, task_id=sleep, execution_date=20210422T000000, start_date=20210424T230222, end_date=20210424T230228
[2021-04-24 23:02:28,398] {taskinstance.py:1246} INFO - 0 downstream tasks scheduled from follow-on schedule check
[2021-04-24 23:02:28,439] {local_task_job.py:146} INFO - Task exited with return code 0
