[2021-04-25 00:05:13,427] {taskinstance.py:877} INFO - Dependencies all met for <TaskInstance: bash_operator_dag.first_task 2021-03-07T00:00:00+00:00 [queued]>
[2021-04-25 00:05:13,497] {taskinstance.py:877} INFO - Dependencies all met for <TaskInstance: bash_operator_dag.first_task 2021-03-07T00:00:00+00:00 [queued]>
[2021-04-25 00:05:13,497] {taskinstance.py:1068} INFO - 
--------------------------------------------------------------------------------
[2021-04-25 00:05:13,498] {taskinstance.py:1069} INFO - Starting attempt 1 of 3
[2021-04-25 00:05:13,498] {taskinstance.py:1070} INFO - 
--------------------------------------------------------------------------------
[2021-04-25 00:05:13,566] {taskinstance.py:1089} INFO - Executing <Task(BashOperator): first_task> on 2021-03-07T00:00:00+00:00
[2021-04-25 00:05:13,579] {standard_task_runner.py:52} INFO - Started process 1118 to run task
[2021-04-25 00:05:13,599] {standard_task_runner.py:76} INFO - Running: ['airflow', 'tasks', 'run', 'bash_operator_dag', 'first_task', '2021-03-07T00:00:00+00:00', '--job-id', '406', '--pool', 'default_pool', '--raw', '--subdir', 'DAGS_FOLDER/simple_bash_operator_dag.py', '--cfg-path', '/tmp/tmpwe4lg40q', '--error-file', '/tmp/tmp6c4wh1rs']
[2021-04-25 00:05:13,600] {standard_task_runner.py:77} INFO - Job 406: Subtask first_task
[2021-04-25 00:05:13,762] {logging_mixin.py:104} INFO - Running <TaskInstance: bash_operator_dag.first_task 2021-03-07T00:00:00+00:00 [running]> on host 4a00a306afdc
[2021-04-25 00:05:13,902] {taskinstance.py:1283} INFO - Exporting the following env vars:
AIRFLOW_CTX_DAG_OWNER=airflow
AIRFLOW_CTX_DAG_ID=bash_operator_dag
AIRFLOW_CTX_TASK_ID=first_task
AIRFLOW_CTX_EXECUTION_DATE=2021-03-07T00:00:00+00:00
AIRFLOW_CTX_DAG_RUN_ID=scheduled__2021-03-07T00:00:00+00:00
[2021-04-25 00:05:13,904] {bash.py:135} INFO - Tmp dir root location: 
 /tmp
[2021-04-25 00:05:13,907] {bash.py:158} INFO - Running command: echo "testing first bash operator"
[2021-04-25 00:05:13,933] {bash.py:169} INFO - Output:
[2021-04-25 00:05:13,937] {bash.py:173} INFO - testing first bash operator
[2021-04-25 00:05:13,938] {bash.py:177} INFO - Command exited with return code 0
[2021-04-25 00:05:14,035] {taskinstance.py:1192} INFO - Marking task as SUCCESS. dag_id=bash_operator_dag, task_id=first_task, execution_date=20210307T000000, start_date=20210425T000513, end_date=20210425T000514
[2021-04-25 00:05:14,202] {taskinstance.py:1246} INFO - 1 downstream tasks scheduled from follow-on schedule check
[2021-04-25 00:05:14,221] {local_task_job.py:146} INFO - Task exited with return code 0
[2021-04-25 00:08:17,979] {taskinstance.py:877} INFO - Dependencies all met for <TaskInstance: bash_operator_dag.first_task 2021-03-07T00:00:00+00:00 [queued]>
[2021-04-25 00:08:18,012] {taskinstance.py:877} INFO - Dependencies all met for <TaskInstance: bash_operator_dag.first_task 2021-03-07T00:00:00+00:00 [queued]>
[2021-04-25 00:08:18,013] {taskinstance.py:1068} INFO - 
--------------------------------------------------------------------------------
[2021-04-25 00:08:18,013] {taskinstance.py:1069} INFO - Starting attempt 1 of 3
[2021-04-25 00:08:18,013] {taskinstance.py:1070} INFO - 
--------------------------------------------------------------------------------
[2021-04-25 00:08:18,057] {taskinstance.py:1089} INFO - Executing <Task(BashOperator): first_task> on 2021-03-07T00:00:00+00:00
[2021-04-25 00:08:18,066] {standard_task_runner.py:52} INFO - Started process 1680 to run task
[2021-04-25 00:08:18,101] {standard_task_runner.py:76} INFO - Running: ['airflow', 'tasks', 'run', 'bash_operator_dag', 'first_task', '2021-03-07T00:00:00+00:00', '--job-id', '595', '--pool', 'default_pool', '--raw', '--subdir', 'DAGS_FOLDER/simple_bash_operator_dag.py', '--cfg-path', '/tmp/tmp6s7xasjs', '--error-file', '/tmp/tmpbfa8g68n']
[2021-04-25 00:08:18,102] {standard_task_runner.py:77} INFO - Job 595: Subtask first_task
[2021-04-25 00:08:18,258] {logging_mixin.py:104} INFO - Running <TaskInstance: bash_operator_dag.first_task 2021-03-07T00:00:00+00:00 [running]> on host 4a00a306afdc
[2021-04-25 00:08:18,419] {taskinstance.py:1283} INFO - Exporting the following env vars:
AIRFLOW_CTX_DAG_OWNER=airflow
AIRFLOW_CTX_DAG_ID=bash_operator_dag
AIRFLOW_CTX_TASK_ID=first_task
AIRFLOW_CTX_EXECUTION_DATE=2021-03-07T00:00:00+00:00
AIRFLOW_CTX_DAG_RUN_ID=scheduled__2021-03-07T00:00:00+00:00
[2021-04-25 00:08:18,421] {bash.py:135} INFO - Tmp dir root location: 
 /tmp
[2021-04-25 00:08:18,423] {bash.py:158} INFO - Running command: echo "testing first bash operator"
[2021-04-25 00:08:18,444] {bash.py:169} INFO - Output:
[2021-04-25 00:08:18,452] {bash.py:173} INFO - testing first bash operator
[2021-04-25 00:08:18,454] {bash.py:177} INFO - Command exited with return code 0
[2021-04-25 00:08:18,534] {taskinstance.py:1192} INFO - Marking task as SUCCESS. dag_id=bash_operator_dag, task_id=first_task, execution_date=20210307T000000, start_date=20210425T000817, end_date=20210425T000818
[2021-04-25 00:08:18,628] {taskinstance.py:1246} INFO - 1 downstream tasks scheduled from follow-on schedule check
[2021-04-25 00:08:18,689] {local_task_job.py:146} INFO - Task exited with return code 0
