[2021-04-25 00:05:19,450] {taskinstance.py:877} INFO - Dependencies all met for <TaskInstance: bash_operator_dag.first_task 2021-03-13T00:00:00+00:00 [queued]>
[2021-04-25 00:05:19,495] {taskinstance.py:877} INFO - Dependencies all met for <TaskInstance: bash_operator_dag.first_task 2021-03-13T00:00:00+00:00 [queued]>
[2021-04-25 00:05:19,496] {taskinstance.py:1068} INFO - 
--------------------------------------------------------------------------------
[2021-04-25 00:05:19,496] {taskinstance.py:1069} INFO - Starting attempt 1 of 1
[2021-04-25 00:05:19,496] {taskinstance.py:1070} INFO - 
--------------------------------------------------------------------------------
[2021-04-25 00:05:19,536] {taskinstance.py:1089} INFO - Executing <Task(BashOperator): first_task> on 2021-03-13T00:00:00+00:00
[2021-04-25 00:05:19,546] {standard_task_runner.py:52} INFO - Started process 1153 to run task
[2021-04-25 00:05:19,573] {standard_task_runner.py:76} INFO - Running: ['airflow', 'tasks', 'run', 'bash_operator_dag', 'first_task', '2021-03-13T00:00:00+00:00', '--job-id', '418', '--pool', 'default_pool', '--raw', '--subdir', 'DAGS_FOLDER/simple_bash_operator_dag.py', '--cfg-path', '/tmp/tmp1pdhxwx_', '--error-file', '/tmp/tmpnyqx_lr6']
[2021-04-25 00:05:19,594] {standard_task_runner.py:77} INFO - Job 418: Subtask first_task
[2021-04-25 00:05:19,698] {logging_mixin.py:104} INFO - Running <TaskInstance: bash_operator_dag.first_task 2021-03-13T00:00:00+00:00 [running]> on host 4a00a306afdc
[2021-04-25 00:05:19,789] {taskinstance.py:1283} INFO - Exporting the following env vars:
AIRFLOW_CTX_DAG_OWNER=airflow
AIRFLOW_CTX_DAG_ID=bash_operator_dag
AIRFLOW_CTX_TASK_ID=first_task
AIRFLOW_CTX_EXECUTION_DATE=2021-03-13T00:00:00+00:00
AIRFLOW_CTX_DAG_RUN_ID=scheduled__2021-03-13T00:00:00+00:00
[2021-04-25 00:05:19,790] {bash.py:135} INFO - Tmp dir root location: 
 /tmp
[2021-04-25 00:05:19,792] {bash.py:158} INFO - Running command: echo "testing first bash operator"
[2021-04-25 00:05:19,811] {bash.py:169} INFO - Output:
[2021-04-25 00:05:19,814] {bash.py:173} INFO - testing first bash operator
[2021-04-25 00:05:19,815] {bash.py:177} INFO - Command exited with return code 0
[2021-04-25 00:05:19,899] {taskinstance.py:1192} INFO - Marking task as SUCCESS. dag_id=bash_operator_dag, task_id=first_task, execution_date=20210313T000000, start_date=20210425T000519, end_date=20210425T000519
[2021-04-25 00:05:20,022] {taskinstance.py:1246} INFO - 1 downstream tasks scheduled from follow-on schedule check
[2021-04-25 00:05:20,069] {local_task_job.py:146} INFO - Task exited with return code 0
[2021-04-25 00:08:24,285] {taskinstance.py:877} INFO - Dependencies all met for <TaskInstance: bash_operator_dag.first_task 2021-03-13T00:00:00+00:00 [queued]>
[2021-04-25 00:08:24,321] {taskinstance.py:877} INFO - Dependencies all met for <TaskInstance: bash_operator_dag.first_task 2021-03-13T00:00:00+00:00 [queued]>
[2021-04-25 00:08:24,322] {taskinstance.py:1068} INFO - 
--------------------------------------------------------------------------------
[2021-04-25 00:08:24,323] {taskinstance.py:1069} INFO - Starting attempt 1 of 3
[2021-04-25 00:08:24,324] {taskinstance.py:1070} INFO - 
--------------------------------------------------------------------------------
[2021-04-25 00:08:24,382] {taskinstance.py:1089} INFO - Executing <Task(BashOperator): first_task> on 2021-03-13T00:00:00+00:00
[2021-04-25 00:08:24,400] {standard_task_runner.py:52} INFO - Started process 1715 to run task
[2021-04-25 00:08:24,431] {standard_task_runner.py:76} INFO - Running: ['airflow', 'tasks', 'run', 'bash_operator_dag', 'first_task', '2021-03-13T00:00:00+00:00', '--job-id', '606', '--pool', 'default_pool', '--raw', '--subdir', 'DAGS_FOLDER/simple_bash_operator_dag.py', '--cfg-path', '/tmp/tmp5r3h0crd', '--error-file', '/tmp/tmpeebr45gd']
[2021-04-25 00:08:24,432] {standard_task_runner.py:77} INFO - Job 606: Subtask first_task
[2021-04-25 00:08:24,583] {logging_mixin.py:104} INFO - Running <TaskInstance: bash_operator_dag.first_task 2021-03-13T00:00:00+00:00 [running]> on host 4a00a306afdc
[2021-04-25 00:08:24,713] {taskinstance.py:1283} INFO - Exporting the following env vars:
AIRFLOW_CTX_DAG_OWNER=airflow
AIRFLOW_CTX_DAG_ID=bash_operator_dag
AIRFLOW_CTX_TASK_ID=first_task
AIRFLOW_CTX_EXECUTION_DATE=2021-03-13T00:00:00+00:00
AIRFLOW_CTX_DAG_RUN_ID=scheduled__2021-03-13T00:00:00+00:00
[2021-04-25 00:08:24,715] {bash.py:135} INFO - Tmp dir root location: 
 /tmp
[2021-04-25 00:08:24,717] {bash.py:158} INFO - Running command: echo "testing first bash operator"
[2021-04-25 00:08:24,747] {bash.py:169} INFO - Output:
[2021-04-25 00:08:24,751] {bash.py:173} INFO - testing first bash operator
[2021-04-25 00:08:24,752] {bash.py:177} INFO - Command exited with return code 0
[2021-04-25 00:08:24,841] {taskinstance.py:1192} INFO - Marking task as SUCCESS. dag_id=bash_operator_dag, task_id=first_task, execution_date=20210313T000000, start_date=20210425T000824, end_date=20210425T000824
[2021-04-25 00:08:24,964] {taskinstance.py:1246} INFO - 1 downstream tasks scheduled from follow-on schedule check
[2021-04-25 00:08:25,023] {local_task_job.py:146} INFO - Task exited with return code 0
