[2021-05-01 05:33:12,134] {scheduler_job.py:182} INFO - Started process (PID=1022) to work on /opt/airflow/dags/python_operator/branch_python_operator.py
[2021-05-01 05:33:12,136] {scheduler_job.py:629} INFO - Processing file /opt/airflow/dags/python_operator/branch_python_operator.py for tasks to queue
[2021-05-01 05:33:12,137] {logging_mixin.py:104} INFO - [2021-05-01 05:33:12,137] {dagbag.py:451} INFO - Filling up the DagBag from /opt/airflow/dags/python_operator/branch_python_operator.py
[2021-05-01 05:33:12,196] {logging_mixin.py:104} WARNING - /home/airflow/.local/lib/python3.6/site-packages/airflow/utils/decorators.py:94 DeprecationWarning: provide_context is deprecated as of 2.0 and is no longer required
[2021-05-01 05:33:12,205] {scheduler_job.py:639} INFO - DAG(s) dict_keys(['branch_python_operator']) retrieved from /opt/airflow/dags/python_operator/branch_python_operator.py
[2021-05-01 05:33:12,235] {logging_mixin.py:104} INFO - [2021-05-01 05:33:12,235] {dag.py:1824} INFO - Sync 1 DAGs
[2021-05-01 05:33:12,246] {logging_mixin.py:104} INFO - [2021-05-01 05:33:12,246] {dag.py:1843} INFO - Creating ORM DAG for branch_python_operator
[2021-05-01 05:33:12,270] {logging_mixin.py:104} INFO - [2021-05-01 05:33:12,270] {dag.py:2280} INFO - Setting next_dagrun for branch_python_operator to 2021-04-30 00:00:00+00:00
[2021-05-01 05:33:12,290] {scheduler_job.py:190} INFO - Processing /opt/airflow/dags/python_operator/branch_python_operator.py took 0.159 seconds
[2021-05-01 05:33:42,862] {scheduler_job.py:182} INFO - Started process (PID=1055) to work on /opt/airflow/dags/python_operator/branch_python_operator.py
[2021-05-01 05:33:42,864] {scheduler_job.py:629} INFO - Processing file /opt/airflow/dags/python_operator/branch_python_operator.py for tasks to queue
[2021-05-01 05:33:42,865] {logging_mixin.py:104} INFO - [2021-05-01 05:33:42,864] {dagbag.py:451} INFO - Filling up the DagBag from /opt/airflow/dags/python_operator/branch_python_operator.py
[2021-05-01 05:33:42,928] {logging_mixin.py:104} WARNING - /home/airflow/.local/lib/python3.6/site-packages/airflow/utils/decorators.py:94 DeprecationWarning: provide_context is deprecated as of 2.0 and is no longer required
[2021-05-01 05:33:42,935] {scheduler_job.py:639} INFO - DAG(s) dict_keys(['branch_python_operator']) retrieved from /opt/airflow/dags/python_operator/branch_python_operator.py
[2021-05-01 05:33:42,961] {logging_mixin.py:104} INFO - [2021-05-01 05:33:42,961] {dag.py:1824} INFO - Sync 1 DAGs
[2021-05-01 05:33:42,988] {logging_mixin.py:104} INFO - [2021-05-01 05:33:42,988] {dag.py:2280} INFO - Setting next_dagrun for branch_python_operator to 2021-04-30 00:00:00+00:00
[2021-05-01 05:33:43,002] {scheduler_job.py:190} INFO - Processing /opt/airflow/dags/python_operator/branch_python_operator.py took 0.144 seconds
[2021-05-01 05:34:13,448] {scheduler_job.py:182} INFO - Started process (PID=1088) to work on /opt/airflow/dags/python_operator/branch_python_operator.py
[2021-05-01 05:34:13,450] {scheduler_job.py:629} INFO - Processing file /opt/airflow/dags/python_operator/branch_python_operator.py for tasks to queue
[2021-05-01 05:34:13,451] {logging_mixin.py:104} INFO - [2021-05-01 05:34:13,451] {dagbag.py:451} INFO - Filling up the DagBag from /opt/airflow/dags/python_operator/branch_python_operator.py
[2021-05-01 05:34:13,501] {logging_mixin.py:104} WARNING - /home/airflow/.local/lib/python3.6/site-packages/airflow/utils/decorators.py:94 DeprecationWarning: provide_context is deprecated as of 2.0 and is no longer required
[2021-05-01 05:34:13,507] {scheduler_job.py:639} INFO - DAG(s) dict_keys(['branch_python_operator']) retrieved from /opt/airflow/dags/python_operator/branch_python_operator.py
[2021-05-01 05:34:13,530] {logging_mixin.py:104} INFO - [2021-05-01 05:34:13,530] {dag.py:1824} INFO - Sync 1 DAGs
[2021-05-01 05:34:13,554] {logging_mixin.py:104} INFO - [2021-05-01 05:34:13,554] {dag.py:2280} INFO - Setting next_dagrun for branch_python_operator to 2021-04-30 00:00:00+00:00
[2021-05-01 05:34:13,567] {scheduler_job.py:190} INFO - Processing /opt/airflow/dags/python_operator/branch_python_operator.py took 0.123 seconds
[2021-05-01 05:34:44,000] {scheduler_job.py:182} INFO - Started process (PID=1121) to work on /opt/airflow/dags/python_operator/branch_python_operator.py
[2021-05-01 05:34:44,002] {scheduler_job.py:629} INFO - Processing file /opt/airflow/dags/python_operator/branch_python_operator.py for tasks to queue
[2021-05-01 05:34:44,003] {logging_mixin.py:104} INFO - [2021-05-01 05:34:44,003] {dagbag.py:451} INFO - Filling up the DagBag from /opt/airflow/dags/python_operator/branch_python_operator.py
[2021-05-01 05:34:44,068] {logging_mixin.py:104} WARNING - /home/airflow/.local/lib/python3.6/site-packages/airflow/utils/decorators.py:94 DeprecationWarning: provide_context is deprecated as of 2.0 and is no longer required
[2021-05-01 05:34:44,074] {scheduler_job.py:639} INFO - DAG(s) dict_keys(['branch_python_operator']) retrieved from /opt/airflow/dags/python_operator/branch_python_operator.py
[2021-05-01 05:34:44,103] {logging_mixin.py:104} INFO - [2021-05-01 05:34:44,102] {dag.py:1824} INFO - Sync 1 DAGs
[2021-05-01 05:34:44,132] {logging_mixin.py:104} INFO - [2021-05-01 05:34:44,131] {dag.py:2280} INFO - Setting next_dagrun for branch_python_operator to 2021-04-30 00:00:00+00:00
[2021-05-01 05:34:44,147] {scheduler_job.py:190} INFO - Processing /opt/airflow/dags/python_operator/branch_python_operator.py took 0.151 seconds
[2021-05-01 05:35:14,895] {scheduler_job.py:182} INFO - Started process (PID=1154) to work on /opt/airflow/dags/python_operator/branch_python_operator.py
[2021-05-01 05:35:14,900] {scheduler_job.py:629} INFO - Processing file /opt/airflow/dags/python_operator/branch_python_operator.py for tasks to queue
[2021-05-01 05:35:14,901] {logging_mixin.py:104} INFO - [2021-05-01 05:35:14,901] {dagbag.py:451} INFO - Filling up the DagBag from /opt/airflow/dags/python_operator/branch_python_operator.py
[2021-05-01 05:35:14,969] {logging_mixin.py:104} WARNING - /home/airflow/.local/lib/python3.6/site-packages/airflow/utils/decorators.py:94 DeprecationWarning: provide_context is deprecated as of 2.0 and is no longer required
[2021-05-01 05:35:14,976] {scheduler_job.py:639} INFO - DAG(s) dict_keys(['branch_python_operator']) retrieved from /opt/airflow/dags/python_operator/branch_python_operator.py
[2021-05-01 05:35:15,017] {logging_mixin.py:104} INFO - [2021-05-01 05:35:15,017] {dag.py:1824} INFO - Sync 1 DAGs
[2021-05-01 05:35:15,059] {logging_mixin.py:104} INFO - [2021-05-01 05:35:15,059] {dag.py:2280} INFO - Setting next_dagrun for branch_python_operator to 2021-05-01 00:00:00+00:00
[2021-05-01 05:35:15,078] {scheduler_job.py:190} INFO - Processing /opt/airflow/dags/python_operator/branch_python_operator.py took 0.186 seconds
[2021-05-01 05:35:45,547] {scheduler_job.py:182} INFO - Started process (PID=1187) to work on /opt/airflow/dags/python_operator/branch_python_operator.py
[2021-05-01 05:35:45,549] {scheduler_job.py:629} INFO - Processing file /opt/airflow/dags/python_operator/branch_python_operator.py for tasks to queue
[2021-05-01 05:35:45,550] {logging_mixin.py:104} INFO - [2021-05-01 05:35:45,550] {dagbag.py:451} INFO - Filling up the DagBag from /opt/airflow/dags/python_operator/branch_python_operator.py
[2021-05-01 05:35:45,626] {logging_mixin.py:104} WARNING - /home/airflow/.local/lib/python3.6/site-packages/airflow/utils/decorators.py:94 DeprecationWarning: provide_context is deprecated as of 2.0 and is no longer required
[2021-05-01 05:35:45,638] {scheduler_job.py:639} INFO - DAG(s) dict_keys(['branch_python_operator']) retrieved from /opt/airflow/dags/python_operator/branch_python_operator.py
[2021-05-01 05:35:45,671] {logging_mixin.py:104} INFO - [2021-05-01 05:35:45,671] {dag.py:1824} INFO - Sync 1 DAGs
[2021-05-01 05:35:45,707] {logging_mixin.py:104} INFO - [2021-05-01 05:35:45,707] {dag.py:2280} INFO - Setting next_dagrun for branch_python_operator to 2021-05-01 00:00:00+00:00
[2021-05-01 05:35:45,726] {scheduler_job.py:190} INFO - Processing /opt/airflow/dags/python_operator/branch_python_operator.py took 0.184 seconds
[2021-05-01 05:36:16,179] {scheduler_job.py:182} INFO - Started process (PID=1220) to work on /opt/airflow/dags/python_operator/branch_python_operator.py
[2021-05-01 05:36:16,180] {scheduler_job.py:629} INFO - Processing file /opt/airflow/dags/python_operator/branch_python_operator.py for tasks to queue
[2021-05-01 05:36:16,181] {logging_mixin.py:104} INFO - [2021-05-01 05:36:16,181] {dagbag.py:451} INFO - Filling up the DagBag from /opt/airflow/dags/python_operator/branch_python_operator.py
[2021-05-01 05:36:16,250] {logging_mixin.py:104} WARNING - /home/airflow/.local/lib/python3.6/site-packages/airflow/utils/decorators.py:94 DeprecationWarning: provide_context is deprecated as of 2.0 and is no longer required
[2021-05-01 05:36:16,257] {scheduler_job.py:639} INFO - DAG(s) dict_keys(['branch_python_operator']) retrieved from /opt/airflow/dags/python_operator/branch_python_operator.py
[2021-05-01 05:36:16,285] {logging_mixin.py:104} INFO - [2021-05-01 05:36:16,285] {dag.py:1824} INFO - Sync 1 DAGs
[2021-05-01 05:36:16,310] {logging_mixin.py:104} INFO - [2021-05-01 05:36:16,309] {dag.py:2280} INFO - Setting next_dagrun for branch_python_operator to 2021-05-01 00:00:00+00:00
[2021-05-01 05:36:16,322] {scheduler_job.py:190} INFO - Processing /opt/airflow/dags/python_operator/branch_python_operator.py took 0.147 seconds
[2021-05-01 05:36:46,806] {scheduler_job.py:182} INFO - Started process (PID=1253) to work on /opt/airflow/dags/python_operator/branch_python_operator.py
[2021-05-01 05:36:46,807] {scheduler_job.py:629} INFO - Processing file /opt/airflow/dags/python_operator/branch_python_operator.py for tasks to queue
[2021-05-01 05:36:46,809] {logging_mixin.py:104} INFO - [2021-05-01 05:36:46,808] {dagbag.py:451} INFO - Filling up the DagBag from /opt/airflow/dags/python_operator/branch_python_operator.py
[2021-05-01 05:36:46,870] {logging_mixin.py:104} WARNING - /home/airflow/.local/lib/python3.6/site-packages/airflow/utils/decorators.py:94 DeprecationWarning: provide_context is deprecated as of 2.0 and is no longer required
[2021-05-01 05:36:46,879] {scheduler_job.py:639} INFO - DAG(s) dict_keys(['branch_python_operator']) retrieved from /opt/airflow/dags/python_operator/branch_python_operator.py
[2021-05-01 05:36:46,904] {logging_mixin.py:104} INFO - [2021-05-01 05:36:46,904] {dag.py:1824} INFO - Sync 1 DAGs
[2021-05-01 05:36:46,936] {logging_mixin.py:104} INFO - [2021-05-01 05:36:46,936] {dag.py:2280} INFO - Setting next_dagrun for branch_python_operator to 2021-05-01 00:00:00+00:00
[2021-05-01 05:36:46,951] {scheduler_job.py:190} INFO - Processing /opt/airflow/dags/python_operator/branch_python_operator.py took 0.148 seconds
[2021-05-01 05:37:17,414] {scheduler_job.py:182} INFO - Started process (PID=1286) to work on /opt/airflow/dags/python_operator/branch_python_operator.py
[2021-05-01 05:37:17,415] {scheduler_job.py:629} INFO - Processing file /opt/airflow/dags/python_operator/branch_python_operator.py for tasks to queue
[2021-05-01 05:37:17,416] {logging_mixin.py:104} INFO - [2021-05-01 05:37:17,416] {dagbag.py:451} INFO - Filling up the DagBag from /opt/airflow/dags/python_operator/branch_python_operator.py
[2021-05-01 05:37:17,463] {logging_mixin.py:104} WARNING - /home/airflow/.local/lib/python3.6/site-packages/airflow/utils/decorators.py:94 DeprecationWarning: provide_context is deprecated as of 2.0 and is no longer required
[2021-05-01 05:37:17,469] {scheduler_job.py:639} INFO - DAG(s) dict_keys(['branch_python_operator']) retrieved from /opt/airflow/dags/python_operator/branch_python_operator.py
[2021-05-01 05:37:17,495] {logging_mixin.py:104} INFO - [2021-05-01 05:37:17,495] {dag.py:1824} INFO - Sync 1 DAGs
[2021-05-01 05:37:17,517] {logging_mixin.py:104} INFO - [2021-05-01 05:37:17,517] {dag.py:2280} INFO - Setting next_dagrun for branch_python_operator to 2021-05-01 00:00:00+00:00
[2021-05-01 05:37:17,533] {scheduler_job.py:190} INFO - Processing /opt/airflow/dags/python_operator/branch_python_operator.py took 0.122 seconds
[2021-05-01 05:37:47,836] {scheduler_job.py:182} INFO - Started process (PID=1319) to work on /opt/airflow/dags/python_operator/branch_python_operator.py
[2021-05-01 05:37:47,837] {scheduler_job.py:629} INFO - Processing file /opt/airflow/dags/python_operator/branch_python_operator.py for tasks to queue
[2021-05-01 05:37:47,838] {logging_mixin.py:104} INFO - [2021-05-01 05:37:47,838] {dagbag.py:451} INFO - Filling up the DagBag from /opt/airflow/dags/python_operator/branch_python_operator.py
[2021-05-01 05:37:47,890] {logging_mixin.py:104} WARNING - /home/airflow/.local/lib/python3.6/site-packages/airflow/utils/decorators.py:94 DeprecationWarning: provide_context is deprecated as of 2.0 and is no longer required
[2021-05-01 05:37:47,896] {scheduler_job.py:639} INFO - DAG(s) dict_keys(['branch_python_operator']) retrieved from /opt/airflow/dags/python_operator/branch_python_operator.py
[2021-05-01 05:37:47,921] {logging_mixin.py:104} INFO - [2021-05-01 05:37:47,921] {dag.py:1824} INFO - Sync 1 DAGs
[2021-05-01 05:37:47,943] {logging_mixin.py:104} INFO - [2021-05-01 05:37:47,943] {dag.py:2280} INFO - Setting next_dagrun for branch_python_operator to 2021-05-01 00:00:00+00:00
[2021-05-01 05:37:47,956] {scheduler_job.py:190} INFO - Processing /opt/airflow/dags/python_operator/branch_python_operator.py took 0.123 seconds
[2021-05-01 05:38:18,344] {scheduler_job.py:182} INFO - Started process (PID=1352) to work on /opt/airflow/dags/python_operator/branch_python_operator.py
[2021-05-01 05:38:18,345] {scheduler_job.py:629} INFO - Processing file /opt/airflow/dags/python_operator/branch_python_operator.py for tasks to queue
[2021-05-01 05:38:18,347] {logging_mixin.py:104} INFO - [2021-05-01 05:38:18,347] {dagbag.py:451} INFO - Filling up the DagBag from /opt/airflow/dags/python_operator/branch_python_operator.py
[2021-05-01 05:38:18,396] {logging_mixin.py:104} WARNING - /home/airflow/.local/lib/python3.6/site-packages/airflow/utils/decorators.py:94 DeprecationWarning: provide_context is deprecated as of 2.0 and is no longer required
[2021-05-01 05:38:18,402] {scheduler_job.py:639} INFO - DAG(s) dict_keys(['branch_python_operator']) retrieved from /opt/airflow/dags/python_operator/branch_python_operator.py
[2021-05-01 05:38:18,428] {logging_mixin.py:104} INFO - [2021-05-01 05:38:18,428] {dag.py:1824} INFO - Sync 1 DAGs
[2021-05-01 05:38:18,449] {logging_mixin.py:104} INFO - [2021-05-01 05:38:18,449] {dag.py:2280} INFO - Setting next_dagrun for branch_python_operator to 2021-05-01 00:00:00+00:00
[2021-05-01 05:38:18,463] {scheduler_job.py:190} INFO - Processing /opt/airflow/dags/python_operator/branch_python_operator.py took 0.122 seconds
[2021-05-01 05:38:48,940] {scheduler_job.py:182} INFO - Started process (PID=1385) to work on /opt/airflow/dags/python_operator/branch_python_operator.py
[2021-05-01 05:38:48,942] {scheduler_job.py:629} INFO - Processing file /opt/airflow/dags/python_operator/branch_python_operator.py for tasks to queue
[2021-05-01 05:38:48,943] {logging_mixin.py:104} INFO - [2021-05-01 05:38:48,943] {dagbag.py:451} INFO - Filling up the DagBag from /opt/airflow/dags/python_operator/branch_python_operator.py
[2021-05-01 05:38:49,008] {logging_mixin.py:104} WARNING - /home/airflow/.local/lib/python3.6/site-packages/airflow/utils/decorators.py:94 DeprecationWarning: provide_context is deprecated as of 2.0 and is no longer required
[2021-05-01 05:38:49,016] {scheduler_job.py:639} INFO - DAG(s) dict_keys(['branch_python_operator']) retrieved from /opt/airflow/dags/python_operator/branch_python_operator.py
[2021-05-01 05:38:49,048] {logging_mixin.py:104} INFO - [2021-05-01 05:38:49,048] {dag.py:1824} INFO - Sync 1 DAGs
[2021-05-01 05:38:49,078] {logging_mixin.py:104} INFO - [2021-05-01 05:38:49,078] {dag.py:2280} INFO - Setting next_dagrun for branch_python_operator to 2021-05-01 00:00:00+00:00
[2021-05-01 05:38:49,092] {scheduler_job.py:190} INFO - Processing /opt/airflow/dags/python_operator/branch_python_operator.py took 0.156 seconds
[2021-05-01 05:39:19,716] {scheduler_job.py:182} INFO - Started process (PID=1418) to work on /opt/airflow/dags/python_operator/branch_python_operator.py
[2021-05-01 05:39:19,718] {scheduler_job.py:629} INFO - Processing file /opt/airflow/dags/python_operator/branch_python_operator.py for tasks to queue
[2021-05-01 05:39:19,719] {logging_mixin.py:104} INFO - [2021-05-01 05:39:19,719] {dagbag.py:451} INFO - Filling up the DagBag from /opt/airflow/dags/python_operator/branch_python_operator.py
[2021-05-01 05:39:19,793] {logging_mixin.py:104} WARNING - /home/airflow/.local/lib/python3.6/site-packages/airflow/utils/decorators.py:94 DeprecationWarning: provide_context is deprecated as of 2.0 and is no longer required
[2021-05-01 05:39:19,801] {scheduler_job.py:639} INFO - DAG(s) dict_keys(['branch_python_operator']) retrieved from /opt/airflow/dags/python_operator/branch_python_operator.py
[2021-05-01 05:39:19,840] {logging_mixin.py:104} INFO - [2021-05-01 05:39:19,840] {dag.py:1824} INFO - Sync 1 DAGs
[2021-05-01 05:39:19,866] {logging_mixin.py:104} INFO - [2021-05-01 05:39:19,866] {dag.py:2280} INFO - Setting next_dagrun for branch_python_operator to 2021-05-01 00:00:00+00:00
[2021-05-01 05:39:19,887] {scheduler_job.py:190} INFO - Processing /opt/airflow/dags/python_operator/branch_python_operator.py took 0.174 seconds
[2021-05-01 05:39:50,495] {scheduler_job.py:182} INFO - Started process (PID=1451) to work on /opt/airflow/dags/python_operator/branch_python_operator.py
[2021-05-01 05:39:50,496] {scheduler_job.py:629} INFO - Processing file /opt/airflow/dags/python_operator/branch_python_operator.py for tasks to queue
[2021-05-01 05:39:50,497] {logging_mixin.py:104} INFO - [2021-05-01 05:39:50,497] {dagbag.py:451} INFO - Filling up the DagBag from /opt/airflow/dags/python_operator/branch_python_operator.py
[2021-05-01 05:39:50,570] {logging_mixin.py:104} WARNING - /home/airflow/.local/lib/python3.6/site-packages/airflow/utils/decorators.py:94 DeprecationWarning: provide_context is deprecated as of 2.0 and is no longer required
[2021-05-01 05:39:50,577] {scheduler_job.py:639} INFO - DAG(s) dict_keys(['branch_python_operator']) retrieved from /opt/airflow/dags/python_operator/branch_python_operator.py
[2021-05-01 05:39:50,612] {logging_mixin.py:104} INFO - [2021-05-01 05:39:50,612] {dag.py:1824} INFO - Sync 1 DAGs
[2021-05-01 05:39:50,643] {logging_mixin.py:104} INFO - [2021-05-01 05:39:50,643] {dag.py:2280} INFO - Setting next_dagrun for branch_python_operator to 2021-05-01 00:00:00+00:00
[2021-05-01 05:39:50,669] {scheduler_job.py:190} INFO - Processing /opt/airflow/dags/python_operator/branch_python_operator.py took 0.178 seconds
[2021-05-01 05:40:21,271] {scheduler_job.py:182} INFO - Started process (PID=1484) to work on /opt/airflow/dags/python_operator/branch_python_operator.py
[2021-05-01 05:40:21,273] {scheduler_job.py:629} INFO - Processing file /opt/airflow/dags/python_operator/branch_python_operator.py for tasks to queue
[2021-05-01 05:40:21,274] {logging_mixin.py:104} INFO - [2021-05-01 05:40:21,273] {dagbag.py:451} INFO - Filling up the DagBag from /opt/airflow/dags/python_operator/branch_python_operator.py
[2021-05-01 05:40:21,336] {logging_mixin.py:104} WARNING - /home/airflow/.local/lib/python3.6/site-packages/airflow/utils/decorators.py:94 DeprecationWarning: provide_context is deprecated as of 2.0 and is no longer required
[2021-05-01 05:40:21,344] {scheduler_job.py:639} INFO - DAG(s) dict_keys(['branch_python_operator']) retrieved from /opt/airflow/dags/python_operator/branch_python_operator.py
[2021-05-01 05:40:21,371] {logging_mixin.py:104} INFO - [2021-05-01 05:40:21,370] {dag.py:1824} INFO - Sync 1 DAGs
[2021-05-01 05:40:21,394] {logging_mixin.py:104} INFO - [2021-05-01 05:40:21,394] {dag.py:2280} INFO - Setting next_dagrun for branch_python_operator to 2021-05-01 00:00:00+00:00
[2021-05-01 05:40:21,409] {scheduler_job.py:190} INFO - Processing /opt/airflow/dags/python_operator/branch_python_operator.py took 0.141 seconds
[2021-05-01 05:40:51,976] {scheduler_job.py:182} INFO - Started process (PID=1517) to work on /opt/airflow/dags/python_operator/branch_python_operator.py
[2021-05-01 05:40:51,977] {scheduler_job.py:629} INFO - Processing file /opt/airflow/dags/python_operator/branch_python_operator.py for tasks to queue
[2021-05-01 05:40:51,978] {logging_mixin.py:104} INFO - [2021-05-01 05:40:51,978] {dagbag.py:451} INFO - Filling up the DagBag from /opt/airflow/dags/python_operator/branch_python_operator.py
[2021-05-01 05:40:52,044] {logging_mixin.py:104} WARNING - /home/airflow/.local/lib/python3.6/site-packages/airflow/utils/decorators.py:94 DeprecationWarning: provide_context is deprecated as of 2.0 and is no longer required
[2021-05-01 05:40:52,054] {scheduler_job.py:639} INFO - DAG(s) dict_keys(['branch_python_operator']) retrieved from /opt/airflow/dags/python_operator/branch_python_operator.py
[2021-05-01 05:40:52,086] {logging_mixin.py:104} INFO - [2021-05-01 05:40:52,086] {dag.py:1824} INFO - Sync 1 DAGs
[2021-05-01 05:40:52,111] {logging_mixin.py:104} INFO - [2021-05-01 05:40:52,111] {dag.py:2280} INFO - Setting next_dagrun for branch_python_operator to 2021-05-01 00:00:00+00:00
[2021-05-01 05:40:52,124] {scheduler_job.py:190} INFO - Processing /opt/airflow/dags/python_operator/branch_python_operator.py took 0.152 seconds
[2021-05-01 05:41:22,617] {scheduler_job.py:182} INFO - Started process (PID=1550) to work on /opt/airflow/dags/python_operator/branch_python_operator.py
[2021-05-01 05:41:22,619] {scheduler_job.py:629} INFO - Processing file /opt/airflow/dags/python_operator/branch_python_operator.py for tasks to queue
[2021-05-01 05:41:22,620] {logging_mixin.py:104} INFO - [2021-05-01 05:41:22,619] {dagbag.py:451} INFO - Filling up the DagBag from /opt/airflow/dags/python_operator/branch_python_operator.py
[2021-05-01 05:41:22,678] {logging_mixin.py:104} WARNING - /home/airflow/.local/lib/python3.6/site-packages/airflow/utils/decorators.py:94 DeprecationWarning: provide_context is deprecated as of 2.0 and is no longer required
[2021-05-01 05:41:22,684] {scheduler_job.py:639} INFO - DAG(s) dict_keys(['branch_python_operator']) retrieved from /opt/airflow/dags/python_operator/branch_python_operator.py
[2021-05-01 05:41:22,711] {logging_mixin.py:104} INFO - [2021-05-01 05:41:22,711] {dag.py:1824} INFO - Sync 1 DAGs
[2021-05-01 05:41:22,745] {logging_mixin.py:104} INFO - [2021-05-01 05:41:22,745] {dag.py:2280} INFO - Setting next_dagrun for branch_python_operator to 2021-05-01 00:00:00+00:00
[2021-05-01 05:41:22,762] {scheduler_job.py:190} INFO - Processing /opt/airflow/dags/python_operator/branch_python_operator.py took 0.151 seconds
[2021-05-01 05:41:53,345] {scheduler_job.py:182} INFO - Started process (PID=1583) to work on /opt/airflow/dags/python_operator/branch_python_operator.py
[2021-05-01 05:41:53,346] {scheduler_job.py:629} INFO - Processing file /opt/airflow/dags/python_operator/branch_python_operator.py for tasks to queue
[2021-05-01 05:41:53,348] {logging_mixin.py:104} INFO - [2021-05-01 05:41:53,348] {dagbag.py:451} INFO - Filling up the DagBag from /opt/airflow/dags/python_operator/branch_python_operator.py
[2021-05-01 05:41:53,406] {logging_mixin.py:104} WARNING - /home/airflow/.local/lib/python3.6/site-packages/airflow/utils/decorators.py:94 DeprecationWarning: provide_context is deprecated as of 2.0 and is no longer required
[2021-05-01 05:41:53,413] {scheduler_job.py:639} INFO - DAG(s) dict_keys(['branch_python_operator']) retrieved from /opt/airflow/dags/python_operator/branch_python_operator.py
[2021-05-01 05:41:53,437] {logging_mixin.py:104} INFO - [2021-05-01 05:41:53,437] {dag.py:1824} INFO - Sync 1 DAGs
[2021-05-01 05:41:53,462] {logging_mixin.py:104} INFO - [2021-05-01 05:41:53,462] {dag.py:2280} INFO - Setting next_dagrun for branch_python_operator to 2021-05-01 00:00:00+00:00
[2021-05-01 05:41:53,474] {scheduler_job.py:190} INFO - Processing /opt/airflow/dags/python_operator/branch_python_operator.py took 0.132 seconds
[2021-05-01 05:42:23,550] {scheduler_job.py:182} INFO - Started process (PID=1617) to work on /opt/airflow/dags/python_operator/branch_python_operator.py
[2021-05-01 05:42:23,551] {scheduler_job.py:629} INFO - Processing file /opt/airflow/dags/python_operator/branch_python_operator.py for tasks to queue
[2021-05-01 05:42:23,552] {logging_mixin.py:104} INFO - [2021-05-01 05:42:23,552] {dagbag.py:451} INFO - Filling up the DagBag from /opt/airflow/dags/python_operator/branch_python_operator.py
[2021-05-01 05:42:23,604] {logging_mixin.py:104} WARNING - /home/airflow/.local/lib/python3.6/site-packages/airflow/utils/decorators.py:94 DeprecationWarning: provide_context is deprecated as of 2.0 and is no longer required
[2021-05-01 05:42:23,611] {scheduler_job.py:639} INFO - DAG(s) dict_keys(['branch_python_operator']) retrieved from /opt/airflow/dags/python_operator/branch_python_operator.py
[2021-05-01 05:42:23,635] {logging_mixin.py:104} INFO - [2021-05-01 05:42:23,635] {dag.py:1824} INFO - Sync 1 DAGs
[2021-05-01 05:42:23,661] {logging_mixin.py:104} INFO - [2021-05-01 05:42:23,660] {dag.py:2280} INFO - Setting next_dagrun for branch_python_operator to 2021-05-01 00:00:00+00:00
[2021-05-01 05:42:23,676] {scheduler_job.py:190} INFO - Processing /opt/airflow/dags/python_operator/branch_python_operator.py took 0.128 seconds
[2021-05-01 05:42:54,026] {scheduler_job.py:182} INFO - Started process (PID=1649) to work on /opt/airflow/dags/python_operator/branch_python_operator.py
[2021-05-01 05:42:54,028] {scheduler_job.py:629} INFO - Processing file /opt/airflow/dags/python_operator/branch_python_operator.py for tasks to queue
[2021-05-01 05:42:54,028] {logging_mixin.py:104} INFO - [2021-05-01 05:42:54,028] {dagbag.py:451} INFO - Filling up the DagBag from /opt/airflow/dags/python_operator/branch_python_operator.py
[2021-05-01 05:42:54,085] {logging_mixin.py:104} WARNING - /home/airflow/.local/lib/python3.6/site-packages/airflow/utils/decorators.py:94 DeprecationWarning: provide_context is deprecated as of 2.0 and is no longer required
[2021-05-01 05:42:54,093] {scheduler_job.py:639} INFO - DAG(s) dict_keys(['branch_python_operator']) retrieved from /opt/airflow/dags/python_operator/branch_python_operator.py
[2021-05-01 05:42:54,119] {logging_mixin.py:104} INFO - [2021-05-01 05:42:54,119] {dag.py:1824} INFO - Sync 1 DAGs
[2021-05-01 05:42:54,146] {logging_mixin.py:104} INFO - [2021-05-01 05:42:54,145] {dag.py:2280} INFO - Setting next_dagrun for branch_python_operator to 2021-05-01 00:00:00+00:00
[2021-05-01 05:42:54,160] {scheduler_job.py:190} INFO - Processing /opt/airflow/dags/python_operator/branch_python_operator.py took 0.138 seconds
[2021-05-01 05:43:24,731] {scheduler_job.py:182} INFO - Started process (PID=1688) to work on /opt/airflow/dags/python_operator/branch_python_operator.py
[2021-05-01 05:43:24,733] {scheduler_job.py:629} INFO - Processing file /opt/airflow/dags/python_operator/branch_python_operator.py for tasks to queue
[2021-05-01 05:43:24,733] {logging_mixin.py:104} INFO - [2021-05-01 05:43:24,733] {dagbag.py:451} INFO - Filling up the DagBag from /opt/airflow/dags/python_operator/branch_python_operator.py
[2021-05-01 05:43:24,797] {logging_mixin.py:104} WARNING - /home/airflow/.local/lib/python3.6/site-packages/airflow/utils/decorators.py:94 DeprecationWarning: provide_context is deprecated as of 2.0 and is no longer required
[2021-05-01 05:43:24,804] {scheduler_job.py:639} INFO - DAG(s) dict_keys(['branch_python_operator']) retrieved from /opt/airflow/dags/python_operator/branch_python_operator.py
[2021-05-01 05:43:24,826] {logging_mixin.py:104} INFO - [2021-05-01 05:43:24,826] {dag.py:1824} INFO - Sync 1 DAGs
[2021-05-01 05:43:24,848] {logging_mixin.py:104} INFO - [2021-05-01 05:43:24,848] {dag.py:2280} INFO - Setting next_dagrun for branch_python_operator to 2021-05-01 00:00:00+00:00
[2021-05-01 05:43:24,860] {scheduler_job.py:190} INFO - Processing /opt/airflow/dags/python_operator/branch_python_operator.py took 0.132 seconds
[2021-05-01 05:43:54,991] {scheduler_job.py:182} INFO - Started process (PID=1722) to work on /opt/airflow/dags/python_operator/branch_python_operator.py
[2021-05-01 05:43:54,992] {scheduler_job.py:629} INFO - Processing file /opt/airflow/dags/python_operator/branch_python_operator.py for tasks to queue
[2021-05-01 05:43:54,993] {logging_mixin.py:104} INFO - [2021-05-01 05:43:54,993] {dagbag.py:451} INFO - Filling up the DagBag from /opt/airflow/dags/python_operator/branch_python_operator.py
[2021-05-01 05:43:55,063] {logging_mixin.py:104} WARNING - /home/airflow/.local/lib/python3.6/site-packages/airflow/utils/decorators.py:94 DeprecationWarning: provide_context is deprecated as of 2.0 and is no longer required
[2021-05-01 05:43:55,073] {scheduler_job.py:639} INFO - DAG(s) dict_keys(['branch_python_operator']) retrieved from /opt/airflow/dags/python_operator/branch_python_operator.py
[2021-05-01 05:43:55,100] {logging_mixin.py:104} INFO - [2021-05-01 05:43:55,100] {dag.py:1824} INFO - Sync 1 DAGs
[2021-05-01 05:43:55,126] {logging_mixin.py:104} INFO - [2021-05-01 05:43:55,126] {dag.py:2280} INFO - Setting next_dagrun for branch_python_operator to 2021-05-01 00:00:00+00:00
[2021-05-01 05:43:55,141] {scheduler_job.py:190} INFO - Processing /opt/airflow/dags/python_operator/branch_python_operator.py took 0.154 seconds
[2021-05-01 05:44:25,764] {scheduler_job.py:182} INFO - Started process (PID=1760) to work on /opt/airflow/dags/python_operator/branch_python_operator.py
[2021-05-01 05:44:25,765] {scheduler_job.py:629} INFO - Processing file /opt/airflow/dags/python_operator/branch_python_operator.py for tasks to queue
[2021-05-01 05:44:25,766] {logging_mixin.py:104} INFO - [2021-05-01 05:44:25,766] {dagbag.py:451} INFO - Filling up the DagBag from /opt/airflow/dags/python_operator/branch_python_operator.py
[2021-05-01 05:44:25,831] {logging_mixin.py:104} WARNING - /home/airflow/.local/lib/python3.6/site-packages/airflow/utils/decorators.py:94 DeprecationWarning: provide_context is deprecated as of 2.0 and is no longer required
[2021-05-01 05:44:25,839] {scheduler_job.py:639} INFO - DAG(s) dict_keys(['branch_python_operator']) retrieved from /opt/airflow/dags/python_operator/branch_python_operator.py
[2021-05-01 05:44:25,865] {logging_mixin.py:104} INFO - [2021-05-01 05:44:25,865] {dag.py:1824} INFO - Sync 1 DAGs
[2021-05-01 05:44:25,893] {logging_mixin.py:104} INFO - [2021-05-01 05:44:25,893] {dag.py:2280} INFO - Setting next_dagrun for branch_python_operator to 2021-05-01 00:00:00+00:00
[2021-05-01 05:44:25,907] {scheduler_job.py:190} INFO - Processing /opt/airflow/dags/python_operator/branch_python_operator.py took 0.147 seconds
[2021-05-01 05:44:56,640] {scheduler_job.py:182} INFO - Started process (PID=1793) to work on /opt/airflow/dags/python_operator/branch_python_operator.py
[2021-05-01 05:44:56,642] {scheduler_job.py:629} INFO - Processing file /opt/airflow/dags/python_operator/branch_python_operator.py for tasks to queue
[2021-05-01 05:44:56,644] {logging_mixin.py:104} INFO - [2021-05-01 05:44:56,644] {dagbag.py:451} INFO - Filling up the DagBag from /opt/airflow/dags/python_operator/branch_python_operator.py
[2021-05-01 05:44:56,772] {logging_mixin.py:104} WARNING - /home/airflow/.local/lib/python3.6/site-packages/airflow/utils/decorators.py:94 DeprecationWarning: provide_context is deprecated as of 2.0 and is no longer required
[2021-05-01 05:44:56,788] {scheduler_job.py:639} INFO - DAG(s) dict_keys(['branch_python_operator']) retrieved from /opt/airflow/dags/python_operator/branch_python_operator.py
[2021-05-01 05:44:56,871] {logging_mixin.py:104} INFO - [2021-05-01 05:44:56,869] {dag.py:1824} INFO - Sync 1 DAGs
[2021-05-01 05:44:56,944] {logging_mixin.py:104} INFO - [2021-05-01 05:44:56,943] {dag.py:2280} INFO - Setting next_dagrun for branch_python_operator to 2021-05-01 00:00:00+00:00
[2021-05-01 05:44:56,977] {scheduler_job.py:190} INFO - Processing /opt/airflow/dags/python_operator/branch_python_operator.py took 0.349 seconds
[2021-05-01 05:45:27,058] {scheduler_job.py:182} INFO - Started process (PID=1826) to work on /opt/airflow/dags/python_operator/branch_python_operator.py
[2021-05-01 05:45:27,060] {scheduler_job.py:629} INFO - Processing file /opt/airflow/dags/python_operator/branch_python_operator.py for tasks to queue
[2021-05-01 05:45:27,060] {logging_mixin.py:104} INFO - [2021-05-01 05:45:27,060] {dagbag.py:451} INFO - Filling up the DagBag from /opt/airflow/dags/python_operator/branch_python_operator.py
[2021-05-01 05:45:27,120] {logging_mixin.py:104} WARNING - /home/airflow/.local/lib/python3.6/site-packages/airflow/utils/decorators.py:94 DeprecationWarning: provide_context is deprecated as of 2.0 and is no longer required
[2021-05-01 05:45:27,127] {scheduler_job.py:639} INFO - DAG(s) dict_keys(['branch_python_operator']) retrieved from /opt/airflow/dags/python_operator/branch_python_operator.py
[2021-05-01 05:45:27,154] {logging_mixin.py:104} INFO - [2021-05-01 05:45:27,153] {dag.py:1824} INFO - Sync 1 DAGs
[2021-05-01 05:45:27,177] {logging_mixin.py:104} INFO - [2021-05-01 05:45:27,177] {dag.py:2280} INFO - Setting next_dagrun for branch_python_operator to 2021-05-01 00:00:00+00:00
[2021-05-01 05:45:27,192] {scheduler_job.py:190} INFO - Processing /opt/airflow/dags/python_operator/branch_python_operator.py took 0.138 seconds
[2021-05-01 05:45:57,634] {scheduler_job.py:182} INFO - Started process (PID=1859) to work on /opt/airflow/dags/python_operator/branch_python_operator.py
[2021-05-01 05:45:57,635] {scheduler_job.py:629} INFO - Processing file /opt/airflow/dags/python_operator/branch_python_operator.py for tasks to queue
[2021-05-01 05:45:57,636] {logging_mixin.py:104} INFO - [2021-05-01 05:45:57,636] {dagbag.py:451} INFO - Filling up the DagBag from /opt/airflow/dags/python_operator/branch_python_operator.py
[2021-05-01 05:45:57,693] {logging_mixin.py:104} WARNING - /home/airflow/.local/lib/python3.6/site-packages/airflow/utils/decorators.py:94 DeprecationWarning: provide_context is deprecated as of 2.0 and is no longer required
[2021-05-01 05:45:57,700] {scheduler_job.py:639} INFO - DAG(s) dict_keys(['branch_python_operator']) retrieved from /opt/airflow/dags/python_operator/branch_python_operator.py
[2021-05-01 05:45:57,728] {logging_mixin.py:104} INFO - [2021-05-01 05:45:57,728] {dag.py:1824} INFO - Sync 1 DAGs
[2021-05-01 05:45:57,754] {logging_mixin.py:104} INFO - [2021-05-01 05:45:57,754] {dag.py:2280} INFO - Setting next_dagrun for branch_python_operator to 2021-05-01 00:00:00+00:00
[2021-05-01 05:45:57,771] {scheduler_job.py:190} INFO - Processing /opt/airflow/dags/python_operator/branch_python_operator.py took 0.141 seconds
[2021-05-01 05:46:28,364] {scheduler_job.py:182} INFO - Started process (PID=1892) to work on /opt/airflow/dags/python_operator/branch_python_operator.py
[2021-05-01 05:46:28,367] {scheduler_job.py:629} INFO - Processing file /opt/airflow/dags/python_operator/branch_python_operator.py for tasks to queue
[2021-05-01 05:46:28,368] {logging_mixin.py:104} INFO - [2021-05-01 05:46:28,368] {dagbag.py:451} INFO - Filling up the DagBag from /opt/airflow/dags/python_operator/branch_python_operator.py
[2021-05-01 05:46:28,443] {logging_mixin.py:104} WARNING - /home/airflow/.local/lib/python3.6/site-packages/airflow/utils/decorators.py:94 DeprecationWarning: provide_context is deprecated as of 2.0 and is no longer required
[2021-05-01 05:46:28,451] {scheduler_job.py:639} INFO - DAG(s) dict_keys(['branch_python_operator']) retrieved from /opt/airflow/dags/python_operator/branch_python_operator.py
[2021-05-01 05:46:28,477] {logging_mixin.py:104} INFO - [2021-05-01 05:46:28,477] {dag.py:1824} INFO - Sync 1 DAGs
[2021-05-01 05:46:28,503] {logging_mixin.py:104} INFO - [2021-05-01 05:46:28,503] {dag.py:2280} INFO - Setting next_dagrun for branch_python_operator to 2021-05-01 00:00:00+00:00
[2021-05-01 05:46:28,522] {scheduler_job.py:190} INFO - Processing /opt/airflow/dags/python_operator/branch_python_operator.py took 0.163 seconds
[2021-05-01 05:46:59,121] {scheduler_job.py:182} INFO - Started process (PID=1925) to work on /opt/airflow/dags/python_operator/branch_python_operator.py
[2021-05-01 05:46:59,122] {scheduler_job.py:629} INFO - Processing file /opt/airflow/dags/python_operator/branch_python_operator.py for tasks to queue
[2021-05-01 05:46:59,123] {logging_mixin.py:104} INFO - [2021-05-01 05:46:59,122] {dagbag.py:451} INFO - Filling up the DagBag from /opt/airflow/dags/python_operator/branch_python_operator.py
[2021-05-01 05:46:59,177] {logging_mixin.py:104} WARNING - /home/airflow/.local/lib/python3.6/site-packages/airflow/utils/decorators.py:94 DeprecationWarning: provide_context is deprecated as of 2.0 and is no longer required
[2021-05-01 05:46:59,185] {scheduler_job.py:639} INFO - DAG(s) dict_keys(['branch_python_operator']) retrieved from /opt/airflow/dags/python_operator/branch_python_operator.py
[2021-05-01 05:46:59,224] {logging_mixin.py:104} INFO - [2021-05-01 05:46:59,224] {dag.py:1824} INFO - Sync 1 DAGs
[2021-05-01 05:46:59,251] {logging_mixin.py:104} INFO - [2021-05-01 05:46:59,251] {dag.py:2280} INFO - Setting next_dagrun for branch_python_operator to 2021-05-01 00:00:00+00:00
[2021-05-01 05:46:59,265] {scheduler_job.py:190} INFO - Processing /opt/airflow/dags/python_operator/branch_python_operator.py took 0.148 seconds
[2021-05-01 05:47:30,045] {scheduler_job.py:182} INFO - Started process (PID=1958) to work on /opt/airflow/dags/python_operator/branch_python_operator.py
[2021-05-01 05:47:30,046] {scheduler_job.py:629} INFO - Processing file /opt/airflow/dags/python_operator/branch_python_operator.py for tasks to queue
[2021-05-01 05:47:30,047] {logging_mixin.py:104} INFO - [2021-05-01 05:47:30,047] {dagbag.py:451} INFO - Filling up the DagBag from /opt/airflow/dags/python_operator/branch_python_operator.py
[2021-05-01 05:47:30,107] {logging_mixin.py:104} WARNING - /home/airflow/.local/lib/python3.6/site-packages/airflow/utils/decorators.py:94 DeprecationWarning: provide_context is deprecated as of 2.0 and is no longer required
[2021-05-01 05:47:30,114] {scheduler_job.py:639} INFO - DAG(s) dict_keys(['branch_python_operator']) retrieved from /opt/airflow/dags/python_operator/branch_python_operator.py
[2021-05-01 05:47:30,140] {logging_mixin.py:104} INFO - [2021-05-01 05:47:30,140] {dag.py:1824} INFO - Sync 1 DAGs
[2021-05-01 05:47:30,175] {logging_mixin.py:104} INFO - [2021-05-01 05:47:30,175] {dag.py:2280} INFO - Setting next_dagrun for branch_python_operator to 2021-05-01 00:00:00+00:00
[2021-05-01 05:47:30,188] {scheduler_job.py:190} INFO - Processing /opt/airflow/dags/python_operator/branch_python_operator.py took 0.147 seconds
[2021-05-01 05:48:00,456] {scheduler_job.py:182} INFO - Started process (PID=1997) to work on /opt/airflow/dags/python_operator/branch_python_operator.py
[2021-05-01 05:48:00,457] {scheduler_job.py:629} INFO - Processing file /opt/airflow/dags/python_operator/branch_python_operator.py for tasks to queue
[2021-05-01 05:48:00,458] {logging_mixin.py:104} INFO - [2021-05-01 05:48:00,458] {dagbag.py:451} INFO - Filling up the DagBag from /opt/airflow/dags/python_operator/branch_python_operator.py
[2021-05-01 05:48:00,525] {logging_mixin.py:104} WARNING - /home/airflow/.local/lib/python3.6/site-packages/airflow/utils/decorators.py:94 DeprecationWarning: provide_context is deprecated as of 2.0 and is no longer required
[2021-05-01 05:48:00,534] {scheduler_job.py:639} INFO - DAG(s) dict_keys(['branch_python_operator']) retrieved from /opt/airflow/dags/python_operator/branch_python_operator.py
[2021-05-01 05:48:00,561] {logging_mixin.py:104} INFO - [2021-05-01 05:48:00,561] {dag.py:1824} INFO - Sync 1 DAGs
[2021-05-01 05:48:00,595] {logging_mixin.py:104} INFO - [2021-05-01 05:48:00,595] {dag.py:2280} INFO - Setting next_dagrun for branch_python_operator to 2021-05-01 00:00:00+00:00
[2021-05-01 05:48:00,608] {scheduler_job.py:190} INFO - Processing /opt/airflow/dags/python_operator/branch_python_operator.py took 0.158 seconds
[2021-05-01 05:48:30,710] {scheduler_job.py:182} INFO - Started process (PID=2038) to work on /opt/airflow/dags/python_operator/branch_python_operator.py
[2021-05-01 05:48:30,714] {scheduler_job.py:629} INFO - Processing file /opt/airflow/dags/python_operator/branch_python_operator.py for tasks to queue
[2021-05-01 05:48:30,719] {logging_mixin.py:104} INFO - [2021-05-01 05:48:30,719] {dagbag.py:451} INFO - Filling up the DagBag from /opt/airflow/dags/python_operator/branch_python_operator.py
[2021-05-01 05:48:31,086] {logging_mixin.py:104} WARNING - /home/airflow/.local/lib/python3.6/site-packages/airflow/utils/decorators.py:94 DeprecationWarning: provide_context is deprecated as of 2.0 and is no longer required
[2021-05-01 05:48:31,114] {scheduler_job.py:639} INFO - DAG(s) dict_keys(['branch_python_operator']) retrieved from /opt/airflow/dags/python_operator/branch_python_operator.py
[2021-05-01 05:48:31,182] {logging_mixin.py:104} INFO - [2021-05-01 05:48:31,182] {dag.py:1824} INFO - Sync 1 DAGs
[2021-05-01 05:48:31,225] {logging_mixin.py:104} INFO - [2021-05-01 05:48:31,224] {dag.py:2280} INFO - Setting next_dagrun for branch_python_operator to 2021-05-01 00:00:00+00:00
[2021-05-01 05:48:31,244] {scheduler_job.py:190} INFO - Processing /opt/airflow/dags/python_operator/branch_python_operator.py took 0.539 seconds
[2021-05-01 05:49:01,397] {scheduler_job.py:182} INFO - Started process (PID=2071) to work on /opt/airflow/dags/python_operator/branch_python_operator.py
[2021-05-01 05:49:01,398] {scheduler_job.py:629} INFO - Processing file /opt/airflow/dags/python_operator/branch_python_operator.py for tasks to queue
[2021-05-01 05:49:01,399] {logging_mixin.py:104} INFO - [2021-05-01 05:49:01,399] {dagbag.py:451} INFO - Filling up the DagBag from /opt/airflow/dags/python_operator/branch_python_operator.py
[2021-05-01 05:49:01,453] {logging_mixin.py:104} WARNING - /home/airflow/.local/lib/python3.6/site-packages/airflow/utils/decorators.py:94 DeprecationWarning: provide_context is deprecated as of 2.0 and is no longer required
[2021-05-01 05:49:01,464] {scheduler_job.py:639} INFO - DAG(s) dict_keys(['branch_python_operator']) retrieved from /opt/airflow/dags/python_operator/branch_python_operator.py
[2021-05-01 05:49:01,492] {logging_mixin.py:104} INFO - [2021-05-01 05:49:01,491] {dag.py:1824} INFO - Sync 1 DAGs
[2021-05-01 05:49:01,515] {logging_mixin.py:104} INFO - [2021-05-01 05:49:01,515] {dag.py:2280} INFO - Setting next_dagrun for branch_python_operator to 2021-05-01 00:00:00+00:00
[2021-05-01 05:49:01,529] {scheduler_job.py:190} INFO - Processing /opt/airflow/dags/python_operator/branch_python_operator.py took 0.136 seconds
