[2021-05-01 05:17:24,098] {scheduler_job.py:182} INFO - Started process (PID=2208) to work on /opt/airflow/dags/python_operator/branch_python_operator_dag.py
[2021-05-01 05:17:24,099] {scheduler_job.py:629} INFO - Processing file /opt/airflow/dags/python_operator/branch_python_operator_dag.py for tasks to queue
[2021-05-01 05:17:24,100] {logging_mixin.py:104} INFO - [2021-05-01 05:17:24,100] {dagbag.py:451} INFO - Filling up the DagBag from /opt/airflow/dags/python_operator/branch_python_operator_dag.py
[2021-05-01 05:17:24,153] {logging_mixin.py:104} WARNING - /home/airflow/.local/lib/python3.6/site-packages/airflow/utils/decorators.py:94 DeprecationWarning: provide_context is deprecated as of 2.0 and is no longer required
[2021-05-01 05:17:24,161] {scheduler_job.py:639} INFO - DAG(s) dict_keys(['branch_python_operator_dag']) retrieved from /opt/airflow/dags/python_operator/branch_python_operator_dag.py
[2021-05-01 05:17:24,184] {logging_mixin.py:104} INFO - [2021-05-01 05:17:24,184] {dag.py:1824} INFO - Sync 1 DAGs
[2021-05-01 05:17:24,204] {logging_mixin.py:104} INFO - [2021-05-01 05:17:24,204] {dag.py:2280} INFO - Setting next_dagrun for branch_python_operator_dag to 2021-05-01 00:00:00+00:00
[2021-05-01 05:17:24,216] {scheduler_job.py:190} INFO - Processing /opt/airflow/dags/python_operator/branch_python_operator_dag.py took 0.125 seconds
[2021-05-01 05:18:20,438] {scheduler_job.py:182} INFO - Started process (PID=59) to work on /opt/airflow/dags/python_operator/branch_python_operator_dag.py
[2021-05-01 05:18:20,440] {scheduler_job.py:629} INFO - Processing file /opt/airflow/dags/python_operator/branch_python_operator_dag.py for tasks to queue
[2021-05-01 05:18:20,442] {logging_mixin.py:104} INFO - [2021-05-01 05:18:20,441] {dagbag.py:451} INFO - Filling up the DagBag from /opt/airflow/dags/python_operator/branch_python_operator_dag.py
[2021-05-01 05:18:20,733] {logging_mixin.py:104} WARNING - /home/airflow/.local/lib/python3.6/site-packages/airflow/utils/decorators.py:94 DeprecationWarning: provide_context is deprecated as of 2.0 and is no longer required
[2021-05-01 05:18:20,754] {scheduler_job.py:639} INFO - DAG(s) dict_keys(['branch_python_operator_dag']) retrieved from /opt/airflow/dags/python_operator/branch_python_operator_dag.py
[2021-05-01 05:18:20,840] {logging_mixin.py:104} INFO - [2021-05-01 05:18:20,840] {dag.py:1824} INFO - Sync 1 DAGs
[2021-05-01 05:18:20,922] {logging_mixin.py:104} INFO - [2021-05-01 05:18:20,922] {dag.py:2280} INFO - Setting next_dagrun for branch_python_operator_dag to 2021-05-01 00:00:00+00:00
[2021-05-01 05:18:20,943] {scheduler_job.py:190} INFO - Processing /opt/airflow/dags/python_operator/branch_python_operator_dag.py took 0.517 seconds
[2021-05-01 05:18:51,295] {scheduler_job.py:182} INFO - Started process (PID=90) to work on /opt/airflow/dags/python_operator/branch_python_operator_dag.py
[2021-05-01 05:18:51,296] {scheduler_job.py:629} INFO - Processing file /opt/airflow/dags/python_operator/branch_python_operator_dag.py for tasks to queue
[2021-05-01 05:18:51,297] {logging_mixin.py:104} INFO - [2021-05-01 05:18:51,297] {dagbag.py:451} INFO - Filling up the DagBag from /opt/airflow/dags/python_operator/branch_python_operator_dag.py
[2021-05-01 05:18:51,353] {logging_mixin.py:104} WARNING - /home/airflow/.local/lib/python3.6/site-packages/airflow/utils/decorators.py:94 DeprecationWarning: provide_context is deprecated as of 2.0 and is no longer required
[2021-05-01 05:18:51,361] {scheduler_job.py:639} INFO - DAG(s) dict_keys(['branch_python_operator_dag']) retrieved from /opt/airflow/dags/python_operator/branch_python_operator_dag.py
[2021-05-01 05:18:51,386] {logging_mixin.py:104} INFO - [2021-05-01 05:18:51,386] {dag.py:1824} INFO - Sync 1 DAGs
[2021-05-01 05:18:51,410] {logging_mixin.py:104} INFO - [2021-05-01 05:18:51,410] {dag.py:2280} INFO - Setting next_dagrun for branch_python_operator_dag to 2021-05-01 00:00:00+00:00
[2021-05-01 05:18:51,426] {scheduler_job.py:190} INFO - Processing /opt/airflow/dags/python_operator/branch_python_operator_dag.py took 0.134 seconds
[2021-05-01 05:19:21,776] {scheduler_job.py:182} INFO - Started process (PID=123) to work on /opt/airflow/dags/python_operator/branch_python_operator_dag.py
[2021-05-01 05:19:21,778] {scheduler_job.py:629} INFO - Processing file /opt/airflow/dags/python_operator/branch_python_operator_dag.py for tasks to queue
[2021-05-01 05:19:21,778] {logging_mixin.py:104} INFO - [2021-05-01 05:19:21,778] {dagbag.py:451} INFO - Filling up the DagBag from /opt/airflow/dags/python_operator/branch_python_operator_dag.py
[2021-05-01 05:19:21,829] {logging_mixin.py:104} WARNING - /home/airflow/.local/lib/python3.6/site-packages/airflow/utils/decorators.py:94 DeprecationWarning: provide_context is deprecated as of 2.0 and is no longer required
[2021-05-01 05:19:21,835] {scheduler_job.py:639} INFO - DAG(s) dict_keys(['branch_python_operator_dag']) retrieved from /opt/airflow/dags/python_operator/branch_python_operator_dag.py
[2021-05-01 05:19:21,857] {logging_mixin.py:104} INFO - [2021-05-01 05:19:21,857] {dag.py:1824} INFO - Sync 1 DAGs
[2021-05-01 05:19:21,880] {logging_mixin.py:104} INFO - [2021-05-01 05:19:21,880] {dag.py:2280} INFO - Setting next_dagrun for branch_python_operator_dag to 2021-05-01 00:00:00+00:00
[2021-05-01 05:19:21,893] {scheduler_job.py:190} INFO - Processing /opt/airflow/dags/python_operator/branch_python_operator_dag.py took 0.120 seconds
[2021-05-01 05:19:52,185] {scheduler_job.py:182} INFO - Started process (PID=156) to work on /opt/airflow/dags/python_operator/branch_python_operator_dag.py
[2021-05-01 05:19:52,186] {scheduler_job.py:629} INFO - Processing file /opt/airflow/dags/python_operator/branch_python_operator_dag.py for tasks to queue
[2021-05-01 05:19:52,186] {logging_mixin.py:104} INFO - [2021-05-01 05:19:52,186] {dagbag.py:451} INFO - Filling up the DagBag from /opt/airflow/dags/python_operator/branch_python_operator_dag.py
[2021-05-01 05:19:52,244] {logging_mixin.py:104} WARNING - /home/airflow/.local/lib/python3.6/site-packages/airflow/utils/decorators.py:94 DeprecationWarning: provide_context is deprecated as of 2.0 and is no longer required
[2021-05-01 05:19:52,253] {scheduler_job.py:639} INFO - DAG(s) dict_keys(['branch_python_operator_dag']) retrieved from /opt/airflow/dags/python_operator/branch_python_operator_dag.py
[2021-05-01 05:19:52,278] {logging_mixin.py:104} INFO - [2021-05-01 05:19:52,278] {dag.py:1824} INFO - Sync 1 DAGs
[2021-05-01 05:19:52,305] {logging_mixin.py:104} INFO - [2021-05-01 05:19:52,305] {dag.py:2280} INFO - Setting next_dagrun for branch_python_operator_dag to 2021-05-01 00:00:00+00:00
[2021-05-01 05:19:52,319] {scheduler_job.py:190} INFO - Processing /opt/airflow/dags/python_operator/branch_python_operator_dag.py took 0.137 seconds
[2021-05-01 05:20:22,572] {scheduler_job.py:182} INFO - Started process (PID=189) to work on /opt/airflow/dags/python_operator/branch_python_operator_dag.py
[2021-05-01 05:20:22,573] {scheduler_job.py:629} INFO - Processing file /opt/airflow/dags/python_operator/branch_python_operator_dag.py for tasks to queue
[2021-05-01 05:20:22,573] {logging_mixin.py:104} INFO - [2021-05-01 05:20:22,573] {dagbag.py:451} INFO - Filling up the DagBag from /opt/airflow/dags/python_operator/branch_python_operator_dag.py
[2021-05-01 05:20:22,622] {logging_mixin.py:104} WARNING - /home/airflow/.local/lib/python3.6/site-packages/airflow/utils/decorators.py:94 DeprecationWarning: provide_context is deprecated as of 2.0 and is no longer required
[2021-05-01 05:20:22,628] {scheduler_job.py:639} INFO - DAG(s) dict_keys(['branch_python_operator_dag']) retrieved from /opt/airflow/dags/python_operator/branch_python_operator_dag.py
[2021-05-01 05:20:22,652] {logging_mixin.py:104} INFO - [2021-05-01 05:20:22,652] {dag.py:1824} INFO - Sync 1 DAGs
[2021-05-01 05:20:22,673] {logging_mixin.py:104} INFO - [2021-05-01 05:20:22,672] {dag.py:2280} INFO - Setting next_dagrun for branch_python_operator_dag to 2021-05-01 00:00:00+00:00
[2021-05-01 05:20:22,686] {scheduler_job.py:190} INFO - Processing /opt/airflow/dags/python_operator/branch_python_operator_dag.py took 0.117 seconds
[2021-05-01 05:20:53,082] {scheduler_job.py:182} INFO - Started process (PID=222) to work on /opt/airflow/dags/python_operator/branch_python_operator_dag.py
[2021-05-01 05:20:53,084] {scheduler_job.py:629} INFO - Processing file /opt/airflow/dags/python_operator/branch_python_operator_dag.py for tasks to queue
[2021-05-01 05:20:53,085] {logging_mixin.py:104} INFO - [2021-05-01 05:20:53,084] {dagbag.py:451} INFO - Filling up the DagBag from /opt/airflow/dags/python_operator/branch_python_operator_dag.py
[2021-05-01 05:20:53,136] {logging_mixin.py:104} WARNING - /home/airflow/.local/lib/python3.6/site-packages/airflow/utils/decorators.py:94 DeprecationWarning: provide_context is deprecated as of 2.0 and is no longer required
[2021-05-01 05:20:53,143] {scheduler_job.py:639} INFO - DAG(s) dict_keys(['branch_python_operator_dag']) retrieved from /opt/airflow/dags/python_operator/branch_python_operator_dag.py
[2021-05-01 05:20:53,168] {logging_mixin.py:104} INFO - [2021-05-01 05:20:53,168] {dag.py:1824} INFO - Sync 1 DAGs
[2021-05-01 05:20:53,188] {logging_mixin.py:104} INFO - [2021-05-01 05:20:53,188] {dag.py:2280} INFO - Setting next_dagrun for branch_python_operator_dag to 2021-05-01 00:00:00+00:00
[2021-05-01 05:20:53,201] {scheduler_job.py:190} INFO - Processing /opt/airflow/dags/python_operator/branch_python_operator_dag.py took 0.122 seconds
[2021-05-01 05:21:23,460] {scheduler_job.py:182} INFO - Started process (PID=255) to work on /opt/airflow/dags/python_operator/branch_python_operator_dag.py
[2021-05-01 05:21:23,461] {scheduler_job.py:629} INFO - Processing file /opt/airflow/dags/python_operator/branch_python_operator_dag.py for tasks to queue
[2021-05-01 05:21:23,462] {logging_mixin.py:104} INFO - [2021-05-01 05:21:23,461] {dagbag.py:451} INFO - Filling up the DagBag from /opt/airflow/dags/python_operator/branch_python_operator_dag.py
[2021-05-01 05:21:23,509] {logging_mixin.py:104} WARNING - /home/airflow/.local/lib/python3.6/site-packages/airflow/utils/decorators.py:94 DeprecationWarning: provide_context is deprecated as of 2.0 and is no longer required
[2021-05-01 05:21:23,515] {scheduler_job.py:639} INFO - DAG(s) dict_keys(['branch_python_operator_dag']) retrieved from /opt/airflow/dags/python_operator/branch_python_operator_dag.py
[2021-05-01 05:21:23,540] {logging_mixin.py:104} INFO - [2021-05-01 05:21:23,539] {dag.py:1824} INFO - Sync 1 DAGs
[2021-05-01 05:21:23,558] {logging_mixin.py:104} INFO - [2021-05-01 05:21:23,558] {dag.py:2280} INFO - Setting next_dagrun for branch_python_operator_dag to 2021-05-01 00:00:00+00:00
[2021-05-01 05:21:23,568] {scheduler_job.py:190} INFO - Processing /opt/airflow/dags/python_operator/branch_python_operator_dag.py took 0.111 seconds
[2021-05-01 05:21:53,904] {scheduler_job.py:182} INFO - Started process (PID=288) to work on /opt/airflow/dags/python_operator/branch_python_operator_dag.py
[2021-05-01 05:21:53,905] {scheduler_job.py:629} INFO - Processing file /opt/airflow/dags/python_operator/branch_python_operator_dag.py for tasks to queue
[2021-05-01 05:21:53,906] {logging_mixin.py:104} INFO - [2021-05-01 05:21:53,906] {dagbag.py:451} INFO - Filling up the DagBag from /opt/airflow/dags/python_operator/branch_python_operator_dag.py
[2021-05-01 05:21:53,961] {logging_mixin.py:104} WARNING - /home/airflow/.local/lib/python3.6/site-packages/airflow/utils/decorators.py:94 DeprecationWarning: provide_context is deprecated as of 2.0 and is no longer required
[2021-05-01 05:21:53,969] {scheduler_job.py:639} INFO - DAG(s) dict_keys(['branch_python_operator_dag']) retrieved from /opt/airflow/dags/python_operator/branch_python_operator_dag.py
[2021-05-01 05:21:53,996] {logging_mixin.py:104} INFO - [2021-05-01 05:21:53,996] {dag.py:1824} INFO - Sync 1 DAGs
[2021-05-01 05:21:54,018] {logging_mixin.py:104} INFO - [2021-05-01 05:21:54,018] {dag.py:2280} INFO - Setting next_dagrun for branch_python_operator_dag to 2021-05-01 00:00:00+00:00
[2021-05-01 05:21:54,030] {scheduler_job.py:190} INFO - Processing /opt/airflow/dags/python_operator/branch_python_operator_dag.py took 0.129 seconds
[2021-05-01 05:22:24,349] {scheduler_job.py:182} INFO - Started process (PID=321) to work on /opt/airflow/dags/python_operator/branch_python_operator_dag.py
[2021-05-01 05:22:24,350] {scheduler_job.py:629} INFO - Processing file /opt/airflow/dags/python_operator/branch_python_operator_dag.py for tasks to queue
[2021-05-01 05:22:24,351] {logging_mixin.py:104} INFO - [2021-05-01 05:22:24,351] {dagbag.py:451} INFO - Filling up the DagBag from /opt/airflow/dags/python_operator/branch_python_operator_dag.py
[2021-05-01 05:22:24,398] {logging_mixin.py:104} WARNING - /home/airflow/.local/lib/python3.6/site-packages/airflow/utils/decorators.py:94 DeprecationWarning: provide_context is deprecated as of 2.0 and is no longer required
[2021-05-01 05:22:24,407] {scheduler_job.py:639} INFO - DAG(s) dict_keys(['branch_python_operator_dag']) retrieved from /opt/airflow/dags/python_operator/branch_python_operator_dag.py
[2021-05-01 05:22:24,430] {logging_mixin.py:104} INFO - [2021-05-01 05:22:24,430] {dag.py:1824} INFO - Sync 1 DAGs
[2021-05-01 05:22:24,451] {logging_mixin.py:104} INFO - [2021-05-01 05:22:24,451] {dag.py:2280} INFO - Setting next_dagrun for branch_python_operator_dag to 2021-05-01 00:00:00+00:00
[2021-05-01 05:22:24,463] {scheduler_job.py:190} INFO - Processing /opt/airflow/dags/python_operator/branch_python_operator_dag.py took 0.117 seconds
[2021-05-01 05:22:54,796] {scheduler_job.py:182} INFO - Started process (PID=354) to work on /opt/airflow/dags/python_operator/branch_python_operator_dag.py
[2021-05-01 05:22:54,797] {scheduler_job.py:629} INFO - Processing file /opt/airflow/dags/python_operator/branch_python_operator_dag.py for tasks to queue
[2021-05-01 05:22:54,798] {logging_mixin.py:104} INFO - [2021-05-01 05:22:54,798] {dagbag.py:451} INFO - Filling up the DagBag from /opt/airflow/dags/python_operator/branch_python_operator_dag.py
[2021-05-01 05:22:54,851] {logging_mixin.py:104} WARNING - /home/airflow/.local/lib/python3.6/site-packages/airflow/utils/decorators.py:94 DeprecationWarning: provide_context is deprecated as of 2.0 and is no longer required
[2021-05-01 05:22:54,861] {scheduler_job.py:639} INFO - DAG(s) dict_keys(['branch_python_operator_dag']) retrieved from /opt/airflow/dags/python_operator/branch_python_operator_dag.py
[2021-05-01 05:22:54,890] {logging_mixin.py:104} INFO - [2021-05-01 05:22:54,890] {dag.py:1824} INFO - Sync 1 DAGs
[2021-05-01 05:22:54,921] {logging_mixin.py:104} INFO - [2021-05-01 05:22:54,921] {dag.py:2280} INFO - Setting next_dagrun for branch_python_operator_dag to 2021-05-01 00:00:00+00:00
[2021-05-01 05:22:54,933] {scheduler_job.py:190} INFO - Processing /opt/airflow/dags/python_operator/branch_python_operator_dag.py took 0.140 seconds
[2021-05-01 05:23:25,335] {scheduler_job.py:182} INFO - Started process (PID=387) to work on /opt/airflow/dags/python_operator/branch_python_operator_dag.py
[2021-05-01 05:23:25,336] {scheduler_job.py:629} INFO - Processing file /opt/airflow/dags/python_operator/branch_python_operator_dag.py for tasks to queue
[2021-05-01 05:23:25,336] {logging_mixin.py:104} INFO - [2021-05-01 05:23:25,336] {dagbag.py:451} INFO - Filling up the DagBag from /opt/airflow/dags/python_operator/branch_python_operator_dag.py
[2021-05-01 05:23:25,400] {logging_mixin.py:104} WARNING - /home/airflow/.local/lib/python3.6/site-packages/airflow/utils/decorators.py:94 DeprecationWarning: provide_context is deprecated as of 2.0 and is no longer required
[2021-05-01 05:23:25,406] {scheduler_job.py:639} INFO - DAG(s) dict_keys(['branch_python_operator_dag']) retrieved from /opt/airflow/dags/python_operator/branch_python_operator_dag.py
[2021-05-01 05:23:25,428] {logging_mixin.py:104} INFO - [2021-05-01 05:23:25,428] {dag.py:1824} INFO - Sync 1 DAGs
[2021-05-01 05:23:25,449] {logging_mixin.py:104} INFO - [2021-05-01 05:23:25,449] {dag.py:2280} INFO - Setting next_dagrun for branch_python_operator_dag to 2021-05-01 00:00:00+00:00
[2021-05-01 05:23:25,461] {scheduler_job.py:190} INFO - Processing /opt/airflow/dags/python_operator/branch_python_operator_dag.py took 0.129 seconds
[2021-05-01 05:23:56,019] {scheduler_job.py:182} INFO - Started process (PID=420) to work on /opt/airflow/dags/python_operator/branch_python_operator_dag.py
[2021-05-01 05:23:56,020] {scheduler_job.py:629} INFO - Processing file /opt/airflow/dags/python_operator/branch_python_operator_dag.py for tasks to queue
[2021-05-01 05:23:56,021] {logging_mixin.py:104} INFO - [2021-05-01 05:23:56,020] {dagbag.py:451} INFO - Filling up the DagBag from /opt/airflow/dags/python_operator/branch_python_operator_dag.py
[2021-05-01 05:23:56,070] {logging_mixin.py:104} WARNING - /home/airflow/.local/lib/python3.6/site-packages/airflow/utils/decorators.py:94 DeprecationWarning: provide_context is deprecated as of 2.0 and is no longer required
[2021-05-01 05:23:56,076] {scheduler_job.py:639} INFO - DAG(s) dict_keys(['branch_python_operator_dag']) retrieved from /opt/airflow/dags/python_operator/branch_python_operator_dag.py
[2021-05-01 05:23:56,099] {logging_mixin.py:104} INFO - [2021-05-01 05:23:56,099] {dag.py:1824} INFO - Sync 1 DAGs
[2021-05-01 05:23:56,119] {logging_mixin.py:104} INFO - [2021-05-01 05:23:56,119] {dag.py:2280} INFO - Setting next_dagrun for branch_python_operator_dag to 2021-05-01 00:00:00+00:00
[2021-05-01 05:23:56,130] {scheduler_job.py:190} INFO - Processing /opt/airflow/dags/python_operator/branch_python_operator_dag.py took 0.114 seconds
[2021-05-01 05:24:26,351] {scheduler_job.py:182} INFO - Started process (PID=453) to work on /opt/airflow/dags/python_operator/branch_python_operator_dag.py
[2021-05-01 05:24:26,352] {scheduler_job.py:629} INFO - Processing file /opt/airflow/dags/python_operator/branch_python_operator_dag.py for tasks to queue
[2021-05-01 05:24:26,353] {logging_mixin.py:104} INFO - [2021-05-01 05:24:26,353] {dagbag.py:451} INFO - Filling up the DagBag from /opt/airflow/dags/python_operator/branch_python_operator_dag.py
[2021-05-01 05:24:26,399] {logging_mixin.py:104} WARNING - /home/airflow/.local/lib/python3.6/site-packages/airflow/utils/decorators.py:94 DeprecationWarning: provide_context is deprecated as of 2.0 and is no longer required
[2021-05-01 05:24:26,405] {scheduler_job.py:639} INFO - DAG(s) dict_keys(['branch_python_operator_dag']) retrieved from /opt/airflow/dags/python_operator/branch_python_operator_dag.py
[2021-05-01 05:24:26,428] {logging_mixin.py:104} INFO - [2021-05-01 05:24:26,428] {dag.py:1824} INFO - Sync 1 DAGs
[2021-05-01 05:24:26,448] {logging_mixin.py:104} INFO - [2021-05-01 05:24:26,448] {dag.py:2280} INFO - Setting next_dagrun for branch_python_operator_dag to 2021-05-01 00:00:00+00:00
[2021-05-01 05:24:26,461] {scheduler_job.py:190} INFO - Processing /opt/airflow/dags/python_operator/branch_python_operator_dag.py took 0.113 seconds
[2021-05-01 05:24:56,772] {scheduler_job.py:182} INFO - Started process (PID=486) to work on /opt/airflow/dags/python_operator/branch_python_operator_dag.py
[2021-05-01 05:24:56,773] {scheduler_job.py:629} INFO - Processing file /opt/airflow/dags/python_operator/branch_python_operator_dag.py for tasks to queue
[2021-05-01 05:24:56,773] {logging_mixin.py:104} INFO - [2021-05-01 05:24:56,773] {dagbag.py:451} INFO - Filling up the DagBag from /opt/airflow/dags/python_operator/branch_python_operator_dag.py
[2021-05-01 05:24:56,823] {logging_mixin.py:104} WARNING - /home/airflow/.local/lib/python3.6/site-packages/airflow/utils/decorators.py:94 DeprecationWarning: provide_context is deprecated as of 2.0 and is no longer required
[2021-05-01 05:24:56,829] {scheduler_job.py:639} INFO - DAG(s) dict_keys(['branch_python_operator_dag']) retrieved from /opt/airflow/dags/python_operator/branch_python_operator_dag.py
[2021-05-01 05:24:56,854] {logging_mixin.py:104} INFO - [2021-05-01 05:24:56,854] {dag.py:1824} INFO - Sync 1 DAGs
[2021-05-01 05:24:56,876] {logging_mixin.py:104} INFO - [2021-05-01 05:24:56,876] {dag.py:2280} INFO - Setting next_dagrun for branch_python_operator_dag to 2021-05-01 00:00:00+00:00
[2021-05-01 05:24:56,889] {scheduler_job.py:190} INFO - Processing /opt/airflow/dags/python_operator/branch_python_operator_dag.py took 0.120 seconds
[2021-05-01 05:25:27,369] {scheduler_job.py:182} INFO - Started process (PID=519) to work on /opt/airflow/dags/python_operator/branch_python_operator_dag.py
[2021-05-01 05:25:27,371] {scheduler_job.py:629} INFO - Processing file /opt/airflow/dags/python_operator/branch_python_operator_dag.py for tasks to queue
[2021-05-01 05:25:27,373] {logging_mixin.py:104} INFO - [2021-05-01 05:25:27,372] {dagbag.py:451} INFO - Filling up the DagBag from /opt/airflow/dags/python_operator/branch_python_operator_dag.py
[2021-05-01 05:25:27,442] {logging_mixin.py:104} WARNING - /home/airflow/.local/lib/python3.6/site-packages/airflow/utils/decorators.py:94 DeprecationWarning: provide_context is deprecated as of 2.0 and is no longer required
[2021-05-01 05:25:27,450] {scheduler_job.py:639} INFO - DAG(s) dict_keys(['branch_python_operator_dag']) retrieved from /opt/airflow/dags/python_operator/branch_python_operator_dag.py
[2021-05-01 05:25:27,480] {logging_mixin.py:104} INFO - [2021-05-01 05:25:27,480] {dag.py:1824} INFO - Sync 1 DAGs
[2021-05-01 05:25:27,513] {logging_mixin.py:104} INFO - [2021-05-01 05:25:27,513] {dag.py:2280} INFO - Setting next_dagrun for branch_python_operator_dag to 2021-05-01 00:00:00+00:00
[2021-05-01 05:25:27,527] {scheduler_job.py:190} INFO - Processing /opt/airflow/dags/python_operator/branch_python_operator_dag.py took 0.164 seconds
[2021-05-01 05:25:58,272] {scheduler_job.py:182} INFO - Started process (PID=552) to work on /opt/airflow/dags/python_operator/branch_python_operator_dag.py
[2021-05-01 05:25:58,273] {scheduler_job.py:629} INFO - Processing file /opt/airflow/dags/python_operator/branch_python_operator_dag.py for tasks to queue
[2021-05-01 05:25:58,274] {logging_mixin.py:104} INFO - [2021-05-01 05:25:58,274] {dagbag.py:451} INFO - Filling up the DagBag from /opt/airflow/dags/python_operator/branch_python_operator_dag.py
[2021-05-01 05:25:58,341] {logging_mixin.py:104} WARNING - /home/airflow/.local/lib/python3.6/site-packages/airflow/utils/decorators.py:94 DeprecationWarning: provide_context is deprecated as of 2.0 and is no longer required
[2021-05-01 05:25:58,348] {scheduler_job.py:639} INFO - DAG(s) dict_keys(['branch_python_operator_dag']) retrieved from /opt/airflow/dags/python_operator/branch_python_operator_dag.py
[2021-05-01 05:25:58,378] {logging_mixin.py:104} INFO - [2021-05-01 05:25:58,378] {dag.py:1824} INFO - Sync 1 DAGs
[2021-05-01 05:25:58,406] {logging_mixin.py:104} INFO - [2021-05-01 05:25:58,406] {dag.py:2280} INFO - Setting next_dagrun for branch_python_operator_dag to 2021-05-01 00:00:00+00:00
[2021-05-01 05:25:58,420] {scheduler_job.py:190} INFO - Processing /opt/airflow/dags/python_operator/branch_python_operator_dag.py took 0.151 seconds
[2021-05-01 05:26:29,264] {scheduler_job.py:182} INFO - Started process (PID=585) to work on /opt/airflow/dags/python_operator/branch_python_operator_dag.py
[2021-05-01 05:26:29,265] {scheduler_job.py:629} INFO - Processing file /opt/airflow/dags/python_operator/branch_python_operator_dag.py for tasks to queue
[2021-05-01 05:26:29,267] {logging_mixin.py:104} INFO - [2021-05-01 05:26:29,266] {dagbag.py:451} INFO - Filling up the DagBag from /opt/airflow/dags/python_operator/branch_python_operator_dag.py
[2021-05-01 05:26:29,340] {logging_mixin.py:104} WARNING - /home/airflow/.local/lib/python3.6/site-packages/airflow/utils/decorators.py:94 DeprecationWarning: provide_context is deprecated as of 2.0 and is no longer required
[2021-05-01 05:26:29,350] {scheduler_job.py:639} INFO - DAG(s) dict_keys(['branch_python_operator_dag']) retrieved from /opt/airflow/dags/python_operator/branch_python_operator_dag.py
[2021-05-01 05:26:29,379] {logging_mixin.py:104} INFO - [2021-05-01 05:26:29,379] {dag.py:1824} INFO - Sync 1 DAGs
[2021-05-01 05:26:29,408] {logging_mixin.py:104} INFO - [2021-05-01 05:26:29,408] {dag.py:2280} INFO - Setting next_dagrun for branch_python_operator_dag to 2021-05-01 00:00:00+00:00
[2021-05-01 05:26:29,421] {scheduler_job.py:190} INFO - Processing /opt/airflow/dags/python_operator/branch_python_operator_dag.py took 0.162 seconds
[2021-05-01 05:26:59,871] {scheduler_job.py:182} INFO - Started process (PID=618) to work on /opt/airflow/dags/python_operator/branch_python_operator_dag.py
[2021-05-01 05:26:59,872] {scheduler_job.py:629} INFO - Processing file /opt/airflow/dags/python_operator/branch_python_operator_dag.py for tasks to queue
[2021-05-01 05:26:59,873] {logging_mixin.py:104} INFO - [2021-05-01 05:26:59,873] {dagbag.py:451} INFO - Filling up the DagBag from /opt/airflow/dags/python_operator/branch_python_operator_dag.py
[2021-05-01 05:26:59,931] {logging_mixin.py:104} WARNING - /home/airflow/.local/lib/python3.6/site-packages/airflow/utils/decorators.py:94 DeprecationWarning: provide_context is deprecated as of 2.0 and is no longer required
[2021-05-01 05:26:59,938] {scheduler_job.py:639} INFO - DAG(s) dict_keys(['branch_python_operator_dag']) retrieved from /opt/airflow/dags/python_operator/branch_python_operator_dag.py
[2021-05-01 05:26:59,959] {logging_mixin.py:104} INFO - [2021-05-01 05:26:59,959] {dag.py:1824} INFO - Sync 1 DAGs
[2021-05-01 05:26:59,981] {logging_mixin.py:104} INFO - [2021-05-01 05:26:59,981] {dag.py:2280} INFO - Setting next_dagrun for branch_python_operator_dag to 2021-05-01 00:00:00+00:00
[2021-05-01 05:26:59,992] {scheduler_job.py:190} INFO - Processing /opt/airflow/dags/python_operator/branch_python_operator_dag.py took 0.125 seconds
[2021-05-01 05:27:30,328] {scheduler_job.py:182} INFO - Started process (PID=651) to work on /opt/airflow/dags/python_operator/branch_python_operator_dag.py
[2021-05-01 05:27:30,329] {scheduler_job.py:629} INFO - Processing file /opt/airflow/dags/python_operator/branch_python_operator_dag.py for tasks to queue
[2021-05-01 05:27:30,330] {logging_mixin.py:104} INFO - [2021-05-01 05:27:30,330] {dagbag.py:451} INFO - Filling up the DagBag from /opt/airflow/dags/python_operator/branch_python_operator_dag.py
[2021-05-01 05:27:30,384] {logging_mixin.py:104} WARNING - /home/airflow/.local/lib/python3.6/site-packages/airflow/utils/decorators.py:94 DeprecationWarning: provide_context is deprecated as of 2.0 and is no longer required
[2021-05-01 05:27:30,392] {scheduler_job.py:639} INFO - DAG(s) dict_keys(['branch_python_operator_dag']) retrieved from /opt/airflow/dags/python_operator/branch_python_operator_dag.py
[2021-05-01 05:27:30,413] {logging_mixin.py:104} INFO - [2021-05-01 05:27:30,413] {dag.py:1824} INFO - Sync 1 DAGs
[2021-05-01 05:27:30,436] {logging_mixin.py:104} INFO - [2021-05-01 05:27:30,436] {dag.py:2280} INFO - Setting next_dagrun for branch_python_operator_dag to 2021-05-01 00:00:00+00:00
[2021-05-01 05:27:30,447] {scheduler_job.py:190} INFO - Processing /opt/airflow/dags/python_operator/branch_python_operator_dag.py took 0.122 seconds
[2021-05-01 05:28:00,774] {scheduler_job.py:182} INFO - Started process (PID=684) to work on /opt/airflow/dags/python_operator/branch_python_operator_dag.py
[2021-05-01 05:28:00,776] {scheduler_job.py:629} INFO - Processing file /opt/airflow/dags/python_operator/branch_python_operator_dag.py for tasks to queue
[2021-05-01 05:28:00,776] {logging_mixin.py:104} INFO - [2021-05-01 05:28:00,776] {dagbag.py:451} INFO - Filling up the DagBag from /opt/airflow/dags/python_operator/branch_python_operator_dag.py
[2021-05-01 05:28:00,844] {logging_mixin.py:104} WARNING - /home/airflow/.local/lib/python3.6/site-packages/airflow/utils/decorators.py:94 DeprecationWarning: provide_context is deprecated as of 2.0 and is no longer required
[2021-05-01 05:28:00,851] {scheduler_job.py:639} INFO - DAG(s) dict_keys(['branch_python_operator_dag']) retrieved from /opt/airflow/dags/python_operator/branch_python_operator_dag.py
[2021-05-01 05:28:00,877] {logging_mixin.py:104} INFO - [2021-05-01 05:28:00,877] {dag.py:1824} INFO - Sync 1 DAGs
[2021-05-01 05:28:00,900] {logging_mixin.py:104} INFO - [2021-05-01 05:28:00,900] {dag.py:2280} INFO - Setting next_dagrun for branch_python_operator_dag to 2021-05-01 00:00:00+00:00
[2021-05-01 05:28:00,916] {scheduler_job.py:190} INFO - Processing /opt/airflow/dags/python_operator/branch_python_operator_dag.py took 0.146 seconds
[2021-05-01 05:28:31,372] {scheduler_job.py:182} INFO - Started process (PID=717) to work on /opt/airflow/dags/python_operator/branch_python_operator_dag.py
[2021-05-01 05:28:31,373] {scheduler_job.py:629} INFO - Processing file /opt/airflow/dags/python_operator/branch_python_operator_dag.py for tasks to queue
[2021-05-01 05:28:31,374] {logging_mixin.py:104} INFO - [2021-05-01 05:28:31,374] {dagbag.py:451} INFO - Filling up the DagBag from /opt/airflow/dags/python_operator/branch_python_operator_dag.py
[2021-05-01 05:28:31,431] {logging_mixin.py:104} WARNING - /home/airflow/.local/lib/python3.6/site-packages/airflow/utils/decorators.py:94 DeprecationWarning: provide_context is deprecated as of 2.0 and is no longer required
[2021-05-01 05:28:31,439] {scheduler_job.py:639} INFO - DAG(s) dict_keys(['branch_python_operator_dag']) retrieved from /opt/airflow/dags/python_operator/branch_python_operator_dag.py
[2021-05-01 05:28:31,464] {logging_mixin.py:104} INFO - [2021-05-01 05:28:31,464] {dag.py:1824} INFO - Sync 1 DAGs
[2021-05-01 05:28:31,485] {logging_mixin.py:104} INFO - [2021-05-01 05:28:31,485] {dag.py:2280} INFO - Setting next_dagrun for branch_python_operator_dag to 2021-05-01 00:00:00+00:00
[2021-05-01 05:28:31,498] {scheduler_job.py:190} INFO - Processing /opt/airflow/dags/python_operator/branch_python_operator_dag.py took 0.130 seconds
[2021-05-01 05:29:01,929] {scheduler_job.py:182} INFO - Started process (PID=750) to work on /opt/airflow/dags/python_operator/branch_python_operator_dag.py
[2021-05-01 05:29:01,930] {scheduler_job.py:629} INFO - Processing file /opt/airflow/dags/python_operator/branch_python_operator_dag.py for tasks to queue
[2021-05-01 05:29:01,930] {logging_mixin.py:104} INFO - [2021-05-01 05:29:01,930] {dagbag.py:451} INFO - Filling up the DagBag from /opt/airflow/dags/python_operator/branch_python_operator_dag.py
[2021-05-01 05:29:01,982] {logging_mixin.py:104} WARNING - /home/airflow/.local/lib/python3.6/site-packages/airflow/utils/decorators.py:94 DeprecationWarning: provide_context is deprecated as of 2.0 and is no longer required
[2021-05-01 05:29:01,992] {scheduler_job.py:639} INFO - DAG(s) dict_keys(['branch_python_operator_dag']) retrieved from /opt/airflow/dags/python_operator/branch_python_operator_dag.py
[2021-05-01 05:29:02,016] {logging_mixin.py:104} INFO - [2021-05-01 05:29:02,016] {dag.py:1824} INFO - Sync 1 DAGs
[2021-05-01 05:29:02,038] {logging_mixin.py:104} INFO - [2021-05-01 05:29:02,038] {dag.py:2280} INFO - Setting next_dagrun for branch_python_operator_dag to 2021-05-01 00:00:00+00:00
[2021-05-01 05:29:02,051] {scheduler_job.py:190} INFO - Processing /opt/airflow/dags/python_operator/branch_python_operator_dag.py took 0.126 seconds
[2021-05-01 05:29:32,436] {scheduler_job.py:182} INFO - Started process (PID=783) to work on /opt/airflow/dags/python_operator/branch_python_operator_dag.py
[2021-05-01 05:29:32,437] {scheduler_job.py:629} INFO - Processing file /opt/airflow/dags/python_operator/branch_python_operator_dag.py for tasks to queue
[2021-05-01 05:29:32,438] {logging_mixin.py:104} INFO - [2021-05-01 05:29:32,438] {dagbag.py:451} INFO - Filling up the DagBag from /opt/airflow/dags/python_operator/branch_python_operator_dag.py
[2021-05-01 05:29:32,512] {logging_mixin.py:104} WARNING - /home/airflow/.local/lib/python3.6/site-packages/airflow/utils/decorators.py:94 DeprecationWarning: provide_context is deprecated as of 2.0 and is no longer required
[2021-05-01 05:29:32,520] {scheduler_job.py:639} INFO - DAG(s) dict_keys(['branch_python_operator_dag']) retrieved from /opt/airflow/dags/python_operator/branch_python_operator_dag.py
[2021-05-01 05:29:32,550] {logging_mixin.py:104} INFO - [2021-05-01 05:29:32,550] {dag.py:1824} INFO - Sync 1 DAGs
[2021-05-01 05:29:32,571] {logging_mixin.py:104} INFO - [2021-05-01 05:29:32,570] {dag.py:2280} INFO - Setting next_dagrun for branch_python_operator_dag to 2021-05-01 00:00:00+00:00
[2021-05-01 05:29:32,580] {scheduler_job.py:190} INFO - Processing /opt/airflow/dags/python_operator/branch_python_operator_dag.py took 0.148 seconds
[2021-05-01 05:30:03,030] {scheduler_job.py:182} INFO - Started process (PID=816) to work on /opt/airflow/dags/python_operator/branch_python_operator_dag.py
[2021-05-01 05:30:03,031] {scheduler_job.py:629} INFO - Processing file /opt/airflow/dags/python_operator/branch_python_operator_dag.py for tasks to queue
[2021-05-01 05:30:03,032] {logging_mixin.py:104} INFO - [2021-05-01 05:30:03,032] {dagbag.py:451} INFO - Filling up the DagBag from /opt/airflow/dags/python_operator/branch_python_operator_dag.py
[2021-05-01 05:30:03,085] {logging_mixin.py:104} WARNING - /home/airflow/.local/lib/python3.6/site-packages/airflow/utils/decorators.py:94 DeprecationWarning: provide_context is deprecated as of 2.0 and is no longer required
[2021-05-01 05:30:03,093] {scheduler_job.py:639} INFO - DAG(s) dict_keys(['branch_python_operator_dag']) retrieved from /opt/airflow/dags/python_operator/branch_python_operator_dag.py
[2021-05-01 05:30:03,117] {logging_mixin.py:104} INFO - [2021-05-01 05:30:03,117] {dag.py:1824} INFO - Sync 1 DAGs
[2021-05-01 05:30:03,142] {logging_mixin.py:104} INFO - [2021-05-01 05:30:03,141] {dag.py:2280} INFO - Setting next_dagrun for branch_python_operator_dag to 2021-05-01 00:00:00+00:00
[2021-05-01 05:30:03,154] {scheduler_job.py:190} INFO - Processing /opt/airflow/dags/python_operator/branch_python_operator_dag.py took 0.127 seconds
[2021-05-01 05:30:33,695] {scheduler_job.py:182} INFO - Started process (PID=849) to work on /opt/airflow/dags/python_operator/branch_python_operator_dag.py
[2021-05-01 05:30:33,697] {scheduler_job.py:629} INFO - Processing file /opt/airflow/dags/python_operator/branch_python_operator_dag.py for tasks to queue
[2021-05-01 05:30:33,698] {logging_mixin.py:104} INFO - [2021-05-01 05:30:33,698] {dagbag.py:451} INFO - Filling up the DagBag from /opt/airflow/dags/python_operator/branch_python_operator_dag.py
[2021-05-01 05:30:33,751] {logging_mixin.py:104} WARNING - /home/airflow/.local/lib/python3.6/site-packages/airflow/utils/decorators.py:94 DeprecationWarning: provide_context is deprecated as of 2.0 and is no longer required
[2021-05-01 05:30:33,760] {scheduler_job.py:639} INFO - DAG(s) dict_keys(['branch_python_operator_dag']) retrieved from /opt/airflow/dags/python_operator/branch_python_operator_dag.py
[2021-05-01 05:30:33,788] {logging_mixin.py:104} INFO - [2021-05-01 05:30:33,788] {dag.py:1824} INFO - Sync 1 DAGs
[2021-05-01 05:30:33,815] {logging_mixin.py:104} INFO - [2021-05-01 05:30:33,815] {dag.py:2280} INFO - Setting next_dagrun for branch_python_operator_dag to 2021-05-01 00:00:00+00:00
[2021-05-01 05:30:33,830] {scheduler_job.py:190} INFO - Processing /opt/airflow/dags/python_operator/branch_python_operator_dag.py took 0.137 seconds
[2021-05-01 05:31:04,442] {scheduler_job.py:182} INFO - Started process (PID=882) to work on /opt/airflow/dags/python_operator/branch_python_operator_dag.py
[2021-05-01 05:31:04,444] {scheduler_job.py:629} INFO - Processing file /opt/airflow/dags/python_operator/branch_python_operator_dag.py for tasks to queue
[2021-05-01 05:31:04,445] {logging_mixin.py:104} INFO - [2021-05-01 05:31:04,445] {dagbag.py:451} INFO - Filling up the DagBag from /opt/airflow/dags/python_operator/branch_python_operator_dag.py
[2021-05-01 05:31:04,499] {logging_mixin.py:104} WARNING - /home/airflow/.local/lib/python3.6/site-packages/airflow/utils/decorators.py:94 DeprecationWarning: provide_context is deprecated as of 2.0 and is no longer required
[2021-05-01 05:31:04,507] {scheduler_job.py:639} INFO - DAG(s) dict_keys(['branch_python_operator_dag']) retrieved from /opt/airflow/dags/python_operator/branch_python_operator_dag.py
[2021-05-01 05:31:04,530] {logging_mixin.py:104} INFO - [2021-05-01 05:31:04,530] {dag.py:1824} INFO - Sync 1 DAGs
[2021-05-01 05:31:04,555] {logging_mixin.py:104} INFO - [2021-05-01 05:31:04,554] {dag.py:2280} INFO - Setting next_dagrun for branch_python_operator_dag to 2021-05-01 00:00:00+00:00
[2021-05-01 05:31:04,565] {scheduler_job.py:190} INFO - Processing /opt/airflow/dags/python_operator/branch_python_operator_dag.py took 0.127 seconds
[2021-05-01 05:31:34,963] {scheduler_job.py:182} INFO - Started process (PID=915) to work on /opt/airflow/dags/python_operator/branch_python_operator_dag.py
[2021-05-01 05:31:34,965] {scheduler_job.py:629} INFO - Processing file /opt/airflow/dags/python_operator/branch_python_operator_dag.py for tasks to queue
[2021-05-01 05:31:34,966] {logging_mixin.py:104} INFO - [2021-05-01 05:31:34,965] {dagbag.py:451} INFO - Filling up the DagBag from /opt/airflow/dags/python_operator/branch_python_operator_dag.py
[2021-05-01 05:31:35,027] {logging_mixin.py:104} WARNING - /home/airflow/.local/lib/python3.6/site-packages/airflow/utils/decorators.py:94 DeprecationWarning: provide_context is deprecated as of 2.0 and is no longer required
[2021-05-01 05:31:35,038] {scheduler_job.py:639} INFO - DAG(s) dict_keys(['branch_python_operator_dag']) retrieved from /opt/airflow/dags/python_operator/branch_python_operator_dag.py
[2021-05-01 05:31:35,066] {logging_mixin.py:104} INFO - [2021-05-01 05:31:35,066] {dag.py:1824} INFO - Sync 1 DAGs
[2021-05-01 05:31:35,089] {logging_mixin.py:104} INFO - [2021-05-01 05:31:35,089] {dag.py:2280} INFO - Setting next_dagrun for branch_python_operator_dag to 2021-05-01 00:00:00+00:00
[2021-05-01 05:31:35,103] {scheduler_job.py:190} INFO - Processing /opt/airflow/dags/python_operator/branch_python_operator_dag.py took 0.143 seconds
[2021-05-01 05:32:05,652] {scheduler_job.py:182} INFO - Started process (PID=948) to work on /opt/airflow/dags/python_operator/branch_python_operator_dag.py
[2021-05-01 05:32:05,653] {scheduler_job.py:629} INFO - Processing file /opt/airflow/dags/python_operator/branch_python_operator_dag.py for tasks to queue
[2021-05-01 05:32:05,654] {logging_mixin.py:104} INFO - [2021-05-01 05:32:05,653] {dagbag.py:451} INFO - Filling up the DagBag from /opt/airflow/dags/python_operator/branch_python_operator_dag.py
[2021-05-01 05:32:05,654] {scheduler_job.py:641} WARNING - No viable dags retrieved from /opt/airflow/dags/python_operator/branch_python_operator_dag.py
[2021-05-01 05:32:05,654] {scheduler_job.py:190} INFO - Processing /opt/airflow/dags/python_operator/branch_python_operator_dag.py took 0.005 seconds
[2021-05-01 05:32:36,189] {scheduler_job.py:182} INFO - Started process (PID=981) to work on /opt/airflow/dags/python_operator/branch_python_operator_dag.py
[2021-05-01 05:32:36,190] {scheduler_job.py:629} INFO - Processing file /opt/airflow/dags/python_operator/branch_python_operator_dag.py for tasks to queue
[2021-05-01 05:32:36,191] {logging_mixin.py:104} INFO - [2021-05-01 05:32:36,191] {dagbag.py:451} INFO - Filling up the DagBag from /opt/airflow/dags/python_operator/branch_python_operator_dag.py
[2021-05-01 05:32:36,191] {scheduler_job.py:641} WARNING - No viable dags retrieved from /opt/airflow/dags/python_operator/branch_python_operator_dag.py
[2021-05-01 05:32:36,192] {scheduler_job.py:190} INFO - Processing /opt/airflow/dags/python_operator/branch_python_operator_dag.py took 0.006 seconds
[2021-05-01 05:33:06,636] {scheduler_job.py:182} INFO - Started process (PID=1014) to work on /opt/airflow/dags/python_operator/branch_python_operator_dag.py
[2021-05-01 05:33:06,638] {scheduler_job.py:629} INFO - Processing file /opt/airflow/dags/python_operator/branch_python_operator_dag.py for tasks to queue
[2021-05-01 05:33:06,639] {logging_mixin.py:104} INFO - [2021-05-01 05:33:06,638] {dagbag.py:451} INFO - Filling up the DagBag from /opt/airflow/dags/python_operator/branch_python_operator_dag.py
[2021-05-01 05:33:06,639] {scheduler_job.py:641} WARNING - No viable dags retrieved from /opt/airflow/dags/python_operator/branch_python_operator_dag.py
[2021-05-01 05:33:06,639] {scheduler_job.py:190} INFO - Processing /opt/airflow/dags/python_operator/branch_python_operator_dag.py took 0.007 seconds
