[2021-05-01 06:12:30,887] {scheduler_job.py:182} INFO - Started process (PID=3713) to work on /opt/airflow/dags/python_operator/write_file_python_operator.py
[2021-05-01 06:12:30,889] {scheduler_job.py:629} INFO - Processing file /opt/airflow/dags/python_operator/write_file_python_operator.py for tasks to queue
[2021-05-01 06:12:30,890] {logging_mixin.py:104} INFO - [2021-05-01 06:12:30,890] {dagbag.py:451} INFO - Filling up the DagBag from /opt/airflow/dags/python_operator/write_file_python_operator.py
[2021-05-01 06:12:30,906] {scheduler_job.py:639} INFO - DAG(s) dict_keys(['write_file_python_operator']) retrieved from /opt/airflow/dags/python_operator/write_file_python_operator.py
[2021-05-01 06:12:30,932] {logging_mixin.py:104} INFO - [2021-05-01 06:12:30,931] {dag.py:1824} INFO - Sync 1 DAGs
[2021-05-01 06:12:30,967] {logging_mixin.py:104} INFO - [2021-05-01 06:12:30,966] {dag.py:2280} INFO - Setting next_dagrun for write_file_python_operator to 2021-05-01T06:12:00+00:00
[2021-05-01 06:12:30,993] {scheduler_job.py:190} INFO - Processing /opt/airflow/dags/python_operator/write_file_python_operator.py took 0.111 seconds
[2021-05-01 06:13:01,513] {scheduler_job.py:182} INFO - Started process (PID=3746) to work on /opt/airflow/dags/python_operator/write_file_python_operator.py
[2021-05-01 06:13:01,514] {scheduler_job.py:629} INFO - Processing file /opt/airflow/dags/python_operator/write_file_python_operator.py for tasks to queue
[2021-05-01 06:13:01,515] {logging_mixin.py:104} INFO - [2021-05-01 06:13:01,515] {dagbag.py:451} INFO - Filling up the DagBag from /opt/airflow/dags/python_operator/write_file_python_operator.py
[2021-05-01 06:13:01,544] {scheduler_job.py:639} INFO - DAG(s) dict_keys(['write_file_python_operator']) retrieved from /opt/airflow/dags/python_operator/write_file_python_operator.py
[2021-05-01 06:13:01,597] {logging_mixin.py:104} INFO - [2021-05-01 06:13:01,597] {dag.py:1824} INFO - Sync 1 DAGs
[2021-05-01 06:13:01,611] {logging_mixin.py:104} INFO - [2021-05-01 06:13:01,611] {dag.py:1843} INFO - Creating ORM DAG for write_file_python_operator
[2021-05-01 06:13:01,640] {logging_mixin.py:104} INFO - [2021-05-01 06:13:01,640] {dag.py:2280} INFO - Setting next_dagrun for write_file_python_operator to 2021-05-01T06:10:00+00:00
[2021-05-01 06:13:01,661] {scheduler_job.py:190} INFO - Processing /opt/airflow/dags/python_operator/write_file_python_operator.py took 0.154 seconds
[2021-05-01 06:13:31,693] {scheduler_job.py:182} INFO - Started process (PID=3778) to work on /opt/airflow/dags/python_operator/write_file_python_operator.py
[2021-05-01 06:13:31,695] {scheduler_job.py:629} INFO - Processing file /opt/airflow/dags/python_operator/write_file_python_operator.py for tasks to queue
[2021-05-01 06:13:31,696] {logging_mixin.py:104} INFO - [2021-05-01 06:13:31,695] {dagbag.py:451} INFO - Filling up the DagBag from /opt/airflow/dags/python_operator/write_file_python_operator.py
[2021-05-01 06:13:31,711] {scheduler_job.py:639} INFO - DAG(s) dict_keys(['write_file_python_operator']) retrieved from /opt/airflow/dags/python_operator/write_file_python_operator.py
[2021-05-01 06:13:31,736] {logging_mixin.py:104} INFO - [2021-05-01 06:13:31,736] {dag.py:1824} INFO - Sync 1 DAGs
[2021-05-01 06:13:31,776] {logging_mixin.py:104} INFO - [2021-05-01 06:13:31,776] {dag.py:2280} INFO - Setting next_dagrun for write_file_python_operator to 2021-05-01T06:10:00+00:00
[2021-05-01 06:13:31,789] {scheduler_job.py:190} INFO - Processing /opt/airflow/dags/python_operator/write_file_python_operator.py took 0.099 seconds
[2021-05-01 06:14:02,732] {scheduler_job.py:182} INFO - Started process (PID=3812) to work on /opt/airflow/dags/python_operator/write_file_python_operator.py
[2021-05-01 06:14:02,738] {scheduler_job.py:629} INFO - Processing file /opt/airflow/dags/python_operator/write_file_python_operator.py for tasks to queue
[2021-05-01 06:14:02,740] {logging_mixin.py:104} INFO - [2021-05-01 06:14:02,739] {dagbag.py:451} INFO - Filling up the DagBag from /opt/airflow/dags/python_operator/write_file_python_operator.py
[2021-05-01 06:14:02,767] {scheduler_job.py:639} INFO - DAG(s) dict_keys(['write_file_python_operator']) retrieved from /opt/airflow/dags/python_operator/write_file_python_operator.py
[2021-05-01 06:14:02,796] {logging_mixin.py:104} INFO - [2021-05-01 06:14:02,795] {dag.py:1824} INFO - Sync 1 DAGs
[2021-05-01 06:14:02,847] {logging_mixin.py:104} INFO - [2021-05-01 06:14:02,846] {dag.py:2280} INFO - Setting next_dagrun for write_file_python_operator to 2021-05-01T06:12:00+00:00
[2021-05-01 06:14:02,879] {scheduler_job.py:190} INFO - Processing /opt/airflow/dags/python_operator/write_file_python_operator.py took 0.152 seconds
[2021-05-01 06:14:33,361] {scheduler_job.py:182} INFO - Started process (PID=3845) to work on /opt/airflow/dags/python_operator/write_file_python_operator.py
[2021-05-01 06:14:33,362] {scheduler_job.py:629} INFO - Processing file /opt/airflow/dags/python_operator/write_file_python_operator.py for tasks to queue
[2021-05-01 06:14:33,363] {logging_mixin.py:104} INFO - [2021-05-01 06:14:33,363] {dagbag.py:451} INFO - Filling up the DagBag from /opt/airflow/dags/python_operator/write_file_python_operator.py
[2021-05-01 06:14:33,382] {scheduler_job.py:639} INFO - DAG(s) dict_keys(['write_file_python_operator']) retrieved from /opt/airflow/dags/python_operator/write_file_python_operator.py
[2021-05-01 06:14:33,410] {logging_mixin.py:104} INFO - [2021-05-01 06:14:33,409] {dag.py:1824} INFO - Sync 1 DAGs
[2021-05-01 06:14:33,449] {logging_mixin.py:104} INFO - [2021-05-01 06:14:33,449] {dag.py:2280} INFO - Setting next_dagrun for write_file_python_operator to 2021-05-01T06:12:00+00:00
[2021-05-01 06:14:33,463] {scheduler_job.py:190} INFO - Processing /opt/airflow/dags/python_operator/write_file_python_operator.py took 0.105 seconds
[2021-05-01 06:15:03,841] {scheduler_job.py:182} INFO - Started process (PID=3878) to work on /opt/airflow/dags/python_operator/write_file_python_operator.py
[2021-05-01 06:15:03,842] {scheduler_job.py:629} INFO - Processing file /opt/airflow/dags/python_operator/write_file_python_operator.py for tasks to queue
[2021-05-01 06:15:03,842] {logging_mixin.py:104} INFO - [2021-05-01 06:15:03,842] {dagbag.py:451} INFO - Filling up the DagBag from /opt/airflow/dags/python_operator/write_file_python_operator.py
[2021-05-01 06:15:03,856] {scheduler_job.py:639} INFO - DAG(s) dict_keys(['write_file_python_operator']) retrieved from /opt/airflow/dags/python_operator/write_file_python_operator.py
[2021-05-01 06:15:03,881] {logging_mixin.py:104} INFO - [2021-05-01 06:15:03,881] {dag.py:1824} INFO - Sync 1 DAGs
[2021-05-01 06:15:03,915] {logging_mixin.py:104} INFO - [2021-05-01 06:15:03,915] {dag.py:2280} INFO - Setting next_dagrun for write_file_python_operator to 2021-05-01T06:12:00+00:00
[2021-05-01 06:15:03,927] {scheduler_job.py:190} INFO - Processing /opt/airflow/dags/python_operator/write_file_python_operator.py took 0.090 seconds
[2021-05-01 06:15:34,409] {scheduler_job.py:182} INFO - Started process (PID=3911) to work on /opt/airflow/dags/python_operator/write_file_python_operator.py
[2021-05-01 06:15:34,410] {scheduler_job.py:629} INFO - Processing file /opt/airflow/dags/python_operator/write_file_python_operator.py for tasks to queue
[2021-05-01 06:15:34,411] {logging_mixin.py:104} INFO - [2021-05-01 06:15:34,411] {dagbag.py:451} INFO - Filling up the DagBag from /opt/airflow/dags/python_operator/write_file_python_operator.py
[2021-05-01 06:15:34,426] {scheduler_job.py:639} INFO - DAG(s) dict_keys(['write_file_python_operator']) retrieved from /opt/airflow/dags/python_operator/write_file_python_operator.py
[2021-05-01 06:15:34,449] {logging_mixin.py:104} INFO - [2021-05-01 06:15:34,449] {dag.py:1824} INFO - Sync 1 DAGs
[2021-05-01 06:15:34,484] {logging_mixin.py:104} INFO - [2021-05-01 06:15:34,484] {dag.py:2280} INFO - Setting next_dagrun for write_file_python_operator to 2021-05-01T06:12:00+00:00
[2021-05-01 06:15:34,496] {scheduler_job.py:190} INFO - Processing /opt/airflow/dags/python_operator/write_file_python_operator.py took 0.091 seconds
[2021-05-01 06:16:05,030] {scheduler_job.py:182} INFO - Started process (PID=3944) to work on /opt/airflow/dags/python_operator/write_file_python_operator.py
[2021-05-01 06:16:05,031] {scheduler_job.py:629} INFO - Processing file /opt/airflow/dags/python_operator/write_file_python_operator.py for tasks to queue
[2021-05-01 06:16:05,032] {logging_mixin.py:104} INFO - [2021-05-01 06:16:05,032] {dagbag.py:451} INFO - Filling up the DagBag from /opt/airflow/dags/python_operator/write_file_python_operator.py
[2021-05-01 06:16:05,050] {scheduler_job.py:639} INFO - DAG(s) dict_keys(['write_file_python_operator']) retrieved from /opt/airflow/dags/python_operator/write_file_python_operator.py
[2021-05-01 06:16:05,076] {logging_mixin.py:104} INFO - [2021-05-01 06:16:05,075] {dag.py:1824} INFO - Sync 1 DAGs
[2021-05-01 06:16:05,114] {logging_mixin.py:104} INFO - [2021-05-01 06:16:05,114] {dag.py:2280} INFO - Setting next_dagrun for write_file_python_operator to 2021-05-01T06:14:00+00:00
[2021-05-01 06:16:05,129] {scheduler_job.py:190} INFO - Processing /opt/airflow/dags/python_operator/write_file_python_operator.py took 0.103 seconds
[2021-05-01 06:16:35,650] {scheduler_job.py:182} INFO - Started process (PID=3977) to work on /opt/airflow/dags/python_operator/write_file_python_operator.py
[2021-05-01 06:16:35,651] {scheduler_job.py:629} INFO - Processing file /opt/airflow/dags/python_operator/write_file_python_operator.py for tasks to queue
[2021-05-01 06:16:35,652] {logging_mixin.py:104} INFO - [2021-05-01 06:16:35,652] {dagbag.py:451} INFO - Filling up the DagBag from /opt/airflow/dags/python_operator/write_file_python_operator.py
[2021-05-01 06:16:35,667] {scheduler_job.py:639} INFO - DAG(s) dict_keys(['write_file_python_operator']) retrieved from /opt/airflow/dags/python_operator/write_file_python_operator.py
[2021-05-01 06:16:35,693] {logging_mixin.py:104} INFO - [2021-05-01 06:16:35,693] {dag.py:1824} INFO - Sync 1 DAGs
[2021-05-01 06:16:35,730] {logging_mixin.py:104} INFO - [2021-05-01 06:16:35,730] {dag.py:2280} INFO - Setting next_dagrun for write_file_python_operator to 2021-05-01T06:14:00+00:00
[2021-05-01 06:16:35,744] {scheduler_job.py:190} INFO - Processing /opt/airflow/dags/python_operator/write_file_python_operator.py took 0.097 seconds
[2021-05-01 06:17:06,242] {scheduler_job.py:182} INFO - Started process (PID=4010) to work on /opt/airflow/dags/python_operator/write_file_python_operator.py
[2021-05-01 06:17:06,244] {scheduler_job.py:629} INFO - Processing file /opt/airflow/dags/python_operator/write_file_python_operator.py for tasks to queue
[2021-05-01 06:17:06,245] {logging_mixin.py:104} INFO - [2021-05-01 06:17:06,245] {dagbag.py:451} INFO - Filling up the DagBag from /opt/airflow/dags/python_operator/write_file_python_operator.py
[2021-05-01 06:17:06,267] {scheduler_job.py:639} INFO - DAG(s) dict_keys(['write_file_python_operator']) retrieved from /opt/airflow/dags/python_operator/write_file_python_operator.py
[2021-05-01 06:17:06,296] {logging_mixin.py:104} INFO - [2021-05-01 06:17:06,296] {dag.py:1824} INFO - Sync 1 DAGs
[2021-05-01 06:17:06,347] {logging_mixin.py:104} INFO - [2021-05-01 06:17:06,347] {dag.py:2280} INFO - Setting next_dagrun for write_file_python_operator to 2021-05-01T06:14:00+00:00
[2021-05-01 06:17:06,362] {scheduler_job.py:190} INFO - Processing /opt/airflow/dags/python_operator/write_file_python_operator.py took 0.125 seconds
[2021-05-01 06:17:36,515] {scheduler_job.py:182} INFO - Started process (PID=4042) to work on /opt/airflow/dags/python_operator/write_file_python_operator.py
[2021-05-01 06:17:36,516] {scheduler_job.py:629} INFO - Processing file /opt/airflow/dags/python_operator/write_file_python_operator.py for tasks to queue
[2021-05-01 06:17:36,517] {logging_mixin.py:104} INFO - [2021-05-01 06:17:36,517] {dagbag.py:451} INFO - Filling up the DagBag from /opt/airflow/dags/python_operator/write_file_python_operator.py
[2021-05-01 06:17:36,531] {scheduler_job.py:639} INFO - DAG(s) dict_keys(['write_file_python_operator']) retrieved from /opt/airflow/dags/python_operator/write_file_python_operator.py
[2021-05-01 06:17:36,558] {logging_mixin.py:104} INFO - [2021-05-01 06:17:36,558] {dag.py:1824} INFO - Sync 1 DAGs
[2021-05-01 06:17:36,626] {logging_mixin.py:104} INFO - [2021-05-01 06:17:36,625] {dag.py:2280} INFO - Setting next_dagrun for write_file_python_operator to 2021-05-01T06:14:00+00:00
[2021-05-01 06:17:36,648] {scheduler_job.py:190} INFO - Processing /opt/airflow/dags/python_operator/write_file_python_operator.py took 0.137 seconds
[2021-05-01 06:18:06,821] {scheduler_job.py:182} INFO - Started process (PID=4088) to work on /opt/airflow/dags/python_operator/write_file_python_operator.py
[2021-05-01 06:18:06,822] {scheduler_job.py:629} INFO - Processing file /opt/airflow/dags/python_operator/write_file_python_operator.py for tasks to queue
[2021-05-01 06:18:06,824] {logging_mixin.py:104} INFO - [2021-05-01 06:18:06,824] {dagbag.py:451} INFO - Filling up the DagBag from /opt/airflow/dags/python_operator/write_file_python_operator.py
[2021-05-01 06:18:06,843] {scheduler_job.py:639} INFO - DAG(s) dict_keys(['write_file_python_operator']) retrieved from /opt/airflow/dags/python_operator/write_file_python_operator.py
[2021-05-01 06:18:06,867] {logging_mixin.py:104} INFO - [2021-05-01 06:18:06,867] {dag.py:1824} INFO - Sync 1 DAGs
[2021-05-01 06:18:06,905] {logging_mixin.py:104} INFO - [2021-05-01 06:18:06,905] {dag.py:2280} INFO - Setting next_dagrun for write_file_python_operator to 2021-05-01T06:18:00+00:00
[2021-05-01 06:18:06,922] {scheduler_job.py:190} INFO - Processing /opt/airflow/dags/python_operator/write_file_python_operator.py took 0.106 seconds
[2021-05-01 06:18:37,263] {scheduler_job.py:182} INFO - Started process (PID=4122) to work on /opt/airflow/dags/python_operator/write_file_python_operator.py
[2021-05-01 06:18:37,264] {scheduler_job.py:629} INFO - Processing file /opt/airflow/dags/python_operator/write_file_python_operator.py for tasks to queue
[2021-05-01 06:18:37,265] {logging_mixin.py:104} INFO - [2021-05-01 06:18:37,264] {dagbag.py:451} INFO - Filling up the DagBag from /opt/airflow/dags/python_operator/write_file_python_operator.py
[2021-05-01 06:18:37,285] {scheduler_job.py:639} INFO - DAG(s) dict_keys(['write_file_python_operator']) retrieved from /opt/airflow/dags/python_operator/write_file_python_operator.py
[2021-05-01 06:18:37,313] {logging_mixin.py:104} INFO - [2021-05-01 06:18:37,312] {dag.py:1824} INFO - Sync 1 DAGs
[2021-05-01 06:18:37,348] {logging_mixin.py:104} INFO - [2021-05-01 06:18:37,348] {dag.py:2280} INFO - Setting next_dagrun for write_file_python_operator to 2021-05-01T06:18:00+00:00
[2021-05-01 06:18:37,363] {scheduler_job.py:190} INFO - Processing /opt/airflow/dags/python_operator/write_file_python_operator.py took 0.104 seconds
[2021-05-01 06:19:08,054] {scheduler_job.py:182} INFO - Started process (PID=4155) to work on /opt/airflow/dags/python_operator/write_file_python_operator.py
[2021-05-01 06:19:08,055] {scheduler_job.py:629} INFO - Processing file /opt/airflow/dags/python_operator/write_file_python_operator.py for tasks to queue
[2021-05-01 06:19:08,056] {logging_mixin.py:104} INFO - [2021-05-01 06:19:08,056] {dagbag.py:451} INFO - Filling up the DagBag from /opt/airflow/dags/python_operator/write_file_python_operator.py
[2021-05-01 06:19:08,071] {scheduler_job.py:639} INFO - DAG(s) dict_keys(['write_file_python_operator']) retrieved from /opt/airflow/dags/python_operator/write_file_python_operator.py
[2021-05-01 06:19:08,097] {logging_mixin.py:104} INFO - [2021-05-01 06:19:08,097] {dag.py:1824} INFO - Sync 1 DAGs
[2021-05-01 06:19:08,123] {logging_mixin.py:104} INFO - [2021-05-01 06:19:08,123] {dag.py:2280} INFO - Setting next_dagrun for write_file_python_operator to 2021-05-01T06:18:00+00:00
[2021-05-01 06:19:08,135] {scheduler_job.py:190} INFO - Processing /opt/airflow/dags/python_operator/write_file_python_operator.py took 0.085 seconds
[2021-05-01 06:19:38,714] {scheduler_job.py:182} INFO - Started process (PID=4188) to work on /opt/airflow/dags/python_operator/write_file_python_operator.py
[2021-05-01 06:19:38,715] {scheduler_job.py:629} INFO - Processing file /opt/airflow/dags/python_operator/write_file_python_operator.py for tasks to queue
[2021-05-01 06:19:38,716] {logging_mixin.py:104} INFO - [2021-05-01 06:19:38,716] {dagbag.py:451} INFO - Filling up the DagBag from /opt/airflow/dags/python_operator/write_file_python_operator.py
[2021-05-01 06:19:38,730] {scheduler_job.py:639} INFO - DAG(s) dict_keys(['write_file_python_operator']) retrieved from /opt/airflow/dags/python_operator/write_file_python_operator.py
[2021-05-01 06:19:38,756] {logging_mixin.py:104} INFO - [2021-05-01 06:19:38,756] {dag.py:1824} INFO - Sync 1 DAGs
[2021-05-01 06:19:38,784] {logging_mixin.py:104} INFO - [2021-05-01 06:19:38,784] {dag.py:2280} INFO - Setting next_dagrun for write_file_python_operator to 2021-05-01T06:18:00+00:00
[2021-05-01 06:19:38,798] {scheduler_job.py:190} INFO - Processing /opt/airflow/dags/python_operator/write_file_python_operator.py took 0.087 seconds
[2021-05-01 06:20:09,304] {scheduler_job.py:182} INFO - Started process (PID=4228) to work on /opt/airflow/dags/python_operator/write_file_python_operator.py
[2021-05-01 06:20:09,305] {scheduler_job.py:629} INFO - Processing file /opt/airflow/dags/python_operator/write_file_python_operator.py for tasks to queue
[2021-05-01 06:20:09,306] {logging_mixin.py:104} INFO - [2021-05-01 06:20:09,306] {dagbag.py:451} INFO - Filling up the DagBag from /opt/airflow/dags/python_operator/write_file_python_operator.py
[2021-05-01 06:20:09,320] {scheduler_job.py:639} INFO - DAG(s) dict_keys(['write_file_python_operator']) retrieved from /opt/airflow/dags/python_operator/write_file_python_operator.py
[2021-05-01 06:20:09,345] {logging_mixin.py:104} INFO - [2021-05-01 06:20:09,345] {dag.py:1824} INFO - Sync 1 DAGs
[2021-05-01 06:20:09,372] {logging_mixin.py:104} INFO - [2021-05-01 06:20:09,372] {dag.py:2280} INFO - Setting next_dagrun for write_file_python_operator to 2021-05-01T06:20:00+00:00
[2021-05-01 06:20:09,385] {scheduler_job.py:190} INFO - Processing /opt/airflow/dags/python_operator/write_file_python_operator.py took 0.085 seconds
[2021-05-01 06:20:39,877] {scheduler_job.py:182} INFO - Started process (PID=4261) to work on /opt/airflow/dags/python_operator/write_file_python_operator.py
[2021-05-01 06:20:39,879] {scheduler_job.py:629} INFO - Processing file /opt/airflow/dags/python_operator/write_file_python_operator.py for tasks to queue
[2021-05-01 06:20:39,880] {logging_mixin.py:104} INFO - [2021-05-01 06:20:39,880] {dagbag.py:451} INFO - Filling up the DagBag from /opt/airflow/dags/python_operator/write_file_python_operator.py
[2021-05-01 06:20:39,895] {scheduler_job.py:639} INFO - DAG(s) dict_keys(['write_file_python_operator']) retrieved from /opt/airflow/dags/python_operator/write_file_python_operator.py
[2021-05-01 06:20:39,921] {logging_mixin.py:104} INFO - [2021-05-01 06:20:39,920] {dag.py:1824} INFO - Sync 1 DAGs
[2021-05-01 06:20:39,947] {logging_mixin.py:104} INFO - [2021-05-01 06:20:39,947] {dag.py:2280} INFO - Setting next_dagrun for write_file_python_operator to 2021-05-01T06:20:00+00:00
[2021-05-01 06:20:39,985] {scheduler_job.py:190} INFO - Processing /opt/airflow/dags/python_operator/write_file_python_operator.py took 0.112 seconds
[2021-05-01 06:21:10,134] {scheduler_job.py:182} INFO - Started process (PID=4293) to work on /opt/airflow/dags/python_operator/write_file_python_operator.py
[2021-05-01 06:21:10,135] {scheduler_job.py:629} INFO - Processing file /opt/airflow/dags/python_operator/write_file_python_operator.py for tasks to queue
[2021-05-01 06:21:10,136] {logging_mixin.py:104} INFO - [2021-05-01 06:21:10,135] {dagbag.py:451} INFO - Filling up the DagBag from /opt/airflow/dags/python_operator/write_file_python_operator.py
[2021-05-01 06:21:10,153] {scheduler_job.py:639} INFO - DAG(s) dict_keys(['write_file_python_operator']) retrieved from /opt/airflow/dags/python_operator/write_file_python_operator.py
[2021-05-01 06:21:10,185] {logging_mixin.py:104} INFO - [2021-05-01 06:21:10,184] {dag.py:1824} INFO - Sync 1 DAGs
[2021-05-01 06:21:10,218] {logging_mixin.py:104} INFO - [2021-05-01 06:21:10,217] {dag.py:2280} INFO - Setting next_dagrun for write_file_python_operator to 2021-05-01T06:20:00+00:00
[2021-05-01 06:21:10,234] {scheduler_job.py:190} INFO - Processing /opt/airflow/dags/python_operator/write_file_python_operator.py took 0.103 seconds
[2021-05-01 06:21:40,666] {scheduler_job.py:182} INFO - Started process (PID=4327) to work on /opt/airflow/dags/python_operator/write_file_python_operator.py
[2021-05-01 06:21:40,667] {scheduler_job.py:629} INFO - Processing file /opt/airflow/dags/python_operator/write_file_python_operator.py for tasks to queue
[2021-05-01 06:21:40,668] {logging_mixin.py:104} INFO - [2021-05-01 06:21:40,668] {dagbag.py:451} INFO - Filling up the DagBag from /opt/airflow/dags/python_operator/write_file_python_operator.py
[2021-05-01 06:21:40,703] {scheduler_job.py:639} INFO - DAG(s) dict_keys(['write_file_python_operator']) retrieved from /opt/airflow/dags/python_operator/write_file_python_operator.py
[2021-05-01 06:21:40,751] {logging_mixin.py:104} INFO - [2021-05-01 06:21:40,751] {dag.py:1824} INFO - Sync 1 DAGs
[2021-05-01 06:21:40,791] {logging_mixin.py:104} INFO - [2021-05-01 06:21:40,790] {dag.py:2280} INFO - Setting next_dagrun for write_file_python_operator to 2021-05-01T06:20:00+00:00
[2021-05-01 06:21:40,808] {scheduler_job.py:190} INFO - Processing /opt/airflow/dags/python_operator/write_file_python_operator.py took 0.148 seconds
[2021-05-01 06:22:11,575] {scheduler_job.py:182} INFO - Started process (PID=4367) to work on /opt/airflow/dags/python_operator/write_file_python_operator.py
[2021-05-01 06:22:11,577] {scheduler_job.py:629} INFO - Processing file /opt/airflow/dags/python_operator/write_file_python_operator.py for tasks to queue
[2021-05-01 06:22:11,578] {logging_mixin.py:104} INFO - [2021-05-01 06:22:11,578] {dagbag.py:451} INFO - Filling up the DagBag from /opt/airflow/dags/python_operator/write_file_python_operator.py
[2021-05-01 06:22:11,593] {scheduler_job.py:639} INFO - DAG(s) dict_keys(['write_file_python_operator']) retrieved from /opt/airflow/dags/python_operator/write_file_python_operator.py
[2021-05-01 06:22:11,619] {logging_mixin.py:104} INFO - [2021-05-01 06:22:11,618] {dag.py:1824} INFO - Sync 1 DAGs
[2021-05-01 06:22:11,653] {logging_mixin.py:104} INFO - [2021-05-01 06:22:11,653] {dag.py:2280} INFO - Setting next_dagrun for write_file_python_operator to 2021-05-01T06:22:00+00:00
[2021-05-01 06:22:11,669] {scheduler_job.py:190} INFO - Processing /opt/airflow/dags/python_operator/write_file_python_operator.py took 0.099 seconds
[2021-05-01 06:22:41,826] {scheduler_job.py:182} INFO - Started process (PID=4399) to work on /opt/airflow/dags/python_operator/write_file_python_operator.py
[2021-05-01 06:22:41,829] {scheduler_job.py:629} INFO - Processing file /opt/airflow/dags/python_operator/write_file_python_operator.py for tasks to queue
[2021-05-01 06:22:41,830] {logging_mixin.py:104} INFO - [2021-05-01 06:22:41,830] {dagbag.py:451} INFO - Filling up the DagBag from /opt/airflow/dags/python_operator/write_file_python_operator.py
[2021-05-01 06:22:41,862] {scheduler_job.py:639} INFO - DAG(s) dict_keys(['write_file_python_operator']) retrieved from /opt/airflow/dags/python_operator/write_file_python_operator.py
[2021-05-01 06:22:41,916] {logging_mixin.py:104} INFO - [2021-05-01 06:22:41,916] {dag.py:1824} INFO - Sync 1 DAGs
[2021-05-01 06:22:41,995] {logging_mixin.py:104} INFO - [2021-05-01 06:22:41,995] {dag.py:2280} INFO - Setting next_dagrun for write_file_python_operator to 2021-05-01T06:22:00+00:00
[2021-05-01 06:22:42,030] {scheduler_job.py:190} INFO - Processing /opt/airflow/dags/python_operator/write_file_python_operator.py took 0.213 seconds
[2021-05-01 06:23:12,451] {scheduler_job.py:182} INFO - Started process (PID=4432) to work on /opt/airflow/dags/python_operator/write_file_python_operator.py
[2021-05-01 06:23:12,455] {scheduler_job.py:629} INFO - Processing file /opt/airflow/dags/python_operator/write_file_python_operator.py for tasks to queue
[2021-05-01 06:23:12,457] {logging_mixin.py:104} INFO - [2021-05-01 06:23:12,457] {dagbag.py:451} INFO - Filling up the DagBag from /opt/airflow/dags/python_operator/write_file_python_operator.py
[2021-05-01 06:23:12,480] {scheduler_job.py:639} INFO - DAG(s) dict_keys(['write_file_python_operator']) retrieved from /opt/airflow/dags/python_operator/write_file_python_operator.py
[2021-05-01 06:23:12,508] {logging_mixin.py:104} INFO - [2021-05-01 06:23:12,508] {dag.py:1824} INFO - Sync 1 DAGs
[2021-05-01 06:23:12,540] {logging_mixin.py:104} INFO - [2021-05-01 06:23:12,540] {dag.py:2280} INFO - Setting next_dagrun for write_file_python_operator to 2021-05-01T06:22:00+00:00
[2021-05-01 06:23:12,556] {scheduler_job.py:190} INFO - Processing /opt/airflow/dags/python_operator/write_file_python_operator.py took 0.114 seconds
[2021-05-01 06:23:42,633] {scheduler_job.py:182} INFO - Started process (PID=4465) to work on /opt/airflow/dags/python_operator/write_file_python_operator.py
[2021-05-01 06:23:42,634] {scheduler_job.py:629} INFO - Processing file /opt/airflow/dags/python_operator/write_file_python_operator.py for tasks to queue
[2021-05-01 06:23:42,635] {logging_mixin.py:104} INFO - [2021-05-01 06:23:42,635] {dagbag.py:451} INFO - Filling up the DagBag from /opt/airflow/dags/python_operator/write_file_python_operator.py
[2021-05-01 06:23:42,655] {scheduler_job.py:639} INFO - DAG(s) dict_keys(['write_file_python_operator']) retrieved from /opt/airflow/dags/python_operator/write_file_python_operator.py
[2021-05-01 06:23:42,687] {logging_mixin.py:104} INFO - [2021-05-01 06:23:42,687] {dag.py:1824} INFO - Sync 1 DAGs
[2021-05-01 06:23:42,718] {logging_mixin.py:104} INFO - [2021-05-01 06:23:42,718] {dag.py:2280} INFO - Setting next_dagrun for write_file_python_operator to 2021-05-01T06:22:00+00:00
[2021-05-01 06:23:42,737] {scheduler_job.py:190} INFO - Processing /opt/airflow/dags/python_operator/write_file_python_operator.py took 0.108 seconds
[2021-05-01 06:24:13,064] {scheduler_job.py:182} INFO - Started process (PID=4499) to work on /opt/airflow/dags/python_operator/write_file_python_operator.py
[2021-05-01 06:24:13,065] {scheduler_job.py:629} INFO - Processing file /opt/airflow/dags/python_operator/write_file_python_operator.py for tasks to queue
[2021-05-01 06:24:13,066] {logging_mixin.py:104} INFO - [2021-05-01 06:24:13,066] {dagbag.py:451} INFO - Filling up the DagBag from /opt/airflow/dags/python_operator/write_file_python_operator.py
[2021-05-01 06:24:13,100] {scheduler_job.py:639} INFO - DAG(s) dict_keys(['write_file_python_operator']) retrieved from /opt/airflow/dags/python_operator/write_file_python_operator.py
[2021-05-01 06:24:13,162] {logging_mixin.py:104} INFO - [2021-05-01 06:24:13,162] {dag.py:1824} INFO - Sync 1 DAGs
[2021-05-01 06:24:13,241] {logging_mixin.py:104} INFO - [2021-05-01 06:24:13,240] {dag.py:2280} INFO - Setting next_dagrun for write_file_python_operator to 2021-05-01T06:22:00+00:00
[2021-05-01 06:24:13,267] {scheduler_job.py:190} INFO - Processing /opt/airflow/dags/python_operator/write_file_python_operator.py took 0.209 seconds
