[2021-04-25 00:05:10,459] {taskinstance.py:877} INFO - Dependencies all met for <TaskInstance: bash_operator_dag.first_task 2021-03-04T00:00:00+00:00 [queued]>
[2021-04-25 00:05:10,495] {taskinstance.py:877} INFO - Dependencies all met for <TaskInstance: bash_operator_dag.first_task 2021-03-04T00:00:00+00:00 [queued]>
[2021-04-25 00:05:10,498] {taskinstance.py:1068} INFO - 
--------------------------------------------------------------------------------
[2021-04-25 00:05:10,499] {taskinstance.py:1069} INFO - Starting attempt 1 of 3
[2021-04-25 00:05:10,500] {taskinstance.py:1070} INFO - 
--------------------------------------------------------------------------------
[2021-04-25 00:05:10,584] {taskinstance.py:1089} INFO - Executing <Task(BashOperator): first_task> on 2021-03-04T00:00:00+00:00
[2021-04-25 00:05:10,600] {standard_task_runner.py:52} INFO - Started process 1100 to run task
[2021-04-25 00:05:10,641] {standard_task_runner.py:76} INFO - Running: ['airflow', 'tasks', 'run', 'bash_operator_dag', 'first_task', '2021-03-04T00:00:00+00:00', '--job-id', '400', '--pool', 'default_pool', '--raw', '--subdir', 'DAGS_FOLDER/simple_bash_operator_dag.py', '--cfg-path', '/tmp/tmpuwyfziq6', '--error-file', '/tmp/tmpq1vwfr57']
[2021-04-25 00:05:10,642] {standard_task_runner.py:77} INFO - Job 400: Subtask first_task
[2021-04-25 00:05:10,825] {logging_mixin.py:104} INFO - Running <TaskInstance: bash_operator_dag.first_task 2021-03-04T00:00:00+00:00 [running]> on host 4a00a306afdc
[2021-04-25 00:05:11,127] {taskinstance.py:1283} INFO - Exporting the following env vars:
AIRFLOW_CTX_DAG_OWNER=airflow
AIRFLOW_CTX_DAG_ID=bash_operator_dag
AIRFLOW_CTX_TASK_ID=first_task
AIRFLOW_CTX_EXECUTION_DATE=2021-03-04T00:00:00+00:00
AIRFLOW_CTX_DAG_RUN_ID=scheduled__2021-03-04T00:00:00+00:00
[2021-04-25 00:05:11,134] {bash.py:135} INFO - Tmp dir root location: 
 /tmp
[2021-04-25 00:05:11,138] {bash.py:158} INFO - Running command: echo "testing first bash operator"
[2021-04-25 00:05:11,162] {bash.py:169} INFO - Output:
[2021-04-25 00:05:11,163] {bash.py:173} INFO - testing first bash operator
[2021-04-25 00:05:11,184] {bash.py:177} INFO - Command exited with return code 0
[2021-04-25 00:05:11,281] {taskinstance.py:1192} INFO - Marking task as SUCCESS. dag_id=bash_operator_dag, task_id=first_task, execution_date=20210304T000000, start_date=20210425T000510, end_date=20210425T000511
[2021-04-25 00:05:11,494] {taskinstance.py:1246} INFO - 1 downstream tasks scheduled from follow-on schedule check
[2021-04-25 00:05:11,543] {local_task_job.py:146} INFO - Task exited with return code 0
[2021-04-25 00:08:14,868] {taskinstance.py:877} INFO - Dependencies all met for <TaskInstance: bash_operator_dag.first_task 2021-03-04T00:00:00+00:00 [queued]>
[2021-04-25 00:08:14,929] {taskinstance.py:877} INFO - Dependencies all met for <TaskInstance: bash_operator_dag.first_task 2021-03-04T00:00:00+00:00 [queued]>
[2021-04-25 00:08:14,929] {taskinstance.py:1068} INFO - 
--------------------------------------------------------------------------------
[2021-04-25 00:08:14,930] {taskinstance.py:1069} INFO - Starting attempt 1 of 3
[2021-04-25 00:08:14,930] {taskinstance.py:1070} INFO - 
--------------------------------------------------------------------------------
[2021-04-25 00:08:15,001] {taskinstance.py:1089} INFO - Executing <Task(BashOperator): first_task> on 2021-03-04T00:00:00+00:00
[2021-04-25 00:08:15,015] {standard_task_runner.py:52} INFO - Started process 1661 to run task
[2021-04-25 00:08:15,030] {standard_task_runner.py:76} INFO - Running: ['airflow', 'tasks', 'run', 'bash_operator_dag', 'first_task', '2021-03-04T00:00:00+00:00', '--job-id', '589', '--pool', 'default_pool', '--raw', '--subdir', 'DAGS_FOLDER/simple_bash_operator_dag.py', '--cfg-path', '/tmp/tmpcmsofycr', '--error-file', '/tmp/tmpt9ybkeex']
[2021-04-25 00:08:15,031] {standard_task_runner.py:77} INFO - Job 589: Subtask first_task
[2021-04-25 00:08:15,266] {logging_mixin.py:104} INFO - Running <TaskInstance: bash_operator_dag.first_task 2021-03-04T00:00:00+00:00 [running]> on host 4a00a306afdc
[2021-04-25 00:08:15,486] {taskinstance.py:1283} INFO - Exporting the following env vars:
AIRFLOW_CTX_DAG_OWNER=airflow
AIRFLOW_CTX_DAG_ID=bash_operator_dag
AIRFLOW_CTX_TASK_ID=first_task
AIRFLOW_CTX_EXECUTION_DATE=2021-03-04T00:00:00+00:00
AIRFLOW_CTX_DAG_RUN_ID=scheduled__2021-03-04T00:00:00+00:00
[2021-04-25 00:08:15,488] {bash.py:135} INFO - Tmp dir root location: 
 /tmp
[2021-04-25 00:08:15,496] {bash.py:158} INFO - Running command: echo "testing first bash operator"
[2021-04-25 00:08:15,567] {bash.py:169} INFO - Output:
[2021-04-25 00:08:15,571] {bash.py:173} INFO - testing first bash operator
[2021-04-25 00:08:15,572] {bash.py:177} INFO - Command exited with return code 0
[2021-04-25 00:08:15,731] {taskinstance.py:1192} INFO - Marking task as SUCCESS. dag_id=bash_operator_dag, task_id=first_task, execution_date=20210304T000000, start_date=20210425T000814, end_date=20210425T000815
[2021-04-25 00:08:15,867] {taskinstance.py:1246} INFO - 1 downstream tasks scheduled from follow-on schedule check
[2021-04-25 00:08:15,887] {local_task_job.py:146} INFO - Task exited with return code 0
