[2021-04-25 00:07:19,936] {taskinstance.py:877} INFO - Dependencies all met for <TaskInstance: bash_operator_dag.second_task 2021-01-08T00:00:00+00:00 [queued]>
[2021-04-25 00:07:19,979] {taskinstance.py:877} INFO - Dependencies all met for <TaskInstance: bash_operator_dag.second_task 2021-01-08T00:00:00+00:00 [queued]>
[2021-04-25 00:07:19,980] {taskinstance.py:1068} INFO - 
--------------------------------------------------------------------------------
[2021-04-25 00:07:19,980] {taskinstance.py:1069} INFO - Starting attempt 1 of 3
[2021-04-25 00:07:19,980] {taskinstance.py:1070} INFO - 
--------------------------------------------------------------------------------
[2021-04-25 00:07:20,050] {taskinstance.py:1089} INFO - Executing <Task(BashOperator): second_task> on 2021-01-08T00:00:00+00:00
[2021-04-25 00:07:20,074] {standard_task_runner.py:52} INFO - Started process 1350 to run task
[2021-04-25 00:07:20,105] {standard_task_runner.py:76} INFO - Running: ['airflow', 'tasks', 'run', 'bash_operator_dag', 'second_task', '2021-01-08T00:00:00+00:00', '--job-id', '485', '--pool', 'default_pool', '--raw', '--subdir', 'DAGS_FOLDER/simple_bash_operator_dag.py', '--cfg-path', '/tmp/tmpg1waijkl', '--error-file', '/tmp/tmpndxqi2ch']
[2021-04-25 00:07:20,106] {standard_task_runner.py:77} INFO - Job 485: Subtask second_task
[2021-04-25 00:07:20,318] {logging_mixin.py:104} INFO - Running <TaskInstance: bash_operator_dag.second_task 2021-01-08T00:00:00+00:00 [running]> on host 4a00a306afdc
[2021-04-25 00:07:20,448] {taskinstance.py:1283} INFO - Exporting the following env vars:
AIRFLOW_CTX_DAG_OWNER=airflow
AIRFLOW_CTX_DAG_ID=bash_operator_dag
AIRFLOW_CTX_TASK_ID=second_task
AIRFLOW_CTX_EXECUTION_DATE=2021-01-08T00:00:00+00:00
AIRFLOW_CTX_DAG_RUN_ID=scheduled__2021-01-08T00:00:00+00:00
[2021-04-25 00:07:20,450] {bash.py:135} INFO - Tmp dir root location: 
 /tmp
[2021-04-25 00:07:20,452] {bash.py:158} INFO - Running command: echo "testing second bash operator"
[2021-04-25 00:07:20,473] {bash.py:169} INFO - Output:
[2021-04-25 00:07:20,479] {bash.py:173} INFO - testing second bash operator
[2021-04-25 00:07:20,481] {bash.py:177} INFO - Command exited with return code 0
[2021-04-25 00:07:20,675] {taskinstance.py:1192} INFO - Marking task as SUCCESS. dag_id=bash_operator_dag, task_id=second_task, execution_date=20210108T000000, start_date=20210425T000719, end_date=20210425T000720
[2021-04-25 00:07:20,778] {taskinstance.py:1246} INFO - 0 downstream tasks scheduled from follow-on schedule check
[2021-04-25 00:07:20,830] {local_task_job.py:146} INFO - Task exited with return code 0
[2021-04-25 00:43:41,160] {taskinstance.py:877} INFO - Dependencies all met for <TaskInstance: bash_operator_dag.second_task 2021-01-08T00:00:00+00:00 [queued]>
[2021-04-25 00:43:41,211] {taskinstance.py:877} INFO - Dependencies all met for <TaskInstance: bash_operator_dag.second_task 2021-01-08T00:00:00+00:00 [queued]>
[2021-04-25 00:43:41,212] {taskinstance.py:1068} INFO - 
--------------------------------------------------------------------------------
[2021-04-25 00:43:41,212] {taskinstance.py:1069} INFO - Starting attempt 1 of 3
[2021-04-25 00:43:41,213] {taskinstance.py:1070} INFO - 
--------------------------------------------------------------------------------
[2021-04-25 00:43:41,300] {taskinstance.py:1089} INFO - Executing <Task(BashOperator): second_task> on 2021-01-08T00:00:00+00:00
[2021-04-25 00:43:41,314] {standard_task_runner.py:52} INFO - Started process 2040 to run task
[2021-04-25 00:43:41,341] {standard_task_runner.py:76} INFO - Running: ['airflow', 'tasks', 'run', 'bash_operator_dag', 'second_task', '2021-01-08T00:00:00+00:00', '--job-id', '715', '--pool', 'default_pool', '--raw', '--subdir', 'DAGS_FOLDER/simple_bash_operator_dag.py', '--cfg-path', '/tmp/tmp4e7yq6yh', '--error-file', '/tmp/tmp8tcw3la3']
[2021-04-25 00:43:41,342] {standard_task_runner.py:77} INFO - Job 715: Subtask second_task
[2021-04-25 00:43:41,589] {logging_mixin.py:104} INFO - Running <TaskInstance: bash_operator_dag.second_task 2021-01-08T00:00:00+00:00 [running]> on host 4a00a306afdc
[2021-04-25 00:43:41,793] {taskinstance.py:1283} INFO - Exporting the following env vars:
AIRFLOW_CTX_DAG_OWNER=airflow
AIRFLOW_CTX_DAG_ID=bash_operator_dag
AIRFLOW_CTX_TASK_ID=second_task
AIRFLOW_CTX_EXECUTION_DATE=2021-01-08T00:00:00+00:00
AIRFLOW_CTX_DAG_RUN_ID=scheduled__2021-01-08T00:00:00+00:00
[2021-04-25 00:43:41,796] {bash.py:135} INFO - Tmp dir root location: 
 /tmp
[2021-04-25 00:43:41,800] {bash.py:158} INFO - Running command: echo "testing second bash operator"
[2021-04-25 00:43:41,838] {bash.py:169} INFO - Output:
[2021-04-25 00:43:41,849] {bash.py:173} INFO - testing second bash operator
[2021-04-25 00:43:41,850] {bash.py:177} INFO - Command exited with return code 0
[2021-04-25 00:43:41,992] {taskinstance.py:1192} INFO - Marking task as SUCCESS. dag_id=bash_operator_dag, task_id=second_task, execution_date=20210108T000000, start_date=20210425T004341, end_date=20210425T004341
[2021-04-25 00:43:42,263] {taskinstance.py:1246} INFO - 0 downstream tasks scheduled from follow-on schedule check
[2021-04-25 00:43:42,306] {local_task_job.py:146} INFO - Task exited with return code 0
