[2021-04-25 00:07:53,175] {taskinstance.py:877} INFO - Dependencies all met for <TaskInstance: bash_operator_dag.first_task 2021-02-11T00:00:00+00:00 [queued]>
[2021-04-25 00:07:53,282] {taskinstance.py:877} INFO - Dependencies all met for <TaskInstance: bash_operator_dag.first_task 2021-02-11T00:00:00+00:00 [queued]>
[2021-04-25 00:07:53,283] {taskinstance.py:1068} INFO - 
--------------------------------------------------------------------------------
[2021-04-25 00:07:53,283] {taskinstance.py:1069} INFO - Starting attempt 1 of 3
[2021-04-25 00:07:53,283] {taskinstance.py:1070} INFO - 
--------------------------------------------------------------------------------
[2021-04-25 00:07:53,347] {taskinstance.py:1089} INFO - Executing <Task(BashOperator): first_task> on 2021-02-11T00:00:00+00:00
[2021-04-25 00:07:53,365] {standard_task_runner.py:52} INFO - Started process 1535 to run task
[2021-04-25 00:07:53,398] {standard_task_runner.py:76} INFO - Running: ['airflow', 'tasks', 'run', 'bash_operator_dag', 'first_task', '2021-02-11T00:00:00+00:00', '--job-id', '546', '--pool', 'default_pool', '--raw', '--subdir', 'DAGS_FOLDER/simple_bash_operator_dag.py', '--cfg-path', '/tmp/tmp2vxw_hp6', '--error-file', '/tmp/tmpz52j9rav']
[2021-04-25 00:07:53,400] {standard_task_runner.py:77} INFO - Job 546: Subtask first_task
[2021-04-25 00:07:53,604] {logging_mixin.py:104} INFO - Running <TaskInstance: bash_operator_dag.first_task 2021-02-11T00:00:00+00:00 [running]> on host 4a00a306afdc
[2021-04-25 00:07:53,786] {taskinstance.py:1283} INFO - Exporting the following env vars:
AIRFLOW_CTX_DAG_OWNER=airflow
AIRFLOW_CTX_DAG_ID=bash_operator_dag
AIRFLOW_CTX_TASK_ID=first_task
AIRFLOW_CTX_EXECUTION_DATE=2021-02-11T00:00:00+00:00
AIRFLOW_CTX_DAG_RUN_ID=scheduled__2021-02-11T00:00:00+00:00
[2021-04-25 00:07:53,788] {bash.py:135} INFO - Tmp dir root location: 
 /tmp
[2021-04-25 00:07:53,790] {bash.py:158} INFO - Running command: echo "testing first bash operator"
[2021-04-25 00:07:53,832] {bash.py:169} INFO - Output:
[2021-04-25 00:07:53,835] {bash.py:173} INFO - testing first bash operator
[2021-04-25 00:07:53,836] {bash.py:177} INFO - Command exited with return code 0
[2021-04-25 00:07:53,969] {taskinstance.py:1192} INFO - Marking task as SUCCESS. dag_id=bash_operator_dag, task_id=first_task, execution_date=20210211T000000, start_date=20210425T000753, end_date=20210425T000753
[2021-04-25 00:07:54,091] {taskinstance.py:1246} INFO - 1 downstream tasks scheduled from follow-on schedule check
[2021-04-25 00:07:54,158] {local_task_job.py:146} INFO - Task exited with return code 0
[2021-04-25 00:44:23,208] {taskinstance.py:877} INFO - Dependencies all met for <TaskInstance: bash_operator_dag.first_task 2021-02-11T00:00:00+00:00 [queued]>
[2021-04-25 00:44:23,309] {taskinstance.py:877} INFO - Dependencies all met for <TaskInstance: bash_operator_dag.first_task 2021-02-11T00:00:00+00:00 [queued]>
[2021-04-25 00:44:23,310] {taskinstance.py:1068} INFO - 
--------------------------------------------------------------------------------
[2021-04-25 00:44:23,310] {taskinstance.py:1069} INFO - Starting attempt 1 of 3
[2021-04-25 00:44:23,310] {taskinstance.py:1070} INFO - 
--------------------------------------------------------------------------------
[2021-04-25 00:44:23,379] {taskinstance.py:1089} INFO - Executing <Task(BashOperator): first_task> on 2021-02-11T00:00:00+00:00
[2021-04-25 00:44:23,416] {standard_task_runner.py:76} INFO - Running: ['airflow', 'tasks', 'run', 'bash_operator_dag', 'first_task', '2021-02-11T00:00:00+00:00', '--job-id', '774', '--pool', 'default_pool', '--raw', '--subdir', 'DAGS_FOLDER/simple_bash_operator_dag.py', '--cfg-path', '/tmp/tmp660cswt3', '--error-file', '/tmp/tmpi6xl3s86']
[2021-04-25 00:44:23,419] {standard_task_runner.py:77} INFO - Job 774: Subtask first_task
[2021-04-25 00:44:23,399] {standard_task_runner.py:52} INFO - Started process 2219 to run task
[2021-04-25 00:44:23,628] {logging_mixin.py:104} INFO - Running <TaskInstance: bash_operator_dag.first_task 2021-02-11T00:00:00+00:00 [running]> on host 4a00a306afdc
[2021-04-25 00:44:23,863] {taskinstance.py:1283} INFO - Exporting the following env vars:
AIRFLOW_CTX_DAG_OWNER=airflow
AIRFLOW_CTX_DAG_ID=bash_operator_dag
AIRFLOW_CTX_TASK_ID=first_task
AIRFLOW_CTX_EXECUTION_DATE=2021-02-11T00:00:00+00:00
AIRFLOW_CTX_DAG_RUN_ID=scheduled__2021-02-11T00:00:00+00:00
[2021-04-25 00:44:23,864] {bash.py:135} INFO - Tmp dir root location: 
 /tmp
[2021-04-25 00:44:23,873] {bash.py:158} INFO - Running command: echo "testing first bash operator"
[2021-04-25 00:44:23,901] {bash.py:169} INFO - Output:
[2021-04-25 00:44:23,907] {bash.py:173} INFO - testing first bash operator
[2021-04-25 00:44:23,908] {bash.py:177} INFO - Command exited with return code 0
[2021-04-25 00:44:24,015] {taskinstance.py:1192} INFO - Marking task as SUCCESS. dag_id=bash_operator_dag, task_id=first_task, execution_date=20210211T000000, start_date=20210425T004423, end_date=20210425T004424
[2021-04-25 00:44:24,148] {taskinstance.py:1246} INFO - 1 downstream tasks scheduled from follow-on schedule check
[2021-04-25 00:44:24,193] {local_task_job.py:146} INFO - Task exited with return code 0
