[2021-04-25 00:07:36,260] {taskinstance.py:877} INFO - Dependencies all met for <TaskInstance: bash_operator_dag.second_task 2021-01-25T00:00:00+00:00 [queued]>
[2021-04-25 00:07:36,305] {taskinstance.py:877} INFO - Dependencies all met for <TaskInstance: bash_operator_dag.second_task 2021-01-25T00:00:00+00:00 [queued]>
[2021-04-25 00:07:36,305] {taskinstance.py:1068} INFO - 
--------------------------------------------------------------------------------
[2021-04-25 00:07:36,305] {taskinstance.py:1069} INFO - Starting attempt 1 of 3
[2021-04-25 00:07:36,306] {taskinstance.py:1070} INFO - 
--------------------------------------------------------------------------------
[2021-04-25 00:07:36,343] {taskinstance.py:1089} INFO - Executing <Task(BashOperator): second_task> on 2021-01-25T00:00:00+00:00
[2021-04-25 00:07:36,355] {standard_task_runner.py:52} INFO - Started process 1452 to run task
[2021-04-25 00:07:36,381] {standard_task_runner.py:76} INFO - Running: ['airflow', 'tasks', 'run', 'bash_operator_dag', 'second_task', '2021-01-25T00:00:00+00:00', '--job-id', '519', '--pool', 'default_pool', '--raw', '--subdir', 'DAGS_FOLDER/simple_bash_operator_dag.py', '--cfg-path', '/tmp/tmpp2df8sjq', '--error-file', '/tmp/tmpf5w4uc3s']
[2021-04-25 00:07:36,382] {standard_task_runner.py:77} INFO - Job 519: Subtask second_task
[2021-04-25 00:07:36,522] {logging_mixin.py:104} INFO - Running <TaskInstance: bash_operator_dag.second_task 2021-01-25T00:00:00+00:00 [running]> on host 4a00a306afdc
[2021-04-25 00:07:36,664] {taskinstance.py:1283} INFO - Exporting the following env vars:
AIRFLOW_CTX_DAG_OWNER=airflow
AIRFLOW_CTX_DAG_ID=bash_operator_dag
AIRFLOW_CTX_TASK_ID=second_task
AIRFLOW_CTX_EXECUTION_DATE=2021-01-25T00:00:00+00:00
AIRFLOW_CTX_DAG_RUN_ID=scheduled__2021-01-25T00:00:00+00:00
[2021-04-25 00:07:36,666] {bash.py:135} INFO - Tmp dir root location: 
 /tmp
[2021-04-25 00:07:36,668] {bash.py:158} INFO - Running command: echo "testing second bash operator"
[2021-04-25 00:07:36,687] {bash.py:169} INFO - Output:
[2021-04-25 00:07:36,689] {bash.py:173} INFO - testing second bash operator
[2021-04-25 00:07:36,690] {bash.py:177} INFO - Command exited with return code 0
[2021-04-25 00:07:36,775] {taskinstance.py:1192} INFO - Marking task as SUCCESS. dag_id=bash_operator_dag, task_id=second_task, execution_date=20210125T000000, start_date=20210425T000736, end_date=20210425T000736
[2021-04-25 00:07:36,860] {taskinstance.py:1246} INFO - 0 downstream tasks scheduled from follow-on schedule check
[2021-04-25 00:07:36,885] {local_task_job.py:146} INFO - Task exited with return code 0
[2021-04-25 00:44:06,329] {taskinstance.py:877} INFO - Dependencies all met for <TaskInstance: bash_operator_dag.second_task 2021-01-25T00:00:00+00:00 [queued]>
[2021-04-25 00:44:06,402] {taskinstance.py:877} INFO - Dependencies all met for <TaskInstance: bash_operator_dag.second_task 2021-01-25T00:00:00+00:00 [queued]>
[2021-04-25 00:44:06,404] {taskinstance.py:1068} INFO - 
--------------------------------------------------------------------------------
[2021-04-25 00:44:06,408] {taskinstance.py:1069} INFO - Starting attempt 1 of 3
[2021-04-25 00:44:06,408] {taskinstance.py:1070} INFO - 
--------------------------------------------------------------------------------
[2021-04-25 00:44:06,508] {taskinstance.py:1089} INFO - Executing <Task(BashOperator): second_task> on 2021-01-25T00:00:00+00:00
[2021-04-25 00:44:06,526] {standard_task_runner.py:52} INFO - Started process 2136 to run task
[2021-04-25 00:44:06,565] {standard_task_runner.py:76} INFO - Running: ['airflow', 'tasks', 'run', 'bash_operator_dag', 'second_task', '2021-01-25T00:00:00+00:00', '--job-id', '747', '--pool', 'default_pool', '--raw', '--subdir', 'DAGS_FOLDER/simple_bash_operator_dag.py', '--cfg-path', '/tmp/tmpdm42e7y2', '--error-file', '/tmp/tmpfczrdnun']
[2021-04-25 00:44:06,566] {standard_task_runner.py:77} INFO - Job 747: Subtask second_task
[2021-04-25 00:44:07,011] {logging_mixin.py:104} INFO - Running <TaskInstance: bash_operator_dag.second_task 2021-01-25T00:00:00+00:00 [running]> on host 4a00a306afdc
[2021-04-25 00:44:07,380] {taskinstance.py:1283} INFO - Exporting the following env vars:
AIRFLOW_CTX_DAG_OWNER=airflow
AIRFLOW_CTX_DAG_ID=bash_operator_dag
AIRFLOW_CTX_TASK_ID=second_task
AIRFLOW_CTX_EXECUTION_DATE=2021-01-25T00:00:00+00:00
AIRFLOW_CTX_DAG_RUN_ID=scheduled__2021-01-25T00:00:00+00:00
[2021-04-25 00:44:07,381] {bash.py:135} INFO - Tmp dir root location: 
 /tmp
[2021-04-25 00:44:07,390] {bash.py:158} INFO - Running command: echo "testing second bash operator"
[2021-04-25 00:44:07,426] {bash.py:169} INFO - Output:
[2021-04-25 00:44:07,430] {bash.py:173} INFO - testing second bash operator
[2021-04-25 00:44:07,450] {bash.py:177} INFO - Command exited with return code 0
[2021-04-25 00:44:07,729] {taskinstance.py:1192} INFO - Marking task as SUCCESS. dag_id=bash_operator_dag, task_id=second_task, execution_date=20210125T000000, start_date=20210425T004406, end_date=20210425T004407
[2021-04-25 00:44:07,898] {taskinstance.py:1246} INFO - 0 downstream tasks scheduled from follow-on schedule check
[2021-04-25 00:44:07,956] {local_task_job.py:146} INFO - Task exited with return code 0
