[2021-04-25 00:07:19,822] {taskinstance.py:877} INFO - Dependencies all met for <TaskInstance: bash_operator_dag.first_task 2021-01-11T00:00:00+00:00 [queued]>
[2021-04-25 00:07:19,889] {taskinstance.py:877} INFO - Dependencies all met for <TaskInstance: bash_operator_dag.first_task 2021-01-11T00:00:00+00:00 [queued]>
[2021-04-25 00:07:19,893] {taskinstance.py:1068} INFO - 
--------------------------------------------------------------------------------
[2021-04-25 00:07:19,893] {taskinstance.py:1069} INFO - Starting attempt 1 of 3
[2021-04-25 00:07:19,894] {taskinstance.py:1070} INFO - 
--------------------------------------------------------------------------------
[2021-04-25 00:07:19,952] {taskinstance.py:1089} INFO - Executing <Task(BashOperator): first_task> on 2021-01-11T00:00:00+00:00
[2021-04-25 00:07:19,982] {standard_task_runner.py:76} INFO - Running: ['airflow', 'tasks', 'run', 'bash_operator_dag', 'first_task', '2021-01-11T00:00:00+00:00', '--job-id', '484', '--pool', 'default_pool', '--raw', '--subdir', 'DAGS_FOLDER/simple_bash_operator_dag.py', '--cfg-path', '/tmp/tmpimjh_fcs', '--error-file', '/tmp/tmp4lqpuj_g']
[2021-04-25 00:07:19,983] {standard_task_runner.py:77} INFO - Job 484: Subtask first_task
[2021-04-25 00:07:19,966] {standard_task_runner.py:52} INFO - Started process 1349 to run task
[2021-04-25 00:07:20,191] {logging_mixin.py:104} INFO - Running <TaskInstance: bash_operator_dag.first_task 2021-01-11T00:00:00+00:00 [running]> on host 4a00a306afdc
[2021-04-25 00:07:20,393] {taskinstance.py:1283} INFO - Exporting the following env vars:
AIRFLOW_CTX_DAG_OWNER=airflow
AIRFLOW_CTX_DAG_ID=bash_operator_dag
AIRFLOW_CTX_TASK_ID=first_task
AIRFLOW_CTX_EXECUTION_DATE=2021-01-11T00:00:00+00:00
AIRFLOW_CTX_DAG_RUN_ID=scheduled__2021-01-11T00:00:00+00:00
[2021-04-25 00:07:20,395] {bash.py:135} INFO - Tmp dir root location: 
 /tmp
[2021-04-25 00:07:20,398] {bash.py:158} INFO - Running command: echo "testing first bash operator"
[2021-04-25 00:07:20,420] {bash.py:169} INFO - Output:
[2021-04-25 00:07:20,423] {bash.py:173} INFO - testing first bash operator
[2021-04-25 00:07:20,424] {bash.py:177} INFO - Command exited with return code 0
[2021-04-25 00:07:20,513] {taskinstance.py:1192} INFO - Marking task as SUCCESS. dag_id=bash_operator_dag, task_id=first_task, execution_date=20210111T000000, start_date=20210425T000719, end_date=20210425T000720
[2021-04-25 00:07:20,656] {taskinstance.py:1246} INFO - 1 downstream tasks scheduled from follow-on schedule check
[2021-04-25 00:07:20,676] {local_task_job.py:146} INFO - Task exited with return code 0
[2021-04-25 00:43:38,600] {taskinstance.py:877} INFO - Dependencies all met for <TaskInstance: bash_operator_dag.first_task 2021-01-11T00:00:00+00:00 [queued]>
[2021-04-25 00:43:38,763] {taskinstance.py:877} INFO - Dependencies all met for <TaskInstance: bash_operator_dag.first_task 2021-01-11T00:00:00+00:00 [queued]>
[2021-04-25 00:43:38,763] {taskinstance.py:1068} INFO - 
--------------------------------------------------------------------------------
[2021-04-25 00:43:38,764] {taskinstance.py:1069} INFO - Starting attempt 1 of 3
[2021-04-25 00:43:38,764] {taskinstance.py:1070} INFO - 
--------------------------------------------------------------------------------
[2021-04-25 00:43:38,909] {taskinstance.py:1089} INFO - Executing <Task(BashOperator): first_task> on 2021-01-11T00:00:00+00:00
[2021-04-25 00:43:38,945] {standard_task_runner.py:76} INFO - Running: ['airflow', 'tasks', 'run', 'bash_operator_dag', 'first_task', '2021-01-11T00:00:00+00:00', '--job-id', '711', '--pool', 'default_pool', '--raw', '--subdir', 'DAGS_FOLDER/simple_bash_operator_dag.py', '--cfg-path', '/tmp/tmpyes6qpv1', '--error-file', '/tmp/tmppy1d2yt_']
[2021-04-25 00:43:38,947] {standard_task_runner.py:77} INFO - Job 711: Subtask first_task
[2021-04-25 00:43:38,927] {standard_task_runner.py:52} INFO - Started process 2027 to run task
[2021-04-25 00:43:39,219] {logging_mixin.py:104} INFO - Running <TaskInstance: bash_operator_dag.first_task 2021-01-11T00:00:00+00:00 [running]> on host 4a00a306afdc
[2021-04-25 00:43:39,444] {taskinstance.py:1283} INFO - Exporting the following env vars:
AIRFLOW_CTX_DAG_OWNER=airflow
AIRFLOW_CTX_DAG_ID=bash_operator_dag
AIRFLOW_CTX_TASK_ID=first_task
AIRFLOW_CTX_EXECUTION_DATE=2021-01-11T00:00:00+00:00
AIRFLOW_CTX_DAG_RUN_ID=scheduled__2021-01-11T00:00:00+00:00
[2021-04-25 00:43:39,446] {bash.py:135} INFO - Tmp dir root location: 
 /tmp
[2021-04-25 00:43:39,450] {bash.py:158} INFO - Running command: echo "testing first bash operator"
[2021-04-25 00:43:39,490] {bash.py:169} INFO - Output:
[2021-04-25 00:43:39,491] {bash.py:173} INFO - testing first bash operator
[2021-04-25 00:43:39,491] {bash.py:177} INFO - Command exited with return code 0
[2021-04-25 00:43:39,687] {taskinstance.py:1192} INFO - Marking task as SUCCESS. dag_id=bash_operator_dag, task_id=first_task, execution_date=20210111T000000, start_date=20210425T004338, end_date=20210425T004339
[2021-04-25 00:43:39,867] {taskinstance.py:1246} INFO - 1 downstream tasks scheduled from follow-on schedule check
[2021-04-25 00:43:39,898] {local_task_job.py:146} INFO - Task exited with return code 0
