[2021-04-25 13:51:02,203] {taskinstance.py:877} INFO - Dependencies all met for <TaskInstance: write_file_python_operator.write_execution_time_task 2021-04-25T13:44:00+00:00 [queued]>
[2021-04-25 13:51:02,213] {taskinstance.py:877} INFO - Dependencies all met for <TaskInstance: write_file_python_operator.write_execution_time_task 2021-04-25T13:44:00+00:00 [queued]>
[2021-04-25 13:51:02,214] {taskinstance.py:1068} INFO - 
--------------------------------------------------------------------------------
[2021-04-25 13:51:02,214] {taskinstance.py:1069} INFO - Starting attempt 2 of 3
[2021-04-25 13:51:02,214] {taskinstance.py:1070} INFO - 
--------------------------------------------------------------------------------
[2021-04-25 13:51:02,226] {taskinstance.py:1089} INFO - Executing <Task(PythonOperator): write_execution_time_task> on 2021-04-25T13:44:00+00:00
[2021-04-25 13:51:02,230] {standard_task_runner.py:52} INFO - Started process 103 to run task
[2021-04-25 13:51:02,233] {standard_task_runner.py:76} INFO - Running: ['airflow', 'tasks', 'run', 'write_file_python_operator', 'write_execution_time_task', '2021-04-25T13:44:00+00:00', '--job-id', '919', '--pool', 'default_pool', '--raw', '--subdir', 'DAGS_FOLDER/python_operator/write_file_python_operator.py', '--cfg-path', '/tmp/tmpwe_77c8d', '--error-file', '/tmp/tmpd5yjb78m']
[2021-04-25 13:51:02,233] {standard_task_runner.py:77} INFO - Job 919: Subtask write_execution_time_task
[2021-04-25 13:51:02,279] {logging_mixin.py:104} INFO - Running <TaskInstance: write_file_python_operator.write_execution_time_task 2021-04-25T13:44:00+00:00 [running]> on host d6e2455ef0ec
[2021-04-25 13:51:02,317] {taskinstance.py:1283} INFO - Exporting the following env vars:
AIRFLOW_CTX_DAG_OWNER=airflow
AIRFLOW_CTX_DAG_ID=write_file_python_operator
AIRFLOW_CTX_TASK_ID=write_execution_time_task
AIRFLOW_CTX_EXECUTION_DATE=2021-04-25T13:44:00+00:00
AIRFLOW_CTX_DAG_RUN_ID=scheduled__2021-04-25T13:44:00+00:00
[2021-04-25 13:51:02,318] {logging_mixin.py:104} INFO - Success write the execution date to exec_time.txt
[2021-04-25 13:51:02,318] {python.py:118} INFO - Done. Returned value was: None
[2021-04-25 13:51:02,328] {taskinstance.py:1192} INFO - Marking task as SUCCESS. dag_id=write_file_python_operator, task_id=write_execution_time_task, execution_date=20210425T134400, start_date=20210425T135102, end_date=20210425T135102
[2021-04-25 13:51:02,353] {taskinstance.py:1246} INFO - 0 downstream tasks scheduled from follow-on schedule check
[2021-04-25 13:51:02,367] {local_task_job.py:146} INFO - Task exited with return code 0
