[2021-04-25 00:07:51,775] {taskinstance.py:877} INFO - Dependencies all met for <TaskInstance: bash_operator_dag.second_task 2021-02-07T00:00:00+00:00 [queued]>
[2021-04-25 00:07:51,835] {taskinstance.py:877} INFO - Dependencies all met for <TaskInstance: bash_operator_dag.second_task 2021-02-07T00:00:00+00:00 [queued]>
[2021-04-25 00:07:51,836] {taskinstance.py:1068} INFO - 
--------------------------------------------------------------------------------
[2021-04-25 00:07:51,836] {taskinstance.py:1069} INFO - Starting attempt 1 of 3
[2021-04-25 00:07:51,837] {taskinstance.py:1070} INFO - 
--------------------------------------------------------------------------------
[2021-04-25 00:07:51,905] {taskinstance.py:1089} INFO - Executing <Task(BashOperator): second_task> on 2021-02-07T00:00:00+00:00
[2021-04-25 00:07:51,923] {standard_task_runner.py:52} INFO - Started process 1529 to run task
[2021-04-25 00:07:51,943] {standard_task_runner.py:76} INFO - Running: ['airflow', 'tasks', 'run', 'bash_operator_dag', 'second_task', '2021-02-07T00:00:00+00:00', '--job-id', '544', '--pool', 'default_pool', '--raw', '--subdir', 'DAGS_FOLDER/simple_bash_operator_dag.py', '--cfg-path', '/tmp/tmptn7r4n4i', '--error-file', '/tmp/tmpe8yvsc9q']
[2021-04-25 00:07:51,945] {standard_task_runner.py:77} INFO - Job 544: Subtask second_task
[2021-04-25 00:07:52,283] {logging_mixin.py:104} INFO - Running <TaskInstance: bash_operator_dag.second_task 2021-02-07T00:00:00+00:00 [running]> on host 4a00a306afdc
[2021-04-25 00:07:52,537] {taskinstance.py:1283} INFO - Exporting the following env vars:
AIRFLOW_CTX_DAG_OWNER=airflow
AIRFLOW_CTX_DAG_ID=bash_operator_dag
AIRFLOW_CTX_TASK_ID=second_task
AIRFLOW_CTX_EXECUTION_DATE=2021-02-07T00:00:00+00:00
AIRFLOW_CTX_DAG_RUN_ID=scheduled__2021-02-07T00:00:00+00:00
[2021-04-25 00:07:52,540] {bash.py:135} INFO - Tmp dir root location: 
 /tmp
[2021-04-25 00:07:52,543] {bash.py:158} INFO - Running command: echo "testing second bash operator"
[2021-04-25 00:07:52,569] {bash.py:169} INFO - Output:
[2021-04-25 00:07:52,572] {bash.py:173} INFO - testing second bash operator
[2021-04-25 00:07:52,573] {bash.py:177} INFO - Command exited with return code 0
[2021-04-25 00:07:52,698] {taskinstance.py:1192} INFO - Marking task as SUCCESS. dag_id=bash_operator_dag, task_id=second_task, execution_date=20210207T000000, start_date=20210425T000751, end_date=20210425T000752
[2021-04-25 00:07:52,817] {taskinstance.py:1246} INFO - 0 downstream tasks scheduled from follow-on schedule check
[2021-04-25 00:07:52,857] {local_task_job.py:146} INFO - Task exited with return code 0
[2021-04-25 00:44:21,974] {taskinstance.py:877} INFO - Dependencies all met for <TaskInstance: bash_operator_dag.second_task 2021-02-07T00:00:00+00:00 [queued]>
[2021-04-25 00:44:22,048] {taskinstance.py:877} INFO - Dependencies all met for <TaskInstance: bash_operator_dag.second_task 2021-02-07T00:00:00+00:00 [queued]>
[2021-04-25 00:44:22,050] {taskinstance.py:1068} INFO - 
--------------------------------------------------------------------------------
[2021-04-25 00:44:22,050] {taskinstance.py:1069} INFO - Starting attempt 1 of 3
[2021-04-25 00:44:22,050] {taskinstance.py:1070} INFO - 
--------------------------------------------------------------------------------
[2021-04-25 00:44:22,132] {taskinstance.py:1089} INFO - Executing <Task(BashOperator): second_task> on 2021-02-07T00:00:00+00:00
[2021-04-25 00:44:22,147] {standard_task_runner.py:52} INFO - Started process 2214 to run task
[2021-04-25 00:44:22,195] {standard_task_runner.py:76} INFO - Running: ['airflow', 'tasks', 'run', 'bash_operator_dag', 'second_task', '2021-02-07T00:00:00+00:00', '--job-id', '772', '--pool', 'default_pool', '--raw', '--subdir', 'DAGS_FOLDER/simple_bash_operator_dag.py', '--cfg-path', '/tmp/tmpfn6e9und', '--error-file', '/tmp/tmps4vadyyv']
[2021-04-25 00:44:22,196] {standard_task_runner.py:77} INFO - Job 772: Subtask second_task
[2021-04-25 00:44:22,380] {logging_mixin.py:104} INFO - Running <TaskInstance: bash_operator_dag.second_task 2021-02-07T00:00:00+00:00 [running]> on host 4a00a306afdc
[2021-04-25 00:44:22,536] {taskinstance.py:1283} INFO - Exporting the following env vars:
AIRFLOW_CTX_DAG_OWNER=airflow
AIRFLOW_CTX_DAG_ID=bash_operator_dag
AIRFLOW_CTX_TASK_ID=second_task
AIRFLOW_CTX_EXECUTION_DATE=2021-02-07T00:00:00+00:00
AIRFLOW_CTX_DAG_RUN_ID=scheduled__2021-02-07T00:00:00+00:00
[2021-04-25 00:44:22,538] {bash.py:135} INFO - Tmp dir root location: 
 /tmp
[2021-04-25 00:44:22,541] {bash.py:158} INFO - Running command: echo "testing second bash operator"
[2021-04-25 00:44:22,565] {bash.py:169} INFO - Output:
[2021-04-25 00:44:22,568] {bash.py:173} INFO - testing second bash operator
[2021-04-25 00:44:22,569] {bash.py:177} INFO - Command exited with return code 0
[2021-04-25 00:44:22,654] {taskinstance.py:1192} INFO - Marking task as SUCCESS. dag_id=bash_operator_dag, task_id=second_task, execution_date=20210207T000000, start_date=20210425T004421, end_date=20210425T004422
[2021-04-25 00:44:22,802] {taskinstance.py:1246} INFO - 0 downstream tasks scheduled from follow-on schedule check
[2021-04-25 00:44:22,851] {local_task_job.py:146} INFO - Task exited with return code 0
