[2021-10-13 04:51:23,930] {scheduler_job.py:182} INFO - Started process (PID=41) to work on /opt/airflow/dags/python_operator/simple_python_operator.py
[2021-10-13 04:51:23,936] {scheduler_job.py:629} INFO - Processing file /opt/airflow/dags/python_operator/simple_python_operator.py for tasks to queue
[2021-10-13 04:51:23,938] {logging_mixin.py:104} INFO - [2021-10-13 04:51:23,938] {dagbag.py:451} INFO - Filling up the DagBag from /opt/airflow/dags/python_operator/simple_python_operator.py
[2021-10-13 04:51:24,221] {scheduler_job.py:639} INFO - DAG(s) dict_keys(['simple_python_operator']) retrieved from /opt/airflow/dags/python_operator/simple_python_operator.py
[2021-10-13 04:51:24,278] {logging_mixin.py:104} INFO - [2021-10-13 04:51:24,276] {dag.py:1824} INFO - Sync 1 DAGs
[2021-10-13 04:51:24,337] {logging_mixin.py:104} INFO - [2021-10-13 04:51:24,337] {dag.py:2280} INFO - Setting next_dagrun for simple_python_operator to 2021-10-12 00:00:00+00:00
[2021-10-13 04:51:24,380] {scheduler_job.py:190} INFO - Processing /opt/airflow/dags/python_operator/simple_python_operator.py took 0.470 seconds
[2021-10-13 04:51:54,473] {scheduler_job.py:182} INFO - Started process (PID=75) to work on /opt/airflow/dags/python_operator/simple_python_operator.py
[2021-10-13 04:51:54,475] {scheduler_job.py:629} INFO - Processing file /opt/airflow/dags/python_operator/simple_python_operator.py for tasks to queue
[2021-10-13 04:51:54,476] {logging_mixin.py:104} INFO - [2021-10-13 04:51:54,475] {dagbag.py:451} INFO - Filling up the DagBag from /opt/airflow/dags/python_operator/simple_python_operator.py
[2021-10-13 04:51:54,505] {scheduler_job.py:639} INFO - DAG(s) dict_keys(['simple_python_operator']) retrieved from /opt/airflow/dags/python_operator/simple_python_operator.py
[2021-10-13 04:51:54,524] {logging_mixin.py:104} INFO - [2021-10-13 04:51:54,524] {dag.py:1824} INFO - Sync 1 DAGs
[2021-10-13 04:51:54,552] {logging_mixin.py:104} INFO - [2021-10-13 04:51:54,552] {dag.py:2280} INFO - Setting next_dagrun for simple_python_operator to 2021-10-12 00:00:00+00:00
[2021-10-13 04:51:54,575] {scheduler_job.py:190} INFO - Processing /opt/airflow/dags/python_operator/simple_python_operator.py took 0.106 seconds
[2021-10-13 04:52:25,094] {scheduler_job.py:182} INFO - Started process (PID=104) to work on /opt/airflow/dags/python_operator/simple_python_operator.py
[2021-10-13 04:52:25,095] {scheduler_job.py:629} INFO - Processing file /opt/airflow/dags/python_operator/simple_python_operator.py for tasks to queue
[2021-10-13 04:52:25,096] {logging_mixin.py:104} INFO - [2021-10-13 04:52:25,096] {dagbag.py:451} INFO - Filling up the DagBag from /opt/airflow/dags/python_operator/simple_python_operator.py
[2021-10-13 04:52:25,139] {scheduler_job.py:639} INFO - DAG(s) dict_keys(['simple_python_operator']) retrieved from /opt/airflow/dags/python_operator/simple_python_operator.py
[2021-10-13 04:52:25,161] {logging_mixin.py:104} INFO - [2021-10-13 04:52:25,161] {dag.py:1824} INFO - Sync 1 DAGs
[2021-10-13 04:52:25,191] {logging_mixin.py:104} INFO - [2021-10-13 04:52:25,191] {dag.py:2280} INFO - Setting next_dagrun for simple_python_operator to 2021-10-12 00:00:00+00:00
[2021-10-13 04:52:25,207] {scheduler_job.py:190} INFO - Processing /opt/airflow/dags/python_operator/simple_python_operator.py took 0.116 seconds
[2021-10-13 04:52:55,241] {scheduler_job.py:182} INFO - Started process (PID=137) to work on /opt/airflow/dags/python_operator/simple_python_operator.py
[2021-10-13 04:52:55,243] {scheduler_job.py:629} INFO - Processing file /opt/airflow/dags/python_operator/simple_python_operator.py for tasks to queue
[2021-10-13 04:52:55,245] {logging_mixin.py:104} INFO - [2021-10-13 04:52:55,244] {dagbag.py:451} INFO - Filling up the DagBag from /opt/airflow/dags/python_operator/simple_python_operator.py
[2021-10-13 04:52:55,282] {scheduler_job.py:639} INFO - DAG(s) dict_keys(['simple_python_operator']) retrieved from /opt/airflow/dags/python_operator/simple_python_operator.py
[2021-10-13 04:52:55,306] {logging_mixin.py:104} INFO - [2021-10-13 04:52:55,306] {dag.py:1824} INFO - Sync 1 DAGs
[2021-10-13 04:52:55,334] {logging_mixin.py:104} INFO - [2021-10-13 04:52:55,333] {dag.py:2280} INFO - Setting next_dagrun for simple_python_operator to 2021-10-12 00:00:00+00:00
[2021-10-13 04:52:55,350] {scheduler_job.py:190} INFO - Processing /opt/airflow/dags/python_operator/simple_python_operator.py took 0.112 seconds
[2021-10-13 04:53:25,546] {scheduler_job.py:182} INFO - Started process (PID=170) to work on /opt/airflow/dags/python_operator/simple_python_operator.py
[2021-10-13 04:53:25,548] {scheduler_job.py:629} INFO - Processing file /opt/airflow/dags/python_operator/simple_python_operator.py for tasks to queue
[2021-10-13 04:53:25,549] {logging_mixin.py:104} INFO - [2021-10-13 04:53:25,548] {dagbag.py:451} INFO - Filling up the DagBag from /opt/airflow/dags/python_operator/simple_python_operator.py
[2021-10-13 04:53:25,583] {scheduler_job.py:639} INFO - DAG(s) dict_keys(['simple_python_operator']) retrieved from /opt/airflow/dags/python_operator/simple_python_operator.py
[2021-10-13 04:53:25,602] {logging_mixin.py:104} INFO - [2021-10-13 04:53:25,602] {dag.py:1824} INFO - Sync 1 DAGs
[2021-10-13 04:53:25,630] {logging_mixin.py:104} INFO - [2021-10-13 04:53:25,630] {dag.py:2280} INFO - Setting next_dagrun for simple_python_operator to 2021-10-12 00:00:00+00:00
[2021-10-13 04:53:25,646] {scheduler_job.py:190} INFO - Processing /opt/airflow/dags/python_operator/simple_python_operator.py took 0.103 seconds
[2021-10-13 04:53:56,159] {scheduler_job.py:182} INFO - Started process (PID=204) to work on /opt/airflow/dags/python_operator/simple_python_operator.py
[2021-10-13 04:53:56,160] {scheduler_job.py:629} INFO - Processing file /opt/airflow/dags/python_operator/simple_python_operator.py for tasks to queue
[2021-10-13 04:53:56,161] {logging_mixin.py:104} INFO - [2021-10-13 04:53:56,161] {dagbag.py:451} INFO - Filling up the DagBag from /opt/airflow/dags/python_operator/simple_python_operator.py
[2021-10-13 04:53:56,198] {scheduler_job.py:639} INFO - DAG(s) dict_keys(['simple_python_operator']) retrieved from /opt/airflow/dags/python_operator/simple_python_operator.py
[2021-10-13 04:53:56,228] {logging_mixin.py:104} INFO - [2021-10-13 04:53:56,228] {dag.py:1824} INFO - Sync 1 DAGs
[2021-10-13 04:53:56,258] {logging_mixin.py:104} INFO - [2021-10-13 04:53:56,258] {dag.py:2280} INFO - Setting next_dagrun for simple_python_operator to 2021-10-12 00:00:00+00:00
[2021-10-13 04:53:56,273] {scheduler_job.py:190} INFO - Processing /opt/airflow/dags/python_operator/simple_python_operator.py took 0.118 seconds
[2021-10-13 04:54:26,471] {scheduler_job.py:182} INFO - Started process (PID=241) to work on /opt/airflow/dags/python_operator/simple_python_operator.py
[2021-10-13 04:54:26,472] {scheduler_job.py:629} INFO - Processing file /opt/airflow/dags/python_operator/simple_python_operator.py for tasks to queue
[2021-10-13 04:54:26,473] {logging_mixin.py:104} INFO - [2021-10-13 04:54:26,473] {dagbag.py:451} INFO - Filling up the DagBag from /opt/airflow/dags/python_operator/simple_python_operator.py
[2021-10-13 04:54:26,520] {scheduler_job.py:639} INFO - DAG(s) dict_keys(['simple_python_operator']) retrieved from /opt/airflow/dags/python_operator/simple_python_operator.py
[2021-10-13 04:54:26,554] {logging_mixin.py:104} INFO - [2021-10-13 04:54:26,554] {dag.py:1824} INFO - Sync 1 DAGs
[2021-10-13 04:54:26,584] {logging_mixin.py:104} INFO - [2021-10-13 04:54:26,584] {dag.py:2280} INFO - Setting next_dagrun for simple_python_operator to 2021-10-12 00:00:00+00:00
[2021-10-13 04:54:26,603] {scheduler_job.py:190} INFO - Processing /opt/airflow/dags/python_operator/simple_python_operator.py took 0.136 seconds
[2021-10-13 04:54:57,054] {scheduler_job.py:182} INFO - Started process (PID=275) to work on /opt/airflow/dags/python_operator/simple_python_operator.py
[2021-10-13 04:54:57,055] {scheduler_job.py:629} INFO - Processing file /opt/airflow/dags/python_operator/simple_python_operator.py for tasks to queue
[2021-10-13 04:54:57,056] {logging_mixin.py:104} INFO - [2021-10-13 04:54:57,056] {dagbag.py:451} INFO - Filling up the DagBag from /opt/airflow/dags/python_operator/simple_python_operator.py
[2021-10-13 04:54:57,090] {scheduler_job.py:639} INFO - DAG(s) dict_keys(['simple_python_operator']) retrieved from /opt/airflow/dags/python_operator/simple_python_operator.py
[2021-10-13 04:54:57,113] {logging_mixin.py:104} INFO - [2021-10-13 04:54:57,113] {dag.py:1824} INFO - Sync 1 DAGs
[2021-10-13 04:54:57,142] {logging_mixin.py:104} INFO - [2021-10-13 04:54:57,142] {dag.py:2280} INFO - Setting next_dagrun for simple_python_operator to 2021-10-12 00:00:00+00:00
[2021-10-13 04:54:57,157] {scheduler_job.py:190} INFO - Processing /opt/airflow/dags/python_operator/simple_python_operator.py took 0.106 seconds
[2021-10-13 04:55:27,445] {scheduler_job.py:182} INFO - Started process (PID=308) to work on /opt/airflow/dags/python_operator/simple_python_operator.py
[2021-10-13 04:55:27,446] {scheduler_job.py:629} INFO - Processing file /opt/airflow/dags/python_operator/simple_python_operator.py for tasks to queue
[2021-10-13 04:55:27,447] {logging_mixin.py:104} INFO - [2021-10-13 04:55:27,447] {dagbag.py:451} INFO - Filling up the DagBag from /opt/airflow/dags/python_operator/simple_python_operator.py
[2021-10-13 04:55:27,480] {scheduler_job.py:639} INFO - DAG(s) dict_keys(['simple_python_operator']) retrieved from /opt/airflow/dags/python_operator/simple_python_operator.py
[2021-10-13 04:55:27,507] {logging_mixin.py:104} INFO - [2021-10-13 04:55:27,507] {dag.py:1824} INFO - Sync 1 DAGs
[2021-10-13 04:55:27,536] {logging_mixin.py:104} INFO - [2021-10-13 04:55:27,536] {dag.py:2280} INFO - Setting next_dagrun for simple_python_operator to 2021-10-12 00:00:00+00:00
[2021-10-13 04:55:27,553] {scheduler_job.py:190} INFO - Processing /opt/airflow/dags/python_operator/simple_python_operator.py took 0.111 seconds
[2021-10-13 04:55:57,697] {scheduler_job.py:182} INFO - Started process (PID=342) to work on /opt/airflow/dags/python_operator/simple_python_operator.py
[2021-10-13 04:55:57,698] {scheduler_job.py:629} INFO - Processing file /opt/airflow/dags/python_operator/simple_python_operator.py for tasks to queue
[2021-10-13 04:55:57,699] {logging_mixin.py:104} INFO - [2021-10-13 04:55:57,698] {dagbag.py:451} INFO - Filling up the DagBag from /opt/airflow/dags/python_operator/simple_python_operator.py
[2021-10-13 04:55:57,733] {scheduler_job.py:639} INFO - DAG(s) dict_keys(['simple_python_operator']) retrieved from /opt/airflow/dags/python_operator/simple_python_operator.py
[2021-10-13 04:55:57,759] {logging_mixin.py:104} INFO - [2021-10-13 04:55:57,758] {dag.py:1824} INFO - Sync 1 DAGs
[2021-10-13 04:55:57,783] {logging_mixin.py:104} INFO - [2021-10-13 04:55:57,783] {dag.py:2280} INFO - Setting next_dagrun for simple_python_operator to 2021-10-12 00:00:00+00:00
[2021-10-13 04:55:57,800] {scheduler_job.py:190} INFO - Processing /opt/airflow/dags/python_operator/simple_python_operator.py took 0.107 seconds
[2021-10-13 04:56:27,875] {scheduler_job.py:182} INFO - Started process (PID=372) to work on /opt/airflow/dags/python_operator/simple_python_operator.py
[2021-10-13 04:56:27,876] {scheduler_job.py:629} INFO - Processing file /opt/airflow/dags/python_operator/simple_python_operator.py for tasks to queue
[2021-10-13 04:56:27,878] {logging_mixin.py:104} INFO - [2021-10-13 04:56:27,877] {dagbag.py:451} INFO - Filling up the DagBag from /opt/airflow/dags/python_operator/simple_python_operator.py
[2021-10-13 04:56:27,919] {scheduler_job.py:639} INFO - DAG(s) dict_keys(['simple_python_operator']) retrieved from /opt/airflow/dags/python_operator/simple_python_operator.py
[2021-10-13 04:56:27,939] {logging_mixin.py:104} INFO - [2021-10-13 04:56:27,939] {dag.py:1824} INFO - Sync 1 DAGs
[2021-10-13 04:56:27,966] {logging_mixin.py:104} INFO - [2021-10-13 04:56:27,966] {dag.py:2280} INFO - Setting next_dagrun for simple_python_operator to 2021-10-12 00:00:00+00:00
[2021-10-13 04:56:27,981] {scheduler_job.py:190} INFO - Processing /opt/airflow/dags/python_operator/simple_python_operator.py took 0.109 seconds
[2021-10-13 04:56:58,383] {scheduler_job.py:182} INFO - Started process (PID=406) to work on /opt/airflow/dags/python_operator/simple_python_operator.py
[2021-10-13 04:56:58,384] {scheduler_job.py:629} INFO - Processing file /opt/airflow/dags/python_operator/simple_python_operator.py for tasks to queue
[2021-10-13 04:56:58,385] {logging_mixin.py:104} INFO - [2021-10-13 04:56:58,385] {dagbag.py:451} INFO - Filling up the DagBag from /opt/airflow/dags/python_operator/simple_python_operator.py
[2021-10-13 04:56:58,428] {scheduler_job.py:639} INFO - DAG(s) dict_keys(['simple_python_operator']) retrieved from /opt/airflow/dags/python_operator/simple_python_operator.py
[2021-10-13 04:56:58,449] {logging_mixin.py:104} INFO - [2021-10-13 04:56:58,448] {dag.py:1824} INFO - Sync 1 DAGs
[2021-10-13 04:56:58,477] {logging_mixin.py:104} INFO - [2021-10-13 04:56:58,477] {dag.py:2280} INFO - Setting next_dagrun for simple_python_operator to 2021-10-12 00:00:00+00:00
[2021-10-13 04:56:58,492] {scheduler_job.py:190} INFO - Processing /opt/airflow/dags/python_operator/simple_python_operator.py took 0.113 seconds
[2021-10-13 04:57:28,576] {scheduler_job.py:182} INFO - Started process (PID=439) to work on /opt/airflow/dags/python_operator/simple_python_operator.py
[2021-10-13 04:57:28,577] {scheduler_job.py:629} INFO - Processing file /opt/airflow/dags/python_operator/simple_python_operator.py for tasks to queue
[2021-10-13 04:57:28,579] {logging_mixin.py:104} INFO - [2021-10-13 04:57:28,579] {dagbag.py:451} INFO - Filling up the DagBag from /opt/airflow/dags/python_operator/simple_python_operator.py
[2021-10-13 04:57:28,614] {scheduler_job.py:639} INFO - DAG(s) dict_keys(['simple_python_operator']) retrieved from /opt/airflow/dags/python_operator/simple_python_operator.py
[2021-10-13 04:57:28,638] {logging_mixin.py:104} INFO - [2021-10-13 04:57:28,638] {dag.py:1824} INFO - Sync 1 DAGs
[2021-10-13 04:57:28,669] {logging_mixin.py:104} INFO - [2021-10-13 04:57:28,669] {dag.py:2280} INFO - Setting next_dagrun for simple_python_operator to 2021-10-12 00:00:00+00:00
[2021-10-13 04:57:28,694] {scheduler_job.py:190} INFO - Processing /opt/airflow/dags/python_operator/simple_python_operator.py took 0.122 seconds
[2021-10-13 04:57:59,010] {scheduler_job.py:182} INFO - Started process (PID=472) to work on /opt/airflow/dags/python_operator/simple_python_operator.py
[2021-10-13 04:57:59,011] {scheduler_job.py:629} INFO - Processing file /opt/airflow/dags/python_operator/simple_python_operator.py for tasks to queue
[2021-10-13 04:57:59,012] {logging_mixin.py:104} INFO - [2021-10-13 04:57:59,012] {dagbag.py:451} INFO - Filling up the DagBag from /opt/airflow/dags/python_operator/simple_python_operator.py
[2021-10-13 04:57:59,051] {scheduler_job.py:639} INFO - DAG(s) dict_keys(['simple_python_operator']) retrieved from /opt/airflow/dags/python_operator/simple_python_operator.py
[2021-10-13 04:57:59,071] {logging_mixin.py:104} INFO - [2021-10-13 04:57:59,071] {dag.py:1824} INFO - Sync 1 DAGs
[2021-10-13 04:57:59,097] {logging_mixin.py:104} INFO - [2021-10-13 04:57:59,097] {dag.py:2280} INFO - Setting next_dagrun for simple_python_operator to 2021-10-12 00:00:00+00:00
[2021-10-13 04:57:59,112] {scheduler_job.py:190} INFO - Processing /opt/airflow/dags/python_operator/simple_python_operator.py took 0.105 seconds
[2021-10-13 04:58:29,227] {scheduler_job.py:182} INFO - Started process (PID=504) to work on /opt/airflow/dags/python_operator/simple_python_operator.py
[2021-10-13 04:58:29,232] {scheduler_job.py:629} INFO - Processing file /opt/airflow/dags/python_operator/simple_python_operator.py for tasks to queue
[2021-10-13 04:58:29,232] {logging_mixin.py:104} INFO - [2021-10-13 04:58:29,232] {dagbag.py:451} INFO - Filling up the DagBag from /opt/airflow/dags/python_operator/simple_python_operator.py
[2021-10-13 04:58:29,276] {scheduler_job.py:639} INFO - DAG(s) dict_keys(['simple_python_operator']) retrieved from /opt/airflow/dags/python_operator/simple_python_operator.py
[2021-10-13 04:58:29,299] {logging_mixin.py:104} INFO - [2021-10-13 04:58:29,299] {dag.py:1824} INFO - Sync 1 DAGs
[2021-10-13 04:58:29,326] {logging_mixin.py:104} INFO - [2021-10-13 04:58:29,326] {dag.py:2280} INFO - Setting next_dagrun for simple_python_operator to 2021-10-12 00:00:00+00:00
[2021-10-13 04:58:29,345] {scheduler_job.py:190} INFO - Processing /opt/airflow/dags/python_operator/simple_python_operator.py took 0.122 seconds
[2021-10-13 04:58:59,408] {scheduler_job.py:182} INFO - Started process (PID=537) to work on /opt/airflow/dags/python_operator/simple_python_operator.py
[2021-10-13 04:58:59,409] {scheduler_job.py:629} INFO - Processing file /opt/airflow/dags/python_operator/simple_python_operator.py for tasks to queue
[2021-10-13 04:58:59,410] {logging_mixin.py:104} INFO - [2021-10-13 04:58:59,410] {dagbag.py:451} INFO - Filling up the DagBag from /opt/airflow/dags/python_operator/simple_python_operator.py
[2021-10-13 04:58:59,446] {scheduler_job.py:639} INFO - DAG(s) dict_keys(['simple_python_operator']) retrieved from /opt/airflow/dags/python_operator/simple_python_operator.py
[2021-10-13 04:58:59,470] {logging_mixin.py:104} INFO - [2021-10-13 04:58:59,469] {dag.py:1824} INFO - Sync 1 DAGs
[2021-10-13 04:58:59,499] {logging_mixin.py:104} INFO - [2021-10-13 04:58:59,499] {dag.py:2280} INFO - Setting next_dagrun for simple_python_operator to 2021-10-12 00:00:00+00:00
[2021-10-13 04:58:59,515] {scheduler_job.py:190} INFO - Processing /opt/airflow/dags/python_operator/simple_python_operator.py took 0.110 seconds
[2021-10-13 04:59:30,098] {scheduler_job.py:182} INFO - Started process (PID=573) to work on /opt/airflow/dags/python_operator/simple_python_operator.py
[2021-10-13 04:59:30,100] {scheduler_job.py:629} INFO - Processing file /opt/airflow/dags/python_operator/simple_python_operator.py for tasks to queue
[2021-10-13 04:59:30,101] {logging_mixin.py:104} INFO - [2021-10-13 04:59:30,101] {dagbag.py:451} INFO - Filling up the DagBag from /opt/airflow/dags/python_operator/simple_python_operator.py
[2021-10-13 04:59:30,150] {scheduler_job.py:639} INFO - DAG(s) dict_keys(['simple_python_operator']) retrieved from /opt/airflow/dags/python_operator/simple_python_operator.py
[2021-10-13 04:59:30,173] {logging_mixin.py:104} INFO - [2021-10-13 04:59:30,172] {dag.py:1824} INFO - Sync 1 DAGs
[2021-10-13 04:59:30,211] {logging_mixin.py:104} INFO - [2021-10-13 04:59:30,211] {dag.py:2280} INFO - Setting next_dagrun for simple_python_operator to 2021-10-12 00:00:00+00:00
[2021-10-13 04:59:30,228] {scheduler_job.py:190} INFO - Processing /opt/airflow/dags/python_operator/simple_python_operator.py took 0.133 seconds
[2021-10-13 05:00:00,329] {scheduler_job.py:182} INFO - Started process (PID=612) to work on /opt/airflow/dags/python_operator/simple_python_operator.py
[2021-10-13 05:00:00,331] {scheduler_job.py:629} INFO - Processing file /opt/airflow/dags/python_operator/simple_python_operator.py for tasks to queue
[2021-10-13 05:00:00,333] {logging_mixin.py:104} INFO - [2021-10-13 05:00:00,332] {dagbag.py:451} INFO - Filling up the DagBag from /opt/airflow/dags/python_operator/simple_python_operator.py
[2021-10-13 05:00:00,375] {scheduler_job.py:639} INFO - DAG(s) dict_keys(['simple_python_operator']) retrieved from /opt/airflow/dags/python_operator/simple_python_operator.py
[2021-10-13 05:00:00,401] {logging_mixin.py:104} INFO - [2021-10-13 05:00:00,401] {dag.py:1824} INFO - Sync 1 DAGs
[2021-10-13 05:00:00,433] {logging_mixin.py:104} INFO - [2021-10-13 05:00:00,432] {dag.py:2280} INFO - Setting next_dagrun for simple_python_operator to 2021-10-12 00:00:00+00:00
[2021-10-13 05:00:00,448] {scheduler_job.py:190} INFO - Processing /opt/airflow/dags/python_operator/simple_python_operator.py took 0.123 seconds
[2021-10-13 05:00:30,951] {scheduler_job.py:182} INFO - Started process (PID=644) to work on /opt/airflow/dags/python_operator/simple_python_operator.py
[2021-10-13 05:00:30,952] {scheduler_job.py:629} INFO - Processing file /opt/airflow/dags/python_operator/simple_python_operator.py for tasks to queue
[2021-10-13 05:00:30,953] {logging_mixin.py:104} INFO - [2021-10-13 05:00:30,953] {dagbag.py:451} INFO - Filling up the DagBag from /opt/airflow/dags/python_operator/simple_python_operator.py
[2021-10-13 05:00:30,987] {scheduler_job.py:639} INFO - DAG(s) dict_keys(['simple_python_operator']) retrieved from /opt/airflow/dags/python_operator/simple_python_operator.py
[2021-10-13 05:00:31,009] {logging_mixin.py:104} INFO - [2021-10-13 05:00:31,009] {dag.py:1824} INFO - Sync 1 DAGs
[2021-10-13 05:00:31,041] {logging_mixin.py:104} INFO - [2021-10-13 05:00:31,040] {dag.py:2280} INFO - Setting next_dagrun for simple_python_operator to 2021-10-12 00:00:00+00:00
[2021-10-13 05:00:31,058] {scheduler_job.py:190} INFO - Processing /opt/airflow/dags/python_operator/simple_python_operator.py took 0.111 seconds
[2021-10-13 05:01:02,387] {scheduler_job.py:182} INFO - Started process (PID=683) to work on /opt/airflow/dags/python_operator/simple_python_operator.py
[2021-10-13 05:01:02,389] {scheduler_job.py:629} INFO - Processing file /opt/airflow/dags/python_operator/simple_python_operator.py for tasks to queue
[2021-10-13 05:01:02,390] {logging_mixin.py:104} INFO - [2021-10-13 05:01:02,389] {dagbag.py:451} INFO - Filling up the DagBag from /opt/airflow/dags/python_operator/simple_python_operator.py
[2021-10-13 05:01:02,426] {scheduler_job.py:639} INFO - DAG(s) dict_keys(['simple_python_operator']) retrieved from /opt/airflow/dags/python_operator/simple_python_operator.py
[2021-10-13 05:01:02,447] {logging_mixin.py:104} INFO - [2021-10-13 05:01:02,447] {dag.py:1824} INFO - Sync 1 DAGs
[2021-10-13 05:01:02,472] {logging_mixin.py:104} INFO - [2021-10-13 05:01:02,472] {dag.py:2280} INFO - Setting next_dagrun for simple_python_operator to 2021-10-12 00:00:00+00:00
[2021-10-13 05:01:02,488] {scheduler_job.py:190} INFO - Processing /opt/airflow/dags/python_operator/simple_python_operator.py took 0.103 seconds
[2021-10-13 05:01:32,776] {scheduler_job.py:182} INFO - Started process (PID=721) to work on /opt/airflow/dags/python_operator/simple_python_operator.py
[2021-10-13 05:01:32,778] {scheduler_job.py:629} INFO - Processing file /opt/airflow/dags/python_operator/simple_python_operator.py for tasks to queue
[2021-10-13 05:01:32,779] {logging_mixin.py:104} INFO - [2021-10-13 05:01:32,779] {dagbag.py:451} INFO - Filling up the DagBag from /opt/airflow/dags/python_operator/simple_python_operator.py
[2021-10-13 05:01:32,826] {scheduler_job.py:639} INFO - DAG(s) dict_keys(['simple_python_operator']) retrieved from /opt/airflow/dags/python_operator/simple_python_operator.py
[2021-10-13 05:01:32,850] {logging_mixin.py:104} INFO - [2021-10-13 05:01:32,849] {dag.py:1824} INFO - Sync 1 DAGs
[2021-10-13 05:01:32,883] {logging_mixin.py:104} INFO - [2021-10-13 05:01:32,883] {dag.py:2280} INFO - Setting next_dagrun for simple_python_operator to 2021-10-12 00:00:00+00:00
[2021-10-13 05:01:32,898] {scheduler_job.py:190} INFO - Processing /opt/airflow/dags/python_operator/simple_python_operator.py took 0.127 seconds
[2021-10-13 05:02:02,934] {scheduler_job.py:182} INFO - Started process (PID=752) to work on /opt/airflow/dags/python_operator/simple_python_operator.py
[2021-10-13 05:02:02,936] {scheduler_job.py:629} INFO - Processing file /opt/airflow/dags/python_operator/simple_python_operator.py for tasks to queue
[2021-10-13 05:02:02,937] {logging_mixin.py:104} INFO - [2021-10-13 05:02:02,937] {dagbag.py:451} INFO - Filling up the DagBag from /opt/airflow/dags/python_operator/simple_python_operator.py
[2021-10-13 05:02:02,983] {scheduler_job.py:639} INFO - DAG(s) dict_keys(['simple_python_operator']) retrieved from /opt/airflow/dags/python_operator/simple_python_operator.py
[2021-10-13 05:02:03,015] {logging_mixin.py:104} INFO - [2021-10-13 05:02:03,015] {dag.py:1824} INFO - Sync 1 DAGs
[2021-10-13 05:02:03,048] {logging_mixin.py:104} INFO - [2021-10-13 05:02:03,048] {dag.py:2280} INFO - Setting next_dagrun for simple_python_operator to 2021-10-12 00:00:00+00:00
[2021-10-13 05:02:03,065] {scheduler_job.py:190} INFO - Processing /opt/airflow/dags/python_operator/simple_python_operator.py took 0.134 seconds
[2021-10-13 05:02:33,180] {scheduler_job.py:182} INFO - Started process (PID=784) to work on /opt/airflow/dags/python_operator/simple_python_operator.py
[2021-10-13 05:02:33,182] {scheduler_job.py:629} INFO - Processing file /opt/airflow/dags/python_operator/simple_python_operator.py for tasks to queue
[2021-10-13 05:02:33,183] {logging_mixin.py:104} INFO - [2021-10-13 05:02:33,183] {dagbag.py:451} INFO - Filling up the DagBag from /opt/airflow/dags/python_operator/simple_python_operator.py
[2021-10-13 05:02:33,236] {scheduler_job.py:639} INFO - DAG(s) dict_keys(['simple_python_operator']) retrieved from /opt/airflow/dags/python_operator/simple_python_operator.py
[2021-10-13 05:02:33,269] {logging_mixin.py:104} INFO - [2021-10-13 05:02:33,269] {dag.py:1824} INFO - Sync 1 DAGs
[2021-10-13 05:02:33,310] {logging_mixin.py:104} INFO - [2021-10-13 05:02:33,309] {dag.py:2280} INFO - Setting next_dagrun for simple_python_operator to 2021-10-12 00:00:00+00:00
[2021-10-13 05:02:33,330] {scheduler_job.py:190} INFO - Processing /opt/airflow/dags/python_operator/simple_python_operator.py took 0.153 seconds
[2021-10-13 05:03:04,100] {scheduler_job.py:182} INFO - Started process (PID=819) to work on /opt/airflow/dags/python_operator/simple_python_operator.py
[2021-10-13 05:03:04,103] {scheduler_job.py:629} INFO - Processing file /opt/airflow/dags/python_operator/simple_python_operator.py for tasks to queue
[2021-10-13 05:03:04,106] {logging_mixin.py:104} INFO - [2021-10-13 05:03:04,106] {dagbag.py:451} INFO - Filling up the DagBag from /opt/airflow/dags/python_operator/simple_python_operator.py
[2021-10-13 05:03:04,192] {scheduler_job.py:639} INFO - DAG(s) dict_keys(['simple_python_operator']) retrieved from /opt/airflow/dags/python_operator/simple_python_operator.py
[2021-10-13 05:03:04,214] {logging_mixin.py:104} INFO - [2021-10-13 05:03:04,214] {dag.py:1824} INFO - Sync 1 DAGs
[2021-10-13 05:03:04,241] {logging_mixin.py:104} INFO - [2021-10-13 05:03:04,241] {dag.py:2280} INFO - Setting next_dagrun for simple_python_operator to 2021-10-12 00:00:00+00:00
[2021-10-13 05:03:04,258] {scheduler_job.py:190} INFO - Processing /opt/airflow/dags/python_operator/simple_python_operator.py took 0.161 seconds
[2021-10-13 05:03:34,618] {scheduler_job.py:182} INFO - Started process (PID=852) to work on /opt/airflow/dags/python_operator/simple_python_operator.py
[2021-10-13 05:03:34,623] {scheduler_job.py:629} INFO - Processing file /opt/airflow/dags/python_operator/simple_python_operator.py for tasks to queue
[2021-10-13 05:03:34,626] {logging_mixin.py:104} INFO - [2021-10-13 05:03:34,626] {dagbag.py:451} INFO - Filling up the DagBag from /opt/airflow/dags/python_operator/simple_python_operator.py
[2021-10-13 05:03:34,724] {scheduler_job.py:639} INFO - DAG(s) dict_keys(['simple_python_operator']) retrieved from /opt/airflow/dags/python_operator/simple_python_operator.py
[2021-10-13 05:03:34,769] {logging_mixin.py:104} INFO - [2021-10-13 05:03:34,769] {dag.py:1824} INFO - Sync 1 DAGs
[2021-10-13 05:03:34,830] {logging_mixin.py:104} INFO - [2021-10-13 05:03:34,830] {dag.py:2280} INFO - Setting next_dagrun for simple_python_operator to 2021-10-12 00:00:00+00:00
[2021-10-13 05:03:34,864] {scheduler_job.py:190} INFO - Processing /opt/airflow/dags/python_operator/simple_python_operator.py took 0.253 seconds
[2021-10-13 05:04:04,956] {scheduler_job.py:182} INFO - Started process (PID=883) to work on /opt/airflow/dags/python_operator/simple_python_operator.py
[2021-10-13 05:04:04,958] {scheduler_job.py:629} INFO - Processing file /opt/airflow/dags/python_operator/simple_python_operator.py for tasks to queue
[2021-10-13 05:04:04,959] {logging_mixin.py:104} INFO - [2021-10-13 05:04:04,959] {dagbag.py:451} INFO - Filling up the DagBag from /opt/airflow/dags/python_operator/simple_python_operator.py
[2021-10-13 05:04:04,995] {scheduler_job.py:639} INFO - DAG(s) dict_keys(['simple_python_operator']) retrieved from /opt/airflow/dags/python_operator/simple_python_operator.py
[2021-10-13 05:04:05,018] {logging_mixin.py:104} INFO - [2021-10-13 05:04:05,017] {dag.py:1824} INFO - Sync 1 DAGs
[2021-10-13 05:04:05,045] {logging_mixin.py:104} INFO - [2021-10-13 05:04:05,045] {dag.py:2280} INFO - Setting next_dagrun for simple_python_operator to 2021-10-12 00:00:00+00:00
[2021-10-13 05:04:05,062] {scheduler_job.py:190} INFO - Processing /opt/airflow/dags/python_operator/simple_python_operator.py took 0.109 seconds
[2021-10-13 05:04:35,776] {scheduler_job.py:182} INFO - Started process (PID=914) to work on /opt/airflow/dags/python_operator/simple_python_operator.py
[2021-10-13 05:04:35,778] {scheduler_job.py:629} INFO - Processing file /opt/airflow/dags/python_operator/simple_python_operator.py for tasks to queue
[2021-10-13 05:04:35,778] {logging_mixin.py:104} INFO - [2021-10-13 05:04:35,778] {dagbag.py:451} INFO - Filling up the DagBag from /opt/airflow/dags/python_operator/simple_python_operator.py
[2021-10-13 05:04:35,822] {scheduler_job.py:639} INFO - DAG(s) dict_keys(['simple_python_operator']) retrieved from /opt/airflow/dags/python_operator/simple_python_operator.py
[2021-10-13 05:04:35,845] {logging_mixin.py:104} INFO - [2021-10-13 05:04:35,845] {dag.py:1824} INFO - Sync 1 DAGs
[2021-10-13 05:04:35,873] {logging_mixin.py:104} INFO - [2021-10-13 05:04:35,873] {dag.py:2280} INFO - Setting next_dagrun for simple_python_operator to 2021-10-12 00:00:00+00:00
[2021-10-13 05:04:35,888] {scheduler_job.py:190} INFO - Processing /opt/airflow/dags/python_operator/simple_python_operator.py took 0.116 seconds
[2021-10-13 05:05:05,965] {scheduler_job.py:182} INFO - Started process (PID=943) to work on /opt/airflow/dags/python_operator/simple_python_operator.py
[2021-10-13 05:05:05,967] {scheduler_job.py:629} INFO - Processing file /opt/airflow/dags/python_operator/simple_python_operator.py for tasks to queue
[2021-10-13 05:05:05,968] {logging_mixin.py:104} INFO - [2021-10-13 05:05:05,968] {dagbag.py:451} INFO - Filling up the DagBag from /opt/airflow/dags/python_operator/simple_python_operator.py
[2021-10-13 05:05:06,028] {scheduler_job.py:639} INFO - DAG(s) dict_keys(['simple_python_operator']) retrieved from /opt/airflow/dags/python_operator/simple_python_operator.py
[2021-10-13 05:05:06,057] {logging_mixin.py:104} INFO - [2021-10-13 05:05:06,057] {dag.py:1824} INFO - Sync 1 DAGs
[2021-10-13 05:05:06,090] {logging_mixin.py:104} INFO - [2021-10-13 05:05:06,090] {dag.py:2280} INFO - Setting next_dagrun for simple_python_operator to 2021-10-12 00:00:00+00:00
[2021-10-13 05:05:06,104] {scheduler_job.py:190} INFO - Processing /opt/airflow/dags/python_operator/simple_python_operator.py took 0.143 seconds
[2021-10-13 05:05:36,396] {scheduler_job.py:182} INFO - Started process (PID=976) to work on /opt/airflow/dags/python_operator/simple_python_operator.py
[2021-10-13 05:05:36,397] {scheduler_job.py:629} INFO - Processing file /opt/airflow/dags/python_operator/simple_python_operator.py for tasks to queue
[2021-10-13 05:05:36,398] {logging_mixin.py:104} INFO - [2021-10-13 05:05:36,398] {dagbag.py:451} INFO - Filling up the DagBag from /opt/airflow/dags/python_operator/simple_python_operator.py
[2021-10-13 05:05:36,432] {scheduler_job.py:639} INFO - DAG(s) dict_keys(['simple_python_operator']) retrieved from /opt/airflow/dags/python_operator/simple_python_operator.py
[2021-10-13 05:05:36,455] {logging_mixin.py:104} INFO - [2021-10-13 05:05:36,455] {dag.py:1824} INFO - Sync 1 DAGs
[2021-10-13 05:05:36,485] {logging_mixin.py:104} INFO - [2021-10-13 05:05:36,485] {dag.py:2280} INFO - Setting next_dagrun for simple_python_operator to 2021-10-12 00:00:00+00:00
[2021-10-13 05:05:36,503] {scheduler_job.py:190} INFO - Processing /opt/airflow/dags/python_operator/simple_python_operator.py took 0.110 seconds
