[2021-05-01 05:48:02,338] {taskinstance.py:877} INFO - Dependencies all met for <TaskInstance: write_file_python_operator.write_todo_list_data_task 2021-05-01T05:46:00+00:00 [queued]>
[2021-05-01 05:48:02,375] {taskinstance.py:877} INFO - Dependencies all met for <TaskInstance: write_file_python_operator.write_todo_list_data_task 2021-05-01T05:46:00+00:00 [queued]>
[2021-05-01 05:48:02,375] {taskinstance.py:1068} INFO - 
--------------------------------------------------------------------------------
[2021-05-01 05:48:02,375] {taskinstance.py:1069} INFO - Starting attempt 1 of 3
[2021-05-01 05:48:02,376] {taskinstance.py:1070} INFO - 
--------------------------------------------------------------------------------
[2021-05-01 05:48:02,395] {taskinstance.py:1089} INFO - Executing <Task(PythonOperator): write_todo_list_data_task> on 2021-05-01T05:46:00+00:00
[2021-05-01 05:48:02,400] {standard_task_runner.py:52} INFO - Started process 105 to run task
[2021-05-01 05:48:02,427] {standard_task_runner.py:76} INFO - Running: ['airflow', 'tasks', 'run', 'write_file_python_operator', 'write_todo_list_data_task', '2021-05-01T05:46:00+00:00', '--job-id', '1055', '--pool', 'default_pool', '--raw', '--subdir', 'DAGS_FOLDER/python_operator/write_file_python_operator.py', '--cfg-path', '/tmp/tmp8twaq9dk', '--error-file', '/tmp/tmpsnic0f_k']
[2021-05-01 05:48:02,428] {standard_task_runner.py:77} INFO - Job 1055: Subtask write_todo_list_data_task
[2021-05-01 05:48:02,540] {logging_mixin.py:104} INFO - Running <TaskInstance: write_file_python_operator.write_todo_list_data_task 2021-05-01T05:46:00+00:00 [running]> on host d6e2455ef0ec
[2021-05-01 05:48:02,623] {taskinstance.py:1283} INFO - Exporting the following env vars:
AIRFLOW_CTX_DAG_OWNER=airflow
AIRFLOW_CTX_DAG_ID=write_file_python_operator
AIRFLOW_CTX_TASK_ID=write_todo_list_data_task
AIRFLOW_CTX_EXECUTION_DATE=2021-05-01T05:46:00+00:00
AIRFLOW_CTX_DAG_RUN_ID=scheduled__2021-05-01T05:46:00+00:00
[2021-05-01 05:48:02,781] {logging_mixin.py:104} INFO - Success fetch data from http://jsonplaceholder.typicode.com/todos and write to todo.json
[2021-05-01 05:48:02,782] {python.py:118} INFO - Done. Returned value was: None
[2021-05-01 05:48:02,805] {taskinstance.py:1192} INFO - Marking task as SUCCESS. dag_id=write_file_python_operator, task_id=write_todo_list_data_task, execution_date=20210501T054600, start_date=20210501T054802, end_date=20210501T054802
[2021-05-01 05:48:02,851] {taskinstance.py:1246} INFO - 0 downstream tasks scheduled from follow-on schedule check
[2021-05-01 05:48:02,879] {local_task_job.py:146} INFO - Task exited with return code 0
