[2021-10-13 04:51:22,929] {scheduler_job.py:182} INFO - Started process (PID=32) to work on /opt/airflow/dags/sensor/file_sensor.py
[2021-10-13 04:51:22,930] {scheduler_job.py:629} INFO - Processing file /opt/airflow/dags/sensor/file_sensor.py for tasks to queue
[2021-10-13 04:51:22,932] {logging_mixin.py:104} INFO - [2021-10-13 04:51:22,932] {dagbag.py:451} INFO - Filling up the DagBag from /opt/airflow/dags/sensor/file_sensor.py
[2021-10-13 04:51:22,995] {scheduler_job.py:639} INFO - DAG(s) dict_keys(['file_sensor']) retrieved from /opt/airflow/dags/sensor/file_sensor.py
[2021-10-13 04:51:23,022] {logging_mixin.py:104} INFO - [2021-10-13 04:51:23,022] {dag.py:1824} INFO - Sync 1 DAGs
[2021-10-13 04:51:23,065] {logging_mixin.py:104} INFO - [2021-10-13 04:51:23,065] {dag.py:2280} INFO - Setting next_dagrun for file_sensor to 2021-10-13T04:42:00+00:00
[2021-10-13 04:51:23,091] {scheduler_job.py:190} INFO - Processing /opt/airflow/dags/sensor/file_sensor.py took 0.167 seconds
[2021-10-13 04:51:53,755] {scheduler_job.py:182} INFO - Started process (PID=66) to work on /opt/airflow/dags/sensor/file_sensor.py
[2021-10-13 04:51:53,758] {scheduler_job.py:629} INFO - Processing file /opt/airflow/dags/sensor/file_sensor.py for tasks to queue
[2021-10-13 04:51:53,760] {logging_mixin.py:104} INFO - [2021-10-13 04:51:53,760] {dagbag.py:451} INFO - Filling up the DagBag from /opt/airflow/dags/sensor/file_sensor.py
[2021-10-13 04:51:53,888] {scheduler_job.py:639} INFO - DAG(s) dict_keys(['file_sensor']) retrieved from /opt/airflow/dags/sensor/file_sensor.py
[2021-10-13 04:51:53,915] {logging_mixin.py:104} INFO - [2021-10-13 04:51:53,915] {dag.py:1824} INFO - Sync 1 DAGs
[2021-10-13 04:51:53,950] {logging_mixin.py:104} INFO - [2021-10-13 04:51:53,949] {dag.py:2280} INFO - Setting next_dagrun for file_sensor to 2021-10-13T04:42:00+00:00
[2021-10-13 04:51:53,977] {scheduler_job.py:190} INFO - Processing /opt/airflow/dags/sensor/file_sensor.py took 0.228 seconds
[2021-10-13 04:52:24,767] {scheduler_job.py:182} INFO - Started process (PID=99) to work on /opt/airflow/dags/sensor/file_sensor.py
[2021-10-13 04:52:24,769] {scheduler_job.py:629} INFO - Processing file /opt/airflow/dags/sensor/file_sensor.py for tasks to queue
[2021-10-13 04:52:24,771] {logging_mixin.py:104} INFO - [2021-10-13 04:52:24,771] {dagbag.py:451} INFO - Filling up the DagBag from /opt/airflow/dags/sensor/file_sensor.py
[2021-10-13 04:52:24,832] {scheduler_job.py:639} INFO - DAG(s) dict_keys(['file_sensor']) retrieved from /opt/airflow/dags/sensor/file_sensor.py
[2021-10-13 04:52:24,852] {logging_mixin.py:104} INFO - [2021-10-13 04:52:24,852] {dag.py:1824} INFO - Sync 1 DAGs
[2021-10-13 04:52:24,884] {logging_mixin.py:104} INFO - [2021-10-13 04:52:24,884] {dag.py:2280} INFO - Setting next_dagrun for file_sensor to 2021-10-13T04:42:00+00:00
[2021-10-13 04:52:24,900] {scheduler_job.py:190} INFO - Processing /opt/airflow/dags/sensor/file_sensor.py took 0.140 seconds
[2021-10-13 04:52:54,979] {scheduler_job.py:182} INFO - Started process (PID=132) to work on /opt/airflow/dags/sensor/file_sensor.py
[2021-10-13 04:52:54,980] {scheduler_job.py:629} INFO - Processing file /opt/airflow/dags/sensor/file_sensor.py for tasks to queue
[2021-10-13 04:52:54,982] {logging_mixin.py:104} INFO - [2021-10-13 04:52:54,981] {dagbag.py:451} INFO - Filling up the DagBag from /opt/airflow/dags/sensor/file_sensor.py
[2021-10-13 04:52:55,024] {scheduler_job.py:639} INFO - DAG(s) dict_keys(['file_sensor']) retrieved from /opt/airflow/dags/sensor/file_sensor.py
[2021-10-13 04:52:55,044] {logging_mixin.py:104} INFO - [2021-10-13 04:52:55,044] {dag.py:1824} INFO - Sync 1 DAGs
[2021-10-13 04:52:55,076] {logging_mixin.py:104} INFO - [2021-10-13 04:52:55,076] {dag.py:2280} INFO - Setting next_dagrun for file_sensor to 2021-10-13T04:42:00+00:00
[2021-10-13 04:52:55,092] {scheduler_job.py:190} INFO - Processing /opt/airflow/dags/sensor/file_sensor.py took 0.117 seconds
[2021-10-13 04:53:25,205] {scheduler_job.py:182} INFO - Started process (PID=165) to work on /opt/airflow/dags/sensor/file_sensor.py
[2021-10-13 04:53:25,206] {scheduler_job.py:629} INFO - Processing file /opt/airflow/dags/sensor/file_sensor.py for tasks to queue
[2021-10-13 04:53:25,207] {logging_mixin.py:104} INFO - [2021-10-13 04:53:25,207] {dagbag.py:451} INFO - Filling up the DagBag from /opt/airflow/dags/sensor/file_sensor.py
[2021-10-13 04:53:25,247] {scheduler_job.py:639} INFO - DAG(s) dict_keys(['file_sensor']) retrieved from /opt/airflow/dags/sensor/file_sensor.py
[2021-10-13 04:53:25,272] {logging_mixin.py:104} INFO - [2021-10-13 04:53:25,272] {dag.py:1824} INFO - Sync 1 DAGs
[2021-10-13 04:53:25,308] {logging_mixin.py:104} INFO - [2021-10-13 04:53:25,308] {dag.py:2280} INFO - Setting next_dagrun for file_sensor to 2021-10-13T04:42:00+00:00
[2021-10-13 04:53:25,327] {scheduler_job.py:190} INFO - Processing /opt/airflow/dags/sensor/file_sensor.py took 0.125 seconds
[2021-10-13 04:53:55,624] {scheduler_job.py:182} INFO - Started process (PID=198) to work on /opt/airflow/dags/sensor/file_sensor.py
[2021-10-13 04:53:55,628] {scheduler_job.py:629} INFO - Processing file /opt/airflow/dags/sensor/file_sensor.py for tasks to queue
[2021-10-13 04:53:55,630] {logging_mixin.py:104} INFO - [2021-10-13 04:53:55,629] {dagbag.py:451} INFO - Filling up the DagBag from /opt/airflow/dags/sensor/file_sensor.py
[2021-10-13 04:53:55,678] {scheduler_job.py:639} INFO - DAG(s) dict_keys(['file_sensor']) retrieved from /opt/airflow/dags/sensor/file_sensor.py
[2021-10-13 04:53:55,698] {logging_mixin.py:104} INFO - [2021-10-13 04:53:55,698] {dag.py:1824} INFO - Sync 1 DAGs
[2021-10-13 04:53:55,731] {logging_mixin.py:104} INFO - [2021-10-13 04:53:55,731] {dag.py:2280} INFO - Setting next_dagrun for file_sensor to 2021-10-13T04:42:00+00:00
[2021-10-13 04:53:55,747] {scheduler_job.py:190} INFO - Processing /opt/airflow/dags/sensor/file_sensor.py took 0.131 seconds
[2021-10-13 04:54:26,115] {scheduler_job.py:182} INFO - Started process (PID=236) to work on /opt/airflow/dags/sensor/file_sensor.py
[2021-10-13 04:54:26,116] {scheduler_job.py:629} INFO - Processing file /opt/airflow/dags/sensor/file_sensor.py for tasks to queue
[2021-10-13 04:54:26,117] {logging_mixin.py:104} INFO - [2021-10-13 04:54:26,116] {dagbag.py:451} INFO - Filling up the DagBag from /opt/airflow/dags/sensor/file_sensor.py
[2021-10-13 04:54:26,156] {scheduler_job.py:639} INFO - DAG(s) dict_keys(['file_sensor']) retrieved from /opt/airflow/dags/sensor/file_sensor.py
[2021-10-13 04:54:26,183] {logging_mixin.py:104} INFO - [2021-10-13 04:54:26,182] {dag.py:1824} INFO - Sync 1 DAGs
[2021-10-13 04:54:26,216] {logging_mixin.py:104} INFO - [2021-10-13 04:54:26,215] {dag.py:2280} INFO - Setting next_dagrun for file_sensor to 2021-10-13T04:48:00+00:00
[2021-10-13 04:54:26,236] {scheduler_job.py:190} INFO - Processing /opt/airflow/dags/sensor/file_sensor.py took 0.125 seconds
[2021-10-13 04:54:56,842] {scheduler_job.py:182} INFO - Started process (PID=270) to work on /opt/airflow/dags/sensor/file_sensor.py
[2021-10-13 04:54:56,843] {scheduler_job.py:629} INFO - Processing file /opt/airflow/dags/sensor/file_sensor.py for tasks to queue
[2021-10-13 04:54:56,844] {logging_mixin.py:104} INFO - [2021-10-13 04:54:56,844] {dagbag.py:451} INFO - Filling up the DagBag from /opt/airflow/dags/sensor/file_sensor.py
[2021-10-13 04:54:56,879] {scheduler_job.py:639} INFO - DAG(s) dict_keys(['file_sensor']) retrieved from /opt/airflow/dags/sensor/file_sensor.py
[2021-10-13 04:54:56,901] {logging_mixin.py:104} INFO - [2021-10-13 04:54:56,901] {dag.py:1824} INFO - Sync 1 DAGs
[2021-10-13 04:54:56,928] {logging_mixin.py:104} INFO - [2021-10-13 04:54:56,928] {dag.py:2280} INFO - Setting next_dagrun for file_sensor to 2021-10-13T04:48:00+00:00
[2021-10-13 04:54:56,944] {scheduler_job.py:190} INFO - Processing /opt/airflow/dags/sensor/file_sensor.py took 0.106 seconds
[2021-10-13 04:55:27,211] {scheduler_job.py:182} INFO - Started process (PID=303) to work on /opt/airflow/dags/sensor/file_sensor.py
[2021-10-13 04:55:27,213] {scheduler_job.py:629} INFO - Processing file /opt/airflow/dags/sensor/file_sensor.py for tasks to queue
[2021-10-13 04:55:27,214] {logging_mixin.py:104} INFO - [2021-10-13 04:55:27,214] {dagbag.py:451} INFO - Filling up the DagBag from /opt/airflow/dags/sensor/file_sensor.py
[2021-10-13 04:55:27,246] {scheduler_job.py:639} INFO - DAG(s) dict_keys(['file_sensor']) retrieved from /opt/airflow/dags/sensor/file_sensor.py
[2021-10-13 04:55:27,270] {logging_mixin.py:104} INFO - [2021-10-13 04:55:27,270] {dag.py:1824} INFO - Sync 1 DAGs
[2021-10-13 04:55:27,299] {logging_mixin.py:104} INFO - [2021-10-13 04:55:27,298] {dag.py:2280} INFO - Setting next_dagrun for file_sensor to 2021-10-13T04:48:00+00:00
[2021-10-13 04:55:27,315] {scheduler_job.py:190} INFO - Processing /opt/airflow/dags/sensor/file_sensor.py took 0.108 seconds
[2021-10-13 04:55:57,395] {scheduler_job.py:182} INFO - Started process (PID=336) to work on /opt/airflow/dags/sensor/file_sensor.py
[2021-10-13 04:55:57,396] {scheduler_job.py:629} INFO - Processing file /opt/airflow/dags/sensor/file_sensor.py for tasks to queue
[2021-10-13 04:55:57,398] {logging_mixin.py:104} INFO - [2021-10-13 04:55:57,398] {dagbag.py:451} INFO - Filling up the DagBag from /opt/airflow/dags/sensor/file_sensor.py
[2021-10-13 04:55:57,435] {scheduler_job.py:639} INFO - DAG(s) dict_keys(['file_sensor']) retrieved from /opt/airflow/dags/sensor/file_sensor.py
[2021-10-13 04:55:57,460] {logging_mixin.py:104} INFO - [2021-10-13 04:55:57,459] {dag.py:1824} INFO - Sync 1 DAGs
[2021-10-13 04:55:57,489] {logging_mixin.py:104} INFO - [2021-10-13 04:55:57,489] {dag.py:2280} INFO - Setting next_dagrun for file_sensor to 2021-10-13T04:48:00+00:00
[2021-10-13 04:55:57,505] {scheduler_job.py:190} INFO - Processing /opt/airflow/dags/sensor/file_sensor.py took 0.113 seconds
[2021-10-13 04:56:27,712] {scheduler_job.py:182} INFO - Started process (PID=369) to work on /opt/airflow/dags/sensor/file_sensor.py
[2021-10-13 04:56:27,714] {scheduler_job.py:629} INFO - Processing file /opt/airflow/dags/sensor/file_sensor.py for tasks to queue
[2021-10-13 04:56:27,716] {logging_mixin.py:104} INFO - [2021-10-13 04:56:27,715] {dagbag.py:451} INFO - Filling up the DagBag from /opt/airflow/dags/sensor/file_sensor.py
[2021-10-13 04:56:27,769] {scheduler_job.py:639} INFO - DAG(s) dict_keys(['file_sensor']) retrieved from /opt/airflow/dags/sensor/file_sensor.py
[2021-10-13 04:56:27,796] {logging_mixin.py:104} INFO - [2021-10-13 04:56:27,796] {dag.py:1824} INFO - Sync 1 DAGs
[2021-10-13 04:56:27,833] {logging_mixin.py:104} INFO - [2021-10-13 04:56:27,833] {dag.py:2280} INFO - Setting next_dagrun for file_sensor to 2021-10-13T04:48:00+00:00
[2021-10-13 04:56:27,852] {scheduler_job.py:190} INFO - Processing /opt/airflow/dags/sensor/file_sensor.py took 0.145 seconds
[2021-10-13 04:56:58,154] {scheduler_job.py:182} INFO - Started process (PID=402) to work on /opt/airflow/dags/sensor/file_sensor.py
[2021-10-13 04:56:58,155] {scheduler_job.py:629} INFO - Processing file /opt/airflow/dags/sensor/file_sensor.py for tasks to queue
[2021-10-13 04:56:58,156] {logging_mixin.py:104} INFO - [2021-10-13 04:56:58,156] {dagbag.py:451} INFO - Filling up the DagBag from /opt/airflow/dags/sensor/file_sensor.py
[2021-10-13 04:56:58,200] {scheduler_job.py:639} INFO - DAG(s) dict_keys(['file_sensor']) retrieved from /opt/airflow/dags/sensor/file_sensor.py
[2021-10-13 04:56:58,221] {logging_mixin.py:104} INFO - [2021-10-13 04:56:58,221] {dag.py:1824} INFO - Sync 1 DAGs
[2021-10-13 04:56:58,264] {logging_mixin.py:104} INFO - [2021-10-13 04:56:58,263] {dag.py:2280} INFO - Setting next_dagrun for file_sensor to 2021-10-13T04:48:00+00:00
[2021-10-13 04:56:58,289] {scheduler_job.py:190} INFO - Processing /opt/airflow/dags/sensor/file_sensor.py took 0.139 seconds
[2021-10-13 04:57:28,355] {scheduler_job.py:182} INFO - Started process (PID=435) to work on /opt/airflow/dags/sensor/file_sensor.py
[2021-10-13 04:57:28,356] {scheduler_job.py:629} INFO - Processing file /opt/airflow/dags/sensor/file_sensor.py for tasks to queue
[2021-10-13 04:57:28,357] {logging_mixin.py:104} INFO - [2021-10-13 04:57:28,357] {dagbag.py:451} INFO - Filling up the DagBag from /opt/airflow/dags/sensor/file_sensor.py
[2021-10-13 04:57:28,403] {scheduler_job.py:639} INFO - DAG(s) dict_keys(['file_sensor']) retrieved from /opt/airflow/dags/sensor/file_sensor.py
[2021-10-13 04:57:28,425] {logging_mixin.py:104} INFO - [2021-10-13 04:57:28,425] {dag.py:1824} INFO - Sync 1 DAGs
[2021-10-13 04:57:28,456] {logging_mixin.py:104} INFO - [2021-10-13 04:57:28,455] {dag.py:2280} INFO - Setting next_dagrun for file_sensor to 2021-10-13T04:48:00+00:00
[2021-10-13 04:57:28,473] {scheduler_job.py:190} INFO - Processing /opt/airflow/dags/sensor/file_sensor.py took 0.121 seconds
[2021-10-13 04:57:58,796] {scheduler_job.py:182} INFO - Started process (PID=469) to work on /opt/airflow/dags/sensor/file_sensor.py
[2021-10-13 04:57:58,798] {scheduler_job.py:629} INFO - Processing file /opt/airflow/dags/sensor/file_sensor.py for tasks to queue
[2021-10-13 04:57:58,799] {logging_mixin.py:104} INFO - [2021-10-13 04:57:58,798] {dagbag.py:451} INFO - Filling up the DagBag from /opt/airflow/dags/sensor/file_sensor.py
[2021-10-13 04:57:58,851] {scheduler_job.py:639} INFO - DAG(s) dict_keys(['file_sensor']) retrieved from /opt/airflow/dags/sensor/file_sensor.py
[2021-10-13 04:57:58,875] {logging_mixin.py:104} INFO - [2021-10-13 04:57:58,875] {dag.py:1824} INFO - Sync 1 DAGs
[2021-10-13 04:57:58,904] {logging_mixin.py:104} INFO - [2021-10-13 04:57:58,904] {dag.py:2280} INFO - Setting next_dagrun for file_sensor to 2021-10-13T04:48:00+00:00
[2021-10-13 04:57:58,920] {scheduler_job.py:190} INFO - Processing /opt/airflow/dags/sensor/file_sensor.py took 0.129 seconds
[2021-10-13 04:58:29,085] {scheduler_job.py:182} INFO - Started process (PID=502) to work on /opt/airflow/dags/sensor/file_sensor.py
[2021-10-13 04:58:29,090] {scheduler_job.py:629} INFO - Processing file /opt/airflow/dags/sensor/file_sensor.py for tasks to queue
[2021-10-13 04:58:29,091] {logging_mixin.py:104} INFO - [2021-10-13 04:58:29,091] {dagbag.py:451} INFO - Filling up the DagBag from /opt/airflow/dags/sensor/file_sensor.py
[2021-10-13 04:58:29,129] {scheduler_job.py:639} INFO - DAG(s) dict_keys(['file_sensor']) retrieved from /opt/airflow/dags/sensor/file_sensor.py
[2021-10-13 04:58:29,151] {logging_mixin.py:104} INFO - [2021-10-13 04:58:29,151] {dag.py:1824} INFO - Sync 1 DAGs
[2021-10-13 04:58:29,184] {logging_mixin.py:104} INFO - [2021-10-13 04:58:29,184] {dag.py:2280} INFO - Setting next_dagrun for file_sensor to 2021-10-13T04:48:00+00:00
[2021-10-13 04:58:29,200] {scheduler_job.py:190} INFO - Processing /opt/airflow/dags/sensor/file_sensor.py took 0.119 seconds
[2021-10-13 04:58:59,281] {scheduler_job.py:182} INFO - Started process (PID=535) to work on /opt/airflow/dags/sensor/file_sensor.py
[2021-10-13 04:58:59,283] {scheduler_job.py:629} INFO - Processing file /opt/airflow/dags/sensor/file_sensor.py for tasks to queue
[2021-10-13 04:58:59,283] {logging_mixin.py:104} INFO - [2021-10-13 04:58:59,283] {dagbag.py:451} INFO - Filling up the DagBag from /opt/airflow/dags/sensor/file_sensor.py
[2021-10-13 04:58:59,319] {scheduler_job.py:639} INFO - DAG(s) dict_keys(['file_sensor']) retrieved from /opt/airflow/dags/sensor/file_sensor.py
[2021-10-13 04:58:59,342] {logging_mixin.py:104} INFO - [2021-10-13 04:58:59,342] {dag.py:1824} INFO - Sync 1 DAGs
[2021-10-13 04:58:59,372] {logging_mixin.py:104} INFO - [2021-10-13 04:58:59,371] {dag.py:2280} INFO - Setting next_dagrun for file_sensor to 2021-10-13T04:48:00+00:00
[2021-10-13 04:58:59,386] {scheduler_job.py:190} INFO - Processing /opt/airflow/dags/sensor/file_sensor.py took 0.108 seconds
[2021-10-13 04:59:29,743] {scheduler_job.py:182} INFO - Started process (PID=568) to work on /opt/airflow/dags/sensor/file_sensor.py
[2021-10-13 04:59:29,746] {scheduler_job.py:629} INFO - Processing file /opt/airflow/dags/sensor/file_sensor.py for tasks to queue
[2021-10-13 04:59:29,747] {logging_mixin.py:104} INFO - [2021-10-13 04:59:29,747] {dagbag.py:451} INFO - Filling up the DagBag from /opt/airflow/dags/sensor/file_sensor.py
[2021-10-13 04:59:29,795] {scheduler_job.py:639} INFO - DAG(s) dict_keys(['file_sensor']) retrieved from /opt/airflow/dags/sensor/file_sensor.py
[2021-10-13 04:59:29,819] {logging_mixin.py:104} INFO - [2021-10-13 04:59:29,819] {dag.py:1824} INFO - Sync 1 DAGs
[2021-10-13 04:59:29,848] {logging_mixin.py:104} INFO - [2021-10-13 04:59:29,847] {dag.py:2280} INFO - Setting next_dagrun for file_sensor to 2021-10-13T04:48:00+00:00
[2021-10-13 04:59:29,865] {scheduler_job.py:190} INFO - Processing /opt/airflow/dags/sensor/file_sensor.py took 0.130 seconds
[2021-10-13 04:59:59,958] {scheduler_job.py:182} INFO - Started process (PID=606) to work on /opt/airflow/dags/sensor/file_sensor.py
[2021-10-13 04:59:59,960] {scheduler_job.py:629} INFO - Processing file /opt/airflow/dags/sensor/file_sensor.py for tasks to queue
[2021-10-13 04:59:59,961] {logging_mixin.py:104} INFO - [2021-10-13 04:59:59,961] {dagbag.py:451} INFO - Filling up the DagBag from /opt/airflow/dags/sensor/file_sensor.py
[2021-10-13 05:00:00,009] {scheduler_job.py:639} INFO - DAG(s) dict_keys(['file_sensor']) retrieved from /opt/airflow/dags/sensor/file_sensor.py
[2021-10-13 05:00:00,032] {logging_mixin.py:104} INFO - [2021-10-13 05:00:00,032] {dag.py:1824} INFO - Sync 1 DAGs
[2021-10-13 05:00:00,069] {logging_mixin.py:104} INFO - [2021-10-13 05:00:00,069] {dag.py:2280} INFO - Setting next_dagrun for file_sensor to 2021-10-13T04:54:00+00:00
[2021-10-13 05:00:00,085] {scheduler_job.py:190} INFO - Processing /opt/airflow/dags/sensor/file_sensor.py took 0.131 seconds
[2021-10-13 05:00:30,726] {scheduler_job.py:182} INFO - Started process (PID=639) to work on /opt/airflow/dags/sensor/file_sensor.py
[2021-10-13 05:00:30,727] {scheduler_job.py:629} INFO - Processing file /opt/airflow/dags/sensor/file_sensor.py for tasks to queue
[2021-10-13 05:00:30,728] {logging_mixin.py:104} INFO - [2021-10-13 05:00:30,728] {dagbag.py:451} INFO - Filling up the DagBag from /opt/airflow/dags/sensor/file_sensor.py
[2021-10-13 05:00:30,769] {scheduler_job.py:639} INFO - DAG(s) dict_keys(['file_sensor']) retrieved from /opt/airflow/dags/sensor/file_sensor.py
[2021-10-13 05:00:30,790] {logging_mixin.py:104} INFO - [2021-10-13 05:00:30,790] {dag.py:1824} INFO - Sync 1 DAGs
[2021-10-13 05:00:30,822] {logging_mixin.py:104} INFO - [2021-10-13 05:00:30,822] {dag.py:2280} INFO - Setting next_dagrun for file_sensor to 2021-10-13T04:54:00+00:00
[2021-10-13 05:00:30,837] {scheduler_job.py:190} INFO - Processing /opt/airflow/dags/sensor/file_sensor.py took 0.115 seconds
[2021-10-13 05:01:01,682] {scheduler_job.py:182} INFO - Started process (PID=671) to work on /opt/airflow/dags/sensor/file_sensor.py
[2021-10-13 05:01:01,684] {scheduler_job.py:629} INFO - Processing file /opt/airflow/dags/sensor/file_sensor.py for tasks to queue
[2021-10-13 05:01:01,685] {logging_mixin.py:104} INFO - [2021-10-13 05:01:01,685] {dagbag.py:451} INFO - Filling up the DagBag from /opt/airflow/dags/sensor/file_sensor.py
[2021-10-13 05:01:01,798] {scheduler_job.py:639} INFO - DAG(s) dict_keys(['file_sensor']) retrieved from /opt/airflow/dags/sensor/file_sensor.py
[2021-10-13 05:01:01,835] {logging_mixin.py:104} INFO - [2021-10-13 05:01:01,835] {dag.py:1824} INFO - Sync 1 DAGs
[2021-10-13 05:01:01,902] {logging_mixin.py:104} INFO - [2021-10-13 05:01:01,902] {dag.py:2280} INFO - Setting next_dagrun for file_sensor to 2021-10-13T04:54:00+00:00
[2021-10-13 05:01:01,923] {scheduler_job.py:190} INFO - Processing /opt/airflow/dags/sensor/file_sensor.py took 0.245 seconds
[2021-10-13 05:01:32,215] {scheduler_job.py:182} INFO - Started process (PID=711) to work on /opt/airflow/dags/sensor/file_sensor.py
[2021-10-13 05:01:32,216] {scheduler_job.py:629} INFO - Processing file /opt/airflow/dags/sensor/file_sensor.py for tasks to queue
[2021-10-13 05:01:32,217] {logging_mixin.py:104} INFO - [2021-10-13 05:01:32,217] {dagbag.py:451} INFO - Filling up the DagBag from /opt/airflow/dags/sensor/file_sensor.py
[2021-10-13 05:01:32,254] {scheduler_job.py:639} INFO - DAG(s) dict_keys(['file_sensor']) retrieved from /opt/airflow/dags/sensor/file_sensor.py
[2021-10-13 05:01:32,277] {logging_mixin.py:104} INFO - [2021-10-13 05:01:32,277] {dag.py:1824} INFO - Sync 1 DAGs
[2021-10-13 05:01:32,310] {logging_mixin.py:104} INFO - [2021-10-13 05:01:32,310] {dag.py:2280} INFO - Setting next_dagrun for file_sensor to 2021-10-13T04:54:00+00:00
[2021-10-13 05:01:32,330] {scheduler_job.py:190} INFO - Processing /opt/airflow/dags/sensor/file_sensor.py took 0.119 seconds
[2021-10-13 05:02:02,585] {scheduler_job.py:182} INFO - Started process (PID=746) to work on /opt/airflow/dags/sensor/file_sensor.py
[2021-10-13 05:02:02,586] {scheduler_job.py:629} INFO - Processing file /opt/airflow/dags/sensor/file_sensor.py for tasks to queue
[2021-10-13 05:02:02,587] {logging_mixin.py:104} INFO - [2021-10-13 05:02:02,587] {dagbag.py:451} INFO - Filling up the DagBag from /opt/airflow/dags/sensor/file_sensor.py
[2021-10-13 05:02:02,629] {scheduler_job.py:639} INFO - DAG(s) dict_keys(['file_sensor']) retrieved from /opt/airflow/dags/sensor/file_sensor.py
[2021-10-13 05:02:02,651] {logging_mixin.py:104} INFO - [2021-10-13 05:02:02,651] {dag.py:1824} INFO - Sync 1 DAGs
[2021-10-13 05:02:02,683] {logging_mixin.py:104} INFO - [2021-10-13 05:02:02,683] {dag.py:2280} INFO - Setting next_dagrun for file_sensor to 2021-10-13T04:54:00+00:00
[2021-10-13 05:02:02,701] {scheduler_job.py:190} INFO - Processing /opt/airflow/dags/sensor/file_sensor.py took 0.119 seconds
[2021-10-13 05:02:32,939] {scheduler_job.py:182} INFO - Started process (PID=780) to work on /opt/airflow/dags/sensor/file_sensor.py
[2021-10-13 05:02:32,941] {scheduler_job.py:629} INFO - Processing file /opt/airflow/dags/sensor/file_sensor.py for tasks to queue
[2021-10-13 05:02:32,942] {logging_mixin.py:104} INFO - [2021-10-13 05:02:32,942] {dagbag.py:451} INFO - Filling up the DagBag from /opt/airflow/dags/sensor/file_sensor.py
[2021-10-13 05:02:32,983] {scheduler_job.py:639} INFO - DAG(s) dict_keys(['file_sensor']) retrieved from /opt/airflow/dags/sensor/file_sensor.py
[2021-10-13 05:02:33,005] {logging_mixin.py:104} INFO - [2021-10-13 05:02:33,004] {dag.py:1824} INFO - Sync 1 DAGs
[2021-10-13 05:02:33,035] {logging_mixin.py:104} INFO - [2021-10-13 05:02:33,035] {dag.py:2280} INFO - Setting next_dagrun for file_sensor to 2021-10-13T04:54:00+00:00
[2021-10-13 05:02:33,053] {scheduler_job.py:190} INFO - Processing /opt/airflow/dags/sensor/file_sensor.py took 0.118 seconds
[2021-10-13 05:03:03,274] {scheduler_job.py:182} INFO - Started process (PID=809) to work on /opt/airflow/dags/sensor/file_sensor.py
[2021-10-13 05:03:03,276] {scheduler_job.py:629} INFO - Processing file /opt/airflow/dags/sensor/file_sensor.py for tasks to queue
[2021-10-13 05:03:03,277] {logging_mixin.py:104} INFO - [2021-10-13 05:03:03,277] {dagbag.py:451} INFO - Filling up the DagBag from /opt/airflow/dags/sensor/file_sensor.py
[2021-10-13 05:03:03,323] {scheduler_job.py:639} INFO - DAG(s) dict_keys(['file_sensor']) retrieved from /opt/airflow/dags/sensor/file_sensor.py
[2021-10-13 05:03:03,346] {logging_mixin.py:104} INFO - [2021-10-13 05:03:03,346] {dag.py:1824} INFO - Sync 1 DAGs
[2021-10-13 05:03:03,378] {logging_mixin.py:104} INFO - [2021-10-13 05:03:03,378] {dag.py:2280} INFO - Setting next_dagrun for file_sensor to 2021-10-13T04:54:00+00:00
[2021-10-13 05:03:03,395] {scheduler_job.py:190} INFO - Processing /opt/airflow/dags/sensor/file_sensor.py took 0.126 seconds
[2021-10-13 05:03:34,134] {scheduler_job.py:182} INFO - Started process (PID=844) to work on /opt/airflow/dags/sensor/file_sensor.py
[2021-10-13 05:03:34,137] {scheduler_job.py:629} INFO - Processing file /opt/airflow/dags/sensor/file_sensor.py for tasks to queue
[2021-10-13 05:03:34,138] {logging_mixin.py:104} INFO - [2021-10-13 05:03:34,138] {dagbag.py:451} INFO - Filling up the DagBag from /opt/airflow/dags/sensor/file_sensor.py
[2021-10-13 05:03:34,175] {scheduler_job.py:639} INFO - DAG(s) dict_keys(['file_sensor']) retrieved from /opt/airflow/dags/sensor/file_sensor.py
[2021-10-13 05:03:34,198] {logging_mixin.py:104} INFO - [2021-10-13 05:03:34,198] {dag.py:1824} INFO - Sync 1 DAGs
[2021-10-13 05:03:34,235] {logging_mixin.py:104} INFO - [2021-10-13 05:03:34,235] {dag.py:2280} INFO - Setting next_dagrun for file_sensor to 2021-10-13T04:54:00+00:00
[2021-10-13 05:03:34,254] {scheduler_job.py:190} INFO - Processing /opt/airflow/dags/sensor/file_sensor.py took 0.124 seconds
[2021-10-13 05:04:04,505] {scheduler_job.py:182} INFO - Started process (PID=875) to work on /opt/airflow/dags/sensor/file_sensor.py
[2021-10-13 05:04:04,506] {scheduler_job.py:629} INFO - Processing file /opt/airflow/dags/sensor/file_sensor.py for tasks to queue
[2021-10-13 05:04:04,507] {logging_mixin.py:104} INFO - [2021-10-13 05:04:04,507] {dagbag.py:451} INFO - Filling up the DagBag from /opt/airflow/dags/sensor/file_sensor.py
[2021-10-13 05:04:04,552] {scheduler_job.py:639} INFO - DAG(s) dict_keys(['file_sensor']) retrieved from /opt/airflow/dags/sensor/file_sensor.py
[2021-10-13 05:04:04,571] {logging_mixin.py:104} INFO - [2021-10-13 05:04:04,571] {dag.py:1824} INFO - Sync 1 DAGs
[2021-10-13 05:04:04,600] {logging_mixin.py:104} INFO - [2021-10-13 05:04:04,600] {dag.py:2280} INFO - Setting next_dagrun for file_sensor to 2021-10-13T04:54:00+00:00
[2021-10-13 05:04:04,618] {scheduler_job.py:190} INFO - Processing /opt/airflow/dags/sensor/file_sensor.py took 0.117 seconds
[2021-10-13 05:04:35,431] {scheduler_job.py:182} INFO - Started process (PID=908) to work on /opt/airflow/dags/sensor/file_sensor.py
[2021-10-13 05:04:35,432] {scheduler_job.py:629} INFO - Processing file /opt/airflow/dags/sensor/file_sensor.py for tasks to queue
[2021-10-13 05:04:35,434] {logging_mixin.py:104} INFO - [2021-10-13 05:04:35,434] {dagbag.py:451} INFO - Filling up the DagBag from /opt/airflow/dags/sensor/file_sensor.py
[2021-10-13 05:04:35,484] {scheduler_job.py:639} INFO - DAG(s) dict_keys(['file_sensor']) retrieved from /opt/airflow/dags/sensor/file_sensor.py
[2021-10-13 05:04:35,510] {logging_mixin.py:104} INFO - [2021-10-13 05:04:35,510] {dag.py:1824} INFO - Sync 1 DAGs
[2021-10-13 05:04:35,550] {logging_mixin.py:104} INFO - [2021-10-13 05:04:35,550] {dag.py:2280} INFO - Setting next_dagrun for file_sensor to 2021-10-13T04:54:00+00:00
[2021-10-13 05:04:35,567] {scheduler_job.py:190} INFO - Processing /opt/airflow/dags/sensor/file_sensor.py took 0.140 seconds
[2021-10-13 05:05:05,705] {scheduler_job.py:182} INFO - Started process (PID=941) to work on /opt/airflow/dags/sensor/file_sensor.py
[2021-10-13 05:05:05,708] {scheduler_job.py:629} INFO - Processing file /opt/airflow/dags/sensor/file_sensor.py for tasks to queue
[2021-10-13 05:05:05,709] {logging_mixin.py:104} INFO - [2021-10-13 05:05:05,709] {dagbag.py:451} INFO - Filling up the DagBag from /opt/airflow/dags/sensor/file_sensor.py
[2021-10-13 05:05:05,765] {scheduler_job.py:639} INFO - DAG(s) dict_keys(['file_sensor']) retrieved from /opt/airflow/dags/sensor/file_sensor.py
[2021-10-13 05:05:05,788] {logging_mixin.py:104} INFO - [2021-10-13 05:05:05,788] {dag.py:1824} INFO - Sync 1 DAGs
[2021-10-13 05:05:05,816] {logging_mixin.py:104} INFO - [2021-10-13 05:05:05,816] {dag.py:2280} INFO - Setting next_dagrun for file_sensor to 2021-10-13T04:54:00+00:00
[2021-10-13 05:05:05,835] {scheduler_job.py:190} INFO - Processing /opt/airflow/dags/sensor/file_sensor.py took 0.137 seconds
[2021-10-13 05:05:36,143] {scheduler_job.py:182} INFO - Started process (PID=974) to work on /opt/airflow/dags/sensor/file_sensor.py
[2021-10-13 05:05:36,149] {scheduler_job.py:629} INFO - Processing file /opt/airflow/dags/sensor/file_sensor.py for tasks to queue
[2021-10-13 05:05:36,154] {logging_mixin.py:104} INFO - [2021-10-13 05:05:36,153] {dagbag.py:451} INFO - Filling up the DagBag from /opt/airflow/dags/sensor/file_sensor.py
[2021-10-13 05:05:36,263] {scheduler_job.py:639} INFO - DAG(s) dict_keys(['file_sensor']) retrieved from /opt/airflow/dags/sensor/file_sensor.py
[2021-10-13 05:05:36,308] {logging_mixin.py:104} INFO - [2021-10-13 05:05:36,308] {dag.py:1824} INFO - Sync 1 DAGs
[2021-10-13 05:05:36,358] {logging_mixin.py:104} INFO - [2021-10-13 05:05:36,358] {dag.py:2280} INFO - Setting next_dagrun for file_sensor to 2021-10-13T04:54:00+00:00
[2021-10-13 05:05:36,374] {scheduler_job.py:190} INFO - Processing /opt/airflow/dags/sensor/file_sensor.py took 0.247 seconds
