[2021-10-13 05:05:40,273] {taskinstance.py:877} INFO - Dependencies all met for <TaskInstance: templated_bash_operator.return_json_key_task 2021-10-12T00:00:00+00:00 [queued]>
[2021-10-13 05:05:40,288] {taskinstance.py:877} INFO - Dependencies all met for <TaskInstance: templated_bash_operator.return_json_key_task 2021-10-12T00:00:00+00:00 [queued]>
[2021-10-13 05:05:40,289] {taskinstance.py:1068} INFO - 
--------------------------------------------------------------------------------
[2021-10-13 05:05:40,289] {taskinstance.py:1069} INFO - Starting attempt 5 of 7
[2021-10-13 05:05:40,290] {taskinstance.py:1070} INFO - 
--------------------------------------------------------------------------------
[2021-10-13 05:05:40,309] {taskinstance.py:1089} INFO - Executing <Task(BashOperator): return_json_key_task> on 2021-10-12T00:00:00+00:00
[2021-10-13 05:05:40,313] {standard_task_runner.py:52} INFO - Started process 79 to run task
[2021-10-13 05:05:40,317] {standard_task_runner.py:76} INFO - Running: ['airflow', 'tasks', 'run', 'templated_bash_operator', 'return_json_key_task', '2021-10-12T00:00:00+00:00', '--job-id', '32', '--pool', 'default_pool', '--raw', '--subdir', 'DAGS_FOLDER/bash_operator/templated_bash_operator.py', '--cfg-path', '/tmp/tmpk2r774x3', '--error-file', '/tmp/tmpx4rd4dc2']
[2021-10-13 05:05:40,318] {standard_task_runner.py:77} INFO - Job 32: Subtask return_json_key_task
[2021-10-13 05:05:40,371] {logging_mixin.py:104} INFO - Running <TaskInstance: templated_bash_operator.return_json_key_task 2021-10-12T00:00:00+00:00 [running]> on host 2a52f903feb2
[2021-10-13 05:05:40,417] {taskinstance.py:1283} INFO - Exporting the following env vars:
AIRFLOW_CTX_DAG_OWNER=airflow
AIRFLOW_CTX_DAG_ID=templated_bash_operator
AIRFLOW_CTX_TASK_ID=return_json_key_task
AIRFLOW_CTX_EXECUTION_DATE=2021-10-12T00:00:00+00:00
AIRFLOW_CTX_DAG_RUN_ID=scheduled__2021-10-12T00:00:00+00:00
[2021-10-13 05:05:40,418] {bash.py:135} INFO - Tmp dir root location: 
 /tmp
[2021-10-13 05:05:40,419] {bash.py:158} INFO - Running command: echo key1
[2021-10-13 05:05:40,428] {bash.py:169} INFO - Output:
[2021-10-13 05:05:40,429] {bash.py:173} INFO - key1
[2021-10-13 05:05:40,429] {bash.py:177} INFO - Command exited with return code 0
[2021-10-13 05:05:40,464] {taskinstance.py:1192} INFO - Marking task as SUCCESS. dag_id=templated_bash_operator, task_id=return_json_key_task, execution_date=20211012T000000, start_date=20211013T050540, end_date=20211013T050540
[2021-10-13 05:05:40,495] {taskinstance.py:1246} INFO - 0 downstream tasks scheduled from follow-on schedule check
[2021-10-13 05:05:40,531] {local_task_job.py:146} INFO - Task exited with return code 0
