[2021-10-13 05:38:37,558] {taskinstance.py:877} INFO - Dependencies all met for <TaskInstance: templated_bash_operator.return_json_key_task 2021-10-12T00:00:00+00:00 [queued]>
[2021-10-13 05:38:37,580] {taskinstance.py:877} INFO - Dependencies all met for <TaskInstance: templated_bash_operator.return_json_key_task 2021-10-12T00:00:00+00:00 [queued]>
[2021-10-13 05:38:37,581] {taskinstance.py:1068} INFO - 
--------------------------------------------------------------------------------
[2021-10-13 05:38:37,581] {taskinstance.py:1069} INFO - Starting attempt 8 of 10
[2021-10-13 05:38:37,582] {taskinstance.py:1070} INFO - 
--------------------------------------------------------------------------------
[2021-10-13 05:38:37,600] {taskinstance.py:1089} INFO - Executing <Task(BashOperator): return_json_key_task> on 2021-10-12T00:00:00+00:00
[2021-10-13 05:38:37,604] {standard_task_runner.py:52} INFO - Started process 105 to run task
[2021-10-13 05:38:37,609] {standard_task_runner.py:76} INFO - Running: ['airflow', 'tasks', 'run', 'templated_bash_operator', 'return_json_key_task', '2021-10-12T00:00:00+00:00', '--job-id', '39', '--pool', 'default_pool', '--raw', '--subdir', 'DAGS_FOLDER/bash_operator/templated_bash_operator.py', '--cfg-path', '/tmp/tmpzi5cpfok', '--error-file', '/tmp/tmpzgulh1js']
[2021-10-13 05:38:37,610] {standard_task_runner.py:77} INFO - Job 39: Subtask return_json_key_task
[2021-10-13 05:38:37,688] {logging_mixin.py:104} INFO - Running <TaskInstance: templated_bash_operator.return_json_key_task 2021-10-12T00:00:00+00:00 [running]> on host 2a52f903feb2
[2021-10-13 05:38:37,765] {taskinstance.py:1283} INFO - Exporting the following env vars:
AIRFLOW_CTX_DAG_OWNER=airflow
AIRFLOW_CTX_DAG_ID=templated_bash_operator
AIRFLOW_CTX_TASK_ID=return_json_key_task
AIRFLOW_CTX_EXECUTION_DATE=2021-10-12T00:00:00+00:00
AIRFLOW_CTX_DAG_RUN_ID=scheduled__2021-10-12T00:00:00+00:00
[2021-10-13 05:38:37,766] {bash.py:135} INFO - Tmp dir root location: 
 /tmp
[2021-10-13 05:38:37,767] {bash.py:158} INFO - Running command: 
            echo {'var1': 'key1', 'var2': 'key2'}
            echo key1
            
[2021-10-13 05:38:37,777] {bash.py:169} INFO - Output:
[2021-10-13 05:38:37,778] {bash.py:173} INFO - {var1: key1, var2: key2}
[2021-10-13 05:38:37,778] {bash.py:173} INFO - key1
[2021-10-13 05:38:37,779] {bash.py:177} INFO - Command exited with return code 0
[2021-10-13 05:38:37,816] {taskinstance.py:1192} INFO - Marking task as SUCCESS. dag_id=templated_bash_operator, task_id=return_json_key_task, execution_date=20211012T000000, start_date=20211013T053837, end_date=20211013T053837
[2021-10-13 05:38:37,852] {taskinstance.py:1246} INFO - 0 downstream tasks scheduled from follow-on schedule check
[2021-10-13 05:38:37,867] {local_task_job.py:146} INFO - Task exited with return code 0
