[2021-04-25 00:08:56,686] {taskinstance.py:877} INFO - Dependencies all met for <TaskInstance: bash_operator_dag.first_task 2021-04-13T00:00:00+00:00 [queued]>
[2021-04-25 00:08:56,769] {taskinstance.py:877} INFO - Dependencies all met for <TaskInstance: bash_operator_dag.first_task 2021-04-13T00:00:00+00:00 [queued]>
[2021-04-25 00:08:56,769] {taskinstance.py:1068} INFO - 
--------------------------------------------------------------------------------
[2021-04-25 00:08:56,769] {taskinstance.py:1069} INFO - Starting attempt 1 of 3
[2021-04-25 00:08:56,770] {taskinstance.py:1070} INFO - 
--------------------------------------------------------------------------------
[2021-04-25 00:08:56,927] {taskinstance.py:1089} INFO - Executing <Task(BashOperator): first_task> on 2021-04-13T00:00:00+00:00
[2021-04-25 00:08:56,946] {standard_task_runner.py:52} INFO - Started process 1887 to run task
[2021-04-25 00:08:56,993] {standard_task_runner.py:76} INFO - Running: ['airflow', 'tasks', 'run', 'bash_operator_dag', 'first_task', '2021-04-13T00:00:00+00:00', '--job-id', '663', '--pool', 'default_pool', '--raw', '--subdir', 'DAGS_FOLDER/simple_bash_operator_dag.py', '--cfg-path', '/tmp/tmp3rebt8n6', '--error-file', '/tmp/tmpyuw44qir']
[2021-04-25 00:08:57,004] {standard_task_runner.py:77} INFO - Job 663: Subtask first_task
[2021-04-25 00:08:57,268] {logging_mixin.py:104} INFO - Running <TaskInstance: bash_operator_dag.first_task 2021-04-13T00:00:00+00:00 [running]> on host 4a00a306afdc
[2021-04-25 00:08:57,522] {taskinstance.py:1283} INFO - Exporting the following env vars:
AIRFLOW_CTX_DAG_OWNER=airflow
AIRFLOW_CTX_DAG_ID=bash_operator_dag
AIRFLOW_CTX_TASK_ID=first_task
AIRFLOW_CTX_EXECUTION_DATE=2021-04-13T00:00:00+00:00
AIRFLOW_CTX_DAG_RUN_ID=scheduled__2021-04-13T00:00:00+00:00
[2021-04-25 00:08:57,527] {bash.py:135} INFO - Tmp dir root location: 
 /tmp
[2021-04-25 00:08:57,530] {bash.py:158} INFO - Running command: echo "testing first bash operator"
[2021-04-25 00:08:57,572] {bash.py:169} INFO - Output:
[2021-04-25 00:08:57,586] {bash.py:173} INFO - testing first bash operator
[2021-04-25 00:08:57,588] {bash.py:177} INFO - Command exited with return code 0
[2021-04-25 00:08:57,780] {taskinstance.py:1192} INFO - Marking task as SUCCESS. dag_id=bash_operator_dag, task_id=first_task, execution_date=20210413T000000, start_date=20210425T000856, end_date=20210425T000857
[2021-04-25 00:08:58,118] {taskinstance.py:1246} INFO - 1 downstream tasks scheduled from follow-on schedule check
[2021-04-25 00:08:58,167] {local_task_job.py:146} INFO - Task exited with return code 0
