[2021-04-25 00:07:11,376] {taskinstance.py:877} INFO - Dependencies all met for <TaskInstance: bash_operator_dag.second_task 2021-01-02T00:00:00+00:00 [queued]>
[2021-04-25 00:07:11,429] {taskinstance.py:877} INFO - Dependencies all met for <TaskInstance: bash_operator_dag.second_task 2021-01-02T00:00:00+00:00 [queued]>
[2021-04-25 00:07:11,430] {taskinstance.py:1068} INFO - 
--------------------------------------------------------------------------------
[2021-04-25 00:07:11,432] {taskinstance.py:1069} INFO - Starting attempt 1 of 3
[2021-04-25 00:07:11,432] {taskinstance.py:1070} INFO - 
--------------------------------------------------------------------------------
[2021-04-25 00:07:11,565] {taskinstance.py:1089} INFO - Executing <Task(BashOperator): second_task> on 2021-01-02T00:00:00+00:00
[2021-04-25 00:07:11,582] {standard_task_runner.py:52} INFO - Started process 1313 to run task
[2021-04-25 00:07:11,606] {standard_task_runner.py:76} INFO - Running: ['airflow', 'tasks', 'run', 'bash_operator_dag', 'second_task', '2021-01-02T00:00:00+00:00', '--job-id', '473', '--pool', 'default_pool', '--raw', '--subdir', 'DAGS_FOLDER/simple_bash_operator_dag.py', '--cfg-path', '/tmp/tmpxljpg9e5', '--error-file', '/tmp/tmpgleb_nin']
[2021-04-25 00:07:11,607] {standard_task_runner.py:77} INFO - Job 473: Subtask second_task
[2021-04-25 00:07:11,824] {logging_mixin.py:104} INFO - Running <TaskInstance: bash_operator_dag.second_task 2021-01-02T00:00:00+00:00 [running]> on host 4a00a306afdc
[2021-04-25 00:07:11,992] {taskinstance.py:1283} INFO - Exporting the following env vars:
AIRFLOW_CTX_DAG_OWNER=airflow
AIRFLOW_CTX_DAG_ID=bash_operator_dag
AIRFLOW_CTX_TASK_ID=second_task
AIRFLOW_CTX_EXECUTION_DATE=2021-01-02T00:00:00+00:00
AIRFLOW_CTX_DAG_RUN_ID=scheduled__2021-01-02T00:00:00+00:00
[2021-04-25 00:07:11,994] {bash.py:135} INFO - Tmp dir root location: 
 /tmp
[2021-04-25 00:07:11,996] {bash.py:158} INFO - Running command: echo "testing second bash operator"
[2021-04-25 00:07:12,020] {bash.py:169} INFO - Output:
[2021-04-25 00:07:12,032] {bash.py:173} INFO - testing second bash operator
[2021-04-25 00:07:12,034] {bash.py:177} INFO - Command exited with return code 0
[2021-04-25 00:07:12,164] {taskinstance.py:1192} INFO - Marking task as SUCCESS. dag_id=bash_operator_dag, task_id=second_task, execution_date=20210102T000000, start_date=20210425T000711, end_date=20210425T000712
[2021-04-25 00:07:12,394] {taskinstance.py:1246} INFO - 0 downstream tasks scheduled from follow-on schedule check
[2021-04-25 00:07:12,435] {local_task_job.py:146} INFO - Task exited with return code 0
[2021-04-25 00:43:35,642] {taskinstance.py:877} INFO - Dependencies all met for <TaskInstance: bash_operator_dag.second_task 2021-01-02T00:00:00+00:00 [queued]>
[2021-04-25 00:43:35,812] {taskinstance.py:877} INFO - Dependencies all met for <TaskInstance: bash_operator_dag.second_task 2021-01-02T00:00:00+00:00 [queued]>
[2021-04-25 00:43:35,832] {taskinstance.py:1068} INFO - 
--------------------------------------------------------------------------------
[2021-04-25 00:43:35,832] {taskinstance.py:1069} INFO - Starting attempt 1 of 3
[2021-04-25 00:43:35,845] {taskinstance.py:1070} INFO - 
--------------------------------------------------------------------------------
[2021-04-25 00:43:36,288] {taskinstance.py:1089} INFO - Executing <Task(BashOperator): second_task> on 2021-01-02T00:00:00+00:00
[2021-04-25 00:43:36,304] {standard_task_runner.py:52} INFO - Started process 2016 to run task
[2021-04-25 00:43:36,366] {standard_task_runner.py:76} INFO - Running: ['airflow', 'tasks', 'run', 'bash_operator_dag', 'second_task', '2021-01-02T00:00:00+00:00', '--job-id', '706', '--pool', 'default_pool', '--raw', '--subdir', 'DAGS_FOLDER/simple_bash_operator_dag.py', '--cfg-path', '/tmp/tmpmxdjtgbr', '--error-file', '/tmp/tmpbielfwdj']
[2021-04-25 00:43:36,367] {standard_task_runner.py:77} INFO - Job 706: Subtask second_task
[2021-04-25 00:43:37,200] {logging_mixin.py:104} INFO - Running <TaskInstance: bash_operator_dag.second_task 2021-01-02T00:00:00+00:00 [running]> on host 4a00a306afdc
[2021-04-25 00:43:37,768] {taskinstance.py:1283} INFO - Exporting the following env vars:
AIRFLOW_CTX_DAG_OWNER=airflow
AIRFLOW_CTX_DAG_ID=bash_operator_dag
AIRFLOW_CTX_TASK_ID=second_task
AIRFLOW_CTX_EXECUTION_DATE=2021-01-02T00:00:00+00:00
AIRFLOW_CTX_DAG_RUN_ID=scheduled__2021-01-02T00:00:00+00:00
[2021-04-25 00:43:37,780] {bash.py:135} INFO - Tmp dir root location: 
 /tmp
[2021-04-25 00:43:37,795] {bash.py:158} INFO - Running command: echo "testing second bash operator"
[2021-04-25 00:43:37,884] {bash.py:169} INFO - Output:
[2021-04-25 00:43:37,888] {bash.py:173} INFO - testing second bash operator
[2021-04-25 00:43:37,889] {bash.py:177} INFO - Command exited with return code 0
[2021-04-25 00:43:38,148] {taskinstance.py:1192} INFO - Marking task as SUCCESS. dag_id=bash_operator_dag, task_id=second_task, execution_date=20210102T000000, start_date=20210425T004335, end_date=20210425T004338
[2021-04-25 00:43:38,398] {taskinstance.py:1246} INFO - 0 downstream tasks scheduled from follow-on schedule check
[2021-04-25 00:43:38,503] {local_task_job.py:146} INFO - Task exited with return code 0
