[2021-04-25 00:07:42,990] {taskinstance.py:877} INFO - Dependencies all met for <TaskInstance: bash_operator_dag.first_task 2021-02-03T00:00:00+00:00 [queued]>
[2021-04-25 00:07:43,031] {taskinstance.py:877} INFO - Dependencies all met for <TaskInstance: bash_operator_dag.first_task 2021-02-03T00:00:00+00:00 [queued]>
[2021-04-25 00:07:43,044] {taskinstance.py:1068} INFO - 
--------------------------------------------------------------------------------
[2021-04-25 00:07:43,047] {taskinstance.py:1069} INFO - Starting attempt 1 of 3
[2021-04-25 00:07:43,047] {taskinstance.py:1070} INFO - 
--------------------------------------------------------------------------------
[2021-04-25 00:07:43,103] {taskinstance.py:1089} INFO - Executing <Task(BashOperator): first_task> on 2021-02-03T00:00:00+00:00
[2021-04-25 00:07:43,113] {standard_task_runner.py:52} INFO - Started process 1487 to run task
[2021-04-25 00:07:43,129] {standard_task_runner.py:76} INFO - Running: ['airflow', 'tasks', 'run', 'bash_operator_dag', 'first_task', '2021-02-03T00:00:00+00:00', '--job-id', '530', '--pool', 'default_pool', '--raw', '--subdir', 'DAGS_FOLDER/simple_bash_operator_dag.py', '--cfg-path', '/tmp/tmpaoigd7u2', '--error-file', '/tmp/tmpxievfcpn']
[2021-04-25 00:07:43,130] {standard_task_runner.py:77} INFO - Job 530: Subtask first_task
[2021-04-25 00:07:43,353] {logging_mixin.py:104} INFO - Running <TaskInstance: bash_operator_dag.first_task 2021-02-03T00:00:00+00:00 [running]> on host 4a00a306afdc
[2021-04-25 00:07:43,511] {taskinstance.py:1283} INFO - Exporting the following env vars:
AIRFLOW_CTX_DAG_OWNER=airflow
AIRFLOW_CTX_DAG_ID=bash_operator_dag
AIRFLOW_CTX_TASK_ID=first_task
AIRFLOW_CTX_EXECUTION_DATE=2021-02-03T00:00:00+00:00
AIRFLOW_CTX_DAG_RUN_ID=scheduled__2021-02-03T00:00:00+00:00
[2021-04-25 00:07:43,514] {bash.py:135} INFO - Tmp dir root location: 
 /tmp
[2021-04-25 00:07:43,523] {bash.py:158} INFO - Running command: echo "testing first bash operator"
[2021-04-25 00:07:43,550] {bash.py:169} INFO - Output:
[2021-04-25 00:07:43,557] {bash.py:173} INFO - testing first bash operator
[2021-04-25 00:07:43,558] {bash.py:177} INFO - Command exited with return code 0
[2021-04-25 00:07:43,705] {taskinstance.py:1192} INFO - Marking task as SUCCESS. dag_id=bash_operator_dag, task_id=first_task, execution_date=20210203T000000, start_date=20210425T000742, end_date=20210425T000743
[2021-04-25 00:07:43,870] {taskinstance.py:1246} INFO - 1 downstream tasks scheduled from follow-on schedule check
[2021-04-25 00:07:43,921] {local_task_job.py:146} INFO - Task exited with return code 0
[2021-04-25 00:44:14,967] {taskinstance.py:877} INFO - Dependencies all met for <TaskInstance: bash_operator_dag.first_task 2021-02-03T00:00:00+00:00 [queued]>
[2021-04-25 00:44:15,025] {taskinstance.py:877} INFO - Dependencies all met for <TaskInstance: bash_operator_dag.first_task 2021-02-03T00:00:00+00:00 [queued]>
[2021-04-25 00:44:15,027] {taskinstance.py:1068} INFO - 
--------------------------------------------------------------------------------
[2021-04-25 00:44:15,028] {taskinstance.py:1069} INFO - Starting attempt 1 of 3
[2021-04-25 00:44:15,028] {taskinstance.py:1070} INFO - 
--------------------------------------------------------------------------------
[2021-04-25 00:44:15,118] {taskinstance.py:1089} INFO - Executing <Task(BashOperator): first_task> on 2021-02-03T00:00:00+00:00
[2021-04-25 00:44:15,126] {standard_task_runner.py:52} INFO - Started process 2172 to run task
[2021-04-25 00:44:15,154] {standard_task_runner.py:76} INFO - Running: ['airflow', 'tasks', 'run', 'bash_operator_dag', 'first_task', '2021-02-03T00:00:00+00:00', '--job-id', '759', '--pool', 'default_pool', '--raw', '--subdir', 'DAGS_FOLDER/simple_bash_operator_dag.py', '--cfg-path', '/tmp/tmpw23s41cx', '--error-file', '/tmp/tmp_8hkjtox']
[2021-04-25 00:44:15,155] {standard_task_runner.py:77} INFO - Job 759: Subtask first_task
[2021-04-25 00:44:15,316] {logging_mixin.py:104} INFO - Running <TaskInstance: bash_operator_dag.first_task 2021-02-03T00:00:00+00:00 [running]> on host 4a00a306afdc
[2021-04-25 00:44:15,444] {taskinstance.py:1283} INFO - Exporting the following env vars:
AIRFLOW_CTX_DAG_OWNER=airflow
AIRFLOW_CTX_DAG_ID=bash_operator_dag
AIRFLOW_CTX_TASK_ID=first_task
AIRFLOW_CTX_EXECUTION_DATE=2021-02-03T00:00:00+00:00
AIRFLOW_CTX_DAG_RUN_ID=scheduled__2021-02-03T00:00:00+00:00
[2021-04-25 00:44:15,446] {bash.py:135} INFO - Tmp dir root location: 
 /tmp
[2021-04-25 00:44:15,449] {bash.py:158} INFO - Running command: echo "testing first bash operator"
[2021-04-25 00:44:15,474] {bash.py:169} INFO - Output:
[2021-04-25 00:44:15,478] {bash.py:173} INFO - testing first bash operator
[2021-04-25 00:44:15,480] {bash.py:177} INFO - Command exited with return code 0
[2021-04-25 00:44:15,564] {taskinstance.py:1192} INFO - Marking task as SUCCESS. dag_id=bash_operator_dag, task_id=first_task, execution_date=20210203T000000, start_date=20210425T004414, end_date=20210425T004415
[2021-04-25 00:44:15,677] {taskinstance.py:1246} INFO - 1 downstream tasks scheduled from follow-on schedule check
[2021-04-25 00:44:15,728] {local_task_job.py:146} INFO - Task exited with return code 0
