[2021-04-25 00:08:09,308] {taskinstance.py:877} INFO - Dependencies all met for <TaskInstance: bash_operator_dag.first_task 2021-02-26T00:00:00+00:00 [queued]>
[2021-04-25 00:08:09,388] {taskinstance.py:877} INFO - Dependencies all met for <TaskInstance: bash_operator_dag.first_task 2021-02-26T00:00:00+00:00 [queued]>
[2021-04-25 00:08:09,388] {taskinstance.py:1068} INFO - 
--------------------------------------------------------------------------------
[2021-04-25 00:08:09,389] {taskinstance.py:1069} INFO - Starting attempt 1 of 3
[2021-04-25 00:08:09,389] {taskinstance.py:1070} INFO - 
--------------------------------------------------------------------------------
[2021-04-25 00:08:09,482] {taskinstance.py:1089} INFO - Executing <Task(BashOperator): first_task> on 2021-02-26T00:00:00+00:00
[2021-04-25 00:08:09,504] {standard_task_runner.py:52} INFO - Started process 1625 to run task
[2021-04-25 00:08:09,522] {standard_task_runner.py:76} INFO - Running: ['airflow', 'tasks', 'run', 'bash_operator_dag', 'first_task', '2021-02-26T00:00:00+00:00', '--job-id', '576', '--pool', 'default_pool', '--raw', '--subdir', 'DAGS_FOLDER/simple_bash_operator_dag.py', '--cfg-path', '/tmp/tmpawbm42_3', '--error-file', '/tmp/tmpl7v8na3o']
[2021-04-25 00:08:09,524] {standard_task_runner.py:77} INFO - Job 576: Subtask first_task
[2021-04-25 00:08:09,668] {logging_mixin.py:104} INFO - Running <TaskInstance: bash_operator_dag.first_task 2021-02-26T00:00:00+00:00 [running]> on host 4a00a306afdc
[2021-04-25 00:08:09,834] {taskinstance.py:1283} INFO - Exporting the following env vars:
AIRFLOW_CTX_DAG_OWNER=airflow
AIRFLOW_CTX_DAG_ID=bash_operator_dag
AIRFLOW_CTX_TASK_ID=first_task
AIRFLOW_CTX_EXECUTION_DATE=2021-02-26T00:00:00+00:00
AIRFLOW_CTX_DAG_RUN_ID=scheduled__2021-02-26T00:00:00+00:00
[2021-04-25 00:08:09,836] {bash.py:135} INFO - Tmp dir root location: 
 /tmp
[2021-04-25 00:08:09,838] {bash.py:158} INFO - Running command: echo "testing first bash operator"
[2021-04-25 00:08:09,858] {bash.py:169} INFO - Output:
[2021-04-25 00:08:09,861] {bash.py:173} INFO - testing first bash operator
[2021-04-25 00:08:09,862] {bash.py:177} INFO - Command exited with return code 0
[2021-04-25 00:08:09,942] {taskinstance.py:1192} INFO - Marking task as SUCCESS. dag_id=bash_operator_dag, task_id=first_task, execution_date=20210226T000000, start_date=20210425T000809, end_date=20210425T000809
[2021-04-25 00:08:10,105] {taskinstance.py:1246} INFO - 1 downstream tasks scheduled from follow-on schedule check
[2021-04-25 00:08:10,153] {local_task_job.py:146} INFO - Task exited with return code 0
