[2021-04-25 00:07:32,896] {taskinstance.py:877} INFO - Dependencies all met for <TaskInstance: bash_operator_dag.second_task 2021-01-21T00:00:00+00:00 [queued]>
[2021-04-25 00:07:32,960] {taskinstance.py:877} INFO - Dependencies all met for <TaskInstance: bash_operator_dag.second_task 2021-01-21T00:00:00+00:00 [queued]>
[2021-04-25 00:07:32,962] {taskinstance.py:1068} INFO - 
--------------------------------------------------------------------------------
[2021-04-25 00:07:32,962] {taskinstance.py:1069} INFO - Starting attempt 1 of 3
[2021-04-25 00:07:32,963] {taskinstance.py:1070} INFO - 
--------------------------------------------------------------------------------
[2021-04-25 00:07:33,015] {taskinstance.py:1089} INFO - Executing <Task(BashOperator): second_task> on 2021-01-21T00:00:00+00:00
[2021-04-25 00:07:33,025] {standard_task_runner.py:52} INFO - Started process 1428 to run task
[2021-04-25 00:07:33,044] {standard_task_runner.py:76} INFO - Running: ['airflow', 'tasks', 'run', 'bash_operator_dag', 'second_task', '2021-01-21T00:00:00+00:00', '--job-id', '511', '--pool', 'default_pool', '--raw', '--subdir', 'DAGS_FOLDER/simple_bash_operator_dag.py', '--cfg-path', '/tmp/tmpwrz1a1t5', '--error-file', '/tmp/tmp8lqbyi5b']
[2021-04-25 00:07:33,045] {standard_task_runner.py:77} INFO - Job 511: Subtask second_task
[2021-04-25 00:07:33,182] {logging_mixin.py:104} INFO - Running <TaskInstance: bash_operator_dag.second_task 2021-01-21T00:00:00+00:00 [running]> on host 4a00a306afdc
[2021-04-25 00:07:33,325] {taskinstance.py:1283} INFO - Exporting the following env vars:
AIRFLOW_CTX_DAG_OWNER=airflow
AIRFLOW_CTX_DAG_ID=bash_operator_dag
AIRFLOW_CTX_TASK_ID=second_task
AIRFLOW_CTX_EXECUTION_DATE=2021-01-21T00:00:00+00:00
AIRFLOW_CTX_DAG_RUN_ID=scheduled__2021-01-21T00:00:00+00:00
[2021-04-25 00:07:33,326] {bash.py:135} INFO - Tmp dir root location: 
 /tmp
[2021-04-25 00:07:33,329] {bash.py:158} INFO - Running command: echo "testing second bash operator"
[2021-04-25 00:07:33,355] {bash.py:169} INFO - Output:
[2021-04-25 00:07:33,368] {bash.py:173} INFO - testing second bash operator
[2021-04-25 00:07:33,370] {bash.py:177} INFO - Command exited with return code 0
[2021-04-25 00:07:33,464] {taskinstance.py:1192} INFO - Marking task as SUCCESS. dag_id=bash_operator_dag, task_id=second_task, execution_date=20210121T000000, start_date=20210425T000732, end_date=20210425T000733
[2021-04-25 00:07:33,594] {taskinstance.py:1246} INFO - 0 downstream tasks scheduled from follow-on schedule check
[2021-04-25 00:07:33,614] {local_task_job.py:146} INFO - Task exited with return code 0
[2021-04-25 00:44:00,493] {taskinstance.py:877} INFO - Dependencies all met for <TaskInstance: bash_operator_dag.second_task 2021-01-21T00:00:00+00:00 [queued]>
[2021-04-25 00:44:00,604] {taskinstance.py:877} INFO - Dependencies all met for <TaskInstance: bash_operator_dag.second_task 2021-01-21T00:00:00+00:00 [queued]>
[2021-04-25 00:44:00,605] {taskinstance.py:1068} INFO - 
--------------------------------------------------------------------------------
[2021-04-25 00:44:00,609] {taskinstance.py:1069} INFO - Starting attempt 1 of 3
[2021-04-25 00:44:00,609] {taskinstance.py:1070} INFO - 
--------------------------------------------------------------------------------
[2021-04-25 00:44:00,732] {taskinstance.py:1089} INFO - Executing <Task(BashOperator): second_task> on 2021-01-21T00:00:00+00:00
[2021-04-25 00:44:00,762] {standard_task_runner.py:76} INFO - Running: ['airflow', 'tasks', 'run', 'bash_operator_dag', 'second_task', '2021-01-21T00:00:00+00:00', '--job-id', '738', '--pool', 'default_pool', '--raw', '--subdir', 'DAGS_FOLDER/simple_bash_operator_dag.py', '--cfg-path', '/tmp/tmpu69aepv4', '--error-file', '/tmp/tmpgf9e2hd7']
[2021-04-25 00:44:00,746] {standard_task_runner.py:52} INFO - Started process 2111 to run task
[2021-04-25 00:44:00,765] {standard_task_runner.py:77} INFO - Job 738: Subtask second_task
[2021-04-25 00:44:01,057] {logging_mixin.py:104} INFO - Running <TaskInstance: bash_operator_dag.second_task 2021-01-21T00:00:00+00:00 [running]> on host 4a00a306afdc
[2021-04-25 00:44:01,309] {taskinstance.py:1283} INFO - Exporting the following env vars:
AIRFLOW_CTX_DAG_OWNER=airflow
AIRFLOW_CTX_DAG_ID=bash_operator_dag
AIRFLOW_CTX_TASK_ID=second_task
AIRFLOW_CTX_EXECUTION_DATE=2021-01-21T00:00:00+00:00
AIRFLOW_CTX_DAG_RUN_ID=scheduled__2021-01-21T00:00:00+00:00
[2021-04-25 00:44:01,311] {bash.py:135} INFO - Tmp dir root location: 
 /tmp
[2021-04-25 00:44:01,316] {bash.py:158} INFO - Running command: echo "testing second bash operator"
[2021-04-25 00:44:01,347] {bash.py:169} INFO - Output:
[2021-04-25 00:44:01,351] {bash.py:173} INFO - testing second bash operator
[2021-04-25 00:44:01,352] {bash.py:177} INFO - Command exited with return code 0
[2021-04-25 00:44:01,473] {taskinstance.py:1192} INFO - Marking task as SUCCESS. dag_id=bash_operator_dag, task_id=second_task, execution_date=20210121T000000, start_date=20210425T004400, end_date=20210425T004401
[2021-04-25 00:44:01,756] {taskinstance.py:1246} INFO - 0 downstream tasks scheduled from follow-on schedule check
[2021-04-25 00:44:01,836] {local_task_job.py:146} INFO - Task exited with return code 0
