[2021-04-25 00:05:16,476] {taskinstance.py:877} INFO - Dependencies all met for <TaskInstance: bash_operator_dag.second_task 2021-03-06T00:00:00+00:00 [queued]>
[2021-04-25 00:05:16,512] {taskinstance.py:877} INFO - Dependencies all met for <TaskInstance: bash_operator_dag.second_task 2021-03-06T00:00:00+00:00 [queued]>
[2021-04-25 00:05:16,513] {taskinstance.py:1068} INFO - 
--------------------------------------------------------------------------------
[2021-04-25 00:05:16,514] {taskinstance.py:1069} INFO - Starting attempt 1 of 3
[2021-04-25 00:05:16,518] {taskinstance.py:1070} INFO - 
--------------------------------------------------------------------------------
[2021-04-25 00:05:16,582] {taskinstance.py:1089} INFO - Executing <Task(BashOperator): second_task> on 2021-03-06T00:00:00+00:00
[2021-04-25 00:05:16,606] {standard_task_runner.py:52} INFO - Started process 1129 to run task
[2021-04-25 00:05:16,646] {standard_task_runner.py:76} INFO - Running: ['airflow', 'tasks', 'run', 'bash_operator_dag', 'second_task', '2021-03-06T00:00:00+00:00', '--job-id', '410', '--pool', 'default_pool', '--raw', '--subdir', 'DAGS_FOLDER/simple_bash_operator_dag.py', '--cfg-path', '/tmp/tmpop9jjpeh', '--error-file', '/tmp/tmpx6qub7tf']
[2021-04-25 00:05:16,647] {standard_task_runner.py:77} INFO - Job 410: Subtask second_task
[2021-04-25 00:05:16,789] {logging_mixin.py:104} INFO - Running <TaskInstance: bash_operator_dag.second_task 2021-03-06T00:00:00+00:00 [running]> on host 4a00a306afdc
[2021-04-25 00:05:16,925] {taskinstance.py:1283} INFO - Exporting the following env vars:
AIRFLOW_CTX_DAG_OWNER=airflow
AIRFLOW_CTX_DAG_ID=bash_operator_dag
AIRFLOW_CTX_TASK_ID=second_task
AIRFLOW_CTX_EXECUTION_DATE=2021-03-06T00:00:00+00:00
AIRFLOW_CTX_DAG_RUN_ID=scheduled__2021-03-06T00:00:00+00:00
[2021-04-25 00:05:16,926] {bash.py:135} INFO - Tmp dir root location: 
 /tmp
[2021-04-25 00:05:16,930] {bash.py:158} INFO - Running command: echo "testing second bash operator"
[2021-04-25 00:05:16,974] {bash.py:169} INFO - Output:
[2021-04-25 00:05:16,980] {bash.py:173} INFO - testing second bash operator
[2021-04-25 00:05:16,980] {bash.py:177} INFO - Command exited with return code 0
[2021-04-25 00:05:17,158] {taskinstance.py:1192} INFO - Marking task as SUCCESS. dag_id=bash_operator_dag, task_id=second_task, execution_date=20210306T000000, start_date=20210425T000516, end_date=20210425T000517
[2021-04-25 00:05:17,243] {taskinstance.py:1246} INFO - 0 downstream tasks scheduled from follow-on schedule check
[2021-04-25 00:05:17,254] {local_task_job.py:146} INFO - Task exited with return code 0
[2021-04-25 00:08:19,899] {taskinstance.py:877} INFO - Dependencies all met for <TaskInstance: bash_operator_dag.second_task 2021-03-06T00:00:00+00:00 [queued]>
[2021-04-25 00:08:19,965] {taskinstance.py:877} INFO - Dependencies all met for <TaskInstance: bash_operator_dag.second_task 2021-03-06T00:00:00+00:00 [queued]>
[2021-04-25 00:08:19,965] {taskinstance.py:1068} INFO - 
--------------------------------------------------------------------------------
[2021-04-25 00:08:19,987] {taskinstance.py:1069} INFO - Starting attempt 1 of 3
[2021-04-25 00:08:19,988] {taskinstance.py:1070} INFO - 
--------------------------------------------------------------------------------
[2021-04-25 00:08:20,070] {taskinstance.py:1089} INFO - Executing <Task(BashOperator): second_task> on 2021-03-06T00:00:00+00:00
[2021-04-25 00:08:20,079] {standard_task_runner.py:52} INFO - Started process 1691 to run task
[2021-04-25 00:08:20,098] {standard_task_runner.py:76} INFO - Running: ['airflow', 'tasks', 'run', 'bash_operator_dag', 'second_task', '2021-03-06T00:00:00+00:00', '--job-id', '598', '--pool', 'default_pool', '--raw', '--subdir', 'DAGS_FOLDER/simple_bash_operator_dag.py', '--cfg-path', '/tmp/tmpayq2fnyv', '--error-file', '/tmp/tmphszcbt3l']
[2021-04-25 00:08:20,099] {standard_task_runner.py:77} INFO - Job 598: Subtask second_task
[2021-04-25 00:08:20,390] {logging_mixin.py:104} INFO - Running <TaskInstance: bash_operator_dag.second_task 2021-03-06T00:00:00+00:00 [running]> on host 4a00a306afdc
[2021-04-25 00:08:20,561] {taskinstance.py:1283} INFO - Exporting the following env vars:
AIRFLOW_CTX_DAG_OWNER=airflow
AIRFLOW_CTX_DAG_ID=bash_operator_dag
AIRFLOW_CTX_TASK_ID=second_task
AIRFLOW_CTX_EXECUTION_DATE=2021-03-06T00:00:00+00:00
AIRFLOW_CTX_DAG_RUN_ID=scheduled__2021-03-06T00:00:00+00:00
[2021-04-25 00:08:20,563] {bash.py:135} INFO - Tmp dir root location: 
 /tmp
[2021-04-25 00:08:20,565] {bash.py:158} INFO - Running command: echo "testing second bash operator"
[2021-04-25 00:08:20,590] {bash.py:169} INFO - Output:
[2021-04-25 00:08:20,593] {bash.py:173} INFO - testing second bash operator
[2021-04-25 00:08:20,593] {bash.py:177} INFO - Command exited with return code 0
[2021-04-25 00:08:20,785] {taskinstance.py:1192} INFO - Marking task as SUCCESS. dag_id=bash_operator_dag, task_id=second_task, execution_date=20210306T000000, start_date=20210425T000819, end_date=20210425T000820
[2021-04-25 00:08:20,941] {taskinstance.py:1246} INFO - 0 downstream tasks scheduled from follow-on schedule check
[2021-04-25 00:08:20,964] {local_task_job.py:146} INFO - Task exited with return code 0
