[2021-04-25 00:07:54,626] {taskinstance.py:877} INFO - Dependencies all met for <TaskInstance: bash_operator_dag.second_task 2021-02-09T00:00:00+00:00 [queued]>
[2021-04-25 00:07:54,668] {taskinstance.py:877} INFO - Dependencies all met for <TaskInstance: bash_operator_dag.second_task 2021-02-09T00:00:00+00:00 [queued]>
[2021-04-25 00:07:54,668] {taskinstance.py:1068} INFO - 
--------------------------------------------------------------------------------
[2021-04-25 00:07:54,669] {taskinstance.py:1069} INFO - Starting attempt 1 of 3
[2021-04-25 00:07:54,669] {taskinstance.py:1070} INFO - 
--------------------------------------------------------------------------------
[2021-04-25 00:07:54,751] {taskinstance.py:1089} INFO - Executing <Task(BashOperator): second_task> on 2021-02-09T00:00:00+00:00
[2021-04-25 00:07:54,766] {standard_task_runner.py:52} INFO - Started process 1541 to run task
[2021-04-25 00:07:54,797] {standard_task_runner.py:76} INFO - Running: ['airflow', 'tasks', 'run', 'bash_operator_dag', 'second_task', '2021-02-09T00:00:00+00:00', '--job-id', '548', '--pool', 'default_pool', '--raw', '--subdir', 'DAGS_FOLDER/simple_bash_operator_dag.py', '--cfg-path', '/tmp/tmpdnnm7ojx', '--error-file', '/tmp/tmpvx40cv25']
[2021-04-25 00:07:54,798] {standard_task_runner.py:77} INFO - Job 548: Subtask second_task
[2021-04-25 00:07:55,040] {logging_mixin.py:104} INFO - Running <TaskInstance: bash_operator_dag.second_task 2021-02-09T00:00:00+00:00 [running]> on host 4a00a306afdc
[2021-04-25 00:07:55,296] {taskinstance.py:1283} INFO - Exporting the following env vars:
AIRFLOW_CTX_DAG_OWNER=airflow
AIRFLOW_CTX_DAG_ID=bash_operator_dag
AIRFLOW_CTX_TASK_ID=second_task
AIRFLOW_CTX_EXECUTION_DATE=2021-02-09T00:00:00+00:00
AIRFLOW_CTX_DAG_RUN_ID=scheduled__2021-02-09T00:00:00+00:00
[2021-04-25 00:07:55,298] {bash.py:135} INFO - Tmp dir root location: 
 /tmp
[2021-04-25 00:07:55,300] {bash.py:158} INFO - Running command: echo "testing second bash operator"
[2021-04-25 00:07:55,371] {bash.py:169} INFO - Output:
[2021-04-25 00:07:55,375] {bash.py:173} INFO - testing second bash operator
[2021-04-25 00:07:55,383] {bash.py:177} INFO - Command exited with return code 0
[2021-04-25 00:07:55,615] {taskinstance.py:1192} INFO - Marking task as SUCCESS. dag_id=bash_operator_dag, task_id=second_task, execution_date=20210209T000000, start_date=20210425T000754, end_date=20210425T000755
[2021-04-25 00:07:55,759] {taskinstance.py:1246} INFO - 0 downstream tasks scheduled from follow-on schedule check
[2021-04-25 00:07:55,786] {local_task_job.py:146} INFO - Task exited with return code 0
[2021-04-25 00:44:24,343] {taskinstance.py:877} INFO - Dependencies all met for <TaskInstance: bash_operator_dag.second_task 2021-02-09T00:00:00+00:00 [queued]>
[2021-04-25 00:44:24,383] {taskinstance.py:877} INFO - Dependencies all met for <TaskInstance: bash_operator_dag.second_task 2021-02-09T00:00:00+00:00 [queued]>
[2021-04-25 00:44:24,383] {taskinstance.py:1068} INFO - 
--------------------------------------------------------------------------------
[2021-04-25 00:44:24,383] {taskinstance.py:1069} INFO - Starting attempt 1 of 3
[2021-04-25 00:44:24,384] {taskinstance.py:1070} INFO - 
--------------------------------------------------------------------------------
[2021-04-25 00:44:24,522] {taskinstance.py:1089} INFO - Executing <Task(BashOperator): second_task> on 2021-02-09T00:00:00+00:00
[2021-04-25 00:44:24,542] {standard_task_runner.py:52} INFO - Started process 2225 to run task
[2021-04-25 00:44:24,587] {standard_task_runner.py:76} INFO - Running: ['airflow', 'tasks', 'run', 'bash_operator_dag', 'second_task', '2021-02-09T00:00:00+00:00', '--job-id', '776', '--pool', 'default_pool', '--raw', '--subdir', 'DAGS_FOLDER/simple_bash_operator_dag.py', '--cfg-path', '/tmp/tmpzwsoxv18', '--error-file', '/tmp/tmpg5pbj0qp']
[2021-04-25 00:44:24,589] {standard_task_runner.py:77} INFO - Job 776: Subtask second_task
[2021-04-25 00:44:24,824] {logging_mixin.py:104} INFO - Running <TaskInstance: bash_operator_dag.second_task 2021-02-09T00:00:00+00:00 [running]> on host 4a00a306afdc
[2021-04-25 00:44:25,050] {taskinstance.py:1283} INFO - Exporting the following env vars:
AIRFLOW_CTX_DAG_OWNER=airflow
AIRFLOW_CTX_DAG_ID=bash_operator_dag
AIRFLOW_CTX_TASK_ID=second_task
AIRFLOW_CTX_EXECUTION_DATE=2021-02-09T00:00:00+00:00
AIRFLOW_CTX_DAG_RUN_ID=scheduled__2021-02-09T00:00:00+00:00
[2021-04-25 00:44:25,052] {bash.py:135} INFO - Tmp dir root location: 
 /tmp
[2021-04-25 00:44:25,058] {bash.py:158} INFO - Running command: echo "testing second bash operator"
[2021-04-25 00:44:25,090] {bash.py:169} INFO - Output:
[2021-04-25 00:44:25,095] {bash.py:173} INFO - testing second bash operator
[2021-04-25 00:44:25,098] {bash.py:177} INFO - Command exited with return code 0
[2021-04-25 00:44:25,312] {taskinstance.py:1192} INFO - Marking task as SUCCESS. dag_id=bash_operator_dag, task_id=second_task, execution_date=20210209T000000, start_date=20210425T004424, end_date=20210425T004425
[2021-04-25 00:44:25,449] {local_task_job.py:146} INFO - Task exited with return code 1
