[2021-04-25 00:07:35,465] {taskinstance.py:877} INFO - Dependencies all met for <TaskInstance: bash_operator_dag.first_task 2021-01-27T00:00:00+00:00 [queued]>
[2021-04-25 00:07:35,492] {taskinstance.py:877} INFO - Dependencies all met for <TaskInstance: bash_operator_dag.first_task 2021-01-27T00:00:00+00:00 [queued]>
[2021-04-25 00:07:35,493] {taskinstance.py:1068} INFO - 
--------------------------------------------------------------------------------
[2021-04-25 00:07:35,493] {taskinstance.py:1069} INFO - Starting attempt 1 of 3
[2021-04-25 00:07:35,493] {taskinstance.py:1070} INFO - 
--------------------------------------------------------------------------------
[2021-04-25 00:07:35,530] {taskinstance.py:1089} INFO - Executing <Task(BashOperator): first_task> on 2021-01-27T00:00:00+00:00
[2021-04-25 00:07:35,537] {standard_task_runner.py:52} INFO - Started process 1445 to run task
[2021-04-25 00:07:35,554] {standard_task_runner.py:76} INFO - Running: ['airflow', 'tasks', 'run', 'bash_operator_dag', 'first_task', '2021-01-27T00:00:00+00:00', '--job-id', '517', '--pool', 'default_pool', '--raw', '--subdir', 'DAGS_FOLDER/simple_bash_operator_dag.py', '--cfg-path', '/tmp/tmpz6v39fzh', '--error-file', '/tmp/tmp5gcwgsc4']
[2021-04-25 00:07:35,555] {standard_task_runner.py:77} INFO - Job 517: Subtask first_task
[2021-04-25 00:07:35,660] {logging_mixin.py:104} INFO - Running <TaskInstance: bash_operator_dag.first_task 2021-01-27T00:00:00+00:00 [running]> on host 4a00a306afdc
[2021-04-25 00:07:35,821] {taskinstance.py:1283} INFO - Exporting the following env vars:
AIRFLOW_CTX_DAG_OWNER=airflow
AIRFLOW_CTX_DAG_ID=bash_operator_dag
AIRFLOW_CTX_TASK_ID=first_task
AIRFLOW_CTX_EXECUTION_DATE=2021-01-27T00:00:00+00:00
AIRFLOW_CTX_DAG_RUN_ID=scheduled__2021-01-27T00:00:00+00:00
[2021-04-25 00:07:35,822] {bash.py:135} INFO - Tmp dir root location: 
 /tmp
[2021-04-25 00:07:35,824] {bash.py:158} INFO - Running command: echo "testing first bash operator"
[2021-04-25 00:07:35,855] {bash.py:169} INFO - Output:
[2021-04-25 00:07:35,857] {bash.py:173} INFO - testing first bash operator
[2021-04-25 00:07:35,858] {bash.py:177} INFO - Command exited with return code 0
[2021-04-25 00:07:35,951] {taskinstance.py:1192} INFO - Marking task as SUCCESS. dag_id=bash_operator_dag, task_id=first_task, execution_date=20210127T000000, start_date=20210425T000735, end_date=20210425T000735
[2021-04-25 00:07:36,052] {taskinstance.py:1246} INFO - 1 downstream tasks scheduled from follow-on schedule check
[2021-04-25 00:07:36,093] {local_task_job.py:146} INFO - Task exited with return code 0
[2021-04-25 00:44:05,016] {taskinstance.py:877} INFO - Dependencies all met for <TaskInstance: bash_operator_dag.first_task 2021-01-27T00:00:00+00:00 [queued]>
[2021-04-25 00:44:05,071] {taskinstance.py:877} INFO - Dependencies all met for <TaskInstance: bash_operator_dag.first_task 2021-01-27T00:00:00+00:00 [queued]>
[2021-04-25 00:44:05,071] {taskinstance.py:1068} INFO - 
--------------------------------------------------------------------------------
[2021-04-25 00:44:05,072] {taskinstance.py:1069} INFO - Starting attempt 1 of 3
[2021-04-25 00:44:05,072] {taskinstance.py:1070} INFO - 
--------------------------------------------------------------------------------
[2021-04-25 00:44:05,138] {taskinstance.py:1089} INFO - Executing <Task(BashOperator): first_task> on 2021-01-27T00:00:00+00:00
[2021-04-25 00:44:05,177] {standard_task_runner.py:52} INFO - Started process 2129 to run task
[2021-04-25 00:44:05,235] {standard_task_runner.py:76} INFO - Running: ['airflow', 'tasks', 'run', 'bash_operator_dag', 'first_task', '2021-01-27T00:00:00+00:00', '--job-id', '744', '--pool', 'default_pool', '--raw', '--subdir', 'DAGS_FOLDER/simple_bash_operator_dag.py', '--cfg-path', '/tmp/tmp_8tu4_o4', '--error-file', '/tmp/tmpwuj8pkbe']
[2021-04-25 00:44:05,251] {standard_task_runner.py:77} INFO - Job 744: Subtask first_task
[2021-04-25 00:44:05,557] {logging_mixin.py:104} INFO - Running <TaskInstance: bash_operator_dag.first_task 2021-01-27T00:00:00+00:00 [running]> on host 4a00a306afdc
[2021-04-25 00:44:05,830] {taskinstance.py:1283} INFO - Exporting the following env vars:
AIRFLOW_CTX_DAG_OWNER=airflow
AIRFLOW_CTX_DAG_ID=bash_operator_dag
AIRFLOW_CTX_TASK_ID=first_task
AIRFLOW_CTX_EXECUTION_DATE=2021-01-27T00:00:00+00:00
AIRFLOW_CTX_DAG_RUN_ID=scheduled__2021-01-27T00:00:00+00:00
[2021-04-25 00:44:05,831] {bash.py:135} INFO - Tmp dir root location: 
 /tmp
[2021-04-25 00:44:05,836] {bash.py:158} INFO - Running command: echo "testing first bash operator"
[2021-04-25 00:44:05,874] {bash.py:169} INFO - Output:
[2021-04-25 00:44:05,879] {bash.py:173} INFO - testing first bash operator
[2021-04-25 00:44:05,883] {bash.py:177} INFO - Command exited with return code 0
[2021-04-25 00:44:06,067] {taskinstance.py:1192} INFO - Marking task as SUCCESS. dag_id=bash_operator_dag, task_id=first_task, execution_date=20210127T000000, start_date=20210425T004405, end_date=20210425T004406
[2021-04-25 00:44:06,190] {taskinstance.py:1246} INFO - 1 downstream tasks scheduled from follow-on schedule check
[2021-04-25 00:44:06,227] {local_task_job.py:146} INFO - Task exited with return code 0
