[2021-04-25 00:05:28,225] {taskinstance.py:877} INFO - Dependencies all met for <TaskInstance: bash_operator_dag.first_task 2021-03-27T00:00:00+00:00 [queued]>
[2021-04-25 00:05:28,255] {taskinstance.py:877} INFO - Dependencies all met for <TaskInstance: bash_operator_dag.first_task 2021-03-27T00:00:00+00:00 [queued]>
[2021-04-25 00:05:28,256] {taskinstance.py:1068} INFO - 
--------------------------------------------------------------------------------
[2021-04-25 00:05:28,256] {taskinstance.py:1069} INFO - Starting attempt 1 of 1
[2021-04-25 00:05:28,256] {taskinstance.py:1070} INFO - 
--------------------------------------------------------------------------------
[2021-04-25 00:05:28,296] {taskinstance.py:1089} INFO - Executing <Task(BashOperator): first_task> on 2021-03-27T00:00:00+00:00
[2021-04-25 00:05:28,323] {standard_task_runner.py:52} INFO - Started process 1237 to run task
[2021-04-25 00:05:28,347] {standard_task_runner.py:76} INFO - Running: ['airflow', 'tasks', 'run', 'bash_operator_dag', 'first_task', '2021-03-27T00:00:00+00:00', '--job-id', '447', '--pool', 'default_pool', '--raw', '--subdir', 'DAGS_FOLDER/simple_bash_operator_dag.py', '--cfg-path', '/tmp/tmpij52i4o8', '--error-file', '/tmp/tmp_au1h_7u']
[2021-04-25 00:05:28,347] {standard_task_runner.py:77} INFO - Job 447: Subtask first_task
[2021-04-25 00:05:28,452] {logging_mixin.py:104} INFO - Running <TaskInstance: bash_operator_dag.first_task 2021-03-27T00:00:00+00:00 [running]> on host 4a00a306afdc
[2021-04-25 00:05:28,545] {taskinstance.py:1283} INFO - Exporting the following env vars:
AIRFLOW_CTX_DAG_OWNER=airflow
AIRFLOW_CTX_DAG_ID=bash_operator_dag
AIRFLOW_CTX_TASK_ID=first_task
AIRFLOW_CTX_EXECUTION_DATE=2021-03-27T00:00:00+00:00
AIRFLOW_CTX_DAG_RUN_ID=scheduled__2021-03-27T00:00:00+00:00
[2021-04-25 00:05:28,547] {bash.py:135} INFO - Tmp dir root location: 
 /tmp
[2021-04-25 00:05:28,548] {bash.py:158} INFO - Running command: echo "testing first bash operator"
[2021-04-25 00:05:28,562] {bash.py:169} INFO - Output:
[2021-04-25 00:05:28,564] {bash.py:173} INFO - testing first bash operator
[2021-04-25 00:05:28,565] {bash.py:177} INFO - Command exited with return code 0
[2021-04-25 00:05:28,641] {taskinstance.py:1192} INFO - Marking task as SUCCESS. dag_id=bash_operator_dag, task_id=first_task, execution_date=20210327T000000, start_date=20210425T000528, end_date=20210425T000528
[2021-04-25 00:05:28,722] {taskinstance.py:1246} INFO - 1 downstream tasks scheduled from follow-on schedule check
[2021-04-25 00:05:28,754] {local_task_job.py:146} INFO - Task exited with return code 0
[2021-04-25 00:08:37,456] {taskinstance.py:877} INFO - Dependencies all met for <TaskInstance: bash_operator_dag.first_task 2021-03-27T00:00:00+00:00 [queued]>
[2021-04-25 00:08:37,530] {taskinstance.py:877} INFO - Dependencies all met for <TaskInstance: bash_operator_dag.first_task 2021-03-27T00:00:00+00:00 [queued]>
[2021-04-25 00:08:37,531] {taskinstance.py:1068} INFO - 
--------------------------------------------------------------------------------
[2021-04-25 00:08:37,531] {taskinstance.py:1069} INFO - Starting attempt 1 of 3
[2021-04-25 00:08:37,531] {taskinstance.py:1070} INFO - 
--------------------------------------------------------------------------------
[2021-04-25 00:08:37,583] {taskinstance.py:1089} INFO - Executing <Task(BashOperator): first_task> on 2021-03-27T00:00:00+00:00
[2021-04-25 00:08:37,607] {standard_task_runner.py:76} INFO - Running: ['airflow', 'tasks', 'run', 'bash_operator_dag', 'first_task', '2021-03-27T00:00:00+00:00', '--job-id', '635', '--pool', 'default_pool', '--raw', '--subdir', 'DAGS_FOLDER/simple_bash_operator_dag.py', '--cfg-path', '/tmp/tmpx8axumcp', '--error-file', '/tmp/tmpdbc_hfd_']
[2021-04-25 00:08:37,610] {standard_task_runner.py:77} INFO - Job 635: Subtask first_task
[2021-04-25 00:08:37,592] {standard_task_runner.py:52} INFO - Started process 1800 to run task
[2021-04-25 00:08:37,921] {logging_mixin.py:104} INFO - Running <TaskInstance: bash_operator_dag.first_task 2021-03-27T00:00:00+00:00 [running]> on host 4a00a306afdc
[2021-04-25 00:08:38,144] {taskinstance.py:1283} INFO - Exporting the following env vars:
AIRFLOW_CTX_DAG_OWNER=airflow
AIRFLOW_CTX_DAG_ID=bash_operator_dag
AIRFLOW_CTX_TASK_ID=first_task
AIRFLOW_CTX_EXECUTION_DATE=2021-03-27T00:00:00+00:00
AIRFLOW_CTX_DAG_RUN_ID=scheduled__2021-03-27T00:00:00+00:00
[2021-04-25 00:08:38,146] {bash.py:135} INFO - Tmp dir root location: 
 /tmp
[2021-04-25 00:08:38,148] {bash.py:158} INFO - Running command: echo "testing first bash operator"
[2021-04-25 00:08:38,186] {bash.py:169} INFO - Output:
[2021-04-25 00:08:38,189] {bash.py:173} INFO - testing first bash operator
[2021-04-25 00:08:38,201] {bash.py:177} INFO - Command exited with return code 0
[2021-04-25 00:08:38,405] {taskinstance.py:1192} INFO - Marking task as SUCCESS. dag_id=bash_operator_dag, task_id=first_task, execution_date=20210327T000000, start_date=20210425T000837, end_date=20210425T000838
[2021-04-25 00:08:38,557] {taskinstance.py:1246} INFO - 1 downstream tasks scheduled from follow-on schedule check
[2021-04-25 00:08:38,608] {local_task_job.py:146} INFO - Task exited with return code 0
