[2021-04-25 00:05:29,529] {taskinstance.py:877} INFO - Dependencies all met for <TaskInstance: bash_operator_dag.second_task 2021-03-26T00:00:00+00:00 [queued]>
[2021-04-25 00:05:29,552] {taskinstance.py:877} INFO - Dependencies all met for <TaskInstance: bash_operator_dag.second_task 2021-03-26T00:00:00+00:00 [queued]>
[2021-04-25 00:05:29,552] {taskinstance.py:1068} INFO - 
--------------------------------------------------------------------------------
[2021-04-25 00:05:29,553] {taskinstance.py:1069} INFO - Starting attempt 1 of 1
[2021-04-25 00:05:29,553] {taskinstance.py:1070} INFO - 
--------------------------------------------------------------------------------
[2021-04-25 00:05:29,583] {taskinstance.py:1089} INFO - Executing <Task(BashOperator): second_task> on 2021-03-26T00:00:00+00:00
[2021-04-25 00:05:29,604] {standard_task_runner.py:76} INFO - Running: ['airflow', 'tasks', 'run', 'bash_operator_dag', 'second_task', '2021-03-26T00:00:00+00:00', '--job-id', '450', '--pool', 'default_pool', '--raw', '--subdir', 'DAGS_FOLDER/simple_bash_operator_dag.py', '--cfg-path', '/tmp/tmpqch9aii0', '--error-file', '/tmp/tmph9bs4xuw']
[2021-04-25 00:05:29,592] {standard_task_runner.py:52} INFO - Started process 1249 to run task
[2021-04-25 00:05:29,605] {standard_task_runner.py:77} INFO - Job 450: Subtask second_task
[2021-04-25 00:05:29,794] {logging_mixin.py:104} INFO - Running <TaskInstance: bash_operator_dag.second_task 2021-03-26T00:00:00+00:00 [running]> on host 4a00a306afdc
[2021-04-25 00:05:29,923] {taskinstance.py:1283} INFO - Exporting the following env vars:
AIRFLOW_CTX_DAG_OWNER=airflow
AIRFLOW_CTX_DAG_ID=bash_operator_dag
AIRFLOW_CTX_TASK_ID=second_task
AIRFLOW_CTX_EXECUTION_DATE=2021-03-26T00:00:00+00:00
AIRFLOW_CTX_DAG_RUN_ID=scheduled__2021-03-26T00:00:00+00:00
[2021-04-25 00:05:29,924] {bash.py:135} INFO - Tmp dir root location: 
 /tmp
[2021-04-25 00:05:29,926] {bash.py:158} INFO - Running command: echo "testing second bash operator"
[2021-04-25 00:05:29,961] {bash.py:169} INFO - Output:
[2021-04-25 00:05:29,965] {bash.py:173} INFO - testing second bash operator
[2021-04-25 00:05:29,966] {bash.py:177} INFO - Command exited with return code 0
[2021-04-25 00:05:30,061] {taskinstance.py:1192} INFO - Marking task as SUCCESS. dag_id=bash_operator_dag, task_id=second_task, execution_date=20210326T000000, start_date=20210425T000529, end_date=20210425T000530
[2021-04-25 00:05:30,157] {taskinstance.py:1246} INFO - 0 downstream tasks scheduled from follow-on schedule check
[2021-04-25 00:05:30,188] {local_task_job.py:146} INFO - Task exited with return code 0
[2021-04-25 00:08:39,593] {taskinstance.py:877} INFO - Dependencies all met for <TaskInstance: bash_operator_dag.second_task 2021-03-26T00:00:00+00:00 [queued]>
[2021-04-25 00:08:39,633] {taskinstance.py:877} INFO - Dependencies all met for <TaskInstance: bash_operator_dag.second_task 2021-03-26T00:00:00+00:00 [queued]>
[2021-04-25 00:08:39,637] {taskinstance.py:1068} INFO - 
--------------------------------------------------------------------------------
[2021-04-25 00:08:39,637] {taskinstance.py:1069} INFO - Starting attempt 1 of 3
[2021-04-25 00:08:39,637] {taskinstance.py:1070} INFO - 
--------------------------------------------------------------------------------
[2021-04-25 00:08:39,718] {taskinstance.py:1089} INFO - Executing <Task(BashOperator): second_task> on 2021-03-26T00:00:00+00:00
[2021-04-25 00:08:39,729] {standard_task_runner.py:52} INFO - Started process 1811 to run task
[2021-04-25 00:08:39,759] {standard_task_runner.py:76} INFO - Running: ['airflow', 'tasks', 'run', 'bash_operator_dag', 'second_task', '2021-03-26T00:00:00+00:00', '--job-id', '638', '--pool', 'default_pool', '--raw', '--subdir', 'DAGS_FOLDER/simple_bash_operator_dag.py', '--cfg-path', '/tmp/tmp5bzqdkix', '--error-file', '/tmp/tmpfua7whzj']
[2021-04-25 00:08:39,760] {standard_task_runner.py:77} INFO - Job 638: Subtask second_task
[2021-04-25 00:08:39,900] {logging_mixin.py:104} INFO - Running <TaskInstance: bash_operator_dag.second_task 2021-03-26T00:00:00+00:00 [running]> on host 4a00a306afdc
[2021-04-25 00:08:40,068] {taskinstance.py:1283} INFO - Exporting the following env vars:
AIRFLOW_CTX_DAG_OWNER=airflow
AIRFLOW_CTX_DAG_ID=bash_operator_dag
AIRFLOW_CTX_TASK_ID=second_task
AIRFLOW_CTX_EXECUTION_DATE=2021-03-26T00:00:00+00:00
AIRFLOW_CTX_DAG_RUN_ID=scheduled__2021-03-26T00:00:00+00:00
[2021-04-25 00:08:40,069] {bash.py:135} INFO - Tmp dir root location: 
 /tmp
[2021-04-25 00:08:40,071] {bash.py:158} INFO - Running command: echo "testing second bash operator"
[2021-04-25 00:08:40,111] {bash.py:169} INFO - Output:
[2021-04-25 00:08:40,112] {bash.py:173} INFO - testing second bash operator
[2021-04-25 00:08:40,113] {bash.py:177} INFO - Command exited with return code 0
[2021-04-25 00:08:40,213] {taskinstance.py:1192} INFO - Marking task as SUCCESS. dag_id=bash_operator_dag, task_id=second_task, execution_date=20210326T000000, start_date=20210425T000839, end_date=20210425T000840
[2021-04-25 00:08:40,297] {taskinstance.py:1246} INFO - 0 downstream tasks scheduled from follow-on schedule check
[2021-04-25 00:08:40,348] {local_task_job.py:146} INFO - Task exited with return code 0
