[2021-04-25 00:07:41,167] {taskinstance.py:877} INFO - Dependencies all met for <TaskInstance: bash_operator_dag.first_task 2021-02-01T00:00:00+00:00 [queued]>
[2021-04-25 00:07:41,205] {taskinstance.py:877} INFO - Dependencies all met for <TaskInstance: bash_operator_dag.first_task 2021-02-01T00:00:00+00:00 [queued]>
[2021-04-25 00:07:41,206] {taskinstance.py:1068} INFO - 
--------------------------------------------------------------------------------
[2021-04-25 00:07:41,206] {taskinstance.py:1069} INFO - Starting attempt 1 of 3
[2021-04-25 00:07:41,206] {taskinstance.py:1070} INFO - 
--------------------------------------------------------------------------------
[2021-04-25 00:07:41,264] {taskinstance.py:1089} INFO - Executing <Task(BashOperator): first_task> on 2021-02-01T00:00:00+00:00
[2021-04-25 00:07:41,272] {standard_task_runner.py:52} INFO - Started process 1476 to run task
[2021-04-25 00:07:41,299] {standard_task_runner.py:76} INFO - Running: ['airflow', 'tasks', 'run', 'bash_operator_dag', 'first_task', '2021-02-01T00:00:00+00:00', '--job-id', '527', '--pool', 'default_pool', '--raw', '--subdir', 'DAGS_FOLDER/simple_bash_operator_dag.py', '--cfg-path', '/tmp/tmp_vz1bc4l', '--error-file', '/tmp/tmpi4s4jfxm']
[2021-04-25 00:07:41,300] {standard_task_runner.py:77} INFO - Job 527: Subtask first_task
[2021-04-25 00:07:41,437] {logging_mixin.py:104} INFO - Running <TaskInstance: bash_operator_dag.first_task 2021-02-01T00:00:00+00:00 [running]> on host 4a00a306afdc
[2021-04-25 00:07:41,610] {taskinstance.py:1283} INFO - Exporting the following env vars:
AIRFLOW_CTX_DAG_OWNER=airflow
AIRFLOW_CTX_DAG_ID=bash_operator_dag
AIRFLOW_CTX_TASK_ID=first_task
AIRFLOW_CTX_EXECUTION_DATE=2021-02-01T00:00:00+00:00
AIRFLOW_CTX_DAG_RUN_ID=scheduled__2021-02-01T00:00:00+00:00
[2021-04-25 00:07:41,611] {bash.py:135} INFO - Tmp dir root location: 
 /tmp
[2021-04-25 00:07:41,614] {bash.py:158} INFO - Running command: echo "testing first bash operator"
[2021-04-25 00:07:41,633] {bash.py:169} INFO - Output:
[2021-04-25 00:07:41,635] {bash.py:173} INFO - testing first bash operator
[2021-04-25 00:07:41,636] {bash.py:177} INFO - Command exited with return code 0
[2021-04-25 00:07:41,744] {taskinstance.py:1192} INFO - Marking task as SUCCESS. dag_id=bash_operator_dag, task_id=first_task, execution_date=20210201T000000, start_date=20210425T000741, end_date=20210425T000741
[2021-04-25 00:07:41,850] {taskinstance.py:1246} INFO - 1 downstream tasks scheduled from follow-on schedule check
[2021-04-25 00:07:41,891] {local_task_job.py:146} INFO - Task exited with return code 0
[2021-04-25 00:44:12,468] {taskinstance.py:877} INFO - Dependencies all met for <TaskInstance: bash_operator_dag.first_task 2021-02-01T00:00:00+00:00 [queued]>
[2021-04-25 00:44:12,597] {taskinstance.py:877} INFO - Dependencies all met for <TaskInstance: bash_operator_dag.first_task 2021-02-01T00:00:00+00:00 [queued]>
[2021-04-25 00:44:12,597] {taskinstance.py:1068} INFO - 
--------------------------------------------------------------------------------
[2021-04-25 00:44:12,598] {taskinstance.py:1069} INFO - Starting attempt 1 of 3
[2021-04-25 00:44:12,598] {taskinstance.py:1070} INFO - 
--------------------------------------------------------------------------------
[2021-04-25 00:44:12,685] {taskinstance.py:1089} INFO - Executing <Task(BashOperator): first_task> on 2021-02-01T00:00:00+00:00
[2021-04-25 00:44:12,699] {standard_task_runner.py:52} INFO - Started process 2160 to run task
[2021-04-25 00:44:12,726] {standard_task_runner.py:76} INFO - Running: ['airflow', 'tasks', 'run', 'bash_operator_dag', 'first_task', '2021-02-01T00:00:00+00:00', '--job-id', '755', '--pool', 'default_pool', '--raw', '--subdir', 'DAGS_FOLDER/simple_bash_operator_dag.py', '--cfg-path', '/tmp/tmpm4xztsdt', '--error-file', '/tmp/tmp2ld7jznz']
[2021-04-25 00:44:12,728] {standard_task_runner.py:77} INFO - Job 755: Subtask first_task
[2021-04-25 00:44:13,035] {logging_mixin.py:104} INFO - Running <TaskInstance: bash_operator_dag.first_task 2021-02-01T00:00:00+00:00 [running]> on host 4a00a306afdc
[2021-04-25 00:44:13,252] {taskinstance.py:1283} INFO - Exporting the following env vars:
AIRFLOW_CTX_DAG_OWNER=airflow
AIRFLOW_CTX_DAG_ID=bash_operator_dag
AIRFLOW_CTX_TASK_ID=first_task
AIRFLOW_CTX_EXECUTION_DATE=2021-02-01T00:00:00+00:00
AIRFLOW_CTX_DAG_RUN_ID=scheduled__2021-02-01T00:00:00+00:00
[2021-04-25 00:44:13,264] {bash.py:135} INFO - Tmp dir root location: 
 /tmp
[2021-04-25 00:44:13,267] {bash.py:158} INFO - Running command: echo "testing first bash operator"
[2021-04-25 00:44:13,344] {bash.py:169} INFO - Output:
[2021-04-25 00:44:13,345] {bash.py:173} INFO - testing first bash operator
[2021-04-25 00:44:13,345] {bash.py:177} INFO - Command exited with return code 0
[2021-04-25 00:44:13,495] {taskinstance.py:1192} INFO - Marking task as SUCCESS. dag_id=bash_operator_dag, task_id=first_task, execution_date=20210201T000000, start_date=20210425T004412, end_date=20210425T004413
[2021-04-25 00:44:13,878] {taskinstance.py:1246} INFO - 1 downstream tasks scheduled from follow-on schedule check
[2021-04-25 00:44:13,944] {local_task_job.py:146} INFO - Task exited with return code 0
