[2021-04-25 00:07:51,180] {taskinstance.py:877} INFO - Dependencies all met for <TaskInstance: bash_operator_dag.first_task 2021-02-09T00:00:00+00:00 [queued]>
[2021-04-25 00:07:51,221] {taskinstance.py:877} INFO - Dependencies all met for <TaskInstance: bash_operator_dag.first_task 2021-02-09T00:00:00+00:00 [queued]>
[2021-04-25 00:07:51,222] {taskinstance.py:1068} INFO - 
--------------------------------------------------------------------------------
[2021-04-25 00:07:51,228] {taskinstance.py:1069} INFO - Starting attempt 1 of 3
[2021-04-25 00:07:51,229] {taskinstance.py:1070} INFO - 
--------------------------------------------------------------------------------
[2021-04-25 00:07:51,302] {taskinstance.py:1089} INFO - Executing <Task(BashOperator): first_task> on 2021-02-09T00:00:00+00:00
[2021-04-25 00:07:51,331] {standard_task_runner.py:76} INFO - Running: ['airflow', 'tasks', 'run', 'bash_operator_dag', 'first_task', '2021-02-09T00:00:00+00:00', '--job-id', '543', '--pool', 'default_pool', '--raw', '--subdir', 'DAGS_FOLDER/simple_bash_operator_dag.py', '--cfg-path', '/tmp/tmpfo8a6ezm', '--error-file', '/tmp/tmpxpb_18ul']
[2021-04-25 00:07:51,332] {standard_task_runner.py:77} INFO - Job 543: Subtask first_task
[2021-04-25 00:07:51,322] {standard_task_runner.py:52} INFO - Started process 1525 to run task
[2021-04-25 00:07:51,491] {logging_mixin.py:104} INFO - Running <TaskInstance: bash_operator_dag.first_task 2021-02-09T00:00:00+00:00 [running]> on host 4a00a306afdc
[2021-04-25 00:07:51,613] {taskinstance.py:1283} INFO - Exporting the following env vars:
AIRFLOW_CTX_DAG_OWNER=airflow
AIRFLOW_CTX_DAG_ID=bash_operator_dag
AIRFLOW_CTX_TASK_ID=first_task
AIRFLOW_CTX_EXECUTION_DATE=2021-02-09T00:00:00+00:00
AIRFLOW_CTX_DAG_RUN_ID=scheduled__2021-02-09T00:00:00+00:00
[2021-04-25 00:07:51,614] {bash.py:135} INFO - Tmp dir root location: 
 /tmp
[2021-04-25 00:07:51,616] {bash.py:158} INFO - Running command: echo "testing first bash operator"
[2021-04-25 00:07:51,637] {bash.py:169} INFO - Output:
[2021-04-25 00:07:51,641] {bash.py:173} INFO - testing first bash operator
[2021-04-25 00:07:51,642] {bash.py:177} INFO - Command exited with return code 0
[2021-04-25 00:07:51,726] {taskinstance.py:1192} INFO - Marking task as SUCCESS. dag_id=bash_operator_dag, task_id=first_task, execution_date=20210209T000000, start_date=20210425T000751, end_date=20210425T000751
[2021-04-25 00:07:51,888] {taskinstance.py:1246} INFO - 1 downstream tasks scheduled from follow-on schedule check
[2021-04-25 00:07:51,929] {local_task_job.py:146} INFO - Task exited with return code 0
[2021-04-25 00:44:20,993] {taskinstance.py:877} INFO - Dependencies all met for <TaskInstance: bash_operator_dag.first_task 2021-02-09T00:00:00+00:00 [queued]>
[2021-04-25 00:44:21,082] {taskinstance.py:877} INFO - Dependencies all met for <TaskInstance: bash_operator_dag.first_task 2021-02-09T00:00:00+00:00 [queued]>
[2021-04-25 00:44:21,083] {taskinstance.py:1068} INFO - 
--------------------------------------------------------------------------------
[2021-04-25 00:44:21,083] {taskinstance.py:1069} INFO - Starting attempt 1 of 3
[2021-04-25 00:44:21,083] {taskinstance.py:1070} INFO - 
--------------------------------------------------------------------------------
[2021-04-25 00:44:21,159] {taskinstance.py:1089} INFO - Executing <Task(BashOperator): first_task> on 2021-02-09T00:00:00+00:00
[2021-04-25 00:44:21,170] {standard_task_runner.py:52} INFO - Started process 2207 to run task
[2021-04-25 00:44:21,197] {standard_task_runner.py:76} INFO - Running: ['airflow', 'tasks', 'run', 'bash_operator_dag', 'first_task', '2021-02-09T00:00:00+00:00', '--job-id', '770', '--pool', 'default_pool', '--raw', '--subdir', 'DAGS_FOLDER/simple_bash_operator_dag.py', '--cfg-path', '/tmp/tmpa207tev4', '--error-file', '/tmp/tmpt1_2ndzn']
[2021-04-25 00:44:21,198] {standard_task_runner.py:77} INFO - Job 770: Subtask first_task
[2021-04-25 00:44:21,433] {logging_mixin.py:104} INFO - Running <TaskInstance: bash_operator_dag.first_task 2021-02-09T00:00:00+00:00 [running]> on host 4a00a306afdc
[2021-04-25 00:44:21,611] {taskinstance.py:1283} INFO - Exporting the following env vars:
AIRFLOW_CTX_DAG_OWNER=airflow
AIRFLOW_CTX_DAG_ID=bash_operator_dag
AIRFLOW_CTX_TASK_ID=first_task
AIRFLOW_CTX_EXECUTION_DATE=2021-02-09T00:00:00+00:00
AIRFLOW_CTX_DAG_RUN_ID=scheduled__2021-02-09T00:00:00+00:00
[2021-04-25 00:44:21,612] {bash.py:135} INFO - Tmp dir root location: 
 /tmp
[2021-04-25 00:44:21,614] {bash.py:158} INFO - Running command: echo "testing first bash operator"
[2021-04-25 00:44:21,634] {bash.py:169} INFO - Output:
[2021-04-25 00:44:21,639] {bash.py:173} INFO - testing first bash operator
[2021-04-25 00:44:21,639] {bash.py:177} INFO - Command exited with return code 0
[2021-04-25 00:44:21,716] {taskinstance.py:1192} INFO - Marking task as SUCCESS. dag_id=bash_operator_dag, task_id=first_task, execution_date=20210209T000000, start_date=20210425T004421, end_date=20210425T004421
[2021-04-25 00:44:21,883] {taskinstance.py:1246} INFO - 1 downstream tasks scheduled from follow-on schedule check
[2021-04-25 00:44:21,915] {local_task_job.py:146} INFO - Task exited with return code 0
