[2021-04-25 00:07:28,219] {taskinstance.py:877} INFO - Dependencies all met for <TaskInstance: bash_operator_dag.second_task 2021-01-16T00:00:00+00:00 [queued]>
[2021-04-25 00:07:28,256] {taskinstance.py:877} INFO - Dependencies all met for <TaskInstance: bash_operator_dag.second_task 2021-01-16T00:00:00+00:00 [queued]>
[2021-04-25 00:07:28,256] {taskinstance.py:1068} INFO - 
--------------------------------------------------------------------------------
[2021-04-25 00:07:28,257] {taskinstance.py:1069} INFO - Starting attempt 1 of 3
[2021-04-25 00:07:28,257] {taskinstance.py:1070} INFO - 
--------------------------------------------------------------------------------
[2021-04-25 00:07:28,312] {taskinstance.py:1089} INFO - Executing <Task(BashOperator): second_task> on 2021-01-16T00:00:00+00:00
[2021-04-25 00:07:28,325] {standard_task_runner.py:52} INFO - Started process 1397 to run task
[2021-04-25 00:07:28,356] {standard_task_runner.py:76} INFO - Running: ['airflow', 'tasks', 'run', 'bash_operator_dag', 'second_task', '2021-01-16T00:00:00+00:00', '--job-id', '501', '--pool', 'default_pool', '--raw', '--subdir', 'DAGS_FOLDER/simple_bash_operator_dag.py', '--cfg-path', '/tmp/tmps1ka7stt', '--error-file', '/tmp/tmpjtbcr6em']
[2021-04-25 00:07:28,357] {standard_task_runner.py:77} INFO - Job 501: Subtask second_task
[2021-04-25 00:07:28,641] {logging_mixin.py:104} INFO - Running <TaskInstance: bash_operator_dag.second_task 2021-01-16T00:00:00+00:00 [running]> on host 4a00a306afdc
[2021-04-25 00:07:28,871] {taskinstance.py:1283} INFO - Exporting the following env vars:
AIRFLOW_CTX_DAG_OWNER=airflow
AIRFLOW_CTX_DAG_ID=bash_operator_dag
AIRFLOW_CTX_TASK_ID=second_task
AIRFLOW_CTX_EXECUTION_DATE=2021-01-16T00:00:00+00:00
AIRFLOW_CTX_DAG_RUN_ID=scheduled__2021-01-16T00:00:00+00:00
[2021-04-25 00:07:28,877] {bash.py:135} INFO - Tmp dir root location: 
 /tmp
[2021-04-25 00:07:28,888] {bash.py:158} INFO - Running command: echo "testing second bash operator"
[2021-04-25 00:07:28,910] {bash.py:169} INFO - Output:
[2021-04-25 00:07:28,916] {bash.py:173} INFO - testing second bash operator
[2021-04-25 00:07:28,918] {bash.py:177} INFO - Command exited with return code 0
[2021-04-25 00:07:29,021] {taskinstance.py:1192} INFO - Marking task as SUCCESS. dag_id=bash_operator_dag, task_id=second_task, execution_date=20210116T000000, start_date=20210425T000728, end_date=20210425T000729
[2021-04-25 00:07:29,172] {taskinstance.py:1246} INFO - 0 downstream tasks scheduled from follow-on schedule check
[2021-04-25 00:07:29,208] {local_task_job.py:146} INFO - Task exited with return code 0
[2021-04-25 00:43:52,756] {taskinstance.py:877} INFO - Dependencies all met for <TaskInstance: bash_operator_dag.second_task 2021-01-16T00:00:00+00:00 [queued]>
[2021-04-25 00:43:52,824] {taskinstance.py:877} INFO - Dependencies all met for <TaskInstance: bash_operator_dag.second_task 2021-01-16T00:00:00+00:00 [queued]>
[2021-04-25 00:43:52,826] {taskinstance.py:1068} INFO - 
--------------------------------------------------------------------------------
[2021-04-25 00:43:52,827] {taskinstance.py:1069} INFO - Starting attempt 1 of 3
[2021-04-25 00:43:52,827] {taskinstance.py:1070} INFO - 
--------------------------------------------------------------------------------
[2021-04-25 00:43:52,927] {taskinstance.py:1089} INFO - Executing <Task(BashOperator): second_task> on 2021-01-16T00:00:00+00:00
[2021-04-25 00:43:52,951] {standard_task_runner.py:52} INFO - Started process 2081 to run task
[2021-04-25 00:43:52,997] {standard_task_runner.py:76} INFO - Running: ['airflow', 'tasks', 'run', 'bash_operator_dag', 'second_task', '2021-01-16T00:00:00+00:00', '--job-id', '728', '--pool', 'default_pool', '--raw', '--subdir', 'DAGS_FOLDER/simple_bash_operator_dag.py', '--cfg-path', '/tmp/tmpxse0nfqz', '--error-file', '/tmp/tmp51c7ohwl']
[2021-04-25 00:43:52,998] {standard_task_runner.py:77} INFO - Job 728: Subtask second_task
[2021-04-25 00:43:53,294] {logging_mixin.py:104} INFO - Running <TaskInstance: bash_operator_dag.second_task 2021-01-16T00:00:00+00:00 [running]> on host 4a00a306afdc
[2021-04-25 00:43:53,534] {taskinstance.py:1283} INFO - Exporting the following env vars:
AIRFLOW_CTX_DAG_OWNER=airflow
AIRFLOW_CTX_DAG_ID=bash_operator_dag
AIRFLOW_CTX_TASK_ID=second_task
AIRFLOW_CTX_EXECUTION_DATE=2021-01-16T00:00:00+00:00
AIRFLOW_CTX_DAG_RUN_ID=scheduled__2021-01-16T00:00:00+00:00
[2021-04-25 00:43:53,535] {bash.py:135} INFO - Tmp dir root location: 
 /tmp
[2021-04-25 00:43:53,542] {bash.py:158} INFO - Running command: echo "testing second bash operator"
[2021-04-25 00:43:53,585] {bash.py:169} INFO - Output:
[2021-04-25 00:43:53,596] {bash.py:173} INFO - testing second bash operator
[2021-04-25 00:43:53,597] {bash.py:177} INFO - Command exited with return code 0
[2021-04-25 00:43:53,763] {taskinstance.py:1192} INFO - Marking task as SUCCESS. dag_id=bash_operator_dag, task_id=second_task, execution_date=20210116T000000, start_date=20210425T004352, end_date=20210425T004353
[2021-04-25 00:43:53,935] {taskinstance.py:1246} INFO - 0 downstream tasks scheduled from follow-on schedule check
[2021-04-25 00:43:53,984] {local_task_job.py:146} INFO - Task exited with return code 0
