[2021-04-24 23:02:16,656] {taskinstance.py:877} INFO - Dependencies all met for <TaskInstance: tutorial.print_date 2021-04-22T00:00:00+00:00 [queued]>
[2021-04-24 23:02:16,676] {taskinstance.py:877} INFO - Dependencies all met for <TaskInstance: tutorial.print_date 2021-04-22T00:00:00+00:00 [queued]>
[2021-04-24 23:02:16,676] {taskinstance.py:1068} INFO - 
--------------------------------------------------------------------------------
[2021-04-24 23:02:16,677] {taskinstance.py:1069} INFO - Starting attempt 1 of 2
[2021-04-24 23:02:16,677] {taskinstance.py:1070} INFO - 
--------------------------------------------------------------------------------
[2021-04-24 23:02:16,699] {taskinstance.py:1089} INFO - Executing <Task(BashOperator): print_date> on 2021-04-22T00:00:00+00:00
[2021-04-24 23:02:16,704] {standard_task_runner.py:52} INFO - Started process 52 to run task
[2021-04-24 23:02:16,711] {standard_task_runner.py:76} INFO - Running: ['airflow', 'tasks', 'run', 'tutorial', 'print_date', '2021-04-22T00:00:00+00:00', '--job-id', '41', '--pool', 'default_pool', '--raw', '--subdir', '/home/airflow/.local/lib/python3.6/site-packages/airflow/example_dags/tutorial.py', '--cfg-path', '/tmp/tmp41ksmoxn', '--error-file', '/tmp/tmpptnhbekc']
[2021-04-24 23:02:16,712] {standard_task_runner.py:77} INFO - Job 41: Subtask print_date
[2021-04-24 23:02:16,786] {logging_mixin.py:104} INFO - Running <TaskInstance: tutorial.print_date 2021-04-22T00:00:00+00:00 [running]> on host 4a00a306afdc
[2021-04-24 23:02:16,845] {taskinstance.py:1283} INFO - Exporting the following env vars:
AIRFLOW_CTX_DAG_EMAIL=airflow@example.com
AIRFLOW_CTX_DAG_OWNER=airflow
AIRFLOW_CTX_DAG_ID=tutorial
AIRFLOW_CTX_TASK_ID=print_date
AIRFLOW_CTX_EXECUTION_DATE=2021-04-22T00:00:00+00:00
AIRFLOW_CTX_DAG_RUN_ID=scheduled__2021-04-22T00:00:00+00:00
[2021-04-24 23:02:16,846] {bash.py:135} INFO - Tmp dir root location: 
 /tmp
[2021-04-24 23:02:16,847] {bash.py:158} INFO - Running command: date
[2021-04-24 23:02:16,858] {bash.py:169} INFO - Output:
[2021-04-24 23:02:16,869] {bash.py:173} INFO - Sat Apr 24 23:02:16 UTC 2021
[2021-04-24 23:02:16,870] {bash.py:177} INFO - Command exited with return code 0
[2021-04-24 23:02:16,915] {taskinstance.py:1192} INFO - Marking task as SUCCESS. dag_id=tutorial, task_id=print_date, execution_date=20210422T000000, start_date=20210424T230216, end_date=20210424T230216
[2021-04-24 23:02:16,965] {taskinstance.py:1246} INFO - 2 downstream tasks scheduled from follow-on schedule check
[2021-04-24 23:02:17,006] {local_task_job.py:146} INFO - Task exited with return code 0
