[2021-04-25 00:05:33,799] {taskinstance.py:877} INFO - Dependencies all met for <TaskInstance: bash_operator_dag.second_task 2021-03-31T00:00:00+00:00 [queued]>
[2021-04-25 00:05:33,853] {taskinstance.py:877} INFO - Dependencies all met for <TaskInstance: bash_operator_dag.second_task 2021-03-31T00:00:00+00:00 [queued]>
[2021-04-25 00:05:33,854] {taskinstance.py:1068} INFO - 
--------------------------------------------------------------------------------
[2021-04-25 00:05:33,854] {taskinstance.py:1069} INFO - Starting attempt 1 of 1
[2021-04-25 00:05:33,854] {taskinstance.py:1070} INFO - 
--------------------------------------------------------------------------------
[2021-04-25 00:05:33,899] {taskinstance.py:1089} INFO - Executing <Task(BashOperator): second_task> on 2021-03-31T00:00:00+00:00
[2021-04-25 00:05:33,909] {standard_task_runner.py:52} INFO - Started process 1280 to run task
[2021-04-25 00:05:33,922] {standard_task_runner.py:76} INFO - Running: ['airflow', 'tasks', 'run', 'bash_operator_dag', 'second_task', '2021-03-31T00:00:00+00:00', '--job-id', '461', '--pool', 'default_pool', '--raw', '--subdir', 'DAGS_FOLDER/simple_bash_operator_dag.py', '--cfg-path', '/tmp/tmpg8zw7ev4', '--error-file', '/tmp/tmp9xh4zvg0']
[2021-04-25 00:05:33,923] {standard_task_runner.py:77} INFO - Job 461: Subtask second_task
[2021-04-25 00:05:34,071] {logging_mixin.py:104} INFO - Running <TaskInstance: bash_operator_dag.second_task 2021-03-31T00:00:00+00:00 [running]> on host 4a00a306afdc
[2021-04-25 00:05:34,156] {taskinstance.py:1283} INFO - Exporting the following env vars:
AIRFLOW_CTX_DAG_OWNER=airflow
AIRFLOW_CTX_DAG_ID=bash_operator_dag
AIRFLOW_CTX_TASK_ID=second_task
AIRFLOW_CTX_EXECUTION_DATE=2021-03-31T00:00:00+00:00
AIRFLOW_CTX_DAG_RUN_ID=scheduled__2021-03-31T00:00:00+00:00
[2021-04-25 00:05:34,158] {bash.py:135} INFO - Tmp dir root location: 
 /tmp
[2021-04-25 00:05:34,160] {bash.py:158} INFO - Running command: echo "testing second bash operator"
[2021-04-25 00:05:34,175] {bash.py:169} INFO - Output:
[2021-04-25 00:05:34,177] {bash.py:173} INFO - testing second bash operator
[2021-04-25 00:05:34,178] {bash.py:177} INFO - Command exited with return code 0
[2021-04-25 00:05:34,247] {taskinstance.py:1192} INFO - Marking task as SUCCESS. dag_id=bash_operator_dag, task_id=second_task, execution_date=20210331T000000, start_date=20210425T000533, end_date=20210425T000534
[2021-04-25 00:05:34,315] {taskinstance.py:1246} INFO - 0 downstream tasks scheduled from follow-on schedule check
[2021-04-25 00:05:34,337] {local_task_job.py:146} INFO - Task exited with return code 0
[2021-04-25 00:08:44,788] {taskinstance.py:877} INFO - Dependencies all met for <TaskInstance: bash_operator_dag.second_task 2021-03-31T00:00:00+00:00 [queued]>
[2021-04-25 00:08:44,834] {taskinstance.py:877} INFO - Dependencies all met for <TaskInstance: bash_operator_dag.second_task 2021-03-31T00:00:00+00:00 [queued]>
[2021-04-25 00:08:44,835] {taskinstance.py:1068} INFO - 
--------------------------------------------------------------------------------
[2021-04-25 00:08:44,835] {taskinstance.py:1069} INFO - Starting attempt 1 of 3
[2021-04-25 00:08:44,836] {taskinstance.py:1070} INFO - 
--------------------------------------------------------------------------------
[2021-04-25 00:08:44,902] {taskinstance.py:1089} INFO - Executing <Task(BashOperator): second_task> on 2021-03-31T00:00:00+00:00
[2021-04-25 00:08:44,922] {standard_task_runner.py:52} INFO - Started process 1841 to run task
[2021-04-25 00:08:44,938] {standard_task_runner.py:76} INFO - Running: ['airflow', 'tasks', 'run', 'bash_operator_dag', 'second_task', '2021-03-31T00:00:00+00:00', '--job-id', '649', '--pool', 'default_pool', '--raw', '--subdir', 'DAGS_FOLDER/simple_bash_operator_dag.py', '--cfg-path', '/tmp/tmp4ne7hzph', '--error-file', '/tmp/tmp_ix51ay2']
[2021-04-25 00:08:44,940] {standard_task_runner.py:77} INFO - Job 649: Subtask second_task
[2021-04-25 00:08:45,097] {logging_mixin.py:104} INFO - Running <TaskInstance: bash_operator_dag.second_task 2021-03-31T00:00:00+00:00 [running]> on host 4a00a306afdc
[2021-04-25 00:08:45,290] {taskinstance.py:1283} INFO - Exporting the following env vars:
AIRFLOW_CTX_DAG_OWNER=airflow
AIRFLOW_CTX_DAG_ID=bash_operator_dag
AIRFLOW_CTX_TASK_ID=second_task
AIRFLOW_CTX_EXECUTION_DATE=2021-03-31T00:00:00+00:00
AIRFLOW_CTX_DAG_RUN_ID=scheduled__2021-03-31T00:00:00+00:00
[2021-04-25 00:08:45,291] {bash.py:135} INFO - Tmp dir root location: 
 /tmp
[2021-04-25 00:08:45,293] {bash.py:158} INFO - Running command: echo "testing second bash operator"
[2021-04-25 00:08:45,336] {bash.py:169} INFO - Output:
[2021-04-25 00:08:45,345] {bash.py:173} INFO - testing second bash operator
[2021-04-25 00:08:45,346] {bash.py:177} INFO - Command exited with return code 0
[2021-04-25 00:08:45,531] {taskinstance.py:1192} INFO - Marking task as SUCCESS. dag_id=bash_operator_dag, task_id=second_task, execution_date=20210331T000000, start_date=20210425T000844, end_date=20210425T000845
[2021-04-25 00:08:45,691] {taskinstance.py:1246} INFO - 0 downstream tasks scheduled from follow-on schedule check
[2021-04-25 00:08:45,772] {local_task_job.py:146} INFO - Task exited with return code 0
