[2021-04-25 00:05:33,147] {taskinstance.py:877} INFO - Dependencies all met for <TaskInstance: bash_operator_dag.first_task 2021-04-02T00:00:00+00:00 [queued]>
[2021-04-25 00:05:33,178] {taskinstance.py:877} INFO - Dependencies all met for <TaskInstance: bash_operator_dag.first_task 2021-04-02T00:00:00+00:00 [queued]>
[2021-04-25 00:05:33,179] {taskinstance.py:1068} INFO - 
--------------------------------------------------------------------------------
[2021-04-25 00:05:33,179] {taskinstance.py:1069} INFO - Starting attempt 1 of 1
[2021-04-25 00:05:33,180] {taskinstance.py:1070} INFO - 
--------------------------------------------------------------------------------
[2021-04-25 00:05:33,222] {taskinstance.py:1089} INFO - Executing <Task(BashOperator): first_task> on 2021-04-02T00:00:00+00:00
[2021-04-25 00:05:33,231] {standard_task_runner.py:52} INFO - Started process 1273 to run task
[2021-04-25 00:05:33,242] {standard_task_runner.py:76} INFO - Running: ['airflow', 'tasks', 'run', 'bash_operator_dag', 'first_task', '2021-04-02T00:00:00+00:00', '--job-id', '458', '--pool', 'default_pool', '--raw', '--subdir', 'DAGS_FOLDER/simple_bash_operator_dag.py', '--cfg-path', '/tmp/tmpd00xv_4v', '--error-file', '/tmp/tmpaa68izvf']
[2021-04-25 00:05:33,243] {standard_task_runner.py:77} INFO - Job 458: Subtask first_task
[2021-04-25 00:05:33,340] {logging_mixin.py:104} INFO - Running <TaskInstance: bash_operator_dag.first_task 2021-04-02T00:00:00+00:00 [running]> on host 4a00a306afdc
[2021-04-25 00:05:33,452] {taskinstance.py:1283} INFO - Exporting the following env vars:
AIRFLOW_CTX_DAG_OWNER=airflow
AIRFLOW_CTX_DAG_ID=bash_operator_dag
AIRFLOW_CTX_TASK_ID=first_task
AIRFLOW_CTX_EXECUTION_DATE=2021-04-02T00:00:00+00:00
AIRFLOW_CTX_DAG_RUN_ID=scheduled__2021-04-02T00:00:00+00:00
[2021-04-25 00:05:33,454] {bash.py:135} INFO - Tmp dir root location: 
 /tmp
[2021-04-25 00:05:33,456] {bash.py:158} INFO - Running command: echo "testing first bash operator"
[2021-04-25 00:05:33,470] {bash.py:169} INFO - Output:
[2021-04-25 00:05:33,474] {bash.py:173} INFO - testing first bash operator
[2021-04-25 00:05:33,474] {bash.py:177} INFO - Command exited with return code 0
[2021-04-25 00:05:33,527] {taskinstance.py:1192} INFO - Marking task as SUCCESS. dag_id=bash_operator_dag, task_id=first_task, execution_date=20210402T000000, start_date=20210425T000533, end_date=20210425T000533
[2021-04-25 00:05:33,610] {taskinstance.py:1246} INFO - 1 downstream tasks scheduled from follow-on schedule check
[2021-04-25 00:05:33,660] {local_task_job.py:146} INFO - Task exited with return code 0
[2021-04-25 00:08:43,807] {taskinstance.py:877} INFO - Dependencies all met for <TaskInstance: bash_operator_dag.first_task 2021-04-02T00:00:00+00:00 [queued]>
[2021-04-25 00:08:43,859] {taskinstance.py:877} INFO - Dependencies all met for <TaskInstance: bash_operator_dag.first_task 2021-04-02T00:00:00+00:00 [queued]>
[2021-04-25 00:08:43,859] {taskinstance.py:1068} INFO - 
--------------------------------------------------------------------------------
[2021-04-25 00:08:43,860] {taskinstance.py:1069} INFO - Starting attempt 1 of 3
[2021-04-25 00:08:43,860] {taskinstance.py:1070} INFO - 
--------------------------------------------------------------------------------
[2021-04-25 00:08:43,931] {taskinstance.py:1089} INFO - Executing <Task(BashOperator): first_task> on 2021-04-02T00:00:00+00:00
[2021-04-25 00:08:43,970] {standard_task_runner.py:76} INFO - Running: ['airflow', 'tasks', 'run', 'bash_operator_dag', 'first_task', '2021-04-02T00:00:00+00:00', '--job-id', '647', '--pool', 'default_pool', '--raw', '--subdir', 'DAGS_FOLDER/simple_bash_operator_dag.py', '--cfg-path', '/tmp/tmpnlpicxb9', '--error-file', '/tmp/tmpp8lip75g']
[2021-04-25 00:08:43,971] {standard_task_runner.py:77} INFO - Job 647: Subtask first_task
[2021-04-25 00:08:43,947] {standard_task_runner.py:52} INFO - Started process 1836 to run task
[2021-04-25 00:08:44,155] {logging_mixin.py:104} INFO - Running <TaskInstance: bash_operator_dag.first_task 2021-04-02T00:00:00+00:00 [running]> on host 4a00a306afdc
[2021-04-25 00:08:44,364] {taskinstance.py:1283} INFO - Exporting the following env vars:
AIRFLOW_CTX_DAG_OWNER=airflow
AIRFLOW_CTX_DAG_ID=bash_operator_dag
AIRFLOW_CTX_TASK_ID=first_task
AIRFLOW_CTX_EXECUTION_DATE=2021-04-02T00:00:00+00:00
AIRFLOW_CTX_DAG_RUN_ID=scheduled__2021-04-02T00:00:00+00:00
[2021-04-25 00:08:44,366] {bash.py:135} INFO - Tmp dir root location: 
 /tmp
[2021-04-25 00:08:44,368] {bash.py:158} INFO - Running command: echo "testing first bash operator"
[2021-04-25 00:08:44,430] {bash.py:169} INFO - Output:
[2021-04-25 00:08:44,431] {bash.py:173} INFO - testing first bash operator
[2021-04-25 00:08:44,436] {bash.py:177} INFO - Command exited with return code 0
[2021-04-25 00:08:44,610] {taskinstance.py:1192} INFO - Marking task as SUCCESS. dag_id=bash_operator_dag, task_id=first_task, execution_date=20210402T000000, start_date=20210425T000843, end_date=20210425T000844
[2021-04-25 00:08:44,986] {taskinstance.py:1246} INFO - 0 downstream tasks scheduled from follow-on schedule check
[2021-04-25 00:08:45,009] {local_task_job.py:146} INFO - Task exited with return code 0
