[2021-04-25 00:07:27,588] {taskinstance.py:877} INFO - Dependencies all met for <TaskInstance: bash_operator_dag.second_task 2021-01-15T00:00:00+00:00 [queued]>
[2021-04-25 00:07:27,627] {taskinstance.py:877} INFO - Dependencies all met for <TaskInstance: bash_operator_dag.second_task 2021-01-15T00:00:00+00:00 [queued]>
[2021-04-25 00:07:27,628] {taskinstance.py:1068} INFO - 
--------------------------------------------------------------------------------
[2021-04-25 00:07:27,628] {taskinstance.py:1069} INFO - Starting attempt 1 of 3
[2021-04-25 00:07:27,628] {taskinstance.py:1070} INFO - 
--------------------------------------------------------------------------------
[2021-04-25 00:07:27,683] {taskinstance.py:1089} INFO - Executing <Task(BashOperator): second_task> on 2021-01-15T00:00:00+00:00
[2021-04-25 00:07:27,696] {standard_task_runner.py:52} INFO - Started process 1391 to run task
[2021-04-25 00:07:27,725] {standard_task_runner.py:76} INFO - Running: ['airflow', 'tasks', 'run', 'bash_operator_dag', 'second_task', '2021-01-15T00:00:00+00:00', '--job-id', '499', '--pool', 'default_pool', '--raw', '--subdir', 'DAGS_FOLDER/simple_bash_operator_dag.py', '--cfg-path', '/tmp/tmpadb845et', '--error-file', '/tmp/tmpo6kp_rsu']
[2021-04-25 00:07:27,727] {standard_task_runner.py:77} INFO - Job 499: Subtask second_task
[2021-04-25 00:07:27,894] {logging_mixin.py:104} INFO - Running <TaskInstance: bash_operator_dag.second_task 2021-01-15T00:00:00+00:00 [running]> on host 4a00a306afdc
[2021-04-25 00:07:28,121] {taskinstance.py:1283} INFO - Exporting the following env vars:
AIRFLOW_CTX_DAG_OWNER=airflow
AIRFLOW_CTX_DAG_ID=bash_operator_dag
AIRFLOW_CTX_TASK_ID=second_task
AIRFLOW_CTX_EXECUTION_DATE=2021-01-15T00:00:00+00:00
AIRFLOW_CTX_DAG_RUN_ID=scheduled__2021-01-15T00:00:00+00:00
[2021-04-25 00:07:28,122] {bash.py:135} INFO - Tmp dir root location: 
 /tmp
[2021-04-25 00:07:28,134] {bash.py:158} INFO - Running command: echo "testing second bash operator"
[2021-04-25 00:07:28,162] {bash.py:169} INFO - Output:
[2021-04-25 00:07:28,168] {bash.py:173} INFO - testing second bash operator
[2021-04-25 00:07:28,170] {bash.py:177} INFO - Command exited with return code 0
[2021-04-25 00:07:28,355] {taskinstance.py:1192} INFO - Marking task as SUCCESS. dag_id=bash_operator_dag, task_id=second_task, execution_date=20210115T000000, start_date=20210425T000727, end_date=20210425T000728
[2021-04-25 00:07:28,611] {taskinstance.py:1246} INFO - 0 downstream tasks scheduled from follow-on schedule check
[2021-04-25 00:07:28,630] {local_task_job.py:146} INFO - Task exited with return code 0
[2021-04-25 00:43:51,000] {taskinstance.py:877} INFO - Dependencies all met for <TaskInstance: bash_operator_dag.second_task 2021-01-15T00:00:00+00:00 [queued]>
[2021-04-25 00:43:51,049] {taskinstance.py:877} INFO - Dependencies all met for <TaskInstance: bash_operator_dag.second_task 2021-01-15T00:00:00+00:00 [queued]>
[2021-04-25 00:43:51,051] {taskinstance.py:1068} INFO - 
--------------------------------------------------------------------------------
[2021-04-25 00:43:51,051] {taskinstance.py:1069} INFO - Starting attempt 1 of 3
[2021-04-25 00:43:51,060] {taskinstance.py:1070} INFO - 
--------------------------------------------------------------------------------
[2021-04-25 00:43:51,235] {taskinstance.py:1089} INFO - Executing <Task(BashOperator): second_task> on 2021-01-15T00:00:00+00:00
[2021-04-25 00:43:51,269] {standard_task_runner.py:52} INFO - Started process 2076 to run task
[2021-04-25 00:43:51,298] {standard_task_runner.py:76} INFO - Running: ['airflow', 'tasks', 'run', 'bash_operator_dag', 'second_task', '2021-01-15T00:00:00+00:00', '--job-id', '727', '--pool', 'default_pool', '--raw', '--subdir', 'DAGS_FOLDER/simple_bash_operator_dag.py', '--cfg-path', '/tmp/tmp_krzkfno', '--error-file', '/tmp/tmpc1wv6_2e']
[2021-04-25 00:43:51,316] {standard_task_runner.py:77} INFO - Job 727: Subtask second_task
[2021-04-25 00:43:51,810] {logging_mixin.py:104} INFO - Running <TaskInstance: bash_operator_dag.second_task 2021-01-15T00:00:00+00:00 [running]> on host 4a00a306afdc
[2021-04-25 00:43:52,203] {taskinstance.py:1283} INFO - Exporting the following env vars:
AIRFLOW_CTX_DAG_OWNER=airflow
AIRFLOW_CTX_DAG_ID=bash_operator_dag
AIRFLOW_CTX_TASK_ID=second_task
AIRFLOW_CTX_EXECUTION_DATE=2021-01-15T00:00:00+00:00
AIRFLOW_CTX_DAG_RUN_ID=scheduled__2021-01-15T00:00:00+00:00
[2021-04-25 00:43:52,215] {bash.py:135} INFO - Tmp dir root location: 
 /tmp
[2021-04-25 00:43:52,226] {bash.py:158} INFO - Running command: echo "testing second bash operator"
[2021-04-25 00:43:52,279] {bash.py:169} INFO - Output:
[2021-04-25 00:43:52,293] {bash.py:173} INFO - testing second bash operator
[2021-04-25 00:43:52,294] {bash.py:177} INFO - Command exited with return code 0
[2021-04-25 00:43:52,509] {taskinstance.py:1192} INFO - Marking task as SUCCESS. dag_id=bash_operator_dag, task_id=second_task, execution_date=20210115T000000, start_date=20210425T004351, end_date=20210425T004352
[2021-04-25 00:43:52,682] {taskinstance.py:1246} INFO - 0 downstream tasks scheduled from follow-on schedule check
[2021-04-25 00:43:52,757] {local_task_job.py:146} INFO - Task exited with return code 0
