[2021-04-25 10:55:17,006] {taskinstance.py:877} INFO - Dependencies all met for <TaskInstance: write_file_python_operator.fetch_and_write_a_file_task 2021-04-25T10:54:00+00:00 [queued]>
[2021-04-25 10:55:17,024] {taskinstance.py:877} INFO - Dependencies all met for <TaskInstance: write_file_python_operator.fetch_and_write_a_file_task 2021-04-25T10:54:00+00:00 [queued]>
[2021-04-25 10:55:17,024] {taskinstance.py:1068} INFO - 
--------------------------------------------------------------------------------
[2021-04-25 10:55:17,024] {taskinstance.py:1069} INFO - Starting attempt 1 of 3
[2021-04-25 10:55:17,024] {taskinstance.py:1070} INFO - 
--------------------------------------------------------------------------------
[2021-04-25 10:55:17,033] {taskinstance.py:1089} INFO - Executing <Task(PythonOperator): fetch_and_write_a_file_task> on 2021-04-25T10:54:00+00:00
[2021-04-25 10:55:17,037] {standard_task_runner.py:52} INFO - Started process 93 to run task
[2021-04-25 10:55:17,041] {standard_task_runner.py:76} INFO - Running: ['airflow', 'tasks', 'run', 'write_file_python_operator', 'fetch_and_write_a_file_task', '2021-04-25T10:54:00+00:00', '--job-id', '856', '--pool', 'default_pool', '--raw', '--subdir', 'DAGS_FOLDER/python_operator/write_file_python_operator.py', '--cfg-path', '/tmp/tmprr3p3npi', '--error-file', '/tmp/tmp_qyhpp7o']
[2021-04-25 10:55:17,041] {standard_task_runner.py:77} INFO - Job 856: Subtask fetch_and_write_a_file_task
[2021-04-25 10:55:17,122] {logging_mixin.py:104} INFO - Running <TaskInstance: write_file_python_operator.fetch_and_write_a_file_task 2021-04-25T10:54:00+00:00 [running]> on host d6e2455ef0ec
[2021-04-25 10:55:17,210] {taskinstance.py:1283} INFO - Exporting the following env vars:
AIRFLOW_CTX_DAG_OWNER=airflow
AIRFLOW_CTX_DAG_ID=write_file_python_operator
AIRFLOW_CTX_TASK_ID=fetch_and_write_a_file_task
AIRFLOW_CTX_EXECUTION_DATE=2021-04-25T10:54:00+00:00
AIRFLOW_CTX_DAG_RUN_ID=scheduled__2021-04-25T10:54:00+00:00
[2021-04-25 10:55:17,734] {logging_mixin.py:104} INFO - Success fetch data from http://jsonplaceholder.typicode.com/todos and write to todo.json
[2021-04-25 10:55:17,735] {python.py:118} INFO - Done. Returned value was: None
[2021-04-25 10:55:17,748] {taskinstance.py:1192} INFO - Marking task as SUCCESS. dag_id=write_file_python_operator, task_id=fetch_and_write_a_file_task, execution_date=20210425T105400, start_date=20210425T105517, end_date=20210425T105517
[2021-04-25 10:55:17,777] {taskinstance.py:1246} INFO - 0 downstream tasks scheduled from follow-on schedule check
[2021-04-25 10:55:17,819] {local_task_job.py:146} INFO - Task exited with return code 0
[2021-04-25 10:56:07,755] {taskinstance.py:877} INFO - Dependencies all met for <TaskInstance: write_file_python_operator.fetch_and_write_a_file_task 2021-04-25T10:54:00+00:00 [queued]>
[2021-04-25 10:56:07,778] {taskinstance.py:877} INFO - Dependencies all met for <TaskInstance: write_file_python_operator.fetch_and_write_a_file_task 2021-04-25T10:54:00+00:00 [queued]>
[2021-04-25 10:56:07,779] {taskinstance.py:1068} INFO - 
--------------------------------------------------------------------------------
[2021-04-25 10:56:07,779] {taskinstance.py:1069} INFO - Starting attempt 1 of 3
[2021-04-25 10:56:07,779] {taskinstance.py:1070} INFO - 
--------------------------------------------------------------------------------
[2021-04-25 10:56:07,794] {taskinstance.py:1089} INFO - Executing <Task(PythonOperator): fetch_and_write_a_file_task> on 2021-04-25T10:54:00+00:00
[2021-04-25 10:56:07,799] {standard_task_runner.py:52} INFO - Started process 98 to run task
[2021-04-25 10:56:07,804] {standard_task_runner.py:76} INFO - Running: ['airflow', 'tasks', 'run', 'write_file_python_operator', 'fetch_and_write_a_file_task', '2021-04-25T10:54:00+00:00', '--job-id', '858', '--pool', 'default_pool', '--raw', '--subdir', 'DAGS_FOLDER/python_operator/write_file_python_operator.py', '--cfg-path', '/tmp/tmp8k1ljgos', '--error-file', '/tmp/tmpux7etecd']
[2021-04-25 10:56:07,805] {standard_task_runner.py:77} INFO - Job 858: Subtask fetch_and_write_a_file_task
[2021-04-25 10:56:07,863] {logging_mixin.py:104} INFO - Running <TaskInstance: write_file_python_operator.fetch_and_write_a_file_task 2021-04-25T10:54:00+00:00 [running]> on host d6e2455ef0ec
[2021-04-25 10:56:07,917] {taskinstance.py:1283} INFO - Exporting the following env vars:
AIRFLOW_CTX_DAG_OWNER=airflow
AIRFLOW_CTX_DAG_ID=write_file_python_operator
AIRFLOW_CTX_TASK_ID=fetch_and_write_a_file_task
AIRFLOW_CTX_EXECUTION_DATE=2021-04-25T10:54:00+00:00
AIRFLOW_CTX_DAG_RUN_ID=scheduled__2021-04-25T10:54:00+00:00
[2021-04-25 10:56:08,155] {logging_mixin.py:104} INFO - Success fetch data from http://jsonplaceholder.typicode.com/todos and write to todo.json
[2021-04-25 10:56:08,156] {python.py:118} INFO - Done. Returned value was: None
[2021-04-25 10:56:08,167] {taskinstance.py:1192} INFO - Marking task as SUCCESS. dag_id=write_file_python_operator, task_id=fetch_and_write_a_file_task, execution_date=20210425T105400, start_date=20210425T105607, end_date=20210425T105608
[2021-04-25 10:56:08,193] {taskinstance.py:1246} INFO - 0 downstream tasks scheduled from follow-on schedule check
[2021-04-25 10:56:08,219] {local_task_job.py:146} INFO - Task exited with return code 0
