[2021-04-25 00:07:17,628] {taskinstance.py:877} INFO - Dependencies all met for <TaskInstance: bash_operator_dag.second_task 2021-01-06T00:00:00+00:00 [queued]>
[2021-04-25 00:07:17,759] {taskinstance.py:877} INFO - Dependencies all met for <TaskInstance: bash_operator_dag.second_task 2021-01-06T00:00:00+00:00 [queued]>
[2021-04-25 00:07:17,760] {taskinstance.py:1068} INFO - 
--------------------------------------------------------------------------------
[2021-04-25 00:07:17,760] {taskinstance.py:1069} INFO - Starting attempt 1 of 3
[2021-04-25 00:07:17,760] {taskinstance.py:1070} INFO - 
--------------------------------------------------------------------------------
[2021-04-25 00:07:17,867] {taskinstance.py:1089} INFO - Executing <Task(BashOperator): second_task> on 2021-01-06T00:00:00+00:00
[2021-04-25 00:07:17,880] {standard_task_runner.py:52} INFO - Started process 1338 to run task
[2021-04-25 00:07:17,944] {standard_task_runner.py:76} INFO - Running: ['airflow', 'tasks', 'run', 'bash_operator_dag', 'second_task', '2021-01-06T00:00:00+00:00', '--job-id', '481', '--pool', 'default_pool', '--raw', '--subdir', 'DAGS_FOLDER/simple_bash_operator_dag.py', '--cfg-path', '/tmp/tmpevjuu6wv', '--error-file', '/tmp/tmp7alikvv5']
[2021-04-25 00:07:17,946] {standard_task_runner.py:77} INFO - Job 481: Subtask second_task
[2021-04-25 00:07:18,258] {logging_mixin.py:104} INFO - Running <TaskInstance: bash_operator_dag.second_task 2021-01-06T00:00:00+00:00 [running]> on host 4a00a306afdc
[2021-04-25 00:07:18,533] {taskinstance.py:1283} INFO - Exporting the following env vars:
AIRFLOW_CTX_DAG_OWNER=airflow
AIRFLOW_CTX_DAG_ID=bash_operator_dag
AIRFLOW_CTX_TASK_ID=second_task
AIRFLOW_CTX_EXECUTION_DATE=2021-01-06T00:00:00+00:00
AIRFLOW_CTX_DAG_RUN_ID=scheduled__2021-01-06T00:00:00+00:00
[2021-04-25 00:07:18,535] {bash.py:135} INFO - Tmp dir root location: 
 /tmp
[2021-04-25 00:07:18,538] {bash.py:158} INFO - Running command: echo "testing second bash operator"
[2021-04-25 00:07:18,582] {bash.py:169} INFO - Output:
[2021-04-25 00:07:18,584] {bash.py:173} INFO - testing second bash operator
[2021-04-25 00:07:18,585] {bash.py:177} INFO - Command exited with return code 0
[2021-04-25 00:07:18,760] {taskinstance.py:1192} INFO - Marking task as SUCCESS. dag_id=bash_operator_dag, task_id=second_task, execution_date=20210106T000000, start_date=20210425T000717, end_date=20210425T000718
[2021-04-25 00:07:18,886] {taskinstance.py:1246} INFO - 0 downstream tasks scheduled from follow-on schedule check
[2021-04-25 00:07:18,939] {local_task_job.py:146} INFO - Task exited with return code 0
[2021-04-25 00:43:38,179] {taskinstance.py:877} INFO - Dependencies all met for <TaskInstance: bash_operator_dag.second_task 2021-01-06T00:00:00+00:00 [queued]>
[2021-04-25 00:43:38,247] {taskinstance.py:877} INFO - Dependencies all met for <TaskInstance: bash_operator_dag.second_task 2021-01-06T00:00:00+00:00 [queued]>
[2021-04-25 00:43:38,248] {taskinstance.py:1068} INFO - 
--------------------------------------------------------------------------------
[2021-04-25 00:43:38,248] {taskinstance.py:1069} INFO - Starting attempt 1 of 3
[2021-04-25 00:43:38,248] {taskinstance.py:1070} INFO - 
--------------------------------------------------------------------------------
[2021-04-25 00:43:38,459] {taskinstance.py:1089} INFO - Executing <Task(BashOperator): second_task> on 2021-01-06T00:00:00+00:00
[2021-04-25 00:43:38,478] {standard_task_runner.py:52} INFO - Started process 2025 to run task
[2021-04-25 00:43:38,510] {standard_task_runner.py:76} INFO - Running: ['airflow', 'tasks', 'run', 'bash_operator_dag', 'second_task', '2021-01-06T00:00:00+00:00', '--job-id', '710', '--pool', 'default_pool', '--raw', '--subdir', 'DAGS_FOLDER/simple_bash_operator_dag.py', '--cfg-path', '/tmp/tmpjzxkk10l', '--error-file', '/tmp/tmpmc9lxush']
[2021-04-25 00:43:38,511] {standard_task_runner.py:77} INFO - Job 710: Subtask second_task
[2021-04-25 00:43:39,024] {logging_mixin.py:104} INFO - Running <TaskInstance: bash_operator_dag.second_task 2021-01-06T00:00:00+00:00 [running]> on host 4a00a306afdc
[2021-04-25 00:43:39,238] {taskinstance.py:1283} INFO - Exporting the following env vars:
AIRFLOW_CTX_DAG_OWNER=airflow
AIRFLOW_CTX_DAG_ID=bash_operator_dag
AIRFLOW_CTX_TASK_ID=second_task
AIRFLOW_CTX_EXECUTION_DATE=2021-01-06T00:00:00+00:00
AIRFLOW_CTX_DAG_RUN_ID=scheduled__2021-01-06T00:00:00+00:00
[2021-04-25 00:43:39,240] {bash.py:135} INFO - Tmp dir root location: 
 /tmp
[2021-04-25 00:43:39,246] {bash.py:158} INFO - Running command: echo "testing second bash operator"
[2021-04-25 00:43:39,276] {bash.py:169} INFO - Output:
[2021-04-25 00:43:39,286] {bash.py:173} INFO - testing second bash operator
[2021-04-25 00:43:39,290] {bash.py:177} INFO - Command exited with return code 0
[2021-04-25 00:43:39,419] {taskinstance.py:1192} INFO - Marking task as SUCCESS. dag_id=bash_operator_dag, task_id=second_task, execution_date=20210106T000000, start_date=20210425T004338, end_date=20210425T004339
[2021-04-25 00:43:39,571] {taskinstance.py:1246} INFO - 0 downstream tasks scheduled from follow-on schedule check
[2021-04-25 00:43:39,614] {local_task_job.py:146} INFO - Task exited with return code 0
