[2021-05-01 04:44:04,508] {scheduler_job.py:182} INFO - Started process (PID=45) to work on /opt/airflow/dags/bash_operator/simple_bash_operator_dag.py
[2021-05-01 04:44:04,510] {scheduler_job.py:629} INFO - Processing file /opt/airflow/dags/bash_operator/simple_bash_operator_dag.py for tasks to queue
[2021-05-01 04:44:04,511] {logging_mixin.py:104} INFO - [2021-05-01 04:44:04,510] {dagbag.py:451} INFO - Filling up the DagBag from /opt/airflow/dags/bash_operator/simple_bash_operator_dag.py
[2021-05-01 04:44:04,537] {scheduler_job.py:639} INFO - DAG(s) dict_keys(['bash_operator_dag']) retrieved from /opt/airflow/dags/bash_operator/simple_bash_operator_dag.py
[2021-05-01 04:44:04,578] {logging_mixin.py:104} INFO - [2021-05-01 04:44:04,577] {dag.py:1824} INFO - Sync 1 DAGs
[2021-05-01 04:44:04,626] {logging_mixin.py:104} INFO - [2021-05-01 04:44:04,626] {dag.py:2280} INFO - Setting next_dagrun for bash_operator_dag to 2021-04-30 00:00:00+00:00
[2021-05-01 04:44:04,645] {scheduler_job.py:190} INFO - Processing /opt/airflow/dags/bash_operator/simple_bash_operator_dag.py took 0.144 seconds
[2021-05-01 04:44:35,319] {scheduler_job.py:182} INFO - Started process (PID=79) to work on /opt/airflow/dags/bash_operator/simple_bash_operator_dag.py
[2021-05-01 04:44:35,336] {scheduler_job.py:629} INFO - Processing file /opt/airflow/dags/bash_operator/simple_bash_operator_dag.py for tasks to queue
[2021-05-01 04:44:35,349] {logging_mixin.py:104} INFO - [2021-05-01 04:44:35,348] {dagbag.py:451} INFO - Filling up the DagBag from /opt/airflow/dags/bash_operator/simple_bash_operator_dag.py
[2021-05-01 04:44:35,429] {scheduler_job.py:639} INFO - DAG(s) dict_keys(['bash_operator_dag']) retrieved from /opt/airflow/dags/bash_operator/simple_bash_operator_dag.py
[2021-05-01 04:44:35,553] {logging_mixin.py:104} INFO - [2021-05-01 04:44:35,553] {dag.py:1824} INFO - Sync 1 DAGs
[2021-05-01 04:44:35,693] {logging_mixin.py:104} INFO - [2021-05-01 04:44:35,693] {dag.py:2280} INFO - Setting next_dagrun for bash_operator_dag to 2021-04-30 00:00:00+00:00
[2021-05-01 04:44:35,752] {scheduler_job.py:190} INFO - Processing /opt/airflow/dags/bash_operator/simple_bash_operator_dag.py took 0.452 seconds
[2021-05-01 04:45:06,882] {scheduler_job.py:182} INFO - Started process (PID=114) to work on /opt/airflow/dags/bash_operator/simple_bash_operator_dag.py
[2021-05-01 04:45:06,884] {scheduler_job.py:629} INFO - Processing file /opt/airflow/dags/bash_operator/simple_bash_operator_dag.py for tasks to queue
[2021-05-01 04:45:06,885] {logging_mixin.py:104} INFO - [2021-05-01 04:45:06,885] {dagbag.py:451} INFO - Filling up the DagBag from /opt/airflow/dags/bash_operator/simple_bash_operator_dag.py
[2021-05-01 04:45:06,911] {scheduler_job.py:639} INFO - DAG(s) dict_keys(['bash_operator_dag']) retrieved from /opt/airflow/dags/bash_operator/simple_bash_operator_dag.py
[2021-05-01 04:45:06,966] {logging_mixin.py:104} INFO - [2021-05-01 04:45:06,966] {dag.py:1824} INFO - Sync 1 DAGs
[2021-05-01 04:45:07,024] {logging_mixin.py:104} INFO - [2021-05-01 04:45:07,023] {dag.py:2280} INFO - Setting next_dagrun for bash_operator_dag to 2021-04-30 00:00:00+00:00
[2021-05-01 04:45:07,054] {scheduler_job.py:190} INFO - Processing /opt/airflow/dags/bash_operator/simple_bash_operator_dag.py took 0.180 seconds
[2021-05-01 04:45:37,585] {scheduler_job.py:182} INFO - Started process (PID=148) to work on /opt/airflow/dags/bash_operator/simple_bash_operator_dag.py
[2021-05-01 04:45:37,586] {scheduler_job.py:629} INFO - Processing file /opt/airflow/dags/bash_operator/simple_bash_operator_dag.py for tasks to queue
[2021-05-01 04:45:37,587] {logging_mixin.py:104} INFO - [2021-05-01 04:45:37,587] {dagbag.py:451} INFO - Filling up the DagBag from /opt/airflow/dags/bash_operator/simple_bash_operator_dag.py
[2021-05-01 04:45:37,600] {scheduler_job.py:639} INFO - DAG(s) dict_keys(['bash_operator_dag']) retrieved from /opt/airflow/dags/bash_operator/simple_bash_operator_dag.py
[2021-05-01 04:45:37,619] {logging_mixin.py:104} INFO - [2021-05-01 04:45:37,619] {dag.py:1824} INFO - Sync 1 DAGs
[2021-05-01 04:45:37,640] {logging_mixin.py:104} INFO - [2021-05-01 04:45:37,640] {dag.py:2280} INFO - Setting next_dagrun for bash_operator_dag to 2021-04-30 00:00:00+00:00
[2021-05-01 04:45:37,650] {scheduler_job.py:190} INFO - Processing /opt/airflow/dags/bash_operator/simple_bash_operator_dag.py took 0.068 seconds
[2021-05-01 04:46:08,166] {scheduler_job.py:182} INFO - Started process (PID=181) to work on /opt/airflow/dags/bash_operator/simple_bash_operator_dag.py
[2021-05-01 04:46:08,166] {scheduler_job.py:629} INFO - Processing file /opt/airflow/dags/bash_operator/simple_bash_operator_dag.py for tasks to queue
[2021-05-01 04:46:08,167] {logging_mixin.py:104} INFO - [2021-05-01 04:46:08,167] {dagbag.py:451} INFO - Filling up the DagBag from /opt/airflow/dags/bash_operator/simple_bash_operator_dag.py
[2021-05-01 04:46:08,177] {scheduler_job.py:639} INFO - DAG(s) dict_keys(['bash_operator_dag']) retrieved from /opt/airflow/dags/bash_operator/simple_bash_operator_dag.py
[2021-05-01 04:46:08,197] {logging_mixin.py:104} INFO - [2021-05-01 04:46:08,197] {dag.py:1824} INFO - Sync 1 DAGs
[2021-05-01 04:46:08,222] {logging_mixin.py:104} INFO - [2021-05-01 04:46:08,222] {dag.py:2280} INFO - Setting next_dagrun for bash_operator_dag to 2021-04-30 00:00:00+00:00
[2021-05-01 04:46:08,234] {scheduler_job.py:190} INFO - Processing /opt/airflow/dags/bash_operator/simple_bash_operator_dag.py took 0.071 seconds
[2021-05-01 04:46:38,776] {scheduler_job.py:182} INFO - Started process (PID=214) to work on /opt/airflow/dags/bash_operator/simple_bash_operator_dag.py
[2021-05-01 04:46:38,777] {scheduler_job.py:629} INFO - Processing file /opt/airflow/dags/bash_operator/simple_bash_operator_dag.py for tasks to queue
[2021-05-01 04:46:38,778] {logging_mixin.py:104} INFO - [2021-05-01 04:46:38,778] {dagbag.py:451} INFO - Filling up the DagBag from /opt/airflow/dags/bash_operator/simple_bash_operator_dag.py
[2021-05-01 04:46:38,790] {scheduler_job.py:639} INFO - DAG(s) dict_keys(['bash_operator_dag']) retrieved from /opt/airflow/dags/bash_operator/simple_bash_operator_dag.py
[2021-05-01 04:46:38,811] {logging_mixin.py:104} INFO - [2021-05-01 04:46:38,811] {dag.py:1824} INFO - Sync 1 DAGs
[2021-05-01 04:46:38,837] {logging_mixin.py:104} INFO - [2021-05-01 04:46:38,837] {dag.py:2280} INFO - Setting next_dagrun for bash_operator_dag to 2021-04-30 00:00:00+00:00
[2021-05-01 04:46:38,848] {scheduler_job.py:190} INFO - Processing /opt/airflow/dags/bash_operator/simple_bash_operator_dag.py took 0.076 seconds
[2021-05-01 04:47:09,473] {scheduler_job.py:182} INFO - Started process (PID=247) to work on /opt/airflow/dags/bash_operator/simple_bash_operator_dag.py
[2021-05-01 04:47:09,474] {scheduler_job.py:629} INFO - Processing file /opt/airflow/dags/bash_operator/simple_bash_operator_dag.py for tasks to queue
[2021-05-01 04:47:09,474] {logging_mixin.py:104} INFO - [2021-05-01 04:47:09,474] {dagbag.py:451} INFO - Filling up the DagBag from /opt/airflow/dags/bash_operator/simple_bash_operator_dag.py
[2021-05-01 04:47:09,483] {scheduler_job.py:639} INFO - DAG(s) dict_keys(['bash_operator_dag']) retrieved from /opt/airflow/dags/bash_operator/simple_bash_operator_dag.py
[2021-05-01 04:47:09,504] {logging_mixin.py:104} INFO - [2021-05-01 04:47:09,504] {dag.py:1824} INFO - Sync 1 DAGs
[2021-05-01 04:47:09,525] {logging_mixin.py:104} INFO - [2021-05-01 04:47:09,525] {dag.py:2280} INFO - Setting next_dagrun for bash_operator_dag to 2021-04-30 00:00:00+00:00
[2021-05-01 04:47:09,570] {scheduler_job.py:190} INFO - Processing /opt/airflow/dags/bash_operator/simple_bash_operator_dag.py took 0.100 seconds
[2021-05-01 04:47:40,222] {scheduler_job.py:182} INFO - Started process (PID=280) to work on /opt/airflow/dags/bash_operator/simple_bash_operator_dag.py
[2021-05-01 04:47:40,223] {scheduler_job.py:629} INFO - Processing file /opt/airflow/dags/bash_operator/simple_bash_operator_dag.py for tasks to queue
[2021-05-01 04:47:40,224] {logging_mixin.py:104} INFO - [2021-05-01 04:47:40,224] {dagbag.py:451} INFO - Filling up the DagBag from /opt/airflow/dags/bash_operator/simple_bash_operator_dag.py
[2021-05-01 04:47:40,239] {scheduler_job.py:639} INFO - DAG(s) dict_keys(['bash_operator_dag']) retrieved from /opt/airflow/dags/bash_operator/simple_bash_operator_dag.py
[2021-05-01 04:47:40,261] {logging_mixin.py:104} INFO - [2021-05-01 04:47:40,260] {dag.py:1824} INFO - Sync 1 DAGs
[2021-05-01 04:47:40,288] {logging_mixin.py:104} INFO - [2021-05-01 04:47:40,287] {dag.py:2280} INFO - Setting next_dagrun for bash_operator_dag to 2021-04-30 00:00:00+00:00
[2021-05-01 04:47:40,298] {scheduler_job.py:190} INFO - Processing /opt/airflow/dags/bash_operator/simple_bash_operator_dag.py took 0.079 seconds
[2021-05-01 04:48:11,249] {scheduler_job.py:182} INFO - Started process (PID=313) to work on /opt/airflow/dags/bash_operator/simple_bash_operator_dag.py
[2021-05-01 04:48:11,251] {scheduler_job.py:629} INFO - Processing file /opt/airflow/dags/bash_operator/simple_bash_operator_dag.py for tasks to queue
[2021-05-01 04:48:11,254] {logging_mixin.py:104} INFO - [2021-05-01 04:48:11,253] {dagbag.py:451} INFO - Filling up the DagBag from /opt/airflow/dags/bash_operator/simple_bash_operator_dag.py
[2021-05-01 04:48:11,295] {scheduler_job.py:639} INFO - DAG(s) dict_keys(['bash_operator_dag']) retrieved from /opt/airflow/dags/bash_operator/simple_bash_operator_dag.py
[2021-05-01 04:48:11,354] {logging_mixin.py:104} INFO - [2021-05-01 04:48:11,354] {dag.py:1824} INFO - Sync 1 DAGs
[2021-05-01 04:48:11,443] {logging_mixin.py:104} INFO - [2021-05-01 04:48:11,443] {dag.py:2280} INFO - Setting next_dagrun for bash_operator_dag to 2021-04-30 00:00:00+00:00
[2021-05-01 04:48:11,481] {scheduler_job.py:190} INFO - Processing /opt/airflow/dags/bash_operator/simple_bash_operator_dag.py took 0.239 seconds
[2021-05-01 04:48:41,850] {scheduler_job.py:182} INFO - Started process (PID=345) to work on /opt/airflow/dags/bash_operator/simple_bash_operator_dag.py
[2021-05-01 04:48:41,852] {scheduler_job.py:629} INFO - Processing file /opt/airflow/dags/bash_operator/simple_bash_operator_dag.py for tasks to queue
[2021-05-01 04:48:41,854] {logging_mixin.py:104} INFO - [2021-05-01 04:48:41,853] {dagbag.py:451} INFO - Filling up the DagBag from /opt/airflow/dags/bash_operator/simple_bash_operator_dag.py
[2021-05-01 04:48:41,870] {scheduler_job.py:639} INFO - DAG(s) dict_keys(['bash_operator_dag']) retrieved from /opt/airflow/dags/bash_operator/simple_bash_operator_dag.py
[2021-05-01 04:48:41,894] {logging_mixin.py:104} INFO - [2021-05-01 04:48:41,894] {dag.py:1824} INFO - Sync 1 DAGs
[2021-05-01 04:48:41,926] {logging_mixin.py:104} INFO - [2021-05-01 04:48:41,926] {dag.py:2280} INFO - Setting next_dagrun for bash_operator_dag to 2021-04-30 00:00:00+00:00
[2021-05-01 04:48:41,940] {scheduler_job.py:190} INFO - Processing /opt/airflow/dags/bash_operator/simple_bash_operator_dag.py took 0.093 seconds
[2021-05-01 04:49:12,819] {scheduler_job.py:182} INFO - Started process (PID=378) to work on /opt/airflow/dags/bash_operator/simple_bash_operator_dag.py
[2021-05-01 04:49:12,820] {scheduler_job.py:629} INFO - Processing file /opt/airflow/dags/bash_operator/simple_bash_operator_dag.py for tasks to queue
[2021-05-01 04:49:12,822] {logging_mixin.py:104} INFO - [2021-05-01 04:49:12,821] {dagbag.py:451} INFO - Filling up the DagBag from /opt/airflow/dags/bash_operator/simple_bash_operator_dag.py
[2021-05-01 04:49:12,832] {scheduler_job.py:639} INFO - DAG(s) dict_keys(['bash_operator_dag']) retrieved from /opt/airflow/dags/bash_operator/simple_bash_operator_dag.py
[2021-05-01 04:49:12,859] {logging_mixin.py:104} INFO - [2021-05-01 04:49:12,859] {dag.py:1824} INFO - Sync 1 DAGs
[2021-05-01 04:49:12,887] {logging_mixin.py:104} INFO - [2021-05-01 04:49:12,887] {dag.py:2280} INFO - Setting next_dagrun for bash_operator_dag to 2021-04-30 00:00:00+00:00
[2021-05-01 04:49:12,897] {scheduler_job.py:190} INFO - Processing /opt/airflow/dags/bash_operator/simple_bash_operator_dag.py took 0.083 seconds
[2021-05-01 04:49:43,746] {scheduler_job.py:182} INFO - Started process (PID=411) to work on /opt/airflow/dags/bash_operator/simple_bash_operator_dag.py
[2021-05-01 04:49:43,747] {scheduler_job.py:629} INFO - Processing file /opt/airflow/dags/bash_operator/simple_bash_operator_dag.py for tasks to queue
[2021-05-01 04:49:43,747] {logging_mixin.py:104} INFO - [2021-05-01 04:49:43,747] {dagbag.py:451} INFO - Filling up the DagBag from /opt/airflow/dags/bash_operator/simple_bash_operator_dag.py
[2021-05-01 04:49:43,760] {scheduler_job.py:639} INFO - DAG(s) dict_keys(['bash_operator_dag']) retrieved from /opt/airflow/dags/bash_operator/simple_bash_operator_dag.py
[2021-05-01 04:49:43,781] {logging_mixin.py:104} INFO - [2021-05-01 04:49:43,780] {dag.py:1824} INFO - Sync 1 DAGs
[2021-05-01 04:49:43,812] {logging_mixin.py:104} INFO - [2021-05-01 04:49:43,812] {dag.py:2280} INFO - Setting next_dagrun for bash_operator_dag to 2021-04-30 00:00:00+00:00
[2021-05-01 04:49:43,827] {scheduler_job.py:190} INFO - Processing /opt/airflow/dags/bash_operator/simple_bash_operator_dag.py took 0.085 seconds
[2021-05-01 04:50:13,940] {scheduler_job.py:182} INFO - Started process (PID=444) to work on /opt/airflow/dags/bash_operator/simple_bash_operator_dag.py
[2021-05-01 04:50:13,941] {scheduler_job.py:629} INFO - Processing file /opt/airflow/dags/bash_operator/simple_bash_operator_dag.py for tasks to queue
[2021-05-01 04:50:13,942] {logging_mixin.py:104} INFO - [2021-05-01 04:50:13,942] {dagbag.py:451} INFO - Filling up the DagBag from /opt/airflow/dags/bash_operator/simple_bash_operator_dag.py
[2021-05-01 04:50:13,957] {scheduler_job.py:639} INFO - DAG(s) dict_keys(['bash_operator_dag']) retrieved from /opt/airflow/dags/bash_operator/simple_bash_operator_dag.py
[2021-05-01 04:50:13,978] {logging_mixin.py:104} INFO - [2021-05-01 04:50:13,978] {dag.py:1824} INFO - Sync 1 DAGs
[2021-05-01 04:50:14,007] {logging_mixin.py:104} INFO - [2021-05-01 04:50:14,006] {dag.py:2280} INFO - Setting next_dagrun for bash_operator_dag to 2021-04-30 00:00:00+00:00
[2021-05-01 04:50:14,017] {scheduler_job.py:190} INFO - Processing /opt/airflow/dags/bash_operator/simple_bash_operator_dag.py took 0.080 seconds
[2021-05-01 04:50:44,622] {scheduler_job.py:182} INFO - Started process (PID=477) to work on /opt/airflow/dags/bash_operator/simple_bash_operator_dag.py
[2021-05-01 04:50:44,623] {scheduler_job.py:629} INFO - Processing file /opt/airflow/dags/bash_operator/simple_bash_operator_dag.py for tasks to queue
[2021-05-01 04:50:44,624] {logging_mixin.py:104} INFO - [2021-05-01 04:50:44,623] {dagbag.py:451} INFO - Filling up the DagBag from /opt/airflow/dags/bash_operator/simple_bash_operator_dag.py
[2021-05-01 04:50:44,637] {scheduler_job.py:639} INFO - DAG(s) dict_keys(['bash_operator_dag']) retrieved from /opt/airflow/dags/bash_operator/simple_bash_operator_dag.py
[2021-05-01 04:50:44,657] {logging_mixin.py:104} INFO - [2021-05-01 04:50:44,657] {dag.py:1824} INFO - Sync 1 DAGs
[2021-05-01 04:50:44,686] {logging_mixin.py:104} INFO - [2021-05-01 04:50:44,686] {dag.py:2280} INFO - Setting next_dagrun for bash_operator_dag to 2021-04-30 00:00:00+00:00
[2021-05-01 04:50:44,698] {scheduler_job.py:190} INFO - Processing /opt/airflow/dags/bash_operator/simple_bash_operator_dag.py took 0.081 seconds
[2021-05-01 04:51:15,399] {scheduler_job.py:182} INFO - Started process (PID=510) to work on /opt/airflow/dags/bash_operator/simple_bash_operator_dag.py
[2021-05-01 04:51:15,401] {scheduler_job.py:629} INFO - Processing file /opt/airflow/dags/bash_operator/simple_bash_operator_dag.py for tasks to queue
[2021-05-01 04:51:15,401] {logging_mixin.py:104} INFO - [2021-05-01 04:51:15,401] {dagbag.py:451} INFO - Filling up the DagBag from /opt/airflow/dags/bash_operator/simple_bash_operator_dag.py
[2021-05-01 04:51:15,415] {scheduler_job.py:639} INFO - DAG(s) dict_keys(['bash_operator_dag']) retrieved from /opt/airflow/dags/bash_operator/simple_bash_operator_dag.py
[2021-05-01 04:51:15,436] {logging_mixin.py:104} INFO - [2021-05-01 04:51:15,436] {dag.py:1824} INFO - Sync 1 DAGs
[2021-05-01 04:51:15,463] {logging_mixin.py:104} INFO - [2021-05-01 04:51:15,463] {dag.py:2280} INFO - Setting next_dagrun for bash_operator_dag to 2021-04-30 00:00:00+00:00
[2021-05-01 04:51:15,474] {scheduler_job.py:190} INFO - Processing /opt/airflow/dags/bash_operator/simple_bash_operator_dag.py took 0.079 seconds
[2021-05-01 04:51:46,236] {scheduler_job.py:182} INFO - Started process (PID=543) to work on /opt/airflow/dags/bash_operator/simple_bash_operator_dag.py
[2021-05-01 04:51:46,237] {scheduler_job.py:629} INFO - Processing file /opt/airflow/dags/bash_operator/simple_bash_operator_dag.py for tasks to queue
[2021-05-01 04:51:46,237] {logging_mixin.py:104} INFO - [2021-05-01 04:51:46,237] {dagbag.py:451} INFO - Filling up the DagBag from /opt/airflow/dags/bash_operator/simple_bash_operator_dag.py
[2021-05-01 04:51:46,251] {scheduler_job.py:639} INFO - DAG(s) dict_keys(['bash_operator_dag']) retrieved from /opt/airflow/dags/bash_operator/simple_bash_operator_dag.py
[2021-05-01 04:51:46,270] {logging_mixin.py:104} INFO - [2021-05-01 04:51:46,270] {dag.py:1824} INFO - Sync 1 DAGs
[2021-05-01 04:51:46,293] {logging_mixin.py:104} INFO - [2021-05-01 04:51:46,293] {dag.py:2280} INFO - Setting next_dagrun for bash_operator_dag to 2021-04-30 00:00:00+00:00
[2021-05-01 04:51:46,310] {scheduler_job.py:190} INFO - Processing /opt/airflow/dags/bash_operator/simple_bash_operator_dag.py took 0.077 seconds
[2021-05-01 04:52:16,660] {scheduler_job.py:182} INFO - Started process (PID=576) to work on /opt/airflow/dags/bash_operator/simple_bash_operator_dag.py
[2021-05-01 04:52:16,661] {scheduler_job.py:629} INFO - Processing file /opt/airflow/dags/bash_operator/simple_bash_operator_dag.py for tasks to queue
[2021-05-01 04:52:16,662] {logging_mixin.py:104} INFO - [2021-05-01 04:52:16,662] {dagbag.py:451} INFO - Filling up the DagBag from /opt/airflow/dags/bash_operator/simple_bash_operator_dag.py
[2021-05-01 04:52:16,676] {scheduler_job.py:639} INFO - DAG(s) dict_keys(['bash_operator_dag']) retrieved from /opt/airflow/dags/bash_operator/simple_bash_operator_dag.py
[2021-05-01 04:52:16,702] {logging_mixin.py:104} INFO - [2021-05-01 04:52:16,702] {dag.py:1824} INFO - Sync 1 DAGs
[2021-05-01 04:52:16,733] {logging_mixin.py:104} INFO - [2021-05-01 04:52:16,733] {dag.py:2280} INFO - Setting next_dagrun for bash_operator_dag to 2021-04-30 00:00:00+00:00
[2021-05-01 04:52:16,752] {scheduler_job.py:190} INFO - Processing /opt/airflow/dags/bash_operator/simple_bash_operator_dag.py took 0.098 seconds
[2021-05-01 04:52:47,668] {scheduler_job.py:182} INFO - Started process (PID=609) to work on /opt/airflow/dags/bash_operator/simple_bash_operator_dag.py
[2021-05-01 04:52:47,669] {scheduler_job.py:629} INFO - Processing file /opt/airflow/dags/bash_operator/simple_bash_operator_dag.py for tasks to queue
[2021-05-01 04:52:47,670] {logging_mixin.py:104} INFO - [2021-05-01 04:52:47,670] {dagbag.py:451} INFO - Filling up the DagBag from /opt/airflow/dags/bash_operator/simple_bash_operator_dag.py
[2021-05-01 04:52:47,686] {scheduler_job.py:639} INFO - DAG(s) dict_keys(['bash_operator_dag']) retrieved from /opt/airflow/dags/bash_operator/simple_bash_operator_dag.py
[2021-05-01 04:52:47,710] {logging_mixin.py:104} INFO - [2021-05-01 04:52:47,710] {dag.py:1824} INFO - Sync 1 DAGs
[2021-05-01 04:52:47,741] {logging_mixin.py:104} INFO - [2021-05-01 04:52:47,740] {dag.py:2280} INFO - Setting next_dagrun for bash_operator_dag to 2021-04-30 00:00:00+00:00
[2021-05-01 04:52:47,753] {scheduler_job.py:190} INFO - Processing /opt/airflow/dags/bash_operator/simple_bash_operator_dag.py took 0.089 seconds
[2021-05-01 04:53:18,412] {scheduler_job.py:182} INFO - Started process (PID=642) to work on /opt/airflow/dags/bash_operator/simple_bash_operator_dag.py
[2021-05-01 04:53:18,413] {scheduler_job.py:629} INFO - Processing file /opt/airflow/dags/bash_operator/simple_bash_operator_dag.py for tasks to queue
[2021-05-01 04:53:18,414] {logging_mixin.py:104} INFO - [2021-05-01 04:53:18,414] {dagbag.py:451} INFO - Filling up the DagBag from /opt/airflow/dags/bash_operator/simple_bash_operator_dag.py
[2021-05-01 04:53:18,429] {scheduler_job.py:639} INFO - DAG(s) dict_keys(['bash_operator_dag']) retrieved from /opt/airflow/dags/bash_operator/simple_bash_operator_dag.py
[2021-05-01 04:53:18,453] {logging_mixin.py:104} INFO - [2021-05-01 04:53:18,452] {dag.py:1824} INFO - Sync 1 DAGs
[2021-05-01 04:53:18,481] {logging_mixin.py:104} INFO - [2021-05-01 04:53:18,481] {dag.py:2280} INFO - Setting next_dagrun for bash_operator_dag to 2021-04-30 00:00:00+00:00
[2021-05-01 04:53:18,496] {scheduler_job.py:190} INFO - Processing /opt/airflow/dags/bash_operator/simple_bash_operator_dag.py took 0.087 seconds
[2021-05-01 04:53:49,094] {scheduler_job.py:182} INFO - Started process (PID=675) to work on /opt/airflow/dags/bash_operator/simple_bash_operator_dag.py
[2021-05-01 04:53:49,095] {scheduler_job.py:629} INFO - Processing file /opt/airflow/dags/bash_operator/simple_bash_operator_dag.py for tasks to queue
[2021-05-01 04:53:49,096] {logging_mixin.py:104} INFO - [2021-05-01 04:53:49,096] {dagbag.py:451} INFO - Filling up the DagBag from /opt/airflow/dags/bash_operator/simple_bash_operator_dag.py
[2021-05-01 04:53:49,107] {scheduler_job.py:639} INFO - DAG(s) dict_keys(['bash_operator_dag']) retrieved from /opt/airflow/dags/bash_operator/simple_bash_operator_dag.py
[2021-05-01 04:53:49,139] {logging_mixin.py:104} INFO - [2021-05-01 04:53:49,139] {dag.py:1824} INFO - Sync 1 DAGs
[2021-05-01 04:53:49,167] {logging_mixin.py:104} INFO - [2021-05-01 04:53:49,167] {dag.py:2280} INFO - Setting next_dagrun for bash_operator_dag to 2021-04-30 00:00:00+00:00
[2021-05-01 04:53:49,179] {scheduler_job.py:190} INFO - Processing /opt/airflow/dags/bash_operator/simple_bash_operator_dag.py took 0.089 seconds
[2021-05-01 04:54:19,868] {scheduler_job.py:182} INFO - Started process (PID=708) to work on /opt/airflow/dags/bash_operator/simple_bash_operator_dag.py
[2021-05-01 04:54:19,869] {scheduler_job.py:629} INFO - Processing file /opt/airflow/dags/bash_operator/simple_bash_operator_dag.py for tasks to queue
[2021-05-01 04:54:19,870] {logging_mixin.py:104} INFO - [2021-05-01 04:54:19,870] {dagbag.py:451} INFO - Filling up the DagBag from /opt/airflow/dags/bash_operator/simple_bash_operator_dag.py
[2021-05-01 04:54:19,886] {scheduler_job.py:639} INFO - DAG(s) dict_keys(['bash_operator_dag']) retrieved from /opt/airflow/dags/bash_operator/simple_bash_operator_dag.py
[2021-05-01 04:54:19,911] {logging_mixin.py:104} INFO - [2021-05-01 04:54:19,911] {dag.py:1824} INFO - Sync 1 DAGs
[2021-05-01 04:54:19,946] {logging_mixin.py:104} INFO - [2021-05-01 04:54:19,946] {dag.py:2280} INFO - Setting next_dagrun for bash_operator_dag to 2021-04-30 00:00:00+00:00
[2021-05-01 04:54:19,959] {scheduler_job.py:190} INFO - Processing /opt/airflow/dags/bash_operator/simple_bash_operator_dag.py took 0.095 seconds
[2021-05-01 04:54:50,648] {scheduler_job.py:182} INFO - Started process (PID=741) to work on /opt/airflow/dags/bash_operator/simple_bash_operator_dag.py
[2021-05-01 04:54:50,649] {scheduler_job.py:629} INFO - Processing file /opt/airflow/dags/bash_operator/simple_bash_operator_dag.py for tasks to queue
[2021-05-01 04:54:50,649] {logging_mixin.py:104} INFO - [2021-05-01 04:54:50,649] {dagbag.py:451} INFO - Filling up the DagBag from /opt/airflow/dags/bash_operator/simple_bash_operator_dag.py
[2021-05-01 04:54:50,664] {scheduler_job.py:639} INFO - DAG(s) dict_keys(['bash_operator_dag']) retrieved from /opt/airflow/dags/bash_operator/simple_bash_operator_dag.py
[2021-05-01 04:54:50,691] {logging_mixin.py:104} INFO - [2021-05-01 04:54:50,691] {dag.py:1824} INFO - Sync 1 DAGs
[2021-05-01 04:54:50,729] {logging_mixin.py:104} INFO - [2021-05-01 04:54:50,729] {dag.py:2280} INFO - Setting next_dagrun for bash_operator_dag to 2021-04-30 00:00:00+00:00
[2021-05-01 04:54:50,742] {scheduler_job.py:190} INFO - Processing /opt/airflow/dags/bash_operator/simple_bash_operator_dag.py took 0.097 seconds
[2021-05-01 04:55:21,260] {scheduler_job.py:182} INFO - Started process (PID=774) to work on /opt/airflow/dags/bash_operator/simple_bash_operator_dag.py
[2021-05-01 04:55:21,261] {scheduler_job.py:629} INFO - Processing file /opt/airflow/dags/bash_operator/simple_bash_operator_dag.py for tasks to queue
[2021-05-01 04:55:21,262] {logging_mixin.py:104} INFO - [2021-05-01 04:55:21,262] {dagbag.py:451} INFO - Filling up the DagBag from /opt/airflow/dags/bash_operator/simple_bash_operator_dag.py
[2021-05-01 04:55:21,275] {scheduler_job.py:639} INFO - DAG(s) dict_keys(['bash_operator_dag']) retrieved from /opt/airflow/dags/bash_operator/simple_bash_operator_dag.py
[2021-05-01 04:55:21,292] {logging_mixin.py:104} INFO - [2021-05-01 04:55:21,292] {dag.py:1824} INFO - Sync 1 DAGs
[2021-05-01 04:55:21,318] {logging_mixin.py:104} INFO - [2021-05-01 04:55:21,318] {dag.py:2280} INFO - Setting next_dagrun for bash_operator_dag to 2021-04-30 00:00:00+00:00
[2021-05-01 04:55:21,331] {scheduler_job.py:190} INFO - Processing /opt/airflow/dags/bash_operator/simple_bash_operator_dag.py took 0.076 seconds
[2021-05-01 04:55:52,090] {scheduler_job.py:182} INFO - Started process (PID=807) to work on /opt/airflow/dags/bash_operator/simple_bash_operator_dag.py
[2021-05-01 04:55:52,091] {scheduler_job.py:629} INFO - Processing file /opt/airflow/dags/bash_operator/simple_bash_operator_dag.py for tasks to queue
[2021-05-01 04:55:52,091] {logging_mixin.py:104} INFO - [2021-05-01 04:55:52,091] {dagbag.py:451} INFO - Filling up the DagBag from /opt/airflow/dags/bash_operator/simple_bash_operator_dag.py
[2021-05-01 04:55:52,102] {scheduler_job.py:639} INFO - DAG(s) dict_keys(['bash_operator_dag']) retrieved from /opt/airflow/dags/bash_operator/simple_bash_operator_dag.py
[2021-05-01 04:55:52,126] {logging_mixin.py:104} INFO - [2021-05-01 04:55:52,125] {dag.py:1824} INFO - Sync 1 DAGs
[2021-05-01 04:55:52,156] {logging_mixin.py:104} INFO - [2021-05-01 04:55:52,155] {dag.py:2280} INFO - Setting next_dagrun for bash_operator_dag to 2021-04-30 00:00:00+00:00
[2021-05-01 04:55:52,169] {scheduler_job.py:190} INFO - Processing /opt/airflow/dags/bash_operator/simple_bash_operator_dag.py took 0.082 seconds
[2021-05-01 04:56:22,810] {scheduler_job.py:182} INFO - Started process (PID=840) to work on /opt/airflow/dags/bash_operator/simple_bash_operator_dag.py
[2021-05-01 04:56:22,812] {scheduler_job.py:629} INFO - Processing file /opt/airflow/dags/bash_operator/simple_bash_operator_dag.py for tasks to queue
[2021-05-01 04:56:22,813] {logging_mixin.py:104} INFO - [2021-05-01 04:56:22,813] {dagbag.py:451} INFO - Filling up the DagBag from /opt/airflow/dags/bash_operator/simple_bash_operator_dag.py
[2021-05-01 04:56:22,826] {scheduler_job.py:639} INFO - DAG(s) dict_keys(['bash_operator_dag']) retrieved from /opt/airflow/dags/bash_operator/simple_bash_operator_dag.py
[2021-05-01 04:56:22,848] {logging_mixin.py:104} INFO - [2021-05-01 04:56:22,847] {dag.py:1824} INFO - Sync 1 DAGs
[2021-05-01 04:56:22,877] {logging_mixin.py:104} INFO - [2021-05-01 04:56:22,876] {dag.py:2280} INFO - Setting next_dagrun for bash_operator_dag to 2021-04-30 00:00:00+00:00
[2021-05-01 04:56:22,889] {scheduler_job.py:190} INFO - Processing /opt/airflow/dags/bash_operator/simple_bash_operator_dag.py took 0.083 seconds
[2021-05-01 04:56:53,609] {scheduler_job.py:182} INFO - Started process (PID=873) to work on /opt/airflow/dags/bash_operator/simple_bash_operator_dag.py
[2021-05-01 04:56:53,612] {scheduler_job.py:629} INFO - Processing file /opt/airflow/dags/bash_operator/simple_bash_operator_dag.py for tasks to queue
[2021-05-01 04:56:53,614] {logging_mixin.py:104} INFO - [2021-05-01 04:56:53,613] {dagbag.py:451} INFO - Filling up the DagBag from /opt/airflow/dags/bash_operator/simple_bash_operator_dag.py
[2021-05-01 04:56:53,632] {scheduler_job.py:639} INFO - DAG(s) dict_keys(['bash_operator_dag']) retrieved from /opt/airflow/dags/bash_operator/simple_bash_operator_dag.py
[2021-05-01 04:56:53,657] {logging_mixin.py:104} INFO - [2021-05-01 04:56:53,656] {dag.py:1824} INFO - Sync 1 DAGs
[2021-05-01 04:56:53,687] {logging_mixin.py:104} INFO - [2021-05-01 04:56:53,687] {dag.py:2280} INFO - Setting next_dagrun for bash_operator_dag to 2021-04-30 00:00:00+00:00
[2021-05-01 04:56:53,700] {scheduler_job.py:190} INFO - Processing /opt/airflow/dags/bash_operator/simple_bash_operator_dag.py took 0.094 seconds
[2021-05-01 04:57:24,355] {scheduler_job.py:182} INFO - Started process (PID=906) to work on /opt/airflow/dags/bash_operator/simple_bash_operator_dag.py
[2021-05-01 04:57:24,356] {scheduler_job.py:629} INFO - Processing file /opt/airflow/dags/bash_operator/simple_bash_operator_dag.py for tasks to queue
[2021-05-01 04:57:24,357] {logging_mixin.py:104} INFO - [2021-05-01 04:57:24,357] {dagbag.py:451} INFO - Filling up the DagBag from /opt/airflow/dags/bash_operator/simple_bash_operator_dag.py
[2021-05-01 04:57:24,373] {scheduler_job.py:639} INFO - DAG(s) dict_keys(['bash_operator_dag']) retrieved from /opt/airflow/dags/bash_operator/simple_bash_operator_dag.py
[2021-05-01 04:57:24,401] {logging_mixin.py:104} INFO - [2021-05-01 04:57:24,401] {dag.py:1824} INFO - Sync 1 DAGs
[2021-05-01 04:57:24,439] {logging_mixin.py:104} INFO - [2021-05-01 04:57:24,439] {dag.py:2280} INFO - Setting next_dagrun for bash_operator_dag to 2021-04-30 00:00:00+00:00
[2021-05-01 04:57:24,456] {scheduler_job.py:190} INFO - Processing /opt/airflow/dags/bash_operator/simple_bash_operator_dag.py took 0.105 seconds
[2021-05-01 04:57:54,651] {scheduler_job.py:182} INFO - Started process (PID=939) to work on /opt/airflow/dags/bash_operator/simple_bash_operator_dag.py
[2021-05-01 04:57:54,653] {scheduler_job.py:629} INFO - Processing file /opt/airflow/dags/bash_operator/simple_bash_operator_dag.py for tasks to queue
[2021-05-01 04:57:54,654] {logging_mixin.py:104} INFO - [2021-05-01 04:57:54,654] {dagbag.py:451} INFO - Filling up the DagBag from /opt/airflow/dags/bash_operator/simple_bash_operator_dag.py
[2021-05-01 04:57:54,679] {scheduler_job.py:639} INFO - DAG(s) dict_keys(['bash_operator_dag']) retrieved from /opt/airflow/dags/bash_operator/simple_bash_operator_dag.py
[2021-05-01 04:57:54,717] {logging_mixin.py:104} INFO - [2021-05-01 04:57:54,717] {dag.py:1824} INFO - Sync 1 DAGs
[2021-05-01 04:57:54,756] {logging_mixin.py:104} INFO - [2021-05-01 04:57:54,756] {dag.py:2280} INFO - Setting next_dagrun for bash_operator_dag to 2021-04-30 00:00:00+00:00
[2021-05-01 04:57:54,778] {scheduler_job.py:190} INFO - Processing /opt/airflow/dags/bash_operator/simple_bash_operator_dag.py took 0.131 seconds
[2021-05-01 04:58:24,868] {scheduler_job.py:182} INFO - Started process (PID=972) to work on /opt/airflow/dags/bash_operator/simple_bash_operator_dag.py
[2021-05-01 04:58:24,870] {scheduler_job.py:629} INFO - Processing file /opt/airflow/dags/bash_operator/simple_bash_operator_dag.py for tasks to queue
[2021-05-01 04:58:24,871] {logging_mixin.py:104} INFO - [2021-05-01 04:58:24,871] {dagbag.py:451} INFO - Filling up the DagBag from /opt/airflow/dags/bash_operator/simple_bash_operator_dag.py
[2021-05-01 04:58:24,888] {scheduler_job.py:639} INFO - DAG(s) dict_keys(['bash_operator_dag']) retrieved from /opt/airflow/dags/bash_operator/simple_bash_operator_dag.py
[2021-05-01 04:58:24,913] {logging_mixin.py:104} INFO - [2021-05-01 04:58:24,913] {dag.py:1824} INFO - Sync 1 DAGs
[2021-05-01 04:58:24,942] {logging_mixin.py:104} INFO - [2021-05-01 04:58:24,942] {dag.py:2280} INFO - Setting next_dagrun for bash_operator_dag to 2021-04-30 00:00:00+00:00
[2021-05-01 04:58:24,955] {scheduler_job.py:190} INFO - Processing /opt/airflow/dags/bash_operator/simple_bash_operator_dag.py took 0.092 seconds
[2021-05-01 04:58:55,042] {scheduler_job.py:182} INFO - Started process (PID=1005) to work on /opt/airflow/dags/bash_operator/simple_bash_operator_dag.py
[2021-05-01 04:58:55,044] {scheduler_job.py:629} INFO - Processing file /opt/airflow/dags/bash_operator/simple_bash_operator_dag.py for tasks to queue
[2021-05-01 04:58:55,045] {logging_mixin.py:104} INFO - [2021-05-01 04:58:55,045] {dagbag.py:451} INFO - Filling up the DagBag from /opt/airflow/dags/bash_operator/simple_bash_operator_dag.py
[2021-05-01 04:58:55,059] {scheduler_job.py:639} INFO - DAG(s) dict_keys(['bash_operator_dag']) retrieved from /opt/airflow/dags/bash_operator/simple_bash_operator_dag.py
[2021-05-01 04:58:55,085] {logging_mixin.py:104} INFO - [2021-05-01 04:58:55,085] {dag.py:1824} INFO - Sync 1 DAGs
[2021-05-01 04:58:55,117] {logging_mixin.py:104} INFO - [2021-05-01 04:58:55,117] {dag.py:2280} INFO - Setting next_dagrun for bash_operator_dag to 2021-04-30 00:00:00+00:00
[2021-05-01 04:58:55,130] {scheduler_job.py:190} INFO - Processing /opt/airflow/dags/bash_operator/simple_bash_operator_dag.py took 0.091 seconds
[2021-05-01 04:59:25,207] {scheduler_job.py:182} INFO - Started process (PID=1038) to work on /opt/airflow/dags/bash_operator/simple_bash_operator_dag.py
[2021-05-01 04:59:25,209] {scheduler_job.py:629} INFO - Processing file /opt/airflow/dags/bash_operator/simple_bash_operator_dag.py for tasks to queue
[2021-05-01 04:59:25,210] {logging_mixin.py:104} INFO - [2021-05-01 04:59:25,210] {dagbag.py:451} INFO - Filling up the DagBag from /opt/airflow/dags/bash_operator/simple_bash_operator_dag.py
[2021-05-01 04:59:25,228] {scheduler_job.py:639} INFO - DAG(s) dict_keys(['bash_operator_dag']) retrieved from /opt/airflow/dags/bash_operator/simple_bash_operator_dag.py
[2021-05-01 04:59:25,260] {logging_mixin.py:104} INFO - [2021-05-01 04:59:25,259] {dag.py:1824} INFO - Sync 1 DAGs
[2021-05-01 04:59:25,290] {logging_mixin.py:104} INFO - [2021-05-01 04:59:25,289] {dag.py:2280} INFO - Setting next_dagrun for bash_operator_dag to 2021-04-30 00:00:00+00:00
[2021-05-01 04:59:25,302] {scheduler_job.py:190} INFO - Processing /opt/airflow/dags/bash_operator/simple_bash_operator_dag.py took 0.099 seconds
[2021-05-01 04:59:56,339] {scheduler_job.py:182} INFO - Started process (PID=1073) to work on /opt/airflow/dags/bash_operator/simple_bash_operator_dag.py
[2021-05-01 04:59:56,340] {scheduler_job.py:629} INFO - Processing file /opt/airflow/dags/bash_operator/simple_bash_operator_dag.py for tasks to queue
[2021-05-01 04:59:56,341] {logging_mixin.py:104} INFO - [2021-05-01 04:59:56,341] {dagbag.py:451} INFO - Filling up the DagBag from /opt/airflow/dags/bash_operator/simple_bash_operator_dag.py
[2021-05-01 04:59:56,356] {scheduler_job.py:639} INFO - DAG(s) dict_keys(['bash_operator_dag']) retrieved from /opt/airflow/dags/bash_operator/simple_bash_operator_dag.py
[2021-05-01 04:59:56,381] {logging_mixin.py:104} INFO - [2021-05-01 04:59:56,381] {dag.py:1824} INFO - Sync 1 DAGs
[2021-05-01 04:59:56,409] {logging_mixin.py:104} INFO - [2021-05-01 04:59:56,409] {dag.py:2280} INFO - Setting next_dagrun for bash_operator_dag to 2021-04-30 00:00:00+00:00
[2021-05-01 04:59:56,425] {scheduler_job.py:190} INFO - Processing /opt/airflow/dags/bash_operator/simple_bash_operator_dag.py took 0.090 seconds
[2021-05-01 05:00:27,224] {scheduler_job.py:182} INFO - Started process (PID=1106) to work on /opt/airflow/dags/bash_operator/simple_bash_operator_dag.py
[2021-05-01 05:00:27,225] {scheduler_job.py:629} INFO - Processing file /opt/airflow/dags/bash_operator/simple_bash_operator_dag.py for tasks to queue
[2021-05-01 05:00:27,226] {logging_mixin.py:104} INFO - [2021-05-01 05:00:27,226] {dagbag.py:451} INFO - Filling up the DagBag from /opt/airflow/dags/bash_operator/simple_bash_operator_dag.py
[2021-05-01 05:00:27,240] {scheduler_job.py:639} INFO - DAG(s) dict_keys(['bash_operator_dag']) retrieved from /opt/airflow/dags/bash_operator/simple_bash_operator_dag.py
[2021-05-01 05:00:27,263] {logging_mixin.py:104} INFO - [2021-05-01 05:00:27,263] {dag.py:1824} INFO - Sync 1 DAGs
[2021-05-01 05:00:27,286] {logging_mixin.py:104} INFO - [2021-05-01 05:00:27,286] {dag.py:2280} INFO - Setting next_dagrun for bash_operator_dag to 2021-04-30 00:00:00+00:00
[2021-05-01 05:00:27,299] {scheduler_job.py:190} INFO - Processing /opt/airflow/dags/bash_operator/simple_bash_operator_dag.py took 0.078 seconds
[2021-05-01 05:00:57,971] {scheduler_job.py:182} INFO - Started process (PID=1139) to work on /opt/airflow/dags/bash_operator/simple_bash_operator_dag.py
[2021-05-01 05:00:57,972] {scheduler_job.py:629} INFO - Processing file /opt/airflow/dags/bash_operator/simple_bash_operator_dag.py for tasks to queue
[2021-05-01 05:00:57,973] {logging_mixin.py:104} INFO - [2021-05-01 05:00:57,973] {dagbag.py:451} INFO - Filling up the DagBag from /opt/airflow/dags/bash_operator/simple_bash_operator_dag.py
[2021-05-01 05:00:57,989] {scheduler_job.py:639} INFO - DAG(s) dict_keys(['bash_operator_dag']) retrieved from /opt/airflow/dags/bash_operator/simple_bash_operator_dag.py
[2021-05-01 05:00:58,011] {logging_mixin.py:104} INFO - [2021-05-01 05:00:58,011] {dag.py:1824} INFO - Sync 1 DAGs
[2021-05-01 05:00:58,046] {logging_mixin.py:104} INFO - [2021-05-01 05:00:58,046] {dag.py:2280} INFO - Setting next_dagrun for bash_operator_dag to 2021-04-30 00:00:00+00:00
[2021-05-01 05:00:58,059] {scheduler_job.py:190} INFO - Processing /opt/airflow/dags/bash_operator/simple_bash_operator_dag.py took 0.092 seconds
[2021-05-01 05:01:28,653] {scheduler_job.py:182} INFO - Started process (PID=1172) to work on /opt/airflow/dags/bash_operator/simple_bash_operator_dag.py
[2021-05-01 05:01:28,657] {scheduler_job.py:629} INFO - Processing file /opt/airflow/dags/bash_operator/simple_bash_operator_dag.py for tasks to queue
[2021-05-01 05:01:28,658] {logging_mixin.py:104} INFO - [2021-05-01 05:01:28,658] {dagbag.py:451} INFO - Filling up the DagBag from /opt/airflow/dags/bash_operator/simple_bash_operator_dag.py
[2021-05-01 05:01:28,672] {scheduler_job.py:639} INFO - DAG(s) dict_keys(['bash_operator_dag']) retrieved from /opt/airflow/dags/bash_operator/simple_bash_operator_dag.py
[2021-05-01 05:01:28,694] {logging_mixin.py:104} INFO - [2021-05-01 05:01:28,694] {dag.py:1824} INFO - Sync 1 DAGs
[2021-05-01 05:01:28,722] {logging_mixin.py:104} INFO - [2021-05-01 05:01:28,721] {dag.py:2280} INFO - Setting next_dagrun for bash_operator_dag to 2021-04-30 00:00:00+00:00
[2021-05-01 05:01:28,732] {scheduler_job.py:190} INFO - Processing /opt/airflow/dags/bash_operator/simple_bash_operator_dag.py took 0.082 seconds
[2021-05-01 05:01:59,463] {scheduler_job.py:182} INFO - Started process (PID=1205) to work on /opt/airflow/dags/bash_operator/simple_bash_operator_dag.py
[2021-05-01 05:01:59,464] {scheduler_job.py:629} INFO - Processing file /opt/airflow/dags/bash_operator/simple_bash_operator_dag.py for tasks to queue
[2021-05-01 05:01:59,466] {logging_mixin.py:104} INFO - [2021-05-01 05:01:59,465] {dagbag.py:451} INFO - Filling up the DagBag from /opt/airflow/dags/bash_operator/simple_bash_operator_dag.py
[2021-05-01 05:01:59,484] {scheduler_job.py:639} INFO - DAG(s) dict_keys(['bash_operator_dag']) retrieved from /opt/airflow/dags/bash_operator/simple_bash_operator_dag.py
[2021-05-01 05:01:59,510] {logging_mixin.py:104} INFO - [2021-05-01 05:01:59,510] {dag.py:1824} INFO - Sync 1 DAGs
[2021-05-01 05:01:59,543] {logging_mixin.py:104} INFO - [2021-05-01 05:01:59,543] {dag.py:2280} INFO - Setting next_dagrun for bash_operator_dag to 2021-04-30 00:00:00+00:00
[2021-05-01 05:01:59,560] {scheduler_job.py:190} INFO - Processing /opt/airflow/dags/bash_operator/simple_bash_operator_dag.py took 0.102 seconds
[2021-05-01 05:02:30,160] {scheduler_job.py:182} INFO - Started process (PID=1238) to work on /opt/airflow/dags/bash_operator/simple_bash_operator_dag.py
[2021-05-01 05:02:30,161] {scheduler_job.py:629} INFO - Processing file /opt/airflow/dags/bash_operator/simple_bash_operator_dag.py for tasks to queue
[2021-05-01 05:02:30,162] {logging_mixin.py:104} INFO - [2021-05-01 05:02:30,162] {dagbag.py:451} INFO - Filling up the DagBag from /opt/airflow/dags/bash_operator/simple_bash_operator_dag.py
[2021-05-01 05:02:30,179] {scheduler_job.py:639} INFO - DAG(s) dict_keys(['bash_operator_dag']) retrieved from /opt/airflow/dags/bash_operator/simple_bash_operator_dag.py
[2021-05-01 05:02:30,200] {logging_mixin.py:104} INFO - [2021-05-01 05:02:30,200] {dag.py:1824} INFO - Sync 1 DAGs
[2021-05-01 05:02:30,223] {logging_mixin.py:104} INFO - [2021-05-01 05:02:30,223] {dag.py:2280} INFO - Setting next_dagrun for bash_operator_dag to 2021-04-30 00:00:00+00:00
[2021-05-01 05:02:30,237] {scheduler_job.py:190} INFO - Processing /opt/airflow/dags/bash_operator/simple_bash_operator_dag.py took 0.081 seconds
[2021-05-01 05:03:00,911] {scheduler_job.py:182} INFO - Started process (PID=1271) to work on /opt/airflow/dags/bash_operator/simple_bash_operator_dag.py
[2021-05-01 05:03:00,912] {scheduler_job.py:629} INFO - Processing file /opt/airflow/dags/bash_operator/simple_bash_operator_dag.py for tasks to queue
[2021-05-01 05:03:00,913] {logging_mixin.py:104} INFO - [2021-05-01 05:03:00,913] {dagbag.py:451} INFO - Filling up the DagBag from /opt/airflow/dags/bash_operator/simple_bash_operator_dag.py
[2021-05-01 05:03:00,925] {scheduler_job.py:639} INFO - DAG(s) dict_keys(['bash_operator_dag']) retrieved from /opt/airflow/dags/bash_operator/simple_bash_operator_dag.py
[2021-05-01 05:03:00,947] {logging_mixin.py:104} INFO - [2021-05-01 05:03:00,947] {dag.py:1824} INFO - Sync 1 DAGs
[2021-05-01 05:03:00,970] {logging_mixin.py:104} INFO - [2021-05-01 05:03:00,970] {dag.py:2280} INFO - Setting next_dagrun for bash_operator_dag to 2021-04-30 00:00:00+00:00
[2021-05-01 05:03:00,981] {scheduler_job.py:190} INFO - Processing /opt/airflow/dags/bash_operator/simple_bash_operator_dag.py took 0.074 seconds
[2021-05-01 05:03:31,690] {scheduler_job.py:182} INFO - Started process (PID=1304) to work on /opt/airflow/dags/bash_operator/simple_bash_operator_dag.py
[2021-05-01 05:03:31,692] {scheduler_job.py:629} INFO - Processing file /opt/airflow/dags/bash_operator/simple_bash_operator_dag.py for tasks to queue
[2021-05-01 05:03:31,693] {logging_mixin.py:104} INFO - [2021-05-01 05:03:31,693] {dagbag.py:451} INFO - Filling up the DagBag from /opt/airflow/dags/bash_operator/simple_bash_operator_dag.py
[2021-05-01 05:03:31,710] {scheduler_job.py:639} INFO - DAG(s) dict_keys(['bash_operator_dag']) retrieved from /opt/airflow/dags/bash_operator/simple_bash_operator_dag.py
[2021-05-01 05:03:31,732] {logging_mixin.py:104} INFO - [2021-05-01 05:03:31,732] {dag.py:1824} INFO - Sync 1 DAGs
[2021-05-01 05:03:31,763] {logging_mixin.py:104} INFO - [2021-05-01 05:03:31,762] {dag.py:2280} INFO - Setting next_dagrun for bash_operator_dag to 2021-04-30 00:00:00+00:00
[2021-05-01 05:03:31,777] {scheduler_job.py:190} INFO - Processing /opt/airflow/dags/bash_operator/simple_bash_operator_dag.py took 0.090 seconds
[2021-05-01 05:04:02,363] {scheduler_job.py:182} INFO - Started process (PID=1337) to work on /opt/airflow/dags/bash_operator/simple_bash_operator_dag.py
[2021-05-01 05:04:02,364] {scheduler_job.py:629} INFO - Processing file /opt/airflow/dags/bash_operator/simple_bash_operator_dag.py for tasks to queue
[2021-05-01 05:04:02,365] {logging_mixin.py:104} INFO - [2021-05-01 05:04:02,364] {dagbag.py:451} INFO - Filling up the DagBag from /opt/airflow/dags/bash_operator/simple_bash_operator_dag.py
[2021-05-01 05:04:02,376] {scheduler_job.py:639} INFO - DAG(s) dict_keys(['bash_operator_dag']) retrieved from /opt/airflow/dags/bash_operator/simple_bash_operator_dag.py
[2021-05-01 05:04:02,401] {logging_mixin.py:104} INFO - [2021-05-01 05:04:02,401] {dag.py:1824} INFO - Sync 1 DAGs
[2021-05-01 05:04:02,423] {logging_mixin.py:104} INFO - [2021-05-01 05:04:02,422] {dag.py:2280} INFO - Setting next_dagrun for bash_operator_dag to 2021-04-30 00:00:00+00:00
[2021-05-01 05:04:02,436] {scheduler_job.py:190} INFO - Processing /opt/airflow/dags/bash_operator/simple_bash_operator_dag.py took 0.077 seconds
[2021-05-01 05:04:33,216] {scheduler_job.py:182} INFO - Started process (PID=1370) to work on /opt/airflow/dags/bash_operator/simple_bash_operator_dag.py
[2021-05-01 05:04:33,217] {scheduler_job.py:629} INFO - Processing file /opt/airflow/dags/bash_operator/simple_bash_operator_dag.py for tasks to queue
[2021-05-01 05:04:33,218] {logging_mixin.py:104} INFO - [2021-05-01 05:04:33,218] {dagbag.py:451} INFO - Filling up the DagBag from /opt/airflow/dags/bash_operator/simple_bash_operator_dag.py
[2021-05-01 05:04:33,234] {scheduler_job.py:639} INFO - DAG(s) dict_keys(['bash_operator_dag']) retrieved from /opt/airflow/dags/bash_operator/simple_bash_operator_dag.py
[2021-05-01 05:04:33,259] {logging_mixin.py:104} INFO - [2021-05-01 05:04:33,259] {dag.py:1824} INFO - Sync 1 DAGs
[2021-05-01 05:04:33,289] {logging_mixin.py:104} INFO - [2021-05-01 05:04:33,288] {dag.py:2280} INFO - Setting next_dagrun for bash_operator_dag to 2021-04-30 00:00:00+00:00
[2021-05-01 05:04:33,301] {scheduler_job.py:190} INFO - Processing /opt/airflow/dags/bash_operator/simple_bash_operator_dag.py took 0.088 seconds
[2021-05-01 05:05:03,478] {scheduler_job.py:182} INFO - Started process (PID=1403) to work on /opt/airflow/dags/bash_operator/simple_bash_operator_dag.py
[2021-05-01 05:05:03,479] {scheduler_job.py:629} INFO - Processing file /opt/airflow/dags/bash_operator/simple_bash_operator_dag.py for tasks to queue
[2021-05-01 05:05:03,479] {logging_mixin.py:104} INFO - [2021-05-01 05:05:03,479] {dagbag.py:451} INFO - Filling up the DagBag from /opt/airflow/dags/bash_operator/simple_bash_operator_dag.py
[2021-05-01 05:05:03,489] {scheduler_job.py:639} INFO - DAG(s) dict_keys(['bash_operator_dag']) retrieved from /opt/airflow/dags/bash_operator/simple_bash_operator_dag.py
[2021-05-01 05:05:03,510] {logging_mixin.py:104} INFO - [2021-05-01 05:05:03,510] {dag.py:1824} INFO - Sync 1 DAGs
[2021-05-01 05:05:03,532] {logging_mixin.py:104} INFO - [2021-05-01 05:05:03,532] {dag.py:2280} INFO - Setting next_dagrun for bash_operator_dag to 2021-04-30 00:00:00+00:00
[2021-05-01 05:05:03,546] {scheduler_job.py:190} INFO - Processing /opt/airflow/dags/bash_operator/simple_bash_operator_dag.py took 0.071 seconds
[2021-05-01 05:05:33,579] {scheduler_job.py:182} INFO - Started process (PID=1436) to work on /opt/airflow/dags/bash_operator/simple_bash_operator_dag.py
[2021-05-01 05:05:33,580] {scheduler_job.py:629} INFO - Processing file /opt/airflow/dags/bash_operator/simple_bash_operator_dag.py for tasks to queue
[2021-05-01 05:05:33,581] {logging_mixin.py:104} INFO - [2021-05-01 05:05:33,581] {dagbag.py:451} INFO - Filling up the DagBag from /opt/airflow/dags/bash_operator/simple_bash_operator_dag.py
[2021-05-01 05:05:33,592] {scheduler_job.py:639} INFO - DAG(s) dict_keys(['bash_operator_dag']) retrieved from /opt/airflow/dags/bash_operator/simple_bash_operator_dag.py
[2021-05-01 05:05:33,612] {logging_mixin.py:104} INFO - [2021-05-01 05:05:33,612] {dag.py:1824} INFO - Sync 1 DAGs
[2021-05-01 05:05:33,637] {logging_mixin.py:104} INFO - [2021-05-01 05:05:33,637] {dag.py:2280} INFO - Setting next_dagrun for bash_operator_dag to 2021-04-30 00:00:00+00:00
[2021-05-01 05:05:33,649] {scheduler_job.py:190} INFO - Processing /opt/airflow/dags/bash_operator/simple_bash_operator_dag.py took 0.074 seconds
[2021-05-01 05:06:04,242] {scheduler_job.py:182} INFO - Started process (PID=1469) to work on /opt/airflow/dags/bash_operator/simple_bash_operator_dag.py
[2021-05-01 05:06:04,244] {scheduler_job.py:629} INFO - Processing file /opt/airflow/dags/bash_operator/simple_bash_operator_dag.py for tasks to queue
[2021-05-01 05:06:04,244] {logging_mixin.py:104} INFO - [2021-05-01 05:06:04,244] {dagbag.py:451} INFO - Filling up the DagBag from /opt/airflow/dags/bash_operator/simple_bash_operator_dag.py
[2021-05-01 05:06:04,255] {scheduler_job.py:639} INFO - DAG(s) dict_keys(['bash_operator_dag']) retrieved from /opt/airflow/dags/bash_operator/simple_bash_operator_dag.py
[2021-05-01 05:06:04,277] {logging_mixin.py:104} INFO - [2021-05-01 05:06:04,277] {dag.py:1824} INFO - Sync 1 DAGs
[2021-05-01 05:06:04,308] {logging_mixin.py:104} INFO - [2021-05-01 05:06:04,308] {dag.py:2280} INFO - Setting next_dagrun for bash_operator_dag to 2021-04-30 00:00:00+00:00
[2021-05-01 05:06:04,322] {scheduler_job.py:190} INFO - Processing /opt/airflow/dags/bash_operator/simple_bash_operator_dag.py took 0.084 seconds
[2021-05-01 05:06:35,016] {scheduler_job.py:182} INFO - Started process (PID=1502) to work on /opt/airflow/dags/bash_operator/simple_bash_operator_dag.py
[2021-05-01 05:06:35,017] {scheduler_job.py:629} INFO - Processing file /opt/airflow/dags/bash_operator/simple_bash_operator_dag.py for tasks to queue
[2021-05-01 05:06:35,018] {logging_mixin.py:104} INFO - [2021-05-01 05:06:35,018] {dagbag.py:451} INFO - Filling up the DagBag from /opt/airflow/dags/bash_operator/simple_bash_operator_dag.py
[2021-05-01 05:06:35,030] {scheduler_job.py:639} INFO - DAG(s) dict_keys(['bash_operator_dag']) retrieved from /opt/airflow/dags/bash_operator/simple_bash_operator_dag.py
[2021-05-01 05:06:35,056] {logging_mixin.py:104} INFO - [2021-05-01 05:06:35,056] {dag.py:1824} INFO - Sync 1 DAGs
[2021-05-01 05:06:35,086] {logging_mixin.py:104} INFO - [2021-05-01 05:06:35,086] {dag.py:2280} INFO - Setting next_dagrun for bash_operator_dag to 2021-04-30 00:00:00+00:00
[2021-05-01 05:06:35,098] {scheduler_job.py:190} INFO - Processing /opt/airflow/dags/bash_operator/simple_bash_operator_dag.py took 0.086 seconds
[2021-05-01 05:07:05,622] {scheduler_job.py:182} INFO - Started process (PID=1535) to work on /opt/airflow/dags/bash_operator/simple_bash_operator_dag.py
[2021-05-01 05:07:05,624] {scheduler_job.py:629} INFO - Processing file /opt/airflow/dags/bash_operator/simple_bash_operator_dag.py for tasks to queue
[2021-05-01 05:07:05,625] {logging_mixin.py:104} INFO - [2021-05-01 05:07:05,625] {dagbag.py:451} INFO - Filling up the DagBag from /opt/airflow/dags/bash_operator/simple_bash_operator_dag.py
[2021-05-01 05:07:05,639] {scheduler_job.py:639} INFO - DAG(s) dict_keys(['bash_operator_dag']) retrieved from /opt/airflow/dags/bash_operator/simple_bash_operator_dag.py
[2021-05-01 05:07:05,661] {logging_mixin.py:104} INFO - [2021-05-01 05:07:05,661] {dag.py:1824} INFO - Sync 1 DAGs
[2021-05-01 05:07:05,689] {logging_mixin.py:104} INFO - [2021-05-01 05:07:05,688] {dag.py:2280} INFO - Setting next_dagrun for bash_operator_dag to 2021-04-30 00:00:00+00:00
[2021-05-01 05:07:05,702] {scheduler_job.py:190} INFO - Processing /opt/airflow/dags/bash_operator/simple_bash_operator_dag.py took 0.084 seconds
[2021-05-01 05:07:36,333] {scheduler_job.py:182} INFO - Started process (PID=1568) to work on /opt/airflow/dags/bash_operator/simple_bash_operator_dag.py
[2021-05-01 05:07:36,335] {scheduler_job.py:629} INFO - Processing file /opt/airflow/dags/bash_operator/simple_bash_operator_dag.py for tasks to queue
[2021-05-01 05:07:36,336] {logging_mixin.py:104} INFO - [2021-05-01 05:07:36,336] {dagbag.py:451} INFO - Filling up the DagBag from /opt/airflow/dags/bash_operator/simple_bash_operator_dag.py
[2021-05-01 05:07:36,351] {scheduler_job.py:639} INFO - DAG(s) dict_keys(['bash_operator_dag']) retrieved from /opt/airflow/dags/bash_operator/simple_bash_operator_dag.py
[2021-05-01 05:07:36,372] {logging_mixin.py:104} INFO - [2021-05-01 05:07:36,371] {dag.py:1824} INFO - Sync 1 DAGs
[2021-05-01 05:07:36,401] {logging_mixin.py:104} INFO - [2021-05-01 05:07:36,401] {dag.py:2280} INFO - Setting next_dagrun for bash_operator_dag to 2021-04-30 00:00:00+00:00
[2021-05-01 05:07:36,419] {scheduler_job.py:190} INFO - Processing /opt/airflow/dags/bash_operator/simple_bash_operator_dag.py took 0.089 seconds
[2021-05-01 05:08:07,037] {scheduler_job.py:182} INFO - Started process (PID=1601) to work on /opt/airflow/dags/bash_operator/simple_bash_operator_dag.py
[2021-05-01 05:08:07,038] {scheduler_job.py:629} INFO - Processing file /opt/airflow/dags/bash_operator/simple_bash_operator_dag.py for tasks to queue
[2021-05-01 05:08:07,039] {logging_mixin.py:104} INFO - [2021-05-01 05:08:07,039] {dagbag.py:451} INFO - Filling up the DagBag from /opt/airflow/dags/bash_operator/simple_bash_operator_dag.py
[2021-05-01 05:08:07,051] {scheduler_job.py:639} INFO - DAG(s) dict_keys(['bash_operator_dag']) retrieved from /opt/airflow/dags/bash_operator/simple_bash_operator_dag.py
[2021-05-01 05:08:07,075] {logging_mixin.py:104} INFO - [2021-05-01 05:08:07,075] {dag.py:1824} INFO - Sync 1 DAGs
[2021-05-01 05:08:07,096] {logging_mixin.py:104} INFO - [2021-05-01 05:08:07,096] {dag.py:2280} INFO - Setting next_dagrun for bash_operator_dag to 2021-04-30 00:00:00+00:00
[2021-05-01 05:08:07,108] {scheduler_job.py:190} INFO - Processing /opt/airflow/dags/bash_operator/simple_bash_operator_dag.py took 0.075 seconds
[2021-05-01 05:08:37,636] {scheduler_job.py:182} INFO - Started process (PID=1634) to work on /opt/airflow/dags/bash_operator/simple_bash_operator_dag.py
[2021-05-01 05:08:37,638] {scheduler_job.py:629} INFO - Processing file /opt/airflow/dags/bash_operator/simple_bash_operator_dag.py for tasks to queue
[2021-05-01 05:08:37,638] {logging_mixin.py:104} INFO - [2021-05-01 05:08:37,638] {dagbag.py:451} INFO - Filling up the DagBag from /opt/airflow/dags/bash_operator/simple_bash_operator_dag.py
[2021-05-01 05:08:37,652] {scheduler_job.py:639} INFO - DAG(s) dict_keys(['bash_operator_dag']) retrieved from /opt/airflow/dags/bash_operator/simple_bash_operator_dag.py
[2021-05-01 05:08:37,675] {logging_mixin.py:104} INFO - [2021-05-01 05:08:37,674] {dag.py:1824} INFO - Sync 1 DAGs
[2021-05-01 05:08:37,703] {logging_mixin.py:104} INFO - [2021-05-01 05:08:37,703] {dag.py:2280} INFO - Setting next_dagrun for bash_operator_dag to 2021-04-30 00:00:00+00:00
[2021-05-01 05:08:37,717] {scheduler_job.py:190} INFO - Processing /opt/airflow/dags/bash_operator/simple_bash_operator_dag.py took 0.084 seconds
[2021-05-01 05:09:08,398] {scheduler_job.py:182} INFO - Started process (PID=1667) to work on /opt/airflow/dags/bash_operator/simple_bash_operator_dag.py
[2021-05-01 05:09:08,400] {scheduler_job.py:629} INFO - Processing file /opt/airflow/dags/bash_operator/simple_bash_operator_dag.py for tasks to queue
[2021-05-01 05:09:08,401] {logging_mixin.py:104} INFO - [2021-05-01 05:09:08,401] {dagbag.py:451} INFO - Filling up the DagBag from /opt/airflow/dags/bash_operator/simple_bash_operator_dag.py
[2021-05-01 05:09:08,418] {scheduler_job.py:639} INFO - DAG(s) dict_keys(['bash_operator_dag']) retrieved from /opt/airflow/dags/bash_operator/simple_bash_operator_dag.py
[2021-05-01 05:09:08,444] {logging_mixin.py:104} INFO - [2021-05-01 05:09:08,443] {dag.py:1824} INFO - Sync 1 DAGs
[2021-05-01 05:09:08,479] {logging_mixin.py:104} INFO - [2021-05-01 05:09:08,479] {dag.py:2280} INFO - Setting next_dagrun for bash_operator_dag to 2021-04-30 00:00:00+00:00
[2021-05-01 05:09:08,496] {scheduler_job.py:190} INFO - Processing /opt/airflow/dags/bash_operator/simple_bash_operator_dag.py took 0.102 seconds
[2021-05-01 05:09:39,095] {scheduler_job.py:182} INFO - Started process (PID=1700) to work on /opt/airflow/dags/bash_operator/simple_bash_operator_dag.py
[2021-05-01 05:09:39,096] {scheduler_job.py:629} INFO - Processing file /opt/airflow/dags/bash_operator/simple_bash_operator_dag.py for tasks to queue
[2021-05-01 05:09:39,097] {logging_mixin.py:104} INFO - [2021-05-01 05:09:39,096] {dagbag.py:451} INFO - Filling up the DagBag from /opt/airflow/dags/bash_operator/simple_bash_operator_dag.py
[2021-05-01 05:09:39,111] {scheduler_job.py:639} INFO - DAG(s) dict_keys(['bash_operator_dag']) retrieved from /opt/airflow/dags/bash_operator/simple_bash_operator_dag.py
[2021-05-01 05:09:39,135] {logging_mixin.py:104} INFO - [2021-05-01 05:09:39,134] {dag.py:1824} INFO - Sync 1 DAGs
[2021-05-01 05:09:39,168] {logging_mixin.py:104} INFO - [2021-05-01 05:09:39,168] {dag.py:2280} INFO - Setting next_dagrun for bash_operator_dag to 2021-04-30 00:00:00+00:00
[2021-05-01 05:09:39,184] {scheduler_job.py:190} INFO - Processing /opt/airflow/dags/bash_operator/simple_bash_operator_dag.py took 0.093 seconds
[2021-05-01 05:10:09,879] {scheduler_job.py:182} INFO - Started process (PID=1733) to work on /opt/airflow/dags/bash_operator/simple_bash_operator_dag.py
[2021-05-01 05:10:09,880] {scheduler_job.py:629} INFO - Processing file /opt/airflow/dags/bash_operator/simple_bash_operator_dag.py for tasks to queue
[2021-05-01 05:10:09,881] {logging_mixin.py:104} INFO - [2021-05-01 05:10:09,880] {dagbag.py:451} INFO - Filling up the DagBag from /opt/airflow/dags/bash_operator/simple_bash_operator_dag.py
[2021-05-01 05:10:09,893] {scheduler_job.py:639} INFO - DAG(s) dict_keys(['bash_operator_dag']) retrieved from /opt/airflow/dags/bash_operator/simple_bash_operator_dag.py
[2021-05-01 05:10:09,914] {logging_mixin.py:104} INFO - [2021-05-01 05:10:09,913] {dag.py:1824} INFO - Sync 1 DAGs
[2021-05-01 05:10:09,948] {logging_mixin.py:104} INFO - [2021-05-01 05:10:09,948] {dag.py:2280} INFO - Setting next_dagrun for bash_operator_dag to 2021-04-30 00:00:00+00:00
[2021-05-01 05:10:09,961] {scheduler_job.py:190} INFO - Processing /opt/airflow/dags/bash_operator/simple_bash_operator_dag.py took 0.087 seconds
[2021-05-01 05:10:40,599] {scheduler_job.py:182} INFO - Started process (PID=1766) to work on /opt/airflow/dags/bash_operator/simple_bash_operator_dag.py
[2021-05-01 05:10:40,600] {scheduler_job.py:629} INFO - Processing file /opt/airflow/dags/bash_operator/simple_bash_operator_dag.py for tasks to queue
[2021-05-01 05:10:40,601] {logging_mixin.py:104} INFO - [2021-05-01 05:10:40,601] {dagbag.py:451} INFO - Filling up the DagBag from /opt/airflow/dags/bash_operator/simple_bash_operator_dag.py
[2021-05-01 05:10:40,613] {scheduler_job.py:639} INFO - DAG(s) dict_keys(['bash_operator_dag']) retrieved from /opt/airflow/dags/bash_operator/simple_bash_operator_dag.py
[2021-05-01 05:10:40,636] {logging_mixin.py:104} INFO - [2021-05-01 05:10:40,636] {dag.py:1824} INFO - Sync 1 DAGs
[2021-05-01 05:10:40,663] {logging_mixin.py:104} INFO - [2021-05-01 05:10:40,663] {dag.py:2280} INFO - Setting next_dagrun for bash_operator_dag to 2021-04-30 00:00:00+00:00
[2021-05-01 05:10:40,678] {scheduler_job.py:190} INFO - Processing /opt/airflow/dags/bash_operator/simple_bash_operator_dag.py took 0.082 seconds
[2021-05-01 05:11:11,275] {scheduler_job.py:182} INFO - Started process (PID=1799) to work on /opt/airflow/dags/bash_operator/simple_bash_operator_dag.py
[2021-05-01 05:11:11,276] {scheduler_job.py:629} INFO - Processing file /opt/airflow/dags/bash_operator/simple_bash_operator_dag.py for tasks to queue
[2021-05-01 05:11:11,277] {logging_mixin.py:104} INFO - [2021-05-01 05:11:11,277] {dagbag.py:451} INFO - Filling up the DagBag from /opt/airflow/dags/bash_operator/simple_bash_operator_dag.py
[2021-05-01 05:11:11,292] {scheduler_job.py:639} INFO - DAG(s) dict_keys(['bash_operator_dag']) retrieved from /opt/airflow/dags/bash_operator/simple_bash_operator_dag.py
[2021-05-01 05:11:11,313] {logging_mixin.py:104} INFO - [2021-05-01 05:11:11,313] {dag.py:1824} INFO - Sync 1 DAGs
[2021-05-01 05:11:11,342] {logging_mixin.py:104} INFO - [2021-05-01 05:11:11,341] {dag.py:2280} INFO - Setting next_dagrun for bash_operator_dag to 2021-04-30 00:00:00+00:00
[2021-05-01 05:11:11,359] {scheduler_job.py:190} INFO - Processing /opt/airflow/dags/bash_operator/simple_bash_operator_dag.py took 0.088 seconds
[2021-05-01 05:11:42,098] {scheduler_job.py:182} INFO - Started process (PID=1832) to work on /opt/airflow/dags/bash_operator/simple_bash_operator_dag.py
[2021-05-01 05:11:42,100] {scheduler_job.py:629} INFO - Processing file /opt/airflow/dags/bash_operator/simple_bash_operator_dag.py for tasks to queue
[2021-05-01 05:11:42,102] {logging_mixin.py:104} INFO - [2021-05-01 05:11:42,101] {dagbag.py:451} INFO - Filling up the DagBag from /opt/airflow/dags/bash_operator/simple_bash_operator_dag.py
[2021-05-01 05:11:42,133] {scheduler_job.py:639} INFO - DAG(s) dict_keys(['bash_operator_dag']) retrieved from /opt/airflow/dags/bash_operator/simple_bash_operator_dag.py
[2021-05-01 05:11:42,173] {logging_mixin.py:104} INFO - [2021-05-01 05:11:42,173] {dag.py:1824} INFO - Sync 1 DAGs
[2021-05-01 05:11:42,200] {logging_mixin.py:104} INFO - [2021-05-01 05:11:42,200] {dag.py:2280} INFO - Setting next_dagrun for bash_operator_dag to 2021-04-30 00:00:00+00:00
[2021-05-01 05:11:42,211] {scheduler_job.py:190} INFO - Processing /opt/airflow/dags/bash_operator/simple_bash_operator_dag.py took 0.119 seconds
[2021-05-01 05:12:12,783] {scheduler_job.py:182} INFO - Started process (PID=1865) to work on /opt/airflow/dags/bash_operator/simple_bash_operator_dag.py
[2021-05-01 05:12:12,785] {scheduler_job.py:629} INFO - Processing file /opt/airflow/dags/bash_operator/simple_bash_operator_dag.py for tasks to queue
[2021-05-01 05:12:12,785] {logging_mixin.py:104} INFO - [2021-05-01 05:12:12,785] {dagbag.py:451} INFO - Filling up the DagBag from /opt/airflow/dags/bash_operator/simple_bash_operator_dag.py
[2021-05-01 05:12:12,796] {scheduler_job.py:639} INFO - DAG(s) dict_keys(['bash_operator_dag']) retrieved from /opt/airflow/dags/bash_operator/simple_bash_operator_dag.py
[2021-05-01 05:12:12,818] {logging_mixin.py:104} INFO - [2021-05-01 05:12:12,818] {dag.py:1824} INFO - Sync 1 DAGs
[2021-05-01 05:12:12,844] {logging_mixin.py:104} INFO - [2021-05-01 05:12:12,844] {dag.py:2280} INFO - Setting next_dagrun for bash_operator_dag to 2021-04-30 00:00:00+00:00
[2021-05-01 05:12:12,858] {scheduler_job.py:190} INFO - Processing /opt/airflow/dags/bash_operator/simple_bash_operator_dag.py took 0.078 seconds
[2021-05-01 05:12:43,484] {scheduler_job.py:182} INFO - Started process (PID=1898) to work on /opt/airflow/dags/bash_operator/simple_bash_operator_dag.py
[2021-05-01 05:12:43,485] {scheduler_job.py:629} INFO - Processing file /opt/airflow/dags/bash_operator/simple_bash_operator_dag.py for tasks to queue
[2021-05-01 05:12:43,487] {logging_mixin.py:104} INFO - [2021-05-01 05:12:43,486] {dagbag.py:451} INFO - Filling up the DagBag from /opt/airflow/dags/bash_operator/simple_bash_operator_dag.py
[2021-05-01 05:12:43,508] {scheduler_job.py:639} INFO - DAG(s) dict_keys(['bash_operator_dag']) retrieved from /opt/airflow/dags/bash_operator/simple_bash_operator_dag.py
[2021-05-01 05:12:43,538] {logging_mixin.py:104} INFO - [2021-05-01 05:12:43,538] {dag.py:1824} INFO - Sync 1 DAGs
[2021-05-01 05:12:43,565] {logging_mixin.py:104} INFO - [2021-05-01 05:12:43,565] {dag.py:2280} INFO - Setting next_dagrun for bash_operator_dag to 2021-04-30 00:00:00+00:00
[2021-05-01 05:12:43,579] {scheduler_job.py:190} INFO - Processing /opt/airflow/dags/bash_operator/simple_bash_operator_dag.py took 0.099 seconds
[2021-05-01 05:13:14,158] {scheduler_job.py:182} INFO - Started process (PID=1931) to work on /opt/airflow/dags/bash_operator/simple_bash_operator_dag.py
[2021-05-01 05:13:14,159] {scheduler_job.py:629} INFO - Processing file /opt/airflow/dags/bash_operator/simple_bash_operator_dag.py for tasks to queue
[2021-05-01 05:13:14,160] {logging_mixin.py:104} INFO - [2021-05-01 05:13:14,160] {dagbag.py:451} INFO - Filling up the DagBag from /opt/airflow/dags/bash_operator/simple_bash_operator_dag.py
[2021-05-01 05:13:14,172] {scheduler_job.py:639} INFO - DAG(s) dict_keys(['bash_operator_dag']) retrieved from /opt/airflow/dags/bash_operator/simple_bash_operator_dag.py
[2021-05-01 05:13:14,197] {logging_mixin.py:104} INFO - [2021-05-01 05:13:14,197] {dag.py:1824} INFO - Sync 1 DAGs
[2021-05-01 05:13:14,227] {logging_mixin.py:104} INFO - [2021-05-01 05:13:14,227] {dag.py:2280} INFO - Setting next_dagrun for bash_operator_dag to 2021-04-30 00:00:00+00:00
[2021-05-01 05:13:14,240] {scheduler_job.py:190} INFO - Processing /opt/airflow/dags/bash_operator/simple_bash_operator_dag.py took 0.086 seconds
[2021-05-01 05:13:44,827] {scheduler_job.py:182} INFO - Started process (PID=1964) to work on /opt/airflow/dags/bash_operator/simple_bash_operator_dag.py
[2021-05-01 05:13:44,828] {scheduler_job.py:629} INFO - Processing file /opt/airflow/dags/bash_operator/simple_bash_operator_dag.py for tasks to queue
[2021-05-01 05:13:44,829] {logging_mixin.py:104} INFO - [2021-05-01 05:13:44,829] {dagbag.py:451} INFO - Filling up the DagBag from /opt/airflow/dags/bash_operator/simple_bash_operator_dag.py
[2021-05-01 05:13:44,841] {scheduler_job.py:639} INFO - DAG(s) dict_keys(['bash_operator_dag']) retrieved from /opt/airflow/dags/bash_operator/simple_bash_operator_dag.py
[2021-05-01 05:13:44,863] {logging_mixin.py:104} INFO - [2021-05-01 05:13:44,862] {dag.py:1824} INFO - Sync 1 DAGs
[2021-05-01 05:13:44,885] {logging_mixin.py:104} INFO - [2021-05-01 05:13:44,885] {dag.py:2280} INFO - Setting next_dagrun for bash_operator_dag to 2021-04-30 00:00:00+00:00
[2021-05-01 05:13:44,898] {scheduler_job.py:190} INFO - Processing /opt/airflow/dags/bash_operator/simple_bash_operator_dag.py took 0.074 seconds
[2021-05-01 05:14:15,566] {scheduler_job.py:182} INFO - Started process (PID=1997) to work on /opt/airflow/dags/bash_operator/simple_bash_operator_dag.py
[2021-05-01 05:14:15,568] {scheduler_job.py:629} INFO - Processing file /opt/airflow/dags/bash_operator/simple_bash_operator_dag.py for tasks to queue
[2021-05-01 05:14:15,568] {logging_mixin.py:104} INFO - [2021-05-01 05:14:15,568] {dagbag.py:451} INFO - Filling up the DagBag from /opt/airflow/dags/bash_operator/simple_bash_operator_dag.py
[2021-05-01 05:14:15,580] {scheduler_job.py:639} INFO - DAG(s) dict_keys(['bash_operator_dag']) retrieved from /opt/airflow/dags/bash_operator/simple_bash_operator_dag.py
[2021-05-01 05:14:15,602] {logging_mixin.py:104} INFO - [2021-05-01 05:14:15,602] {dag.py:1824} INFO - Sync 1 DAGs
[2021-05-01 05:14:15,627] {logging_mixin.py:104} INFO - [2021-05-01 05:14:15,627] {dag.py:2280} INFO - Setting next_dagrun for bash_operator_dag to 2021-04-30 00:00:00+00:00
[2021-05-01 05:14:15,641] {scheduler_job.py:190} INFO - Processing /opt/airflow/dags/bash_operator/simple_bash_operator_dag.py took 0.078 seconds
[2021-05-01 05:14:46,157] {scheduler_job.py:182} INFO - Started process (PID=2030) to work on /opt/airflow/dags/bash_operator/simple_bash_operator_dag.py
[2021-05-01 05:14:46,158] {scheduler_job.py:629} INFO - Processing file /opt/airflow/dags/bash_operator/simple_bash_operator_dag.py for tasks to queue
[2021-05-01 05:14:46,159] {logging_mixin.py:104} INFO - [2021-05-01 05:14:46,159] {dagbag.py:451} INFO - Filling up the DagBag from /opt/airflow/dags/bash_operator/simple_bash_operator_dag.py
[2021-05-01 05:14:46,171] {scheduler_job.py:639} INFO - DAG(s) dict_keys(['bash_operator_dag']) retrieved from /opt/airflow/dags/bash_operator/simple_bash_operator_dag.py
[2021-05-01 05:14:46,192] {logging_mixin.py:104} INFO - [2021-05-01 05:14:46,192] {dag.py:1824} INFO - Sync 1 DAGs
[2021-05-01 05:14:46,216] {logging_mixin.py:104} INFO - [2021-05-01 05:14:46,215] {dag.py:2280} INFO - Setting next_dagrun for bash_operator_dag to 2021-04-30 00:00:00+00:00
[2021-05-01 05:14:46,228] {scheduler_job.py:190} INFO - Processing /opt/airflow/dags/bash_operator/simple_bash_operator_dag.py took 0.075 seconds
[2021-05-01 05:15:16,704] {scheduler_job.py:182} INFO - Started process (PID=2063) to work on /opt/airflow/dags/bash_operator/simple_bash_operator_dag.py
[2021-05-01 05:15:16,705] {scheduler_job.py:629} INFO - Processing file /opt/airflow/dags/bash_operator/simple_bash_operator_dag.py for tasks to queue
[2021-05-01 05:15:16,706] {logging_mixin.py:104} INFO - [2021-05-01 05:15:16,706] {dagbag.py:451} INFO - Filling up the DagBag from /opt/airflow/dags/bash_operator/simple_bash_operator_dag.py
[2021-05-01 05:15:16,718] {scheduler_job.py:639} INFO - DAG(s) dict_keys(['bash_operator_dag']) retrieved from /opt/airflow/dags/bash_operator/simple_bash_operator_dag.py
[2021-05-01 05:15:16,739] {logging_mixin.py:104} INFO - [2021-05-01 05:15:16,739] {dag.py:1824} INFO - Sync 1 DAGs
[2021-05-01 05:15:16,764] {logging_mixin.py:104} INFO - [2021-05-01 05:15:16,763] {dag.py:2280} INFO - Setting next_dagrun for bash_operator_dag to 2021-04-30 00:00:00+00:00
[2021-05-01 05:15:16,776] {scheduler_job.py:190} INFO - Processing /opt/airflow/dags/bash_operator/simple_bash_operator_dag.py took 0.076 seconds
[2021-05-01 05:15:47,403] {scheduler_job.py:182} INFO - Started process (PID=2096) to work on /opt/airflow/dags/bash_operator/simple_bash_operator_dag.py
[2021-05-01 05:15:47,405] {scheduler_job.py:629} INFO - Processing file /opt/airflow/dags/bash_operator/simple_bash_operator_dag.py for tasks to queue
[2021-05-01 05:15:47,406] {logging_mixin.py:104} INFO - [2021-05-01 05:15:47,406] {dagbag.py:451} INFO - Filling up the DagBag from /opt/airflow/dags/bash_operator/simple_bash_operator_dag.py
[2021-05-01 05:15:47,426] {scheduler_job.py:639} INFO - DAG(s) dict_keys(['bash_operator_dag']) retrieved from /opt/airflow/dags/bash_operator/simple_bash_operator_dag.py
[2021-05-01 05:15:47,450] {logging_mixin.py:104} INFO - [2021-05-01 05:15:47,450] {dag.py:1824} INFO - Sync 1 DAGs
[2021-05-01 05:15:47,478] {logging_mixin.py:104} INFO - [2021-05-01 05:15:47,478] {dag.py:2280} INFO - Setting next_dagrun for bash_operator_dag to 2021-04-30 00:00:00+00:00
[2021-05-01 05:15:47,491] {scheduler_job.py:190} INFO - Processing /opt/airflow/dags/bash_operator/simple_bash_operator_dag.py took 0.092 seconds
[2021-05-01 05:16:18,091] {scheduler_job.py:182} INFO - Started process (PID=2129) to work on /opt/airflow/dags/bash_operator/simple_bash_operator_dag.py
[2021-05-01 05:16:18,094] {scheduler_job.py:629} INFO - Processing file /opt/airflow/dags/bash_operator/simple_bash_operator_dag.py for tasks to queue
[2021-05-01 05:16:18,095] {logging_mixin.py:104} INFO - [2021-05-01 05:16:18,095] {dagbag.py:451} INFO - Filling up the DagBag from /opt/airflow/dags/bash_operator/simple_bash_operator_dag.py
[2021-05-01 05:16:18,107] {scheduler_job.py:639} INFO - DAG(s) dict_keys(['bash_operator_dag']) retrieved from /opt/airflow/dags/bash_operator/simple_bash_operator_dag.py
[2021-05-01 05:16:18,134] {logging_mixin.py:104} INFO - [2021-05-01 05:16:18,134] {dag.py:1824} INFO - Sync 1 DAGs
[2021-05-01 05:16:18,171] {logging_mixin.py:104} INFO - [2021-05-01 05:16:18,171] {dag.py:2280} INFO - Setting next_dagrun for bash_operator_dag to 2021-04-30 00:00:00+00:00
[2021-05-01 05:16:18,184] {scheduler_job.py:190} INFO - Processing /opt/airflow/dags/bash_operator/simple_bash_operator_dag.py took 0.096 seconds
