[2021-05-01 05:17:19,344] {scheduler_job.py:182} INFO - Started process (PID=2194) to work on /opt/airflow/dags/bash_operator/templated_bash_operator_dag.py
[2021-05-01 05:17:19,346] {scheduler_job.py:629} INFO - Processing file /opt/airflow/dags/bash_operator/templated_bash_operator_dag.py for tasks to queue
[2021-05-01 05:17:19,347] {logging_mixin.py:104} INFO - [2021-05-01 05:17:19,347] {dagbag.py:451} INFO - Filling up the DagBag from /opt/airflow/dags/bash_operator/templated_bash_operator_dag.py
[2021-05-01 05:17:19,391] {scheduler_job.py:639} INFO - DAG(s) dict_keys(['templated_bash_operator_dag']) retrieved from /opt/airflow/dags/bash_operator/templated_bash_operator_dag.py
[2021-05-01 05:17:19,442] {logging_mixin.py:104} INFO - [2021-05-01 05:17:19,442] {dag.py:1824} INFO - Sync 1 DAGs
[2021-05-01 05:17:19,475] {logging_mixin.py:104} INFO - [2021-05-01 05:17:19,475] {dag.py:2280} INFO - Setting next_dagrun for templated_bash_operator_dag to 2021-04-30 00:00:00+00:00
[2021-05-01 05:17:19,491] {scheduler_job.py:190} INFO - Processing /opt/airflow/dags/bash_operator/templated_bash_operator_dag.py took 0.160 seconds
[2021-05-01 05:18:15,121] {scheduler_job.py:182} INFO - Started process (PID=43) to work on /opt/airflow/dags/bash_operator/templated_bash_operator_dag.py
[2021-05-01 05:18:15,127] {scheduler_job.py:629} INFO - Processing file /opt/airflow/dags/bash_operator/templated_bash_operator_dag.py for tasks to queue
[2021-05-01 05:18:15,130] {logging_mixin.py:104} INFO - [2021-05-01 05:18:15,128] {dagbag.py:451} INFO - Filling up the DagBag from /opt/airflow/dags/bash_operator/templated_bash_operator_dag.py
[2021-05-01 05:18:15,195] {scheduler_job.py:639} INFO - DAG(s) dict_keys(['templated_bash_operator_dag']) retrieved from /opt/airflow/dags/bash_operator/templated_bash_operator_dag.py
[2021-05-01 05:18:15,431] {logging_mixin.py:104} INFO - [2021-05-01 05:18:15,430] {dag.py:1824} INFO - Sync 1 DAGs
[2021-05-01 05:18:15,558] {logging_mixin.py:104} INFO - [2021-05-01 05:18:15,557] {dag.py:2280} INFO - Setting next_dagrun for templated_bash_operator_dag to 2021-04-30 00:00:00+00:00
[2021-05-01 05:18:16,324] {scheduler_job.py:190} INFO - Processing /opt/airflow/dags/bash_operator/templated_bash_operator_dag.py took 1.230 seconds
[2021-05-01 05:18:46,758] {scheduler_job.py:182} INFO - Started process (PID=76) to work on /opt/airflow/dags/bash_operator/templated_bash_operator_dag.py
[2021-05-01 05:18:46,759] {scheduler_job.py:629} INFO - Processing file /opt/airflow/dags/bash_operator/templated_bash_operator_dag.py for tasks to queue
[2021-05-01 05:18:46,760] {logging_mixin.py:104} INFO - [2021-05-01 05:18:46,760] {dagbag.py:451} INFO - Filling up the DagBag from /opt/airflow/dags/bash_operator/templated_bash_operator_dag.py
[2021-05-01 05:18:46,771] {scheduler_job.py:639} INFO - DAG(s) dict_keys(['templated_bash_operator_dag']) retrieved from /opt/airflow/dags/bash_operator/templated_bash_operator_dag.py
[2021-05-01 05:18:46,795] {logging_mixin.py:104} INFO - [2021-05-01 05:18:46,795] {dag.py:1824} INFO - Sync 1 DAGs
[2021-05-01 05:18:46,818] {logging_mixin.py:104} INFO - [2021-05-01 05:18:46,818] {dag.py:2280} INFO - Setting next_dagrun for templated_bash_operator_dag to 2021-04-30 00:00:00+00:00
[2021-05-01 05:18:46,831] {scheduler_job.py:190} INFO - Processing /opt/airflow/dags/bash_operator/templated_bash_operator_dag.py took 0.076 seconds
[2021-05-01 05:19:17,214] {scheduler_job.py:182} INFO - Started process (PID=110) to work on /opt/airflow/dags/bash_operator/templated_bash_operator_dag.py
[2021-05-01 05:19:17,215] {scheduler_job.py:629} INFO - Processing file /opt/airflow/dags/bash_operator/templated_bash_operator_dag.py for tasks to queue
[2021-05-01 05:19:17,216] {logging_mixin.py:104} INFO - [2021-05-01 05:19:17,216] {dagbag.py:451} INFO - Filling up the DagBag from /opt/airflow/dags/bash_operator/templated_bash_operator_dag.py
[2021-05-01 05:19:17,226] {scheduler_job.py:639} INFO - DAG(s) dict_keys(['templated_bash_operator_dag']) retrieved from /opt/airflow/dags/bash_operator/templated_bash_operator_dag.py
[2021-05-01 05:19:17,250] {logging_mixin.py:104} INFO - [2021-05-01 05:19:17,250] {dag.py:1824} INFO - Sync 1 DAGs
[2021-05-01 05:19:17,277] {logging_mixin.py:104} INFO - [2021-05-01 05:19:17,277] {dag.py:2280} INFO - Setting next_dagrun for templated_bash_operator_dag to 2021-04-30 00:00:00+00:00
[2021-05-01 05:19:17,290] {scheduler_job.py:190} INFO - Processing /opt/airflow/dags/bash_operator/templated_bash_operator_dag.py took 0.080 seconds
[2021-05-01 05:19:47,630] {scheduler_job.py:182} INFO - Started process (PID=143) to work on /opt/airflow/dags/bash_operator/templated_bash_operator_dag.py
[2021-05-01 05:19:47,631] {scheduler_job.py:629} INFO - Processing file /opt/airflow/dags/bash_operator/templated_bash_operator_dag.py for tasks to queue
[2021-05-01 05:19:47,634] {logging_mixin.py:104} INFO - [2021-05-01 05:19:47,634] {dagbag.py:451} INFO - Filling up the DagBag from /opt/airflow/dags/bash_operator/templated_bash_operator_dag.py
[2021-05-01 05:19:47,644] {scheduler_job.py:639} INFO - DAG(s) dict_keys(['templated_bash_operator_dag']) retrieved from /opt/airflow/dags/bash_operator/templated_bash_operator_dag.py
[2021-05-01 05:19:47,665] {logging_mixin.py:104} INFO - [2021-05-01 05:19:47,665] {dag.py:1824} INFO - Sync 1 DAGs
[2021-05-01 05:19:47,689] {logging_mixin.py:104} INFO - [2021-05-01 05:19:47,689] {dag.py:2280} INFO - Setting next_dagrun for templated_bash_operator_dag to 2021-04-30 00:00:00+00:00
[2021-05-01 05:19:47,702] {scheduler_job.py:190} INFO - Processing /opt/airflow/dags/bash_operator/templated_bash_operator_dag.py took 0.075 seconds
[2021-05-01 05:20:18,021] {scheduler_job.py:182} INFO - Started process (PID=176) to work on /opt/airflow/dags/bash_operator/templated_bash_operator_dag.py
[2021-05-01 05:20:18,022] {scheduler_job.py:629} INFO - Processing file /opt/airflow/dags/bash_operator/templated_bash_operator_dag.py for tasks to queue
[2021-05-01 05:20:18,023] {logging_mixin.py:104} INFO - [2021-05-01 05:20:18,023] {dagbag.py:451} INFO - Filling up the DagBag from /opt/airflow/dags/bash_operator/templated_bash_operator_dag.py
[2021-05-01 05:20:18,032] {scheduler_job.py:639} INFO - DAG(s) dict_keys(['templated_bash_operator_dag']) retrieved from /opt/airflow/dags/bash_operator/templated_bash_operator_dag.py
[2021-05-01 05:20:18,058] {logging_mixin.py:104} INFO - [2021-05-01 05:20:18,058] {dag.py:1824} INFO - Sync 1 DAGs
[2021-05-01 05:20:18,082] {logging_mixin.py:104} INFO - [2021-05-01 05:20:18,082] {dag.py:2280} INFO - Setting next_dagrun for templated_bash_operator_dag to 2021-04-30 00:00:00+00:00
[2021-05-01 05:20:18,095] {scheduler_job.py:190} INFO - Processing /opt/airflow/dags/bash_operator/templated_bash_operator_dag.py took 0.077 seconds
[2021-05-01 05:20:48,522] {scheduler_job.py:182} INFO - Started process (PID=209) to work on /opt/airflow/dags/bash_operator/templated_bash_operator_dag.py
[2021-05-01 05:20:48,524] {scheduler_job.py:629} INFO - Processing file /opt/airflow/dags/bash_operator/templated_bash_operator_dag.py for tasks to queue
[2021-05-01 05:20:48,525] {logging_mixin.py:104} INFO - [2021-05-01 05:20:48,524] {dagbag.py:451} INFO - Filling up the DagBag from /opt/airflow/dags/bash_operator/templated_bash_operator_dag.py
[2021-05-01 05:20:48,534] {scheduler_job.py:639} INFO - DAG(s) dict_keys(['templated_bash_operator_dag']) retrieved from /opt/airflow/dags/bash_operator/templated_bash_operator_dag.py
[2021-05-01 05:20:48,556] {logging_mixin.py:104} INFO - [2021-05-01 05:20:48,556] {dag.py:1824} INFO - Sync 1 DAGs
[2021-05-01 05:20:48,579] {logging_mixin.py:104} INFO - [2021-05-01 05:20:48,578] {dag.py:2280} INFO - Setting next_dagrun for templated_bash_operator_dag to 2021-04-30 00:00:00+00:00
[2021-05-01 05:20:48,594] {scheduler_job.py:190} INFO - Processing /opt/airflow/dags/bash_operator/templated_bash_operator_dag.py took 0.076 seconds
[2021-05-01 05:21:18,914] {scheduler_job.py:182} INFO - Started process (PID=242) to work on /opt/airflow/dags/bash_operator/templated_bash_operator_dag.py
[2021-05-01 05:21:18,915] {scheduler_job.py:629} INFO - Processing file /opt/airflow/dags/bash_operator/templated_bash_operator_dag.py for tasks to queue
[2021-05-01 05:21:18,916] {logging_mixin.py:104} INFO - [2021-05-01 05:21:18,915] {dagbag.py:451} INFO - Filling up the DagBag from /opt/airflow/dags/bash_operator/templated_bash_operator_dag.py
[2021-05-01 05:21:18,929] {scheduler_job.py:639} INFO - DAG(s) dict_keys(['templated_bash_operator_dag']) retrieved from /opt/airflow/dags/bash_operator/templated_bash_operator_dag.py
[2021-05-01 05:21:18,954] {logging_mixin.py:104} INFO - [2021-05-01 05:21:18,954] {dag.py:1824} INFO - Sync 1 DAGs
[2021-05-01 05:21:18,985] {logging_mixin.py:104} INFO - [2021-05-01 05:21:18,985] {dag.py:2280} INFO - Setting next_dagrun for templated_bash_operator_dag to 2021-04-30 00:00:00+00:00
[2021-05-01 05:21:19,001] {scheduler_job.py:190} INFO - Processing /opt/airflow/dags/bash_operator/templated_bash_operator_dag.py took 0.092 seconds
[2021-05-01 05:21:49,349] {scheduler_job.py:182} INFO - Started process (PID=275) to work on /opt/airflow/dags/bash_operator/templated_bash_operator_dag.py
[2021-05-01 05:21:49,350] {scheduler_job.py:629} INFO - Processing file /opt/airflow/dags/bash_operator/templated_bash_operator_dag.py for tasks to queue
[2021-05-01 05:21:49,351] {logging_mixin.py:104} INFO - [2021-05-01 05:21:49,350] {dagbag.py:451} INFO - Filling up the DagBag from /opt/airflow/dags/bash_operator/templated_bash_operator_dag.py
[2021-05-01 05:21:49,360] {scheduler_job.py:639} INFO - DAG(s) dict_keys(['templated_bash_operator_dag']) retrieved from /opt/airflow/dags/bash_operator/templated_bash_operator_dag.py
[2021-05-01 05:21:49,385] {logging_mixin.py:104} INFO - [2021-05-01 05:21:49,385] {dag.py:1824} INFO - Sync 1 DAGs
[2021-05-01 05:21:49,408] {logging_mixin.py:104} INFO - [2021-05-01 05:21:49,408] {dag.py:2280} INFO - Setting next_dagrun for templated_bash_operator_dag to 2021-04-30 00:00:00+00:00
[2021-05-01 05:21:49,420] {scheduler_job.py:190} INFO - Processing /opt/airflow/dags/bash_operator/templated_bash_operator_dag.py took 0.075 seconds
[2021-05-01 05:22:19,763] {scheduler_job.py:182} INFO - Started process (PID=308) to work on /opt/airflow/dags/bash_operator/templated_bash_operator_dag.py
[2021-05-01 05:22:19,764] {scheduler_job.py:629} INFO - Processing file /opt/airflow/dags/bash_operator/templated_bash_operator_dag.py for tasks to queue
[2021-05-01 05:22:19,765] {logging_mixin.py:104} INFO - [2021-05-01 05:22:19,764] {dagbag.py:451} INFO - Filling up the DagBag from /opt/airflow/dags/bash_operator/templated_bash_operator_dag.py
[2021-05-01 05:22:19,774] {scheduler_job.py:639} INFO - DAG(s) dict_keys(['templated_bash_operator_dag']) retrieved from /opt/airflow/dags/bash_operator/templated_bash_operator_dag.py
[2021-05-01 05:22:19,797] {logging_mixin.py:104} INFO - [2021-05-01 05:22:19,797] {dag.py:1824} INFO - Sync 1 DAGs
[2021-05-01 05:22:19,820] {logging_mixin.py:104} INFO - [2021-05-01 05:22:19,820] {dag.py:2280} INFO - Setting next_dagrun for templated_bash_operator_dag to 2021-04-30 00:00:00+00:00
[2021-05-01 05:22:19,833] {scheduler_job.py:190} INFO - Processing /opt/airflow/dags/bash_operator/templated_bash_operator_dag.py took 0.072 seconds
[2021-05-01 05:22:50,216] {scheduler_job.py:182} INFO - Started process (PID=341) to work on /opt/airflow/dags/bash_operator/templated_bash_operator_dag.py
[2021-05-01 05:22:50,226] {scheduler_job.py:629} INFO - Processing file /opt/airflow/dags/bash_operator/templated_bash_operator_dag.py for tasks to queue
[2021-05-01 05:22:50,227] {logging_mixin.py:104} INFO - [2021-05-01 05:22:50,227] {dagbag.py:451} INFO - Filling up the DagBag from /opt/airflow/dags/bash_operator/templated_bash_operator_dag.py
[2021-05-01 05:22:50,236] {scheduler_job.py:639} INFO - DAG(s) dict_keys(['templated_bash_operator_dag']) retrieved from /opt/airflow/dags/bash_operator/templated_bash_operator_dag.py
[2021-05-01 05:22:50,260] {logging_mixin.py:104} INFO - [2021-05-01 05:22:50,260] {dag.py:1824} INFO - Sync 1 DAGs
[2021-05-01 05:22:50,282] {logging_mixin.py:104} INFO - [2021-05-01 05:22:50,282] {dag.py:2280} INFO - Setting next_dagrun for templated_bash_operator_dag to 2021-04-30 00:00:00+00:00
[2021-05-01 05:22:50,300] {scheduler_job.py:190} INFO - Processing /opt/airflow/dags/bash_operator/templated_bash_operator_dag.py took 0.087 seconds
[2021-05-01 05:23:20,788] {scheduler_job.py:182} INFO - Started process (PID=374) to work on /opt/airflow/dags/bash_operator/templated_bash_operator_dag.py
[2021-05-01 05:23:20,789] {scheduler_job.py:629} INFO - Processing file /opt/airflow/dags/bash_operator/templated_bash_operator_dag.py for tasks to queue
[2021-05-01 05:23:20,790] {logging_mixin.py:104} INFO - [2021-05-01 05:23:20,789] {dagbag.py:451} INFO - Filling up the DagBag from /opt/airflow/dags/bash_operator/templated_bash_operator_dag.py
[2021-05-01 05:23:20,799] {scheduler_job.py:639} INFO - DAG(s) dict_keys(['templated_bash_operator_dag']) retrieved from /opt/airflow/dags/bash_operator/templated_bash_operator_dag.py
[2021-05-01 05:23:20,823] {logging_mixin.py:104} INFO - [2021-05-01 05:23:20,823] {dag.py:1824} INFO - Sync 1 DAGs
[2021-05-01 05:23:20,849] {logging_mixin.py:104} INFO - [2021-05-01 05:23:20,848] {dag.py:2280} INFO - Setting next_dagrun for templated_bash_operator_dag to 2021-04-30 00:00:00+00:00
[2021-05-01 05:23:20,863] {scheduler_job.py:190} INFO - Processing /opt/airflow/dags/bash_operator/templated_bash_operator_dag.py took 0.078 seconds
[2021-05-01 05:23:51,477] {scheduler_job.py:182} INFO - Started process (PID=407) to work on /opt/airflow/dags/bash_operator/templated_bash_operator_dag.py
[2021-05-01 05:23:51,478] {scheduler_job.py:629} INFO - Processing file /opt/airflow/dags/bash_operator/templated_bash_operator_dag.py for tasks to queue
[2021-05-01 05:23:51,478] {logging_mixin.py:104} INFO - [2021-05-01 05:23:51,478] {dagbag.py:451} INFO - Filling up the DagBag from /opt/airflow/dags/bash_operator/templated_bash_operator_dag.py
[2021-05-01 05:23:51,487] {scheduler_job.py:639} INFO - DAG(s) dict_keys(['templated_bash_operator_dag']) retrieved from /opt/airflow/dags/bash_operator/templated_bash_operator_dag.py
[2021-05-01 05:23:51,511] {logging_mixin.py:104} INFO - [2021-05-01 05:23:51,511] {dag.py:1824} INFO - Sync 1 DAGs
[2021-05-01 05:23:51,538] {logging_mixin.py:104} INFO - [2021-05-01 05:23:51,537] {dag.py:2280} INFO - Setting next_dagrun for templated_bash_operator_dag to 2021-04-30 00:00:00+00:00
[2021-05-01 05:23:51,554] {scheduler_job.py:190} INFO - Processing /opt/airflow/dags/bash_operator/templated_bash_operator_dag.py took 0.081 seconds
[2021-05-01 05:24:21,812] {scheduler_job.py:182} INFO - Started process (PID=440) to work on /opt/airflow/dags/bash_operator/templated_bash_operator_dag.py
[2021-05-01 05:24:21,813] {scheduler_job.py:629} INFO - Processing file /opt/airflow/dags/bash_operator/templated_bash_operator_dag.py for tasks to queue
[2021-05-01 05:24:21,813] {logging_mixin.py:104} INFO - [2021-05-01 05:24:21,813] {dagbag.py:451} INFO - Filling up the DagBag from /opt/airflow/dags/bash_operator/templated_bash_operator_dag.py
[2021-05-01 05:24:21,823] {scheduler_job.py:639} INFO - DAG(s) dict_keys(['templated_bash_operator_dag']) retrieved from /opt/airflow/dags/bash_operator/templated_bash_operator_dag.py
[2021-05-01 05:24:21,848] {logging_mixin.py:104} INFO - [2021-05-01 05:24:21,848] {dag.py:1824} INFO - Sync 1 DAGs
[2021-05-01 05:24:21,871] {logging_mixin.py:104} INFO - [2021-05-01 05:24:21,870] {dag.py:2280} INFO - Setting next_dagrun for templated_bash_operator_dag to 2021-04-30 00:00:00+00:00
[2021-05-01 05:24:21,886] {scheduler_job.py:190} INFO - Processing /opt/airflow/dags/bash_operator/templated_bash_operator_dag.py took 0.078 seconds
[2021-05-01 05:24:52,233] {scheduler_job.py:182} INFO - Started process (PID=473) to work on /opt/airflow/dags/bash_operator/templated_bash_operator_dag.py
[2021-05-01 05:24:52,234] {scheduler_job.py:629} INFO - Processing file /opt/airflow/dags/bash_operator/templated_bash_operator_dag.py for tasks to queue
[2021-05-01 05:24:52,234] {logging_mixin.py:104} INFO - [2021-05-01 05:24:52,234] {dagbag.py:451} INFO - Filling up the DagBag from /opt/airflow/dags/bash_operator/templated_bash_operator_dag.py
[2021-05-01 05:24:52,243] {scheduler_job.py:639} INFO - DAG(s) dict_keys(['templated_bash_operator_dag']) retrieved from /opt/airflow/dags/bash_operator/templated_bash_operator_dag.py
[2021-05-01 05:24:52,268] {logging_mixin.py:104} INFO - [2021-05-01 05:24:52,267] {dag.py:1824} INFO - Sync 1 DAGs
[2021-05-01 05:24:52,290] {logging_mixin.py:104} INFO - [2021-05-01 05:24:52,290] {dag.py:2280} INFO - Setting next_dagrun for templated_bash_operator_dag to 2021-04-30 00:00:00+00:00
[2021-05-01 05:24:52,304] {scheduler_job.py:190} INFO - Processing /opt/airflow/dags/bash_operator/templated_bash_operator_dag.py took 0.075 seconds
[2021-05-01 05:25:22,718] {scheduler_job.py:182} INFO - Started process (PID=506) to work on /opt/airflow/dags/bash_operator/templated_bash_operator_dag.py
[2021-05-01 05:25:22,720] {scheduler_job.py:629} INFO - Processing file /opt/airflow/dags/bash_operator/templated_bash_operator_dag.py for tasks to queue
[2021-05-01 05:25:22,721] {logging_mixin.py:104} INFO - [2021-05-01 05:25:22,721] {dagbag.py:451} INFO - Filling up the DagBag from /opt/airflow/dags/bash_operator/templated_bash_operator_dag.py
[2021-05-01 05:25:22,733] {scheduler_job.py:639} INFO - DAG(s) dict_keys(['templated_bash_operator_dag']) retrieved from /opt/airflow/dags/bash_operator/templated_bash_operator_dag.py
[2021-05-01 05:25:22,759] {logging_mixin.py:104} INFO - [2021-05-01 05:25:22,758] {dag.py:1824} INFO - Sync 1 DAGs
[2021-05-01 05:25:22,784] {logging_mixin.py:104} INFO - [2021-05-01 05:25:22,784] {dag.py:2280} INFO - Setting next_dagrun for templated_bash_operator_dag to 2021-04-30 00:00:00+00:00
[2021-05-01 05:25:22,798] {scheduler_job.py:190} INFO - Processing /opt/airflow/dags/bash_operator/templated_bash_operator_dag.py took 0.083 seconds
[2021-05-01 05:25:53,576] {scheduler_job.py:182} INFO - Started process (PID=539) to work on /opt/airflow/dags/bash_operator/templated_bash_operator_dag.py
[2021-05-01 05:25:53,577] {scheduler_job.py:629} INFO - Processing file /opt/airflow/dags/bash_operator/templated_bash_operator_dag.py for tasks to queue
[2021-05-01 05:25:53,578] {logging_mixin.py:104} INFO - [2021-05-01 05:25:53,578] {dagbag.py:451} INFO - Filling up the DagBag from /opt/airflow/dags/bash_operator/templated_bash_operator_dag.py
[2021-05-01 05:25:53,590] {scheduler_job.py:639} INFO - DAG(s) dict_keys(['templated_bash_operator_dag']) retrieved from /opt/airflow/dags/bash_operator/templated_bash_operator_dag.py
[2021-05-01 05:25:53,616] {logging_mixin.py:104} INFO - [2021-05-01 05:25:53,616] {dag.py:1824} INFO - Sync 1 DAGs
[2021-05-01 05:25:53,645] {logging_mixin.py:104} INFO - [2021-05-01 05:25:53,645] {dag.py:2280} INFO - Setting next_dagrun for templated_bash_operator_dag to 2021-04-30 00:00:00+00:00
[2021-05-01 05:25:53,660] {scheduler_job.py:190} INFO - Processing /opt/airflow/dags/bash_operator/templated_bash_operator_dag.py took 0.089 seconds
[2021-05-01 05:26:24,561] {scheduler_job.py:182} INFO - Started process (PID=572) to work on /opt/airflow/dags/bash_operator/templated_bash_operator_dag.py
[2021-05-01 05:26:24,563] {scheduler_job.py:629} INFO - Processing file /opt/airflow/dags/bash_operator/templated_bash_operator_dag.py for tasks to queue
[2021-05-01 05:26:24,564] {logging_mixin.py:104} INFO - [2021-05-01 05:26:24,564] {dagbag.py:451} INFO - Filling up the DagBag from /opt/airflow/dags/bash_operator/templated_bash_operator_dag.py
[2021-05-01 05:26:24,576] {scheduler_job.py:639} INFO - DAG(s) dict_keys(['templated_bash_operator_dag']) retrieved from /opt/airflow/dags/bash_operator/templated_bash_operator_dag.py
[2021-05-01 05:26:24,603] {logging_mixin.py:104} INFO - [2021-05-01 05:26:24,602] {dag.py:1824} INFO - Sync 1 DAGs
[2021-05-01 05:26:24,632] {logging_mixin.py:104} INFO - [2021-05-01 05:26:24,632] {dag.py:2280} INFO - Setting next_dagrun for templated_bash_operator_dag to 2021-04-30 00:00:00+00:00
[2021-05-01 05:26:24,648] {scheduler_job.py:190} INFO - Processing /opt/airflow/dags/bash_operator/templated_bash_operator_dag.py took 0.092 seconds
[2021-05-01 05:26:55,312] {scheduler_job.py:182} INFO - Started process (PID=605) to work on /opt/airflow/dags/bash_operator/templated_bash_operator_dag.py
[2021-05-01 05:26:55,313] {scheduler_job.py:629} INFO - Processing file /opt/airflow/dags/bash_operator/templated_bash_operator_dag.py for tasks to queue
[2021-05-01 05:26:55,313] {logging_mixin.py:104} INFO - [2021-05-01 05:26:55,313] {dagbag.py:451} INFO - Filling up the DagBag from /opt/airflow/dags/bash_operator/templated_bash_operator_dag.py
[2021-05-01 05:26:55,323] {scheduler_job.py:639} INFO - DAG(s) dict_keys(['templated_bash_operator_dag']) retrieved from /opt/airflow/dags/bash_operator/templated_bash_operator_dag.py
[2021-05-01 05:26:55,345] {logging_mixin.py:104} INFO - [2021-05-01 05:26:55,345] {dag.py:1824} INFO - Sync 1 DAGs
[2021-05-01 05:26:55,371] {logging_mixin.py:104} INFO - [2021-05-01 05:26:55,371] {dag.py:2280} INFO - Setting next_dagrun for templated_bash_operator_dag to 2021-04-30 00:00:00+00:00
[2021-05-01 05:26:55,383] {scheduler_job.py:190} INFO - Processing /opt/airflow/dags/bash_operator/templated_bash_operator_dag.py took 0.075 seconds
[2021-05-01 05:27:25,779] {scheduler_job.py:182} INFO - Started process (PID=638) to work on /opt/airflow/dags/bash_operator/templated_bash_operator_dag.py
[2021-05-01 05:27:25,780] {scheduler_job.py:629} INFO - Processing file /opt/airflow/dags/bash_operator/templated_bash_operator_dag.py for tasks to queue
[2021-05-01 05:27:25,781] {logging_mixin.py:104} INFO - [2021-05-01 05:27:25,781] {dagbag.py:451} INFO - Filling up the DagBag from /opt/airflow/dags/bash_operator/templated_bash_operator_dag.py
[2021-05-01 05:27:25,791] {scheduler_job.py:639} INFO - DAG(s) dict_keys(['templated_bash_operator_dag']) retrieved from /opt/airflow/dags/bash_operator/templated_bash_operator_dag.py
[2021-05-01 05:27:25,813] {logging_mixin.py:104} INFO - [2021-05-01 05:27:25,813] {dag.py:1824} INFO - Sync 1 DAGs
[2021-05-01 05:27:25,839] {logging_mixin.py:104} INFO - [2021-05-01 05:27:25,839] {dag.py:2280} INFO - Setting next_dagrun for templated_bash_operator_dag to 2021-04-30 00:00:00+00:00
[2021-05-01 05:27:25,852] {scheduler_job.py:190} INFO - Processing /opt/airflow/dags/bash_operator/templated_bash_operator_dag.py took 0.076 seconds
[2021-05-01 05:27:56,212] {scheduler_job.py:182} INFO - Started process (PID=671) to work on /opt/airflow/dags/bash_operator/templated_bash_operator_dag.py
[2021-05-01 05:27:56,212] {scheduler_job.py:629} INFO - Processing file /opt/airflow/dags/bash_operator/templated_bash_operator_dag.py for tasks to queue
[2021-05-01 05:27:56,213] {logging_mixin.py:104} INFO - [2021-05-01 05:27:56,213] {dagbag.py:451} INFO - Filling up the DagBag from /opt/airflow/dags/bash_operator/templated_bash_operator_dag.py
[2021-05-01 05:27:56,224] {scheduler_job.py:639} INFO - DAG(s) dict_keys(['templated_bash_operator_dag']) retrieved from /opt/airflow/dags/bash_operator/templated_bash_operator_dag.py
[2021-05-01 05:27:56,247] {logging_mixin.py:104} INFO - [2021-05-01 05:27:56,247] {dag.py:1824} INFO - Sync 1 DAGs
[2021-05-01 05:27:56,277] {logging_mixin.py:104} INFO - [2021-05-01 05:27:56,277] {dag.py:2280} INFO - Setting next_dagrun for templated_bash_operator_dag to 2021-04-30 00:00:00+00:00
[2021-05-01 05:27:56,293] {scheduler_job.py:190} INFO - Processing /opt/airflow/dags/bash_operator/templated_bash_operator_dag.py took 0.085 seconds
[2021-05-01 05:28:26,773] {scheduler_job.py:182} INFO - Started process (PID=704) to work on /opt/airflow/dags/bash_operator/templated_bash_operator_dag.py
[2021-05-01 05:28:26,774] {scheduler_job.py:629} INFO - Processing file /opt/airflow/dags/bash_operator/templated_bash_operator_dag.py for tasks to queue
[2021-05-01 05:28:26,775] {logging_mixin.py:104} INFO - [2021-05-01 05:28:26,775] {dagbag.py:451} INFO - Filling up the DagBag from /opt/airflow/dags/bash_operator/templated_bash_operator_dag.py
[2021-05-01 05:28:26,789] {scheduler_job.py:639} INFO - DAG(s) dict_keys(['templated_bash_operator_dag']) retrieved from /opt/airflow/dags/bash_operator/templated_bash_operator_dag.py
[2021-05-01 05:28:26,815] {logging_mixin.py:104} INFO - [2021-05-01 05:28:26,815] {dag.py:1824} INFO - Sync 1 DAGs
[2021-05-01 05:28:26,846] {logging_mixin.py:104} INFO - [2021-05-01 05:28:26,846] {dag.py:2280} INFO - Setting next_dagrun for templated_bash_operator_dag to 2021-04-30 00:00:00+00:00
[2021-05-01 05:28:26,858] {scheduler_job.py:190} INFO - Processing /opt/airflow/dags/bash_operator/templated_bash_operator_dag.py took 0.090 seconds
[2021-05-01 05:28:57,355] {scheduler_job.py:182} INFO - Started process (PID=737) to work on /opt/airflow/dags/bash_operator/templated_bash_operator_dag.py
[2021-05-01 05:28:57,356] {scheduler_job.py:629} INFO - Processing file /opt/airflow/dags/bash_operator/templated_bash_operator_dag.py for tasks to queue
[2021-05-01 05:28:57,357] {logging_mixin.py:104} INFO - [2021-05-01 05:28:57,357] {dagbag.py:451} INFO - Filling up the DagBag from /opt/airflow/dags/bash_operator/templated_bash_operator_dag.py
[2021-05-01 05:28:57,367] {scheduler_job.py:639} INFO - DAG(s) dict_keys(['templated_bash_operator_dag']) retrieved from /opt/airflow/dags/bash_operator/templated_bash_operator_dag.py
[2021-05-01 05:28:57,392] {logging_mixin.py:104} INFO - [2021-05-01 05:28:57,392] {dag.py:1824} INFO - Sync 1 DAGs
[2021-05-01 05:28:57,420] {logging_mixin.py:104} INFO - [2021-05-01 05:28:57,420] {dag.py:2280} INFO - Setting next_dagrun for templated_bash_operator_dag to 2021-04-30 00:00:00+00:00
[2021-05-01 05:28:57,434] {scheduler_job.py:190} INFO - Processing /opt/airflow/dags/bash_operator/templated_bash_operator_dag.py took 0.083 seconds
[2021-05-01 05:29:27,860] {scheduler_job.py:182} INFO - Started process (PID=770) to work on /opt/airflow/dags/bash_operator/templated_bash_operator_dag.py
[2021-05-01 05:29:27,861] {scheduler_job.py:629} INFO - Processing file /opt/airflow/dags/bash_operator/templated_bash_operator_dag.py for tasks to queue
[2021-05-01 05:29:27,861] {logging_mixin.py:104} INFO - [2021-05-01 05:29:27,861] {dagbag.py:451} INFO - Filling up the DagBag from /opt/airflow/dags/bash_operator/templated_bash_operator_dag.py
[2021-05-01 05:29:27,870] {scheduler_job.py:639} INFO - DAG(s) dict_keys(['templated_bash_operator_dag']) retrieved from /opt/airflow/dags/bash_operator/templated_bash_operator_dag.py
[2021-05-01 05:29:27,894] {logging_mixin.py:104} INFO - [2021-05-01 05:29:27,894] {dag.py:1824} INFO - Sync 1 DAGs
[2021-05-01 05:29:27,919] {logging_mixin.py:104} INFO - [2021-05-01 05:29:27,919] {dag.py:2280} INFO - Setting next_dagrun for templated_bash_operator_dag to 2021-04-30 00:00:00+00:00
[2021-05-01 05:29:27,936] {scheduler_job.py:190} INFO - Processing /opt/airflow/dags/bash_operator/templated_bash_operator_dag.py took 0.079 seconds
[2021-05-01 05:29:58,457] {scheduler_job.py:182} INFO - Started process (PID=803) to work on /opt/airflow/dags/bash_operator/templated_bash_operator_dag.py
[2021-05-01 05:29:58,458] {scheduler_job.py:629} INFO - Processing file /opt/airflow/dags/bash_operator/templated_bash_operator_dag.py for tasks to queue
[2021-05-01 05:29:58,458] {logging_mixin.py:104} INFO - [2021-05-01 05:29:58,458] {dagbag.py:451} INFO - Filling up the DagBag from /opt/airflow/dags/bash_operator/templated_bash_operator_dag.py
[2021-05-01 05:29:58,468] {scheduler_job.py:639} INFO - DAG(s) dict_keys(['templated_bash_operator_dag']) retrieved from /opt/airflow/dags/bash_operator/templated_bash_operator_dag.py
[2021-05-01 05:29:58,492] {logging_mixin.py:104} INFO - [2021-05-01 05:29:58,491] {dag.py:1824} INFO - Sync 1 DAGs
[2021-05-01 05:29:58,515] {logging_mixin.py:104} INFO - [2021-05-01 05:29:58,515] {dag.py:2280} INFO - Setting next_dagrun for templated_bash_operator_dag to 2021-04-30 00:00:00+00:00
[2021-05-01 05:29:58,528] {scheduler_job.py:190} INFO - Processing /opt/airflow/dags/bash_operator/templated_bash_operator_dag.py took 0.074 seconds
[2021-05-01 05:30:29,051] {scheduler_job.py:182} INFO - Started process (PID=836) to work on /opt/airflow/dags/bash_operator/templated_bash_operator_dag.py
[2021-05-01 05:30:29,053] {scheduler_job.py:629} INFO - Processing file /opt/airflow/dags/bash_operator/templated_bash_operator_dag.py for tasks to queue
[2021-05-01 05:30:29,054] {logging_mixin.py:104} INFO - [2021-05-01 05:30:29,053] {dagbag.py:451} INFO - Filling up the DagBag from /opt/airflow/dags/bash_operator/templated_bash_operator_dag.py
[2021-05-01 05:30:29,064] {scheduler_job.py:639} INFO - DAG(s) dict_keys(['templated_bash_operator_dag']) retrieved from /opt/airflow/dags/bash_operator/templated_bash_operator_dag.py
[2021-05-01 05:30:29,084] {logging_mixin.py:104} INFO - [2021-05-01 05:30:29,084] {dag.py:1824} INFO - Sync 1 DAGs
[2021-05-01 05:30:29,114] {logging_mixin.py:104} INFO - [2021-05-01 05:30:29,114] {dag.py:2280} INFO - Setting next_dagrun for templated_bash_operator_dag to 2021-04-30 00:00:00+00:00
[2021-05-01 05:30:29,128] {scheduler_job.py:190} INFO - Processing /opt/airflow/dags/bash_operator/templated_bash_operator_dag.py took 0.079 seconds
[2021-05-01 05:30:59,626] {scheduler_job.py:182} INFO - Started process (PID=869) to work on /opt/airflow/dags/bash_operator/templated_bash_operator_dag.py
[2021-05-01 05:30:59,627] {scheduler_job.py:629} INFO - Processing file /opt/airflow/dags/bash_operator/templated_bash_operator_dag.py for tasks to queue
[2021-05-01 05:30:59,628] {logging_mixin.py:104} INFO - [2021-05-01 05:30:59,628] {dagbag.py:451} INFO - Filling up the DagBag from /opt/airflow/dags/bash_operator/templated_bash_operator_dag.py
[2021-05-01 05:30:59,637] {scheduler_job.py:639} INFO - DAG(s) dict_keys(['templated_bash_operator_dag']) retrieved from /opt/airflow/dags/bash_operator/templated_bash_operator_dag.py
[2021-05-01 05:30:59,662] {logging_mixin.py:104} INFO - [2021-05-01 05:30:59,662] {dag.py:1824} INFO - Sync 1 DAGs
[2021-05-01 05:30:59,686] {logging_mixin.py:104} INFO - [2021-05-01 05:30:59,686] {dag.py:2280} INFO - Setting next_dagrun for templated_bash_operator_dag to 2021-04-30 00:00:00+00:00
[2021-05-01 05:30:59,700] {scheduler_job.py:190} INFO - Processing /opt/airflow/dags/bash_operator/templated_bash_operator_dag.py took 0.077 seconds
[2021-05-01 05:31:30,368] {scheduler_job.py:182} INFO - Started process (PID=902) to work on /opt/airflow/dags/bash_operator/templated_bash_operator_dag.py
[2021-05-01 05:31:30,369] {scheduler_job.py:629} INFO - Processing file /opt/airflow/dags/bash_operator/templated_bash_operator_dag.py for tasks to queue
[2021-05-01 05:31:30,370] {logging_mixin.py:104} INFO - [2021-05-01 05:31:30,370] {dagbag.py:451} INFO - Filling up the DagBag from /opt/airflow/dags/bash_operator/templated_bash_operator_dag.py
[2021-05-01 05:31:30,383] {scheduler_job.py:639} INFO - DAG(s) dict_keys(['templated_bash_operator_dag']) retrieved from /opt/airflow/dags/bash_operator/templated_bash_operator_dag.py
[2021-05-01 05:31:30,413] {logging_mixin.py:104} INFO - [2021-05-01 05:31:30,413] {dag.py:1824} INFO - Sync 1 DAGs
[2021-05-01 05:31:30,446] {logging_mixin.py:104} INFO - [2021-05-01 05:31:30,446] {dag.py:2280} INFO - Setting next_dagrun for templated_bash_operator_dag to 2021-04-30 00:00:00+00:00
[2021-05-01 05:31:30,463] {scheduler_job.py:190} INFO - Processing /opt/airflow/dags/bash_operator/templated_bash_operator_dag.py took 0.099 seconds
[2021-05-01 05:32:00,962] {scheduler_job.py:182} INFO - Started process (PID=935) to work on /opt/airflow/dags/bash_operator/templated_bash_operator_dag.py
[2021-05-01 05:32:00,963] {scheduler_job.py:629} INFO - Processing file /opt/airflow/dags/bash_operator/templated_bash_operator_dag.py for tasks to queue
[2021-05-01 05:32:00,964] {logging_mixin.py:104} INFO - [2021-05-01 05:32:00,963] {dagbag.py:451} INFO - Filling up the DagBag from /opt/airflow/dags/bash_operator/templated_bash_operator_dag.py
[2021-05-01 05:32:00,975] {scheduler_job.py:639} INFO - DAG(s) dict_keys(['templated_bash_operator_dag']) retrieved from /opt/airflow/dags/bash_operator/templated_bash_operator_dag.py
[2021-05-01 05:32:01,007] {logging_mixin.py:104} INFO - [2021-05-01 05:32:01,007] {dag.py:1824} INFO - Sync 1 DAGs
[2021-05-01 05:32:01,034] {logging_mixin.py:104} INFO - [2021-05-01 05:32:01,034] {dag.py:2280} INFO - Setting next_dagrun for templated_bash_operator_dag to 2021-04-30 00:00:00+00:00
[2021-05-01 05:32:01,047] {scheduler_job.py:190} INFO - Processing /opt/airflow/dags/bash_operator/templated_bash_operator_dag.py took 0.090 seconds
[2021-05-01 05:32:31,539] {scheduler_job.py:182} INFO - Started process (PID=968) to work on /opt/airflow/dags/bash_operator/templated_bash_operator_dag.py
[2021-05-01 05:32:31,540] {scheduler_job.py:629} INFO - Processing file /opt/airflow/dags/bash_operator/templated_bash_operator_dag.py for tasks to queue
[2021-05-01 05:32:31,540] {logging_mixin.py:104} INFO - [2021-05-01 05:32:31,540] {dagbag.py:451} INFO - Filling up the DagBag from /opt/airflow/dags/bash_operator/templated_bash_operator_dag.py
[2021-05-01 05:32:31,549] {scheduler_job.py:639} INFO - DAG(s) dict_keys(['templated_bash_operator_dag']) retrieved from /opt/airflow/dags/bash_operator/templated_bash_operator_dag.py
[2021-05-01 05:32:31,577] {logging_mixin.py:104} INFO - [2021-05-01 05:32:31,577] {dag.py:1824} INFO - Sync 1 DAGs
[2021-05-01 05:32:31,604] {logging_mixin.py:104} INFO - [2021-05-01 05:32:31,604] {dag.py:2280} INFO - Setting next_dagrun for templated_bash_operator_dag to 2021-04-30 00:00:00+00:00
[2021-05-01 05:32:31,616] {scheduler_job.py:190} INFO - Processing /opt/airflow/dags/bash_operator/templated_bash_operator_dag.py took 0.082 seconds
[2021-05-01 05:33:02,148] {scheduler_job.py:182} INFO - Started process (PID=1001) to work on /opt/airflow/dags/bash_operator/templated_bash_operator_dag.py
[2021-05-01 05:33:02,149] {scheduler_job.py:629} INFO - Processing file /opt/airflow/dags/bash_operator/templated_bash_operator_dag.py for tasks to queue
[2021-05-01 05:33:02,150] {logging_mixin.py:104} INFO - [2021-05-01 05:33:02,150] {dagbag.py:451} INFO - Filling up the DagBag from /opt/airflow/dags/bash_operator/templated_bash_operator_dag.py
[2021-05-01 05:33:02,150] {scheduler_job.py:641} WARNING - No viable dags retrieved from /opt/airflow/dags/bash_operator/templated_bash_operator_dag.py
[2021-05-01 05:33:02,151] {scheduler_job.py:190} INFO - Processing /opt/airflow/dags/bash_operator/templated_bash_operator_dag.py took 0.007 seconds
