[2021-04-25 00:08:06,233] {taskinstance.py:877} INFO - Dependencies all met for <TaskInstance: bash_operator_dag.first_task 2021-02-23T00:00:00+00:00 [queued]>
[2021-04-25 00:08:06,285] {taskinstance.py:877} INFO - Dependencies all met for <TaskInstance: bash_operator_dag.first_task 2021-02-23T00:00:00+00:00 [queued]>
[2021-04-25 00:08:06,285] {taskinstance.py:1068} INFO - 
--------------------------------------------------------------------------------
[2021-04-25 00:08:06,285] {taskinstance.py:1069} INFO - Starting attempt 1 of 3
[2021-04-25 00:08:06,288] {taskinstance.py:1070} INFO - 
--------------------------------------------------------------------------------
[2021-04-25 00:08:06,327] {taskinstance.py:1089} INFO - Executing <Task(BashOperator): first_task> on 2021-02-23T00:00:00+00:00
[2021-04-25 00:08:06,334] {standard_task_runner.py:52} INFO - Started process 1607 to run task
[2021-04-25 00:08:06,346] {standard_task_runner.py:76} INFO - Running: ['airflow', 'tasks', 'run', 'bash_operator_dag', 'first_task', '2021-02-23T00:00:00+00:00', '--job-id', '570', '--pool', 'default_pool', '--raw', '--subdir', 'DAGS_FOLDER/simple_bash_operator_dag.py', '--cfg-path', '/tmp/tmptye3rijs', '--error-file', '/tmp/tmpcx56b_jz']
[2021-04-25 00:08:06,349] {standard_task_runner.py:77} INFO - Job 570: Subtask first_task
[2021-04-25 00:08:06,537] {logging_mixin.py:104} INFO - Running <TaskInstance: bash_operator_dag.first_task 2021-02-23T00:00:00+00:00 [running]> on host 4a00a306afdc
[2021-04-25 00:08:07,002] {taskinstance.py:1283} INFO - Exporting the following env vars:
AIRFLOW_CTX_DAG_OWNER=airflow
AIRFLOW_CTX_DAG_ID=bash_operator_dag
AIRFLOW_CTX_TASK_ID=first_task
AIRFLOW_CTX_EXECUTION_DATE=2021-02-23T00:00:00+00:00
AIRFLOW_CTX_DAG_RUN_ID=scheduled__2021-02-23T00:00:00+00:00
[2021-04-25 00:08:07,006] {bash.py:135} INFO - Tmp dir root location: 
 /tmp
[2021-04-25 00:08:07,008] {bash.py:158} INFO - Running command: echo "testing first bash operator"
[2021-04-25 00:08:07,040] {bash.py:169} INFO - Output:
[2021-04-25 00:08:07,042] {bash.py:173} INFO - testing first bash operator
[2021-04-25 00:08:07,043] {bash.py:177} INFO - Command exited with return code 0
[2021-04-25 00:08:07,182] {taskinstance.py:1192} INFO - Marking task as SUCCESS. dag_id=bash_operator_dag, task_id=first_task, execution_date=20210223T000000, start_date=20210425T000806, end_date=20210425T000807
[2021-04-25 00:08:07,468] {taskinstance.py:1246} INFO - 1 downstream tasks scheduled from follow-on schedule check
[2021-04-25 00:08:07,523] {local_task_job.py:146} INFO - Task exited with return code 0
