[2021-04-25 00:05:24,556] {taskinstance.py:877} INFO - Dependencies all met for <TaskInstance: bash_operator_dag.first_task 2021-03-21T00:00:00+00:00 [queued]>
[2021-04-25 00:05:24,590] {taskinstance.py:877} INFO - Dependencies all met for <TaskInstance: bash_operator_dag.first_task 2021-03-21T00:00:00+00:00 [queued]>
[2021-04-25 00:05:24,590] {taskinstance.py:1068} INFO - 
--------------------------------------------------------------------------------
[2021-04-25 00:05:24,591] {taskinstance.py:1069} INFO - Starting attempt 1 of 1
[2021-04-25 00:05:24,595] {taskinstance.py:1070} INFO - 
--------------------------------------------------------------------------------
[2021-04-25 00:05:24,622] {taskinstance.py:1089} INFO - Executing <Task(BashOperator): first_task> on 2021-03-21T00:00:00+00:00
[2021-04-25 00:05:24,629] {standard_task_runner.py:52} INFO - Started process 1201 to run task
[2021-04-25 00:05:24,637] {standard_task_runner.py:76} INFO - Running: ['airflow', 'tasks', 'run', 'bash_operator_dag', 'first_task', '2021-03-21T00:00:00+00:00', '--job-id', '434', '--pool', 'default_pool', '--raw', '--subdir', 'DAGS_FOLDER/simple_bash_operator_dag.py', '--cfg-path', '/tmp/tmphctfsu18', '--error-file', '/tmp/tmpdmll7g_w']
[2021-04-25 00:05:24,637] {standard_task_runner.py:77} INFO - Job 434: Subtask first_task
[2021-04-25 00:05:24,749] {logging_mixin.py:104} INFO - Running <TaskInstance: bash_operator_dag.first_task 2021-03-21T00:00:00+00:00 [running]> on host 4a00a306afdc
[2021-04-25 00:05:24,878] {taskinstance.py:1283} INFO - Exporting the following env vars:
AIRFLOW_CTX_DAG_OWNER=airflow
AIRFLOW_CTX_DAG_ID=bash_operator_dag
AIRFLOW_CTX_TASK_ID=first_task
AIRFLOW_CTX_EXECUTION_DATE=2021-03-21T00:00:00+00:00
AIRFLOW_CTX_DAG_RUN_ID=scheduled__2021-03-21T00:00:00+00:00
[2021-04-25 00:05:24,880] {bash.py:135} INFO - Tmp dir root location: 
 /tmp
[2021-04-25 00:05:24,882] {bash.py:158} INFO - Running command: echo "testing first bash operator"
[2021-04-25 00:05:24,910] {bash.py:169} INFO - Output:
[2021-04-25 00:05:24,914] {bash.py:173} INFO - testing first bash operator
[2021-04-25 00:05:24,915] {bash.py:177} INFO - Command exited with return code 0
[2021-04-25 00:05:24,980] {taskinstance.py:1192} INFO - Marking task as SUCCESS. dag_id=bash_operator_dag, task_id=first_task, execution_date=20210321T000000, start_date=20210425T000524, end_date=20210425T000524
[2021-04-25 00:05:25,090] {taskinstance.py:1246} INFO - 1 downstream tasks scheduled from follow-on schedule check
[2021-04-25 00:05:25,137] {local_task_job.py:146} INFO - Task exited with return code 0
[2021-04-25 00:08:32,011] {taskinstance.py:877} INFO - Dependencies all met for <TaskInstance: bash_operator_dag.first_task 2021-03-21T00:00:00+00:00 [queued]>
[2021-04-25 00:08:32,044] {taskinstance.py:877} INFO - Dependencies all met for <TaskInstance: bash_operator_dag.first_task 2021-03-21T00:00:00+00:00 [queued]>
[2021-04-25 00:08:32,045] {taskinstance.py:1068} INFO - 
--------------------------------------------------------------------------------
[2021-04-25 00:08:32,045] {taskinstance.py:1069} INFO - Starting attempt 1 of 3
[2021-04-25 00:08:32,046] {taskinstance.py:1070} INFO - 
--------------------------------------------------------------------------------
[2021-04-25 00:08:32,103] {taskinstance.py:1089} INFO - Executing <Task(BashOperator): first_task> on 2021-03-21T00:00:00+00:00
[2021-04-25 00:08:32,128] {standard_task_runner.py:52} INFO - Started process 1764 to run task
[2021-04-25 00:08:32,149] {standard_task_runner.py:76} INFO - Running: ['airflow', 'tasks', 'run', 'bash_operator_dag', 'first_task', '2021-03-21T00:00:00+00:00', '--job-id', '622', '--pool', 'default_pool', '--raw', '--subdir', 'DAGS_FOLDER/simple_bash_operator_dag.py', '--cfg-path', '/tmp/tmpm5a_lfwo', '--error-file', '/tmp/tmp23qrz23v']
[2021-04-25 00:08:32,150] {standard_task_runner.py:77} INFO - Job 622: Subtask first_task
[2021-04-25 00:08:32,292] {logging_mixin.py:104} INFO - Running <TaskInstance: bash_operator_dag.first_task 2021-03-21T00:00:00+00:00 [running]> on host 4a00a306afdc
[2021-04-25 00:08:32,440] {taskinstance.py:1283} INFO - Exporting the following env vars:
AIRFLOW_CTX_DAG_OWNER=airflow
AIRFLOW_CTX_DAG_ID=bash_operator_dag
AIRFLOW_CTX_TASK_ID=first_task
AIRFLOW_CTX_EXECUTION_DATE=2021-03-21T00:00:00+00:00
AIRFLOW_CTX_DAG_RUN_ID=scheduled__2021-03-21T00:00:00+00:00
[2021-04-25 00:08:32,442] {bash.py:135} INFO - Tmp dir root location: 
 /tmp
[2021-04-25 00:08:32,445] {bash.py:158} INFO - Running command: echo "testing first bash operator"
[2021-04-25 00:08:32,463] {bash.py:169} INFO - Output:
[2021-04-25 00:08:32,466] {bash.py:173} INFO - testing first bash operator
[2021-04-25 00:08:32,467] {bash.py:177} INFO - Command exited with return code 0
[2021-04-25 00:08:32,548] {taskinstance.py:1192} INFO - Marking task as SUCCESS. dag_id=bash_operator_dag, task_id=first_task, execution_date=20210321T000000, start_date=20210425T000832, end_date=20210425T000832
[2021-04-25 00:08:32,708] {taskinstance.py:1246} INFO - 1 downstream tasks scheduled from follow-on schedule check
[2021-04-25 00:08:32,737] {local_task_job.py:146} INFO - Task exited with return code 0
