[2021-04-25 00:05:11,545] {taskinstance.py:877} INFO - Dependencies all met for <TaskInstance: bash_operator_dag.second_task 2021-03-03T00:00:00+00:00 [queued]>
[2021-04-25 00:05:11,590] {taskinstance.py:877} INFO - Dependencies all met for <TaskInstance: bash_operator_dag.second_task 2021-03-03T00:00:00+00:00 [queued]>
[2021-04-25 00:05:11,591] {taskinstance.py:1068} INFO - 
--------------------------------------------------------------------------------
[2021-04-25 00:05:11,591] {taskinstance.py:1069} INFO - Starting attempt 1 of 3
[2021-04-25 00:05:11,591] {taskinstance.py:1070} INFO - 
--------------------------------------------------------------------------------
[2021-04-25 00:05:11,676] {taskinstance.py:1089} INFO - Executing <Task(BashOperator): second_task> on 2021-03-03T00:00:00+00:00
[2021-04-25 00:05:11,697] {standard_task_runner.py:52} INFO - Started process 1107 to run task
[2021-04-25 00:05:11,727] {standard_task_runner.py:76} INFO - Running: ['airflow', 'tasks', 'run', 'bash_operator_dag', 'second_task', '2021-03-03T00:00:00+00:00', '--job-id', '404', '--pool', 'default_pool', '--raw', '--subdir', 'DAGS_FOLDER/simple_bash_operator_dag.py', '--cfg-path', '/tmp/tmp4517oru2', '--error-file', '/tmp/tmpw4xkieft']
[2021-04-25 00:05:11,728] {standard_task_runner.py:77} INFO - Job 404: Subtask second_task
[2021-04-25 00:05:11,875] {logging_mixin.py:104} INFO - Running <TaskInstance: bash_operator_dag.second_task 2021-03-03T00:00:00+00:00 [running]> on host 4a00a306afdc
[2021-04-25 00:05:12,134] {taskinstance.py:1283} INFO - Exporting the following env vars:
AIRFLOW_CTX_DAG_OWNER=airflow
AIRFLOW_CTX_DAG_ID=bash_operator_dag
AIRFLOW_CTX_TASK_ID=second_task
AIRFLOW_CTX_EXECUTION_DATE=2021-03-03T00:00:00+00:00
AIRFLOW_CTX_DAG_RUN_ID=scheduled__2021-03-03T00:00:00+00:00
[2021-04-25 00:05:12,136] {bash.py:135} INFO - Tmp dir root location: 
 /tmp
[2021-04-25 00:05:12,140] {bash.py:158} INFO - Running command: echo "testing second bash operator"
[2021-04-25 00:05:12,164] {bash.py:169} INFO - Output:
[2021-04-25 00:05:12,167] {bash.py:173} INFO - testing second bash operator
[2021-04-25 00:05:12,168] {bash.py:177} INFO - Command exited with return code 0
[2021-04-25 00:05:12,286] {taskinstance.py:1192} INFO - Marking task as SUCCESS. dag_id=bash_operator_dag, task_id=second_task, execution_date=20210303T000000, start_date=20210425T000511, end_date=20210425T000512
[2021-04-25 00:05:12,508] {taskinstance.py:1246} INFO - 0 downstream tasks scheduled from follow-on schedule check
[2021-04-25 00:05:12,584] {local_task_job.py:146} INFO - Task exited with return code 0
[2021-04-25 00:08:17,060] {taskinstance.py:877} INFO - Dependencies all met for <TaskInstance: bash_operator_dag.second_task 2021-03-03T00:00:00+00:00 [queued]>
[2021-04-25 00:08:17,123] {taskinstance.py:877} INFO - Dependencies all met for <TaskInstance: bash_operator_dag.second_task 2021-03-03T00:00:00+00:00 [queued]>
[2021-04-25 00:08:17,124] {taskinstance.py:1068} INFO - 
--------------------------------------------------------------------------------
[2021-04-25 00:08:17,124] {taskinstance.py:1069} INFO - Starting attempt 1 of 3
[2021-04-25 00:08:17,129] {taskinstance.py:1070} INFO - 
--------------------------------------------------------------------------------
[2021-04-25 00:08:17,207] {taskinstance.py:1089} INFO - Executing <Task(BashOperator): second_task> on 2021-03-03T00:00:00+00:00
[2021-04-25 00:08:17,226] {standard_task_runner.py:52} INFO - Started process 1674 to run task
[2021-04-25 00:08:17,246] {standard_task_runner.py:76} INFO - Running: ['airflow', 'tasks', 'run', 'bash_operator_dag', 'second_task', '2021-03-03T00:00:00+00:00', '--job-id', '593', '--pool', 'default_pool', '--raw', '--subdir', 'DAGS_FOLDER/simple_bash_operator_dag.py', '--cfg-path', '/tmp/tmp4c0kodz4', '--error-file', '/tmp/tmp5zresoet']
[2021-04-25 00:08:17,246] {standard_task_runner.py:77} INFO - Job 593: Subtask second_task
[2021-04-25 00:08:17,375] {logging_mixin.py:104} INFO - Running <TaskInstance: bash_operator_dag.second_task 2021-03-03T00:00:00+00:00 [running]> on host 4a00a306afdc
[2021-04-25 00:08:17,532] {taskinstance.py:1283} INFO - Exporting the following env vars:
AIRFLOW_CTX_DAG_OWNER=airflow
AIRFLOW_CTX_DAG_ID=bash_operator_dag
AIRFLOW_CTX_TASK_ID=second_task
AIRFLOW_CTX_EXECUTION_DATE=2021-03-03T00:00:00+00:00
AIRFLOW_CTX_DAG_RUN_ID=scheduled__2021-03-03T00:00:00+00:00
[2021-04-25 00:08:17,533] {bash.py:135} INFO - Tmp dir root location: 
 /tmp
[2021-04-25 00:08:17,535] {bash.py:158} INFO - Running command: echo "testing second bash operator"
[2021-04-25 00:08:17,572] {bash.py:169} INFO - Output:
[2021-04-25 00:08:17,574] {bash.py:173} INFO - testing second bash operator
[2021-04-25 00:08:17,575] {bash.py:177} INFO - Command exited with return code 0
[2021-04-25 00:08:17,687] {taskinstance.py:1192} INFO - Marking task as SUCCESS. dag_id=bash_operator_dag, task_id=second_task, execution_date=20210303T000000, start_date=20210425T000817, end_date=20210425T000817
[2021-04-25 00:08:17,818] {taskinstance.py:1246} INFO - 0 downstream tasks scheduled from follow-on schedule check
[2021-04-25 00:08:17,876] {local_task_job.py:146} INFO - Task exited with return code 0
