[2021-04-25 08:18:21,746] {taskinstance.py:877} INFO - Dependencies all met for <TaskInstance: write_file_python_operator.fetch_and_write_a_file_task 2021-04-25T08:13:18.431306+00:00 [queued]>
[2021-04-25 08:18:21,759] {taskinstance.py:877} INFO - Dependencies all met for <TaskInstance: write_file_python_operator.fetch_and_write_a_file_task 2021-04-25T08:13:18.431306+00:00 [queued]>
[2021-04-25 08:18:21,760] {taskinstance.py:1068} INFO - 
--------------------------------------------------------------------------------
[2021-04-25 08:18:21,760] {taskinstance.py:1069} INFO - Starting attempt 2 of 3
[2021-04-25 08:18:21,760] {taskinstance.py:1070} INFO - 
--------------------------------------------------------------------------------
[2021-04-25 08:18:21,778] {taskinstance.py:1089} INFO - Executing <Task(PythonOperator): fetch_and_write_a_file_task> on 2021-04-25T08:13:18.431306+00:00
[2021-04-25 08:18:21,784] {standard_task_runner.py:52} INFO - Started process 57 to run task
[2021-04-25 08:18:21,789] {standard_task_runner.py:76} INFO - Running: ['airflow', 'tasks', 'run', 'write_file_python_operator', 'fetch_and_write_a_file_task', '2021-04-25T08:13:18.431306+00:00', '--job-id', '798', '--pool', 'default_pool', '--raw', '--subdir', 'DAGS_FOLDER/python_operator/write_file_python_operator.py', '--cfg-path', '/tmp/tmp24se7jnf', '--error-file', '/tmp/tmpd9y91g6q']
[2021-04-25 08:18:21,789] {standard_task_runner.py:77} INFO - Job 798: Subtask fetch_and_write_a_file_task
[2021-04-25 08:18:21,842] {logging_mixin.py:104} INFO - Running <TaskInstance: write_file_python_operator.fetch_and_write_a_file_task 2021-04-25T08:13:18.431306+00:00 [running]> on host d6e2455ef0ec
[2021-04-25 08:18:21,908] {taskinstance.py:1283} INFO - Exporting the following env vars:
AIRFLOW_CTX_DAG_OWNER=airflow
AIRFLOW_CTX_DAG_ID=write_file_python_operator
AIRFLOW_CTX_TASK_ID=fetch_and_write_a_file_task
AIRFLOW_CTX_EXECUTION_DATE=2021-04-25T08:13:18.431306+00:00
AIRFLOW_CTX_DAG_RUN_ID=manual__2021-04-25T08:13:18.431306+00:00
[2021-04-25 08:18:22,061] {logging_mixin.py:104} INFO - Success fetch data from http://jsonplaceholder.typicode.com/todos and write to todo.json
[2021-04-25 08:18:22,062] {python.py:118} INFO - Done. Returned value was: None
[2021-04-25 08:18:22,088] {taskinstance.py:1192} INFO - Marking task as SUCCESS. dag_id=write_file_python_operator, task_id=fetch_and_write_a_file_task, execution_date=20210425T081318, start_date=20210425T081821, end_date=20210425T081822
[2021-04-25 08:18:22,173] {taskinstance.py:1246} INFO - 0 downstream tasks scheduled from follow-on schedule check
[2021-04-25 08:18:22,204] {local_task_job.py:146} INFO - Task exited with return code 0
