[2021-04-25 00:09:14,660] {taskinstance.py:877} INFO - Dependencies all met for <TaskInstance: bash_operator_dag.second_task 2021-04-24T00:00:00+00:00 [queued]>
[2021-04-25 00:09:14,688] {taskinstance.py:877} INFO - Dependencies all met for <TaskInstance: bash_operator_dag.second_task 2021-04-24T00:00:00+00:00 [queued]>
[2021-04-25 00:09:14,688] {taskinstance.py:1068} INFO - 
--------------------------------------------------------------------------------
[2021-04-25 00:09:14,688] {taskinstance.py:1069} INFO - Starting attempt 1 of 3
[2021-04-25 00:09:14,688] {taskinstance.py:1070} INFO - 
--------------------------------------------------------------------------------
[2021-04-25 00:09:14,720] {taskinstance.py:1089} INFO - Executing <Task(BashOperator): second_task> on 2021-04-24T00:00:00+00:00
[2021-04-25 00:09:14,727] {standard_task_runner.py:52} INFO - Started process 1964 to run task
[2021-04-25 00:09:14,735] {standard_task_runner.py:76} INFO - Running: ['airflow', 'tasks', 'run', 'bash_operator_dag', 'second_task', '2021-04-24T00:00:00+00:00', '--job-id', '690', '--pool', 'default_pool', '--raw', '--subdir', 'DAGS_FOLDER/simple_bash_operator_dag.py', '--cfg-path', '/tmp/tmpzcfiy3ic', '--error-file', '/tmp/tmp92f2wzzw']
[2021-04-25 00:09:14,736] {standard_task_runner.py:77} INFO - Job 690: Subtask second_task
[2021-04-25 00:09:14,837] {logging_mixin.py:104} INFO - Running <TaskInstance: bash_operator_dag.second_task 2021-04-24T00:00:00+00:00 [running]> on host 4a00a306afdc
[2021-04-25 00:09:14,941] {taskinstance.py:1283} INFO - Exporting the following env vars:
AIRFLOW_CTX_DAG_OWNER=airflow
AIRFLOW_CTX_DAG_ID=bash_operator_dag
AIRFLOW_CTX_TASK_ID=second_task
AIRFLOW_CTX_EXECUTION_DATE=2021-04-24T00:00:00+00:00
AIRFLOW_CTX_DAG_RUN_ID=scheduled__2021-04-24T00:00:00+00:00
[2021-04-25 00:09:14,943] {bash.py:135} INFO - Tmp dir root location: 
 /tmp
[2021-04-25 00:09:14,945] {bash.py:158} INFO - Running command: echo "testing second bash operator"
[2021-04-25 00:09:14,959] {bash.py:169} INFO - Output:
[2021-04-25 00:09:14,962] {bash.py:173} INFO - testing second bash operator
[2021-04-25 00:09:14,963] {bash.py:177} INFO - Command exited with return code 0
[2021-04-25 00:09:15,035] {taskinstance.py:1192} INFO - Marking task as SUCCESS. dag_id=bash_operator_dag, task_id=second_task, execution_date=20210424T000000, start_date=20210425T000914, end_date=20210425T000915
[2021-04-25 00:09:15,129] {taskinstance.py:1246} INFO - 0 downstream tasks scheduled from follow-on schedule check
[2021-04-25 00:09:15,153] {local_task_job.py:146} INFO - Task exited with return code 0
[2021-04-25 00:40:51,057] {taskinstance.py:877} INFO - Dependencies all met for <TaskInstance: bash_operator_dag.second_task 2021-04-24T00:00:00+00:00 [queued]>
[2021-04-25 00:40:51,073] {taskinstance.py:877} INFO - Dependencies all met for <TaskInstance: bash_operator_dag.second_task 2021-04-24T00:00:00+00:00 [queued]>
[2021-04-25 00:40:51,074] {taskinstance.py:1068} INFO - 
--------------------------------------------------------------------------------
[2021-04-25 00:40:51,074] {taskinstance.py:1069} INFO - Starting attempt 1 of 3
[2021-04-25 00:40:51,074] {taskinstance.py:1070} INFO - 
--------------------------------------------------------------------------------
[2021-04-25 00:40:51,093] {taskinstance.py:1089} INFO - Executing <Task(BashOperator): second_task> on 2021-04-24T00:00:00+00:00
[2021-04-25 00:40:51,098] {standard_task_runner.py:52} INFO - Started process 1976 to run task
[2021-04-25 00:40:51,104] {standard_task_runner.py:76} INFO - Running: ['airflow', 'tasks', 'run', 'bash_operator_dag', 'second_task', '2021-04-24T00:00:00+00:00', '--job-id', '694', '--pool', 'default_pool', '--raw', '--subdir', 'DAGS_FOLDER/simple_bash_operator_dag.py', '--cfg-path', '/tmp/tmpvyxjv9zu', '--error-file', '/tmp/tmpp7cw02j8']
[2021-04-25 00:40:51,105] {standard_task_runner.py:77} INFO - Job 694: Subtask second_task
[2021-04-25 00:40:51,169] {logging_mixin.py:104} INFO - Running <TaskInstance: bash_operator_dag.second_task 2021-04-24T00:00:00+00:00 [running]> on host 4a00a306afdc
[2021-04-25 00:40:51,224] {taskinstance.py:1283} INFO - Exporting the following env vars:
AIRFLOW_CTX_DAG_OWNER=airflow
AIRFLOW_CTX_DAG_ID=bash_operator_dag
AIRFLOW_CTX_TASK_ID=second_task
AIRFLOW_CTX_EXECUTION_DATE=2021-04-24T00:00:00+00:00
AIRFLOW_CTX_DAG_RUN_ID=scheduled__2021-04-24T00:00:00+00:00
[2021-04-25 00:40:51,225] {bash.py:135} INFO - Tmp dir root location: 
 /tmp
[2021-04-25 00:40:51,227] {bash.py:158} INFO - Running command: echo "testing second bash operator"
[2021-04-25 00:40:51,240] {bash.py:169} INFO - Output:
[2021-04-25 00:40:51,241] {bash.py:173} INFO - testing second bash operator
[2021-04-25 00:40:51,242] {bash.py:177} INFO - Command exited with return code 0
[2021-04-25 00:40:51,279] {taskinstance.py:1192} INFO - Marking task as SUCCESS. dag_id=bash_operator_dag, task_id=second_task, execution_date=20210424T000000, start_date=20210425T004051, end_date=20210425T004051
[2021-04-25 00:40:51,314] {taskinstance.py:1246} INFO - 0 downstream tasks scheduled from follow-on schedule check
[2021-04-25 00:40:51,320] {local_task_job.py:146} INFO - Task exited with return code 0
