[2021-04-25 00:07:20,870] {taskinstance.py:877} INFO - Dependencies all met for <TaskInstance: bash_operator_dag.first_task 2021-01-12T00:00:00+00:00 [queued]>
[2021-04-25 00:07:20,914] {taskinstance.py:877} INFO - Dependencies all met for <TaskInstance: bash_operator_dag.first_task 2021-01-12T00:00:00+00:00 [queued]>
[2021-04-25 00:07:20,914] {taskinstance.py:1068} INFO - 
--------------------------------------------------------------------------------
[2021-04-25 00:07:20,915] {taskinstance.py:1069} INFO - Starting attempt 1 of 3
[2021-04-25 00:07:20,915] {taskinstance.py:1070} INFO - 
--------------------------------------------------------------------------------
[2021-04-25 00:07:21,004] {taskinstance.py:1089} INFO - Executing <Task(BashOperator): first_task> on 2021-01-12T00:00:00+00:00
[2021-04-25 00:07:21,021] {standard_task_runner.py:52} INFO - Started process 1355 to run task
[2021-04-25 00:07:21,070] {standard_task_runner.py:76} INFO - Running: ['airflow', 'tasks', 'run', 'bash_operator_dag', 'first_task', '2021-01-12T00:00:00+00:00', '--job-id', '487', '--pool', 'default_pool', '--raw', '--subdir', 'DAGS_FOLDER/simple_bash_operator_dag.py', '--cfg-path', '/tmp/tmp476c06lf', '--error-file', '/tmp/tmprglfymyp']
[2021-04-25 00:07:21,071] {standard_task_runner.py:77} INFO - Job 487: Subtask first_task
[2021-04-25 00:07:21,309] {logging_mixin.py:104} INFO - Running <TaskInstance: bash_operator_dag.first_task 2021-01-12T00:00:00+00:00 [running]> on host 4a00a306afdc
[2021-04-25 00:07:21,456] {taskinstance.py:1283} INFO - Exporting the following env vars:
AIRFLOW_CTX_DAG_OWNER=airflow
AIRFLOW_CTX_DAG_ID=bash_operator_dag
AIRFLOW_CTX_TASK_ID=first_task
AIRFLOW_CTX_EXECUTION_DATE=2021-01-12T00:00:00+00:00
AIRFLOW_CTX_DAG_RUN_ID=scheduled__2021-01-12T00:00:00+00:00
[2021-04-25 00:07:21,458] {bash.py:135} INFO - Tmp dir root location: 
 /tmp
[2021-04-25 00:07:21,460] {bash.py:158} INFO - Running command: echo "testing first bash operator"
[2021-04-25 00:07:21,484] {bash.py:169} INFO - Output:
[2021-04-25 00:07:21,488] {bash.py:173} INFO - testing first bash operator
[2021-04-25 00:07:21,489] {bash.py:177} INFO - Command exited with return code 0
[2021-04-25 00:07:21,604] {taskinstance.py:1192} INFO - Marking task as SUCCESS. dag_id=bash_operator_dag, task_id=first_task, execution_date=20210112T000000, start_date=20210425T000720, end_date=20210425T000721
[2021-04-25 00:07:21,729] {taskinstance.py:1246} INFO - 1 downstream tasks scheduled from follow-on schedule check
[2021-04-25 00:07:21,767] {local_task_job.py:146} INFO - Task exited with return code 0
[2021-04-25 00:43:41,878] {taskinstance.py:877} INFO - Dependencies all met for <TaskInstance: bash_operator_dag.first_task 2021-01-12T00:00:00+00:00 [queued]>
[2021-04-25 00:43:41,957] {taskinstance.py:877} INFO - Dependencies all met for <TaskInstance: bash_operator_dag.first_task 2021-01-12T00:00:00+00:00 [queued]>
[2021-04-25 00:43:41,961] {taskinstance.py:1068} INFO - 
--------------------------------------------------------------------------------
[2021-04-25 00:43:41,961] {taskinstance.py:1069} INFO - Starting attempt 1 of 3
[2021-04-25 00:43:41,961] {taskinstance.py:1070} INFO - 
--------------------------------------------------------------------------------
[2021-04-25 00:43:42,014] {taskinstance.py:1089} INFO - Executing <Task(BashOperator): first_task> on 2021-01-12T00:00:00+00:00
[2021-04-25 00:43:42,028] {standard_task_runner.py:52} INFO - Started process 2047 to run task
[2021-04-25 00:43:42,048] {standard_task_runner.py:76} INFO - Running: ['airflow', 'tasks', 'run', 'bash_operator_dag', 'first_task', '2021-01-12T00:00:00+00:00', '--job-id', '717', '--pool', 'default_pool', '--raw', '--subdir', 'DAGS_FOLDER/simple_bash_operator_dag.py', '--cfg-path', '/tmp/tmpw6rz2u9a', '--error-file', '/tmp/tmp6fid1j6q']
[2021-04-25 00:43:42,049] {standard_task_runner.py:77} INFO - Job 717: Subtask first_task
[2021-04-25 00:43:42,311] {logging_mixin.py:104} INFO - Running <TaskInstance: bash_operator_dag.first_task 2021-01-12T00:00:00+00:00 [running]> on host 4a00a306afdc
[2021-04-25 00:43:42,617] {taskinstance.py:1283} INFO - Exporting the following env vars:
AIRFLOW_CTX_DAG_OWNER=airflow
AIRFLOW_CTX_DAG_ID=bash_operator_dag
AIRFLOW_CTX_TASK_ID=first_task
AIRFLOW_CTX_EXECUTION_DATE=2021-01-12T00:00:00+00:00
AIRFLOW_CTX_DAG_RUN_ID=scheduled__2021-01-12T00:00:00+00:00
[2021-04-25 00:43:42,627] {bash.py:135} INFO - Tmp dir root location: 
 /tmp
[2021-04-25 00:43:42,632] {bash.py:158} INFO - Running command: echo "testing first bash operator"
[2021-04-25 00:43:42,684] {bash.py:169} INFO - Output:
[2021-04-25 00:43:42,699] {bash.py:173} INFO - testing first bash operator
[2021-04-25 00:43:42,702] {bash.py:177} INFO - Command exited with return code 0
[2021-04-25 00:43:42,867] {taskinstance.py:1192} INFO - Marking task as SUCCESS. dag_id=bash_operator_dag, task_id=first_task, execution_date=20210112T000000, start_date=20210425T004341, end_date=20210425T004342
[2021-04-25 00:43:43,066] {taskinstance.py:1246} INFO - 1 downstream tasks scheduled from follow-on schedule check
[2021-04-25 00:43:43,134] {local_task_job.py:146} INFO - Task exited with return code 0
