[2021-04-25 00:07:11,292] {taskinstance.py:877} INFO - Dependencies all met for <TaskInstance: bash_operator_dag.first_task 2021-01-05T00:00:00+00:00 [queued]>
[2021-04-25 00:07:11,364] {taskinstance.py:877} INFO - Dependencies all met for <TaskInstance: bash_operator_dag.first_task 2021-01-05T00:00:00+00:00 [queued]>
[2021-04-25 00:07:11,365] {taskinstance.py:1068} INFO - 
--------------------------------------------------------------------------------
[2021-04-25 00:07:11,365] {taskinstance.py:1069} INFO - Starting attempt 1 of 3
[2021-04-25 00:07:11,365] {taskinstance.py:1070} INFO - 
--------------------------------------------------------------------------------
[2021-04-25 00:07:11,442] {taskinstance.py:1089} INFO - Executing <Task(BashOperator): first_task> on 2021-01-05T00:00:00+00:00
[2021-04-25 00:07:11,488] {standard_task_runner.py:76} INFO - Running: ['airflow', 'tasks', 'run', 'bash_operator_dag', 'first_task', '2021-01-05T00:00:00+00:00', '--job-id', '472', '--pool', 'default_pool', '--raw', '--subdir', 'DAGS_FOLDER/simple_bash_operator_dag.py', '--cfg-path', '/tmp/tmpw67a2lnm', '--error-file', '/tmp/tmpjyttalxa']
[2021-04-25 00:07:11,490] {standard_task_runner.py:77} INFO - Job 472: Subtask first_task
[2021-04-25 00:07:11,458] {standard_task_runner.py:52} INFO - Started process 1312 to run task
[2021-04-25 00:07:11,717] {logging_mixin.py:104} INFO - Running <TaskInstance: bash_operator_dag.first_task 2021-01-05T00:00:00+00:00 [running]> on host 4a00a306afdc
[2021-04-25 00:07:11,885] {taskinstance.py:1283} INFO - Exporting the following env vars:
AIRFLOW_CTX_DAG_OWNER=airflow
AIRFLOW_CTX_DAG_ID=bash_operator_dag
AIRFLOW_CTX_TASK_ID=first_task
AIRFLOW_CTX_EXECUTION_DATE=2021-01-05T00:00:00+00:00
AIRFLOW_CTX_DAG_RUN_ID=scheduled__2021-01-05T00:00:00+00:00
[2021-04-25 00:07:11,886] {bash.py:135} INFO - Tmp dir root location: 
 /tmp
[2021-04-25 00:07:11,889] {bash.py:158} INFO - Running command: echo "testing first bash operator"
[2021-04-25 00:07:11,910] {bash.py:169} INFO - Output:
[2021-04-25 00:07:11,913] {bash.py:173} INFO - testing first bash operator
[2021-04-25 00:07:11,915] {bash.py:177} INFO - Command exited with return code 0
[2021-04-25 00:07:12,049] {taskinstance.py:1192} INFO - Marking task as SUCCESS. dag_id=bash_operator_dag, task_id=first_task, execution_date=20210105T000000, start_date=20210425T000711, end_date=20210425T000712
[2021-04-25 00:07:12,321] {taskinstance.py:1246} INFO - 1 downstream tasks scheduled from follow-on schedule check
[2021-04-25 00:07:12,374] {local_task_job.py:146} INFO - Task exited with return code 0
[2021-04-25 00:43:27,801] {taskinstance.py:877} INFO - Dependencies all met for <TaskInstance: bash_operator_dag.first_task 2021-01-05T00:00:00+00:00 [queued]>
[2021-04-25 00:43:27,842] {taskinstance.py:877} INFO - Dependencies all met for <TaskInstance: bash_operator_dag.first_task 2021-01-05T00:00:00+00:00 [queued]>
[2021-04-25 00:43:27,844] {taskinstance.py:1068} INFO - 
--------------------------------------------------------------------------------
[2021-04-25 00:43:27,845] {taskinstance.py:1069} INFO - Starting attempt 1 of 3
[2021-04-25 00:43:27,847] {taskinstance.py:1070} INFO - 
--------------------------------------------------------------------------------
[2021-04-25 00:43:27,901] {taskinstance.py:1089} INFO - Executing <Task(BashOperator): first_task> on 2021-01-05T00:00:00+00:00
[2021-04-25 00:43:27,921] {standard_task_runner.py:52} INFO - Started process 1986 to run task
[2021-04-25 00:43:27,946] {standard_task_runner.py:76} INFO - Running: ['airflow', 'tasks', 'run', 'bash_operator_dag', 'first_task', '2021-01-05T00:00:00+00:00', '--job-id', '696', '--pool', 'default_pool', '--raw', '--subdir', 'DAGS_FOLDER/simple_bash_operator_dag.py', '--cfg-path', '/tmp/tmp5ryvqaoq', '--error-file', '/tmp/tmpckcgdd3g']
[2021-04-25 00:43:27,948] {standard_task_runner.py:77} INFO - Job 696: Subtask first_task
[2021-04-25 00:43:28,155] {logging_mixin.py:104} INFO - Running <TaskInstance: bash_operator_dag.first_task 2021-01-05T00:00:00+00:00 [running]> on host 4a00a306afdc
[2021-04-25 00:43:28,545] {taskinstance.py:1283} INFO - Exporting the following env vars:
AIRFLOW_CTX_DAG_OWNER=airflow
AIRFLOW_CTX_DAG_ID=bash_operator_dag
AIRFLOW_CTX_TASK_ID=first_task
AIRFLOW_CTX_EXECUTION_DATE=2021-01-05T00:00:00+00:00
AIRFLOW_CTX_DAG_RUN_ID=scheduled__2021-01-05T00:00:00+00:00
[2021-04-25 00:43:28,548] {bash.py:135} INFO - Tmp dir root location: 
 /tmp
[2021-04-25 00:43:28,558] {bash.py:158} INFO - Running command: echo "testing first bash operator"
[2021-04-25 00:43:28,655] {bash.py:169} INFO - Output:
[2021-04-25 00:43:28,675] {bash.py:173} INFO - testing first bash operator
[2021-04-25 00:43:28,676] {bash.py:177} INFO - Command exited with return code 0
[2021-04-25 00:43:29,004] {taskinstance.py:1192} INFO - Marking task as SUCCESS. dag_id=bash_operator_dag, task_id=first_task, execution_date=20210105T000000, start_date=20210425T004327, end_date=20210425T004329
[2021-04-25 00:43:29,404] {taskinstance.py:1246} INFO - 1 downstream tasks scheduled from follow-on schedule check
[2021-04-25 00:43:29,481] {local_task_job.py:146} INFO - Task exited with return code 0
