[2021-04-25 00:07:12,131] {taskinstance.py:877} INFO - Dependencies all met for <TaskInstance: bash_operator_dag.second_task 2021-01-03T00:00:00+00:00 [queued]>
[2021-04-25 00:07:12,209] {taskinstance.py:877} INFO - Dependencies all met for <TaskInstance: bash_operator_dag.second_task 2021-01-03T00:00:00+00:00 [queued]>
[2021-04-25 00:07:12,209] {taskinstance.py:1068} INFO - 
--------------------------------------------------------------------------------
[2021-04-25 00:07:12,209] {taskinstance.py:1069} INFO - Starting attempt 1 of 3
[2021-04-25 00:07:12,210] {taskinstance.py:1070} INFO - 
--------------------------------------------------------------------------------
[2021-04-25 00:07:12,315] {taskinstance.py:1089} INFO - Executing <Task(BashOperator): second_task> on 2021-01-03T00:00:00+00:00
[2021-04-25 00:07:12,326] {standard_task_runner.py:52} INFO - Started process 1319 to run task
[2021-04-25 00:07:12,342] {standard_task_runner.py:76} INFO - Running: ['airflow', 'tasks', 'run', 'bash_operator_dag', 'second_task', '2021-01-03T00:00:00+00:00', '--job-id', '474', '--pool', 'default_pool', '--raw', '--subdir', 'DAGS_FOLDER/simple_bash_operator_dag.py', '--cfg-path', '/tmp/tmp7z49hlox', '--error-file', '/tmp/tmp99wn4fvf']
[2021-04-25 00:07:12,343] {standard_task_runner.py:77} INFO - Job 474: Subtask second_task
[2021-04-25 00:07:12,696] {logging_mixin.py:104} INFO - Running <TaskInstance: bash_operator_dag.second_task 2021-01-03T00:00:00+00:00 [running]> on host 4a00a306afdc
[2021-04-25 00:07:12,891] {taskinstance.py:1283} INFO - Exporting the following env vars:
AIRFLOW_CTX_DAG_OWNER=airflow
AIRFLOW_CTX_DAG_ID=bash_operator_dag
AIRFLOW_CTX_TASK_ID=second_task
AIRFLOW_CTX_EXECUTION_DATE=2021-01-03T00:00:00+00:00
AIRFLOW_CTX_DAG_RUN_ID=scheduled__2021-01-03T00:00:00+00:00
[2021-04-25 00:07:12,894] {bash.py:135} INFO - Tmp dir root location: 
 /tmp
[2021-04-25 00:07:12,901] {bash.py:158} INFO - Running command: echo "testing second bash operator"
[2021-04-25 00:07:12,936] {bash.py:169} INFO - Output:
[2021-04-25 00:07:12,939] {bash.py:173} INFO - testing second bash operator
[2021-04-25 00:07:12,940] {bash.py:177} INFO - Command exited with return code 0
[2021-04-25 00:07:13,067] {taskinstance.py:1192} INFO - Marking task as SUCCESS. dag_id=bash_operator_dag, task_id=second_task, execution_date=20210103T000000, start_date=20210425T000712, end_date=20210425T000713
[2021-04-25 00:07:13,214] {taskinstance.py:1246} INFO - 0 downstream tasks scheduled from follow-on schedule check
[2021-04-25 00:07:13,254] {local_task_job.py:146} INFO - Task exited with return code 0
[2021-04-25 00:43:36,128] {taskinstance.py:877} INFO - Dependencies all met for <TaskInstance: bash_operator_dag.second_task 2021-01-03T00:00:00+00:00 [queued]>
[2021-04-25 00:43:36,196] {taskinstance.py:877} INFO - Dependencies all met for <TaskInstance: bash_operator_dag.second_task 2021-01-03T00:00:00+00:00 [queued]>
[2021-04-25 00:43:36,197] {taskinstance.py:1068} INFO - 
--------------------------------------------------------------------------------
[2021-04-25 00:43:36,201] {taskinstance.py:1069} INFO - Starting attempt 1 of 3
[2021-04-25 00:43:36,201] {taskinstance.py:1070} INFO - 
--------------------------------------------------------------------------------
[2021-04-25 00:43:36,395] {taskinstance.py:1089} INFO - Executing <Task(BashOperator): second_task> on 2021-01-03T00:00:00+00:00
[2021-04-25 00:43:36,432] {standard_task_runner.py:52} INFO - Started process 2017 to run task
[2021-04-25 00:43:36,500] {standard_task_runner.py:76} INFO - Running: ['airflow', 'tasks', 'run', 'bash_operator_dag', 'second_task', '2021-01-03T00:00:00+00:00', '--job-id', '707', '--pool', 'default_pool', '--raw', '--subdir', 'DAGS_FOLDER/simple_bash_operator_dag.py', '--cfg-path', '/tmp/tmpukxo2ims', '--error-file', '/tmp/tmp047qs33o']
[2021-04-25 00:43:36,501] {standard_task_runner.py:77} INFO - Job 707: Subtask second_task
[2021-04-25 00:43:37,327] {logging_mixin.py:104} INFO - Running <TaskInstance: bash_operator_dag.second_task 2021-01-03T00:00:00+00:00 [running]> on host 4a00a306afdc
[2021-04-25 00:43:37,635] {taskinstance.py:1283} INFO - Exporting the following env vars:
AIRFLOW_CTX_DAG_OWNER=airflow
AIRFLOW_CTX_DAG_ID=bash_operator_dag
AIRFLOW_CTX_TASK_ID=second_task
AIRFLOW_CTX_EXECUTION_DATE=2021-01-03T00:00:00+00:00
AIRFLOW_CTX_DAG_RUN_ID=scheduled__2021-01-03T00:00:00+00:00
[2021-04-25 00:43:37,638] {bash.py:135} INFO - Tmp dir root location: 
 /tmp
[2021-04-25 00:43:37,668] {bash.py:158} INFO - Running command: echo "testing second bash operator"
[2021-04-25 00:43:37,700] {bash.py:169} INFO - Output:
[2021-04-25 00:43:37,708] {bash.py:173} INFO - testing second bash operator
[2021-04-25 00:43:37,712] {bash.py:177} INFO - Command exited with return code 0
[2021-04-25 00:43:37,995] {taskinstance.py:1192} INFO - Marking task as SUCCESS. dag_id=bash_operator_dag, task_id=second_task, execution_date=20210103T000000, start_date=20210425T004336, end_date=20210425T004337
[2021-04-25 00:43:38,244] {taskinstance.py:1246} INFO - 0 downstream tasks scheduled from follow-on schedule check
[2021-04-25 00:43:38,288] {local_task_job.py:146} INFO - Task exited with return code 0
