[2021-05-01 04:44:03,496] {scheduler_job.py:182} INFO - Started process (PID=38) to work on /opt/airflow/dags/sensor/file_sensor.py
[2021-05-01 04:44:03,498] {scheduler_job.py:629} INFO - Processing file /opt/airflow/dags/sensor/file_sensor.py for tasks to queue
[2021-05-01 04:44:03,499] {logging_mixin.py:104} INFO - [2021-05-01 04:44:03,499] {dagbag.py:451} INFO - Filling up the DagBag from /opt/airflow/dags/sensor/file_sensor.py
[2021-05-01 04:44:03,619] {scheduler_job.py:639} INFO - DAG(s) dict_keys(['file_sensor_dag']) retrieved from /opt/airflow/dags/sensor/file_sensor.py
[2021-05-01 04:44:03,753] {logging_mixin.py:104} INFO - [2021-05-01 04:44:03,753] {dag.py:1824} INFO - Sync 1 DAGs
[2021-05-01 04:44:03,889] {logging_mixin.py:104} INFO - [2021-05-01 04:44:03,888] {dag.py:2280} INFO - Setting next_dagrun for file_sensor_dag to 2021-05-01T04:36:00+00:00
[2021-05-01 04:44:03,932] {scheduler_job.py:190} INFO - Processing /opt/airflow/dags/sensor/file_sensor.py took 0.451 seconds
[2021-05-01 04:44:34,419] {scheduler_job.py:182} INFO - Started process (PID=72) to work on /opt/airflow/dags/sensor/file_sensor.py
[2021-05-01 04:44:34,424] {scheduler_job.py:629} INFO - Processing file /opt/airflow/dags/sensor/file_sensor.py for tasks to queue
[2021-05-01 04:44:34,428] {logging_mixin.py:104} INFO - [2021-05-01 04:44:34,428] {dagbag.py:451} INFO - Filling up the DagBag from /opt/airflow/dags/sensor/file_sensor.py
[2021-05-01 04:44:34,521] {scheduler_job.py:639} INFO - DAG(s) dict_keys(['file_sensor_dag']) retrieved from /opt/airflow/dags/sensor/file_sensor.py
[2021-05-01 04:44:34,591] {logging_mixin.py:104} INFO - [2021-05-01 04:44:34,591] {dag.py:1824} INFO - Sync 1 DAGs
[2021-05-01 04:44:34,724] {logging_mixin.py:104} INFO - [2021-05-01 04:44:34,724] {dag.py:2280} INFO - Setting next_dagrun for file_sensor_dag to 2021-05-01T04:36:00+00:00
[2021-05-01 04:44:34,758] {scheduler_job.py:190} INFO - Processing /opt/airflow/dags/sensor/file_sensor.py took 0.353 seconds
[2021-05-01 04:45:04,984] {scheduler_job.py:182} INFO - Started process (PID=106) to work on /opt/airflow/dags/sensor/file_sensor.py
[2021-05-01 04:45:04,986] {scheduler_job.py:629} INFO - Processing file /opt/airflow/dags/sensor/file_sensor.py for tasks to queue
[2021-05-01 04:45:04,987] {logging_mixin.py:104} INFO - [2021-05-01 04:45:04,987] {dagbag.py:451} INFO - Filling up the DagBag from /opt/airflow/dags/sensor/file_sensor.py
[2021-05-01 04:45:05,024] {scheduler_job.py:639} INFO - DAG(s) dict_keys(['file_sensor_dag']) retrieved from /opt/airflow/dags/sensor/file_sensor.py
[2021-05-01 04:45:05,066] {logging_mixin.py:104} INFO - [2021-05-01 04:45:05,066] {dag.py:1824} INFO - Sync 1 DAGs
[2021-05-01 04:45:05,120] {logging_mixin.py:104} INFO - [2021-05-01 04:45:05,120] {dag.py:2280} INFO - Setting next_dagrun for file_sensor_dag to 2021-05-01T04:36:00+00:00
[2021-05-01 04:45:05,147] {scheduler_job.py:190} INFO - Processing /opt/airflow/dags/sensor/file_sensor.py took 0.171 seconds
[2021-05-01 04:45:35,278] {scheduler_job.py:182} INFO - Started process (PID=139) to work on /opt/airflow/dags/sensor/file_sensor.py
[2021-05-01 04:45:35,279] {scheduler_job.py:629} INFO - Processing file /opt/airflow/dags/sensor/file_sensor.py for tasks to queue
[2021-05-01 04:45:35,279] {logging_mixin.py:104} INFO - [2021-05-01 04:45:35,279] {dagbag.py:451} INFO - Filling up the DagBag from /opt/airflow/dags/sensor/file_sensor.py
[2021-05-01 04:45:35,290] {scheduler_job.py:639} INFO - DAG(s) dict_keys(['file_sensor_dag']) retrieved from /opt/airflow/dags/sensor/file_sensor.py
[2021-05-01 04:45:35,306] {logging_mixin.py:104} INFO - [2021-05-01 04:45:35,306] {dag.py:1824} INFO - Sync 1 DAGs
[2021-05-01 04:45:35,329] {logging_mixin.py:104} INFO - [2021-05-01 04:45:35,329] {dag.py:2280} INFO - Setting next_dagrun for file_sensor_dag to 2021-05-01T04:36:00+00:00
[2021-05-01 04:45:35,339] {scheduler_job.py:190} INFO - Processing /opt/airflow/dags/sensor/file_sensor.py took 0.064 seconds
[2021-05-01 04:46:05,755] {scheduler_job.py:182} INFO - Started process (PID=172) to work on /opt/airflow/dags/sensor/file_sensor.py
[2021-05-01 04:46:05,756] {scheduler_job.py:629} INFO - Processing file /opt/airflow/dags/sensor/file_sensor.py for tasks to queue
[2021-05-01 04:46:05,756] {logging_mixin.py:104} INFO - [2021-05-01 04:46:05,756] {dagbag.py:451} INFO - Filling up the DagBag from /opt/airflow/dags/sensor/file_sensor.py
[2021-05-01 04:46:05,773] {scheduler_job.py:639} INFO - DAG(s) dict_keys(['file_sensor_dag']) retrieved from /opt/airflow/dags/sensor/file_sensor.py
[2021-05-01 04:46:05,791] {logging_mixin.py:104} INFO - [2021-05-01 04:46:05,791] {dag.py:1824} INFO - Sync 1 DAGs
[2021-05-01 04:46:05,819] {logging_mixin.py:104} INFO - [2021-05-01 04:46:05,819] {dag.py:2280} INFO - Setting next_dagrun for file_sensor_dag to 2021-05-01T04:36:00+00:00
[2021-05-01 04:46:05,830] {scheduler_job.py:190} INFO - Processing /opt/airflow/dags/sensor/file_sensor.py took 0.079 seconds
[2021-05-01 04:46:36,542] {scheduler_job.py:182} INFO - Started process (PID=208) to work on /opt/airflow/dags/sensor/file_sensor.py
[2021-05-01 04:46:36,544] {scheduler_job.py:629} INFO - Processing file /opt/airflow/dags/sensor/file_sensor.py for tasks to queue
[2021-05-01 04:46:36,545] {logging_mixin.py:104} INFO - [2021-05-01 04:46:36,545] {dagbag.py:451} INFO - Filling up the DagBag from /opt/airflow/dags/sensor/file_sensor.py
[2021-05-01 04:46:36,562] {scheduler_job.py:639} INFO - DAG(s) dict_keys(['file_sensor_dag']) retrieved from /opt/airflow/dags/sensor/file_sensor.py
[2021-05-01 04:46:36,588] {logging_mixin.py:104} INFO - [2021-05-01 04:46:36,587] {dag.py:1824} INFO - Sync 1 DAGs
[2021-05-01 04:46:36,615] {logging_mixin.py:104} INFO - [2021-05-01 04:46:36,614] {dag.py:2280} INFO - Setting next_dagrun for file_sensor_dag to 2021-05-01T04:36:00+00:00
[2021-05-01 04:46:36,639] {scheduler_job.py:190} INFO - Processing /opt/airflow/dags/sensor/file_sensor.py took 0.101 seconds
[2021-05-01 04:47:07,202] {scheduler_job.py:182} INFO - Started process (PID=241) to work on /opt/airflow/dags/sensor/file_sensor.py
[2021-05-01 04:47:07,202] {scheduler_job.py:629} INFO - Processing file /opt/airflow/dags/sensor/file_sensor.py for tasks to queue
[2021-05-01 04:47:07,203] {logging_mixin.py:104} INFO - [2021-05-01 04:47:07,203] {dagbag.py:451} INFO - Filling up the DagBag from /opt/airflow/dags/sensor/file_sensor.py
[2021-05-01 04:47:07,215] {scheduler_job.py:639} INFO - DAG(s) dict_keys(['file_sensor_dag']) retrieved from /opt/airflow/dags/sensor/file_sensor.py
[2021-05-01 04:47:07,235] {logging_mixin.py:104} INFO - [2021-05-01 04:47:07,235] {dag.py:1824} INFO - Sync 1 DAGs
[2021-05-01 04:47:07,258] {logging_mixin.py:104} INFO - [2021-05-01 04:47:07,258] {dag.py:2280} INFO - Setting next_dagrun for file_sensor_dag to 2021-05-01T04:36:00+00:00
[2021-05-01 04:47:07,270] {scheduler_job.py:190} INFO - Processing /opt/airflow/dags/sensor/file_sensor.py took 0.071 seconds
[2021-05-01 04:47:38,009] {scheduler_job.py:182} INFO - Started process (PID=274) to work on /opt/airflow/dags/sensor/file_sensor.py
[2021-05-01 04:47:38,010] {scheduler_job.py:629} INFO - Processing file /opt/airflow/dags/sensor/file_sensor.py for tasks to queue
[2021-05-01 04:47:38,011] {logging_mixin.py:104} INFO - [2021-05-01 04:47:38,010] {dagbag.py:451} INFO - Filling up the DagBag from /opt/airflow/dags/sensor/file_sensor.py
[2021-05-01 04:47:38,035] {scheduler_job.py:639} INFO - DAG(s) dict_keys(['file_sensor_dag']) retrieved from /opt/airflow/dags/sensor/file_sensor.py
[2021-05-01 04:47:38,070] {logging_mixin.py:104} INFO - [2021-05-01 04:47:38,070] {dag.py:1824} INFO - Sync 1 DAGs
[2021-05-01 04:47:38,096] {logging_mixin.py:104} INFO - [2021-05-01 04:47:38,096] {dag.py:2280} INFO - Setting next_dagrun for file_sensor_dag to 2021-05-01T04:36:00+00:00
[2021-05-01 04:47:38,106] {scheduler_job.py:190} INFO - Processing /opt/airflow/dags/sensor/file_sensor.py took 0.101 seconds
[2021-05-01 04:48:10,182] {scheduler_job.py:182} INFO - Started process (PID=307) to work on /opt/airflow/dags/sensor/file_sensor.py
[2021-05-01 04:48:10,185] {scheduler_job.py:629} INFO - Processing file /opt/airflow/dags/sensor/file_sensor.py for tasks to queue
[2021-05-01 04:48:10,190] {logging_mixin.py:104} INFO - [2021-05-01 04:48:10,188] {dagbag.py:451} INFO - Filling up the DagBag from /opt/airflow/dags/sensor/file_sensor.py
[2021-05-01 04:48:10,246] {scheduler_job.py:639} INFO - DAG(s) dict_keys(['file_sensor_dag']) retrieved from /opt/airflow/dags/sensor/file_sensor.py
[2021-05-01 04:48:10,313] {logging_mixin.py:104} INFO - [2021-05-01 04:48:10,312] {dag.py:1824} INFO - Sync 1 DAGs
[2021-05-01 04:48:10,431] {logging_mixin.py:104} INFO - [2021-05-01 04:48:10,430] {dag.py:2280} INFO - Setting next_dagrun for file_sensor_dag to 2021-05-01T04:42:00+00:00
[2021-05-01 04:48:10,470] {scheduler_job.py:190} INFO - Processing /opt/airflow/dags/sensor/file_sensor.py took 0.302 seconds
[2021-05-01 04:48:40,719] {scheduler_job.py:182} INFO - Started process (PID=341) to work on /opt/airflow/dags/sensor/file_sensor.py
[2021-05-01 04:48:40,720] {scheduler_job.py:629} INFO - Processing file /opt/airflow/dags/sensor/file_sensor.py for tasks to queue
[2021-05-01 04:48:40,720] {logging_mixin.py:104} INFO - [2021-05-01 04:48:40,720] {dagbag.py:451} INFO - Filling up the DagBag from /opt/airflow/dags/sensor/file_sensor.py
[2021-05-01 04:48:40,732] {scheduler_job.py:639} INFO - DAG(s) dict_keys(['file_sensor_dag']) retrieved from /opt/airflow/dags/sensor/file_sensor.py
[2021-05-01 04:48:40,752] {logging_mixin.py:104} INFO - [2021-05-01 04:48:40,752] {dag.py:1824} INFO - Sync 1 DAGs
[2021-05-01 04:48:40,780] {logging_mixin.py:104} INFO - [2021-05-01 04:48:40,780] {dag.py:2280} INFO - Setting next_dagrun for file_sensor_dag to 2021-05-01T04:42:00+00:00
[2021-05-01 04:48:40,808] {scheduler_job.py:190} INFO - Processing /opt/airflow/dags/sensor/file_sensor.py took 0.092 seconds
[2021-05-01 04:49:11,521] {scheduler_job.py:182} INFO - Started process (PID=373) to work on /opt/airflow/dags/sensor/file_sensor.py
[2021-05-01 04:49:11,523] {scheduler_job.py:629} INFO - Processing file /opt/airflow/dags/sensor/file_sensor.py for tasks to queue
[2021-05-01 04:49:11,523] {logging_mixin.py:104} INFO - [2021-05-01 04:49:11,523] {dagbag.py:451} INFO - Filling up the DagBag from /opt/airflow/dags/sensor/file_sensor.py
[2021-05-01 04:49:11,540] {scheduler_job.py:639} INFO - DAG(s) dict_keys(['file_sensor_dag']) retrieved from /opt/airflow/dags/sensor/file_sensor.py
[2021-05-01 04:49:11,562] {logging_mixin.py:104} INFO - [2021-05-01 04:49:11,562] {dag.py:1824} INFO - Sync 1 DAGs
[2021-05-01 04:49:11,588] {logging_mixin.py:104} INFO - [2021-05-01 04:49:11,588] {dag.py:2280} INFO - Setting next_dagrun for file_sensor_dag to 2021-05-01T04:42:00+00:00
[2021-05-01 04:49:11,606] {scheduler_job.py:190} INFO - Processing /opt/airflow/dags/sensor/file_sensor.py took 0.089 seconds
[2021-05-01 04:49:42,522] {scheduler_job.py:182} INFO - Started process (PID=406) to work on /opt/airflow/dags/sensor/file_sensor.py
[2021-05-01 04:49:42,524] {scheduler_job.py:629} INFO - Processing file /opt/airflow/dags/sensor/file_sensor.py for tasks to queue
[2021-05-01 04:49:42,524] {logging_mixin.py:104} INFO - [2021-05-01 04:49:42,524] {dagbag.py:451} INFO - Filling up the DagBag from /opt/airflow/dags/sensor/file_sensor.py
[2021-05-01 04:49:42,542] {scheduler_job.py:639} INFO - DAG(s) dict_keys(['file_sensor_dag']) retrieved from /opt/airflow/dags/sensor/file_sensor.py
[2021-05-01 04:49:42,565] {logging_mixin.py:104} INFO - [2021-05-01 04:49:42,565] {dag.py:1824} INFO - Sync 1 DAGs
[2021-05-01 04:49:42,592] {logging_mixin.py:104} INFO - [2021-05-01 04:49:42,592] {dag.py:2280} INFO - Setting next_dagrun for file_sensor_dag to 2021-05-01T04:42:00+00:00
[2021-05-01 04:49:42,602] {scheduler_job.py:190} INFO - Processing /opt/airflow/dags/sensor/file_sensor.py took 0.084 seconds
[2021-05-01 04:50:12,629] {scheduler_job.py:182} INFO - Started process (PID=437) to work on /opt/airflow/dags/sensor/file_sensor.py
[2021-05-01 04:50:12,630] {scheduler_job.py:629} INFO - Processing file /opt/airflow/dags/sensor/file_sensor.py for tasks to queue
[2021-05-01 04:50:12,631] {logging_mixin.py:104} INFO - [2021-05-01 04:50:12,631] {dagbag.py:451} INFO - Filling up the DagBag from /opt/airflow/dags/sensor/file_sensor.py
[2021-05-01 04:50:12,646] {scheduler_job.py:639} INFO - DAG(s) dict_keys(['file_sensor_dag']) retrieved from /opt/airflow/dags/sensor/file_sensor.py
[2021-05-01 04:50:12,671] {logging_mixin.py:104} INFO - [2021-05-01 04:50:12,670] {dag.py:1824} INFO - Sync 1 DAGs
[2021-05-01 04:50:12,700] {logging_mixin.py:104} INFO - [2021-05-01 04:50:12,700] {dag.py:2280} INFO - Setting next_dagrun for file_sensor_dag to 2021-05-01T04:42:00+00:00
[2021-05-01 04:50:12,711] {scheduler_job.py:190} INFO - Processing /opt/airflow/dags/sensor/file_sensor.py took 0.087 seconds
[2021-05-01 04:50:43,301] {scheduler_job.py:182} INFO - Started process (PID=472) to work on /opt/airflow/dags/sensor/file_sensor.py
[2021-05-01 04:50:43,302] {scheduler_job.py:629} INFO - Processing file /opt/airflow/dags/sensor/file_sensor.py for tasks to queue
[2021-05-01 04:50:43,303] {logging_mixin.py:104} INFO - [2021-05-01 04:50:43,303] {dagbag.py:451} INFO - Filling up the DagBag from /opt/airflow/dags/sensor/file_sensor.py
[2021-05-01 04:50:43,323] {scheduler_job.py:639} INFO - DAG(s) dict_keys(['file_sensor_dag']) retrieved from /opt/airflow/dags/sensor/file_sensor.py
[2021-05-01 04:50:43,347] {logging_mixin.py:104} INFO - [2021-05-01 04:50:43,347] {dag.py:1824} INFO - Sync 1 DAGs
[2021-05-01 04:50:43,374] {logging_mixin.py:104} INFO - [2021-05-01 04:50:43,374] {dag.py:2280} INFO - Setting next_dagrun for file_sensor_dag to 2021-05-01T04:42:00+00:00
[2021-05-01 04:50:43,384] {scheduler_job.py:190} INFO - Processing /opt/airflow/dags/sensor/file_sensor.py took 0.086 seconds
[2021-05-01 04:51:14,103] {scheduler_job.py:182} INFO - Started process (PID=505) to work on /opt/airflow/dags/sensor/file_sensor.py
[2021-05-01 04:51:14,105] {scheduler_job.py:629} INFO - Processing file /opt/airflow/dags/sensor/file_sensor.py for tasks to queue
[2021-05-01 04:51:14,106] {logging_mixin.py:104} INFO - [2021-05-01 04:51:14,106] {dagbag.py:451} INFO - Filling up the DagBag from /opt/airflow/dags/sensor/file_sensor.py
[2021-05-01 04:51:14,124] {scheduler_job.py:639} INFO - DAG(s) dict_keys(['file_sensor_dag']) retrieved from /opt/airflow/dags/sensor/file_sensor.py
[2021-05-01 04:51:14,147] {logging_mixin.py:104} INFO - [2021-05-01 04:51:14,147] {dag.py:1824} INFO - Sync 1 DAGs
[2021-05-01 04:51:14,184] {logging_mixin.py:104} INFO - [2021-05-01 04:51:14,184] {dag.py:2280} INFO - Setting next_dagrun for file_sensor_dag to 2021-05-01T04:42:00+00:00
[2021-05-01 04:51:14,195] {scheduler_job.py:190} INFO - Processing /opt/airflow/dags/sensor/file_sensor.py took 0.095 seconds
[2021-05-01 04:51:44,954] {scheduler_job.py:182} INFO - Started process (PID=538) to work on /opt/airflow/dags/sensor/file_sensor.py
[2021-05-01 04:51:44,955] {scheduler_job.py:629} INFO - Processing file /opt/airflow/dags/sensor/file_sensor.py for tasks to queue
[2021-05-01 04:51:44,957] {logging_mixin.py:104} INFO - [2021-05-01 04:51:44,956] {dagbag.py:451} INFO - Filling up the DagBag from /opt/airflow/dags/sensor/file_sensor.py
[2021-05-01 04:51:44,971] {scheduler_job.py:639} INFO - DAG(s) dict_keys(['file_sensor_dag']) retrieved from /opt/airflow/dags/sensor/file_sensor.py
[2021-05-01 04:51:44,993] {logging_mixin.py:104} INFO - [2021-05-01 04:51:44,993] {dag.py:1824} INFO - Sync 1 DAGs
[2021-05-01 04:51:45,018] {logging_mixin.py:104} INFO - [2021-05-01 04:51:45,018] {dag.py:2280} INFO - Setting next_dagrun for file_sensor_dag to 2021-05-01T04:42:00+00:00
[2021-05-01 04:51:45,033] {scheduler_job.py:190} INFO - Processing /opt/airflow/dags/sensor/file_sensor.py took 0.083 seconds
[2021-05-01 04:52:15,863] {scheduler_job.py:182} INFO - Started process (PID=571) to work on /opt/airflow/dags/sensor/file_sensor.py
[2021-05-01 04:52:15,866] {scheduler_job.py:629} INFO - Processing file /opt/airflow/dags/sensor/file_sensor.py for tasks to queue
[2021-05-01 04:52:15,867] {logging_mixin.py:104} INFO - [2021-05-01 04:52:15,867] {dagbag.py:451} INFO - Filling up the DagBag from /opt/airflow/dags/sensor/file_sensor.py
[2021-05-01 04:52:15,905] {scheduler_job.py:639} INFO - DAG(s) dict_keys(['file_sensor_dag']) retrieved from /opt/airflow/dags/sensor/file_sensor.py
[2021-05-01 04:52:15,969] {logging_mixin.py:104} INFO - [2021-05-01 04:52:15,969] {dag.py:1824} INFO - Sync 1 DAGs
[2021-05-01 04:52:16,023] {logging_mixin.py:104} INFO - [2021-05-01 04:52:16,023] {dag.py:2280} INFO - Setting next_dagrun for file_sensor_dag to 2021-05-01T04:42:00+00:00
[2021-05-01 04:52:16,062] {scheduler_job.py:190} INFO - Processing /opt/airflow/dags/sensor/file_sensor.py took 0.209 seconds
[2021-05-01 04:52:46,288] {scheduler_job.py:182} INFO - Started process (PID=604) to work on /opt/airflow/dags/sensor/file_sensor.py
[2021-05-01 04:52:46,289] {scheduler_job.py:629} INFO - Processing file /opt/airflow/dags/sensor/file_sensor.py for tasks to queue
[2021-05-01 04:52:46,290] {logging_mixin.py:104} INFO - [2021-05-01 04:52:46,290] {dagbag.py:451} INFO - Filling up the DagBag from /opt/airflow/dags/sensor/file_sensor.py
[2021-05-01 04:52:46,304] {scheduler_job.py:639} INFO - DAG(s) dict_keys(['file_sensor_dag']) retrieved from /opt/airflow/dags/sensor/file_sensor.py
[2021-05-01 04:52:46,326] {logging_mixin.py:104} INFO - [2021-05-01 04:52:46,326] {dag.py:1824} INFO - Sync 1 DAGs
[2021-05-01 04:52:46,350] {logging_mixin.py:104} INFO - [2021-05-01 04:52:46,350] {dag.py:2280} INFO - Setting next_dagrun for file_sensor_dag to 2021-05-01T04:42:00+00:00
[2021-05-01 04:52:46,362] {scheduler_job.py:190} INFO - Processing /opt/airflow/dags/sensor/file_sensor.py took 0.077 seconds
[2021-05-01 04:53:17,109] {scheduler_job.py:182} INFO - Started process (PID=637) to work on /opt/airflow/dags/sensor/file_sensor.py
[2021-05-01 04:53:17,111] {scheduler_job.py:629} INFO - Processing file /opt/airflow/dags/sensor/file_sensor.py for tasks to queue
[2021-05-01 04:53:17,111] {logging_mixin.py:104} INFO - [2021-05-01 04:53:17,111] {dagbag.py:451} INFO - Filling up the DagBag from /opt/airflow/dags/sensor/file_sensor.py
[2021-05-01 04:53:17,128] {scheduler_job.py:639} INFO - DAG(s) dict_keys(['file_sensor_dag']) retrieved from /opt/airflow/dags/sensor/file_sensor.py
[2021-05-01 04:53:17,151] {logging_mixin.py:104} INFO - [2021-05-01 04:53:17,151] {dag.py:1824} INFO - Sync 1 DAGs
[2021-05-01 04:53:17,179] {logging_mixin.py:104} INFO - [2021-05-01 04:53:17,179] {dag.py:2280} INFO - Setting next_dagrun for file_sensor_dag to 2021-05-01T04:42:00+00:00
[2021-05-01 04:53:17,190] {scheduler_job.py:190} INFO - Processing /opt/airflow/dags/sensor/file_sensor.py took 0.084 seconds
[2021-05-01 04:53:47,796] {scheduler_job.py:182} INFO - Started process (PID=670) to work on /opt/airflow/dags/sensor/file_sensor.py
[2021-05-01 04:53:47,797] {scheduler_job.py:629} INFO - Processing file /opt/airflow/dags/sensor/file_sensor.py for tasks to queue
[2021-05-01 04:53:47,798] {logging_mixin.py:104} INFO - [2021-05-01 04:53:47,798] {dagbag.py:451} INFO - Filling up the DagBag from /opt/airflow/dags/sensor/file_sensor.py
[2021-05-01 04:53:47,814] {scheduler_job.py:639} INFO - DAG(s) dict_keys(['file_sensor_dag']) retrieved from /opt/airflow/dags/sensor/file_sensor.py
[2021-05-01 04:53:47,837] {logging_mixin.py:104} INFO - [2021-05-01 04:53:47,837] {dag.py:1824} INFO - Sync 1 DAGs
[2021-05-01 04:53:47,866] {logging_mixin.py:104} INFO - [2021-05-01 04:53:47,866] {dag.py:2280} INFO - Setting next_dagrun for file_sensor_dag to 2021-05-01T04:42:00+00:00
[2021-05-01 04:53:47,877] {scheduler_job.py:190} INFO - Processing /opt/airflow/dags/sensor/file_sensor.py took 0.085 seconds
[2021-05-01 04:54:18,570] {scheduler_job.py:182} INFO - Started process (PID=703) to work on /opt/airflow/dags/sensor/file_sensor.py
[2021-05-01 04:54:18,571] {scheduler_job.py:629} INFO - Processing file /opt/airflow/dags/sensor/file_sensor.py for tasks to queue
[2021-05-01 04:54:18,572] {logging_mixin.py:104} INFO - [2021-05-01 04:54:18,572] {dagbag.py:451} INFO - Filling up the DagBag from /opt/airflow/dags/sensor/file_sensor.py
[2021-05-01 04:54:18,586] {scheduler_job.py:639} INFO - DAG(s) dict_keys(['file_sensor_dag']) retrieved from /opt/airflow/dags/sensor/file_sensor.py
[2021-05-01 04:54:18,613] {logging_mixin.py:104} INFO - [2021-05-01 04:54:18,613] {dag.py:1824} INFO - Sync 1 DAGs
[2021-05-01 04:54:18,646] {logging_mixin.py:104} INFO - [2021-05-01 04:54:18,646] {dag.py:2280} INFO - Setting next_dagrun for file_sensor_dag to 2021-05-01T04:48:00+00:00
[2021-05-01 04:54:18,658] {scheduler_job.py:190} INFO - Processing /opt/airflow/dags/sensor/file_sensor.py took 0.091 seconds
[2021-05-01 04:54:49,351] {scheduler_job.py:182} INFO - Started process (PID=736) to work on /opt/airflow/dags/sensor/file_sensor.py
[2021-05-01 04:54:49,352] {scheduler_job.py:629} INFO - Processing file /opt/airflow/dags/sensor/file_sensor.py for tasks to queue
[2021-05-01 04:54:49,354] {logging_mixin.py:104} INFO - [2021-05-01 04:54:49,353] {dagbag.py:451} INFO - Filling up the DagBag from /opt/airflow/dags/sensor/file_sensor.py
[2021-05-01 04:54:49,375] {scheduler_job.py:639} INFO - DAG(s) dict_keys(['file_sensor_dag']) retrieved from /opt/airflow/dags/sensor/file_sensor.py
[2021-05-01 04:54:49,406] {logging_mixin.py:104} INFO - [2021-05-01 04:54:49,405] {dag.py:1824} INFO - Sync 1 DAGs
[2021-05-01 04:54:49,433] {logging_mixin.py:104} INFO - [2021-05-01 04:54:49,433] {dag.py:2280} INFO - Setting next_dagrun for file_sensor_dag to 2021-05-01T04:48:00+00:00
[2021-05-01 04:54:49,446] {scheduler_job.py:190} INFO - Processing /opt/airflow/dags/sensor/file_sensor.py took 0.099 seconds
[2021-05-01 04:55:20,034] {scheduler_job.py:182} INFO - Started process (PID=769) to work on /opt/airflow/dags/sensor/file_sensor.py
[2021-05-01 04:55:20,035] {scheduler_job.py:629} INFO - Processing file /opt/airflow/dags/sensor/file_sensor.py for tasks to queue
[2021-05-01 04:55:20,036] {logging_mixin.py:104} INFO - [2021-05-01 04:55:20,036] {dagbag.py:451} INFO - Filling up the DagBag from /opt/airflow/dags/sensor/file_sensor.py
[2021-05-01 04:55:20,052] {scheduler_job.py:639} INFO - DAG(s) dict_keys(['file_sensor_dag']) retrieved from /opt/airflow/dags/sensor/file_sensor.py
[2021-05-01 04:55:20,074] {logging_mixin.py:104} INFO - [2021-05-01 04:55:20,073] {dag.py:1824} INFO - Sync 1 DAGs
[2021-05-01 04:55:20,112] {logging_mixin.py:104} INFO - [2021-05-01 04:55:20,112] {dag.py:2280} INFO - Setting next_dagrun for file_sensor_dag to 2021-05-01T04:48:00+00:00
[2021-05-01 04:55:20,127] {scheduler_job.py:190} INFO - Processing /opt/airflow/dags/sensor/file_sensor.py took 0.096 seconds
[2021-05-01 04:55:50,871] {scheduler_job.py:182} INFO - Started process (PID=802) to work on /opt/airflow/dags/sensor/file_sensor.py
[2021-05-01 04:55:50,873] {scheduler_job.py:629} INFO - Processing file /opt/airflow/dags/sensor/file_sensor.py for tasks to queue
[2021-05-01 04:55:50,873] {logging_mixin.py:104} INFO - [2021-05-01 04:55:50,873] {dagbag.py:451} INFO - Filling up the DagBag from /opt/airflow/dags/sensor/file_sensor.py
[2021-05-01 04:55:50,898] {scheduler_job.py:639} INFO - DAG(s) dict_keys(['file_sensor_dag']) retrieved from /opt/airflow/dags/sensor/file_sensor.py
[2021-05-01 04:55:50,918] {logging_mixin.py:104} INFO - [2021-05-01 04:55:50,918] {dag.py:1824} INFO - Sync 1 DAGs
[2021-05-01 04:55:50,947] {logging_mixin.py:104} INFO - [2021-05-01 04:55:50,947] {dag.py:2280} INFO - Setting next_dagrun for file_sensor_dag to 2021-05-01T04:48:00+00:00
[2021-05-01 04:55:50,960] {scheduler_job.py:190} INFO - Processing /opt/airflow/dags/sensor/file_sensor.py took 0.092 seconds
[2021-05-01 04:56:21,594] {scheduler_job.py:182} INFO - Started process (PID=835) to work on /opt/airflow/dags/sensor/file_sensor.py
[2021-05-01 04:56:21,597] {scheduler_job.py:629} INFO - Processing file /opt/airflow/dags/sensor/file_sensor.py for tasks to queue
[2021-05-01 04:56:21,598] {logging_mixin.py:104} INFO - [2021-05-01 04:56:21,598] {dagbag.py:451} INFO - Filling up the DagBag from /opt/airflow/dags/sensor/file_sensor.py
[2021-05-01 04:56:21,617] {scheduler_job.py:639} INFO - DAG(s) dict_keys(['file_sensor_dag']) retrieved from /opt/airflow/dags/sensor/file_sensor.py
[2021-05-01 04:56:21,642] {logging_mixin.py:104} INFO - [2021-05-01 04:56:21,642] {dag.py:1824} INFO - Sync 1 DAGs
[2021-05-01 04:56:21,671] {logging_mixin.py:104} INFO - [2021-05-01 04:56:21,671] {dag.py:2280} INFO - Setting next_dagrun for file_sensor_dag to 2021-05-01T04:48:00+00:00
[2021-05-01 04:56:21,683] {scheduler_job.py:190} INFO - Processing /opt/airflow/dags/sensor/file_sensor.py took 0.093 seconds
[2021-05-01 04:56:52,387] {scheduler_job.py:182} INFO - Started process (PID=868) to work on /opt/airflow/dags/sensor/file_sensor.py
[2021-05-01 04:56:52,389] {scheduler_job.py:629} INFO - Processing file /opt/airflow/dags/sensor/file_sensor.py for tasks to queue
[2021-05-01 04:56:52,390] {logging_mixin.py:104} INFO - [2021-05-01 04:56:52,390] {dagbag.py:451} INFO - Filling up the DagBag from /opt/airflow/dags/sensor/file_sensor.py
[2021-05-01 04:56:52,412] {scheduler_job.py:639} INFO - DAG(s) dict_keys(['file_sensor_dag']) retrieved from /opt/airflow/dags/sensor/file_sensor.py
[2021-05-01 04:56:52,435] {logging_mixin.py:104} INFO - [2021-05-01 04:56:52,435] {dag.py:1824} INFO - Sync 1 DAGs
[2021-05-01 04:56:52,466] {logging_mixin.py:104} INFO - [2021-05-01 04:56:52,466] {dag.py:2280} INFO - Setting next_dagrun for file_sensor_dag to 2021-05-01T04:48:00+00:00
[2021-05-01 04:56:52,476] {scheduler_job.py:190} INFO - Processing /opt/airflow/dags/sensor/file_sensor.py took 0.093 seconds
[2021-05-01 04:57:23,043] {scheduler_job.py:182} INFO - Started process (PID=901) to work on /opt/airflow/dags/sensor/file_sensor.py
[2021-05-01 04:57:23,045] {scheduler_job.py:629} INFO - Processing file /opt/airflow/dags/sensor/file_sensor.py for tasks to queue
[2021-05-01 04:57:23,046] {logging_mixin.py:104} INFO - [2021-05-01 04:57:23,045] {dagbag.py:451} INFO - Filling up the DagBag from /opt/airflow/dags/sensor/file_sensor.py
[2021-05-01 04:57:23,072] {scheduler_job.py:639} INFO - DAG(s) dict_keys(['file_sensor_dag']) retrieved from /opt/airflow/dags/sensor/file_sensor.py
[2021-05-01 04:57:23,098] {logging_mixin.py:104} INFO - [2021-05-01 04:57:23,098] {dag.py:1824} INFO - Sync 1 DAGs
[2021-05-01 04:57:23,125] {logging_mixin.py:104} INFO - [2021-05-01 04:57:23,125] {dag.py:2280} INFO - Setting next_dagrun for file_sensor_dag to 2021-05-01T04:48:00+00:00
[2021-05-01 04:57:23,136] {scheduler_job.py:190} INFO - Processing /opt/airflow/dags/sensor/file_sensor.py took 0.098 seconds
[2021-05-01 04:57:54,156] {scheduler_job.py:182} INFO - Started process (PID=934) to work on /opt/airflow/dags/sensor/file_sensor.py
[2021-05-01 04:57:54,160] {scheduler_job.py:629} INFO - Processing file /opt/airflow/dags/sensor/file_sensor.py for tasks to queue
[2021-05-01 04:57:54,161] {logging_mixin.py:104} INFO - [2021-05-01 04:57:54,161] {dagbag.py:451} INFO - Filling up the DagBag from /opt/airflow/dags/sensor/file_sensor.py
[2021-05-01 04:57:54,189] {scheduler_job.py:639} INFO - DAG(s) dict_keys(['file_sensor_dag']) retrieved from /opt/airflow/dags/sensor/file_sensor.py
[2021-05-01 04:57:54,226] {logging_mixin.py:104} INFO - [2021-05-01 04:57:54,225] {dag.py:1824} INFO - Sync 1 DAGs
[2021-05-01 04:57:54,291] {logging_mixin.py:104} INFO - [2021-05-01 04:57:54,290] {dag.py:2280} INFO - Setting next_dagrun for file_sensor_dag to 2021-05-01T04:48:00+00:00
[2021-05-01 04:57:54,312] {scheduler_job.py:190} INFO - Processing /opt/airflow/dags/sensor/file_sensor.py took 0.159 seconds
[2021-05-01 04:58:24,393] {scheduler_job.py:182} INFO - Started process (PID=967) to work on /opt/airflow/dags/sensor/file_sensor.py
[2021-05-01 04:58:24,395] {scheduler_job.py:629} INFO - Processing file /opt/airflow/dags/sensor/file_sensor.py for tasks to queue
[2021-05-01 04:58:24,396] {logging_mixin.py:104} INFO - [2021-05-01 04:58:24,396] {dagbag.py:451} INFO - Filling up the DagBag from /opt/airflow/dags/sensor/file_sensor.py
[2021-05-01 04:58:24,419] {scheduler_job.py:639} INFO - DAG(s) dict_keys(['file_sensor_dag']) retrieved from /opt/airflow/dags/sensor/file_sensor.py
[2021-05-01 04:58:24,441] {logging_mixin.py:104} INFO - [2021-05-01 04:58:24,441] {dag.py:1824} INFO - Sync 1 DAGs
[2021-05-01 04:58:24,470] {logging_mixin.py:104} INFO - [2021-05-01 04:58:24,470] {dag.py:2280} INFO - Setting next_dagrun for file_sensor_dag to 2021-05-01T04:48:00+00:00
[2021-05-01 04:58:24,482] {scheduler_job.py:190} INFO - Processing /opt/airflow/dags/sensor/file_sensor.py took 0.095 seconds
[2021-05-01 04:58:54,532] {scheduler_job.py:182} INFO - Started process (PID=1000) to work on /opt/airflow/dags/sensor/file_sensor.py
[2021-05-01 04:58:54,533] {scheduler_job.py:629} INFO - Processing file /opt/airflow/dags/sensor/file_sensor.py for tasks to queue
[2021-05-01 04:58:54,534] {logging_mixin.py:104} INFO - [2021-05-01 04:58:54,534] {dagbag.py:451} INFO - Filling up the DagBag from /opt/airflow/dags/sensor/file_sensor.py
[2021-05-01 04:58:54,546] {scheduler_job.py:639} INFO - DAG(s) dict_keys(['file_sensor_dag']) retrieved from /opt/airflow/dags/sensor/file_sensor.py
[2021-05-01 04:58:54,570] {logging_mixin.py:104} INFO - [2021-05-01 04:58:54,570] {dag.py:1824} INFO - Sync 1 DAGs
[2021-05-01 04:58:54,596] {logging_mixin.py:104} INFO - [2021-05-01 04:58:54,596] {dag.py:2280} INFO - Setting next_dagrun for file_sensor_dag to 2021-05-01T04:48:00+00:00
[2021-05-01 04:58:54,609] {scheduler_job.py:190} INFO - Processing /opt/airflow/dags/sensor/file_sensor.py took 0.080 seconds
[2021-05-01 04:59:24,675] {scheduler_job.py:182} INFO - Started process (PID=1033) to work on /opt/airflow/dags/sensor/file_sensor.py
[2021-05-01 04:59:24,676] {scheduler_job.py:629} INFO - Processing file /opt/airflow/dags/sensor/file_sensor.py for tasks to queue
[2021-05-01 04:59:24,677] {logging_mixin.py:104} INFO - [2021-05-01 04:59:24,676] {dagbag.py:451} INFO - Filling up the DagBag from /opt/airflow/dags/sensor/file_sensor.py
[2021-05-01 04:59:24,695] {scheduler_job.py:639} INFO - DAG(s) dict_keys(['file_sensor_dag']) retrieved from /opt/airflow/dags/sensor/file_sensor.py
[2021-05-01 04:59:24,719] {logging_mixin.py:104} INFO - [2021-05-01 04:59:24,719] {dag.py:1824} INFO - Sync 1 DAGs
[2021-05-01 04:59:24,760] {logging_mixin.py:104} INFO - [2021-05-01 04:59:24,759] {dag.py:2280} INFO - Setting next_dagrun for file_sensor_dag to 2021-05-01T04:48:00+00:00
[2021-05-01 04:59:24,773] {scheduler_job.py:190} INFO - Processing /opt/airflow/dags/sensor/file_sensor.py took 0.101 seconds
[2021-05-01 04:59:54,849] {scheduler_job.py:182} INFO - Started process (PID=1066) to work on /opt/airflow/dags/sensor/file_sensor.py
[2021-05-01 04:59:54,850] {scheduler_job.py:629} INFO - Processing file /opt/airflow/dags/sensor/file_sensor.py for tasks to queue
[2021-05-01 04:59:54,850] {logging_mixin.py:104} INFO - [2021-05-01 04:59:54,850] {dagbag.py:451} INFO - Filling up the DagBag from /opt/airflow/dags/sensor/file_sensor.py
[2021-05-01 04:59:54,863] {scheduler_job.py:639} INFO - DAG(s) dict_keys(['file_sensor_dag']) retrieved from /opt/airflow/dags/sensor/file_sensor.py
[2021-05-01 04:59:54,886] {logging_mixin.py:104} INFO - [2021-05-01 04:59:54,886] {dag.py:1824} INFO - Sync 1 DAGs
[2021-05-01 04:59:54,911] {logging_mixin.py:104} INFO - [2021-05-01 04:59:54,911] {dag.py:2280} INFO - Setting next_dagrun for file_sensor_dag to 2021-05-01T04:48:00+00:00
[2021-05-01 04:59:54,921] {scheduler_job.py:190} INFO - Processing /opt/airflow/dags/sensor/file_sensor.py took 0.075 seconds
[2021-05-01 05:00:26,035] {scheduler_job.py:182} INFO - Started process (PID=1102) to work on /opt/airflow/dags/sensor/file_sensor.py
[2021-05-01 05:00:26,035] {scheduler_job.py:629} INFO - Processing file /opt/airflow/dags/sensor/file_sensor.py for tasks to queue
[2021-05-01 05:00:26,036] {logging_mixin.py:104} INFO - [2021-05-01 05:00:26,036] {dagbag.py:451} INFO - Filling up the DagBag from /opt/airflow/dags/sensor/file_sensor.py
[2021-05-01 05:00:26,048] {scheduler_job.py:639} INFO - DAG(s) dict_keys(['file_sensor_dag']) retrieved from /opt/airflow/dags/sensor/file_sensor.py
[2021-05-01 05:00:26,071] {logging_mixin.py:104} INFO - [2021-05-01 05:00:26,071] {dag.py:1824} INFO - Sync 1 DAGs
[2021-05-01 05:00:26,098] {logging_mixin.py:104} INFO - [2021-05-01 05:00:26,098] {dag.py:2280} INFO - Setting next_dagrun for file_sensor_dag to 2021-05-01T04:54:00+00:00
[2021-05-01 05:00:26,109] {scheduler_job.py:190} INFO - Processing /opt/airflow/dags/sensor/file_sensor.py took 0.077 seconds
[2021-05-01 05:00:56,753] {scheduler_job.py:182} INFO - Started process (PID=1135) to work on /opt/airflow/dags/sensor/file_sensor.py
[2021-05-01 05:00:56,754] {scheduler_job.py:629} INFO - Processing file /opt/airflow/dags/sensor/file_sensor.py for tasks to queue
[2021-05-01 05:00:56,755] {logging_mixin.py:104} INFO - [2021-05-01 05:00:56,755] {dagbag.py:451} INFO - Filling up the DagBag from /opt/airflow/dags/sensor/file_sensor.py
[2021-05-01 05:00:56,774] {scheduler_job.py:639} INFO - DAG(s) dict_keys(['file_sensor_dag']) retrieved from /opt/airflow/dags/sensor/file_sensor.py
[2021-05-01 05:00:56,797] {logging_mixin.py:104} INFO - [2021-05-01 05:00:56,797] {dag.py:1824} INFO - Sync 1 DAGs
[2021-05-01 05:00:56,833] {logging_mixin.py:104} INFO - [2021-05-01 05:00:56,833] {dag.py:2280} INFO - Setting next_dagrun for file_sensor_dag to 2021-05-01T04:54:00+00:00
[2021-05-01 05:00:56,850] {scheduler_job.py:190} INFO - Processing /opt/airflow/dags/sensor/file_sensor.py took 0.100 seconds
[2021-05-01 05:01:27,460] {scheduler_job.py:182} INFO - Started process (PID=1168) to work on /opt/airflow/dags/sensor/file_sensor.py
[2021-05-01 05:01:27,463] {scheduler_job.py:629} INFO - Processing file /opt/airflow/dags/sensor/file_sensor.py for tasks to queue
[2021-05-01 05:01:27,464] {logging_mixin.py:104} INFO - [2021-05-01 05:01:27,464] {dagbag.py:451} INFO - Filling up the DagBag from /opt/airflow/dags/sensor/file_sensor.py
[2021-05-01 05:01:27,477] {scheduler_job.py:639} INFO - DAG(s) dict_keys(['file_sensor_dag']) retrieved from /opt/airflow/dags/sensor/file_sensor.py
[2021-05-01 05:01:27,497] {logging_mixin.py:104} INFO - [2021-05-01 05:01:27,497] {dag.py:1824} INFO - Sync 1 DAGs
[2021-05-01 05:01:27,522] {logging_mixin.py:104} INFO - [2021-05-01 05:01:27,522] {dag.py:2280} INFO - Setting next_dagrun for file_sensor_dag to 2021-05-01T04:54:00+00:00
[2021-05-01 05:01:27,534] {scheduler_job.py:190} INFO - Processing /opt/airflow/dags/sensor/file_sensor.py took 0.077 seconds
[2021-05-01 05:01:58,305] {scheduler_job.py:182} INFO - Started process (PID=1202) to work on /opt/airflow/dags/sensor/file_sensor.py
[2021-05-01 05:01:58,307] {scheduler_job.py:629} INFO - Processing file /opt/airflow/dags/sensor/file_sensor.py for tasks to queue
[2021-05-01 05:01:58,308] {logging_mixin.py:104} INFO - [2021-05-01 05:01:58,307] {dagbag.py:451} INFO - Filling up the DagBag from /opt/airflow/dags/sensor/file_sensor.py
[2021-05-01 05:01:58,322] {scheduler_job.py:639} INFO - DAG(s) dict_keys(['file_sensor_dag']) retrieved from /opt/airflow/dags/sensor/file_sensor.py
[2021-05-01 05:01:58,344] {logging_mixin.py:104} INFO - [2021-05-01 05:01:58,344] {dag.py:1824} INFO - Sync 1 DAGs
[2021-05-01 05:01:58,367] {logging_mixin.py:104} INFO - [2021-05-01 05:01:58,367] {dag.py:2280} INFO - Setting next_dagrun for file_sensor_dag to 2021-05-01T04:54:00+00:00
[2021-05-01 05:01:58,379] {scheduler_job.py:190} INFO - Processing /opt/airflow/dags/sensor/file_sensor.py took 0.077 seconds
[2021-05-01 05:02:29,047] {scheduler_job.py:182} INFO - Started process (PID=1235) to work on /opt/airflow/dags/sensor/file_sensor.py
[2021-05-01 05:02:29,048] {scheduler_job.py:629} INFO - Processing file /opt/airflow/dags/sensor/file_sensor.py for tasks to queue
[2021-05-01 05:02:29,049] {logging_mixin.py:104} INFO - [2021-05-01 05:02:29,049] {dagbag.py:451} INFO - Filling up the DagBag from /opt/airflow/dags/sensor/file_sensor.py
[2021-05-01 05:02:29,060] {scheduler_job.py:639} INFO - DAG(s) dict_keys(['file_sensor_dag']) retrieved from /opt/airflow/dags/sensor/file_sensor.py
[2021-05-01 05:02:29,079] {logging_mixin.py:104} INFO - [2021-05-01 05:02:29,079] {dag.py:1824} INFO - Sync 1 DAGs
[2021-05-01 05:02:29,109] {logging_mixin.py:104} INFO - [2021-05-01 05:02:29,109] {dag.py:2280} INFO - Setting next_dagrun for file_sensor_dag to 2021-05-01T04:54:00+00:00
[2021-05-01 05:02:29,120] {scheduler_job.py:190} INFO - Processing /opt/airflow/dags/sensor/file_sensor.py took 0.075 seconds
[2021-05-01 05:02:59,713] {scheduler_job.py:182} INFO - Started process (PID=1268) to work on /opt/airflow/dags/sensor/file_sensor.py
[2021-05-01 05:02:59,714] {scheduler_job.py:629} INFO - Processing file /opt/airflow/dags/sensor/file_sensor.py for tasks to queue
[2021-05-01 05:02:59,715] {logging_mixin.py:104} INFO - [2021-05-01 05:02:59,715] {dagbag.py:451} INFO - Filling up the DagBag from /opt/airflow/dags/sensor/file_sensor.py
[2021-05-01 05:02:59,731] {scheduler_job.py:639} INFO - DAG(s) dict_keys(['file_sensor_dag']) retrieved from /opt/airflow/dags/sensor/file_sensor.py
[2021-05-01 05:02:59,754] {logging_mixin.py:104} INFO - [2021-05-01 05:02:59,754] {dag.py:1824} INFO - Sync 1 DAGs
[2021-05-01 05:02:59,783] {logging_mixin.py:104} INFO - [2021-05-01 05:02:59,783] {dag.py:2280} INFO - Setting next_dagrun for file_sensor_dag to 2021-05-01T04:54:00+00:00
[2021-05-01 05:02:59,794] {scheduler_job.py:190} INFO - Processing /opt/airflow/dags/sensor/file_sensor.py took 0.084 seconds
[2021-05-01 05:03:30,513] {scheduler_job.py:182} INFO - Started process (PID=1301) to work on /opt/airflow/dags/sensor/file_sensor.py
[2021-05-01 05:03:30,515] {scheduler_job.py:629} INFO - Processing file /opt/airflow/dags/sensor/file_sensor.py for tasks to queue
[2021-05-01 05:03:30,516] {logging_mixin.py:104} INFO - [2021-05-01 05:03:30,515] {dagbag.py:451} INFO - Filling up the DagBag from /opt/airflow/dags/sensor/file_sensor.py
[2021-05-01 05:03:30,533] {scheduler_job.py:639} INFO - DAG(s) dict_keys(['file_sensor_dag']) retrieved from /opt/airflow/dags/sensor/file_sensor.py
[2021-05-01 05:03:30,554] {logging_mixin.py:104} INFO - [2021-05-01 05:03:30,554] {dag.py:1824} INFO - Sync 1 DAGs
[2021-05-01 05:03:30,584] {logging_mixin.py:104} INFO - [2021-05-01 05:03:30,584] {dag.py:2280} INFO - Setting next_dagrun for file_sensor_dag to 2021-05-01T04:54:00+00:00
[2021-05-01 05:03:30,594] {scheduler_job.py:190} INFO - Processing /opt/airflow/dags/sensor/file_sensor.py took 0.085 seconds
[2021-05-01 05:04:01,147] {scheduler_job.py:182} INFO - Started process (PID=1333) to work on /opt/airflow/dags/sensor/file_sensor.py
[2021-05-01 05:04:01,148] {scheduler_job.py:629} INFO - Processing file /opt/airflow/dags/sensor/file_sensor.py for tasks to queue
[2021-05-01 05:04:01,149] {logging_mixin.py:104} INFO - [2021-05-01 05:04:01,148] {dagbag.py:451} INFO - Filling up the DagBag from /opt/airflow/dags/sensor/file_sensor.py
[2021-05-01 05:04:01,162] {scheduler_job.py:639} INFO - DAG(s) dict_keys(['file_sensor_dag']) retrieved from /opt/airflow/dags/sensor/file_sensor.py
[2021-05-01 05:04:01,180] {logging_mixin.py:104} INFO - [2021-05-01 05:04:01,180] {dag.py:1824} INFO - Sync 1 DAGs
[2021-05-01 05:04:01,213] {logging_mixin.py:104} INFO - [2021-05-01 05:04:01,213] {dag.py:2280} INFO - Setting next_dagrun for file_sensor_dag to 2021-05-01T04:54:00+00:00
[2021-05-01 05:04:01,224] {scheduler_job.py:190} INFO - Processing /opt/airflow/dags/sensor/file_sensor.py took 0.081 seconds
[2021-05-01 05:04:32,011] {scheduler_job.py:182} INFO - Started process (PID=1366) to work on /opt/airflow/dags/sensor/file_sensor.py
[2021-05-01 05:04:32,012] {scheduler_job.py:629} INFO - Processing file /opt/airflow/dags/sensor/file_sensor.py for tasks to queue
[2021-05-01 05:04:32,013] {logging_mixin.py:104} INFO - [2021-05-01 05:04:32,013] {dagbag.py:451} INFO - Filling up the DagBag from /opt/airflow/dags/sensor/file_sensor.py
[2021-05-01 05:04:32,028] {scheduler_job.py:639} INFO - DAG(s) dict_keys(['file_sensor_dag']) retrieved from /opt/airflow/dags/sensor/file_sensor.py
[2021-05-01 05:04:32,051] {logging_mixin.py:104} INFO - [2021-05-01 05:04:32,050] {dag.py:1824} INFO - Sync 1 DAGs
[2021-05-01 05:04:32,077] {logging_mixin.py:104} INFO - [2021-05-01 05:04:32,077] {dag.py:2280} INFO - Setting next_dagrun for file_sensor_dag to 2021-05-01T04:54:00+00:00
[2021-05-01 05:04:32,088] {scheduler_job.py:190} INFO - Processing /opt/airflow/dags/sensor/file_sensor.py took 0.082 seconds
[2021-05-01 05:05:02,220] {scheduler_job.py:182} INFO - Started process (PID=1399) to work on /opt/airflow/dags/sensor/file_sensor.py
[2021-05-01 05:05:02,222] {scheduler_job.py:629} INFO - Processing file /opt/airflow/dags/sensor/file_sensor.py for tasks to queue
[2021-05-01 05:05:02,226] {logging_mixin.py:104} INFO - [2021-05-01 05:05:02,225] {dagbag.py:451} INFO - Filling up the DagBag from /opt/airflow/dags/sensor/file_sensor.py
[2021-05-01 05:05:02,272] {scheduler_job.py:639} INFO - DAG(s) dict_keys(['file_sensor_dag']) retrieved from /opt/airflow/dags/sensor/file_sensor.py
[2021-05-01 05:05:02,310] {logging_mixin.py:104} INFO - [2021-05-01 05:05:02,310] {dag.py:1824} INFO - Sync 1 DAGs
[2021-05-01 05:05:02,344] {logging_mixin.py:104} INFO - [2021-05-01 05:05:02,344] {dag.py:2280} INFO - Setting next_dagrun for file_sensor_dag to 2021-05-01T04:54:00+00:00
[2021-05-01 05:05:02,358] {scheduler_job.py:190} INFO - Processing /opt/airflow/dags/sensor/file_sensor.py took 0.146 seconds
[2021-05-01 05:05:32,377] {scheduler_job.py:182} INFO - Started process (PID=1432) to work on /opt/airflow/dags/sensor/file_sensor.py
[2021-05-01 05:05:32,378] {scheduler_job.py:629} INFO - Processing file /opt/airflow/dags/sensor/file_sensor.py for tasks to queue
[2021-05-01 05:05:32,378] {logging_mixin.py:104} INFO - [2021-05-01 05:05:32,378] {dagbag.py:451} INFO - Filling up the DagBag from /opt/airflow/dags/sensor/file_sensor.py
[2021-05-01 05:05:32,391] {scheduler_job.py:639} INFO - DAG(s) dict_keys(['file_sensor_dag']) retrieved from /opt/airflow/dags/sensor/file_sensor.py
[2021-05-01 05:05:32,426] {logging_mixin.py:104} INFO - [2021-05-01 05:05:32,425] {dag.py:1824} INFO - Sync 1 DAGs
[2021-05-01 05:05:32,463] {logging_mixin.py:104} INFO - [2021-05-01 05:05:32,463] {dag.py:2280} INFO - Setting next_dagrun for file_sensor_dag to 2021-05-01T04:54:00+00:00
[2021-05-01 05:05:32,477] {scheduler_job.py:190} INFO - Processing /opt/airflow/dags/sensor/file_sensor.py took 0.103 seconds
[2021-05-01 05:06:02,996] {scheduler_job.py:182} INFO - Started process (PID=1464) to work on /opt/airflow/dags/sensor/file_sensor.py
[2021-05-01 05:06:02,998] {scheduler_job.py:629} INFO - Processing file /opt/airflow/dags/sensor/file_sensor.py for tasks to queue
[2021-05-01 05:06:02,999] {logging_mixin.py:104} INFO - [2021-05-01 05:06:02,999] {dagbag.py:451} INFO - Filling up the DagBag from /opt/airflow/dags/sensor/file_sensor.py
[2021-05-01 05:06:03,013] {scheduler_job.py:639} INFO - DAG(s) dict_keys(['file_sensor_dag']) retrieved from /opt/airflow/dags/sensor/file_sensor.py
[2021-05-01 05:06:03,036] {logging_mixin.py:104} INFO - [2021-05-01 05:06:03,036] {dag.py:1824} INFO - Sync 1 DAGs
[2021-05-01 05:06:03,065] {logging_mixin.py:104} INFO - [2021-05-01 05:06:03,065] {dag.py:2280} INFO - Setting next_dagrun for file_sensor_dag to 2021-05-01T05:00:00+00:00
[2021-05-01 05:06:03,076] {scheduler_job.py:190} INFO - Processing /opt/airflow/dags/sensor/file_sensor.py took 0.084 seconds
[2021-05-01 05:06:33,845] {scheduler_job.py:182} INFO - Started process (PID=1499) to work on /opt/airflow/dags/sensor/file_sensor.py
[2021-05-01 05:06:33,848] {scheduler_job.py:629} INFO - Processing file /opt/airflow/dags/sensor/file_sensor.py for tasks to queue
[2021-05-01 05:06:33,849] {logging_mixin.py:104} INFO - [2021-05-01 05:06:33,849] {dagbag.py:451} INFO - Filling up the DagBag from /opt/airflow/dags/sensor/file_sensor.py
[2021-05-01 05:06:33,865] {scheduler_job.py:639} INFO - DAG(s) dict_keys(['file_sensor_dag']) retrieved from /opt/airflow/dags/sensor/file_sensor.py
[2021-05-01 05:06:33,886] {logging_mixin.py:104} INFO - [2021-05-01 05:06:33,885] {dag.py:1824} INFO - Sync 1 DAGs
[2021-05-01 05:06:33,913] {logging_mixin.py:104} INFO - [2021-05-01 05:06:33,913] {dag.py:2280} INFO - Setting next_dagrun for file_sensor_dag to 2021-05-01T05:00:00+00:00
[2021-05-01 05:06:33,921] {scheduler_job.py:190} INFO - Processing /opt/airflow/dags/sensor/file_sensor.py took 0.081 seconds
[2021-05-01 05:07:04,434] {scheduler_job.py:182} INFO - Started process (PID=1531) to work on /opt/airflow/dags/sensor/file_sensor.py
[2021-05-01 05:07:04,435] {scheduler_job.py:629} INFO - Processing file /opt/airflow/dags/sensor/file_sensor.py for tasks to queue
[2021-05-01 05:07:04,436] {logging_mixin.py:104} INFO - [2021-05-01 05:07:04,435] {dagbag.py:451} INFO - Filling up the DagBag from /opt/airflow/dags/sensor/file_sensor.py
[2021-05-01 05:07:04,451] {scheduler_job.py:639} INFO - DAG(s) dict_keys(['file_sensor_dag']) retrieved from /opt/airflow/dags/sensor/file_sensor.py
[2021-05-01 05:07:04,471] {logging_mixin.py:104} INFO - [2021-05-01 05:07:04,471] {dag.py:1824} INFO - Sync 1 DAGs
[2021-05-01 05:07:04,499] {logging_mixin.py:104} INFO - [2021-05-01 05:07:04,499] {dag.py:2280} INFO - Setting next_dagrun for file_sensor_dag to 2021-05-01T05:00:00+00:00
[2021-05-01 05:07:04,511] {scheduler_job.py:190} INFO - Processing /opt/airflow/dags/sensor/file_sensor.py took 0.080 seconds
[2021-05-01 05:07:35,165] {scheduler_job.py:182} INFO - Started process (PID=1565) to work on /opt/airflow/dags/sensor/file_sensor.py
[2021-05-01 05:07:35,166] {scheduler_job.py:629} INFO - Processing file /opt/airflow/dags/sensor/file_sensor.py for tasks to queue
[2021-05-01 05:07:35,167] {logging_mixin.py:104} INFO - [2021-05-01 05:07:35,167] {dagbag.py:451} INFO - Filling up the DagBag from /opt/airflow/dags/sensor/file_sensor.py
[2021-05-01 05:07:35,185] {scheduler_job.py:639} INFO - DAG(s) dict_keys(['file_sensor_dag']) retrieved from /opt/airflow/dags/sensor/file_sensor.py
[2021-05-01 05:07:35,205] {logging_mixin.py:104} INFO - [2021-05-01 05:07:35,205] {dag.py:1824} INFO - Sync 1 DAGs
[2021-05-01 05:07:35,230] {logging_mixin.py:104} INFO - [2021-05-01 05:07:35,230] {dag.py:2280} INFO - Setting next_dagrun for file_sensor_dag to 2021-05-01T05:00:00+00:00
[2021-05-01 05:07:35,240] {scheduler_job.py:190} INFO - Processing /opt/airflow/dags/sensor/file_sensor.py took 0.079 seconds
[2021-05-01 05:08:05,939] {scheduler_job.py:182} INFO - Started process (PID=1598) to work on /opt/airflow/dags/sensor/file_sensor.py
[2021-05-01 05:08:05,941] {scheduler_job.py:629} INFO - Processing file /opt/airflow/dags/sensor/file_sensor.py for tasks to queue
[2021-05-01 05:08:05,941] {logging_mixin.py:104} INFO - [2021-05-01 05:08:05,941] {dagbag.py:451} INFO - Filling up the DagBag from /opt/airflow/dags/sensor/file_sensor.py
[2021-05-01 05:08:05,953] {scheduler_job.py:639} INFO - DAG(s) dict_keys(['file_sensor_dag']) retrieved from /opt/airflow/dags/sensor/file_sensor.py
[2021-05-01 05:08:05,971] {logging_mixin.py:104} INFO - [2021-05-01 05:08:05,970] {dag.py:1824} INFO - Sync 1 DAGs
[2021-05-01 05:08:05,991] {logging_mixin.py:104} INFO - [2021-05-01 05:08:05,991] {dag.py:2280} INFO - Setting next_dagrun for file_sensor_dag to 2021-05-01T05:00:00+00:00
[2021-05-01 05:08:06,005] {scheduler_job.py:190} INFO - Processing /opt/airflow/dags/sensor/file_sensor.py took 0.069 seconds
[2021-05-01 05:08:36,333] {scheduler_job.py:182} INFO - Started process (PID=1628) to work on /opt/airflow/dags/sensor/file_sensor.py
[2021-05-01 05:08:36,334] {scheduler_job.py:629} INFO - Processing file /opt/airflow/dags/sensor/file_sensor.py for tasks to queue
[2021-05-01 05:08:36,335] {logging_mixin.py:104} INFO - [2021-05-01 05:08:36,335] {dagbag.py:451} INFO - Filling up the DagBag from /opt/airflow/dags/sensor/file_sensor.py
[2021-05-01 05:08:36,350] {scheduler_job.py:639} INFO - DAG(s) dict_keys(['file_sensor_dag']) retrieved from /opt/airflow/dags/sensor/file_sensor.py
[2021-05-01 05:08:36,372] {logging_mixin.py:104} INFO - [2021-05-01 05:08:36,372] {dag.py:1824} INFO - Sync 1 DAGs
[2021-05-01 05:08:36,405] {logging_mixin.py:104} INFO - [2021-05-01 05:08:36,405] {dag.py:2280} INFO - Setting next_dagrun for file_sensor_dag to 2021-05-01T05:00:00+00:00
[2021-05-01 05:08:36,418] {scheduler_job.py:190} INFO - Processing /opt/airflow/dags/sensor/file_sensor.py took 0.089 seconds
[2021-05-01 05:09:07,216] {scheduler_job.py:182} INFO - Started process (PID=1663) to work on /opt/airflow/dags/sensor/file_sensor.py
[2021-05-01 05:09:07,217] {scheduler_job.py:629} INFO - Processing file /opt/airflow/dags/sensor/file_sensor.py for tasks to queue
[2021-05-01 05:09:07,218] {logging_mixin.py:104} INFO - [2021-05-01 05:09:07,218] {dagbag.py:451} INFO - Filling up the DagBag from /opt/airflow/dags/sensor/file_sensor.py
[2021-05-01 05:09:07,229] {scheduler_job.py:639} INFO - DAG(s) dict_keys(['file_sensor_dag']) retrieved from /opt/airflow/dags/sensor/file_sensor.py
[2021-05-01 05:09:07,246] {logging_mixin.py:104} INFO - [2021-05-01 05:09:07,246] {dag.py:1824} INFO - Sync 1 DAGs
[2021-05-01 05:09:07,267] {logging_mixin.py:104} INFO - [2021-05-01 05:09:07,267] {dag.py:2280} INFO - Setting next_dagrun for file_sensor_dag to 2021-05-01T05:00:00+00:00
[2021-05-01 05:09:07,284] {scheduler_job.py:190} INFO - Processing /opt/airflow/dags/sensor/file_sensor.py took 0.070 seconds
[2021-05-01 05:09:37,910] {scheduler_job.py:182} INFO - Started process (PID=1696) to work on /opt/airflow/dags/sensor/file_sensor.py
[2021-05-01 05:09:37,912] {scheduler_job.py:629} INFO - Processing file /opt/airflow/dags/sensor/file_sensor.py for tasks to queue
[2021-05-01 05:09:37,912] {logging_mixin.py:104} INFO - [2021-05-01 05:09:37,912] {dagbag.py:451} INFO - Filling up the DagBag from /opt/airflow/dags/sensor/file_sensor.py
[2021-05-01 05:09:37,927] {scheduler_job.py:639} INFO - DAG(s) dict_keys(['file_sensor_dag']) retrieved from /opt/airflow/dags/sensor/file_sensor.py
[2021-05-01 05:09:37,947] {logging_mixin.py:104} INFO - [2021-05-01 05:09:37,947] {dag.py:1824} INFO - Sync 1 DAGs
[2021-05-01 05:09:37,975] {logging_mixin.py:104} INFO - [2021-05-01 05:09:37,975] {dag.py:2280} INFO - Setting next_dagrun for file_sensor_dag to 2021-05-01T05:00:00+00:00
[2021-05-01 05:09:37,986] {scheduler_job.py:190} INFO - Processing /opt/airflow/dags/sensor/file_sensor.py took 0.079 seconds
[2021-05-01 05:10:08,682] {scheduler_job.py:182} INFO - Started process (PID=1730) to work on /opt/airflow/dags/sensor/file_sensor.py
[2021-05-01 05:10:08,683] {scheduler_job.py:629} INFO - Processing file /opt/airflow/dags/sensor/file_sensor.py for tasks to queue
[2021-05-01 05:10:08,684] {logging_mixin.py:104} INFO - [2021-05-01 05:10:08,683] {dagbag.py:451} INFO - Filling up the DagBag from /opt/airflow/dags/sensor/file_sensor.py
[2021-05-01 05:10:08,698] {scheduler_job.py:639} INFO - DAG(s) dict_keys(['file_sensor_dag']) retrieved from /opt/airflow/dags/sensor/file_sensor.py
[2021-05-01 05:10:08,721] {logging_mixin.py:104} INFO - [2021-05-01 05:10:08,720] {dag.py:1824} INFO - Sync 1 DAGs
[2021-05-01 05:10:08,751] {logging_mixin.py:104} INFO - [2021-05-01 05:10:08,751] {dag.py:2280} INFO - Setting next_dagrun for file_sensor_dag to 2021-05-01T05:00:00+00:00
[2021-05-01 05:10:08,765] {scheduler_job.py:190} INFO - Processing /opt/airflow/dags/sensor/file_sensor.py took 0.087 seconds
[2021-05-01 05:10:39,423] {scheduler_job.py:182} INFO - Started process (PID=1763) to work on /opt/airflow/dags/sensor/file_sensor.py
[2021-05-01 05:10:39,424] {scheduler_job.py:629} INFO - Processing file /opt/airflow/dags/sensor/file_sensor.py for tasks to queue
[2021-05-01 05:10:39,425] {logging_mixin.py:104} INFO - [2021-05-01 05:10:39,425] {dagbag.py:451} INFO - Filling up the DagBag from /opt/airflow/dags/sensor/file_sensor.py
[2021-05-01 05:10:39,442] {scheduler_job.py:639} INFO - DAG(s) dict_keys(['file_sensor_dag']) retrieved from /opt/airflow/dags/sensor/file_sensor.py
[2021-05-01 05:10:39,463] {logging_mixin.py:104} INFO - [2021-05-01 05:10:39,463] {dag.py:1824} INFO - Sync 1 DAGs
[2021-05-01 05:10:39,499] {logging_mixin.py:104} INFO - [2021-05-01 05:10:39,499] {dag.py:2280} INFO - Setting next_dagrun for file_sensor_dag to 2021-05-01T05:00:00+00:00
[2021-05-01 05:10:39,509] {scheduler_job.py:190} INFO - Processing /opt/airflow/dags/sensor/file_sensor.py took 0.090 seconds
[2021-05-01 05:11:10,082] {scheduler_job.py:182} INFO - Started process (PID=1795) to work on /opt/airflow/dags/sensor/file_sensor.py
[2021-05-01 05:11:10,084] {scheduler_job.py:629} INFO - Processing file /opt/airflow/dags/sensor/file_sensor.py for tasks to queue
[2021-05-01 05:11:10,085] {logging_mixin.py:104} INFO - [2021-05-01 05:11:10,085] {dagbag.py:451} INFO - Filling up the DagBag from /opt/airflow/dags/sensor/file_sensor.py
[2021-05-01 05:11:10,103] {scheduler_job.py:639} INFO - DAG(s) dict_keys(['file_sensor_dag']) retrieved from /opt/airflow/dags/sensor/file_sensor.py
[2021-05-01 05:11:10,128] {logging_mixin.py:104} INFO - [2021-05-01 05:11:10,128] {dag.py:1824} INFO - Sync 1 DAGs
[2021-05-01 05:11:10,158] {logging_mixin.py:104} INFO - [2021-05-01 05:11:10,158] {dag.py:2280} INFO - Setting next_dagrun for file_sensor_dag to 2021-05-01T05:00:00+00:00
[2021-05-01 05:11:10,169] {scheduler_job.py:190} INFO - Processing /opt/airflow/dags/sensor/file_sensor.py took 0.091 seconds
[2021-05-01 05:11:40,912] {scheduler_job.py:182} INFO - Started process (PID=1829) to work on /opt/airflow/dags/sensor/file_sensor.py
[2021-05-01 05:11:40,914] {scheduler_job.py:629} INFO - Processing file /opt/airflow/dags/sensor/file_sensor.py for tasks to queue
[2021-05-01 05:11:40,915] {logging_mixin.py:104} INFO - [2021-05-01 05:11:40,915] {dagbag.py:451} INFO - Filling up the DagBag from /opt/airflow/dags/sensor/file_sensor.py
[2021-05-01 05:11:40,934] {scheduler_job.py:639} INFO - DAG(s) dict_keys(['file_sensor_dag']) retrieved from /opt/airflow/dags/sensor/file_sensor.py
[2021-05-01 05:11:40,961] {logging_mixin.py:104} INFO - [2021-05-01 05:11:40,961] {dag.py:1824} INFO - Sync 1 DAGs
[2021-05-01 05:11:40,991] {logging_mixin.py:104} INFO - [2021-05-01 05:11:40,991] {dag.py:2280} INFO - Setting next_dagrun for file_sensor_dag to 2021-05-01T05:00:00+00:00
[2021-05-01 05:11:41,005] {scheduler_job.py:190} INFO - Processing /opt/airflow/dags/sensor/file_sensor.py took 0.098 seconds
[2021-05-01 05:12:11,641] {scheduler_job.py:182} INFO - Started process (PID=1862) to work on /opt/airflow/dags/sensor/file_sensor.py
[2021-05-01 05:12:11,642] {scheduler_job.py:629} INFO - Processing file /opt/airflow/dags/sensor/file_sensor.py for tasks to queue
[2021-05-01 05:12:11,643] {logging_mixin.py:104} INFO - [2021-05-01 05:12:11,643] {dagbag.py:451} INFO - Filling up the DagBag from /opt/airflow/dags/sensor/file_sensor.py
[2021-05-01 05:12:11,660] {scheduler_job.py:639} INFO - DAG(s) dict_keys(['file_sensor_dag']) retrieved from /opt/airflow/dags/sensor/file_sensor.py
[2021-05-01 05:12:11,681] {logging_mixin.py:104} INFO - [2021-05-01 05:12:11,681] {dag.py:1824} INFO - Sync 1 DAGs
[2021-05-01 05:12:11,702] {logging_mixin.py:104} INFO - [2021-05-01 05:12:11,702] {dag.py:2280} INFO - Setting next_dagrun for file_sensor_dag to 2021-05-01T05:06:00+00:00
[2021-05-01 05:12:11,711] {scheduler_job.py:190} INFO - Processing /opt/airflow/dags/sensor/file_sensor.py took 0.074 seconds
[2021-05-01 05:12:42,290] {scheduler_job.py:182} INFO - Started process (PID=1894) to work on /opt/airflow/dags/sensor/file_sensor.py
[2021-05-01 05:12:42,291] {scheduler_job.py:629} INFO - Processing file /opt/airflow/dags/sensor/file_sensor.py for tasks to queue
[2021-05-01 05:12:42,292] {logging_mixin.py:104} INFO - [2021-05-01 05:12:42,292] {dagbag.py:451} INFO - Filling up the DagBag from /opt/airflow/dags/sensor/file_sensor.py
[2021-05-01 05:12:42,304] {scheduler_job.py:639} INFO - DAG(s) dict_keys(['file_sensor_dag']) retrieved from /opt/airflow/dags/sensor/file_sensor.py
[2021-05-01 05:12:42,322] {logging_mixin.py:104} INFO - [2021-05-01 05:12:42,322] {dag.py:1824} INFO - Sync 1 DAGs
[2021-05-01 05:12:42,346] {logging_mixin.py:104} INFO - [2021-05-01 05:12:42,346] {dag.py:2280} INFO - Setting next_dagrun for file_sensor_dag to 2021-05-01T05:06:00+00:00
[2021-05-01 05:12:42,359] {scheduler_job.py:190} INFO - Processing /opt/airflow/dags/sensor/file_sensor.py took 0.072 seconds
[2021-05-01 05:13:12,976] {scheduler_job.py:182} INFO - Started process (PID=1927) to work on /opt/airflow/dags/sensor/file_sensor.py
[2021-05-01 05:13:12,977] {scheduler_job.py:629} INFO - Processing file /opt/airflow/dags/sensor/file_sensor.py for tasks to queue
[2021-05-01 05:13:12,978] {logging_mixin.py:104} INFO - [2021-05-01 05:13:12,977] {dagbag.py:451} INFO - Filling up the DagBag from /opt/airflow/dags/sensor/file_sensor.py
[2021-05-01 05:13:12,989] {scheduler_job.py:639} INFO - DAG(s) dict_keys(['file_sensor_dag']) retrieved from /opt/airflow/dags/sensor/file_sensor.py
[2021-05-01 05:13:13,006] {logging_mixin.py:104} INFO - [2021-05-01 05:13:13,005] {dag.py:1824} INFO - Sync 1 DAGs
[2021-05-01 05:13:13,025] {logging_mixin.py:104} INFO - [2021-05-01 05:13:13,025] {dag.py:2280} INFO - Setting next_dagrun for file_sensor_dag to 2021-05-01T05:06:00+00:00
[2021-05-01 05:13:13,039] {scheduler_job.py:190} INFO - Processing /opt/airflow/dags/sensor/file_sensor.py took 0.066 seconds
[2021-05-01 05:13:43,653] {scheduler_job.py:182} INFO - Started process (PID=1960) to work on /opt/airflow/dags/sensor/file_sensor.py
[2021-05-01 05:13:43,654] {scheduler_job.py:629} INFO - Processing file /opt/airflow/dags/sensor/file_sensor.py for tasks to queue
[2021-05-01 05:13:43,655] {logging_mixin.py:104} INFO - [2021-05-01 05:13:43,655] {dagbag.py:451} INFO - Filling up the DagBag from /opt/airflow/dags/sensor/file_sensor.py
[2021-05-01 05:13:43,671] {scheduler_job.py:639} INFO - DAG(s) dict_keys(['file_sensor_dag']) retrieved from /opt/airflow/dags/sensor/file_sensor.py
[2021-05-01 05:13:43,690] {logging_mixin.py:104} INFO - [2021-05-01 05:13:43,690] {dag.py:1824} INFO - Sync 1 DAGs
[2021-05-01 05:13:43,715] {logging_mixin.py:104} INFO - [2021-05-01 05:13:43,715] {dag.py:2280} INFO - Setting next_dagrun for file_sensor_dag to 2021-05-01T05:06:00+00:00
[2021-05-01 05:13:43,727] {scheduler_job.py:190} INFO - Processing /opt/airflow/dags/sensor/file_sensor.py took 0.078 seconds
[2021-05-01 05:14:14,471] {scheduler_job.py:182} INFO - Started process (PID=1994) to work on /opt/airflow/dags/sensor/file_sensor.py
[2021-05-01 05:14:14,472] {scheduler_job.py:629} INFO - Processing file /opt/airflow/dags/sensor/file_sensor.py for tasks to queue
[2021-05-01 05:14:14,473] {logging_mixin.py:104} INFO - [2021-05-01 05:14:14,473] {dagbag.py:451} INFO - Filling up the DagBag from /opt/airflow/dags/sensor/file_sensor.py
[2021-05-01 05:14:14,489] {scheduler_job.py:639} INFO - DAG(s) dict_keys(['file_sensor_dag']) retrieved from /opt/airflow/dags/sensor/file_sensor.py
[2021-05-01 05:14:14,511] {logging_mixin.py:104} INFO - [2021-05-01 05:14:14,510] {dag.py:1824} INFO - Sync 1 DAGs
[2021-05-01 05:14:14,536] {logging_mixin.py:104} INFO - [2021-05-01 05:14:14,536] {dag.py:2280} INFO - Setting next_dagrun for file_sensor_dag to 2021-05-01T05:06:00+00:00
[2021-05-01 05:14:14,549] {scheduler_job.py:190} INFO - Processing /opt/airflow/dags/sensor/file_sensor.py took 0.082 seconds
[2021-05-01 05:14:44,983] {scheduler_job.py:182} INFO - Started process (PID=2026) to work on /opt/airflow/dags/sensor/file_sensor.py
[2021-05-01 05:14:44,984] {scheduler_job.py:629} INFO - Processing file /opt/airflow/dags/sensor/file_sensor.py for tasks to queue
[2021-05-01 05:14:44,984] {logging_mixin.py:104} INFO - [2021-05-01 05:14:44,984] {dagbag.py:451} INFO - Filling up the DagBag from /opt/airflow/dags/sensor/file_sensor.py
[2021-05-01 05:14:44,997] {scheduler_job.py:639} INFO - DAG(s) dict_keys(['file_sensor_dag']) retrieved from /opt/airflow/dags/sensor/file_sensor.py
[2021-05-01 05:14:45,018] {logging_mixin.py:104} INFO - [2021-05-01 05:14:45,018] {dag.py:1824} INFO - Sync 1 DAGs
[2021-05-01 05:14:45,044] {logging_mixin.py:104} INFO - [2021-05-01 05:14:45,044] {dag.py:2280} INFO - Setting next_dagrun for file_sensor_dag to 2021-05-01T05:06:00+00:00
[2021-05-01 05:14:45,057] {scheduler_job.py:190} INFO - Processing /opt/airflow/dags/sensor/file_sensor.py took 0.077 seconds
[2021-05-01 05:15:15,429] {scheduler_job.py:182} INFO - Started process (PID=2057) to work on /opt/airflow/dags/sensor/file_sensor.py
[2021-05-01 05:15:15,430] {scheduler_job.py:629} INFO - Processing file /opt/airflow/dags/sensor/file_sensor.py for tasks to queue
[2021-05-01 05:15:15,431] {logging_mixin.py:104} INFO - [2021-05-01 05:15:15,430] {dagbag.py:451} INFO - Filling up the DagBag from /opt/airflow/dags/sensor/file_sensor.py
[2021-05-01 05:15:15,447] {scheduler_job.py:639} INFO - DAG(s) dict_keys(['file_sensor_dag']) retrieved from /opt/airflow/dags/sensor/file_sensor.py
[2021-05-01 05:15:15,471] {logging_mixin.py:104} INFO - [2021-05-01 05:15:15,471] {dag.py:1824} INFO - Sync 1 DAGs
[2021-05-01 05:15:15,498] {logging_mixin.py:104} INFO - [2021-05-01 05:15:15,498] {dag.py:2280} INFO - Setting next_dagrun for file_sensor_dag to 2021-05-01T05:06:00+00:00
[2021-05-01 05:15:15,511] {scheduler_job.py:190} INFO - Processing /opt/airflow/dags/sensor/file_sensor.py took 0.086 seconds
[2021-05-01 05:15:46,113] {scheduler_job.py:182} INFO - Started process (PID=2090) to work on /opt/airflow/dags/sensor/file_sensor.py
[2021-05-01 05:15:46,115] {scheduler_job.py:629} INFO - Processing file /opt/airflow/dags/sensor/file_sensor.py for tasks to queue
[2021-05-01 05:15:46,115] {logging_mixin.py:104} INFO - [2021-05-01 05:15:46,115] {dagbag.py:451} INFO - Filling up the DagBag from /opt/airflow/dags/sensor/file_sensor.py
[2021-05-01 05:15:46,130] {scheduler_job.py:639} INFO - DAG(s) dict_keys(['file_sensor_dag']) retrieved from /opt/airflow/dags/sensor/file_sensor.py
[2021-05-01 05:15:46,150] {logging_mixin.py:104} INFO - [2021-05-01 05:15:46,150] {dag.py:1824} INFO - Sync 1 DAGs
[2021-05-01 05:15:46,179] {logging_mixin.py:104} INFO - [2021-05-01 05:15:46,179] {dag.py:2280} INFO - Setting next_dagrun for file_sensor_dag to 2021-05-01T05:06:00+00:00
[2021-05-01 05:15:46,191] {scheduler_job.py:190} INFO - Processing /opt/airflow/dags/sensor/file_sensor.py took 0.081 seconds
[2021-05-01 05:16:16,725] {scheduler_job.py:182} INFO - Started process (PID=2123) to work on /opt/airflow/dags/sensor/file_sensor.py
[2021-05-01 05:16:16,727] {scheduler_job.py:629} INFO - Processing file /opt/airflow/dags/sensor/file_sensor.py for tasks to queue
[2021-05-01 05:16:16,728] {logging_mixin.py:104} INFO - [2021-05-01 05:16:16,728] {dagbag.py:451} INFO - Filling up the DagBag from /opt/airflow/dags/sensor/file_sensor.py
[2021-05-01 05:16:16,743] {scheduler_job.py:639} INFO - DAG(s) dict_keys(['file_sensor_dag']) retrieved from /opt/airflow/dags/sensor/file_sensor.py
[2021-05-01 05:16:16,768] {logging_mixin.py:104} INFO - [2021-05-01 05:16:16,768] {dag.py:1824} INFO - Sync 1 DAGs
[2021-05-01 05:16:16,799] {logging_mixin.py:104} INFO - [2021-05-01 05:16:16,799] {dag.py:2280} INFO - Setting next_dagrun for file_sensor_dag to 2021-05-01T05:06:00+00:00
[2021-05-01 05:16:16,816] {scheduler_job.py:190} INFO - Processing /opt/airflow/dags/sensor/file_sensor.py took 0.094 seconds
