[2021-04-25 00:07:38,292] {taskinstance.py:877} INFO - Dependencies all met for <TaskInstance: bash_operator_dag.second_task 2021-01-27T00:00:00+00:00 [queued]>
[2021-04-25 00:07:38,372] {taskinstance.py:877} INFO - Dependencies all met for <TaskInstance: bash_operator_dag.second_task 2021-01-27T00:00:00+00:00 [queued]>
[2021-04-25 00:07:38,373] {taskinstance.py:1068} INFO - 
--------------------------------------------------------------------------------
[2021-04-25 00:07:38,373] {taskinstance.py:1069} INFO - Starting attempt 1 of 3
[2021-04-25 00:07:38,373] {taskinstance.py:1070} INFO - 
--------------------------------------------------------------------------------
[2021-04-25 00:07:38,446] {taskinstance.py:1089} INFO - Executing <Task(BashOperator): second_task> on 2021-01-27T00:00:00+00:00
[2021-04-25 00:07:38,464] {standard_task_runner.py:52} INFO - Started process 1464 to run task
[2021-04-25 00:07:38,545] {standard_task_runner.py:76} INFO - Running: ['airflow', 'tasks', 'run', 'bash_operator_dag', 'second_task', '2021-01-27T00:00:00+00:00', '--job-id', '523', '--pool', 'default_pool', '--raw', '--subdir', 'DAGS_FOLDER/simple_bash_operator_dag.py', '--cfg-path', '/tmp/tmpx0dnvxbk', '--error-file', '/tmp/tmpw9v7p1de']
[2021-04-25 00:07:38,547] {standard_task_runner.py:77} INFO - Job 523: Subtask second_task
[2021-04-25 00:07:39,091] {logging_mixin.py:104} INFO - Running <TaskInstance: bash_operator_dag.second_task 2021-01-27T00:00:00+00:00 [running]> on host 4a00a306afdc
[2021-04-25 00:07:39,437] {taskinstance.py:1283} INFO - Exporting the following env vars:
AIRFLOW_CTX_DAG_OWNER=airflow
AIRFLOW_CTX_DAG_ID=bash_operator_dag
AIRFLOW_CTX_TASK_ID=second_task
AIRFLOW_CTX_EXECUTION_DATE=2021-01-27T00:00:00+00:00
AIRFLOW_CTX_DAG_RUN_ID=scheduled__2021-01-27T00:00:00+00:00
[2021-04-25 00:07:39,439] {bash.py:135} INFO - Tmp dir root location: 
 /tmp
[2021-04-25 00:07:39,444] {bash.py:158} INFO - Running command: echo "testing second bash operator"
[2021-04-25 00:07:39,541] {bash.py:169} INFO - Output:
[2021-04-25 00:07:39,543] {bash.py:173} INFO - testing second bash operator
[2021-04-25 00:07:39,549] {bash.py:177} INFO - Command exited with return code 0
[2021-04-25 00:07:39,874] {taskinstance.py:1192} INFO - Marking task as SUCCESS. dag_id=bash_operator_dag, task_id=second_task, execution_date=20210127T000000, start_date=20210425T000738, end_date=20210425T000739
[2021-04-25 00:07:40,132] {taskinstance.py:1246} INFO - 0 downstream tasks scheduled from follow-on schedule check
[2021-04-25 00:07:40,171] {local_task_job.py:146} INFO - Task exited with return code 0
[2021-04-25 00:44:08,998] {taskinstance.py:877} INFO - Dependencies all met for <TaskInstance: bash_operator_dag.second_task 2021-01-27T00:00:00+00:00 [queued]>
[2021-04-25 00:44:09,090] {taskinstance.py:877} INFO - Dependencies all met for <TaskInstance: bash_operator_dag.second_task 2021-01-27T00:00:00+00:00 [queued]>
[2021-04-25 00:44:09,091] {taskinstance.py:1068} INFO - 
--------------------------------------------------------------------------------
[2021-04-25 00:44:09,093] {taskinstance.py:1069} INFO - Starting attempt 1 of 3
[2021-04-25 00:44:09,093] {taskinstance.py:1070} INFO - 
--------------------------------------------------------------------------------
[2021-04-25 00:44:09,157] {taskinstance.py:1089} INFO - Executing <Task(BashOperator): second_task> on 2021-01-27T00:00:00+00:00
[2021-04-25 00:44:09,165] {standard_task_runner.py:52} INFO - Started process 2148 to run task
[2021-04-25 00:44:09,210] {standard_task_runner.py:76} INFO - Running: ['airflow', 'tasks', 'run', 'bash_operator_dag', 'second_task', '2021-01-27T00:00:00+00:00', '--job-id', '751', '--pool', 'default_pool', '--raw', '--subdir', 'DAGS_FOLDER/simple_bash_operator_dag.py', '--cfg-path', '/tmp/tmp5y6ooajh', '--error-file', '/tmp/tmp3snab20r']
[2021-04-25 00:44:09,211] {standard_task_runner.py:77} INFO - Job 751: Subtask second_task
[2021-04-25 00:44:09,515] {logging_mixin.py:104} INFO - Running <TaskInstance: bash_operator_dag.second_task 2021-01-27T00:00:00+00:00 [running]> on host 4a00a306afdc
[2021-04-25 00:44:09,836] {taskinstance.py:1283} INFO - Exporting the following env vars:
AIRFLOW_CTX_DAG_OWNER=airflow
AIRFLOW_CTX_DAG_ID=bash_operator_dag
AIRFLOW_CTX_TASK_ID=second_task
AIRFLOW_CTX_EXECUTION_DATE=2021-01-27T00:00:00+00:00
AIRFLOW_CTX_DAG_RUN_ID=scheduled__2021-01-27T00:00:00+00:00
[2021-04-25 00:44:09,837] {bash.py:135} INFO - Tmp dir root location: 
 /tmp
[2021-04-25 00:44:09,842] {bash.py:158} INFO - Running command: echo "testing second bash operator"
[2021-04-25 00:44:09,899] {bash.py:169} INFO - Output:
[2021-04-25 00:44:09,912] {bash.py:173} INFO - testing second bash operator
[2021-04-25 00:44:09,913] {bash.py:177} INFO - Command exited with return code 0
[2021-04-25 00:44:10,108] {taskinstance.py:1192} INFO - Marking task as SUCCESS. dag_id=bash_operator_dag, task_id=second_task, execution_date=20210127T000000, start_date=20210425T004409, end_date=20210425T004410
[2021-04-25 00:44:10,343] {taskinstance.py:1246} INFO - 0 downstream tasks scheduled from follow-on schedule check
[2021-04-25 00:44:10,370] {local_task_job.py:146} INFO - Task exited with return code 0
