[2021-04-25 10:24:28,476] {taskinstance.py:877} INFO - Dependencies all met for <TaskInstance: external_sensor_dag.external_sensor_task 2021-04-24T00:00:00+00:00 [queued]>
[2021-04-25 10:24:28,508] {taskinstance.py:877} INFO - Dependencies all met for <TaskInstance: external_sensor_dag.external_sensor_task 2021-04-24T00:00:00+00:00 [queued]>
[2021-04-25 10:24:28,508] {taskinstance.py:1068} INFO - 
--------------------------------------------------------------------------------
[2021-04-25 10:24:28,509] {taskinstance.py:1069} INFO - Starting attempt 1 of 3
[2021-04-25 10:24:28,509] {taskinstance.py:1070} INFO - 
--------------------------------------------------------------------------------
[2021-04-25 10:24:28,525] {taskinstance.py:1089} INFO - Executing <Task(ExternalTaskSensor): external_sensor_task> on 2021-04-24T00:00:00+00:00
[2021-04-25 10:24:28,531] {standard_task_runner.py:52} INFO - Started process 69 to run task
[2021-04-25 10:24:28,544] {standard_task_runner.py:76} INFO - Running: ['airflow', 'tasks', 'run', 'external_sensor_dag', 'external_sensor_task', '2021-04-24T00:00:00+00:00', '--job-id', '844', '--pool', 'default_pool', '--raw', '--subdir', 'DAGS_FOLDER/sensor/external_sensor.py', '--cfg-path', '/tmp/tmpmpnwrgt3', '--error-file', '/tmp/tmpo1vwu2ic']
[2021-04-25 10:24:28,545] {standard_task_runner.py:77} INFO - Job 844: Subtask external_sensor_task
[2021-04-25 10:24:28,648] {logging_mixin.py:104} INFO - Running <TaskInstance: external_sensor_dag.external_sensor_task 2021-04-24T00:00:00+00:00 [running]> on host d6e2455ef0ec
[2021-04-25 10:24:28,762] {taskinstance.py:1283} INFO - Exporting the following env vars:
AIRFLOW_CTX_DAG_EMAIL=ragindafirdaus01@gmail.com
AIRFLOW_CTX_DAG_OWNER=airflow
AIRFLOW_CTX_DAG_ID=external_sensor_dag
AIRFLOW_CTX_TASK_ID=external_sensor_task
AIRFLOW_CTX_EXECUTION_DATE=2021-04-24T00:00:00+00:00
AIRFLOW_CTX_DAG_RUN_ID=scheduled__2021-04-24T00:00:00+00:00
[2021-04-25 10:24:28,764] {external_task.py:154} INFO - Poking for write_file_python_operator.fetch_and_write_a_file_task on 2021-04-24T00:00:00+00:00 ... 
[2021-04-25 10:25:28,844] {external_task.py:154} INFO - Poking for write_file_python_operator.fetch_and_write_a_file_task on 2021-04-24T00:00:00+00:00 ... 
[2021-04-25 10:25:28,852] {base.py:245} INFO - Success criteria met. Exiting.
[2021-04-25 10:25:28,864] {taskinstance.py:1192} INFO - Marking task as SUCCESS. dag_id=external_sensor_dag, task_id=external_sensor_task, execution_date=20210424T000000, start_date=20210425T102428, end_date=20210425T102528
[2021-04-25 10:25:28,907] {taskinstance.py:1246} INFO - 1 downstream tasks scheduled from follow-on schedule check
[2021-04-25 10:25:28,934] {local_task_job.py:146} INFO - Task exited with return code 0
[2021-04-25 10:43:30,512] {taskinstance.py:877} INFO - Dependencies all met for <TaskInstance: external_sensor_dag.external_sensor_task 2021-04-24T00:00:00+00:00 [queued]>
[2021-04-25 10:43:30,529] {taskinstance.py:877} INFO - Dependencies all met for <TaskInstance: external_sensor_dag.external_sensor_task 2021-04-24T00:00:00+00:00 [queued]>
[2021-04-25 10:43:30,529] {taskinstance.py:1068} INFO - 
--------------------------------------------------------------------------------
[2021-04-25 10:43:30,529] {taskinstance.py:1069} INFO - Starting attempt 1 of 3
[2021-04-25 10:43:30,529] {taskinstance.py:1070} INFO - 
--------------------------------------------------------------------------------
[2021-04-25 10:43:30,538] {taskinstance.py:1089} INFO - Executing <Task(ExternalTaskSensor): external_sensor_task> on 2021-04-24T00:00:00+00:00
[2021-04-25 10:43:30,543] {standard_task_runner.py:52} INFO - Started process 77 to run task
[2021-04-25 10:43:30,548] {standard_task_runner.py:76} INFO - Running: ['airflow', 'tasks', 'run', 'external_sensor_dag', 'external_sensor_task', '2021-04-24T00:00:00+00:00', '--job-id', '848', '--pool', 'default_pool', '--raw', '--subdir', 'DAGS_FOLDER/sensor/external_sensor.py', '--cfg-path', '/tmp/tmpv6r9oljm', '--error-file', '/tmp/tmpw6mjuia7']
[2021-04-25 10:43:30,549] {standard_task_runner.py:77} INFO - Job 848: Subtask external_sensor_task
[2021-04-25 10:43:30,602] {logging_mixin.py:104} INFO - Running <TaskInstance: external_sensor_dag.external_sensor_task 2021-04-24T00:00:00+00:00 [running]> on host d6e2455ef0ec
[2021-04-25 10:43:30,670] {taskinstance.py:1283} INFO - Exporting the following env vars:
AIRFLOW_CTX_DAG_OWNER=airflow
AIRFLOW_CTX_DAG_ID=external_sensor_dag
AIRFLOW_CTX_TASK_ID=external_sensor_task
AIRFLOW_CTX_EXECUTION_DATE=2021-04-24T00:00:00+00:00
AIRFLOW_CTX_DAG_RUN_ID=scheduled__2021-04-24T00:00:00+00:00
[2021-04-25 10:43:30,671] {external_task.py:154} INFO - Poking for write_file_python_operator.fetch_and_write_a_file_task on 2021-04-24T00:00:00+00:00 ... 
[2021-04-25 10:44:30,744] {external_task.py:154} INFO - Poking for write_file_python_operator.fetch_and_write_a_file_task on 2021-04-24T00:00:00+00:00 ... 
[2021-04-25 10:44:30,750] {base.py:245} INFO - Success criteria met. Exiting.
[2021-04-25 10:44:30,759] {taskinstance.py:1192} INFO - Marking task as SUCCESS. dag_id=external_sensor_dag, task_id=external_sensor_task, execution_date=20210424T000000, start_date=20210425T104330, end_date=20210425T104430
[2021-04-25 10:44:30,801] {taskinstance.py:1246} INFO - 1 downstream tasks scheduled from follow-on schedule check
[2021-04-25 10:44:30,812] {local_task_job.py:146} INFO - Task exited with return code 0
