[2021-04-25 00:05:06,368] {taskinstance.py:877} INFO - Dependencies all met for <TaskInstance: bash_operator_dag.second_task 2021-02-25T00:00:00+00:00 [queued]>
[2021-04-25 00:05:06,397] {taskinstance.py:877} INFO - Dependencies all met for <TaskInstance: bash_operator_dag.second_task 2021-02-25T00:00:00+00:00 [queued]>
[2021-04-25 00:05:06,398] {taskinstance.py:1068} INFO - 
--------------------------------------------------------------------------------
[2021-04-25 00:05:06,399] {taskinstance.py:1069} INFO - Starting attempt 1 of 3
[2021-04-25 00:05:06,399] {taskinstance.py:1070} INFO - 
--------------------------------------------------------------------------------
[2021-04-25 00:05:06,440] {taskinstance.py:1089} INFO - Executing <Task(BashOperator): second_task> on 2021-02-25T00:00:00+00:00
[2021-04-25 00:05:06,446] {standard_task_runner.py:52} INFO - Started process 1076 to run task
[2021-04-25 00:05:06,478] {standard_task_runner.py:76} INFO - Running: ['airflow', 'tasks', 'run', 'bash_operator_dag', 'second_task', '2021-02-25T00:00:00+00:00', '--job-id', '393', '--pool', 'default_pool', '--raw', '--subdir', 'DAGS_FOLDER/simple_bash_operator_dag.py', '--cfg-path', '/tmp/tmph0fnmp56', '--error-file', '/tmp/tmpau_rlau9']
[2021-04-25 00:05:06,480] {standard_task_runner.py:77} INFO - Job 393: Subtask second_task
[2021-04-25 00:05:06,656] {logging_mixin.py:104} INFO - Running <TaskInstance: bash_operator_dag.second_task 2021-02-25T00:00:00+00:00 [running]> on host 4a00a306afdc
[2021-04-25 00:05:06,754] {taskinstance.py:1283} INFO - Exporting the following env vars:
AIRFLOW_CTX_DAG_OWNER=airflow
AIRFLOW_CTX_DAG_ID=bash_operator_dag
AIRFLOW_CTX_TASK_ID=second_task
AIRFLOW_CTX_EXECUTION_DATE=2021-02-25T00:00:00+00:00
AIRFLOW_CTX_DAG_RUN_ID=scheduled__2021-02-25T00:00:00+00:00
[2021-04-25 00:05:06,758] {bash.py:135} INFO - Tmp dir root location: 
 /tmp
[2021-04-25 00:05:06,760] {bash.py:158} INFO - Running command: echo "testing second bash operator"
[2021-04-25 00:05:06,792] {bash.py:169} INFO - Output:
[2021-04-25 00:05:06,795] {bash.py:173} INFO - testing second bash operator
[2021-04-25 00:05:06,795] {bash.py:177} INFO - Command exited with return code 0
[2021-04-25 00:05:06,877] {taskinstance.py:1192} INFO - Marking task as SUCCESS. dag_id=bash_operator_dag, task_id=second_task, execution_date=20210225T000000, start_date=20210425T000506, end_date=20210425T000506
[2021-04-25 00:05:07,081] {taskinstance.py:1246} INFO - 0 downstream tasks scheduled from follow-on schedule check
[2021-04-25 00:05:07,120] {local_task_job.py:146} INFO - Task exited with return code 0
[2021-04-25 00:08:11,290] {taskinstance.py:877} INFO - Dependencies all met for <TaskInstance: bash_operator_dag.second_task 2021-02-25T00:00:00+00:00 [queued]>
[2021-04-25 00:08:11,334] {taskinstance.py:877} INFO - Dependencies all met for <TaskInstance: bash_operator_dag.second_task 2021-02-25T00:00:00+00:00 [queued]>
[2021-04-25 00:08:11,335] {taskinstance.py:1068} INFO - 
--------------------------------------------------------------------------------
[2021-04-25 00:08:11,335] {taskinstance.py:1069} INFO - Starting attempt 1 of 3
[2021-04-25 00:08:11,335] {taskinstance.py:1070} INFO - 
--------------------------------------------------------------------------------
[2021-04-25 00:08:11,400] {taskinstance.py:1089} INFO - Executing <Task(BashOperator): second_task> on 2021-02-25T00:00:00+00:00
[2021-04-25 00:08:11,411] {standard_task_runner.py:52} INFO - Started process 1638 to run task
[2021-04-25 00:08:11,438] {standard_task_runner.py:76} INFO - Running: ['airflow', 'tasks', 'run', 'bash_operator_dag', 'second_task', '2021-02-25T00:00:00+00:00', '--job-id', '580', '--pool', 'default_pool', '--raw', '--subdir', 'DAGS_FOLDER/simple_bash_operator_dag.py', '--cfg-path', '/tmp/tmpr7638nkl', '--error-file', '/tmp/tmplh5z43tz']
[2021-04-25 00:08:11,440] {standard_task_runner.py:77} INFO - Job 580: Subtask second_task
[2021-04-25 00:08:11,570] {logging_mixin.py:104} INFO - Running <TaskInstance: bash_operator_dag.second_task 2021-02-25T00:00:00+00:00 [running]> on host 4a00a306afdc
[2021-04-25 00:08:11,720] {taskinstance.py:1283} INFO - Exporting the following env vars:
AIRFLOW_CTX_DAG_OWNER=airflow
AIRFLOW_CTX_DAG_ID=bash_operator_dag
AIRFLOW_CTX_TASK_ID=second_task
AIRFLOW_CTX_EXECUTION_DATE=2021-02-25T00:00:00+00:00
AIRFLOW_CTX_DAG_RUN_ID=scheduled__2021-02-25T00:00:00+00:00
[2021-04-25 00:08:11,721] {bash.py:135} INFO - Tmp dir root location: 
 /tmp
[2021-04-25 00:08:11,723] {bash.py:158} INFO - Running command: echo "testing second bash operator"
[2021-04-25 00:08:11,749] {bash.py:169} INFO - Output:
[2021-04-25 00:08:11,751] {bash.py:173} INFO - testing second bash operator
[2021-04-25 00:08:11,752] {bash.py:177} INFO - Command exited with return code 0
[2021-04-25 00:08:11,843] {taskinstance.py:1192} INFO - Marking task as SUCCESS. dag_id=bash_operator_dag, task_id=second_task, execution_date=20210225T000000, start_date=20210425T000811, end_date=20210425T000811
[2021-04-25 00:08:11,982] {taskinstance.py:1246} INFO - 0 downstream tasks scheduled from follow-on schedule check
[2021-04-25 00:08:12,007] {local_task_job.py:146} INFO - Task exited with return code 0
