[2021-04-25 00:05:11,343] {taskinstance.py:877} INFO - Dependencies all met for <TaskInstance: bash_operator_dag.first_task 2021-03-05T00:00:00+00:00 [queued]>
[2021-04-25 00:05:11,402] {taskinstance.py:877} INFO - Dependencies all met for <TaskInstance: bash_operator_dag.first_task 2021-03-05T00:00:00+00:00 [queued]>
[2021-04-25 00:05:11,403] {taskinstance.py:1068} INFO - 
--------------------------------------------------------------------------------
[2021-04-25 00:05:11,406] {taskinstance.py:1069} INFO - Starting attempt 1 of 3
[2021-04-25 00:05:11,406] {taskinstance.py:1070} INFO - 
--------------------------------------------------------------------------------
[2021-04-25 00:05:11,470] {taskinstance.py:1089} INFO - Executing <Task(BashOperator): first_task> on 2021-03-05T00:00:00+00:00
[2021-04-25 00:05:11,482] {standard_task_runner.py:52} INFO - Started process 1106 to run task
[2021-04-25 00:05:11,515] {standard_task_runner.py:76} INFO - Running: ['airflow', 'tasks', 'run', 'bash_operator_dag', 'first_task', '2021-03-05T00:00:00+00:00', '--job-id', '403', '--pool', 'default_pool', '--raw', '--subdir', 'DAGS_FOLDER/simple_bash_operator_dag.py', '--cfg-path', '/tmp/tmpug123u_q', '--error-file', '/tmp/tmp950a9okk']
[2021-04-25 00:05:11,515] {standard_task_runner.py:77} INFO - Job 403: Subtask first_task
[2021-04-25 00:05:11,753] {logging_mixin.py:104} INFO - Running <TaskInstance: bash_operator_dag.first_task 2021-03-05T00:00:00+00:00 [running]> on host 4a00a306afdc
[2021-04-25 00:05:11,910] {taskinstance.py:1283} INFO - Exporting the following env vars:
AIRFLOW_CTX_DAG_OWNER=airflow
AIRFLOW_CTX_DAG_ID=bash_operator_dag
AIRFLOW_CTX_TASK_ID=first_task
AIRFLOW_CTX_EXECUTION_DATE=2021-03-05T00:00:00+00:00
AIRFLOW_CTX_DAG_RUN_ID=scheduled__2021-03-05T00:00:00+00:00
[2021-04-25 00:05:11,912] {bash.py:135} INFO - Tmp dir root location: 
 /tmp
[2021-04-25 00:05:11,919] {bash.py:158} INFO - Running command: echo "testing first bash operator"
[2021-04-25 00:05:11,940] {bash.py:169} INFO - Output:
[2021-04-25 00:05:11,946] {bash.py:173} INFO - testing first bash operator
[2021-04-25 00:05:11,947] {bash.py:177} INFO - Command exited with return code 0
[2021-04-25 00:05:12,154] {taskinstance.py:1192} INFO - Marking task as SUCCESS. dag_id=bash_operator_dag, task_id=first_task, execution_date=20210305T000000, start_date=20210425T000511, end_date=20210425T000512
[2021-04-25 00:05:12,344] {taskinstance.py:1246} INFO - 1 downstream tasks scheduled from follow-on schedule check
[2021-04-25 00:05:12,404] {local_task_job.py:146} INFO - Task exited with return code 0
[2021-04-25 00:08:16,155] {taskinstance.py:877} INFO - Dependencies all met for <TaskInstance: bash_operator_dag.first_task 2021-03-05T00:00:00+00:00 [queued]>
[2021-04-25 00:08:16,204] {taskinstance.py:877} INFO - Dependencies all met for <TaskInstance: bash_operator_dag.first_task 2021-03-05T00:00:00+00:00 [queued]>
[2021-04-25 00:08:16,204] {taskinstance.py:1068} INFO - 
--------------------------------------------------------------------------------
[2021-04-25 00:08:16,205] {taskinstance.py:1069} INFO - Starting attempt 1 of 3
[2021-04-25 00:08:16,205] {taskinstance.py:1070} INFO - 
--------------------------------------------------------------------------------
[2021-04-25 00:08:16,285] {taskinstance.py:1089} INFO - Executing <Task(BashOperator): first_task> on 2021-03-05T00:00:00+00:00
[2021-04-25 00:08:16,292] {standard_task_runner.py:52} INFO - Started process 1667 to run task
[2021-04-25 00:08:16,319] {standard_task_runner.py:76} INFO - Running: ['airflow', 'tasks', 'run', 'bash_operator_dag', 'first_task', '2021-03-05T00:00:00+00:00', '--job-id', '590', '--pool', 'default_pool', '--raw', '--subdir', 'DAGS_FOLDER/simple_bash_operator_dag.py', '--cfg-path', '/tmp/tmp8y77zu1e', '--error-file', '/tmp/tmp3u_62a_e']
[2021-04-25 00:08:16,320] {standard_task_runner.py:77} INFO - Job 590: Subtask first_task
[2021-04-25 00:08:16,488] {logging_mixin.py:104} INFO - Running <TaskInstance: bash_operator_dag.first_task 2021-03-05T00:00:00+00:00 [running]> on host 4a00a306afdc
[2021-04-25 00:08:16,630] {taskinstance.py:1283} INFO - Exporting the following env vars:
AIRFLOW_CTX_DAG_OWNER=airflow
AIRFLOW_CTX_DAG_ID=bash_operator_dag
AIRFLOW_CTX_TASK_ID=first_task
AIRFLOW_CTX_EXECUTION_DATE=2021-03-05T00:00:00+00:00
AIRFLOW_CTX_DAG_RUN_ID=scheduled__2021-03-05T00:00:00+00:00
[2021-04-25 00:08:16,632] {bash.py:135} INFO - Tmp dir root location: 
 /tmp
[2021-04-25 00:08:16,634] {bash.py:158} INFO - Running command: echo "testing first bash operator"
[2021-04-25 00:08:16,664] {bash.py:169} INFO - Output:
[2021-04-25 00:08:16,665] {bash.py:173} INFO - testing first bash operator
[2021-04-25 00:08:16,666] {bash.py:177} INFO - Command exited with return code 0
[2021-04-25 00:08:16,790] {taskinstance.py:1192} INFO - Marking task as SUCCESS. dag_id=bash_operator_dag, task_id=first_task, execution_date=20210305T000000, start_date=20210425T000816, end_date=20210425T000816
[2021-04-25 00:08:16,974] {taskinstance.py:1246} INFO - 1 downstream tasks scheduled from follow-on schedule check
[2021-04-25 00:08:17,028] {local_task_job.py:146} INFO - Task exited with return code 0
