[2021-04-25 00:05:25,778] {taskinstance.py:877} INFO - Dependencies all met for <TaskInstance: bash_operator_dag.first_task 2021-03-23T00:00:00+00:00 [queued]>
[2021-04-25 00:05:25,812] {taskinstance.py:877} INFO - Dependencies all met for <TaskInstance: bash_operator_dag.first_task 2021-03-23T00:00:00+00:00 [queued]>
[2021-04-25 00:05:25,812] {taskinstance.py:1068} INFO - 
--------------------------------------------------------------------------------
[2021-04-25 00:05:25,813] {taskinstance.py:1069} INFO - Starting attempt 1 of 1
[2021-04-25 00:05:25,813] {taskinstance.py:1070} INFO - 
--------------------------------------------------------------------------------
[2021-04-25 00:05:25,871] {taskinstance.py:1089} INFO - Executing <Task(BashOperator): first_task> on 2021-03-23T00:00:00+00:00
[2021-04-25 00:05:25,877] {standard_task_runner.py:52} INFO - Started process 1213 to run task
[2021-04-25 00:05:25,899] {standard_task_runner.py:76} INFO - Running: ['airflow', 'tasks', 'run', 'bash_operator_dag', 'first_task', '2021-03-23T00:00:00+00:00', '--job-id', '438', '--pool', 'default_pool', '--raw', '--subdir', 'DAGS_FOLDER/simple_bash_operator_dag.py', '--cfg-path', '/tmp/tmprw30w6w4', '--error-file', '/tmp/tmpjm1nxixh']
[2021-04-25 00:05:25,900] {standard_task_runner.py:77} INFO - Job 438: Subtask first_task
[2021-04-25 00:05:26,018] {logging_mixin.py:104} INFO - Running <TaskInstance: bash_operator_dag.first_task 2021-03-23T00:00:00+00:00 [running]> on host 4a00a306afdc
[2021-04-25 00:05:26,141] {taskinstance.py:1283} INFO - Exporting the following env vars:
AIRFLOW_CTX_DAG_OWNER=airflow
AIRFLOW_CTX_DAG_ID=bash_operator_dag
AIRFLOW_CTX_TASK_ID=first_task
AIRFLOW_CTX_EXECUTION_DATE=2021-03-23T00:00:00+00:00
AIRFLOW_CTX_DAG_RUN_ID=scheduled__2021-03-23T00:00:00+00:00
[2021-04-25 00:05:26,143] {bash.py:135} INFO - Tmp dir root location: 
 /tmp
[2021-04-25 00:05:26,144] {bash.py:158} INFO - Running command: echo "testing first bash operator"
[2021-04-25 00:05:26,157] {bash.py:169} INFO - Output:
[2021-04-25 00:05:26,159] {bash.py:173} INFO - testing first bash operator
[2021-04-25 00:05:26,160] {bash.py:177} INFO - Command exited with return code 0
[2021-04-25 00:05:26,214] {taskinstance.py:1192} INFO - Marking task as SUCCESS. dag_id=bash_operator_dag, task_id=first_task, execution_date=20210323T000000, start_date=20210425T000525, end_date=20210425T000526
[2021-04-25 00:05:26,272] {taskinstance.py:1246} INFO - 1 downstream tasks scheduled from follow-on schedule check
[2021-04-25 00:05:26,307] {local_task_job.py:146} INFO - Task exited with return code 0
[2021-04-25 00:08:33,772] {taskinstance.py:877} INFO - Dependencies all met for <TaskInstance: bash_operator_dag.first_task 2021-03-23T00:00:00+00:00 [queued]>
[2021-04-25 00:08:33,828] {taskinstance.py:877} INFO - Dependencies all met for <TaskInstance: bash_operator_dag.first_task 2021-03-23T00:00:00+00:00 [queued]>
[2021-04-25 00:08:33,831] {taskinstance.py:1068} INFO - 
--------------------------------------------------------------------------------
[2021-04-25 00:08:33,833] {taskinstance.py:1069} INFO - Starting attempt 1 of 3
[2021-04-25 00:08:33,833] {taskinstance.py:1070} INFO - 
--------------------------------------------------------------------------------
[2021-04-25 00:08:33,899] {taskinstance.py:1089} INFO - Executing <Task(BashOperator): first_task> on 2021-03-23T00:00:00+00:00
[2021-04-25 00:08:33,905] {standard_task_runner.py:52} INFO - Started process 1777 to run task
[2021-04-25 00:08:33,940] {standard_task_runner.py:76} INFO - Running: ['airflow', 'tasks', 'run', 'bash_operator_dag', 'first_task', '2021-03-23T00:00:00+00:00', '--job-id', '626', '--pool', 'default_pool', '--raw', '--subdir', 'DAGS_FOLDER/simple_bash_operator_dag.py', '--cfg-path', '/tmp/tmp1x6u4g62', '--error-file', '/tmp/tmpmho5fs0p']
[2021-04-25 00:08:33,949] {standard_task_runner.py:77} INFO - Job 626: Subtask first_task
[2021-04-25 00:08:34,177] {logging_mixin.py:104} INFO - Running <TaskInstance: bash_operator_dag.first_task 2021-03-23T00:00:00+00:00 [running]> on host 4a00a306afdc
[2021-04-25 00:08:34,315] {taskinstance.py:1283} INFO - Exporting the following env vars:
AIRFLOW_CTX_DAG_OWNER=airflow
AIRFLOW_CTX_DAG_ID=bash_operator_dag
AIRFLOW_CTX_TASK_ID=first_task
AIRFLOW_CTX_EXECUTION_DATE=2021-03-23T00:00:00+00:00
AIRFLOW_CTX_DAG_RUN_ID=scheduled__2021-03-23T00:00:00+00:00
[2021-04-25 00:08:34,323] {bash.py:135} INFO - Tmp dir root location: 
 /tmp
[2021-04-25 00:08:34,326] {bash.py:158} INFO - Running command: echo "testing first bash operator"
[2021-04-25 00:08:34,345] {bash.py:169} INFO - Output:
[2021-04-25 00:08:34,353] {bash.py:173} INFO - testing first bash operator
[2021-04-25 00:08:34,355] {bash.py:177} INFO - Command exited with return code 0
[2021-04-25 00:08:34,466] {taskinstance.py:1192} INFO - Marking task as SUCCESS. dag_id=bash_operator_dag, task_id=first_task, execution_date=20210323T000000, start_date=20210425T000833, end_date=20210425T000834
[2021-04-25 00:08:34,615] {taskinstance.py:1246} INFO - 1 downstream tasks scheduled from follow-on schedule check
[2021-04-25 00:08:34,663] {local_task_job.py:146} INFO - Task exited with return code 0
