[2021-04-25 00:05:24,577] {taskinstance.py:877} INFO - Dependencies all met for <TaskInstance: bash_operator_dag.second_task 2021-03-18T00:00:00+00:00 [queued]>
[2021-04-25 00:05:24,600] {taskinstance.py:877} INFO - Dependencies all met for <TaskInstance: bash_operator_dag.second_task 2021-03-18T00:00:00+00:00 [queued]>
[2021-04-25 00:05:24,600] {taskinstance.py:1068} INFO - 
--------------------------------------------------------------------------------
[2021-04-25 00:05:24,601] {taskinstance.py:1069} INFO - Starting attempt 1 of 1
[2021-04-25 00:05:24,601] {taskinstance.py:1070} INFO - 
--------------------------------------------------------------------------------
[2021-04-25 00:05:24,629] {taskinstance.py:1089} INFO - Executing <Task(BashOperator): second_task> on 2021-03-18T00:00:00+00:00
[2021-04-25 00:05:24,636] {standard_task_runner.py:52} INFO - Started process 1202 to run task
[2021-04-25 00:05:24,647] {standard_task_runner.py:76} INFO - Running: ['airflow', 'tasks', 'run', 'bash_operator_dag', 'second_task', '2021-03-18T00:00:00+00:00', '--job-id', '435', '--pool', 'default_pool', '--raw', '--subdir', 'DAGS_FOLDER/simple_bash_operator_dag.py', '--cfg-path', '/tmp/tmp2nyjski6', '--error-file', '/tmp/tmp_cldvs95']
[2021-04-25 00:05:24,648] {standard_task_runner.py:77} INFO - Job 435: Subtask second_task
[2021-04-25 00:05:24,755] {logging_mixin.py:104} INFO - Running <TaskInstance: bash_operator_dag.second_task 2021-03-18T00:00:00+00:00 [running]> on host 4a00a306afdc
[2021-04-25 00:05:24,886] {taskinstance.py:1283} INFO - Exporting the following env vars:
AIRFLOW_CTX_DAG_OWNER=airflow
AIRFLOW_CTX_DAG_ID=bash_operator_dag
AIRFLOW_CTX_TASK_ID=second_task
AIRFLOW_CTX_EXECUTION_DATE=2021-03-18T00:00:00+00:00
AIRFLOW_CTX_DAG_RUN_ID=scheduled__2021-03-18T00:00:00+00:00
[2021-04-25 00:05:24,887] {bash.py:135} INFO - Tmp dir root location: 
 /tmp
[2021-04-25 00:05:24,890] {bash.py:158} INFO - Running command: echo "testing second bash operator"
[2021-04-25 00:05:24,915] {bash.py:169} INFO - Output:
[2021-04-25 00:05:24,920] {bash.py:173} INFO - testing second bash operator
[2021-04-25 00:05:24,923] {bash.py:177} INFO - Command exited with return code 0
[2021-04-25 00:05:24,996] {taskinstance.py:1192} INFO - Marking task as SUCCESS. dag_id=bash_operator_dag, task_id=second_task, execution_date=20210318T000000, start_date=20210425T000524, end_date=20210425T000524
[2021-04-25 00:05:25,081] {taskinstance.py:1246} INFO - 0 downstream tasks scheduled from follow-on schedule check
[2021-04-25 00:05:25,103] {local_task_job.py:146} INFO - Task exited with return code 0
[2021-04-25 00:08:32,004] {taskinstance.py:877} INFO - Dependencies all met for <TaskInstance: bash_operator_dag.second_task 2021-03-18T00:00:00+00:00 [queued]>
[2021-04-25 00:08:32,036] {taskinstance.py:877} INFO - Dependencies all met for <TaskInstance: bash_operator_dag.second_task 2021-03-18T00:00:00+00:00 [queued]>
[2021-04-25 00:08:32,040] {taskinstance.py:1068} INFO - 
--------------------------------------------------------------------------------
[2021-04-25 00:08:32,040] {taskinstance.py:1069} INFO - Starting attempt 1 of 3
[2021-04-25 00:08:32,041] {taskinstance.py:1070} INFO - 
--------------------------------------------------------------------------------
[2021-04-25 00:08:32,106] {taskinstance.py:1089} INFO - Executing <Task(BashOperator): second_task> on 2021-03-18T00:00:00+00:00
[2021-04-25 00:08:32,118] {standard_task_runner.py:52} INFO - Started process 1763 to run task
[2021-04-25 00:08:32,143] {standard_task_runner.py:76} INFO - Running: ['airflow', 'tasks', 'run', 'bash_operator_dag', 'second_task', '2021-03-18T00:00:00+00:00', '--job-id', '623', '--pool', 'default_pool', '--raw', '--subdir', 'DAGS_FOLDER/simple_bash_operator_dag.py', '--cfg-path', '/tmp/tmpvamh364m', '--error-file', '/tmp/tmpdslujnag']
[2021-04-25 00:08:32,144] {standard_task_runner.py:77} INFO - Job 623: Subtask second_task
[2021-04-25 00:08:32,268] {logging_mixin.py:104} INFO - Running <TaskInstance: bash_operator_dag.second_task 2021-03-18T00:00:00+00:00 [running]> on host 4a00a306afdc
[2021-04-25 00:08:32,411] {taskinstance.py:1283} INFO - Exporting the following env vars:
AIRFLOW_CTX_DAG_OWNER=airflow
AIRFLOW_CTX_DAG_ID=bash_operator_dag
AIRFLOW_CTX_TASK_ID=second_task
AIRFLOW_CTX_EXECUTION_DATE=2021-03-18T00:00:00+00:00
AIRFLOW_CTX_DAG_RUN_ID=scheduled__2021-03-18T00:00:00+00:00
[2021-04-25 00:08:32,413] {bash.py:135} INFO - Tmp dir root location: 
 /tmp
[2021-04-25 00:08:32,422] {bash.py:158} INFO - Running command: echo "testing second bash operator"
[2021-04-25 00:08:32,444] {bash.py:169} INFO - Output:
[2021-04-25 00:08:32,445] {bash.py:173} INFO - testing second bash operator
[2021-04-25 00:08:32,446] {bash.py:177} INFO - Command exited with return code 0
[2021-04-25 00:08:32,513] {taskinstance.py:1192} INFO - Marking task as SUCCESS. dag_id=bash_operator_dag, task_id=second_task, execution_date=20210318T000000, start_date=20210425T000832, end_date=20210425T000832
[2021-04-25 00:08:32,694] {taskinstance.py:1246} INFO - 0 downstream tasks scheduled from follow-on schedule check
[2021-04-25 00:08:32,721] {local_task_job.py:146} INFO - Task exited with return code 0
