[2021-04-25 06:55:50,980] {scheduler_job.py:182} INFO - Started process (PID=3004) to work on /opt/airflow/dags/simple_python_operator.py
[2021-04-25 06:55:50,981] {scheduler_job.py:629} INFO - Processing file /opt/airflow/dags/simple_python_operator.py for tasks to queue
[2021-04-25 06:55:50,981] {logging_mixin.py:104} INFO - [2021-04-25 06:55:50,981] {dagbag.py:451} INFO - Filling up the DagBag from /opt/airflow/dags/simple_python_operator.py
[2021-04-25 06:55:50,990] {logging_mixin.py:104} INFO - [2021-04-25 06:55:50,983] {dagbag.py:308} ERROR - Failed to import: /opt/airflow/dags/simple_python_operator.py
Traceback (most recent call last):
  File "/home/airflow/.local/lib/python3.6/site-packages/airflow/models/dagbag.py", line 305, in _load_modules_from_file
    loader.exec_module(new_module)
  File "<frozen importlib._bootstrap_external>", line 674, in exec_module
  File "<frozen importlib._bootstrap_external>", line 781, in get_code
  File "<frozen importlib._bootstrap_external>", line 741, in source_to_code
  File "<frozen importlib._bootstrap>", line 219, in _call_with_frames_removed
  File "/opt/airflow/dags/simple_python_operator.py", line 15
    ) as dag:
            ^
SyntaxError: unexpected EOF while parsing
[2021-04-25 06:55:50,991] {scheduler_job.py:641} WARNING - No viable dags retrieved from /opt/airflow/dags/simple_python_operator.py
[2021-04-25 06:55:51,023] {scheduler_job.py:190} INFO - Processing /opt/airflow/dags/simple_python_operator.py took 0.047 seconds
[2021-04-25 06:56:21,816] {scheduler_job.py:182} INFO - Started process (PID=3032) to work on /opt/airflow/dags/simple_python_operator.py
[2021-04-25 06:56:21,817] {scheduler_job.py:629} INFO - Processing file /opt/airflow/dags/simple_python_operator.py for tasks to queue
[2021-04-25 06:56:21,818] {logging_mixin.py:104} INFO - [2021-04-25 06:56:21,818] {dagbag.py:451} INFO - Filling up the DagBag from /opt/airflow/dags/simple_python_operator.py
[2021-04-25 06:56:21,820] {logging_mixin.py:104} INFO - [2021-04-25 06:56:21,819] {dagbag.py:308} ERROR - Failed to import: /opt/airflow/dags/simple_python_operator.py
Traceback (most recent call last):
  File "/home/airflow/.local/lib/python3.6/site-packages/airflow/models/dagbag.py", line 305, in _load_modules_from_file
    loader.exec_module(new_module)
  File "<frozen importlib._bootstrap_external>", line 674, in exec_module
  File "<frozen importlib._bootstrap_external>", line 781, in get_code
  File "<frozen importlib._bootstrap_external>", line 741, in source_to_code
  File "<frozen importlib._bootstrap>", line 219, in _call_with_frames_removed
  File "/opt/airflow/dags/simple_python_operator.py", line 15
    ) as dag:
            ^
SyntaxError: unexpected EOF while parsing
[2021-04-25 06:56:21,821] {scheduler_job.py:641} WARNING - No viable dags retrieved from /opt/airflow/dags/simple_python_operator.py
[2021-04-25 06:56:21,845] {scheduler_job.py:190} INFO - Processing /opt/airflow/dags/simple_python_operator.py took 0.033 seconds
[2021-04-25 06:56:52,134] {scheduler_job.py:182} INFO - Started process (PID=3060) to work on /opt/airflow/dags/simple_python_operator.py
[2021-04-25 06:56:52,136] {scheduler_job.py:629} INFO - Processing file /opt/airflow/dags/simple_python_operator.py for tasks to queue
[2021-04-25 06:56:52,137] {logging_mixin.py:104} INFO - [2021-04-25 06:56:52,137] {dagbag.py:451} INFO - Filling up the DagBag from /opt/airflow/dags/simple_python_operator.py
[2021-04-25 06:56:52,140] {logging_mixin.py:104} INFO - [2021-04-25 06:56:52,139] {dagbag.py:308} ERROR - Failed to import: /opt/airflow/dags/simple_python_operator.py
Traceback (most recent call last):
  File "/home/airflow/.local/lib/python3.6/site-packages/airflow/models/dagbag.py", line 305, in _load_modules_from_file
    loader.exec_module(new_module)
  File "<frozen importlib._bootstrap_external>", line 674, in exec_module
  File "<frozen importlib._bootstrap_external>", line 781, in get_code
  File "<frozen importlib._bootstrap_external>", line 741, in source_to_code
  File "<frozen importlib._bootstrap>", line 219, in _call_with_frames_removed
  File "/opt/airflow/dags/simple_python_operator.py", line 15
    ) as dag:
            ^
SyntaxError: unexpected EOF while parsing
[2021-04-25 06:56:52,141] {scheduler_job.py:641} WARNING - No viable dags retrieved from /opt/airflow/dags/simple_python_operator.py
[2021-04-25 06:56:52,166] {scheduler_job.py:190} INFO - Processing /opt/airflow/dags/simple_python_operator.py took 0.036 seconds
[2021-04-25 06:57:22,939] {scheduler_job.py:182} INFO - Started process (PID=3088) to work on /opt/airflow/dags/simple_python_operator.py
[2021-04-25 06:57:22,941] {scheduler_job.py:629} INFO - Processing file /opt/airflow/dags/simple_python_operator.py for tasks to queue
[2021-04-25 06:57:22,941] {logging_mixin.py:104} INFO - [2021-04-25 06:57:22,941] {dagbag.py:451} INFO - Filling up the DagBag from /opt/airflow/dags/simple_python_operator.py
[2021-04-25 06:57:22,944] {logging_mixin.py:104} INFO - [2021-04-25 06:57:22,943] {dagbag.py:308} ERROR - Failed to import: /opt/airflow/dags/simple_python_operator.py
Traceback (most recent call last):
  File "/home/airflow/.local/lib/python3.6/site-packages/airflow/models/dagbag.py", line 305, in _load_modules_from_file
    loader.exec_module(new_module)
  File "<frozen importlib._bootstrap_external>", line 674, in exec_module
  File "<frozen importlib._bootstrap_external>", line 781, in get_code
  File "<frozen importlib._bootstrap_external>", line 741, in source_to_code
  File "<frozen importlib._bootstrap>", line 219, in _call_with_frames_removed
  File "/opt/airflow/dags/simple_python_operator.py", line 15
    ) as dag:
            ^
SyntaxError: unexpected EOF while parsing
[2021-04-25 06:57:22,945] {scheduler_job.py:641} WARNING - No viable dags retrieved from /opt/airflow/dags/simple_python_operator.py
[2021-04-25 06:57:22,966] {scheduler_job.py:190} INFO - Processing /opt/airflow/dags/simple_python_operator.py took 0.030 seconds
[2021-04-25 06:57:53,379] {scheduler_job.py:182} INFO - Started process (PID=3116) to work on /opt/airflow/dags/simple_python_operator.py
[2021-04-25 06:57:53,380] {scheduler_job.py:629} INFO - Processing file /opt/airflow/dags/simple_python_operator.py for tasks to queue
[2021-04-25 06:57:53,380] {logging_mixin.py:104} INFO - [2021-04-25 06:57:53,380] {dagbag.py:451} INFO - Filling up the DagBag from /opt/airflow/dags/simple_python_operator.py
[2021-04-25 06:57:53,383] {logging_mixin.py:104} INFO - [2021-04-25 06:57:53,382] {dagbag.py:308} ERROR - Failed to import: /opt/airflow/dags/simple_python_operator.py
Traceback (most recent call last):
  File "/home/airflow/.local/lib/python3.6/site-packages/airflow/models/dagbag.py", line 305, in _load_modules_from_file
    loader.exec_module(new_module)
  File "<frozen importlib._bootstrap_external>", line 674, in exec_module
  File "<frozen importlib._bootstrap_external>", line 781, in get_code
  File "<frozen importlib._bootstrap_external>", line 741, in source_to_code
  File "<frozen importlib._bootstrap>", line 219, in _call_with_frames_removed
  File "/opt/airflow/dags/simple_python_operator.py", line 15
    ) as dag:
            ^
SyntaxError: unexpected EOF while parsing
[2021-04-25 06:57:53,383] {scheduler_job.py:641} WARNING - No viable dags retrieved from /opt/airflow/dags/simple_python_operator.py
[2021-04-25 06:57:53,411] {scheduler_job.py:190} INFO - Processing /opt/airflow/dags/simple_python_operator.py took 0.035 seconds
[2021-04-25 06:58:23,591] {scheduler_job.py:182} INFO - Started process (PID=3144) to work on /opt/airflow/dags/simple_python_operator.py
[2021-04-25 06:58:23,593] {scheduler_job.py:629} INFO - Processing file /opt/airflow/dags/simple_python_operator.py for tasks to queue
[2021-04-25 06:58:23,593] {logging_mixin.py:104} INFO - [2021-04-25 06:58:23,593] {dagbag.py:451} INFO - Filling up the DagBag from /opt/airflow/dags/simple_python_operator.py
[2021-04-25 06:58:23,595] {logging_mixin.py:104} INFO - [2021-04-25 06:58:23,595] {dagbag.py:308} ERROR - Failed to import: /opt/airflow/dags/simple_python_operator.py
Traceback (most recent call last):
  File "/home/airflow/.local/lib/python3.6/site-packages/airflow/models/dagbag.py", line 305, in _load_modules_from_file
    loader.exec_module(new_module)
  File "<frozen importlib._bootstrap_external>", line 674, in exec_module
  File "<frozen importlib._bootstrap_external>", line 781, in get_code
  File "<frozen importlib._bootstrap_external>", line 741, in source_to_code
  File "<frozen importlib._bootstrap>", line 219, in _call_with_frames_removed
  File "/opt/airflow/dags/simple_python_operator.py", line 15
    ) as dag:
            ^
SyntaxError: unexpected EOF while parsing
[2021-04-25 06:58:23,596] {scheduler_job.py:641} WARNING - No viable dags retrieved from /opt/airflow/dags/simple_python_operator.py
[2021-04-25 06:58:23,619] {scheduler_job.py:190} INFO - Processing /opt/airflow/dags/simple_python_operator.py took 0.030 seconds
[2021-04-25 06:58:53,928] {scheduler_job.py:182} INFO - Started process (PID=3172) to work on /opt/airflow/dags/simple_python_operator.py
[2021-04-25 06:58:53,929] {scheduler_job.py:629} INFO - Processing file /opt/airflow/dags/simple_python_operator.py for tasks to queue
[2021-04-25 06:58:53,930] {logging_mixin.py:104} INFO - [2021-04-25 06:58:53,930] {dagbag.py:451} INFO - Filling up the DagBag from /opt/airflow/dags/simple_python_operator.py
[2021-04-25 06:58:53,932] {logging_mixin.py:104} INFO - [2021-04-25 06:58:53,932] {dagbag.py:308} ERROR - Failed to import: /opt/airflow/dags/simple_python_operator.py
Traceback (most recent call last):
  File "/home/airflow/.local/lib/python3.6/site-packages/airflow/models/dagbag.py", line 305, in _load_modules_from_file
    loader.exec_module(new_module)
  File "<frozen importlib._bootstrap_external>", line 674, in exec_module
  File "<frozen importlib._bootstrap_external>", line 781, in get_code
  File "<frozen importlib._bootstrap_external>", line 741, in source_to_code
  File "<frozen importlib._bootstrap>", line 219, in _call_with_frames_removed
  File "/opt/airflow/dags/simple_python_operator.py", line 15
    ) as dag:
            ^
SyntaxError: unexpected EOF while parsing
[2021-04-25 06:58:53,933] {scheduler_job.py:641} WARNING - No viable dags retrieved from /opt/airflow/dags/simple_python_operator.py
[2021-04-25 06:58:53,955] {scheduler_job.py:190} INFO - Processing /opt/airflow/dags/simple_python_operator.py took 0.032 seconds
[2021-04-25 06:59:24,206] {scheduler_job.py:182} INFO - Started process (PID=3200) to work on /opt/airflow/dags/simple_python_operator.py
[2021-04-25 06:59:24,207] {scheduler_job.py:629} INFO - Processing file /opt/airflow/dags/simple_python_operator.py for tasks to queue
[2021-04-25 06:59:24,208] {logging_mixin.py:104} INFO - [2021-04-25 06:59:24,208] {dagbag.py:451} INFO - Filling up the DagBag from /opt/airflow/dags/simple_python_operator.py
[2021-04-25 06:59:24,210] {logging_mixin.py:104} INFO - [2021-04-25 06:59:24,209] {dagbag.py:308} ERROR - Failed to import: /opt/airflow/dags/simple_python_operator.py
Traceback (most recent call last):
  File "/home/airflow/.local/lib/python3.6/site-packages/airflow/models/dagbag.py", line 305, in _load_modules_from_file
    loader.exec_module(new_module)
  File "<frozen importlib._bootstrap_external>", line 674, in exec_module
  File "<frozen importlib._bootstrap_external>", line 781, in get_code
  File "<frozen importlib._bootstrap_external>", line 741, in source_to_code
  File "<frozen importlib._bootstrap>", line 219, in _call_with_frames_removed
  File "/opt/airflow/dags/simple_python_operator.py", line 15
    ) as dag:
            ^
SyntaxError: unexpected EOF while parsing
[2021-04-25 06:59:24,210] {scheduler_job.py:641} WARNING - No viable dags retrieved from /opt/airflow/dags/simple_python_operator.py
[2021-04-25 06:59:24,231] {scheduler_job.py:190} INFO - Processing /opt/airflow/dags/simple_python_operator.py took 0.029 seconds
[2021-04-25 06:59:54,569] {scheduler_job.py:182} INFO - Started process (PID=3228) to work on /opt/airflow/dags/simple_python_operator.py
[2021-04-25 06:59:54,571] {scheduler_job.py:629} INFO - Processing file /opt/airflow/dags/simple_python_operator.py for tasks to queue
[2021-04-25 06:59:54,571] {logging_mixin.py:104} INFO - [2021-04-25 06:59:54,571] {dagbag.py:451} INFO - Filling up the DagBag from /opt/airflow/dags/simple_python_operator.py
[2021-04-25 06:59:54,573] {logging_mixin.py:104} INFO - [2021-04-25 06:59:54,573] {dagbag.py:308} ERROR - Failed to import: /opt/airflow/dags/simple_python_operator.py
Traceback (most recent call last):
  File "/home/airflow/.local/lib/python3.6/site-packages/airflow/models/dagbag.py", line 305, in _load_modules_from_file
    loader.exec_module(new_module)
  File "<frozen importlib._bootstrap_external>", line 674, in exec_module
  File "<frozen importlib._bootstrap_external>", line 781, in get_code
  File "<frozen importlib._bootstrap_external>", line 741, in source_to_code
  File "<frozen importlib._bootstrap>", line 219, in _call_with_frames_removed
  File "/opt/airflow/dags/simple_python_operator.py", line 15
    ) as dag:
            ^
SyntaxError: unexpected EOF while parsing
[2021-04-25 06:59:54,574] {scheduler_job.py:641} WARNING - No viable dags retrieved from /opt/airflow/dags/simple_python_operator.py
[2021-04-25 06:59:54,591] {scheduler_job.py:190} INFO - Processing /opt/airflow/dags/simple_python_operator.py took 0.025 seconds
[2021-04-25 07:00:24,831] {scheduler_job.py:182} INFO - Started process (PID=3256) to work on /opt/airflow/dags/simple_python_operator.py
[2021-04-25 07:00:24,832] {scheduler_job.py:629} INFO - Processing file /opt/airflow/dags/simple_python_operator.py for tasks to queue
[2021-04-25 07:00:24,833] {logging_mixin.py:104} INFO - [2021-04-25 07:00:24,833] {dagbag.py:451} INFO - Filling up the DagBag from /opt/airflow/dags/simple_python_operator.py
[2021-04-25 07:00:24,836] {logging_mixin.py:104} INFO - [2021-04-25 07:00:24,835] {dagbag.py:308} ERROR - Failed to import: /opt/airflow/dags/simple_python_operator.py
Traceback (most recent call last):
  File "/home/airflow/.local/lib/python3.6/site-packages/airflow/models/dagbag.py", line 305, in _load_modules_from_file
    loader.exec_module(new_module)
  File "<frozen importlib._bootstrap_external>", line 674, in exec_module
  File "<frozen importlib._bootstrap_external>", line 781, in get_code
  File "<frozen importlib._bootstrap_external>", line 741, in source_to_code
  File "<frozen importlib._bootstrap>", line 219, in _call_with_frames_removed
  File "/opt/airflow/dags/simple_python_operator.py", line 15
    ) as dag:
            ^
SyntaxError: unexpected EOF while parsing
[2021-04-25 07:00:24,836] {scheduler_job.py:641} WARNING - No viable dags retrieved from /opt/airflow/dags/simple_python_operator.py
[2021-04-25 07:00:24,855] {scheduler_job.py:190} INFO - Processing /opt/airflow/dags/simple_python_operator.py took 0.027 seconds
[2021-04-25 07:00:55,139] {scheduler_job.py:182} INFO - Started process (PID=3284) to work on /opt/airflow/dags/simple_python_operator.py
[2021-04-25 07:00:55,142] {scheduler_job.py:629} INFO - Processing file /opt/airflow/dags/simple_python_operator.py for tasks to queue
[2021-04-25 07:00:55,144] {logging_mixin.py:104} INFO - [2021-04-25 07:00:55,144] {dagbag.py:451} INFO - Filling up the DagBag from /opt/airflow/dags/simple_python_operator.py
[2021-04-25 07:00:55,147] {logging_mixin.py:104} INFO - [2021-04-25 07:00:55,146] {dagbag.py:308} ERROR - Failed to import: /opt/airflow/dags/simple_python_operator.py
Traceback (most recent call last):
  File "/home/airflow/.local/lib/python3.6/site-packages/airflow/models/dagbag.py", line 305, in _load_modules_from_file
    loader.exec_module(new_module)
  File "<frozen importlib._bootstrap_external>", line 674, in exec_module
  File "<frozen importlib._bootstrap_external>", line 781, in get_code
  File "<frozen importlib._bootstrap_external>", line 741, in source_to_code
  File "<frozen importlib._bootstrap>", line 219, in _call_with_frames_removed
  File "/opt/airflow/dags/simple_python_operator.py", line 15
    ) as dag:
            ^
SyntaxError: unexpected EOF while parsing
[2021-04-25 07:00:55,148] {scheduler_job.py:641} WARNING - No viable dags retrieved from /opt/airflow/dags/simple_python_operator.py
[2021-04-25 07:00:55,196] {scheduler_job.py:190} INFO - Processing /opt/airflow/dags/simple_python_operator.py took 0.066 seconds
[2021-04-25 07:01:25,857] {scheduler_job.py:182} INFO - Started process (PID=3312) to work on /opt/airflow/dags/simple_python_operator.py
[2021-04-25 07:01:25,858] {scheduler_job.py:629} INFO - Processing file /opt/airflow/dags/simple_python_operator.py for tasks to queue
[2021-04-25 07:01:25,859] {logging_mixin.py:104} INFO - [2021-04-25 07:01:25,859] {dagbag.py:451} INFO - Filling up the DagBag from /opt/airflow/dags/simple_python_operator.py
[2021-04-25 07:01:25,861] {logging_mixin.py:104} INFO - [2021-04-25 07:01:25,861] {dagbag.py:308} ERROR - Failed to import: /opt/airflow/dags/simple_python_operator.py
Traceback (most recent call last):
  File "/home/airflow/.local/lib/python3.6/site-packages/airflow/models/dagbag.py", line 305, in _load_modules_from_file
    loader.exec_module(new_module)
  File "<frozen importlib._bootstrap_external>", line 674, in exec_module
  File "<frozen importlib._bootstrap_external>", line 781, in get_code
  File "<frozen importlib._bootstrap_external>", line 741, in source_to_code
  File "<frozen importlib._bootstrap>", line 219, in _call_with_frames_removed
  File "/opt/airflow/dags/simple_python_operator.py", line 15
    ) as dag:
            ^
SyntaxError: unexpected EOF while parsing
[2021-04-25 07:01:25,862] {scheduler_job.py:641} WARNING - No viable dags retrieved from /opt/airflow/dags/simple_python_operator.py
[2021-04-25 07:01:25,888] {scheduler_job.py:190} INFO - Processing /opt/airflow/dags/simple_python_operator.py took 0.035 seconds
[2021-04-25 07:01:56,666] {scheduler_job.py:182} INFO - Started process (PID=3340) to work on /opt/airflow/dags/simple_python_operator.py
[2021-04-25 07:01:56,668] {scheduler_job.py:629} INFO - Processing file /opt/airflow/dags/simple_python_operator.py for tasks to queue
[2021-04-25 07:01:56,669] {logging_mixin.py:104} INFO - [2021-04-25 07:01:56,669] {dagbag.py:451} INFO - Filling up the DagBag from /opt/airflow/dags/simple_python_operator.py
[2021-04-25 07:01:56,671] {logging_mixin.py:104} INFO - [2021-04-25 07:01:56,671] {dagbag.py:308} ERROR - Failed to import: /opt/airflow/dags/simple_python_operator.py
Traceback (most recent call last):
  File "/home/airflow/.local/lib/python3.6/site-packages/airflow/models/dagbag.py", line 305, in _load_modules_from_file
    loader.exec_module(new_module)
  File "<frozen importlib._bootstrap_external>", line 674, in exec_module
  File "<frozen importlib._bootstrap_external>", line 781, in get_code
  File "<frozen importlib._bootstrap_external>", line 741, in source_to_code
  File "<frozen importlib._bootstrap>", line 219, in _call_with_frames_removed
  File "/opt/airflow/dags/simple_python_operator.py", line 15
    ) as dag:
            ^
SyntaxError: unexpected EOF while parsing
[2021-04-25 07:01:56,672] {scheduler_job.py:641} WARNING - No viable dags retrieved from /opt/airflow/dags/simple_python_operator.py
[2021-04-25 07:01:56,695] {scheduler_job.py:190} INFO - Processing /opt/airflow/dags/simple_python_operator.py took 0.032 seconds
[2021-04-25 07:02:27,234] {scheduler_job.py:182} INFO - Started process (PID=3368) to work on /opt/airflow/dags/simple_python_operator.py
[2021-04-25 07:02:27,236] {scheduler_job.py:629} INFO - Processing file /opt/airflow/dags/simple_python_operator.py for tasks to queue
[2021-04-25 07:02:27,237] {logging_mixin.py:104} INFO - [2021-04-25 07:02:27,236] {dagbag.py:451} INFO - Filling up the DagBag from /opt/airflow/dags/simple_python_operator.py
[2021-04-25 07:02:27,239] {logging_mixin.py:104} INFO - [2021-04-25 07:02:27,238] {dagbag.py:308} ERROR - Failed to import: /opt/airflow/dags/simple_python_operator.py
Traceback (most recent call last):
  File "/home/airflow/.local/lib/python3.6/site-packages/airflow/models/dagbag.py", line 305, in _load_modules_from_file
    loader.exec_module(new_module)
  File "<frozen importlib._bootstrap_external>", line 674, in exec_module
  File "<frozen importlib._bootstrap_external>", line 781, in get_code
  File "<frozen importlib._bootstrap_external>", line 741, in source_to_code
  File "<frozen importlib._bootstrap>", line 219, in _call_with_frames_removed
  File "/opt/airflow/dags/simple_python_operator.py", line 15
    ) as dag:
            ^
SyntaxError: unexpected EOF while parsing
[2021-04-25 07:02:27,239] {scheduler_job.py:641} WARNING - No viable dags retrieved from /opt/airflow/dags/simple_python_operator.py
[2021-04-25 07:02:27,262] {scheduler_job.py:190} INFO - Processing /opt/airflow/dags/simple_python_operator.py took 0.032 seconds
[2021-04-25 07:02:57,533] {scheduler_job.py:182} INFO - Started process (PID=3396) to work on /opt/airflow/dags/simple_python_operator.py
[2021-04-25 07:02:57,534] {scheduler_job.py:629} INFO - Processing file /opt/airflow/dags/simple_python_operator.py for tasks to queue
[2021-04-25 07:02:57,537] {logging_mixin.py:104} INFO - [2021-04-25 07:02:57,537] {dagbag.py:451} INFO - Filling up the DagBag from /opt/airflow/dags/simple_python_operator.py
[2021-04-25 07:02:57,540] {logging_mixin.py:104} INFO - [2021-04-25 07:02:57,539] {dagbag.py:308} ERROR - Failed to import: /opt/airflow/dags/simple_python_operator.py
Traceback (most recent call last):
  File "/home/airflow/.local/lib/python3.6/site-packages/airflow/models/dagbag.py", line 305, in _load_modules_from_file
    loader.exec_module(new_module)
  File "<frozen importlib._bootstrap_external>", line 674, in exec_module
  File "<frozen importlib._bootstrap_external>", line 781, in get_code
  File "<frozen importlib._bootstrap_external>", line 741, in source_to_code
  File "<frozen importlib._bootstrap>", line 219, in _call_with_frames_removed
  File "/opt/airflow/dags/simple_python_operator.py", line 15
    ) as dag:
            ^
SyntaxError: unexpected EOF while parsing
[2021-04-25 07:02:57,540] {scheduler_job.py:641} WARNING - No viable dags retrieved from /opt/airflow/dags/simple_python_operator.py
[2021-04-25 07:02:57,564] {scheduler_job.py:190} INFO - Processing /opt/airflow/dags/simple_python_operator.py took 0.034 seconds
[2021-04-25 07:03:27,771] {scheduler_job.py:182} INFO - Started process (PID=3424) to work on /opt/airflow/dags/simple_python_operator.py
[2021-04-25 07:03:27,772] {scheduler_job.py:629} INFO - Processing file /opt/airflow/dags/simple_python_operator.py for tasks to queue
[2021-04-25 07:03:27,773] {logging_mixin.py:104} INFO - [2021-04-25 07:03:27,773] {dagbag.py:451} INFO - Filling up the DagBag from /opt/airflow/dags/simple_python_operator.py
[2021-04-25 07:03:27,775] {logging_mixin.py:104} INFO - [2021-04-25 07:03:27,775] {dagbag.py:308} ERROR - Failed to import: /opt/airflow/dags/simple_python_operator.py
Traceback (most recent call last):
  File "/home/airflow/.local/lib/python3.6/site-packages/airflow/models/dagbag.py", line 305, in _load_modules_from_file
    loader.exec_module(new_module)
  File "<frozen importlib._bootstrap_external>", line 674, in exec_module
  File "<frozen importlib._bootstrap_external>", line 781, in get_code
  File "<frozen importlib._bootstrap_external>", line 741, in source_to_code
  File "<frozen importlib._bootstrap>", line 219, in _call_with_frames_removed
  File "/opt/airflow/dags/simple_python_operator.py", line 15
    ) as dag:
            ^
SyntaxError: unexpected EOF while parsing
[2021-04-25 07:03:27,776] {scheduler_job.py:641} WARNING - No viable dags retrieved from /opt/airflow/dags/simple_python_operator.py
[2021-04-25 07:03:27,798] {scheduler_job.py:190} INFO - Processing /opt/airflow/dags/simple_python_operator.py took 0.030 seconds
[2021-04-25 07:03:58,029] {scheduler_job.py:182} INFO - Started process (PID=3452) to work on /opt/airflow/dags/simple_python_operator.py
[2021-04-25 07:03:58,030] {scheduler_job.py:629} INFO - Processing file /opt/airflow/dags/simple_python_operator.py for tasks to queue
[2021-04-25 07:03:58,031] {logging_mixin.py:104} INFO - [2021-04-25 07:03:58,030] {dagbag.py:451} INFO - Filling up the DagBag from /opt/airflow/dags/simple_python_operator.py
[2021-04-25 07:03:58,033] {logging_mixin.py:104} INFO - [2021-04-25 07:03:58,032] {dagbag.py:308} ERROR - Failed to import: /opt/airflow/dags/simple_python_operator.py
Traceback (most recent call last):
  File "/home/airflow/.local/lib/python3.6/site-packages/airflow/models/dagbag.py", line 305, in _load_modules_from_file
    loader.exec_module(new_module)
  File "<frozen importlib._bootstrap_external>", line 674, in exec_module
  File "<frozen importlib._bootstrap_external>", line 781, in get_code
  File "<frozen importlib._bootstrap_external>", line 741, in source_to_code
  File "<frozen importlib._bootstrap>", line 219, in _call_with_frames_removed
  File "/opt/airflow/dags/simple_python_operator.py", line 15
    ) as dag:
            ^
SyntaxError: unexpected EOF while parsing
[2021-04-25 07:03:58,033] {scheduler_job.py:641} WARNING - No viable dags retrieved from /opt/airflow/dags/simple_python_operator.py
[2021-04-25 07:03:58,058] {scheduler_job.py:190} INFO - Processing /opt/airflow/dags/simple_python_operator.py took 0.033 seconds
[2021-04-25 07:04:28,307] {scheduler_job.py:182} INFO - Started process (PID=3480) to work on /opt/airflow/dags/simple_python_operator.py
[2021-04-25 07:04:28,308] {scheduler_job.py:629} INFO - Processing file /opt/airflow/dags/simple_python_operator.py for tasks to queue
[2021-04-25 07:04:28,310] {logging_mixin.py:104} INFO - [2021-04-25 07:04:28,310] {dagbag.py:451} INFO - Filling up the DagBag from /opt/airflow/dags/simple_python_operator.py
[2021-04-25 07:04:28,312] {logging_mixin.py:104} INFO - [2021-04-25 07:04:28,311] {dagbag.py:308} ERROR - Failed to import: /opt/airflow/dags/simple_python_operator.py
Traceback (most recent call last):
  File "/home/airflow/.local/lib/python3.6/site-packages/airflow/models/dagbag.py", line 305, in _load_modules_from_file
    loader.exec_module(new_module)
  File "<frozen importlib._bootstrap_external>", line 674, in exec_module
  File "<frozen importlib._bootstrap_external>", line 781, in get_code
  File "<frozen importlib._bootstrap_external>", line 741, in source_to_code
  File "<frozen importlib._bootstrap>", line 219, in _call_with_frames_removed
  File "/opt/airflow/dags/simple_python_operator.py", line 15
    ) as dag:
            ^
SyntaxError: unexpected EOF while parsing
[2021-04-25 07:04:28,313] {scheduler_job.py:641} WARNING - No viable dags retrieved from /opt/airflow/dags/simple_python_operator.py
[2021-04-25 07:04:28,346] {scheduler_job.py:190} INFO - Processing /opt/airflow/dags/simple_python_operator.py took 0.043 seconds
[2021-04-25 07:04:58,564] {scheduler_job.py:182} INFO - Started process (PID=3508) to work on /opt/airflow/dags/simple_python_operator.py
[2021-04-25 07:04:58,566] {scheduler_job.py:629} INFO - Processing file /opt/airflow/dags/simple_python_operator.py for tasks to queue
[2021-04-25 07:04:58,567] {logging_mixin.py:104} INFO - [2021-04-25 07:04:58,567] {dagbag.py:451} INFO - Filling up the DagBag from /opt/airflow/dags/simple_python_operator.py
[2021-04-25 07:04:58,569] {logging_mixin.py:104} INFO - [2021-04-25 07:04:58,569] {dagbag.py:308} ERROR - Failed to import: /opt/airflow/dags/simple_python_operator.py
Traceback (most recent call last):
  File "/home/airflow/.local/lib/python3.6/site-packages/airflow/models/dagbag.py", line 305, in _load_modules_from_file
    loader.exec_module(new_module)
  File "<frozen importlib._bootstrap_external>", line 674, in exec_module
  File "<frozen importlib._bootstrap_external>", line 781, in get_code
  File "<frozen importlib._bootstrap_external>", line 741, in source_to_code
  File "<frozen importlib._bootstrap>", line 219, in _call_with_frames_removed
  File "/opt/airflow/dags/simple_python_operator.py", line 15
    ) as dag:
            ^
SyntaxError: unexpected EOF while parsing
[2021-04-25 07:04:58,570] {scheduler_job.py:641} WARNING - No viable dags retrieved from /opt/airflow/dags/simple_python_operator.py
[2021-04-25 07:04:58,595] {scheduler_job.py:190} INFO - Processing /opt/airflow/dags/simple_python_operator.py took 0.034 seconds
[2021-04-25 07:05:28,837] {scheduler_job.py:182} INFO - Started process (PID=3536) to work on /opt/airflow/dags/simple_python_operator.py
[2021-04-25 07:05:28,838] {scheduler_job.py:629} INFO - Processing file /opt/airflow/dags/simple_python_operator.py for tasks to queue
[2021-04-25 07:05:28,839] {logging_mixin.py:104} INFO - [2021-04-25 07:05:28,839] {dagbag.py:451} INFO - Filling up the DagBag from /opt/airflow/dags/simple_python_operator.py
[2021-04-25 07:05:28,842] {logging_mixin.py:104} INFO - [2021-04-25 07:05:28,840] {dagbag.py:308} ERROR - Failed to import: /opt/airflow/dags/simple_python_operator.py
Traceback (most recent call last):
  File "/home/airflow/.local/lib/python3.6/site-packages/airflow/models/dagbag.py", line 305, in _load_modules_from_file
    loader.exec_module(new_module)
  File "<frozen importlib._bootstrap_external>", line 674, in exec_module
  File "<frozen importlib._bootstrap_external>", line 781, in get_code
  File "<frozen importlib._bootstrap_external>", line 741, in source_to_code
  File "<frozen importlib._bootstrap>", line 219, in _call_with_frames_removed
  File "/opt/airflow/dags/simple_python_operator.py", line 15
    ) as dag:
            ^
SyntaxError: unexpected EOF while parsing
[2021-04-25 07:05:28,844] {scheduler_job.py:641} WARNING - No viable dags retrieved from /opt/airflow/dags/simple_python_operator.py
[2021-04-25 07:05:28,871] {scheduler_job.py:190} INFO - Processing /opt/airflow/dags/simple_python_operator.py took 0.037 seconds
[2021-04-25 07:05:59,084] {scheduler_job.py:182} INFO - Started process (PID=3564) to work on /opt/airflow/dags/simple_python_operator.py
[2021-04-25 07:05:59,085] {scheduler_job.py:629} INFO - Processing file /opt/airflow/dags/simple_python_operator.py for tasks to queue
[2021-04-25 07:05:59,086] {logging_mixin.py:104} INFO - [2021-04-25 07:05:59,086] {dagbag.py:451} INFO - Filling up the DagBag from /opt/airflow/dags/simple_python_operator.py
[2021-04-25 07:05:59,088] {logging_mixin.py:104} INFO - [2021-04-25 07:05:59,087] {dagbag.py:308} ERROR - Failed to import: /opt/airflow/dags/simple_python_operator.py
Traceback (most recent call last):
  File "/home/airflow/.local/lib/python3.6/site-packages/airflow/models/dagbag.py", line 305, in _load_modules_from_file
    loader.exec_module(new_module)
  File "<frozen importlib._bootstrap_external>", line 674, in exec_module
  File "<frozen importlib._bootstrap_external>", line 781, in get_code
  File "<frozen importlib._bootstrap_external>", line 741, in source_to_code
  File "<frozen importlib._bootstrap>", line 219, in _call_with_frames_removed
  File "/opt/airflow/dags/simple_python_operator.py", line 15
    ) as dag:
            ^
SyntaxError: unexpected EOF while parsing
[2021-04-25 07:05:59,089] {scheduler_job.py:641} WARNING - No viable dags retrieved from /opt/airflow/dags/simple_python_operator.py
[2021-04-25 07:05:59,117] {scheduler_job.py:190} INFO - Processing /opt/airflow/dags/simple_python_operator.py took 0.036 seconds
[2021-04-25 07:06:29,305] {scheduler_job.py:182} INFO - Started process (PID=3592) to work on /opt/airflow/dags/simple_python_operator.py
[2021-04-25 07:06:29,306] {scheduler_job.py:629} INFO - Processing file /opt/airflow/dags/simple_python_operator.py for tasks to queue
[2021-04-25 07:06:29,307] {logging_mixin.py:104} INFO - [2021-04-25 07:06:29,307] {dagbag.py:451} INFO - Filling up the DagBag from /opt/airflow/dags/simple_python_operator.py
[2021-04-25 07:06:29,309] {logging_mixin.py:104} INFO - [2021-04-25 07:06:29,309] {dagbag.py:308} ERROR - Failed to import: /opt/airflow/dags/simple_python_operator.py
Traceback (most recent call last):
  File "/home/airflow/.local/lib/python3.6/site-packages/airflow/models/dagbag.py", line 305, in _load_modules_from_file
    loader.exec_module(new_module)
  File "<frozen importlib._bootstrap_external>", line 674, in exec_module
  File "<frozen importlib._bootstrap_external>", line 781, in get_code
  File "<frozen importlib._bootstrap_external>", line 741, in source_to_code
  File "<frozen importlib._bootstrap>", line 219, in _call_with_frames_removed
  File "/opt/airflow/dags/simple_python_operator.py", line 15
    ) as dag:
            ^
SyntaxError: unexpected EOF while parsing
[2021-04-25 07:06:29,310] {scheduler_job.py:641} WARNING - No viable dags retrieved from /opt/airflow/dags/simple_python_operator.py
[2021-04-25 07:06:29,336] {scheduler_job.py:190} INFO - Processing /opt/airflow/dags/simple_python_operator.py took 0.035 seconds
[2021-04-25 07:06:59,573] {scheduler_job.py:182} INFO - Started process (PID=3620) to work on /opt/airflow/dags/simple_python_operator.py
[2021-04-25 07:06:59,575] {scheduler_job.py:629} INFO - Processing file /opt/airflow/dags/simple_python_operator.py for tasks to queue
[2021-04-25 07:06:59,576] {logging_mixin.py:104} INFO - [2021-04-25 07:06:59,576] {dagbag.py:451} INFO - Filling up the DagBag from /opt/airflow/dags/simple_python_operator.py
[2021-04-25 07:06:59,578] {logging_mixin.py:104} INFO - [2021-04-25 07:06:59,578] {dagbag.py:308} ERROR - Failed to import: /opt/airflow/dags/simple_python_operator.py
Traceback (most recent call last):
  File "/home/airflow/.local/lib/python3.6/site-packages/airflow/models/dagbag.py", line 305, in _load_modules_from_file
    loader.exec_module(new_module)
  File "<frozen importlib._bootstrap_external>", line 674, in exec_module
  File "<frozen importlib._bootstrap_external>", line 781, in get_code
  File "<frozen importlib._bootstrap_external>", line 741, in source_to_code
  File "<frozen importlib._bootstrap>", line 219, in _call_with_frames_removed
  File "/opt/airflow/dags/simple_python_operator.py", line 15
    ) as dag:
            ^
SyntaxError: unexpected EOF while parsing
[2021-04-25 07:06:59,579] {scheduler_job.py:641} WARNING - No viable dags retrieved from /opt/airflow/dags/simple_python_operator.py
[2021-04-25 07:06:59,603] {scheduler_job.py:190} INFO - Processing /opt/airflow/dags/simple_python_operator.py took 0.034 seconds
[2021-04-25 07:07:29,985] {scheduler_job.py:182} INFO - Started process (PID=3648) to work on /opt/airflow/dags/simple_python_operator.py
[2021-04-25 07:07:29,986] {scheduler_job.py:629} INFO - Processing file /opt/airflow/dags/simple_python_operator.py for tasks to queue
[2021-04-25 07:07:29,987] {logging_mixin.py:104} INFO - [2021-04-25 07:07:29,987] {dagbag.py:451} INFO - Filling up the DagBag from /opt/airflow/dags/simple_python_operator.py
[2021-04-25 07:07:29,990] {logging_mixin.py:104} INFO - [2021-04-25 07:07:29,989] {dagbag.py:308} ERROR - Failed to import: /opt/airflow/dags/simple_python_operator.py
Traceback (most recent call last):
  File "/home/airflow/.local/lib/python3.6/site-packages/airflow/models/dagbag.py", line 305, in _load_modules_from_file
    loader.exec_module(new_module)
  File "<frozen importlib._bootstrap_external>", line 674, in exec_module
  File "<frozen importlib._bootstrap_external>", line 781, in get_code
  File "<frozen importlib._bootstrap_external>", line 741, in source_to_code
  File "<frozen importlib._bootstrap>", line 219, in _call_with_frames_removed
  File "/opt/airflow/dags/simple_python_operator.py", line 15
    ) as dag:
            ^
SyntaxError: unexpected EOF while parsing
[2021-04-25 07:07:29,991] {scheduler_job.py:641} WARNING - No viable dags retrieved from /opt/airflow/dags/simple_python_operator.py
[2021-04-25 07:07:30,015] {scheduler_job.py:190} INFO - Processing /opt/airflow/dags/simple_python_operator.py took 0.035 seconds
[2021-04-25 07:08:00,417] {scheduler_job.py:182} INFO - Started process (PID=3676) to work on /opt/airflow/dags/simple_python_operator.py
[2021-04-25 07:08:00,419] {scheduler_job.py:629} INFO - Processing file /opt/airflow/dags/simple_python_operator.py for tasks to queue
[2021-04-25 07:08:00,420] {logging_mixin.py:104} INFO - [2021-04-25 07:08:00,420] {dagbag.py:451} INFO - Filling up the DagBag from /opt/airflow/dags/simple_python_operator.py
[2021-04-25 07:08:00,424] {logging_mixin.py:104} INFO - [2021-04-25 07:08:00,422] {dagbag.py:308} ERROR - Failed to import: /opt/airflow/dags/simple_python_operator.py
Traceback (most recent call last):
  File "/home/airflow/.local/lib/python3.6/site-packages/airflow/models/dagbag.py", line 305, in _load_modules_from_file
    loader.exec_module(new_module)
  File "<frozen importlib._bootstrap_external>", line 674, in exec_module
  File "<frozen importlib._bootstrap_external>", line 781, in get_code
  File "<frozen importlib._bootstrap_external>", line 741, in source_to_code
  File "<frozen importlib._bootstrap>", line 219, in _call_with_frames_removed
  File "/opt/airflow/dags/simple_python_operator.py", line 15
    ) as dag:
            ^
SyntaxError: unexpected EOF while parsing
[2021-04-25 07:08:00,424] {scheduler_job.py:641} WARNING - No viable dags retrieved from /opt/airflow/dags/simple_python_operator.py
[2021-04-25 07:08:00,443] {scheduler_job.py:190} INFO - Processing /opt/airflow/dags/simple_python_operator.py took 0.031 seconds
[2021-04-25 07:08:30,687] {scheduler_job.py:182} INFO - Started process (PID=3704) to work on /opt/airflow/dags/simple_python_operator.py
[2021-04-25 07:08:30,688] {scheduler_job.py:629} INFO - Processing file /opt/airflow/dags/simple_python_operator.py for tasks to queue
[2021-04-25 07:08:30,689] {logging_mixin.py:104} INFO - [2021-04-25 07:08:30,689] {dagbag.py:451} INFO - Filling up the DagBag from /opt/airflow/dags/simple_python_operator.py
[2021-04-25 07:08:30,691] {logging_mixin.py:104} INFO - [2021-04-25 07:08:30,690] {dagbag.py:308} ERROR - Failed to import: /opt/airflow/dags/simple_python_operator.py
Traceback (most recent call last):
  File "/home/airflow/.local/lib/python3.6/site-packages/airflow/models/dagbag.py", line 305, in _load_modules_from_file
    loader.exec_module(new_module)
  File "<frozen importlib._bootstrap_external>", line 674, in exec_module
  File "<frozen importlib._bootstrap_external>", line 781, in get_code
  File "<frozen importlib._bootstrap_external>", line 741, in source_to_code
  File "<frozen importlib._bootstrap>", line 219, in _call_with_frames_removed
  File "/opt/airflow/dags/simple_python_operator.py", line 15
    ) as dag:
            ^
SyntaxError: unexpected EOF while parsing
[2021-04-25 07:08:30,692] {scheduler_job.py:641} WARNING - No viable dags retrieved from /opt/airflow/dags/simple_python_operator.py
[2021-04-25 07:08:30,712] {scheduler_job.py:190} INFO - Processing /opt/airflow/dags/simple_python_operator.py took 0.028 seconds
[2021-04-25 07:09:00,989] {scheduler_job.py:182} INFO - Started process (PID=3732) to work on /opt/airflow/dags/simple_python_operator.py
[2021-04-25 07:09:00,990] {scheduler_job.py:629} INFO - Processing file /opt/airflow/dags/simple_python_operator.py for tasks to queue
[2021-04-25 07:09:00,990] {logging_mixin.py:104} INFO - [2021-04-25 07:09:00,990] {dagbag.py:451} INFO - Filling up the DagBag from /opt/airflow/dags/simple_python_operator.py
[2021-04-25 07:09:00,992] {logging_mixin.py:104} INFO - [2021-04-25 07:09:00,991] {dagbag.py:308} ERROR - Failed to import: /opt/airflow/dags/simple_python_operator.py
Traceback (most recent call last):
  File "/home/airflow/.local/lib/python3.6/site-packages/airflow/models/dagbag.py", line 305, in _load_modules_from_file
    loader.exec_module(new_module)
  File "<frozen importlib._bootstrap_external>", line 674, in exec_module
  File "<frozen importlib._bootstrap_external>", line 781, in get_code
  File "<frozen importlib._bootstrap_external>", line 741, in source_to_code
  File "<frozen importlib._bootstrap>", line 219, in _call_with_frames_removed
  File "/opt/airflow/dags/simple_python_operator.py", line 15
    ) as dag:
            ^
SyntaxError: unexpected EOF while parsing
[2021-04-25 07:09:00,992] {scheduler_job.py:641} WARNING - No viable dags retrieved from /opt/airflow/dags/simple_python_operator.py
[2021-04-25 07:09:01,015] {scheduler_job.py:190} INFO - Processing /opt/airflow/dags/simple_python_operator.py took 0.029 seconds
[2021-04-25 07:09:31,394] {scheduler_job.py:182} INFO - Started process (PID=3760) to work on /opt/airflow/dags/simple_python_operator.py
[2021-04-25 07:09:31,396] {scheduler_job.py:629} INFO - Processing file /opt/airflow/dags/simple_python_operator.py for tasks to queue
[2021-04-25 07:09:31,396] {logging_mixin.py:104} INFO - [2021-04-25 07:09:31,396] {dagbag.py:451} INFO - Filling up the DagBag from /opt/airflow/dags/simple_python_operator.py
[2021-04-25 07:09:31,400] {logging_mixin.py:104} INFO - [2021-04-25 07:09:31,399] {dagbag.py:308} ERROR - Failed to import: /opt/airflow/dags/simple_python_operator.py
Traceback (most recent call last):
  File "/home/airflow/.local/lib/python3.6/site-packages/airflow/models/dagbag.py", line 305, in _load_modules_from_file
    loader.exec_module(new_module)
  File "<frozen importlib._bootstrap_external>", line 674, in exec_module
  File "<frozen importlib._bootstrap_external>", line 781, in get_code
  File "<frozen importlib._bootstrap_external>", line 741, in source_to_code
  File "<frozen importlib._bootstrap>", line 219, in _call_with_frames_removed
  File "/opt/airflow/dags/simple_python_operator.py", line 15
    ) as dag:
            ^
SyntaxError: unexpected EOF while parsing
[2021-04-25 07:09:31,400] {scheduler_job.py:641} WARNING - No viable dags retrieved from /opt/airflow/dags/simple_python_operator.py
[2021-04-25 07:09:31,428] {scheduler_job.py:190} INFO - Processing /opt/airflow/dags/simple_python_operator.py took 0.037 seconds
[2021-04-25 07:10:01,768] {scheduler_job.py:182} INFO - Started process (PID=3788) to work on /opt/airflow/dags/simple_python_operator.py
[2021-04-25 07:10:01,770] {scheduler_job.py:629} INFO - Processing file /opt/airflow/dags/simple_python_operator.py for tasks to queue
[2021-04-25 07:10:01,771] {logging_mixin.py:104} INFO - [2021-04-25 07:10:01,771] {dagbag.py:451} INFO - Filling up the DagBag from /opt/airflow/dags/simple_python_operator.py
[2021-04-25 07:10:01,773] {logging_mixin.py:104} INFO - [2021-04-25 07:10:01,772] {dagbag.py:308} ERROR - Failed to import: /opt/airflow/dags/simple_python_operator.py
Traceback (most recent call last):
  File "/home/airflow/.local/lib/python3.6/site-packages/airflow/models/dagbag.py", line 305, in _load_modules_from_file
    loader.exec_module(new_module)
  File "<frozen importlib._bootstrap_external>", line 674, in exec_module
  File "<frozen importlib._bootstrap_external>", line 781, in get_code
  File "<frozen importlib._bootstrap_external>", line 741, in source_to_code
  File "<frozen importlib._bootstrap>", line 219, in _call_with_frames_removed
  File "/opt/airflow/dags/simple_python_operator.py", line 18
    ) as dag:
            ^
SyntaxError: unexpected EOF while parsing
[2021-04-25 07:10:01,773] {scheduler_job.py:641} WARNING - No viable dags retrieved from /opt/airflow/dags/simple_python_operator.py
[2021-04-25 07:10:01,794] {scheduler_job.py:190} INFO - Processing /opt/airflow/dags/simple_python_operator.py took 0.029 seconds
[2021-04-25 07:10:32,165] {scheduler_job.py:182} INFO - Started process (PID=3816) to work on /opt/airflow/dags/simple_python_operator.py
[2021-04-25 07:10:32,166] {scheduler_job.py:629} INFO - Processing file /opt/airflow/dags/simple_python_operator.py for tasks to queue
[2021-04-25 07:10:32,167] {logging_mixin.py:104} INFO - [2021-04-25 07:10:32,167] {dagbag.py:451} INFO - Filling up the DagBag from /opt/airflow/dags/simple_python_operator.py
[2021-04-25 07:10:32,169] {logging_mixin.py:104} INFO - [2021-04-25 07:10:32,169] {dagbag.py:308} ERROR - Failed to import: /opt/airflow/dags/simple_python_operator.py
Traceback (most recent call last):
  File "/home/airflow/.local/lib/python3.6/site-packages/airflow/models/dagbag.py", line 305, in _load_modules_from_file
    loader.exec_module(new_module)
  File "<frozen importlib._bootstrap_external>", line 674, in exec_module
  File "<frozen importlib._bootstrap_external>", line 781, in get_code
  File "<frozen importlib._bootstrap_external>", line 741, in source_to_code
  File "<frozen importlib._bootstrap>", line 219, in _call_with_frames_removed
  File "/opt/airflow/dags/simple_python_operator.py", line 25
    ) as dag:
            ^
SyntaxError: unexpected EOF while parsing
[2021-04-25 07:10:32,170] {scheduler_job.py:641} WARNING - No viable dags retrieved from /opt/airflow/dags/simple_python_operator.py
[2021-04-25 07:10:32,194] {scheduler_job.py:190} INFO - Processing /opt/airflow/dags/simple_python_operator.py took 0.033 seconds
[2021-04-25 07:11:02,704] {scheduler_job.py:182} INFO - Started process (PID=3844) to work on /opt/airflow/dags/simple_python_operator.py
[2021-04-25 07:11:02,705] {scheduler_job.py:629} INFO - Processing file /opt/airflow/dags/simple_python_operator.py for tasks to queue
[2021-04-25 07:11:02,706] {logging_mixin.py:104} INFO - [2021-04-25 07:11:02,706] {dagbag.py:451} INFO - Filling up the DagBag from /opt/airflow/dags/simple_python_operator.py
[2021-04-25 07:11:02,708] {logging_mixin.py:104} INFO - [2021-04-25 07:11:02,707] {dagbag.py:308} ERROR - Failed to import: /opt/airflow/dags/simple_python_operator.py
Traceback (most recent call last):
  File "/home/airflow/.local/lib/python3.6/site-packages/airflow/models/dagbag.py", line 305, in _load_modules_from_file
    loader.exec_module(new_module)
  File "<frozen importlib._bootstrap_external>", line 674, in exec_module
  File "<frozen importlib._bootstrap_external>", line 781, in get_code
  File "<frozen importlib._bootstrap_external>", line 741, in source_to_code
  File "<frozen importlib._bootstrap>", line 219, in _call_with_frames_removed
  File "/opt/airflow/dags/simple_python_operator.py", line 25
    ) as dag:
            ^
SyntaxError: unexpected EOF while parsing
[2021-04-25 07:11:02,709] {scheduler_job.py:641} WARNING - No viable dags retrieved from /opt/airflow/dags/simple_python_operator.py
[2021-04-25 07:11:02,733] {scheduler_job.py:190} INFO - Processing /opt/airflow/dags/simple_python_operator.py took 0.033 seconds
[2021-04-25 07:11:33,042] {scheduler_job.py:182} INFO - Started process (PID=3872) to work on /opt/airflow/dags/simple_python_operator.py
[2021-04-25 07:11:33,044] {scheduler_job.py:629} INFO - Processing file /opt/airflow/dags/simple_python_operator.py for tasks to queue
[2021-04-25 07:11:33,045] {logging_mixin.py:104} INFO - [2021-04-25 07:11:33,044] {dagbag.py:451} INFO - Filling up the DagBag from /opt/airflow/dags/simple_python_operator.py
[2021-04-25 07:11:33,047] {logging_mixin.py:104} INFO - [2021-04-25 07:11:33,046] {dagbag.py:308} ERROR - Failed to import: /opt/airflow/dags/simple_python_operator.py
Traceback (most recent call last):
  File "/home/airflow/.local/lib/python3.6/site-packages/airflow/models/dagbag.py", line 305, in _load_modules_from_file
    loader.exec_module(new_module)
  File "<frozen importlib._bootstrap_external>", line 674, in exec_module
  File "<frozen importlib._bootstrap_external>", line 781, in get_code
  File "<frozen importlib._bootstrap_external>", line 741, in source_to_code
  File "<frozen importlib._bootstrap>", line 219, in _call_with_frames_removed
  File "/opt/airflow/dags/simple_python_operator.py", line 25
    ) as dag:
            ^
SyntaxError: unexpected EOF while parsing
[2021-04-25 07:11:33,048] {scheduler_job.py:641} WARNING - No viable dags retrieved from /opt/airflow/dags/simple_python_operator.py
[2021-04-25 07:11:33,075] {scheduler_job.py:190} INFO - Processing /opt/airflow/dags/simple_python_operator.py took 0.037 seconds
[2021-04-25 07:12:03,481] {scheduler_job.py:182} INFO - Started process (PID=3900) to work on /opt/airflow/dags/simple_python_operator.py
[2021-04-25 07:12:03,483] {scheduler_job.py:629} INFO - Processing file /opt/airflow/dags/simple_python_operator.py for tasks to queue
[2021-04-25 07:12:03,484] {logging_mixin.py:104} INFO - [2021-04-25 07:12:03,484] {dagbag.py:451} INFO - Filling up the DagBag from /opt/airflow/dags/simple_python_operator.py
[2021-04-25 07:12:03,486] {logging_mixin.py:104} INFO - [2021-04-25 07:12:03,485] {dagbag.py:308} ERROR - Failed to import: /opt/airflow/dags/simple_python_operator.py
Traceback (most recent call last):
  File "/home/airflow/.local/lib/python3.6/site-packages/airflow/models/dagbag.py", line 305, in _load_modules_from_file
    loader.exec_module(new_module)
  File "<frozen importlib._bootstrap_external>", line 674, in exec_module
  File "<frozen importlib._bootstrap_external>", line 781, in get_code
  File "<frozen importlib._bootstrap_external>", line 741, in source_to_code
  File "<frozen importlib._bootstrap>", line 219, in _call_with_frames_removed
  File "/opt/airflow/dags/simple_python_operator.py", line 25
    ) as dag:
            ^
SyntaxError: unexpected EOF while parsing
[2021-04-25 07:12:03,487] {scheduler_job.py:641} WARNING - No viable dags retrieved from /opt/airflow/dags/simple_python_operator.py
[2021-04-25 07:12:03,508] {scheduler_job.py:190} INFO - Processing /opt/airflow/dags/simple_python_operator.py took 0.030 seconds
[2021-04-25 07:12:33,800] {scheduler_job.py:182} INFO - Started process (PID=3928) to work on /opt/airflow/dags/simple_python_operator.py
[2021-04-25 07:12:33,801] {scheduler_job.py:629} INFO - Processing file /opt/airflow/dags/simple_python_operator.py for tasks to queue
[2021-04-25 07:12:33,802] {logging_mixin.py:104} INFO - [2021-04-25 07:12:33,802] {dagbag.py:451} INFO - Filling up the DagBag from /opt/airflow/dags/simple_python_operator.py
[2021-04-25 07:12:33,805] {logging_mixin.py:104} INFO - [2021-04-25 07:12:33,804] {dagbag.py:308} ERROR - Failed to import: /opt/airflow/dags/simple_python_operator.py
Traceback (most recent call last):
  File "/home/airflow/.local/lib/python3.6/site-packages/airflow/models/dagbag.py", line 305, in _load_modules_from_file
    loader.exec_module(new_module)
  File "<frozen importlib._bootstrap_external>", line 674, in exec_module
  File "<frozen importlib._bootstrap_external>", line 781, in get_code
  File "<frozen importlib._bootstrap_external>", line 741, in source_to_code
  File "<frozen importlib._bootstrap>", line 219, in _call_with_frames_removed
  File "/opt/airflow/dags/simple_python_operator.py", line 26
    
    ^
SyntaxError: unexpected EOF while parsing
[2021-04-25 07:12:33,806] {scheduler_job.py:641} WARNING - No viable dags retrieved from /opt/airflow/dags/simple_python_operator.py
[2021-04-25 07:12:33,831] {scheduler_job.py:190} INFO - Processing /opt/airflow/dags/simple_python_operator.py took 0.034 seconds
[2021-04-25 07:13:04,078] {scheduler_job.py:182} INFO - Started process (PID=3956) to work on /opt/airflow/dags/simple_python_operator.py
[2021-04-25 07:13:04,079] {scheduler_job.py:629} INFO - Processing file /opt/airflow/dags/simple_python_operator.py for tasks to queue
[2021-04-25 07:13:04,080] {logging_mixin.py:104} INFO - [2021-04-25 07:13:04,080] {dagbag.py:451} INFO - Filling up the DagBag from /opt/airflow/dags/simple_python_operator.py
[2021-04-25 07:13:04,083] {logging_mixin.py:104} INFO - [2021-04-25 07:13:04,082] {dagbag.py:308} ERROR - Failed to import: /opt/airflow/dags/simple_python_operator.py
Traceback (most recent call last):
  File "/home/airflow/.local/lib/python3.6/site-packages/airflow/models/dagbag.py", line 305, in _load_modules_from_file
    loader.exec_module(new_module)
  File "<frozen importlib._bootstrap_external>", line 674, in exec_module
  File "<frozen importlib._bootstrap_external>", line 781, in get_code
  File "<frozen importlib._bootstrap_external>", line 741, in source_to_code
  File "<frozen importlib._bootstrap>", line 219, in _call_with_frames_removed
  File "/opt/airflow/dags/simple_python_operator.py", line 26
    
    ^
SyntaxError: unexpected EOF while parsing
[2021-04-25 07:13:04,083] {scheduler_job.py:641} WARNING - No viable dags retrieved from /opt/airflow/dags/simple_python_operator.py
[2021-04-25 07:13:04,116] {scheduler_job.py:190} INFO - Processing /opt/airflow/dags/simple_python_operator.py took 0.045 seconds
[2021-04-25 07:13:34,396] {scheduler_job.py:182} INFO - Started process (PID=3984) to work on /opt/airflow/dags/simple_python_operator.py
[2021-04-25 07:13:34,397] {scheduler_job.py:629} INFO - Processing file /opt/airflow/dags/simple_python_operator.py for tasks to queue
[2021-04-25 07:13:34,398] {logging_mixin.py:104} INFO - [2021-04-25 07:13:34,398] {dagbag.py:451} INFO - Filling up the DagBag from /opt/airflow/dags/simple_python_operator.py
[2021-04-25 07:13:34,400] {logging_mixin.py:104} INFO - [2021-04-25 07:13:34,399] {dagbag.py:308} ERROR - Failed to import: /opt/airflow/dags/simple_python_operator.py
Traceback (most recent call last):
  File "/home/airflow/.local/lib/python3.6/site-packages/airflow/models/dagbag.py", line 305, in _load_modules_from_file
    loader.exec_module(new_module)
  File "<frozen importlib._bootstrap_external>", line 674, in exec_module
  File "<frozen importlib._bootstrap_external>", line 781, in get_code
  File "<frozen importlib._bootstrap_external>", line 741, in source_to_code
  File "<frozen importlib._bootstrap>", line 219, in _call_with_frames_removed
  File "/opt/airflow/dags/simple_python_operator.py", line 26
    
    ^
SyntaxError: unexpected EOF while parsing
[2021-04-25 07:13:34,401] {scheduler_job.py:641} WARNING - No viable dags retrieved from /opt/airflow/dags/simple_python_operator.py
[2021-04-25 07:13:34,424] {scheduler_job.py:190} INFO - Processing /opt/airflow/dags/simple_python_operator.py took 0.031 seconds
[2021-04-25 07:14:04,755] {scheduler_job.py:182} INFO - Started process (PID=4012) to work on /opt/airflow/dags/simple_python_operator.py
[2021-04-25 07:14:04,756] {scheduler_job.py:629} INFO - Processing file /opt/airflow/dags/simple_python_operator.py for tasks to queue
[2021-04-25 07:14:04,764] {logging_mixin.py:104} INFO - [2021-04-25 07:14:04,764] {dagbag.py:451} INFO - Filling up the DagBag from /opt/airflow/dags/simple_python_operator.py
[2021-04-25 07:14:04,780] {logging_mixin.py:104} INFO - [2021-04-25 07:14:04,779] {dagbag.py:308} ERROR - Failed to import: /opt/airflow/dags/simple_python_operator.py
Traceback (most recent call last):
  File "/home/airflow/.local/lib/python3.6/site-packages/airflow/models/dagbag.py", line 305, in _load_modules_from_file
    loader.exec_module(new_module)
  File "<frozen importlib._bootstrap_external>", line 678, in exec_module
  File "<frozen importlib._bootstrap>", line 219, in _call_with_frames_removed
  File "/opt/airflow/dags/simple_python_operator.py", line 9, in <module>
    'start_date': datetime(year=2021, month=1, day=1),
NameError: name 'datetime' is not defined
[2021-04-25 07:14:04,781] {scheduler_job.py:641} WARNING - No viable dags retrieved from /opt/airflow/dags/simple_python_operator.py
[2021-04-25 07:14:04,799] {scheduler_job.py:190} INFO - Processing /opt/airflow/dags/simple_python_operator.py took 0.049 seconds
[2021-04-25 07:14:35,175] {scheduler_job.py:182} INFO - Started process (PID=4040) to work on /opt/airflow/dags/simple_python_operator.py
[2021-04-25 07:14:35,176] {scheduler_job.py:629} INFO - Processing file /opt/airflow/dags/simple_python_operator.py for tasks to queue
[2021-04-25 07:14:35,177] {logging_mixin.py:104} INFO - [2021-04-25 07:14:35,177] {dagbag.py:451} INFO - Filling up the DagBag from /opt/airflow/dags/simple_python_operator.py
[2021-04-25 07:14:35,186] {logging_mixin.py:104} INFO - [2021-04-25 07:14:35,185] {dagbag.py:308} ERROR - Failed to import: /opt/airflow/dags/simple_python_operator.py
Traceback (most recent call last):
  File "/home/airflow/.local/lib/python3.6/site-packages/airflow/models/dagbag.py", line 305, in _load_modules_from_file
    loader.exec_module(new_module)
  File "<frozen importlib._bootstrap_external>", line 678, in exec_module
  File "<frozen importlib._bootstrap>", line 219, in _call_with_frames_removed
  File "/opt/airflow/dags/simple_python_operator.py", line 9, in <module>
    'start_date': datetime(year=2021, month=1, day=1),
NameError: name 'datetime' is not defined
[2021-04-25 07:14:35,186] {scheduler_job.py:641} WARNING - No viable dags retrieved from /opt/airflow/dags/simple_python_operator.py
[2021-04-25 07:14:35,206] {scheduler_job.py:190} INFO - Processing /opt/airflow/dags/simple_python_operator.py took 0.034 seconds
[2021-04-25 07:15:05,559] {scheduler_job.py:182} INFO - Started process (PID=4068) to work on /opt/airflow/dags/simple_python_operator.py
[2021-04-25 07:15:05,562] {scheduler_job.py:629} INFO - Processing file /opt/airflow/dags/simple_python_operator.py for tasks to queue
[2021-04-25 07:15:05,563] {logging_mixin.py:104} INFO - [2021-04-25 07:15:05,562] {dagbag.py:451} INFO - Filling up the DagBag from /opt/airflow/dags/simple_python_operator.py
[2021-04-25 07:15:05,570] {logging_mixin.py:104} INFO - [2021-04-25 07:15:05,570] {dagbag.py:308} ERROR - Failed to import: /opt/airflow/dags/simple_python_operator.py
Traceback (most recent call last):
  File "/home/airflow/.local/lib/python3.6/site-packages/airflow/models/dagbag.py", line 305, in _load_modules_from_file
    loader.exec_module(new_module)
  File "<frozen importlib._bootstrap_external>", line 678, in exec_module
  File "<frozen importlib._bootstrap>", line 219, in _call_with_frames_removed
  File "/opt/airflow/dags/simple_python_operator.py", line 9, in <module>
    'start_date': datetime(year=2021, month=1, day=1),
NameError: name 'datetime' is not defined
[2021-04-25 07:15:05,571] {scheduler_job.py:641} WARNING - No viable dags retrieved from /opt/airflow/dags/simple_python_operator.py
[2021-04-25 07:15:05,593] {scheduler_job.py:190} INFO - Processing /opt/airflow/dags/simple_python_operator.py took 0.037 seconds
[2021-04-25 07:15:35,934] {scheduler_job.py:182} INFO - Started process (PID=4096) to work on /opt/airflow/dags/simple_python_operator.py
[2021-04-25 07:15:35,935] {scheduler_job.py:629} INFO - Processing file /opt/airflow/dags/simple_python_operator.py for tasks to queue
[2021-04-25 07:15:35,935] {logging_mixin.py:104} INFO - [2021-04-25 07:15:35,935] {dagbag.py:451} INFO - Filling up the DagBag from /opt/airflow/dags/simple_python_operator.py
[2021-04-25 07:15:35,937] {logging_mixin.py:104} INFO - [2021-04-25 07:15:35,937] {dagbag.py:308} ERROR - Failed to import: /opt/airflow/dags/simple_python_operator.py
Traceback (most recent call last):
  File "/home/airflow/.local/lib/python3.6/site-packages/airflow/models/dagbag.py", line 305, in _load_modules_from_file
    loader.exec_module(new_module)
  File "<frozen importlib._bootstrap_external>", line 674, in exec_module
  File "<frozen importlib._bootstrap_external>", line 781, in get_code
  File "<frozen importlib._bootstrap_external>", line 741, in source_to_code
  File "<frozen importlib._bootstrap>", line 219, in _call_with_frames_removed
  File "/opt/airflow/dags/simple_python_operator.py", line 30
    dag=dag
      ^
SyntaxError: invalid syntax
[2021-04-25 07:15:35,938] {scheduler_job.py:641} WARNING - No viable dags retrieved from /opt/airflow/dags/simple_python_operator.py
[2021-04-25 07:15:35,960] {scheduler_job.py:190} INFO - Processing /opt/airflow/dags/simple_python_operator.py took 0.030 seconds
[2021-04-25 07:16:06,348] {scheduler_job.py:182} INFO - Started process (PID=4124) to work on /opt/airflow/dags/simple_python_operator.py
[2021-04-25 07:16:06,350] {scheduler_job.py:629} INFO - Processing file /opt/airflow/dags/simple_python_operator.py for tasks to queue
[2021-04-25 07:16:06,351] {logging_mixin.py:104} INFO - [2021-04-25 07:16:06,351] {dagbag.py:451} INFO - Filling up the DagBag from /opt/airflow/dags/simple_python_operator.py
[2021-04-25 07:16:06,367] {logging_mixin.py:104} INFO - [2021-04-25 07:16:06,366] {dagbag.py:308} ERROR - Failed to import: /opt/airflow/dags/simple_python_operator.py
Traceback (most recent call last):
  File "/home/airflow/.local/lib/python3.6/site-packages/airflow/models/dagbag.py", line 305, in _load_modules_from_file
    loader.exec_module(new_module)
  File "<frozen importlib._bootstrap_external>", line 678, in exec_module
  File "<frozen importlib._bootstrap>", line 219, in _call_with_frames_removed
  File "/opt/airflow/dags/simple_python_operator.py", line 9, in <module>
    'start_date': datetime(year=2021, month=1, day=1),
NameError: name 'datetime' is not defined
[2021-04-25 07:16:06,368] {scheduler_job.py:641} WARNING - No viable dags retrieved from /opt/airflow/dags/simple_python_operator.py
[2021-04-25 07:16:06,392] {scheduler_job.py:190} INFO - Processing /opt/airflow/dags/simple_python_operator.py took 0.047 seconds
[2021-04-25 07:16:36,831] {scheduler_job.py:182} INFO - Started process (PID=4152) to work on /opt/airflow/dags/simple_python_operator.py
[2021-04-25 07:16:36,832] {scheduler_job.py:629} INFO - Processing file /opt/airflow/dags/simple_python_operator.py for tasks to queue
[2021-04-25 07:16:36,833] {logging_mixin.py:104} INFO - [2021-04-25 07:16:36,833] {dagbag.py:451} INFO - Filling up the DagBag from /opt/airflow/dags/simple_python_operator.py
[2021-04-25 07:16:36,847] {scheduler_job.py:639} INFO - DAG(s) dict_keys(['python_operator_dag']) retrieved from /opt/airflow/dags/simple_python_operator.py
[2021-04-25 07:16:36,873] {logging_mixin.py:104} INFO - [2021-04-25 07:16:36,873] {dag.py:1824} INFO - Sync 1 DAGs
[2021-04-25 07:16:36,885] {logging_mixin.py:104} INFO - [2021-04-25 07:16:36,885] {dag.py:1843} INFO - Creating ORM DAG for python_operator_dag
[2021-04-25 07:16:36,903] {logging_mixin.py:104} INFO - [2021-04-25 07:16:36,903] {dag.py:2280} INFO - Setting next_dagrun for python_operator_dag to 2021-04-24 00:00:00+00:00
[2021-04-25 07:16:36,947] {scheduler_job.py:190} INFO - Processing /opt/airflow/dags/simple_python_operator.py took 0.119 seconds
[2021-04-25 07:17:07,903] {scheduler_job.py:182} INFO - Started process (PID=4180) to work on /opt/airflow/dags/simple_python_operator.py
[2021-04-25 07:17:07,907] {scheduler_job.py:629} INFO - Processing file /opt/airflow/dags/simple_python_operator.py for tasks to queue
[2021-04-25 07:17:07,908] {logging_mixin.py:104} INFO - [2021-04-25 07:17:07,908] {dagbag.py:451} INFO - Filling up the DagBag from /opt/airflow/dags/simple_python_operator.py
[2021-04-25 07:17:07,924] {scheduler_job.py:639} INFO - DAG(s) dict_keys(['python_operator_dag']) retrieved from /opt/airflow/dags/simple_python_operator.py
[2021-04-25 07:17:07,961] {logging_mixin.py:104} INFO - [2021-04-25 07:17:07,960] {dag.py:1824} INFO - Sync 1 DAGs
[2021-04-25 07:17:07,994] {logging_mixin.py:104} INFO - [2021-04-25 07:17:07,993] {dag.py:2280} INFO - Setting next_dagrun for python_operator_dag to 2021-04-25 00:00:00+00:00
[2021-04-25 07:17:08,009] {scheduler_job.py:190} INFO - Processing /opt/airflow/dags/simple_python_operator.py took 0.111 seconds
[2021-04-25 07:17:38,114] {scheduler_job.py:182} INFO - Started process (PID=4208) to work on /opt/airflow/dags/simple_python_operator.py
[2021-04-25 07:17:38,115] {scheduler_job.py:629} INFO - Processing file /opt/airflow/dags/simple_python_operator.py for tasks to queue
[2021-04-25 07:17:38,116] {logging_mixin.py:104} INFO - [2021-04-25 07:17:38,116] {dagbag.py:451} INFO - Filling up the DagBag from /opt/airflow/dags/simple_python_operator.py
[2021-04-25 07:17:38,133] {scheduler_job.py:639} INFO - DAG(s) dict_keys(['python_operator_dag']) retrieved from /opt/airflow/dags/simple_python_operator.py
[2021-04-25 07:17:38,163] {logging_mixin.py:104} INFO - [2021-04-25 07:17:38,163] {dag.py:1824} INFO - Sync 1 DAGs
[2021-04-25 07:17:38,192] {logging_mixin.py:104} INFO - [2021-04-25 07:17:38,191] {dag.py:2280} INFO - Setting next_dagrun for python_operator_dag to 2021-04-25 00:00:00+00:00
[2021-04-25 07:17:38,209] {scheduler_job.py:190} INFO - Processing /opt/airflow/dags/simple_python_operator.py took 0.099 seconds
[2021-04-25 07:18:08,528] {scheduler_job.py:182} INFO - Started process (PID=4236) to work on /opt/airflow/dags/simple_python_operator.py
[2021-04-25 07:18:08,530] {scheduler_job.py:629} INFO - Processing file /opt/airflow/dags/simple_python_operator.py for tasks to queue
[2021-04-25 07:18:08,531] {logging_mixin.py:104} INFO - [2021-04-25 07:18:08,530] {dagbag.py:451} INFO - Filling up the DagBag from /opt/airflow/dags/simple_python_operator.py
[2021-04-25 07:18:08,542] {scheduler_job.py:639} INFO - DAG(s) dict_keys(['python_operator_dag']) retrieved from /opt/airflow/dags/simple_python_operator.py
[2021-04-25 07:18:08,568] {logging_mixin.py:104} INFO - [2021-04-25 07:18:08,568] {dag.py:1824} INFO - Sync 1 DAGs
[2021-04-25 07:18:08,593] {logging_mixin.py:104} INFO - [2021-04-25 07:18:08,592] {dag.py:2280} INFO - Setting next_dagrun for python_operator_dag to 2021-04-25 00:00:00+00:00
[2021-04-25 07:18:08,607] {scheduler_job.py:190} INFO - Processing /opt/airflow/dags/simple_python_operator.py took 0.082 seconds
[2021-04-25 07:18:39,122] {scheduler_job.py:182} INFO - Started process (PID=4264) to work on /opt/airflow/dags/simple_python_operator.py
[2021-04-25 07:18:39,124] {scheduler_job.py:629} INFO - Processing file /opt/airflow/dags/simple_python_operator.py for tasks to queue
[2021-04-25 07:18:39,124] {logging_mixin.py:104} INFO - [2021-04-25 07:18:39,124] {dagbag.py:451} INFO - Filling up the DagBag from /opt/airflow/dags/simple_python_operator.py
[2021-04-25 07:18:39,140] {scheduler_job.py:639} INFO - DAG(s) dict_keys(['python_operator_dag']) retrieved from /opt/airflow/dags/simple_python_operator.py
[2021-04-25 07:18:39,170] {logging_mixin.py:104} INFO - [2021-04-25 07:18:39,170] {dag.py:1824} INFO - Sync 1 DAGs
[2021-04-25 07:18:39,197] {logging_mixin.py:104} INFO - [2021-04-25 07:18:39,197] {dag.py:2280} INFO - Setting next_dagrun for python_operator_dag to 2021-04-25 00:00:00+00:00
[2021-04-25 07:18:39,215] {scheduler_job.py:190} INFO - Processing /opt/airflow/dags/simple_python_operator.py took 0.096 seconds
[2021-04-25 07:19:09,431] {scheduler_job.py:182} INFO - Started process (PID=4292) to work on /opt/airflow/dags/simple_python_operator.py
[2021-04-25 07:19:09,433] {scheduler_job.py:629} INFO - Processing file /opt/airflow/dags/simple_python_operator.py for tasks to queue
[2021-04-25 07:19:09,434] {logging_mixin.py:104} INFO - [2021-04-25 07:19:09,433] {dagbag.py:451} INFO - Filling up the DagBag from /opt/airflow/dags/simple_python_operator.py
[2021-04-25 07:19:09,448] {scheduler_job.py:639} INFO - DAG(s) dict_keys(['python_operator_dag']) retrieved from /opt/airflow/dags/simple_python_operator.py
[2021-04-25 07:19:09,478] {logging_mixin.py:104} INFO - [2021-04-25 07:19:09,478] {dag.py:1824} INFO - Sync 1 DAGs
[2021-04-25 07:19:09,508] {logging_mixin.py:104} INFO - [2021-04-25 07:19:09,508] {dag.py:2280} INFO - Setting next_dagrun for python_operator_dag to 2021-04-25 00:00:00+00:00
[2021-04-25 07:19:09,525] {scheduler_job.py:190} INFO - Processing /opt/airflow/dags/simple_python_operator.py took 0.097 seconds
[2021-04-25 07:19:39,795] {scheduler_job.py:182} INFO - Started process (PID=4320) to work on /opt/airflow/dags/simple_python_operator.py
[2021-04-25 07:19:39,796] {scheduler_job.py:629} INFO - Processing file /opt/airflow/dags/simple_python_operator.py for tasks to queue
[2021-04-25 07:19:39,797] {logging_mixin.py:104} INFO - [2021-04-25 07:19:39,797] {dagbag.py:451} INFO - Filling up the DagBag from /opt/airflow/dags/simple_python_operator.py
[2021-04-25 07:19:39,814] {scheduler_job.py:639} INFO - DAG(s) dict_keys(['python_operator_dag']) retrieved from /opt/airflow/dags/simple_python_operator.py
[2021-04-25 07:19:39,841] {logging_mixin.py:104} INFO - [2021-04-25 07:19:39,841] {dag.py:1824} INFO - Sync 1 DAGs
[2021-04-25 07:19:39,866] {logging_mixin.py:104} INFO - [2021-04-25 07:19:39,866] {dag.py:2280} INFO - Setting next_dagrun for python_operator_dag to 2021-04-25 00:00:00+00:00
[2021-04-25 07:19:39,879] {scheduler_job.py:190} INFO - Processing /opt/airflow/dags/simple_python_operator.py took 0.089 seconds
[2021-04-25 07:20:10,380] {scheduler_job.py:182} INFO - Started process (PID=4348) to work on /opt/airflow/dags/simple_python_operator.py
[2021-04-25 07:20:10,391] {scheduler_job.py:629} INFO - Processing file /opt/airflow/dags/simple_python_operator.py for tasks to queue
[2021-04-25 07:20:10,393] {logging_mixin.py:104} INFO - [2021-04-25 07:20:10,392] {dagbag.py:451} INFO - Filling up the DagBag from /opt/airflow/dags/simple_python_operator.py
[2021-04-25 07:20:10,432] {scheduler_job.py:639} INFO - DAG(s) dict_keys(['python_operator_dag']) retrieved from /opt/airflow/dags/simple_python_operator.py
[2021-04-25 07:20:10,467] {logging_mixin.py:104} INFO - [2021-04-25 07:20:10,467] {dag.py:1824} INFO - Sync 1 DAGs
[2021-04-25 07:20:10,502] {logging_mixin.py:104} INFO - [2021-04-25 07:20:10,502] {dag.py:2280} INFO - Setting next_dagrun for python_operator_dag to 2021-04-25 00:00:00+00:00
[2021-04-25 07:20:10,518] {scheduler_job.py:190} INFO - Processing /opt/airflow/dags/simple_python_operator.py took 0.142 seconds
[2021-04-25 07:20:40,851] {scheduler_job.py:182} INFO - Started process (PID=4376) to work on /opt/airflow/dags/simple_python_operator.py
[2021-04-25 07:20:40,853] {scheduler_job.py:629} INFO - Processing file /opt/airflow/dags/simple_python_operator.py for tasks to queue
[2021-04-25 07:20:40,853] {logging_mixin.py:104} INFO - [2021-04-25 07:20:40,853] {dagbag.py:451} INFO - Filling up the DagBag from /opt/airflow/dags/simple_python_operator.py
[2021-04-25 07:20:40,868] {scheduler_job.py:639} INFO - DAG(s) dict_keys(['python_operator_dag']) retrieved from /opt/airflow/dags/simple_python_operator.py
[2021-04-25 07:20:40,892] {logging_mixin.py:104} INFO - [2021-04-25 07:20:40,892] {dag.py:1824} INFO - Sync 1 DAGs
[2021-04-25 07:20:40,917] {logging_mixin.py:104} INFO - [2021-04-25 07:20:40,917] {dag.py:2280} INFO - Setting next_dagrun for python_operator_dag to 2021-04-25 00:00:00+00:00
[2021-04-25 07:20:40,931] {scheduler_job.py:190} INFO - Processing /opt/airflow/dags/simple_python_operator.py took 0.083 seconds
[2021-04-25 07:21:11,271] {scheduler_job.py:182} INFO - Started process (PID=4405) to work on /opt/airflow/dags/simple_python_operator.py
[2021-04-25 07:21:11,272] {scheduler_job.py:629} INFO - Processing file /opt/airflow/dags/simple_python_operator.py for tasks to queue
[2021-04-25 07:21:11,273] {logging_mixin.py:104} INFO - [2021-04-25 07:21:11,273] {dagbag.py:451} INFO - Filling up the DagBag from /opt/airflow/dags/simple_python_operator.py
[2021-04-25 07:21:11,285] {scheduler_job.py:639} INFO - DAG(s) dict_keys(['python_operator_dag']) retrieved from /opt/airflow/dags/simple_python_operator.py
[2021-04-25 07:21:11,304] {logging_mixin.py:104} INFO - [2021-04-25 07:21:11,304] {dag.py:1824} INFO - Sync 1 DAGs
[2021-04-25 07:21:11,326] {logging_mixin.py:104} INFO - [2021-04-25 07:21:11,325] {dag.py:2280} INFO - Setting next_dagrun for python_operator_dag to 2021-04-25 00:00:00+00:00
[2021-04-25 07:21:11,342] {scheduler_job.py:190} INFO - Processing /opt/airflow/dags/simple_python_operator.py took 0.075 seconds
[2021-04-25 07:21:41,572] {scheduler_job.py:182} INFO - Started process (PID=4434) to work on /opt/airflow/dags/simple_python_operator.py
[2021-04-25 07:21:41,573] {scheduler_job.py:629} INFO - Processing file /opt/airflow/dags/simple_python_operator.py for tasks to queue
[2021-04-25 07:21:41,574] {logging_mixin.py:104} INFO - [2021-04-25 07:21:41,574] {dagbag.py:451} INFO - Filling up the DagBag from /opt/airflow/dags/simple_python_operator.py
[2021-04-25 07:21:41,586] {scheduler_job.py:639} INFO - DAG(s) dict_keys(['python_operator_dag']) retrieved from /opt/airflow/dags/simple_python_operator.py
[2021-04-25 07:21:41,614] {logging_mixin.py:104} INFO - [2021-04-25 07:21:41,614] {dag.py:1824} INFO - Sync 1 DAGs
[2021-04-25 07:21:41,637] {logging_mixin.py:104} INFO - [2021-04-25 07:21:41,637] {dag.py:2280} INFO - Setting next_dagrun for python_operator_dag to 2021-04-25 00:00:00+00:00
[2021-04-25 07:21:41,654] {scheduler_job.py:190} INFO - Processing /opt/airflow/dags/simple_python_operator.py took 0.085 seconds
[2021-04-25 07:22:11,926] {scheduler_job.py:182} INFO - Started process (PID=4463) to work on /opt/airflow/dags/simple_python_operator.py
[2021-04-25 07:22:11,928] {scheduler_job.py:629} INFO - Processing file /opt/airflow/dags/simple_python_operator.py for tasks to queue
[2021-04-25 07:22:11,929] {logging_mixin.py:104} INFO - [2021-04-25 07:22:11,929] {dagbag.py:451} INFO - Filling up the DagBag from /opt/airflow/dags/simple_python_operator.py
[2021-04-25 07:22:11,940] {scheduler_job.py:639} INFO - DAG(s) dict_keys(['python_operator_dag']) retrieved from /opt/airflow/dags/simple_python_operator.py
[2021-04-25 07:22:11,963] {logging_mixin.py:104} INFO - [2021-04-25 07:22:11,963] {dag.py:1824} INFO - Sync 1 DAGs
[2021-04-25 07:22:11,986] {logging_mixin.py:104} INFO - [2021-04-25 07:22:11,986] {dag.py:2280} INFO - Setting next_dagrun for python_operator_dag to 2021-04-25 00:00:00+00:00
[2021-04-25 07:22:12,000] {scheduler_job.py:190} INFO - Processing /opt/airflow/dags/simple_python_operator.py took 0.078 seconds
[2021-04-25 07:22:42,235] {scheduler_job.py:182} INFO - Started process (PID=4492) to work on /opt/airflow/dags/simple_python_operator.py
[2021-04-25 07:22:42,237] {scheduler_job.py:629} INFO - Processing file /opt/airflow/dags/simple_python_operator.py for tasks to queue
[2021-04-25 07:22:42,238] {logging_mixin.py:104} INFO - [2021-04-25 07:22:42,237] {dagbag.py:451} INFO - Filling up the DagBag from /opt/airflow/dags/simple_python_operator.py
[2021-04-25 07:22:42,251] {scheduler_job.py:639} INFO - DAG(s) dict_keys(['python_operator_dag']) retrieved from /opt/airflow/dags/simple_python_operator.py
[2021-04-25 07:22:42,271] {logging_mixin.py:104} INFO - [2021-04-25 07:22:42,271] {dag.py:1824} INFO - Sync 1 DAGs
[2021-04-25 07:22:42,298] {logging_mixin.py:104} INFO - [2021-04-25 07:22:42,298] {dag.py:2280} INFO - Setting next_dagrun for python_operator_dag to 2021-04-25 00:00:00+00:00
[2021-04-25 07:22:42,314] {scheduler_job.py:190} INFO - Processing /opt/airflow/dags/simple_python_operator.py took 0.082 seconds
[2021-04-25 07:23:12,720] {scheduler_job.py:182} INFO - Started process (PID=4521) to work on /opt/airflow/dags/simple_python_operator.py
[2021-04-25 07:23:12,721] {scheduler_job.py:629} INFO - Processing file /opt/airflow/dags/simple_python_operator.py for tasks to queue
[2021-04-25 07:23:12,722] {logging_mixin.py:104} INFO - [2021-04-25 07:23:12,722] {dagbag.py:451} INFO - Filling up the DagBag from /opt/airflow/dags/simple_python_operator.py
[2021-04-25 07:23:12,738] {scheduler_job.py:639} INFO - DAG(s) dict_keys(['python_operator_dag']) retrieved from /opt/airflow/dags/simple_python_operator.py
[2021-04-25 07:23:12,764] {logging_mixin.py:104} INFO - [2021-04-25 07:23:12,764] {dag.py:1824} INFO - Sync 1 DAGs
[2021-04-25 07:23:12,788] {logging_mixin.py:104} INFO - [2021-04-25 07:23:12,788] {dag.py:2280} INFO - Setting next_dagrun for python_operator_dag to 2021-04-25 00:00:00+00:00
[2021-04-25 07:23:12,805] {scheduler_job.py:190} INFO - Processing /opt/airflow/dags/simple_python_operator.py took 0.089 seconds
[2021-04-25 07:23:43,017] {scheduler_job.py:182} INFO - Started process (PID=4550) to work on /opt/airflow/dags/simple_python_operator.py
[2021-04-25 07:23:43,018] {scheduler_job.py:629} INFO - Processing file /opt/airflow/dags/simple_python_operator.py for tasks to queue
[2021-04-25 07:23:43,019] {logging_mixin.py:104} INFO - [2021-04-25 07:23:43,019] {dagbag.py:451} INFO - Filling up the DagBag from /opt/airflow/dags/simple_python_operator.py
[2021-04-25 07:23:43,036] {scheduler_job.py:639} INFO - DAG(s) dict_keys(['python_operator_dag']) retrieved from /opt/airflow/dags/simple_python_operator.py
[2021-04-25 07:23:43,068] {logging_mixin.py:104} INFO - [2021-04-25 07:23:43,067] {dag.py:1824} INFO - Sync 1 DAGs
[2021-04-25 07:23:43,098] {logging_mixin.py:104} INFO - [2021-04-25 07:23:43,097] {dag.py:2280} INFO - Setting next_dagrun for python_operator_dag to 2021-04-25 00:00:00+00:00
[2021-04-25 07:23:43,113] {scheduler_job.py:190} INFO - Processing /opt/airflow/dags/simple_python_operator.py took 0.099 seconds
[2021-04-25 07:24:13,316] {scheduler_job.py:182} INFO - Started process (PID=4579) to work on /opt/airflow/dags/simple_python_operator.py
[2021-04-25 07:24:13,317] {scheduler_job.py:629} INFO - Processing file /opt/airflow/dags/simple_python_operator.py for tasks to queue
[2021-04-25 07:24:13,318] {logging_mixin.py:104} INFO - [2021-04-25 07:24:13,318] {dagbag.py:451} INFO - Filling up the DagBag from /opt/airflow/dags/simple_python_operator.py
[2021-04-25 07:24:13,331] {scheduler_job.py:639} INFO - DAG(s) dict_keys(['python_operator_dag']) retrieved from /opt/airflow/dags/simple_python_operator.py
[2021-04-25 07:24:13,355] {logging_mixin.py:104} INFO - [2021-04-25 07:24:13,355] {dag.py:1824} INFO - Sync 1 DAGs
[2021-04-25 07:24:13,382] {logging_mixin.py:104} INFO - [2021-04-25 07:24:13,382] {dag.py:2280} INFO - Setting next_dagrun for python_operator_dag to 2021-04-25 00:00:00+00:00
[2021-04-25 07:24:13,402] {scheduler_job.py:190} INFO - Processing /opt/airflow/dags/simple_python_operator.py took 0.090 seconds
[2021-04-25 07:24:43,726] {scheduler_job.py:182} INFO - Started process (PID=4608) to work on /opt/airflow/dags/simple_python_operator.py
[2021-04-25 07:24:43,727] {scheduler_job.py:629} INFO - Processing file /opt/airflow/dags/simple_python_operator.py for tasks to queue
[2021-04-25 07:24:43,728] {logging_mixin.py:104} INFO - [2021-04-25 07:24:43,728] {dagbag.py:451} INFO - Filling up the DagBag from /opt/airflow/dags/simple_python_operator.py
[2021-04-25 07:24:43,741] {scheduler_job.py:639} INFO - DAG(s) dict_keys(['python_operator_dag']) retrieved from /opt/airflow/dags/simple_python_operator.py
[2021-04-25 07:24:43,765] {logging_mixin.py:104} INFO - [2021-04-25 07:24:43,764] {dag.py:1824} INFO - Sync 1 DAGs
[2021-04-25 07:24:43,790] {logging_mixin.py:104} INFO - [2021-04-25 07:24:43,790] {dag.py:2280} INFO - Setting next_dagrun for python_operator_dag to 2021-04-25 00:00:00+00:00
[2021-04-25 07:24:43,803] {scheduler_job.py:190} INFO - Processing /opt/airflow/dags/simple_python_operator.py took 0.081 seconds
[2021-04-25 07:25:14,151] {scheduler_job.py:182} INFO - Started process (PID=4637) to work on /opt/airflow/dags/simple_python_operator.py
[2021-04-25 07:25:14,153] {scheduler_job.py:629} INFO - Processing file /opt/airflow/dags/simple_python_operator.py for tasks to queue
[2021-04-25 07:25:14,153] {logging_mixin.py:104} INFO - [2021-04-25 07:25:14,153] {dagbag.py:451} INFO - Filling up the DagBag from /opt/airflow/dags/simple_python_operator.py
[2021-04-25 07:25:14,165] {scheduler_job.py:639} INFO - DAG(s) dict_keys(['python_operator_dag']) retrieved from /opt/airflow/dags/simple_python_operator.py
[2021-04-25 07:25:14,189] {logging_mixin.py:104} INFO - [2021-04-25 07:25:14,189] {dag.py:1824} INFO - Sync 1 DAGs
[2021-04-25 07:25:14,211] {logging_mixin.py:104} INFO - [2021-04-25 07:25:14,211] {dag.py:2280} INFO - Setting next_dagrun for python_operator_dag to 2021-04-25 00:00:00+00:00
[2021-04-25 07:25:14,226] {scheduler_job.py:190} INFO - Processing /opt/airflow/dags/simple_python_operator.py took 0.079 seconds
[2021-04-25 07:25:44,467] {scheduler_job.py:182} INFO - Started process (PID=4666) to work on /opt/airflow/dags/simple_python_operator.py
[2021-04-25 07:25:44,470] {scheduler_job.py:629} INFO - Processing file /opt/airflow/dags/simple_python_operator.py for tasks to queue
[2021-04-25 07:25:44,471] {logging_mixin.py:104} INFO - [2021-04-25 07:25:44,470] {dagbag.py:451} INFO - Filling up the DagBag from /opt/airflow/dags/simple_python_operator.py
[2021-04-25 07:25:44,471] {scheduler_job.py:641} WARNING - No viable dags retrieved from /opt/airflow/dags/simple_python_operator.py
[2021-04-25 07:25:44,472] {scheduler_job.py:190} INFO - Processing /opt/airflow/dags/simple_python_operator.py took 0.009 seconds
