[2021-04-25 00:00:05,197] {scheduler_job.py:182} INFO - Started process (PID=426) to work on /opt/airflow/dags/simple_bash_operator_dag.py
[2021-04-25 00:00:05,200] {scheduler_job.py:629} INFO - Processing file /opt/airflow/dags/simple_bash_operator_dag.py for tasks to queue
[2021-04-25 00:00:05,202] {logging_mixin.py:104} INFO - [2021-04-25 00:00:05,201] {dagbag.py:451} INFO - Filling up the DagBag from /opt/airflow/dags/simple_bash_operator_dag.py
[2021-04-25 00:00:05,250] {scheduler_job.py:639} INFO - DAG(s) dict_keys(['bash_operator_dag']) retrieved from /opt/airflow/dags/simple_bash_operator_dag.py
[2021-04-25 00:00:05,392] {logging_mixin.py:104} INFO - [2021-04-25 00:00:05,392] {dag.py:1824} INFO - Sync 1 DAGs
[2021-04-25 00:00:05,515] {logging_mixin.py:104} INFO - [2021-04-25 00:00:05,514] {dag.py:2280} INFO - Setting next_dagrun for bash_operator_dag to 2021-01-16 00:00:00+00:00
[2021-04-25 00:00:05,598] {scheduler_job.py:190} INFO - Processing /opt/airflow/dags/simple_bash_operator_dag.py took 0.411 seconds
[2021-04-25 00:00:36,035] {scheduler_job.py:182} INFO - Started process (PID=563) to work on /opt/airflow/dags/simple_bash_operator_dag.py
[2021-04-25 00:00:36,043] {scheduler_job.py:629} INFO - Processing file /opt/airflow/dags/simple_bash_operator_dag.py for tasks to queue
[2021-04-25 00:00:36,045] {logging_mixin.py:104} INFO - [2021-04-25 00:00:36,045] {dagbag.py:451} INFO - Filling up the DagBag from /opt/airflow/dags/simple_bash_operator_dag.py
[2021-04-25 00:00:36,104] {scheduler_job.py:639} INFO - DAG(s) dict_keys(['bash_operator_dag']) retrieved from /opt/airflow/dags/simple_bash_operator_dag.py
[2021-04-25 00:00:36,203] {logging_mixin.py:104} INFO - [2021-04-25 00:00:36,203] {dag.py:1824} INFO - Sync 1 DAGs
[2021-04-25 00:00:36,295] {logging_mixin.py:104} INFO - [2021-04-25 00:00:36,294] {dag.py:2280} INFO - Setting next_dagrun for bash_operator_dag to 2021-02-08 00:00:00+00:00
[2021-04-25 00:00:36,338] {scheduler_job.py:190} INFO - Processing /opt/airflow/dags/simple_bash_operator_dag.py took 0.340 seconds
[2021-04-25 00:01:06,783] {scheduler_job.py:182} INFO - Started process (PID=725) to work on /opt/airflow/dags/simple_bash_operator_dag.py
[2021-04-25 00:01:06,796] {scheduler_job.py:629} INFO - Processing file /opt/airflow/dags/simple_bash_operator_dag.py for tasks to queue
[2021-04-25 00:01:06,798] {logging_mixin.py:104} INFO - [2021-04-25 00:01:06,797] {dagbag.py:451} INFO - Filling up the DagBag from /opt/airflow/dags/simple_bash_operator_dag.py
[2021-04-25 00:01:06,848] {scheduler_job.py:639} INFO - DAG(s) dict_keys(['bash_operator_dag']) retrieved from /opt/airflow/dags/simple_bash_operator_dag.py
[2021-04-25 00:01:06,961] {logging_mixin.py:104} INFO - [2021-04-25 00:01:06,960] {dag.py:1824} INFO - Sync 1 DAGs
[2021-04-25 00:01:07,019] {logging_mixin.py:104} INFO - [2021-04-25 00:01:07,019] {dag.py:2280} INFO - Setting next_dagrun for bash_operator_dag to 2021-03-06 00:00:00+00:00
[2021-04-25 00:01:07,058] {scheduler_job.py:190} INFO - Processing /opt/airflow/dags/simple_bash_operator_dag.py took 0.286 seconds
[2021-04-25 00:01:37,987] {scheduler_job.py:182} INFO - Started process (PID=875) to work on /opt/airflow/dags/simple_bash_operator_dag.py
[2021-04-25 00:01:37,991] {scheduler_job.py:629} INFO - Processing file /opt/airflow/dags/simple_bash_operator_dag.py for tasks to queue
[2021-04-25 00:01:37,992] {logging_mixin.py:104} INFO - [2021-04-25 00:01:37,992] {dagbag.py:451} INFO - Filling up the DagBag from /opt/airflow/dags/simple_bash_operator_dag.py
[2021-04-25 00:01:38,052] {scheduler_job.py:639} INFO - DAG(s) dict_keys(['bash_operator_dag']) retrieved from /opt/airflow/dags/simple_bash_operator_dag.py
[2021-04-25 00:01:38,246] {logging_mixin.py:104} INFO - [2021-04-25 00:01:38,244] {dag.py:1824} INFO - Sync 1 DAGs
[2021-04-25 00:01:38,358] {logging_mixin.py:104} INFO - [2021-04-25 00:01:38,357] {dag.py:2280} INFO - Setting next_dagrun for bash_operator_dag to 2021-04-02 00:00:00+00:00
[2021-04-25 00:01:38,436] {scheduler_job.py:190} INFO - Processing /opt/airflow/dags/simple_bash_operator_dag.py took 0.462 seconds
[2021-04-25 00:02:09,540] {scheduler_job.py:182} INFO - Started process (PID=1024) to work on /opt/airflow/dags/simple_bash_operator_dag.py
[2021-04-25 00:02:09,543] {scheduler_job.py:629} INFO - Processing file /opt/airflow/dags/simple_bash_operator_dag.py for tasks to queue
[2021-04-25 00:02:09,545] {logging_mixin.py:104} INFO - [2021-04-25 00:02:09,544] {dagbag.py:451} INFO - Filling up the DagBag from /opt/airflow/dags/simple_bash_operator_dag.py
[2021-04-25 00:02:09,590] {scheduler_job.py:639} INFO - DAG(s) dict_keys(['bash_operator_dag']) retrieved from /opt/airflow/dags/simple_bash_operator_dag.py
[2021-04-25 00:02:09,650] {logging_mixin.py:104} INFO - [2021-04-25 00:02:09,650] {dag.py:1824} INFO - Sync 1 DAGs
[2021-04-25 00:02:09,702] {logging_mixin.py:104} INFO - [2021-04-25 00:02:09,702] {dag.py:2280} INFO - Setting next_dagrun for bash_operator_dag to 2021-04-25 00:00:00+00:00
[2021-04-25 00:02:09,737] {scheduler_job.py:190} INFO - Processing /opt/airflow/dags/simple_bash_operator_dag.py took 0.213 seconds
[2021-04-25 00:02:40,091] {scheduler_job.py:182} INFO - Started process (PID=1051) to work on /opt/airflow/dags/simple_bash_operator_dag.py
[2021-04-25 00:02:40,094] {scheduler_job.py:629} INFO - Processing file /opt/airflow/dags/simple_bash_operator_dag.py for tasks to queue
[2021-04-25 00:02:40,099] {logging_mixin.py:104} INFO - [2021-04-25 00:02:40,098] {dagbag.py:451} INFO - Filling up the DagBag from /opt/airflow/dags/simple_bash_operator_dag.py
[2021-04-25 00:02:40,136] {scheduler_job.py:639} INFO - DAG(s) dict_keys(['bash_operator_dag']) retrieved from /opt/airflow/dags/simple_bash_operator_dag.py
[2021-04-25 00:02:40,227] {logging_mixin.py:104} INFO - [2021-04-25 00:02:40,226] {dag.py:1824} INFO - Sync 1 DAGs
[2021-04-25 00:02:40,296] {logging_mixin.py:104} INFO - [2021-04-25 00:02:40,295] {dag.py:2280} INFO - Setting next_dagrun for bash_operator_dag to 2021-04-25 00:00:00+00:00
[2021-04-25 00:02:40,325] {scheduler_job.py:190} INFO - Processing /opt/airflow/dags/simple_bash_operator_dag.py took 0.242 seconds
[2021-04-25 00:03:11,831] {scheduler_job.py:182} INFO - Started process (PID=1083) to work on /opt/airflow/dags/simple_bash_operator_dag.py
[2021-04-25 00:03:11,835] {scheduler_job.py:629} INFO - Processing file /opt/airflow/dags/simple_bash_operator_dag.py for tasks to queue
[2021-04-25 00:03:11,837] {logging_mixin.py:104} INFO - [2021-04-25 00:03:11,836] {dagbag.py:451} INFO - Filling up the DagBag from /opt/airflow/dags/simple_bash_operator_dag.py
[2021-04-25 00:03:11,864] {scheduler_job.py:639} INFO - DAG(s) dict_keys(['bash_operator_dag']) retrieved from /opt/airflow/dags/simple_bash_operator_dag.py
[2021-04-25 00:03:11,918] {logging_mixin.py:104} INFO - [2021-04-25 00:03:11,918] {dag.py:1824} INFO - Sync 1 DAGs
[2021-04-25 00:03:11,958] {logging_mixin.py:104} INFO - [2021-04-25 00:03:11,958] {dag.py:2280} INFO - Setting next_dagrun for bash_operator_dag to 2021-04-25 00:00:00+00:00
[2021-04-25 00:03:11,982] {scheduler_job.py:190} INFO - Processing /opt/airflow/dags/simple_bash_operator_dag.py took 0.159 seconds
[2021-04-25 00:03:42,494] {scheduler_job.py:182} INFO - Started process (PID=1110) to work on /opt/airflow/dags/simple_bash_operator_dag.py
[2021-04-25 00:03:42,496] {scheduler_job.py:629} INFO - Processing file /opt/airflow/dags/simple_bash_operator_dag.py for tasks to queue
[2021-04-25 00:03:42,498] {logging_mixin.py:104} INFO - [2021-04-25 00:03:42,498] {dagbag.py:451} INFO - Filling up the DagBag from /opt/airflow/dags/simple_bash_operator_dag.py
[2021-04-25 00:03:42,538] {scheduler_job.py:639} INFO - DAG(s) dict_keys(['bash_operator_dag']) retrieved from /opt/airflow/dags/simple_bash_operator_dag.py
[2021-04-25 00:03:42,583] {logging_mixin.py:104} INFO - [2021-04-25 00:03:42,583] {dag.py:1824} INFO - Sync 1 DAGs
[2021-04-25 00:03:42,615] {logging_mixin.py:104} INFO - [2021-04-25 00:03:42,614] {dag.py:1843} INFO - Creating ORM DAG for bash_operator_dag
[2021-04-25 00:03:42,633] {logging_mixin.py:104} INFO - [2021-04-25 00:03:42,633] {dag.py:2280} INFO - Setting next_dagrun for bash_operator_dag to 2021-01-01T00:00:00+00:00
[2021-04-25 00:03:42,667] {scheduler_job.py:190} INFO - Processing /opt/airflow/dags/simple_bash_operator_dag.py took 0.182 seconds
[2021-04-25 00:04:13,284] {scheduler_job.py:182} INFO - Started process (PID=1137) to work on /opt/airflow/dags/simple_bash_operator_dag.py
[2021-04-25 00:04:13,286] {scheduler_job.py:629} INFO - Processing file /opt/airflow/dags/simple_bash_operator_dag.py for tasks to queue
[2021-04-25 00:04:13,288] {logging_mixin.py:104} INFO - [2021-04-25 00:04:13,288] {dagbag.py:451} INFO - Filling up the DagBag from /opt/airflow/dags/simple_bash_operator_dag.py
[2021-04-25 00:04:13,311] {scheduler_job.py:639} INFO - DAG(s) dict_keys(['bash_operator_dag']) retrieved from /opt/airflow/dags/simple_bash_operator_dag.py
[2021-04-25 00:04:13,348] {logging_mixin.py:104} INFO - [2021-04-25 00:04:13,348] {dag.py:1824} INFO - Sync 1 DAGs
[2021-04-25 00:04:13,401] {logging_mixin.py:104} INFO - [2021-04-25 00:04:13,400] {dag.py:2280} INFO - Setting next_dagrun for bash_operator_dag to 2021-01-01T00:00:00+00:00
[2021-04-25 00:04:13,422] {scheduler_job.py:190} INFO - Processing /opt/airflow/dags/simple_bash_operator_dag.py took 0.150 seconds
[2021-04-25 00:04:44,649] {scheduler_job.py:182} INFO - Started process (PID=1295) to work on /opt/airflow/dags/simple_bash_operator_dag.py
[2021-04-25 00:04:44,653] {scheduler_job.py:629} INFO - Processing file /opt/airflow/dags/simple_bash_operator_dag.py for tasks to queue
[2021-04-25 00:04:44,656] {logging_mixin.py:104} INFO - [2021-04-25 00:04:44,655] {dagbag.py:451} INFO - Filling up the DagBag from /opt/airflow/dags/simple_bash_operator_dag.py
[2021-04-25 00:04:44,730] {scheduler_job.py:639} INFO - DAG(s) dict_keys(['bash_operator_dag']) retrieved from /opt/airflow/dags/simple_bash_operator_dag.py
[2021-04-25 00:04:44,836] {logging_mixin.py:104} INFO - [2021-04-25 00:04:44,835] {dag.py:1824} INFO - Sync 1 DAGs
[2021-04-25 00:04:44,940] {logging_mixin.py:104} INFO - [2021-04-25 00:04:44,939] {dag.py:2280} INFO - Setting next_dagrun for bash_operator_dag to 2021-02-01 00:00:00+00:00
[2021-04-25 00:04:44,998] {scheduler_job.py:190} INFO - Processing /opt/airflow/dags/simple_bash_operator_dag.py took 0.370 seconds
[2021-04-25 00:05:15,863] {scheduler_job.py:182} INFO - Started process (PID=1500) to work on /opt/airflow/dags/simple_bash_operator_dag.py
[2021-04-25 00:05:15,867] {scheduler_job.py:629} INFO - Processing file /opt/airflow/dags/simple_bash_operator_dag.py for tasks to queue
[2021-04-25 00:05:15,873] {logging_mixin.py:104} INFO - [2021-04-25 00:05:15,872] {dagbag.py:451} INFO - Filling up the DagBag from /opt/airflow/dags/simple_bash_operator_dag.py
[2021-04-25 00:05:15,944] {scheduler_job.py:639} INFO - DAG(s) dict_keys(['bash_operator_dag']) retrieved from /opt/airflow/dags/simple_bash_operator_dag.py
[2021-04-25 00:05:16,043] {logging_mixin.py:104} INFO - [2021-04-25 00:05:16,042] {dag.py:1824} INFO - Sync 1 DAGs
[2021-04-25 00:05:16,109] {logging_mixin.py:104} INFO - [2021-04-25 00:05:16,109] {dag.py:2280} INFO - Setting next_dagrun for bash_operator_dag to 2021-03-11 00:00:00+00:00
[2021-04-25 00:05:16,178] {scheduler_job.py:190} INFO - Processing /opt/airflow/dags/simple_bash_operator_dag.py took 0.329 seconds
[2021-04-25 00:05:46,610] {scheduler_job.py:182} INFO - Started process (PID=1662) to work on /opt/airflow/dags/simple_bash_operator_dag.py
[2021-04-25 00:05:46,613] {scheduler_job.py:629} INFO - Processing file /opt/airflow/dags/simple_bash_operator_dag.py for tasks to queue
[2021-04-25 00:05:46,614] {logging_mixin.py:104} INFO - [2021-04-25 00:05:46,614] {dagbag.py:451} INFO - Filling up the DagBag from /opt/airflow/dags/simple_bash_operator_dag.py
[2021-04-25 00:05:46,636] {scheduler_job.py:639} INFO - DAG(s) dict_keys(['bash_operator_dag']) retrieved from /opt/airflow/dags/simple_bash_operator_dag.py
[2021-04-25 00:05:46,695] {logging_mixin.py:104} INFO - [2021-04-25 00:05:46,695] {dag.py:1824} INFO - Sync 1 DAGs
[2021-04-25 00:05:46,716] {logging_mixin.py:104} INFO - [2021-04-25 00:05:46,716] {dag.py:1843} INFO - Creating ORM DAG for bash_operator_dag
[2021-04-25 00:05:46,731] {logging_mixin.py:104} INFO - [2021-04-25 00:05:46,731] {dag.py:2280} INFO - Setting next_dagrun for bash_operator_dag to 2021-01-01T00:00:00+00:00
[2021-04-25 00:05:46,762] {scheduler_job.py:190} INFO - Processing /opt/airflow/dags/simple_bash_operator_dag.py took 0.157 seconds
[2021-04-25 00:06:17,523] {scheduler_job.py:182} INFO - Started process (PID=1689) to work on /opt/airflow/dags/simple_bash_operator_dag.py
[2021-04-25 00:06:17,525] {scheduler_job.py:629} INFO - Processing file /opt/airflow/dags/simple_bash_operator_dag.py for tasks to queue
[2021-04-25 00:06:17,526] {logging_mixin.py:104} INFO - [2021-04-25 00:06:17,526] {dagbag.py:451} INFO - Filling up the DagBag from /opt/airflow/dags/simple_bash_operator_dag.py
[2021-04-25 00:06:17,545] {scheduler_job.py:639} INFO - DAG(s) dict_keys(['bash_operator_dag']) retrieved from /opt/airflow/dags/simple_bash_operator_dag.py
[2021-04-25 00:06:17,581] {logging_mixin.py:104} INFO - [2021-04-25 00:06:17,581] {dag.py:1824} INFO - Sync 1 DAGs
[2021-04-25 00:06:17,608] {logging_mixin.py:104} INFO - [2021-04-25 00:06:17,608] {dag.py:2280} INFO - Setting next_dagrun for bash_operator_dag to 2021-01-01T00:00:00+00:00
[2021-04-25 00:06:17,627] {scheduler_job.py:190} INFO - Processing /opt/airflow/dags/simple_bash_operator_dag.py took 0.110 seconds
[2021-04-25 00:06:47,829] {scheduler_job.py:182} INFO - Started process (PID=1716) to work on /opt/airflow/dags/simple_bash_operator_dag.py
[2021-04-25 00:06:47,830] {scheduler_job.py:629} INFO - Processing file /opt/airflow/dags/simple_bash_operator_dag.py for tasks to queue
[2021-04-25 00:06:47,831] {logging_mixin.py:104} INFO - [2021-04-25 00:06:47,831] {dagbag.py:451} INFO - Filling up the DagBag from /opt/airflow/dags/simple_bash_operator_dag.py
[2021-04-25 00:06:47,845] {scheduler_job.py:639} INFO - DAG(s) dict_keys(['bash_operator_dag']) retrieved from /opt/airflow/dags/simple_bash_operator_dag.py
[2021-04-25 00:06:47,890] {logging_mixin.py:104} INFO - [2021-04-25 00:06:47,890] {dag.py:1824} INFO - Sync 1 DAGs
[2021-04-25 00:06:47,912] {logging_mixin.py:104} INFO - [2021-04-25 00:06:47,912] {dag.py:2280} INFO - Setting next_dagrun for bash_operator_dag to 2021-01-01T00:00:00+00:00
[2021-04-25 00:06:47,931] {scheduler_job.py:190} INFO - Processing /opt/airflow/dags/simple_bash_operator_dag.py took 0.106 seconds
[2021-04-25 00:07:18,939] {scheduler_job.py:182} INFO - Started process (PID=1780) to work on /opt/airflow/dags/simple_bash_operator_dag.py
[2021-04-25 00:07:18,942] {scheduler_job.py:629} INFO - Processing file /opt/airflow/dags/simple_bash_operator_dag.py for tasks to queue
[2021-04-25 00:07:18,945] {logging_mixin.py:104} INFO - [2021-04-25 00:07:18,944] {dagbag.py:451} INFO - Filling up the DagBag from /opt/airflow/dags/simple_bash_operator_dag.py
[2021-04-25 00:07:18,979] {scheduler_job.py:639} INFO - DAG(s) dict_keys(['bash_operator_dag']) retrieved from /opt/airflow/dags/simple_bash_operator_dag.py
[2021-04-25 00:07:19,067] {logging_mixin.py:104} INFO - [2021-04-25 00:07:19,066] {dag.py:1824} INFO - Sync 1 DAGs
[2021-04-25 00:07:19,196] {logging_mixin.py:104} INFO - [2021-04-25 00:07:19,196] {dag.py:2280} INFO - Setting next_dagrun for bash_operator_dag to 2021-01-13 00:00:00+00:00
[2021-04-25 00:07:19,239] {scheduler_job.py:190} INFO - Processing /opt/airflow/dags/simple_bash_operator_dag.py took 0.312 seconds
[2021-04-25 00:07:50,347] {scheduler_job.py:182} INFO - Started process (PID=1948) to work on /opt/airflow/dags/simple_bash_operator_dag.py
[2021-04-25 00:07:50,350] {scheduler_job.py:629} INFO - Processing file /opt/airflow/dags/simple_bash_operator_dag.py for tasks to queue
[2021-04-25 00:07:50,353] {logging_mixin.py:104} INFO - [2021-04-25 00:07:50,352] {dagbag.py:451} INFO - Filling up the DagBag from /opt/airflow/dags/simple_bash_operator_dag.py
[2021-04-25 00:07:50,411] {scheduler_job.py:639} INFO - DAG(s) dict_keys(['bash_operator_dag']) retrieved from /opt/airflow/dags/simple_bash_operator_dag.py
[2021-04-25 00:07:50,533] {logging_mixin.py:104} INFO - [2021-04-25 00:07:50,532] {dag.py:1824} INFO - Sync 1 DAGs
[2021-04-25 00:07:50,623] {logging_mixin.py:104} INFO - [2021-04-25 00:07:50,623] {dag.py:2280} INFO - Setting next_dagrun for bash_operator_dag to 2021-02-11 00:00:00+00:00
[2021-04-25 00:07:50,660] {scheduler_job.py:190} INFO - Processing /opt/airflow/dags/simple_bash_operator_dag.py took 0.325 seconds
[2021-04-25 00:08:21,234] {scheduler_job.py:182} INFO - Started process (PID=2126) to work on /opt/airflow/dags/simple_bash_operator_dag.py
[2021-04-25 00:08:21,242] {scheduler_job.py:629} INFO - Processing file /opt/airflow/dags/simple_bash_operator_dag.py for tasks to queue
[2021-04-25 00:08:21,247] {logging_mixin.py:104} INFO - [2021-04-25 00:08:21,247] {dagbag.py:451} INFO - Filling up the DagBag from /opt/airflow/dags/simple_bash_operator_dag.py
[2021-04-25 00:08:21,309] {scheduler_job.py:639} INFO - DAG(s) dict_keys(['bash_operator_dag']) retrieved from /opt/airflow/dags/simple_bash_operator_dag.py
[2021-04-25 00:08:21,410] {logging_mixin.py:104} INFO - [2021-04-25 00:08:21,409] {dag.py:1824} INFO - Sync 1 DAGs
[2021-04-25 00:08:21,499] {logging_mixin.py:104} INFO - [2021-04-25 00:08:21,499] {dag.py:2280} INFO - Setting next_dagrun for bash_operator_dag to 2021-03-12 00:00:00+00:00
[2021-04-25 00:08:21,536] {scheduler_job.py:190} INFO - Processing /opt/airflow/dags/simple_bash_operator_dag.py took 0.318 seconds
[2021-04-25 00:08:52,709] {scheduler_job.py:182} INFO - Started process (PID=2278) to work on /opt/airflow/dags/simple_bash_operator_dag.py
[2021-04-25 00:08:52,722] {scheduler_job.py:629} INFO - Processing file /opt/airflow/dags/simple_bash_operator_dag.py for tasks to queue
[2021-04-25 00:08:52,724] {logging_mixin.py:104} INFO - [2021-04-25 00:08:52,724] {dagbag.py:451} INFO - Filling up the DagBag from /opt/airflow/dags/simple_bash_operator_dag.py
[2021-04-25 00:08:52,835] {scheduler_job.py:639} INFO - DAG(s) dict_keys(['bash_operator_dag']) retrieved from /opt/airflow/dags/simple_bash_operator_dag.py
[2021-04-25 00:08:53,010] {logging_mixin.py:104} INFO - [2021-04-25 00:08:53,009] {dag.py:1824} INFO - Sync 1 DAGs
[2021-04-25 00:08:53,124] {logging_mixin.py:104} INFO - [2021-04-25 00:08:53,124] {dag.py:2280} INFO - Setting next_dagrun for bash_operator_dag to 2021-04-13 00:00:00+00:00
[2021-04-25 00:08:53,360] {scheduler_job.py:190} INFO - Processing /opt/airflow/dags/simple_bash_operator_dag.py took 0.683 seconds
[2021-04-25 00:09:24,433] {scheduler_job.py:182} INFO - Started process (PID=2373) to work on /opt/airflow/dags/simple_bash_operator_dag.py
[2021-04-25 00:09:24,435] {scheduler_job.py:629} INFO - Processing file /opt/airflow/dags/simple_bash_operator_dag.py for tasks to queue
[2021-04-25 00:09:24,436] {logging_mixin.py:104} INFO - [2021-04-25 00:09:24,436] {dagbag.py:451} INFO - Filling up the DagBag from /opt/airflow/dags/simple_bash_operator_dag.py
[2021-04-25 00:09:24,455] {scheduler_job.py:639} INFO - DAG(s) dict_keys(['bash_operator_dag']) retrieved from /opt/airflow/dags/simple_bash_operator_dag.py
[2021-04-25 00:09:24,484] {logging_mixin.py:104} INFO - [2021-04-25 00:09:24,484] {dag.py:1824} INFO - Sync 1 DAGs
[2021-04-25 00:09:24,507] {logging_mixin.py:104} INFO - [2021-04-25 00:09:24,507] {dag.py:2280} INFO - Setting next_dagrun for bash_operator_dag to 2021-04-25 00:00:00+00:00
[2021-04-25 00:09:24,525] {scheduler_job.py:190} INFO - Processing /opt/airflow/dags/simple_bash_operator_dag.py took 0.097 seconds
[2021-04-25 00:09:54,818] {scheduler_job.py:182} INFO - Started process (PID=2401) to work on /opt/airflow/dags/simple_bash_operator_dag.py
[2021-04-25 00:09:54,823] {scheduler_job.py:629} INFO - Processing file /opt/airflow/dags/simple_bash_operator_dag.py for tasks to queue
[2021-04-25 00:09:54,826] {logging_mixin.py:104} INFO - [2021-04-25 00:09:54,826] {dagbag.py:451} INFO - Filling up the DagBag from /opt/airflow/dags/simple_bash_operator_dag.py
[2021-04-25 00:09:54,845] {scheduler_job.py:639} INFO - DAG(s) dict_keys(['bash_operator_dag']) retrieved from /opt/airflow/dags/simple_bash_operator_dag.py
[2021-04-25 00:09:54,869] {logging_mixin.py:104} INFO - [2021-04-25 00:09:54,869] {dag.py:1824} INFO - Sync 1 DAGs
[2021-04-25 00:09:54,887] {logging_mixin.py:104} INFO - [2021-04-25 00:09:54,887] {dag.py:2280} INFO - Setting next_dagrun for bash_operator_dag to 2021-04-25 00:00:00+00:00
[2021-04-25 00:09:54,901] {scheduler_job.py:190} INFO - Processing /opt/airflow/dags/simple_bash_operator_dag.py took 0.087 seconds
[2021-04-25 00:10:25,326] {scheduler_job.py:182} INFO - Started process (PID=2428) to work on /opt/airflow/dags/simple_bash_operator_dag.py
[2021-04-25 00:10:25,333] {scheduler_job.py:629} INFO - Processing file /opt/airflow/dags/simple_bash_operator_dag.py for tasks to queue
[2021-04-25 00:10:25,336] {logging_mixin.py:104} INFO - [2021-04-25 00:10:25,336] {dagbag.py:451} INFO - Filling up the DagBag from /opt/airflow/dags/simple_bash_operator_dag.py
[2021-04-25 00:10:25,383] {scheduler_job.py:639} INFO - DAG(s) dict_keys(['bash_operator_dag']) retrieved from /opt/airflow/dags/simple_bash_operator_dag.py
[2021-04-25 00:10:25,450] {logging_mixin.py:104} INFO - [2021-04-25 00:10:25,450] {dag.py:1824} INFO - Sync 1 DAGs
[2021-04-25 00:10:25,530] {logging_mixin.py:104} INFO - [2021-04-25 00:10:25,529] {dag.py:2280} INFO - Setting next_dagrun for bash_operator_dag to 2021-04-25 00:00:00+00:00
[2021-04-25 00:10:25,560] {scheduler_job.py:190} INFO - Processing /opt/airflow/dags/simple_bash_operator_dag.py took 0.246 seconds
[2021-04-25 00:10:55,635] {scheduler_job.py:182} INFO - Started process (PID=2455) to work on /opt/airflow/dags/simple_bash_operator_dag.py
[2021-04-25 00:10:55,641] {scheduler_job.py:629} INFO - Processing file /opt/airflow/dags/simple_bash_operator_dag.py for tasks to queue
[2021-04-25 00:10:55,643] {logging_mixin.py:104} INFO - [2021-04-25 00:10:55,643] {dagbag.py:451} INFO - Filling up the DagBag from /opt/airflow/dags/simple_bash_operator_dag.py
[2021-04-25 00:10:55,662] {scheduler_job.py:639} INFO - DAG(s) dict_keys(['bash_operator_dag']) retrieved from /opt/airflow/dags/simple_bash_operator_dag.py
[2021-04-25 00:10:55,709] {logging_mixin.py:104} INFO - [2021-04-25 00:10:55,709] {dag.py:1824} INFO - Sync 1 DAGs
[2021-04-25 00:10:55,742] {logging_mixin.py:104} INFO - [2021-04-25 00:10:55,742] {dag.py:2280} INFO - Setting next_dagrun for bash_operator_dag to 2021-04-25 00:00:00+00:00
[2021-04-25 00:10:55,761] {scheduler_job.py:190} INFO - Processing /opt/airflow/dags/simple_bash_operator_dag.py took 0.136 seconds
[2021-04-25 00:11:25,951] {scheduler_job.py:182} INFO - Started process (PID=2482) to work on /opt/airflow/dags/simple_bash_operator_dag.py
[2021-04-25 00:11:25,953] {scheduler_job.py:629} INFO - Processing file /opt/airflow/dags/simple_bash_operator_dag.py for tasks to queue
[2021-04-25 00:11:25,955] {logging_mixin.py:104} INFO - [2021-04-25 00:11:25,954] {dagbag.py:451} INFO - Filling up the DagBag from /opt/airflow/dags/simple_bash_operator_dag.py
[2021-04-25 00:11:25,978] {scheduler_job.py:639} INFO - DAG(s) dict_keys(['bash_operator_dag']) retrieved from /opt/airflow/dags/simple_bash_operator_dag.py
[2021-04-25 00:11:26,017] {logging_mixin.py:104} INFO - [2021-04-25 00:11:26,016] {dag.py:1824} INFO - Sync 1 DAGs
[2021-04-25 00:11:26,049] {logging_mixin.py:104} INFO - [2021-04-25 00:11:26,049] {dag.py:2280} INFO - Setting next_dagrun for bash_operator_dag to 2021-04-25 00:00:00+00:00
[2021-04-25 00:11:26,071] {scheduler_job.py:190} INFO - Processing /opt/airflow/dags/simple_bash_operator_dag.py took 0.127 seconds
[2021-04-25 00:11:56,737] {scheduler_job.py:182} INFO - Started process (PID=2508) to work on /opt/airflow/dags/simple_bash_operator_dag.py
[2021-04-25 00:11:56,740] {scheduler_job.py:629} INFO - Processing file /opt/airflow/dags/simple_bash_operator_dag.py for tasks to queue
[2021-04-25 00:11:56,742] {logging_mixin.py:104} INFO - [2021-04-25 00:11:56,742] {dagbag.py:451} INFO - Filling up the DagBag from /opt/airflow/dags/simple_bash_operator_dag.py
[2021-04-25 00:11:56,811] {scheduler_job.py:639} INFO - DAG(s) dict_keys(['bash_operator_dag']) retrieved from /opt/airflow/dags/simple_bash_operator_dag.py
[2021-04-25 00:11:56,915] {logging_mixin.py:104} INFO - [2021-04-25 00:11:56,914] {dag.py:1824} INFO - Sync 1 DAGs
[2021-04-25 00:11:57,015] {logging_mixin.py:104} INFO - [2021-04-25 00:11:57,015] {dag.py:2280} INFO - Setting next_dagrun for bash_operator_dag to 2021-04-25 00:00:00+00:00
[2021-04-25 00:11:57,077] {scheduler_job.py:190} INFO - Processing /opt/airflow/dags/simple_bash_operator_dag.py took 0.360 seconds
[2021-04-25 00:12:27,319] {scheduler_job.py:182} INFO - Started process (PID=2535) to work on /opt/airflow/dags/simple_bash_operator_dag.py
[2021-04-25 00:12:27,321] {scheduler_job.py:629} INFO - Processing file /opt/airflow/dags/simple_bash_operator_dag.py for tasks to queue
[2021-04-25 00:12:27,323] {logging_mixin.py:104} INFO - [2021-04-25 00:12:27,322] {dagbag.py:451} INFO - Filling up the DagBag from /opt/airflow/dags/simple_bash_operator_dag.py
[2021-04-25 00:12:27,345] {scheduler_job.py:639} INFO - DAG(s) dict_keys(['bash_operator_dag']) retrieved from /opt/airflow/dags/simple_bash_operator_dag.py
[2021-04-25 00:12:27,384] {logging_mixin.py:104} INFO - [2021-04-25 00:12:27,384] {dag.py:1824} INFO - Sync 1 DAGs
[2021-04-25 00:12:27,421] {logging_mixin.py:104} INFO - [2021-04-25 00:12:27,420] {dag.py:2280} INFO - Setting next_dagrun for bash_operator_dag to 2021-04-25 00:00:00+00:00
[2021-04-25 00:12:27,441] {scheduler_job.py:190} INFO - Processing /opt/airflow/dags/simple_bash_operator_dag.py took 0.130 seconds
[2021-04-25 00:12:58,021] {scheduler_job.py:182} INFO - Started process (PID=2563) to work on /opt/airflow/dags/simple_bash_operator_dag.py
[2021-04-25 00:12:58,023] {scheduler_job.py:629} INFO - Processing file /opt/airflow/dags/simple_bash_operator_dag.py for tasks to queue
[2021-04-25 00:12:58,025] {logging_mixin.py:104} INFO - [2021-04-25 00:12:58,025] {dagbag.py:451} INFO - Filling up the DagBag from /opt/airflow/dags/simple_bash_operator_dag.py
[2021-04-25 00:12:58,049] {scheduler_job.py:639} INFO - DAG(s) dict_keys(['bash_operator_dag']) retrieved from /opt/airflow/dags/simple_bash_operator_dag.py
[2021-04-25 00:12:58,090] {logging_mixin.py:104} INFO - [2021-04-25 00:12:58,090] {dag.py:1824} INFO - Sync 1 DAGs
[2021-04-25 00:12:58,128] {logging_mixin.py:104} INFO - [2021-04-25 00:12:58,127] {dag.py:2280} INFO - Setting next_dagrun for bash_operator_dag to 2021-04-25 00:00:00+00:00
[2021-04-25 00:12:58,169] {scheduler_job.py:190} INFO - Processing /opt/airflow/dags/simple_bash_operator_dag.py took 0.156 seconds
[2021-04-25 00:13:28,850] {scheduler_job.py:182} INFO - Started process (PID=2590) to work on /opt/airflow/dags/simple_bash_operator_dag.py
[2021-04-25 00:13:28,853] {scheduler_job.py:629} INFO - Processing file /opt/airflow/dags/simple_bash_operator_dag.py for tasks to queue
[2021-04-25 00:13:28,855] {logging_mixin.py:104} INFO - [2021-04-25 00:13:28,854] {dagbag.py:451} INFO - Filling up the DagBag from /opt/airflow/dags/simple_bash_operator_dag.py
[2021-04-25 00:13:28,884] {scheduler_job.py:639} INFO - DAG(s) dict_keys(['bash_operator_dag']) retrieved from /opt/airflow/dags/simple_bash_operator_dag.py
[2021-04-25 00:13:28,933] {logging_mixin.py:104} INFO - [2021-04-25 00:13:28,932] {dag.py:1824} INFO - Sync 1 DAGs
[2021-04-25 00:13:28,969] {logging_mixin.py:104} INFO - [2021-04-25 00:13:28,969] {dag.py:2280} INFO - Setting next_dagrun for bash_operator_dag to 2021-04-25 00:00:00+00:00
[2021-04-25 00:13:28,994] {scheduler_job.py:190} INFO - Processing /opt/airflow/dags/simple_bash_operator_dag.py took 0.154 seconds
[2021-04-25 00:13:59,687] {scheduler_job.py:182} INFO - Started process (PID=2617) to work on /opt/airflow/dags/simple_bash_operator_dag.py
[2021-04-25 00:13:59,688] {scheduler_job.py:629} INFO - Processing file /opt/airflow/dags/simple_bash_operator_dag.py for tasks to queue
[2021-04-25 00:13:59,689] {logging_mixin.py:104} INFO - [2021-04-25 00:13:59,689] {dagbag.py:451} INFO - Filling up the DagBag from /opt/airflow/dags/simple_bash_operator_dag.py
[2021-04-25 00:13:59,703] {scheduler_job.py:639} INFO - DAG(s) dict_keys(['bash_operator_dag']) retrieved from /opt/airflow/dags/simple_bash_operator_dag.py
[2021-04-25 00:13:59,731] {logging_mixin.py:104} INFO - [2021-04-25 00:13:59,731] {dag.py:1824} INFO - Sync 1 DAGs
[2021-04-25 00:13:59,750] {logging_mixin.py:104} INFO - [2021-04-25 00:13:59,750] {dag.py:2280} INFO - Setting next_dagrun for bash_operator_dag to 2021-04-25 00:00:00+00:00
[2021-04-25 00:13:59,763] {scheduler_job.py:190} INFO - Processing /opt/airflow/dags/simple_bash_operator_dag.py took 0.080 seconds
[2021-04-25 00:14:30,442] {scheduler_job.py:182} INFO - Started process (PID=2644) to work on /opt/airflow/dags/simple_bash_operator_dag.py
[2021-04-25 00:14:30,443] {scheduler_job.py:629} INFO - Processing file /opt/airflow/dags/simple_bash_operator_dag.py for tasks to queue
[2021-04-25 00:14:30,445] {logging_mixin.py:104} INFO - [2021-04-25 00:14:30,444] {dagbag.py:451} INFO - Filling up the DagBag from /opt/airflow/dags/simple_bash_operator_dag.py
[2021-04-25 00:14:30,462] {scheduler_job.py:639} INFO - DAG(s) dict_keys(['bash_operator_dag']) retrieved from /opt/airflow/dags/simple_bash_operator_dag.py
[2021-04-25 00:14:30,502] {logging_mixin.py:104} INFO - [2021-04-25 00:14:30,502] {dag.py:1824} INFO - Sync 1 DAGs
[2021-04-25 00:14:30,531] {logging_mixin.py:104} INFO - [2021-04-25 00:14:30,531] {dag.py:2280} INFO - Setting next_dagrun for bash_operator_dag to 2021-04-25 00:00:00+00:00
[2021-04-25 00:14:30,553] {scheduler_job.py:190} INFO - Processing /opt/airflow/dags/simple_bash_operator_dag.py took 0.117 seconds
[2021-04-25 00:15:00,632] {scheduler_job.py:182} INFO - Started process (PID=2670) to work on /opt/airflow/dags/simple_bash_operator_dag.py
[2021-04-25 00:15:00,634] {scheduler_job.py:629} INFO - Processing file /opt/airflow/dags/simple_bash_operator_dag.py for tasks to queue
[2021-04-25 00:15:00,635] {logging_mixin.py:104} INFO - [2021-04-25 00:15:00,635] {dagbag.py:451} INFO - Filling up the DagBag from /opt/airflow/dags/simple_bash_operator_dag.py
[2021-04-25 00:15:00,658] {scheduler_job.py:639} INFO - DAG(s) dict_keys(['bash_operator_dag']) retrieved from /opt/airflow/dags/simple_bash_operator_dag.py
[2021-04-25 00:15:00,727] {logging_mixin.py:104} INFO - [2021-04-25 00:15:00,726] {dag.py:1824} INFO - Sync 1 DAGs
[2021-04-25 00:15:00,810] {logging_mixin.py:104} INFO - [2021-04-25 00:15:00,810] {dag.py:2280} INFO - Setting next_dagrun for bash_operator_dag to 2021-04-25 00:00:00+00:00
[2021-04-25 00:15:00,841] {scheduler_job.py:190} INFO - Processing /opt/airflow/dags/simple_bash_operator_dag.py took 0.218 seconds
[2021-04-25 00:15:31,062] {scheduler_job.py:182} INFO - Started process (PID=2697) to work on /opt/airflow/dags/simple_bash_operator_dag.py
[2021-04-25 00:15:31,065] {scheduler_job.py:629} INFO - Processing file /opt/airflow/dags/simple_bash_operator_dag.py for tasks to queue
[2021-04-25 00:15:31,067] {logging_mixin.py:104} INFO - [2021-04-25 00:15:31,066] {dagbag.py:451} INFO - Filling up the DagBag from /opt/airflow/dags/simple_bash_operator_dag.py
[2021-04-25 00:15:31,078] {scheduler_job.py:639} INFO - DAG(s) dict_keys(['bash_operator_dag']) retrieved from /opt/airflow/dags/simple_bash_operator_dag.py
[2021-04-25 00:15:31,100] {logging_mixin.py:104} INFO - [2021-04-25 00:15:31,100] {dag.py:1824} INFO - Sync 1 DAGs
[2021-04-25 00:15:31,121] {logging_mixin.py:104} INFO - [2021-04-25 00:15:31,121] {dag.py:2280} INFO - Setting next_dagrun for bash_operator_dag to 2021-04-25 00:00:00+00:00
[2021-04-25 00:15:31,139] {scheduler_job.py:190} INFO - Processing /opt/airflow/dags/simple_bash_operator_dag.py took 0.086 seconds
[2021-04-25 00:16:01,601] {scheduler_job.py:182} INFO - Started process (PID=2725) to work on /opt/airflow/dags/simple_bash_operator_dag.py
[2021-04-25 00:16:01,603] {scheduler_job.py:629} INFO - Processing file /opt/airflow/dags/simple_bash_operator_dag.py for tasks to queue
[2021-04-25 00:16:01,605] {logging_mixin.py:104} INFO - [2021-04-25 00:16:01,605] {dagbag.py:451} INFO - Filling up the DagBag from /opt/airflow/dags/simple_bash_operator_dag.py
[2021-04-25 00:16:01,617] {scheduler_job.py:639} INFO - DAG(s) dict_keys(['bash_operator_dag']) retrieved from /opt/airflow/dags/simple_bash_operator_dag.py
[2021-04-25 00:16:01,639] {logging_mixin.py:104} INFO - [2021-04-25 00:16:01,639] {dag.py:1824} INFO - Sync 1 DAGs
[2021-04-25 00:16:01,656] {logging_mixin.py:104} INFO - [2021-04-25 00:16:01,656] {dag.py:2280} INFO - Setting next_dagrun for bash_operator_dag to 2021-04-25 00:00:00+00:00
[2021-04-25 00:16:01,667] {scheduler_job.py:190} INFO - Processing /opt/airflow/dags/simple_bash_operator_dag.py took 0.070 seconds
[2021-04-25 00:16:31,943] {scheduler_job.py:182} INFO - Started process (PID=2752) to work on /opt/airflow/dags/simple_bash_operator_dag.py
[2021-04-25 00:16:31,945] {scheduler_job.py:629} INFO - Processing file /opt/airflow/dags/simple_bash_operator_dag.py for tasks to queue
[2021-04-25 00:16:31,946] {logging_mixin.py:104} INFO - [2021-04-25 00:16:31,946] {dagbag.py:451} INFO - Filling up the DagBag from /opt/airflow/dags/simple_bash_operator_dag.py
[2021-04-25 00:16:31,958] {scheduler_job.py:639} INFO - DAG(s) dict_keys(['bash_operator_dag']) retrieved from /opt/airflow/dags/simple_bash_operator_dag.py
[2021-04-25 00:16:31,982] {logging_mixin.py:104} INFO - [2021-04-25 00:16:31,982] {dag.py:1824} INFO - Sync 1 DAGs
[2021-04-25 00:16:31,999] {logging_mixin.py:104} INFO - [2021-04-25 00:16:31,999] {dag.py:2280} INFO - Setting next_dagrun for bash_operator_dag to 2021-04-25 00:00:00+00:00
[2021-04-25 00:16:32,012] {scheduler_job.py:190} INFO - Processing /opt/airflow/dags/simple_bash_operator_dag.py took 0.074 seconds
[2021-04-25 00:17:02,143] {scheduler_job.py:182} INFO - Started process (PID=2779) to work on /opt/airflow/dags/simple_bash_operator_dag.py
[2021-04-25 00:17:02,145] {scheduler_job.py:629} INFO - Processing file /opt/airflow/dags/simple_bash_operator_dag.py for tasks to queue
[2021-04-25 00:17:02,145] {logging_mixin.py:104} INFO - [2021-04-25 00:17:02,145] {dagbag.py:451} INFO - Filling up the DagBag from /opt/airflow/dags/simple_bash_operator_dag.py
[2021-04-25 00:17:02,161] {scheduler_job.py:639} INFO - DAG(s) dict_keys(['bash_operator_dag']) retrieved from /opt/airflow/dags/simple_bash_operator_dag.py
[2021-04-25 00:17:02,184] {logging_mixin.py:104} INFO - [2021-04-25 00:17:02,184] {dag.py:1824} INFO - Sync 1 DAGs
[2021-04-25 00:17:02,201] {logging_mixin.py:104} INFO - [2021-04-25 00:17:02,200] {dag.py:2280} INFO - Setting next_dagrun for bash_operator_dag to 2021-04-25 00:00:00+00:00
[2021-04-25 00:17:02,213] {scheduler_job.py:190} INFO - Processing /opt/airflow/dags/simple_bash_operator_dag.py took 0.073 seconds
[2021-04-25 00:17:32,505] {scheduler_job.py:182} INFO - Started process (PID=2806) to work on /opt/airflow/dags/simple_bash_operator_dag.py
[2021-04-25 00:17:32,506] {scheduler_job.py:629} INFO - Processing file /opt/airflow/dags/simple_bash_operator_dag.py for tasks to queue
[2021-04-25 00:17:32,506] {logging_mixin.py:104} INFO - [2021-04-25 00:17:32,506] {dagbag.py:451} INFO - Filling up the DagBag from /opt/airflow/dags/simple_bash_operator_dag.py
[2021-04-25 00:17:32,519] {scheduler_job.py:639} INFO - DAG(s) dict_keys(['bash_operator_dag']) retrieved from /opt/airflow/dags/simple_bash_operator_dag.py
[2021-04-25 00:17:32,541] {logging_mixin.py:104} INFO - [2021-04-25 00:17:32,541] {dag.py:1824} INFO - Sync 1 DAGs
[2021-04-25 00:17:32,558] {logging_mixin.py:104} INFO - [2021-04-25 00:17:32,558] {dag.py:2280} INFO - Setting next_dagrun for bash_operator_dag to 2021-04-25 00:00:00+00:00
[2021-04-25 00:17:32,570] {scheduler_job.py:190} INFO - Processing /opt/airflow/dags/simple_bash_operator_dag.py took 0.069 seconds
[2021-04-25 00:18:02,901] {scheduler_job.py:182} INFO - Started process (PID=2833) to work on /opt/airflow/dags/simple_bash_operator_dag.py
[2021-04-25 00:18:02,902] {scheduler_job.py:629} INFO - Processing file /opt/airflow/dags/simple_bash_operator_dag.py for tasks to queue
[2021-04-25 00:18:02,903] {logging_mixin.py:104} INFO - [2021-04-25 00:18:02,903] {dagbag.py:451} INFO - Filling up the DagBag from /opt/airflow/dags/simple_bash_operator_dag.py
[2021-04-25 00:18:02,915] {scheduler_job.py:639} INFO - DAG(s) dict_keys(['bash_operator_dag']) retrieved from /opt/airflow/dags/simple_bash_operator_dag.py
[2021-04-25 00:18:02,937] {logging_mixin.py:104} INFO - [2021-04-25 00:18:02,937] {dag.py:1824} INFO - Sync 1 DAGs
[2021-04-25 00:18:02,952] {logging_mixin.py:104} INFO - [2021-04-25 00:18:02,952] {dag.py:2280} INFO - Setting next_dagrun for bash_operator_dag to 2021-04-25 00:00:00+00:00
[2021-04-25 00:18:02,965] {scheduler_job.py:190} INFO - Processing /opt/airflow/dags/simple_bash_operator_dag.py took 0.067 seconds
[2021-04-25 00:18:33,198] {scheduler_job.py:182} INFO - Started process (PID=2860) to work on /opt/airflow/dags/simple_bash_operator_dag.py
[2021-04-25 00:18:33,199] {scheduler_job.py:629} INFO - Processing file /opt/airflow/dags/simple_bash_operator_dag.py for tasks to queue
[2021-04-25 00:18:33,200] {logging_mixin.py:104} INFO - [2021-04-25 00:18:33,200] {dagbag.py:451} INFO - Filling up the DagBag from /opt/airflow/dags/simple_bash_operator_dag.py
[2021-04-25 00:18:33,212] {scheduler_job.py:639} INFO - DAG(s) dict_keys(['bash_operator_dag']) retrieved from /opt/airflow/dags/simple_bash_operator_dag.py
[2021-04-25 00:18:33,234] {logging_mixin.py:104} INFO - [2021-04-25 00:18:33,234] {dag.py:1824} INFO - Sync 1 DAGs
[2021-04-25 00:18:33,250] {logging_mixin.py:104} INFO - [2021-04-25 00:18:33,249] {dag.py:2280} INFO - Setting next_dagrun for bash_operator_dag to 2021-04-25 00:00:00+00:00
[2021-04-25 00:18:33,262] {scheduler_job.py:190} INFO - Processing /opt/airflow/dags/simple_bash_operator_dag.py took 0.067 seconds
[2021-04-25 00:19:03,478] {scheduler_job.py:182} INFO - Started process (PID=2887) to work on /opt/airflow/dags/simple_bash_operator_dag.py
[2021-04-25 00:19:03,479] {scheduler_job.py:629} INFO - Processing file /opt/airflow/dags/simple_bash_operator_dag.py for tasks to queue
[2021-04-25 00:19:03,480] {logging_mixin.py:104} INFO - [2021-04-25 00:19:03,480] {dagbag.py:451} INFO - Filling up the DagBag from /opt/airflow/dags/simple_bash_operator_dag.py
[2021-04-25 00:19:03,492] {scheduler_job.py:639} INFO - DAG(s) dict_keys(['bash_operator_dag']) retrieved from /opt/airflow/dags/simple_bash_operator_dag.py
[2021-04-25 00:19:03,515] {logging_mixin.py:104} INFO - [2021-04-25 00:19:03,515] {dag.py:1824} INFO - Sync 1 DAGs
[2021-04-25 00:19:03,531] {logging_mixin.py:104} INFO - [2021-04-25 00:19:03,531] {dag.py:2280} INFO - Setting next_dagrun for bash_operator_dag to 2021-04-25 00:00:00+00:00
[2021-04-25 00:19:03,544] {scheduler_job.py:190} INFO - Processing /opt/airflow/dags/simple_bash_operator_dag.py took 0.070 seconds
[2021-04-25 00:19:33,858] {scheduler_job.py:182} INFO - Started process (PID=2914) to work on /opt/airflow/dags/simple_bash_operator_dag.py
[2021-04-25 00:19:33,859] {scheduler_job.py:629} INFO - Processing file /opt/airflow/dags/simple_bash_operator_dag.py for tasks to queue
[2021-04-25 00:19:33,860] {logging_mixin.py:104} INFO - [2021-04-25 00:19:33,860] {dagbag.py:451} INFO - Filling up the DagBag from /opt/airflow/dags/simple_bash_operator_dag.py
[2021-04-25 00:19:33,871] {scheduler_job.py:639} INFO - DAG(s) dict_keys(['bash_operator_dag']) retrieved from /opt/airflow/dags/simple_bash_operator_dag.py
[2021-04-25 00:19:33,894] {logging_mixin.py:104} INFO - [2021-04-25 00:19:33,894] {dag.py:1824} INFO - Sync 1 DAGs
[2021-04-25 00:19:33,911] {logging_mixin.py:104} INFO - [2021-04-25 00:19:33,911] {dag.py:2280} INFO - Setting next_dagrun for bash_operator_dag to 2021-04-25 00:00:00+00:00
[2021-04-25 00:19:33,924] {scheduler_job.py:190} INFO - Processing /opt/airflow/dags/simple_bash_operator_dag.py took 0.069 seconds
[2021-04-25 00:20:04,289] {scheduler_job.py:182} INFO - Started process (PID=2941) to work on /opt/airflow/dags/simple_bash_operator_dag.py
[2021-04-25 00:20:04,291] {scheduler_job.py:629} INFO - Processing file /opt/airflow/dags/simple_bash_operator_dag.py for tasks to queue
[2021-04-25 00:20:04,292] {logging_mixin.py:104} INFO - [2021-04-25 00:20:04,292] {dagbag.py:451} INFO - Filling up the DagBag from /opt/airflow/dags/simple_bash_operator_dag.py
[2021-04-25 00:20:04,303] {scheduler_job.py:639} INFO - DAG(s) dict_keys(['bash_operator_dag']) retrieved from /opt/airflow/dags/simple_bash_operator_dag.py
[2021-04-25 00:20:04,325] {logging_mixin.py:104} INFO - [2021-04-25 00:20:04,325] {dag.py:1824} INFO - Sync 1 DAGs
[2021-04-25 00:20:04,339] {logging_mixin.py:104} INFO - [2021-04-25 00:20:04,339] {dag.py:2280} INFO - Setting next_dagrun for bash_operator_dag to 2021-04-25 00:00:00+00:00
[2021-04-25 00:20:04,354] {scheduler_job.py:190} INFO - Processing /opt/airflow/dags/simple_bash_operator_dag.py took 0.069 seconds
[2021-04-25 00:20:34,584] {scheduler_job.py:182} INFO - Started process (PID=2968) to work on /opt/airflow/dags/simple_bash_operator_dag.py
[2021-04-25 00:20:34,588] {scheduler_job.py:629} INFO - Processing file /opt/airflow/dags/simple_bash_operator_dag.py for tasks to queue
[2021-04-25 00:20:34,590] {logging_mixin.py:104} INFO - [2021-04-25 00:20:34,589] {dagbag.py:451} INFO - Filling up the DagBag from /opt/airflow/dags/simple_bash_operator_dag.py
[2021-04-25 00:20:34,615] {scheduler_job.py:639} INFO - DAG(s) dict_keys(['bash_operator_dag']) retrieved from /opt/airflow/dags/simple_bash_operator_dag.py
[2021-04-25 00:20:34,661] {logging_mixin.py:104} INFO - [2021-04-25 00:20:34,660] {dag.py:1824} INFO - Sync 1 DAGs
[2021-04-25 00:20:34,702] {logging_mixin.py:104} INFO - [2021-04-25 00:20:34,702] {dag.py:2280} INFO - Setting next_dagrun for bash_operator_dag to 2021-04-25 00:00:00+00:00
[2021-04-25 00:20:34,726] {scheduler_job.py:190} INFO - Processing /opt/airflow/dags/simple_bash_operator_dag.py took 0.149 seconds
[2021-04-25 00:21:05,642] {scheduler_job.py:182} INFO - Started process (PID=2994) to work on /opt/airflow/dags/simple_bash_operator_dag.py
[2021-04-25 00:21:05,646] {scheduler_job.py:629} INFO - Processing file /opt/airflow/dags/simple_bash_operator_dag.py for tasks to queue
[2021-04-25 00:21:05,648] {logging_mixin.py:104} INFO - [2021-04-25 00:21:05,647] {dagbag.py:451} INFO - Filling up the DagBag from /opt/airflow/dags/simple_bash_operator_dag.py
[2021-04-25 00:21:05,684] {scheduler_job.py:639} INFO - DAG(s) dict_keys(['bash_operator_dag']) retrieved from /opt/airflow/dags/simple_bash_operator_dag.py
[2021-04-25 00:21:05,747] {logging_mixin.py:104} INFO - [2021-04-25 00:21:05,746] {dag.py:1824} INFO - Sync 1 DAGs
[2021-04-25 00:21:05,792] {logging_mixin.py:104} INFO - [2021-04-25 00:21:05,791] {dag.py:2280} INFO - Setting next_dagrun for bash_operator_dag to 2021-04-25 00:00:00+00:00
[2021-04-25 00:21:05,852] {scheduler_job.py:190} INFO - Processing /opt/airflow/dags/simple_bash_operator_dag.py took 0.224 seconds
[2021-04-25 00:21:36,124] {scheduler_job.py:182} INFO - Started process (PID=3020) to work on /opt/airflow/dags/simple_bash_operator_dag.py
[2021-04-25 00:21:36,126] {scheduler_job.py:629} INFO - Processing file /opt/airflow/dags/simple_bash_operator_dag.py for tasks to queue
[2021-04-25 00:21:36,128] {logging_mixin.py:104} INFO - [2021-04-25 00:21:36,128] {dagbag.py:451} INFO - Filling up the DagBag from /opt/airflow/dags/simple_bash_operator_dag.py
[2021-04-25 00:21:36,162] {scheduler_job.py:639} INFO - DAG(s) dict_keys(['bash_operator_dag']) retrieved from /opt/airflow/dags/simple_bash_operator_dag.py
[2021-04-25 00:21:36,215] {logging_mixin.py:104} INFO - [2021-04-25 00:21:36,214] {dag.py:1824} INFO - Sync 1 DAGs
[2021-04-25 00:21:36,264] {logging_mixin.py:104} INFO - [2021-04-25 00:21:36,263] {dag.py:2280} INFO - Setting next_dagrun for bash_operator_dag to 2021-04-25 00:00:00+00:00
[2021-04-25 00:21:36,294] {scheduler_job.py:190} INFO - Processing /opt/airflow/dags/simple_bash_operator_dag.py took 0.182 seconds
[2021-04-25 00:22:07,289] {scheduler_job.py:182} INFO - Started process (PID=3047) to work on /opt/airflow/dags/simple_bash_operator_dag.py
[2021-04-25 00:22:07,292] {scheduler_job.py:629} INFO - Processing file /opt/airflow/dags/simple_bash_operator_dag.py for tasks to queue
[2021-04-25 00:22:07,293] {logging_mixin.py:104} INFO - [2021-04-25 00:22:07,293] {dagbag.py:451} INFO - Filling up the DagBag from /opt/airflow/dags/simple_bash_operator_dag.py
[2021-04-25 00:22:07,326] {scheduler_job.py:639} INFO - DAG(s) dict_keys(['bash_operator_dag']) retrieved from /opt/airflow/dags/simple_bash_operator_dag.py
[2021-04-25 00:22:07,382] {logging_mixin.py:104} INFO - [2021-04-25 00:22:07,381] {dag.py:1824} INFO - Sync 1 DAGs
[2021-04-25 00:22:07,429] {logging_mixin.py:104} INFO - [2021-04-25 00:22:07,429] {dag.py:2280} INFO - Setting next_dagrun for bash_operator_dag to 2021-04-25 00:00:00+00:00
[2021-04-25 00:22:07,458] {scheduler_job.py:190} INFO - Processing /opt/airflow/dags/simple_bash_operator_dag.py took 0.181 seconds
[2021-04-25 00:22:37,827] {scheduler_job.py:182} INFO - Started process (PID=3074) to work on /opt/airflow/dags/simple_bash_operator_dag.py
[2021-04-25 00:22:37,830] {scheduler_job.py:629} INFO - Processing file /opt/airflow/dags/simple_bash_operator_dag.py for tasks to queue
[2021-04-25 00:22:37,832] {logging_mixin.py:104} INFO - [2021-04-25 00:22:37,831] {dagbag.py:451} INFO - Filling up the DagBag from /opt/airflow/dags/simple_bash_operator_dag.py
[2021-04-25 00:22:37,855] {scheduler_job.py:639} INFO - DAG(s) dict_keys(['bash_operator_dag']) retrieved from /opt/airflow/dags/simple_bash_operator_dag.py
[2021-04-25 00:22:37,902] {logging_mixin.py:104} INFO - [2021-04-25 00:22:37,902] {dag.py:1824} INFO - Sync 1 DAGs
[2021-04-25 00:22:37,940] {logging_mixin.py:104} INFO - [2021-04-25 00:22:37,940] {dag.py:2280} INFO - Setting next_dagrun for bash_operator_dag to 2021-04-25 00:00:00+00:00
[2021-04-25 00:22:37,967] {scheduler_job.py:190} INFO - Processing /opt/airflow/dags/simple_bash_operator_dag.py took 0.149 seconds
[2021-04-25 00:23:08,744] {scheduler_job.py:182} INFO - Started process (PID=3103) to work on /opt/airflow/dags/simple_bash_operator_dag.py
[2021-04-25 00:23:08,746] {scheduler_job.py:629} INFO - Processing file /opt/airflow/dags/simple_bash_operator_dag.py for tasks to queue
[2021-04-25 00:23:08,747] {logging_mixin.py:104} INFO - [2021-04-25 00:23:08,746] {dagbag.py:451} INFO - Filling up the DagBag from /opt/airflow/dags/simple_bash_operator_dag.py
[2021-04-25 00:23:08,758] {scheduler_job.py:639} INFO - DAG(s) dict_keys(['bash_operator_dag']) retrieved from /opt/airflow/dags/simple_bash_operator_dag.py
[2021-04-25 00:23:08,780] {logging_mixin.py:104} INFO - [2021-04-25 00:23:08,780] {dag.py:1824} INFO - Sync 1 DAGs
[2021-04-25 00:23:08,796] {logging_mixin.py:104} INFO - [2021-04-25 00:23:08,796] {dag.py:2280} INFO - Setting next_dagrun for bash_operator_dag to 2021-04-25 00:00:00+00:00
[2021-04-25 00:23:08,809] {scheduler_job.py:190} INFO - Processing /opt/airflow/dags/simple_bash_operator_dag.py took 0.070 seconds
[2021-04-25 00:23:39,400] {scheduler_job.py:182} INFO - Started process (PID=3130) to work on /opt/airflow/dags/simple_bash_operator_dag.py
[2021-04-25 00:23:39,402] {scheduler_job.py:629} INFO - Processing file /opt/airflow/dags/simple_bash_operator_dag.py for tasks to queue
[2021-04-25 00:23:39,404] {logging_mixin.py:104} INFO - [2021-04-25 00:23:39,403] {dagbag.py:451} INFO - Filling up the DagBag from /opt/airflow/dags/simple_bash_operator_dag.py
[2021-04-25 00:23:39,436] {scheduler_job.py:639} INFO - DAG(s) dict_keys(['bash_operator_dag']) retrieved from /opt/airflow/dags/simple_bash_operator_dag.py
[2021-04-25 00:23:39,466] {logging_mixin.py:104} INFO - [2021-04-25 00:23:39,465] {dag.py:1824} INFO - Sync 1 DAGs
[2021-04-25 00:23:39,487] {logging_mixin.py:104} INFO - [2021-04-25 00:23:39,487] {dag.py:2280} INFO - Setting next_dagrun for bash_operator_dag to 2021-04-25 00:00:00+00:00
[2021-04-25 00:23:39,503] {scheduler_job.py:190} INFO - Processing /opt/airflow/dags/simple_bash_operator_dag.py took 0.107 seconds
[2021-04-25 00:24:09,892] {scheduler_job.py:182} INFO - Started process (PID=3158) to work on /opt/airflow/dags/simple_bash_operator_dag.py
[2021-04-25 00:24:09,894] {scheduler_job.py:629} INFO - Processing file /opt/airflow/dags/simple_bash_operator_dag.py for tasks to queue
[2021-04-25 00:24:09,895] {logging_mixin.py:104} INFO - [2021-04-25 00:24:09,895] {dagbag.py:451} INFO - Filling up the DagBag from /opt/airflow/dags/simple_bash_operator_dag.py
[2021-04-25 00:24:09,910] {scheduler_job.py:639} INFO - DAG(s) dict_keys(['bash_operator_dag']) retrieved from /opt/airflow/dags/simple_bash_operator_dag.py
[2021-04-25 00:24:09,939] {logging_mixin.py:104} INFO - [2021-04-25 00:24:09,938] {dag.py:1824} INFO - Sync 1 DAGs
[2021-04-25 00:24:09,960] {logging_mixin.py:104} INFO - [2021-04-25 00:24:09,960] {dag.py:2280} INFO - Setting next_dagrun for bash_operator_dag to 2021-04-25 00:00:00+00:00
[2021-04-25 00:24:09,978] {scheduler_job.py:190} INFO - Processing /opt/airflow/dags/simple_bash_operator_dag.py took 0.091 seconds
[2021-04-25 00:24:40,345] {scheduler_job.py:182} INFO - Started process (PID=3185) to work on /opt/airflow/dags/simple_bash_operator_dag.py
[2021-04-25 00:24:40,346] {scheduler_job.py:629} INFO - Processing file /opt/airflow/dags/simple_bash_operator_dag.py for tasks to queue
[2021-04-25 00:24:40,347] {logging_mixin.py:104} INFO - [2021-04-25 00:24:40,347] {dagbag.py:451} INFO - Filling up the DagBag from /opt/airflow/dags/simple_bash_operator_dag.py
[2021-04-25 00:24:40,362] {scheduler_job.py:639} INFO - DAG(s) dict_keys(['bash_operator_dag']) retrieved from /opt/airflow/dags/simple_bash_operator_dag.py
[2021-04-25 00:24:40,387] {logging_mixin.py:104} INFO - [2021-04-25 00:24:40,387] {dag.py:1824} INFO - Sync 1 DAGs
[2021-04-25 00:24:40,405] {logging_mixin.py:104} INFO - [2021-04-25 00:24:40,405] {dag.py:2280} INFO - Setting next_dagrun for bash_operator_dag to 2021-04-25 00:00:00+00:00
[2021-04-25 00:24:40,417] {scheduler_job.py:190} INFO - Processing /opt/airflow/dags/simple_bash_operator_dag.py took 0.076 seconds
[2021-04-25 00:25:10,825] {scheduler_job.py:182} INFO - Started process (PID=3212) to work on /opt/airflow/dags/simple_bash_operator_dag.py
[2021-04-25 00:25:10,826] {scheduler_job.py:629} INFO - Processing file /opt/airflow/dags/simple_bash_operator_dag.py for tasks to queue
[2021-04-25 00:25:10,827] {logging_mixin.py:104} INFO - [2021-04-25 00:25:10,827] {dagbag.py:451} INFO - Filling up the DagBag from /opt/airflow/dags/simple_bash_operator_dag.py
[2021-04-25 00:25:10,838] {scheduler_job.py:639} INFO - DAG(s) dict_keys(['bash_operator_dag']) retrieved from /opt/airflow/dags/simple_bash_operator_dag.py
[2021-04-25 00:25:10,863] {logging_mixin.py:104} INFO - [2021-04-25 00:25:10,863] {dag.py:1824} INFO - Sync 1 DAGs
[2021-04-25 00:25:10,882] {logging_mixin.py:104} INFO - [2021-04-25 00:25:10,882] {dag.py:2280} INFO - Setting next_dagrun for bash_operator_dag to 2021-04-25 00:00:00+00:00
[2021-04-25 00:25:10,894] {scheduler_job.py:190} INFO - Processing /opt/airflow/dags/simple_bash_operator_dag.py took 0.074 seconds
[2021-04-25 00:25:41,258] {scheduler_job.py:182} INFO - Started process (PID=3239) to work on /opt/airflow/dags/simple_bash_operator_dag.py
[2021-04-25 00:25:41,261] {scheduler_job.py:629} INFO - Processing file /opt/airflow/dags/simple_bash_operator_dag.py for tasks to queue
[2021-04-25 00:25:41,262] {logging_mixin.py:104} INFO - [2021-04-25 00:25:41,262] {dagbag.py:451} INFO - Filling up the DagBag from /opt/airflow/dags/simple_bash_operator_dag.py
[2021-04-25 00:25:41,271] {scheduler_job.py:639} INFO - DAG(s) dict_keys(['bash_operator_dag']) retrieved from /opt/airflow/dags/simple_bash_operator_dag.py
[2021-04-25 00:25:41,295] {logging_mixin.py:104} INFO - [2021-04-25 00:25:41,295] {dag.py:1824} INFO - Sync 1 DAGs
[2021-04-25 00:25:41,315] {logging_mixin.py:104} INFO - [2021-04-25 00:25:41,315] {dag.py:2280} INFO - Setting next_dagrun for bash_operator_dag to 2021-04-25 00:00:00+00:00
[2021-04-25 00:25:41,328] {scheduler_job.py:190} INFO - Processing /opt/airflow/dags/simple_bash_operator_dag.py took 0.075 seconds
[2021-04-25 00:26:11,413] {scheduler_job.py:182} INFO - Started process (PID=3265) to work on /opt/airflow/dags/simple_bash_operator_dag.py
[2021-04-25 00:26:11,414] {scheduler_job.py:629} INFO - Processing file /opt/airflow/dags/simple_bash_operator_dag.py for tasks to queue
[2021-04-25 00:26:11,415] {logging_mixin.py:104} INFO - [2021-04-25 00:26:11,415] {dagbag.py:451} INFO - Filling up the DagBag from /opt/airflow/dags/simple_bash_operator_dag.py
[2021-04-25 00:26:11,427] {scheduler_job.py:639} INFO - DAG(s) dict_keys(['bash_operator_dag']) retrieved from /opt/airflow/dags/simple_bash_operator_dag.py
[2021-04-25 00:26:11,453] {logging_mixin.py:104} INFO - [2021-04-25 00:26:11,452] {dag.py:1824} INFO - Sync 1 DAGs
[2021-04-25 00:26:11,470] {logging_mixin.py:104} INFO - [2021-04-25 00:26:11,470] {dag.py:2280} INFO - Setting next_dagrun for bash_operator_dag to 2021-04-25 00:00:00+00:00
[2021-04-25 00:26:11,483] {scheduler_job.py:190} INFO - Processing /opt/airflow/dags/simple_bash_operator_dag.py took 0.074 seconds
[2021-04-25 00:26:41,933] {scheduler_job.py:182} INFO - Started process (PID=3293) to work on /opt/airflow/dags/simple_bash_operator_dag.py
[2021-04-25 00:26:41,934] {scheduler_job.py:629} INFO - Processing file /opt/airflow/dags/simple_bash_operator_dag.py for tasks to queue
[2021-04-25 00:26:41,935] {logging_mixin.py:104} INFO - [2021-04-25 00:26:41,935] {dagbag.py:451} INFO - Filling up the DagBag from /opt/airflow/dags/simple_bash_operator_dag.py
[2021-04-25 00:26:41,948] {scheduler_job.py:639} INFO - DAG(s) dict_keys(['bash_operator_dag']) retrieved from /opt/airflow/dags/simple_bash_operator_dag.py
[2021-04-25 00:26:41,968] {logging_mixin.py:104} INFO - [2021-04-25 00:26:41,968] {dag.py:1824} INFO - Sync 1 DAGs
[2021-04-25 00:26:41,984] {logging_mixin.py:104} INFO - [2021-04-25 00:26:41,984] {dag.py:2280} INFO - Setting next_dagrun for bash_operator_dag to 2021-04-25 00:00:00+00:00
[2021-04-25 00:26:41,996] {scheduler_job.py:190} INFO - Processing /opt/airflow/dags/simple_bash_operator_dag.py took 0.067 seconds
[2021-04-25 00:27:12,359] {scheduler_job.py:182} INFO - Started process (PID=3320) to work on /opt/airflow/dags/simple_bash_operator_dag.py
[2021-04-25 00:27:12,361] {scheduler_job.py:629} INFO - Processing file /opt/airflow/dags/simple_bash_operator_dag.py for tasks to queue
[2021-04-25 00:27:12,362] {logging_mixin.py:104} INFO - [2021-04-25 00:27:12,361] {dagbag.py:451} INFO - Filling up the DagBag from /opt/airflow/dags/simple_bash_operator_dag.py
[2021-04-25 00:27:12,378] {scheduler_job.py:639} INFO - DAG(s) dict_keys(['bash_operator_dag']) retrieved from /opt/airflow/dags/simple_bash_operator_dag.py
[2021-04-25 00:27:12,404] {logging_mixin.py:104} INFO - [2021-04-25 00:27:12,403] {dag.py:1824} INFO - Sync 1 DAGs
[2021-04-25 00:27:12,424] {logging_mixin.py:104} INFO - [2021-04-25 00:27:12,424] {dag.py:2280} INFO - Setting next_dagrun for bash_operator_dag to 2021-04-25 00:00:00+00:00
[2021-04-25 00:27:12,437] {scheduler_job.py:190} INFO - Processing /opt/airflow/dags/simple_bash_operator_dag.py took 0.084 seconds
[2021-04-25 00:27:43,156] {scheduler_job.py:182} INFO - Started process (PID=3347) to work on /opt/airflow/dags/simple_bash_operator_dag.py
[2021-04-25 00:27:43,158] {scheduler_job.py:629} INFO - Processing file /opt/airflow/dags/simple_bash_operator_dag.py for tasks to queue
[2021-04-25 00:27:43,159] {logging_mixin.py:104} INFO - [2021-04-25 00:27:43,159] {dagbag.py:451} INFO - Filling up the DagBag from /opt/airflow/dags/simple_bash_operator_dag.py
[2021-04-25 00:27:43,180] {scheduler_job.py:639} INFO - DAG(s) dict_keys(['bash_operator_dag']) retrieved from /opt/airflow/dags/simple_bash_operator_dag.py
[2021-04-25 00:27:43,215] {logging_mixin.py:104} INFO - [2021-04-25 00:27:43,215] {dag.py:1824} INFO - Sync 1 DAGs
[2021-04-25 00:27:43,246] {logging_mixin.py:104} INFO - [2021-04-25 00:27:43,246] {dag.py:2280} INFO - Setting next_dagrun for bash_operator_dag to 2021-04-25 00:00:00+00:00
[2021-04-25 00:27:43,264] {scheduler_job.py:190} INFO - Processing /opt/airflow/dags/simple_bash_operator_dag.py took 0.114 seconds
[2021-04-25 00:28:13,909] {scheduler_job.py:182} INFO - Started process (PID=3374) to work on /opt/airflow/dags/simple_bash_operator_dag.py
[2021-04-25 00:28:13,911] {scheduler_job.py:629} INFO - Processing file /opt/airflow/dags/simple_bash_operator_dag.py for tasks to queue
[2021-04-25 00:28:13,912] {logging_mixin.py:104} INFO - [2021-04-25 00:28:13,912] {dagbag.py:451} INFO - Filling up the DagBag from /opt/airflow/dags/simple_bash_operator_dag.py
[2021-04-25 00:28:13,929] {scheduler_job.py:639} INFO - DAG(s) dict_keys(['bash_operator_dag']) retrieved from /opt/airflow/dags/simple_bash_operator_dag.py
[2021-04-25 00:28:13,955] {logging_mixin.py:104} INFO - [2021-04-25 00:28:13,955] {dag.py:1824} INFO - Sync 1 DAGs
[2021-04-25 00:28:13,979] {logging_mixin.py:104} INFO - [2021-04-25 00:28:13,979] {dag.py:2280} INFO - Setting next_dagrun for bash_operator_dag to 2021-04-25 00:00:00+00:00
[2021-04-25 00:28:13,995] {scheduler_job.py:190} INFO - Processing /opt/airflow/dags/simple_bash_operator_dag.py took 0.090 seconds
[2021-04-25 00:28:44,368] {scheduler_job.py:182} INFO - Started process (PID=3401) to work on /opt/airflow/dags/simple_bash_operator_dag.py
[2021-04-25 00:28:44,369] {scheduler_job.py:629} INFO - Processing file /opt/airflow/dags/simple_bash_operator_dag.py for tasks to queue
[2021-04-25 00:28:44,370] {logging_mixin.py:104} INFO - [2021-04-25 00:28:44,370] {dagbag.py:451} INFO - Filling up the DagBag from /opt/airflow/dags/simple_bash_operator_dag.py
[2021-04-25 00:28:44,381] {scheduler_job.py:639} INFO - DAG(s) dict_keys(['bash_operator_dag']) retrieved from /opt/airflow/dags/simple_bash_operator_dag.py
[2021-04-25 00:28:44,403] {logging_mixin.py:104} INFO - [2021-04-25 00:28:44,403] {dag.py:1824} INFO - Sync 1 DAGs
[2021-04-25 00:28:44,419] {logging_mixin.py:104} INFO - [2021-04-25 00:28:44,419] {dag.py:2280} INFO - Setting next_dagrun for bash_operator_dag to 2021-04-25 00:00:00+00:00
[2021-04-25 00:28:44,430] {scheduler_job.py:190} INFO - Processing /opt/airflow/dags/simple_bash_operator_dag.py took 0.066 seconds
[2021-04-25 00:29:14,863] {scheduler_job.py:182} INFO - Started process (PID=3428) to work on /opt/airflow/dags/simple_bash_operator_dag.py
[2021-04-25 00:29:14,865] {scheduler_job.py:629} INFO - Processing file /opt/airflow/dags/simple_bash_operator_dag.py for tasks to queue
[2021-04-25 00:29:14,865] {logging_mixin.py:104} INFO - [2021-04-25 00:29:14,865] {dagbag.py:451} INFO - Filling up the DagBag from /opt/airflow/dags/simple_bash_operator_dag.py
[2021-04-25 00:29:14,877] {scheduler_job.py:639} INFO - DAG(s) dict_keys(['bash_operator_dag']) retrieved from /opt/airflow/dags/simple_bash_operator_dag.py
[2021-04-25 00:29:14,899] {logging_mixin.py:104} INFO - [2021-04-25 00:29:14,899] {dag.py:1824} INFO - Sync 1 DAGs
[2021-04-25 00:29:14,917] {logging_mixin.py:104} INFO - [2021-04-25 00:29:14,916] {dag.py:2280} INFO - Setting next_dagrun for bash_operator_dag to 2021-04-25 00:00:00+00:00
[2021-04-25 00:29:14,933] {scheduler_job.py:190} INFO - Processing /opt/airflow/dags/simple_bash_operator_dag.py took 0.074 seconds
[2021-04-25 00:29:45,288] {scheduler_job.py:182} INFO - Started process (PID=3455) to work on /opt/airflow/dags/simple_bash_operator_dag.py
[2021-04-25 00:29:45,289] {scheduler_job.py:629} INFO - Processing file /opt/airflow/dags/simple_bash_operator_dag.py for tasks to queue
[2021-04-25 00:29:45,290] {logging_mixin.py:104} INFO - [2021-04-25 00:29:45,290] {dagbag.py:451} INFO - Filling up the DagBag from /opt/airflow/dags/simple_bash_operator_dag.py
[2021-04-25 00:29:45,304] {scheduler_job.py:639} INFO - DAG(s) dict_keys(['bash_operator_dag']) retrieved from /opt/airflow/dags/simple_bash_operator_dag.py
[2021-04-25 00:29:45,331] {logging_mixin.py:104} INFO - [2021-04-25 00:29:45,330] {dag.py:1824} INFO - Sync 1 DAGs
[2021-04-25 00:29:45,348] {logging_mixin.py:104} INFO - [2021-04-25 00:29:45,347] {dag.py:2280} INFO - Setting next_dagrun for bash_operator_dag to 2021-04-25 00:00:00+00:00
[2021-04-25 00:29:45,361] {scheduler_job.py:190} INFO - Processing /opt/airflow/dags/simple_bash_operator_dag.py took 0.078 seconds
[2021-04-25 00:30:15,890] {scheduler_job.py:182} INFO - Started process (PID=3482) to work on /opt/airflow/dags/simple_bash_operator_dag.py
[2021-04-25 00:30:15,892] {scheduler_job.py:629} INFO - Processing file /opt/airflow/dags/simple_bash_operator_dag.py for tasks to queue
[2021-04-25 00:30:15,893] {logging_mixin.py:104} INFO - [2021-04-25 00:30:15,892] {dagbag.py:451} INFO - Filling up the DagBag from /opt/airflow/dags/simple_bash_operator_dag.py
[2021-04-25 00:30:15,903] {scheduler_job.py:639} INFO - DAG(s) dict_keys(['bash_operator_dag']) retrieved from /opt/airflow/dags/simple_bash_operator_dag.py
[2021-04-25 00:30:15,927] {logging_mixin.py:104} INFO - [2021-04-25 00:30:15,927] {dag.py:1824} INFO - Sync 1 DAGs
[2021-04-25 00:30:15,943] {logging_mixin.py:104} INFO - [2021-04-25 00:30:15,943] {dag.py:2280} INFO - Setting next_dagrun for bash_operator_dag to 2021-04-25 00:00:00+00:00
[2021-04-25 00:30:15,955] {scheduler_job.py:190} INFO - Processing /opt/airflow/dags/simple_bash_operator_dag.py took 0.070 seconds
[2021-04-25 00:30:46,413] {scheduler_job.py:182} INFO - Started process (PID=3509) to work on /opt/airflow/dags/simple_bash_operator_dag.py
[2021-04-25 00:30:46,415] {scheduler_job.py:629} INFO - Processing file /opt/airflow/dags/simple_bash_operator_dag.py for tasks to queue
[2021-04-25 00:30:46,416] {logging_mixin.py:104} INFO - [2021-04-25 00:30:46,416] {dagbag.py:451} INFO - Filling up the DagBag from /opt/airflow/dags/simple_bash_operator_dag.py
[2021-04-25 00:30:46,428] {scheduler_job.py:639} INFO - DAG(s) dict_keys(['bash_operator_dag']) retrieved from /opt/airflow/dags/simple_bash_operator_dag.py
[2021-04-25 00:30:46,452] {logging_mixin.py:104} INFO - [2021-04-25 00:30:46,451] {dag.py:1824} INFO - Sync 1 DAGs
[2021-04-25 00:30:46,468] {logging_mixin.py:104} INFO - [2021-04-25 00:30:46,468] {dag.py:2280} INFO - Setting next_dagrun for bash_operator_dag to 2021-04-25 00:00:00+00:00
[2021-04-25 00:30:46,481] {scheduler_job.py:190} INFO - Processing /opt/airflow/dags/simple_bash_operator_dag.py took 0.071 seconds
[2021-04-25 00:31:17,233] {scheduler_job.py:182} INFO - Started process (PID=3534) to work on /opt/airflow/dags/simple_bash_operator_dag.py
[2021-04-25 00:31:17,235] {scheduler_job.py:629} INFO - Processing file /opt/airflow/dags/simple_bash_operator_dag.py for tasks to queue
[2021-04-25 00:31:17,236] {logging_mixin.py:104} INFO - [2021-04-25 00:31:17,236] {dagbag.py:451} INFO - Filling up the DagBag from /opt/airflow/dags/simple_bash_operator_dag.py
[2021-04-25 00:31:17,257] {scheduler_job.py:639} INFO - DAG(s) dict_keys(['bash_operator_dag']) retrieved from /opt/airflow/dags/simple_bash_operator_dag.py
[2021-04-25 00:31:17,306] {logging_mixin.py:104} INFO - [2021-04-25 00:31:17,306] {dag.py:1824} INFO - Sync 1 DAGs
[2021-04-25 00:31:17,341] {logging_mixin.py:104} INFO - [2021-04-25 00:31:17,341] {dag.py:2280} INFO - Setting next_dagrun for bash_operator_dag to 2021-04-25 00:00:00+00:00
[2021-04-25 00:31:17,386] {scheduler_job.py:190} INFO - Processing /opt/airflow/dags/simple_bash_operator_dag.py took 0.162 seconds
[2021-04-25 00:31:47,878] {scheduler_job.py:182} INFO - Started process (PID=3561) to work on /opt/airflow/dags/simple_bash_operator_dag.py
[2021-04-25 00:31:47,881] {scheduler_job.py:629} INFO - Processing file /opt/airflow/dags/simple_bash_operator_dag.py for tasks to queue
[2021-04-25 00:31:47,883] {logging_mixin.py:104} INFO - [2021-04-25 00:31:47,882] {dagbag.py:451} INFO - Filling up the DagBag from /opt/airflow/dags/simple_bash_operator_dag.py
[2021-04-25 00:31:47,915] {scheduler_job.py:639} INFO - DAG(s) dict_keys(['bash_operator_dag']) retrieved from /opt/airflow/dags/simple_bash_operator_dag.py
[2021-04-25 00:31:47,979] {logging_mixin.py:104} INFO - [2021-04-25 00:31:47,979] {dag.py:1824} INFO - Sync 1 DAGs
[2021-04-25 00:31:48,025] {logging_mixin.py:104} INFO - [2021-04-25 00:31:48,025] {dag.py:2280} INFO - Setting next_dagrun for bash_operator_dag to 2021-04-25 00:00:00+00:00
[2021-04-25 00:31:48,063] {scheduler_job.py:190} INFO - Processing /opt/airflow/dags/simple_bash_operator_dag.py took 0.197 seconds
[2021-04-25 00:32:18,521] {scheduler_job.py:182} INFO - Started process (PID=3588) to work on /opt/airflow/dags/simple_bash_operator_dag.py
[2021-04-25 00:32:18,522] {scheduler_job.py:629} INFO - Processing file /opt/airflow/dags/simple_bash_operator_dag.py for tasks to queue
[2021-04-25 00:32:18,523] {logging_mixin.py:104} INFO - [2021-04-25 00:32:18,523] {dagbag.py:451} INFO - Filling up the DagBag from /opt/airflow/dags/simple_bash_operator_dag.py
[2021-04-25 00:32:18,538] {scheduler_job.py:639} INFO - DAG(s) dict_keys(['bash_operator_dag']) retrieved from /opt/airflow/dags/simple_bash_operator_dag.py
[2021-04-25 00:32:18,563] {logging_mixin.py:104} INFO - [2021-04-25 00:32:18,563] {dag.py:1824} INFO - Sync 1 DAGs
[2021-04-25 00:32:18,583] {logging_mixin.py:104} INFO - [2021-04-25 00:32:18,583] {dag.py:2280} INFO - Setting next_dagrun for bash_operator_dag to 2021-04-25 00:00:00+00:00
[2021-04-25 00:32:18,596] {scheduler_job.py:190} INFO - Processing /opt/airflow/dags/simple_bash_operator_dag.py took 0.080 seconds
[2021-04-25 00:32:48,996] {scheduler_job.py:182} INFO - Started process (PID=3615) to work on /opt/airflow/dags/simple_bash_operator_dag.py
[2021-04-25 00:32:48,998] {scheduler_job.py:629} INFO - Processing file /opt/airflow/dags/simple_bash_operator_dag.py for tasks to queue
[2021-04-25 00:32:48,999] {logging_mixin.py:104} INFO - [2021-04-25 00:32:48,999] {dagbag.py:451} INFO - Filling up the DagBag from /opt/airflow/dags/simple_bash_operator_dag.py
[2021-04-25 00:32:49,013] {scheduler_job.py:639} INFO - DAG(s) dict_keys(['bash_operator_dag']) retrieved from /opt/airflow/dags/simple_bash_operator_dag.py
[2021-04-25 00:32:49,035] {logging_mixin.py:104} INFO - [2021-04-25 00:32:49,034] {dag.py:1824} INFO - Sync 1 DAGs
[2021-04-25 00:32:49,050] {logging_mixin.py:104} INFO - [2021-04-25 00:32:49,050] {dag.py:2280} INFO - Setting next_dagrun for bash_operator_dag to 2021-04-25 00:00:00+00:00
[2021-04-25 00:32:49,062] {scheduler_job.py:190} INFO - Processing /opt/airflow/dags/simple_bash_operator_dag.py took 0.070 seconds
[2021-04-25 00:33:19,576] {scheduler_job.py:182} INFO - Started process (PID=3642) to work on /opt/airflow/dags/simple_bash_operator_dag.py
[2021-04-25 00:33:19,577] {scheduler_job.py:629} INFO - Processing file /opt/airflow/dags/simple_bash_operator_dag.py for tasks to queue
[2021-04-25 00:33:19,577] {logging_mixin.py:104} INFO - [2021-04-25 00:33:19,577] {dagbag.py:451} INFO - Filling up the DagBag from /opt/airflow/dags/simple_bash_operator_dag.py
[2021-04-25 00:33:19,592] {scheduler_job.py:639} INFO - DAG(s) dict_keys(['bash_operator_dag']) retrieved from /opt/airflow/dags/simple_bash_operator_dag.py
[2021-04-25 00:33:19,615] {logging_mixin.py:104} INFO - [2021-04-25 00:33:19,615] {dag.py:1824} INFO - Sync 1 DAGs
[2021-04-25 00:33:19,639] {logging_mixin.py:104} INFO - [2021-04-25 00:33:19,639] {dag.py:2280} INFO - Setting next_dagrun for bash_operator_dag to 2021-04-25 00:00:00+00:00
[2021-04-25 00:33:19,655] {scheduler_job.py:190} INFO - Processing /opt/airflow/dags/simple_bash_operator_dag.py took 0.083 seconds
[2021-04-25 00:33:50,403] {scheduler_job.py:182} INFO - Started process (PID=3670) to work on /opt/airflow/dags/simple_bash_operator_dag.py
[2021-04-25 00:33:50,406] {scheduler_job.py:629} INFO - Processing file /opt/airflow/dags/simple_bash_operator_dag.py for tasks to queue
[2021-04-25 00:33:50,408] {logging_mixin.py:104} INFO - [2021-04-25 00:33:50,407] {dagbag.py:451} INFO - Filling up the DagBag from /opt/airflow/dags/simple_bash_operator_dag.py
[2021-04-25 00:33:50,456] {scheduler_job.py:639} INFO - DAG(s) dict_keys(['bash_operator_dag']) retrieved from /opt/airflow/dags/simple_bash_operator_dag.py
[2021-04-25 00:33:50,529] {logging_mixin.py:104} INFO - [2021-04-25 00:33:50,529] {dag.py:1824} INFO - Sync 1 DAGs
[2021-04-25 00:33:50,593] {logging_mixin.py:104} INFO - [2021-04-25 00:33:50,592] {dag.py:2280} INFO - Setting next_dagrun for bash_operator_dag to 2021-04-25 00:00:00+00:00
[2021-04-25 00:33:50,617] {scheduler_job.py:190} INFO - Processing /opt/airflow/dags/simple_bash_operator_dag.py took 0.233 seconds
[2021-04-25 00:34:21,472] {scheduler_job.py:182} INFO - Started process (PID=3697) to work on /opt/airflow/dags/simple_bash_operator_dag.py
[2021-04-25 00:34:21,474] {scheduler_job.py:629} INFO - Processing file /opt/airflow/dags/simple_bash_operator_dag.py for tasks to queue
[2021-04-25 00:34:21,476] {logging_mixin.py:104} INFO - [2021-04-25 00:34:21,475] {dagbag.py:451} INFO - Filling up the DagBag from /opt/airflow/dags/simple_bash_operator_dag.py
[2021-04-25 00:34:21,501] {scheduler_job.py:639} INFO - DAG(s) dict_keys(['bash_operator_dag']) retrieved from /opt/airflow/dags/simple_bash_operator_dag.py
[2021-04-25 00:34:21,563] {logging_mixin.py:104} INFO - [2021-04-25 00:34:21,563] {dag.py:1824} INFO - Sync 1 DAGs
[2021-04-25 00:34:21,602] {logging_mixin.py:104} INFO - [2021-04-25 00:34:21,602] {dag.py:2280} INFO - Setting next_dagrun for bash_operator_dag to 2021-04-25 00:00:00+00:00
[2021-04-25 00:34:21,626] {scheduler_job.py:190} INFO - Processing /opt/airflow/dags/simple_bash_operator_dag.py took 0.164 seconds
[2021-04-25 00:34:52,620] {scheduler_job.py:182} INFO - Started process (PID=3724) to work on /opt/airflow/dags/simple_bash_operator_dag.py
[2021-04-25 00:34:52,623] {scheduler_job.py:629} INFO - Processing file /opt/airflow/dags/simple_bash_operator_dag.py for tasks to queue
[2021-04-25 00:34:52,625] {logging_mixin.py:104} INFO - [2021-04-25 00:34:52,624] {dagbag.py:451} INFO - Filling up the DagBag from /opt/airflow/dags/simple_bash_operator_dag.py
[2021-04-25 00:34:52,655] {scheduler_job.py:639} INFO - DAG(s) dict_keys(['bash_operator_dag']) retrieved from /opt/airflow/dags/simple_bash_operator_dag.py
[2021-04-25 00:34:52,747] {logging_mixin.py:104} INFO - [2021-04-25 00:34:52,747] {dag.py:1824} INFO - Sync 1 DAGs
[2021-04-25 00:34:52,795] {logging_mixin.py:104} INFO - [2021-04-25 00:34:52,795] {dag.py:2280} INFO - Setting next_dagrun for bash_operator_dag to 2021-04-25 00:00:00+00:00
[2021-04-25 00:34:52,826] {scheduler_job.py:190} INFO - Processing /opt/airflow/dags/simple_bash_operator_dag.py took 0.221 seconds
[2021-04-25 00:35:23,474] {scheduler_job.py:182} INFO - Started process (PID=3751) to work on /opt/airflow/dags/simple_bash_operator_dag.py
[2021-04-25 00:35:23,488] {scheduler_job.py:629} INFO - Processing file /opt/airflow/dags/simple_bash_operator_dag.py for tasks to queue
[2021-04-25 00:35:23,490] {logging_mixin.py:104} INFO - [2021-04-25 00:35:23,490] {dagbag.py:451} INFO - Filling up the DagBag from /opt/airflow/dags/simple_bash_operator_dag.py
[2021-04-25 00:35:23,538] {scheduler_job.py:639} INFO - DAG(s) dict_keys(['bash_operator_dag']) retrieved from /opt/airflow/dags/simple_bash_operator_dag.py
[2021-04-25 00:35:23,640] {logging_mixin.py:104} INFO - [2021-04-25 00:35:23,640] {dag.py:1824} INFO - Sync 1 DAGs
[2021-04-25 00:35:23,714] {logging_mixin.py:104} INFO - [2021-04-25 00:35:23,714] {dag.py:2280} INFO - Setting next_dagrun for bash_operator_dag to 2021-04-25 00:00:00+00:00
[2021-04-25 00:35:23,755] {scheduler_job.py:190} INFO - Processing /opt/airflow/dags/simple_bash_operator_dag.py took 0.299 seconds
[2021-04-25 00:35:54,319] {scheduler_job.py:182} INFO - Started process (PID=3778) to work on /opt/airflow/dags/simple_bash_operator_dag.py
[2021-04-25 00:35:54,321] {scheduler_job.py:629} INFO - Processing file /opt/airflow/dags/simple_bash_operator_dag.py for tasks to queue
[2021-04-25 00:35:54,322] {logging_mixin.py:104} INFO - [2021-04-25 00:35:54,322] {dagbag.py:451} INFO - Filling up the DagBag from /opt/airflow/dags/simple_bash_operator_dag.py
[2021-04-25 00:35:54,339] {scheduler_job.py:639} INFO - DAG(s) dict_keys(['bash_operator_dag']) retrieved from /opt/airflow/dags/simple_bash_operator_dag.py
[2021-04-25 00:35:54,370] {logging_mixin.py:104} INFO - [2021-04-25 00:35:54,370] {dag.py:1824} INFO - Sync 1 DAGs
[2021-04-25 00:35:54,394] {logging_mixin.py:104} INFO - [2021-04-25 00:35:54,394] {dag.py:2280} INFO - Setting next_dagrun for bash_operator_dag to 2021-04-25 00:00:00+00:00
[2021-04-25 00:35:54,410] {scheduler_job.py:190} INFO - Processing /opt/airflow/dags/simple_bash_operator_dag.py took 0.095 seconds
[2021-04-25 00:36:25,493] {scheduler_job.py:182} INFO - Started process (PID=3806) to work on /opt/airflow/dags/simple_bash_operator_dag.py
[2021-04-25 00:36:25,496] {scheduler_job.py:629} INFO - Processing file /opt/airflow/dags/simple_bash_operator_dag.py for tasks to queue
[2021-04-25 00:36:25,498] {logging_mixin.py:104} INFO - [2021-04-25 00:36:25,497] {dagbag.py:451} INFO - Filling up the DagBag from /opt/airflow/dags/simple_bash_operator_dag.py
[2021-04-25 00:36:25,551] {scheduler_job.py:639} INFO - DAG(s) dict_keys(['bash_operator_dag']) retrieved from /opt/airflow/dags/simple_bash_operator_dag.py
[2021-04-25 00:36:25,633] {logging_mixin.py:104} INFO - [2021-04-25 00:36:25,633] {dag.py:1824} INFO - Sync 1 DAGs
[2021-04-25 00:36:25,698] {logging_mixin.py:104} INFO - [2021-04-25 00:36:25,698] {dag.py:2280} INFO - Setting next_dagrun for bash_operator_dag to 2021-04-25 00:00:00+00:00
[2021-04-25 00:36:25,720] {scheduler_job.py:190} INFO - Processing /opt/airflow/dags/simple_bash_operator_dag.py took 0.239 seconds
[2021-04-25 00:36:56,323] {scheduler_job.py:182} INFO - Started process (PID=3833) to work on /opt/airflow/dags/simple_bash_operator_dag.py
[2021-04-25 00:36:56,326] {scheduler_job.py:629} INFO - Processing file /opt/airflow/dags/simple_bash_operator_dag.py for tasks to queue
[2021-04-25 00:36:56,327] {logging_mixin.py:104} INFO - [2021-04-25 00:36:56,327] {dagbag.py:451} INFO - Filling up the DagBag from /opt/airflow/dags/simple_bash_operator_dag.py
[2021-04-25 00:36:56,377] {scheduler_job.py:639} INFO - DAG(s) dict_keys(['bash_operator_dag']) retrieved from /opt/airflow/dags/simple_bash_operator_dag.py
[2021-04-25 00:36:56,543] {logging_mixin.py:104} INFO - [2021-04-25 00:36:56,531] {dag.py:1824} INFO - Sync 1 DAGs
[2021-04-25 00:36:56,650] {logging_mixin.py:104} INFO - [2021-04-25 00:36:56,650] {dag.py:2280} INFO - Setting next_dagrun for bash_operator_dag to 2021-04-25 00:00:00+00:00
[2021-04-25 00:36:56,691] {scheduler_job.py:190} INFO - Processing /opt/airflow/dags/simple_bash_operator_dag.py took 0.375 seconds
[2021-04-25 00:37:26,944] {scheduler_job.py:182} INFO - Started process (PID=3860) to work on /opt/airflow/dags/simple_bash_operator_dag.py
[2021-04-25 00:37:26,947] {scheduler_job.py:629} INFO - Processing file /opt/airflow/dags/simple_bash_operator_dag.py for tasks to queue
[2021-04-25 00:37:26,948] {logging_mixin.py:104} INFO - [2021-04-25 00:37:26,948] {dagbag.py:451} INFO - Filling up the DagBag from /opt/airflow/dags/simple_bash_operator_dag.py
[2021-04-25 00:37:26,993] {scheduler_job.py:639} INFO - DAG(s) dict_keys(['bash_operator_dag']) retrieved from /opt/airflow/dags/simple_bash_operator_dag.py
[2021-04-25 00:37:27,085] {logging_mixin.py:104} INFO - [2021-04-25 00:37:27,085] {dag.py:1824} INFO - Sync 1 DAGs
[2021-04-25 00:37:27,146] {logging_mixin.py:104} INFO - [2021-04-25 00:37:27,146] {dag.py:2280} INFO - Setting next_dagrun for bash_operator_dag to 2021-04-25 00:00:00+00:00
[2021-04-25 00:37:27,211] {scheduler_job.py:190} INFO - Processing /opt/airflow/dags/simple_bash_operator_dag.py took 0.275 seconds
[2021-04-25 00:37:57,803] {scheduler_job.py:182} INFO - Started process (PID=3887) to work on /opt/airflow/dags/simple_bash_operator_dag.py
[2021-04-25 00:37:57,805] {scheduler_job.py:629} INFO - Processing file /opt/airflow/dags/simple_bash_operator_dag.py for tasks to queue
[2021-04-25 00:37:57,806] {logging_mixin.py:104} INFO - [2021-04-25 00:37:57,805] {dagbag.py:451} INFO - Filling up the DagBag from /opt/airflow/dags/simple_bash_operator_dag.py
[2021-04-25 00:37:57,814] {logging_mixin.py:104} INFO - [2021-04-25 00:37:57,807] {dagbag.py:308} ERROR - Failed to import: /opt/airflow/dags/simple_bash_operator_dag.py
Traceback (most recent call last):
  File "/home/airflow/.local/lib/python3.6/site-packages/airflow/models/dagbag.py", line 305, in _load_modules_from_file
    loader.exec_module(new_module)
  File "<frozen importlib._bootstrap_external>", line 674, in exec_module
  File "<frozen importlib._bootstrap_external>", line 781, in get_code
  File "<frozen importlib._bootstrap_external>", line 741, in source_to_code
  File "<frozen importlib._bootstrap>", line 219, in _call_with_frames_removed
  File "/opt/airflow/dags/simple_bash_operator_dag.py", line 24
    catchup=False,
          ^
SyntaxError: invalid syntax
[2021-04-25 00:37:57,815] {scheduler_job.py:641} WARNING - No viable dags retrieved from /opt/airflow/dags/simple_bash_operator_dag.py
[2021-04-25 00:37:57,841] {scheduler_job.py:190} INFO - Processing /opt/airflow/dags/simple_bash_operator_dag.py took 0.043 seconds
[2021-04-25 00:38:28,601] {scheduler_job.py:182} INFO - Started process (PID=3914) to work on /opt/airflow/dags/simple_bash_operator_dag.py
[2021-04-25 00:38:28,604] {scheduler_job.py:629} INFO - Processing file /opt/airflow/dags/simple_bash_operator_dag.py for tasks to queue
[2021-04-25 00:38:28,607] {logging_mixin.py:104} INFO - [2021-04-25 00:38:28,607] {dagbag.py:451} INFO - Filling up the DagBag from /opt/airflow/dags/simple_bash_operator_dag.py
[2021-04-25 00:38:28,630] {scheduler_job.py:639} INFO - DAG(s) dict_keys(['bash_operator_dag']) retrieved from /opt/airflow/dags/simple_bash_operator_dag.py
[2021-04-25 00:38:28,706] {logging_mixin.py:104} INFO - [2021-04-25 00:38:28,705] {dag.py:1824} INFO - Sync 1 DAGs
[2021-04-25 00:38:28,749] {logging_mixin.py:104} INFO - [2021-04-25 00:38:28,749] {dag.py:2280} INFO - Setting next_dagrun for bash_operator_dag to 2021-04-25 00:00:00+00:00
[2021-04-25 00:38:28,781] {scheduler_job.py:190} INFO - Processing /opt/airflow/dags/simple_bash_operator_dag.py took 0.185 seconds
[2021-04-25 00:38:58,876] {scheduler_job.py:182} INFO - Started process (PID=3940) to work on /opt/airflow/dags/simple_bash_operator_dag.py
[2021-04-25 00:38:58,879] {scheduler_job.py:629} INFO - Processing file /opt/airflow/dags/simple_bash_operator_dag.py for tasks to queue
[2021-04-25 00:38:58,880] {logging_mixin.py:104} INFO - [2021-04-25 00:38:58,880] {dagbag.py:451} INFO - Filling up the DagBag from /opt/airflow/dags/simple_bash_operator_dag.py
[2021-04-25 00:38:58,908] {scheduler_job.py:639} INFO - DAG(s) dict_keys(['bash_operator_dag']) retrieved from /opt/airflow/dags/simple_bash_operator_dag.py
[2021-04-25 00:38:58,964] {logging_mixin.py:104} INFO - [2021-04-25 00:38:58,964] {dag.py:1824} INFO - Sync 1 DAGs
[2021-04-25 00:38:58,986] {logging_mixin.py:104} INFO - [2021-04-25 00:38:58,986] {dag.py:1843} INFO - Creating ORM DAG for bash_operator_dag
[2021-04-25 00:38:59,026] {logging_mixin.py:104} INFO - [2021-04-25 00:38:59,026] {dag.py:2280} INFO - Setting next_dagrun for bash_operator_dag to 2021-04-24 00:00:00+00:00
[2021-04-25 00:38:59,063] {scheduler_job.py:190} INFO - Processing /opt/airflow/dags/simple_bash_operator_dag.py took 0.193 seconds
[2021-04-25 00:39:29,459] {scheduler_job.py:182} INFO - Started process (PID=3968) to work on /opt/airflow/dags/simple_bash_operator_dag.py
[2021-04-25 00:39:29,461] {scheduler_job.py:629} INFO - Processing file /opt/airflow/dags/simple_bash_operator_dag.py for tasks to queue
[2021-04-25 00:39:29,463] {logging_mixin.py:104} INFO - [2021-04-25 00:39:29,463] {dagbag.py:451} INFO - Filling up the DagBag from /opt/airflow/dags/simple_bash_operator_dag.py
[2021-04-25 00:39:29,491] {scheduler_job.py:639} INFO - DAG(s) dict_keys(['bash_operator_dag']) retrieved from /opt/airflow/dags/simple_bash_operator_dag.py
[2021-04-25 00:39:29,547] {logging_mixin.py:104} INFO - [2021-04-25 00:39:29,547] {dag.py:1824} INFO - Sync 1 DAGs
[2021-04-25 00:39:29,617] {logging_mixin.py:104} INFO - [2021-04-25 00:39:29,617] {dag.py:2280} INFO - Setting next_dagrun for bash_operator_dag to 2021-04-24 00:00:00+00:00
[2021-04-25 00:39:29,646] {scheduler_job.py:190} INFO - Processing /opt/airflow/dags/simple_bash_operator_dag.py took 0.195 seconds
[2021-04-25 00:39:59,671] {scheduler_job.py:182} INFO - Started process (PID=3994) to work on /opt/airflow/dags/simple_bash_operator_dag.py
[2021-04-25 00:39:59,673] {scheduler_job.py:629} INFO - Processing file /opt/airflow/dags/simple_bash_operator_dag.py for tasks to queue
[2021-04-25 00:39:59,674] {logging_mixin.py:104} INFO - [2021-04-25 00:39:59,674] {dagbag.py:451} INFO - Filling up the DagBag from /opt/airflow/dags/simple_bash_operator_dag.py
[2021-04-25 00:39:59,697] {scheduler_job.py:639} INFO - DAG(s) dict_keys(['bash_operator_dag']) retrieved from /opt/airflow/dags/simple_bash_operator_dag.py
[2021-04-25 00:39:59,747] {logging_mixin.py:104} INFO - [2021-04-25 00:39:59,746] {dag.py:1824} INFO - Sync 1 DAGs
[2021-04-25 00:39:59,805] {logging_mixin.py:104} INFO - [2021-04-25 00:39:59,805] {dag.py:2280} INFO - Setting next_dagrun for bash_operator_dag to 2021-04-24 00:00:00+00:00
[2021-04-25 00:39:59,826] {scheduler_job.py:190} INFO - Processing /opt/airflow/dags/simple_bash_operator_dag.py took 0.160 seconds
[2021-04-25 00:40:30,012] {scheduler_job.py:182} INFO - Started process (PID=4021) to work on /opt/airflow/dags/simple_bash_operator_dag.py
[2021-04-25 00:40:30,016] {scheduler_job.py:629} INFO - Processing file /opt/airflow/dags/simple_bash_operator_dag.py for tasks to queue
[2021-04-25 00:40:30,018] {logging_mixin.py:104} INFO - [2021-04-25 00:40:30,017] {dagbag.py:451} INFO - Filling up the DagBag from /opt/airflow/dags/simple_bash_operator_dag.py
[2021-04-25 00:40:30,044] {scheduler_job.py:639} INFO - DAG(s) dict_keys(['bash_operator_dag']) retrieved from /opt/airflow/dags/simple_bash_operator_dag.py
[2021-04-25 00:40:30,098] {logging_mixin.py:104} INFO - [2021-04-25 00:40:30,097] {dag.py:1824} INFO - Sync 1 DAGs
[2021-04-25 00:40:30,153] {logging_mixin.py:104} INFO - [2021-04-25 00:40:30,153] {dag.py:2280} INFO - Setting next_dagrun for bash_operator_dag to 2021-04-24 00:00:00+00:00
[2021-04-25 00:40:30,174] {scheduler_job.py:190} INFO - Processing /opt/airflow/dags/simple_bash_operator_dag.py took 0.169 seconds
[2021-04-25 00:41:00,366] {scheduler_job.py:182} INFO - Started process (PID=4048) to work on /opt/airflow/dags/simple_bash_operator_dag.py
[2021-04-25 00:41:00,371] {scheduler_job.py:629} INFO - Processing file /opt/airflow/dags/simple_bash_operator_dag.py for tasks to queue
[2021-04-25 00:41:00,385] {logging_mixin.py:104} INFO - [2021-04-25 00:41:00,384] {dagbag.py:451} INFO - Filling up the DagBag from /opt/airflow/dags/simple_bash_operator_dag.py
[2021-04-25 00:41:00,450] {scheduler_job.py:639} INFO - DAG(s) dict_keys(['bash_operator_dag']) retrieved from /opt/airflow/dags/simple_bash_operator_dag.py
[2021-04-25 00:41:00,568] {logging_mixin.py:104} INFO - [2021-04-25 00:41:00,568] {dag.py:1824} INFO - Sync 1 DAGs
[2021-04-25 00:41:00,717] {logging_mixin.py:104} INFO - [2021-04-25 00:41:00,717] {dag.py:2280} INFO - Setting next_dagrun for bash_operator_dag to 2021-04-25 00:00:00+00:00
[2021-04-25 00:41:00,805] {scheduler_job.py:190} INFO - Processing /opt/airflow/dags/simple_bash_operator_dag.py took 0.480 seconds
[2021-04-25 00:41:31,099] {scheduler_job.py:182} INFO - Started process (PID=4074) to work on /opt/airflow/dags/simple_bash_operator_dag.py
[2021-04-25 00:41:31,102] {scheduler_job.py:629} INFO - Processing file /opt/airflow/dags/simple_bash_operator_dag.py for tasks to queue
[2021-04-25 00:41:31,104] {logging_mixin.py:104} INFO - [2021-04-25 00:41:31,103] {dagbag.py:451} INFO - Filling up the DagBag from /opt/airflow/dags/simple_bash_operator_dag.py
[2021-04-25 00:41:31,135] {scheduler_job.py:639} INFO - DAG(s) dict_keys(['bash_operator_dag']) retrieved from /opt/airflow/dags/simple_bash_operator_dag.py
[2021-04-25 00:41:31,183] {logging_mixin.py:104} INFO - [2021-04-25 00:41:31,183] {dag.py:1824} INFO - Sync 1 DAGs
[2021-04-25 00:41:31,249] {logging_mixin.py:104} INFO - [2021-04-25 00:41:31,249] {dag.py:2280} INFO - Setting next_dagrun for bash_operator_dag to 2021-04-25 00:00:00+00:00
[2021-04-25 00:41:31,274] {scheduler_job.py:190} INFO - Processing /opt/airflow/dags/simple_bash_operator_dag.py took 0.184 seconds
[2021-04-25 00:42:02,085] {scheduler_job.py:182} INFO - Started process (PID=4101) to work on /opt/airflow/dags/simple_bash_operator_dag.py
[2021-04-25 00:42:02,088] {scheduler_job.py:629} INFO - Processing file /opt/airflow/dags/simple_bash_operator_dag.py for tasks to queue
[2021-04-25 00:42:02,089] {logging_mixin.py:104} INFO - [2021-04-25 00:42:02,089] {dagbag.py:451} INFO - Filling up the DagBag from /opt/airflow/dags/simple_bash_operator_dag.py
[2021-04-25 00:42:02,113] {scheduler_job.py:639} INFO - DAG(s) dict_keys(['bash_operator_dag']) retrieved from /opt/airflow/dags/simple_bash_operator_dag.py
[2021-04-25 00:42:02,144] {logging_mixin.py:104} INFO - [2021-04-25 00:42:02,144] {dag.py:1824} INFO - Sync 1 DAGs
[2021-04-25 00:42:02,171] {logging_mixin.py:104} INFO - [2021-04-25 00:42:02,170] {dag.py:2280} INFO - Setting next_dagrun for bash_operator_dag to 2021-04-25 00:00:00+00:00
[2021-04-25 00:42:02,192] {scheduler_job.py:190} INFO - Processing /opt/airflow/dags/simple_bash_operator_dag.py took 0.113 seconds
[2021-04-25 00:42:32,802] {scheduler_job.py:182} INFO - Started process (PID=4128) to work on /opt/airflow/dags/simple_bash_operator_dag.py
[2021-04-25 00:42:32,806] {scheduler_job.py:629} INFO - Processing file /opt/airflow/dags/simple_bash_operator_dag.py for tasks to queue
[2021-04-25 00:42:32,810] {logging_mixin.py:104} INFO - [2021-04-25 00:42:32,809] {dagbag.py:451} INFO - Filling up the DagBag from /opt/airflow/dags/simple_bash_operator_dag.py
[2021-04-25 00:42:32,838] {scheduler_job.py:639} INFO - DAG(s) dict_keys(['bash_operator_dag']) retrieved from /opt/airflow/dags/simple_bash_operator_dag.py
[2021-04-25 00:42:32,899] {logging_mixin.py:104} INFO - [2021-04-25 00:42:32,898] {dag.py:1824} INFO - Sync 1 DAGs
[2021-04-25 00:42:32,955] {logging_mixin.py:104} INFO - [2021-04-25 00:42:32,955] {dag.py:2280} INFO - Setting next_dagrun for bash_operator_dag to 2021-04-25 00:00:00+00:00
[2021-04-25 00:42:32,977] {scheduler_job.py:190} INFO - Processing /opt/airflow/dags/simple_bash_operator_dag.py took 0.183 seconds
[2021-04-25 00:43:03,485] {scheduler_job.py:182} INFO - Started process (PID=4155) to work on /opt/airflow/dags/simple_bash_operator_dag.py
[2021-04-25 00:43:03,488] {scheduler_job.py:629} INFO - Processing file /opt/airflow/dags/simple_bash_operator_dag.py for tasks to queue
[2021-04-25 00:43:03,490] {logging_mixin.py:104} INFO - [2021-04-25 00:43:03,490] {dagbag.py:451} INFO - Filling up the DagBag from /opt/airflow/dags/simple_bash_operator_dag.py
[2021-04-25 00:43:03,585] {scheduler_job.py:639} INFO - DAG(s) dict_keys(['bash_operator_dag']) retrieved from /opt/airflow/dags/simple_bash_operator_dag.py
[2021-04-25 00:43:03,667] {logging_mixin.py:104} INFO - [2021-04-25 00:43:03,667] {dag.py:1824} INFO - Sync 1 DAGs
[2021-04-25 00:43:03,710] {logging_mixin.py:104} INFO - [2021-04-25 00:43:03,709] {dag.py:1843} INFO - Creating ORM DAG for bash_operator_dag
[2021-04-25 00:43:03,765] {logging_mixin.py:104} INFO - [2021-04-25 00:43:03,765] {dag.py:2280} INFO - Setting next_dagrun for bash_operator_dag to 2021-01-01T00:00:00+00:00
[2021-04-25 00:43:03,826] {scheduler_job.py:190} INFO - Processing /opt/airflow/dags/simple_bash_operator_dag.py took 0.360 seconds
[2021-04-25 00:43:34,798] {scheduler_job.py:182} INFO - Started process (PID=4203) to work on /opt/airflow/dags/simple_bash_operator_dag.py
[2021-04-25 00:43:34,801] {scheduler_job.py:629} INFO - Processing file /opt/airflow/dags/simple_bash_operator_dag.py for tasks to queue
[2021-04-25 00:43:34,832] {logging_mixin.py:104} INFO - [2021-04-25 00:43:34,827] {dagbag.py:451} INFO - Filling up the DagBag from /opt/airflow/dags/simple_bash_operator_dag.py
[2021-04-25 00:43:34,929] {scheduler_job.py:639} INFO - DAG(s) dict_keys(['bash_operator_dag']) retrieved from /opt/airflow/dags/simple_bash_operator_dag.py
[2021-04-25 00:43:35,142] {logging_mixin.py:104} INFO - [2021-04-25 00:43:35,142] {dag.py:1824} INFO - Sync 1 DAGs
[2021-04-25 00:43:35,260] {logging_mixin.py:104} INFO - [2021-04-25 00:43:35,260] {dag.py:2280} INFO - Setting next_dagrun for bash_operator_dag to 2021-01-12 00:00:00+00:00
[2021-04-25 00:43:35,392] {scheduler_job.py:190} INFO - Processing /opt/airflow/dags/simple_bash_operator_dag.py took 0.635 seconds
[2021-04-25 00:44:05,667] {scheduler_job.py:182} INFO - Started process (PID=4318) to work on /opt/airflow/dags/simple_bash_operator_dag.py
[2021-04-25 00:44:05,673] {scheduler_job.py:629} INFO - Processing file /opt/airflow/dags/simple_bash_operator_dag.py for tasks to queue
[2021-04-25 00:44:05,678] {logging_mixin.py:104} INFO - [2021-04-25 00:44:05,678] {dagbag.py:451} INFO - Filling up the DagBag from /opt/airflow/dags/simple_bash_operator_dag.py
[2021-04-25 00:44:05,730] {scheduler_job.py:639} INFO - DAG(s) dict_keys(['bash_operator_dag']) retrieved from /opt/airflow/dags/simple_bash_operator_dag.py
[2021-04-25 00:44:05,851] {logging_mixin.py:104} INFO - [2021-04-25 00:44:05,851] {dag.py:1824} INFO - Sync 1 DAGs
[2021-04-25 00:44:05,943] {logging_mixin.py:104} INFO - [2021-04-25 00:44:05,943] {dag.py:2280} INFO - Setting next_dagrun for bash_operator_dag to 2021-01-30 00:00:00+00:00
[2021-04-25 00:44:05,990] {scheduler_job.py:190} INFO - Processing /opt/airflow/dags/simple_bash_operator_dag.py took 0.335 seconds
[2021-04-25 00:44:36,312] {scheduler_job.py:182} INFO - Started process (PID=4425) to work on /opt/airflow/dags/simple_bash_operator_dag.py
[2021-04-25 00:44:36,322] {scheduler_job.py:629} INFO - Processing file /opt/airflow/dags/simple_bash_operator_dag.py for tasks to queue
[2021-04-25 00:44:36,325] {logging_mixin.py:104} INFO - [2021-04-25 00:44:36,324] {dagbag.py:451} INFO - Filling up the DagBag from /opt/airflow/dags/simple_bash_operator_dag.py
[2021-04-25 00:44:36,383] {scheduler_job.py:639} INFO - DAG(s) dict_keys(['bash_operator_dag']) retrieved from /opt/airflow/dags/simple_bash_operator_dag.py
[2021-04-25 00:44:36,480] {logging_mixin.py:104} INFO - [2021-04-25 00:44:36,480] {dag.py:1824} INFO - Sync 1 DAGs
[2021-04-25 00:44:36,534] {logging_mixin.py:104} INFO - [2021-04-25 00:44:36,532] {dag.py:1843} INFO - Creating ORM DAG for bash_operator_dag
[2021-04-25 00:44:36,581] {logging_mixin.py:104} INFO - [2021-04-25 00:44:36,581] {dag.py:2280} INFO - Setting next_dagrun for bash_operator_dag to 2021-04-24 00:00:00+00:00
[2021-04-25 00:44:36,624] {scheduler_job.py:190} INFO - Processing /opt/airflow/dags/simple_bash_operator_dag.py took 0.330 seconds
[2021-04-25 00:45:07,554] {scheduler_job.py:182} INFO - Started process (PID=4452) to work on /opt/airflow/dags/simple_bash_operator_dag.py
[2021-04-25 00:45:07,556] {scheduler_job.py:629} INFO - Processing file /opt/airflow/dags/simple_bash_operator_dag.py for tasks to queue
[2021-04-25 00:45:07,557] {logging_mixin.py:104} INFO - [2021-04-25 00:45:07,556] {dagbag.py:451} INFO - Filling up the DagBag from /opt/airflow/dags/simple_bash_operator_dag.py
[2021-04-25 00:45:07,573] {scheduler_job.py:639} INFO - DAG(s) dict_keys(['bash_operator_dag']) retrieved from /opt/airflow/dags/simple_bash_operator_dag.py
[2021-04-25 00:45:07,613] {logging_mixin.py:104} INFO - [2021-04-25 00:45:07,613] {dag.py:1824} INFO - Sync 1 DAGs
[2021-04-25 00:45:07,660] {logging_mixin.py:104} INFO - [2021-04-25 00:45:07,660] {dag.py:2280} INFO - Setting next_dagrun for bash_operator_dag to 2021-04-24 00:00:00+00:00
[2021-04-25 00:45:07,682] {scheduler_job.py:190} INFO - Processing /opt/airflow/dags/simple_bash_operator_dag.py took 0.132 seconds
[2021-04-25 00:46:11,285] {scheduler_job.py:182} INFO - Started process (PID=45) to work on /opt/airflow/dags/simple_bash_operator_dag.py
[2021-04-25 00:46:11,288] {scheduler_job.py:629} INFO - Processing file /opt/airflow/dags/simple_bash_operator_dag.py for tasks to queue
[2021-04-25 00:46:11,291] {logging_mixin.py:104} INFO - [2021-04-25 00:46:11,290] {dagbag.py:451} INFO - Filling up the DagBag from /opt/airflow/dags/simple_bash_operator_dag.py
[2021-04-25 00:46:11,347] {scheduler_job.py:639} INFO - DAG(s) dict_keys(['bash_operator_dag']) retrieved from /opt/airflow/dags/simple_bash_operator_dag.py
[2021-04-25 00:46:11,471] {logging_mixin.py:104} INFO - [2021-04-25 00:46:11,470] {dag.py:1824} INFO - Sync 1 DAGs
[2021-04-25 00:46:11,580] {logging_mixin.py:104} INFO - [2021-04-25 00:46:11,579] {dag.py:2280} INFO - Setting next_dagrun for bash_operator_dag to 2021-04-24 00:00:00+00:00
[2021-04-25 00:46:11,618] {scheduler_job.py:190} INFO - Processing /opt/airflow/dags/simple_bash_operator_dag.py took 0.345 seconds
[2021-04-25 00:46:46,501] {scheduler_job.py:182} INFO - Started process (PID=83) to work on /opt/airflow/dags/simple_bash_operator_dag.py
[2021-04-25 00:46:46,504] {scheduler_job.py:629} INFO - Processing file /opt/airflow/dags/simple_bash_operator_dag.py for tasks to queue
[2021-04-25 00:46:46,506] {logging_mixin.py:104} INFO - [2021-04-25 00:46:46,506] {dagbag.py:451} INFO - Filling up the DagBag from /opt/airflow/dags/simple_bash_operator_dag.py
[2021-04-25 00:46:46,550] {scheduler_job.py:639} INFO - DAG(s) dict_keys(['bash_operator_dag']) retrieved from /opt/airflow/dags/simple_bash_operator_dag.py
[2021-04-25 00:46:46,626] {logging_mixin.py:104} INFO - [2021-04-25 00:46:46,626] {dag.py:1824} INFO - Sync 1 DAGs
[2021-04-25 00:46:46,783] {logging_mixin.py:104} INFO - [2021-04-25 00:46:46,782] {dag.py:2280} INFO - Setting next_dagrun for bash_operator_dag to 2021-04-24 00:00:00+00:00
[2021-04-25 00:46:46,827] {scheduler_job.py:190} INFO - Processing /opt/airflow/dags/simple_bash_operator_dag.py took 0.337 seconds
[2021-04-25 00:47:17,441] {scheduler_job.py:182} INFO - Started process (PID=110) to work on /opt/airflow/dags/simple_bash_operator_dag.py
[2021-04-25 00:47:17,446] {scheduler_job.py:629} INFO - Processing file /opt/airflow/dags/simple_bash_operator_dag.py for tasks to queue
[2021-04-25 00:47:17,448] {logging_mixin.py:104} INFO - [2021-04-25 00:47:17,447] {dagbag.py:451} INFO - Filling up the DagBag from /opt/airflow/dags/simple_bash_operator_dag.py
[2021-04-25 00:47:17,469] {scheduler_job.py:639} INFO - DAG(s) dict_keys(['bash_operator_dag']) retrieved from /opt/airflow/dags/simple_bash_operator_dag.py
[2021-04-25 00:47:17,508] {logging_mixin.py:104} INFO - [2021-04-25 00:47:17,507] {dag.py:1824} INFO - Sync 1 DAGs
[2021-04-25 00:47:17,573] {logging_mixin.py:104} INFO - [2021-04-25 00:47:17,572] {dag.py:2280} INFO - Setting next_dagrun for bash_operator_dag to 2021-04-24 00:00:00+00:00
[2021-04-25 00:47:17,601] {scheduler_job.py:190} INFO - Processing /opt/airflow/dags/simple_bash_operator_dag.py took 0.166 seconds
