[2021-04-25 07:20:52,940] {scheduler_job.py:182} INFO - Started process (PID=4377) to work on /opt/airflow/dags/write_file_python_operator.py
[2021-04-25 07:20:52,941] {scheduler_job.py:629} INFO - Processing file /opt/airflow/dags/write_file_python_operator.py for tasks to queue
[2021-04-25 07:20:52,942] {logging_mixin.py:104} INFO - [2021-04-25 07:20:52,942] {dagbag.py:451} INFO - Filling up the DagBag from /opt/airflow/dags/write_file_python_operator.py
[2021-04-25 07:20:52,958] {scheduler_job.py:639} INFO - DAG(s) dict_keys(['python_operator_dag']) retrieved from /opt/airflow/dags/write_file_python_operator.py
[2021-04-25 07:20:52,990] {logging_mixin.py:104} INFO - [2021-04-25 07:20:52,989] {dag.py:1824} INFO - Sync 1 DAGs
[2021-04-25 07:20:53,012] {logging_mixin.py:104} INFO - [2021-04-25 07:20:53,012] {dag.py:2280} INFO - Setting next_dagrun for python_operator_dag to 2021-04-25 00:00:00+00:00
[2021-04-25 07:20:53,032] {scheduler_job.py:190} INFO - Processing /opt/airflow/dags/write_file_python_operator.py took 0.097 seconds
[2021-04-25 07:21:23,375] {scheduler_job.py:182} INFO - Started process (PID=4406) to work on /opt/airflow/dags/write_file_python_operator.py
[2021-04-25 07:21:23,376] {scheduler_job.py:629} INFO - Processing file /opt/airflow/dags/write_file_python_operator.py for tasks to queue
[2021-04-25 07:21:23,377] {logging_mixin.py:104} INFO - [2021-04-25 07:21:23,377] {dagbag.py:451} INFO - Filling up the DagBag from /opt/airflow/dags/write_file_python_operator.py
[2021-04-25 07:21:23,393] {scheduler_job.py:639} INFO - DAG(s) dict_keys(['python_operator_dag']) retrieved from /opt/airflow/dags/write_file_python_operator.py
[2021-04-25 07:21:23,417] {logging_mixin.py:104} INFO - [2021-04-25 07:21:23,417] {dag.py:1824} INFO - Sync 1 DAGs
[2021-04-25 07:21:23,439] {logging_mixin.py:104} INFO - [2021-04-25 07:21:23,439] {dag.py:2280} INFO - Setting next_dagrun for python_operator_dag to 2021-04-25 00:00:00+00:00
[2021-04-25 07:21:23,454] {scheduler_job.py:190} INFO - Processing /opt/airflow/dags/write_file_python_operator.py took 0.082 seconds
[2021-04-25 07:21:53,643] {scheduler_job.py:182} INFO - Started process (PID=4435) to work on /opt/airflow/dags/write_file_python_operator.py
[2021-04-25 07:21:53,644] {scheduler_job.py:629} INFO - Processing file /opt/airflow/dags/write_file_python_operator.py for tasks to queue
[2021-04-25 07:21:53,645] {logging_mixin.py:104} INFO - [2021-04-25 07:21:53,645] {dagbag.py:451} INFO - Filling up the DagBag from /opt/airflow/dags/write_file_python_operator.py
[2021-04-25 07:21:53,657] {scheduler_job.py:639} INFO - DAG(s) dict_keys(['python_operator_dag']) retrieved from /opt/airflow/dags/write_file_python_operator.py
[2021-04-25 07:21:53,676] {logging_mixin.py:104} INFO - [2021-04-25 07:21:53,676] {dag.py:1824} INFO - Sync 1 DAGs
[2021-04-25 07:21:53,701] {logging_mixin.py:104} INFO - [2021-04-25 07:21:53,701] {dag.py:2280} INFO - Setting next_dagrun for python_operator_dag to 2021-04-25 00:00:00+00:00
[2021-04-25 07:21:53,715] {scheduler_job.py:190} INFO - Processing /opt/airflow/dags/write_file_python_operator.py took 0.076 seconds
[2021-04-25 07:22:23,963] {scheduler_job.py:182} INFO - Started process (PID=4464) to work on /opt/airflow/dags/write_file_python_operator.py
[2021-04-25 07:22:23,966] {scheduler_job.py:629} INFO - Processing file /opt/airflow/dags/write_file_python_operator.py for tasks to queue
[2021-04-25 07:22:23,967] {logging_mixin.py:104} INFO - [2021-04-25 07:22:23,967] {dagbag.py:451} INFO - Filling up the DagBag from /opt/airflow/dags/write_file_python_operator.py
[2021-04-25 07:22:23,988] {scheduler_job.py:639} INFO - DAG(s) dict_keys(['python_operator_dag']) retrieved from /opt/airflow/dags/write_file_python_operator.py
[2021-04-25 07:22:24,017] {logging_mixin.py:104} INFO - [2021-04-25 07:22:24,017] {dag.py:1824} INFO - Sync 1 DAGs
[2021-04-25 07:22:24,043] {logging_mixin.py:104} INFO - [2021-04-25 07:22:24,043] {dag.py:2280} INFO - Setting next_dagrun for python_operator_dag to 2021-04-25 00:00:00+00:00
[2021-04-25 07:22:24,061] {scheduler_job.py:190} INFO - Processing /opt/airflow/dags/write_file_python_operator.py took 0.101 seconds
[2021-04-25 07:22:54,341] {scheduler_job.py:182} INFO - Started process (PID=4493) to work on /opt/airflow/dags/write_file_python_operator.py
[2021-04-25 07:22:54,342] {scheduler_job.py:629} INFO - Processing file /opt/airflow/dags/write_file_python_operator.py for tasks to queue
[2021-04-25 07:22:54,343] {logging_mixin.py:104} INFO - [2021-04-25 07:22:54,343] {dagbag.py:451} INFO - Filling up the DagBag from /opt/airflow/dags/write_file_python_operator.py
[2021-04-25 07:22:54,355] {logging_mixin.py:104} INFO - [2021-04-25 07:22:54,355] {dagbag.py:308} ERROR - Failed to import: /opt/airflow/dags/write_file_python_operator.py
Traceback (most recent call last):
  File "/home/airflow/.local/lib/python3.6/site-packages/airflow/models/dagbag.py", line 305, in _load_modules_from_file
    loader.exec_module(new_module)
  File "<frozen importlib._bootstrap_external>", line 678, in exec_module
  File "<frozen importlib._bootstrap>", line 219, in _call_with_frames_removed
  File "/opt/airflow/dags/write_file_python_operator.py", line 32, in <module>
    python_callable=print_string,
NameError: name 'print_string' is not defined
[2021-04-25 07:22:54,356] {scheduler_job.py:641} WARNING - No viable dags retrieved from /opt/airflow/dags/write_file_python_operator.py
[2021-04-25 07:22:54,378] {scheduler_job.py:190} INFO - Processing /opt/airflow/dags/write_file_python_operator.py took 0.041 seconds
[2021-04-25 07:23:24,759] {scheduler_job.py:182} INFO - Started process (PID=4522) to work on /opt/airflow/dags/write_file_python_operator.py
[2021-04-25 07:23:24,760] {scheduler_job.py:629} INFO - Processing file /opt/airflow/dags/write_file_python_operator.py for tasks to queue
[2021-04-25 07:23:24,761] {logging_mixin.py:104} INFO - [2021-04-25 07:23:24,761] {dagbag.py:451} INFO - Filling up the DagBag from /opt/airflow/dags/write_file_python_operator.py
[2021-04-25 07:23:24,773] {logging_mixin.py:104} INFO - [2021-04-25 07:23:24,772] {dagbag.py:308} ERROR - Failed to import: /opt/airflow/dags/write_file_python_operator.py
Traceback (most recent call last):
  File "/home/airflow/.local/lib/python3.6/site-packages/airflow/models/dagbag.py", line 305, in _load_modules_from_file
    loader.exec_module(new_module)
  File "<frozen importlib._bootstrap_external>", line 678, in exec_module
  File "<frozen importlib._bootstrap>", line 219, in _call_with_frames_removed
  File "/opt/airflow/dags/write_file_python_operator.py", line 32, in <module>
    python_callable=print_string,
NameError: name 'print_string' is not defined
[2021-04-25 07:23:24,773] {scheduler_job.py:641} WARNING - No viable dags retrieved from /opt/airflow/dags/write_file_python_operator.py
[2021-04-25 07:23:24,795] {scheduler_job.py:190} INFO - Processing /opt/airflow/dags/write_file_python_operator.py took 0.039 seconds
[2021-04-25 07:23:55,077] {scheduler_job.py:182} INFO - Started process (PID=4551) to work on /opt/airflow/dags/write_file_python_operator.py
[2021-04-25 07:23:55,079] {scheduler_job.py:629} INFO - Processing file /opt/airflow/dags/write_file_python_operator.py for tasks to queue
[2021-04-25 07:23:55,080] {logging_mixin.py:104} INFO - [2021-04-25 07:23:55,079] {dagbag.py:451} INFO - Filling up the DagBag from /opt/airflow/dags/write_file_python_operator.py
[2021-04-25 07:23:55,090] {logging_mixin.py:104} INFO - [2021-04-25 07:23:55,089] {dagbag.py:308} ERROR - Failed to import: /opt/airflow/dags/write_file_python_operator.py
Traceback (most recent call last):
  File "/home/airflow/.local/lib/python3.6/site-packages/airflow/models/dagbag.py", line 305, in _load_modules_from_file
    loader.exec_module(new_module)
  File "<frozen importlib._bootstrap_external>", line 678, in exec_module
  File "<frozen importlib._bootstrap>", line 219, in _call_with_frames_removed
  File "/opt/airflow/dags/write_file_python_operator.py", line 33, in <module>
    python_callable=print_string,
NameError: name 'print_string' is not defined
[2021-04-25 07:23:55,090] {scheduler_job.py:641} WARNING - No viable dags retrieved from /opt/airflow/dags/write_file_python_operator.py
[2021-04-25 07:23:55,112] {scheduler_job.py:190} INFO - Processing /opt/airflow/dags/write_file_python_operator.py took 0.040 seconds
[2021-04-25 07:24:25,398] {scheduler_job.py:182} INFO - Started process (PID=4580) to work on /opt/airflow/dags/write_file_python_operator.py
[2021-04-25 07:24:25,399] {scheduler_job.py:629} INFO - Processing file /opt/airflow/dags/write_file_python_operator.py for tasks to queue
[2021-04-25 07:24:25,401] {logging_mixin.py:104} INFO - [2021-04-25 07:24:25,401] {dagbag.py:451} INFO - Filling up the DagBag from /opt/airflow/dags/write_file_python_operator.py
[2021-04-25 07:24:25,410] {logging_mixin.py:104} INFO - [2021-04-25 07:24:25,410] {dagbag.py:308} ERROR - Failed to import: /opt/airflow/dags/write_file_python_operator.py
Traceback (most recent call last):
  File "/home/airflow/.local/lib/python3.6/site-packages/airflow/models/dagbag.py", line 305, in _load_modules_from_file
    loader.exec_module(new_module)
  File "<frozen importlib._bootstrap_external>", line 678, in exec_module
  File "<frozen importlib._bootstrap>", line 219, in _call_with_frames_removed
  File "/opt/airflow/dags/write_file_python_operator.py", line 33, in <module>
    python_callable=print_string,
NameError: name 'print_string' is not defined
[2021-04-25 07:24:25,411] {scheduler_job.py:641} WARNING - No viable dags retrieved from /opt/airflow/dags/write_file_python_operator.py
[2021-04-25 07:24:25,432] {scheduler_job.py:190} INFO - Processing /opt/airflow/dags/write_file_python_operator.py took 0.038 seconds
[2021-04-25 07:24:55,792] {scheduler_job.py:182} INFO - Started process (PID=4609) to work on /opt/airflow/dags/write_file_python_operator.py
[2021-04-25 07:24:55,793] {scheduler_job.py:629} INFO - Processing file /opt/airflow/dags/write_file_python_operator.py for tasks to queue
[2021-04-25 07:24:55,794] {logging_mixin.py:104} INFO - [2021-04-25 07:24:55,794] {dagbag.py:451} INFO - Filling up the DagBag from /opt/airflow/dags/write_file_python_operator.py
[2021-04-25 07:24:55,802] {logging_mixin.py:104} INFO - [2021-04-25 07:24:55,802] {dagbag.py:308} ERROR - Failed to import: /opt/airflow/dags/write_file_python_operator.py
Traceback (most recent call last):
  File "/home/airflow/.local/lib/python3.6/site-packages/airflow/models/dagbag.py", line 305, in _load_modules_from_file
    loader.exec_module(new_module)
  File "<frozen importlib._bootstrap_external>", line 678, in exec_module
  File "<frozen importlib._bootstrap>", line 219, in _call_with_frames_removed
  File "/opt/airflow/dags/write_file_python_operator.py", line 33, in <module>
    python_callable=print_string,
NameError: name 'print_string' is not defined
[2021-04-25 07:24:55,803] {scheduler_job.py:641} WARNING - No viable dags retrieved from /opt/airflow/dags/write_file_python_operator.py
[2021-04-25 07:24:55,827] {scheduler_job.py:190} INFO - Processing /opt/airflow/dags/write_file_python_operator.py took 0.038 seconds
[2021-04-25 07:25:26,247] {scheduler_job.py:182} INFO - Started process (PID=4638) to work on /opt/airflow/dags/write_file_python_operator.py
[2021-04-25 07:25:26,249] {scheduler_job.py:629} INFO - Processing file /opt/airflow/dags/write_file_python_operator.py for tasks to queue
[2021-04-25 07:25:26,250] {logging_mixin.py:104} INFO - [2021-04-25 07:25:26,249] {dagbag.py:451} INFO - Filling up the DagBag from /opt/airflow/dags/write_file_python_operator.py
[2021-04-25 07:25:26,250] {scheduler_job.py:641} WARNING - No viable dags retrieved from /opt/airflow/dags/write_file_python_operator.py
[2021-04-25 07:25:26,250] {scheduler_job.py:190} INFO - Processing /opt/airflow/dags/write_file_python_operator.py took 0.006 seconds
[2021-04-25 07:25:56,712] {scheduler_job.py:182} INFO - Started process (PID=4670) to work on /opt/airflow/dags/write_file_python_operator.py
[2021-04-25 07:25:56,713] {scheduler_job.py:629} INFO - Processing file /opt/airflow/dags/write_file_python_operator.py for tasks to queue
[2021-04-25 07:25:56,714] {logging_mixin.py:104} INFO - [2021-04-25 07:25:56,714] {dagbag.py:451} INFO - Filling up the DagBag from /opt/airflow/dags/write_file_python_operator.py
[2021-04-25 07:25:56,725] {logging_mixin.py:104} INFO - [2021-04-25 07:25:56,725] {dagbag.py:308} ERROR - Failed to import: /opt/airflow/dags/write_file_python_operator.py
Traceback (most recent call last):
  File "/home/airflow/.local/lib/python3.6/site-packages/airflow/models/dagbag.py", line 305, in _load_modules_from_file
    loader.exec_module(new_module)
  File "<frozen importlib._bootstrap_external>", line 678, in exec_module
  File "<frozen importlib._bootstrap>", line 219, in _call_with_frames_removed
  File "/opt/airflow/dags/write_file_python_operator.py", line 33, in <module>
    python_callable=print_string,
NameError: name 'print_string' is not defined
[2021-04-25 07:25:56,726] {scheduler_job.py:641} WARNING - No viable dags retrieved from /opt/airflow/dags/write_file_python_operator.py
[2021-04-25 07:25:56,748] {scheduler_job.py:190} INFO - Processing /opt/airflow/dags/write_file_python_operator.py took 0.040 seconds
[2021-04-25 07:26:27,169] {scheduler_job.py:182} INFO - Started process (PID=4700) to work on /opt/airflow/dags/write_file_python_operator.py
[2021-04-25 07:26:27,170] {scheduler_job.py:629} INFO - Processing file /opt/airflow/dags/write_file_python_operator.py for tasks to queue
[2021-04-25 07:26:27,171] {logging_mixin.py:104} INFO - [2021-04-25 07:26:27,171] {dagbag.py:451} INFO - Filling up the DagBag from /opt/airflow/dags/write_file_python_operator.py
[2021-04-25 07:26:27,178] {logging_mixin.py:104} INFO - [2021-04-25 07:26:27,178] {dagbag.py:308} ERROR - Failed to import: /opt/airflow/dags/write_file_python_operator.py
Traceback (most recent call last):
  File "/home/airflow/.local/lib/python3.6/site-packages/airflow/models/dagbag.py", line 305, in _load_modules_from_file
    loader.exec_module(new_module)
  File "<frozen importlib._bootstrap_external>", line 678, in exec_module
  File "<frozen importlib._bootstrap>", line 219, in _call_with_frames_removed
  File "/opt/airflow/dags/write_file_python_operator.py", line 33, in <module>
    python_callable=print_string,
NameError: name 'print_string' is not defined
[2021-04-25 07:26:27,179] {scheduler_job.py:641} WARNING - No viable dags retrieved from /opt/airflow/dags/write_file_python_operator.py
[2021-04-25 07:26:27,199] {scheduler_job.py:190} INFO - Processing /opt/airflow/dags/write_file_python_operator.py took 0.033 seconds
[2021-04-25 07:26:57,502] {scheduler_job.py:182} INFO - Started process (PID=4730) to work on /opt/airflow/dags/write_file_python_operator.py
[2021-04-25 07:26:57,504] {scheduler_job.py:629} INFO - Processing file /opt/airflow/dags/write_file_python_operator.py for tasks to queue
[2021-04-25 07:26:57,504] {logging_mixin.py:104} INFO - [2021-04-25 07:26:57,504] {dagbag.py:451} INFO - Filling up the DagBag from /opt/airflow/dags/write_file_python_operator.py
[2021-04-25 07:26:57,512] {logging_mixin.py:104} INFO - [2021-04-25 07:26:57,511] {dagbag.py:308} ERROR - Failed to import: /opt/airflow/dags/write_file_python_operator.py
Traceback (most recent call last):
  File "/home/airflow/.local/lib/python3.6/site-packages/airflow/models/dagbag.py", line 305, in _load_modules_from_file
    loader.exec_module(new_module)
  File "<frozen importlib._bootstrap_external>", line 678, in exec_module
  File "<frozen importlib._bootstrap>", line 219, in _call_with_frames_removed
  File "/opt/airflow/dags/write_file_python_operator.py", line 33, in <module>
    python_callable=print_string,
NameError: name 'print_string' is not defined
[2021-04-25 07:26:57,512] {scheduler_job.py:641} WARNING - No viable dags retrieved from /opt/airflow/dags/write_file_python_operator.py
[2021-04-25 07:26:57,535] {scheduler_job.py:190} INFO - Processing /opt/airflow/dags/write_file_python_operator.py took 0.037 seconds
[2021-04-25 07:27:27,854] {scheduler_job.py:182} INFO - Started process (PID=4760) to work on /opt/airflow/dags/write_file_python_operator.py
[2021-04-25 07:27:27,859] {scheduler_job.py:629} INFO - Processing file /opt/airflow/dags/write_file_python_operator.py for tasks to queue
[2021-04-25 07:27:27,862] {logging_mixin.py:104} INFO - [2021-04-25 07:27:27,861] {dagbag.py:451} INFO - Filling up the DagBag from /opt/airflow/dags/write_file_python_operator.py
[2021-04-25 07:27:27,882] {logging_mixin.py:104} INFO - [2021-04-25 07:27:27,876] {dagbag.py:308} ERROR - Failed to import: /opt/airflow/dags/write_file_python_operator.py
Traceback (most recent call last):
  File "/home/airflow/.local/lib/python3.6/site-packages/airflow/models/dagbag.py", line 305, in _load_modules_from_file
    loader.exec_module(new_module)
  File "<frozen importlib._bootstrap_external>", line 678, in exec_module
  File "<frozen importlib._bootstrap>", line 219, in _call_with_frames_removed
  File "/opt/airflow/dags/write_file_python_operator.py", line 33, in <module>
    python_callable=print_string,
NameError: name 'print_string' is not defined
[2021-04-25 07:27:27,882] {scheduler_job.py:641} WARNING - No viable dags retrieved from /opt/airflow/dags/write_file_python_operator.py
[2021-04-25 07:27:27,928] {scheduler_job.py:190} INFO - Processing /opt/airflow/dags/write_file_python_operator.py took 0.080 seconds
[2021-04-25 07:27:58,160] {scheduler_job.py:182} INFO - Started process (PID=4790) to work on /opt/airflow/dags/write_file_python_operator.py
[2021-04-25 07:27:58,161] {scheduler_job.py:629} INFO - Processing file /opt/airflow/dags/write_file_python_operator.py for tasks to queue
[2021-04-25 07:27:58,162] {logging_mixin.py:104} INFO - [2021-04-25 07:27:58,162] {dagbag.py:451} INFO - Filling up the DagBag from /opt/airflow/dags/write_file_python_operator.py
[2021-04-25 07:27:58,171] {logging_mixin.py:104} INFO - [2021-04-25 07:27:58,170] {dagbag.py:308} ERROR - Failed to import: /opt/airflow/dags/write_file_python_operator.py
Traceback (most recent call last):
  File "/home/airflow/.local/lib/python3.6/site-packages/airflow/models/dagbag.py", line 305, in _load_modules_from_file
    loader.exec_module(new_module)
  File "<frozen importlib._bootstrap_external>", line 678, in exec_module
  File "<frozen importlib._bootstrap>", line 219, in _call_with_frames_removed
  File "/opt/airflow/dags/write_file_python_operator.py", line 33, in <module>
    python_callable=print_string,
NameError: name 'print_string' is not defined
[2021-04-25 07:27:58,172] {scheduler_job.py:641} WARNING - No viable dags retrieved from /opt/airflow/dags/write_file_python_operator.py
[2021-04-25 07:27:58,192] {scheduler_job.py:190} INFO - Processing /opt/airflow/dags/write_file_python_operator.py took 0.036 seconds
[2021-04-25 07:28:28,468] {scheduler_job.py:182} INFO - Started process (PID=4820) to work on /opt/airflow/dags/write_file_python_operator.py
[2021-04-25 07:28:28,470] {scheduler_job.py:629} INFO - Processing file /opt/airflow/dags/write_file_python_operator.py for tasks to queue
[2021-04-25 07:28:28,471] {logging_mixin.py:104} INFO - [2021-04-25 07:28:28,471] {dagbag.py:451} INFO - Filling up the DagBag from /opt/airflow/dags/write_file_python_operator.py
[2021-04-25 07:28:28,479] {logging_mixin.py:104} INFO - [2021-04-25 07:28:28,478] {dagbag.py:308} ERROR - Failed to import: /opt/airflow/dags/write_file_python_operator.py
Traceback (most recent call last):
  File "/home/airflow/.local/lib/python3.6/site-packages/airflow/models/dagbag.py", line 305, in _load_modules_from_file
    loader.exec_module(new_module)
  File "<frozen importlib._bootstrap_external>", line 678, in exec_module
  File "<frozen importlib._bootstrap>", line 219, in _call_with_frames_removed
  File "/opt/airflow/dags/write_file_python_operator.py", line 33, in <module>
    python_callable=print_string,
NameError: name 'print_string' is not defined
[2021-04-25 07:28:28,479] {scheduler_job.py:641} WARNING - No viable dags retrieved from /opt/airflow/dags/write_file_python_operator.py
[2021-04-25 07:28:28,499] {scheduler_job.py:190} INFO - Processing /opt/airflow/dags/write_file_python_operator.py took 0.034 seconds
[2021-04-25 07:28:58,804] {scheduler_job.py:182} INFO - Started process (PID=4850) to work on /opt/airflow/dags/write_file_python_operator.py
[2021-04-25 07:28:58,805] {scheduler_job.py:629} INFO - Processing file /opt/airflow/dags/write_file_python_operator.py for tasks to queue
[2021-04-25 07:28:58,806] {logging_mixin.py:104} INFO - [2021-04-25 07:28:58,806] {dagbag.py:451} INFO - Filling up the DagBag from /opt/airflow/dags/write_file_python_operator.py
[2021-04-25 07:28:58,815] {logging_mixin.py:104} INFO - [2021-04-25 07:28:58,814] {dagbag.py:308} ERROR - Failed to import: /opt/airflow/dags/write_file_python_operator.py
Traceback (most recent call last):
  File "/home/airflow/.local/lib/python3.6/site-packages/airflow/models/dagbag.py", line 305, in _load_modules_from_file
    loader.exec_module(new_module)
  File "<frozen importlib._bootstrap_external>", line 678, in exec_module
  File "<frozen importlib._bootstrap>", line 219, in _call_with_frames_removed
  File "/opt/airflow/dags/write_file_python_operator.py", line 33, in <module>
    python_callable=print_string,
NameError: name 'print_string' is not defined
[2021-04-25 07:28:58,815] {scheduler_job.py:641} WARNING - No viable dags retrieved from /opt/airflow/dags/write_file_python_operator.py
[2021-04-25 07:28:58,837] {scheduler_job.py:190} INFO - Processing /opt/airflow/dags/write_file_python_operator.py took 0.037 seconds
[2021-04-25 07:29:29,101] {scheduler_job.py:182} INFO - Started process (PID=4880) to work on /opt/airflow/dags/write_file_python_operator.py
[2021-04-25 07:29:29,102] {scheduler_job.py:629} INFO - Processing file /opt/airflow/dags/write_file_python_operator.py for tasks to queue
[2021-04-25 07:29:29,103] {logging_mixin.py:104} INFO - [2021-04-25 07:29:29,103] {dagbag.py:451} INFO - Filling up the DagBag from /opt/airflow/dags/write_file_python_operator.py
[2021-04-25 07:29:29,110] {logging_mixin.py:104} INFO - [2021-04-25 07:29:29,109] {dagbag.py:308} ERROR - Failed to import: /opt/airflow/dags/write_file_python_operator.py
Traceback (most recent call last):
  File "/home/airflow/.local/lib/python3.6/site-packages/airflow/models/dagbag.py", line 305, in _load_modules_from_file
    loader.exec_module(new_module)
  File "<frozen importlib._bootstrap_external>", line 678, in exec_module
  File "<frozen importlib._bootstrap>", line 219, in _call_with_frames_removed
  File "/opt/airflow/dags/write_file_python_operator.py", line 33, in <module>
    python_callable=print_string,
NameError: name 'print_string' is not defined
[2021-04-25 07:29:29,110] {scheduler_job.py:641} WARNING - No viable dags retrieved from /opt/airflow/dags/write_file_python_operator.py
[2021-04-25 07:29:29,132] {scheduler_job.py:190} INFO - Processing /opt/airflow/dags/write_file_python_operator.py took 0.034 seconds
[2021-04-25 07:29:59,392] {scheduler_job.py:182} INFO - Started process (PID=4910) to work on /opt/airflow/dags/write_file_python_operator.py
[2021-04-25 07:29:59,394] {scheduler_job.py:629} INFO - Processing file /opt/airflow/dags/write_file_python_operator.py for tasks to queue
[2021-04-25 07:29:59,395] {logging_mixin.py:104} INFO - [2021-04-25 07:29:59,395] {dagbag.py:451} INFO - Filling up the DagBag from /opt/airflow/dags/write_file_python_operator.py
[2021-04-25 07:29:59,403] {logging_mixin.py:104} INFO - [2021-04-25 07:29:59,402] {dagbag.py:308} ERROR - Failed to import: /opt/airflow/dags/write_file_python_operator.py
Traceback (most recent call last):
  File "/home/airflow/.local/lib/python3.6/site-packages/airflow/models/dagbag.py", line 305, in _load_modules_from_file
    loader.exec_module(new_module)
  File "<frozen importlib._bootstrap_external>", line 678, in exec_module
  File "<frozen importlib._bootstrap>", line 219, in _call_with_frames_removed
  File "/opt/airflow/dags/write_file_python_operator.py", line 33, in <module>
    python_callable=print_string,
NameError: name 'print_string' is not defined
[2021-04-25 07:29:59,403] {scheduler_job.py:641} WARNING - No viable dags retrieved from /opt/airflow/dags/write_file_python_operator.py
[2021-04-25 07:29:59,431] {scheduler_job.py:190} INFO - Processing /opt/airflow/dags/write_file_python_operator.py took 0.042 seconds
[2021-04-25 07:30:29,756] {scheduler_job.py:182} INFO - Started process (PID=4940) to work on /opt/airflow/dags/write_file_python_operator.py
[2021-04-25 07:30:29,757] {scheduler_job.py:629} INFO - Processing file /opt/airflow/dags/write_file_python_operator.py for tasks to queue
[2021-04-25 07:30:29,758] {logging_mixin.py:104} INFO - [2021-04-25 07:30:29,758] {dagbag.py:451} INFO - Filling up the DagBag from /opt/airflow/dags/write_file_python_operator.py
[2021-04-25 07:30:29,767] {logging_mixin.py:104} INFO - [2021-04-25 07:30:29,766] {dagbag.py:308} ERROR - Failed to import: /opt/airflow/dags/write_file_python_operator.py
Traceback (most recent call last):
  File "/home/airflow/.local/lib/python3.6/site-packages/airflow/models/dagbag.py", line 305, in _load_modules_from_file
    loader.exec_module(new_module)
  File "<frozen importlib._bootstrap_external>", line 678, in exec_module
  File "<frozen importlib._bootstrap>", line 219, in _call_with_frames_removed
  File "/opt/airflow/dags/write_file_python_operator.py", line 33, in <module>
    python_callable=print_string,
NameError: name 'print_string' is not defined
[2021-04-25 07:30:29,767] {scheduler_job.py:641} WARNING - No viable dags retrieved from /opt/airflow/dags/write_file_python_operator.py
[2021-04-25 07:30:29,795] {scheduler_job.py:190} INFO - Processing /opt/airflow/dags/write_file_python_operator.py took 0.042 seconds
[2021-04-25 07:31:00,225] {scheduler_job.py:182} INFO - Started process (PID=4970) to work on /opt/airflow/dags/write_file_python_operator.py
[2021-04-25 07:31:00,226] {scheduler_job.py:629} INFO - Processing file /opt/airflow/dags/write_file_python_operator.py for tasks to queue
[2021-04-25 07:31:00,227] {logging_mixin.py:104} INFO - [2021-04-25 07:31:00,227] {dagbag.py:451} INFO - Filling up the DagBag from /opt/airflow/dags/write_file_python_operator.py
[2021-04-25 07:31:00,234] {logging_mixin.py:104} INFO - [2021-04-25 07:31:00,233] {dagbag.py:308} ERROR - Failed to import: /opt/airflow/dags/write_file_python_operator.py
Traceback (most recent call last):
  File "/home/airflow/.local/lib/python3.6/site-packages/airflow/models/dagbag.py", line 305, in _load_modules_from_file
    loader.exec_module(new_module)
  File "<frozen importlib._bootstrap_external>", line 678, in exec_module
  File "<frozen importlib._bootstrap>", line 219, in _call_with_frames_removed
  File "/opt/airflow/dags/write_file_python_operator.py", line 33, in <module>
    python_callable=print_string,
NameError: name 'print_string' is not defined
[2021-04-25 07:31:00,234] {scheduler_job.py:641} WARNING - No viable dags retrieved from /opt/airflow/dags/write_file_python_operator.py
[2021-04-25 07:31:00,250] {scheduler_job.py:190} INFO - Processing /opt/airflow/dags/write_file_python_operator.py took 0.029 seconds
[2021-04-25 07:31:30,677] {scheduler_job.py:182} INFO - Started process (PID=5000) to work on /opt/airflow/dags/write_file_python_operator.py
[2021-04-25 07:31:30,679] {scheduler_job.py:629} INFO - Processing file /opt/airflow/dags/write_file_python_operator.py for tasks to queue
[2021-04-25 07:31:30,680] {logging_mixin.py:104} INFO - [2021-04-25 07:31:30,680] {dagbag.py:451} INFO - Filling up the DagBag from /opt/airflow/dags/write_file_python_operator.py
[2021-04-25 07:31:30,692] {logging_mixin.py:104} INFO - [2021-04-25 07:31:30,691] {dagbag.py:308} ERROR - Failed to import: /opt/airflow/dags/write_file_python_operator.py
Traceback (most recent call last):
  File "/home/airflow/.local/lib/python3.6/site-packages/airflow/models/dagbag.py", line 305, in _load_modules_from_file
    loader.exec_module(new_module)
  File "<frozen importlib._bootstrap_external>", line 678, in exec_module
  File "<frozen importlib._bootstrap>", line 219, in _call_with_frames_removed
  File "/opt/airflow/dags/write_file_python_operator.py", line 33, in <module>
    python_callable=print_string,
NameError: name 'print_string' is not defined
[2021-04-25 07:31:30,692] {scheduler_job.py:641} WARNING - No viable dags retrieved from /opt/airflow/dags/write_file_python_operator.py
[2021-04-25 07:31:30,719] {scheduler_job.py:190} INFO - Processing /opt/airflow/dags/write_file_python_operator.py took 0.047 seconds
[2021-04-25 07:32:01,254] {scheduler_job.py:182} INFO - Started process (PID=5030) to work on /opt/airflow/dags/write_file_python_operator.py
[2021-04-25 07:32:01,257] {scheduler_job.py:629} INFO - Processing file /opt/airflow/dags/write_file_python_operator.py for tasks to queue
[2021-04-25 07:32:01,258] {logging_mixin.py:104} INFO - [2021-04-25 07:32:01,258] {dagbag.py:451} INFO - Filling up the DagBag from /opt/airflow/dags/write_file_python_operator.py
[2021-04-25 07:32:01,267] {logging_mixin.py:104} INFO - [2021-04-25 07:32:01,266] {dagbag.py:308} ERROR - Failed to import: /opt/airflow/dags/write_file_python_operator.py
Traceback (most recent call last):
  File "/home/airflow/.local/lib/python3.6/site-packages/airflow/models/dagbag.py", line 305, in _load_modules_from_file
    loader.exec_module(new_module)
  File "<frozen importlib._bootstrap_external>", line 678, in exec_module
  File "<frozen importlib._bootstrap>", line 219, in _call_with_frames_removed
  File "/opt/airflow/dags/write_file_python_operator.py", line 33, in <module>
    python_callable=print_string,
NameError: name 'print_string' is not defined
[2021-04-25 07:32:01,269] {scheduler_job.py:641} WARNING - No viable dags retrieved from /opt/airflow/dags/write_file_python_operator.py
[2021-04-25 07:32:01,290] {scheduler_job.py:190} INFO - Processing /opt/airflow/dags/write_file_python_operator.py took 0.040 seconds
[2021-04-25 07:32:32,085] {scheduler_job.py:182} INFO - Started process (PID=5060) to work on /opt/airflow/dags/write_file_python_operator.py
[2021-04-25 07:32:32,087] {scheduler_job.py:629} INFO - Processing file /opt/airflow/dags/write_file_python_operator.py for tasks to queue
[2021-04-25 07:32:32,089] {logging_mixin.py:104} INFO - [2021-04-25 07:32:32,089] {dagbag.py:451} INFO - Filling up the DagBag from /opt/airflow/dags/write_file_python_operator.py
[2021-04-25 07:32:32,107] {scheduler_job.py:639} INFO - DAG(s) dict_keys(['python_operator_dag']) retrieved from /opt/airflow/dags/write_file_python_operator.py
[2021-04-25 07:32:32,134] {logging_mixin.py:104} INFO - [2021-04-25 07:32:32,134] {dag.py:1824} INFO - Sync 1 DAGs
[2021-04-25 07:32:32,161] {logging_mixin.py:104} INFO - [2021-04-25 07:32:32,161] {dag.py:2280} INFO - Setting next_dagrun for python_operator_dag to 2021-04-25 00:00:00+00:00
[2021-04-25 07:32:32,177] {scheduler_job.py:190} INFO - Processing /opt/airflow/dags/write_file_python_operator.py took 0.096 seconds
[2021-04-25 07:33:02,619] {scheduler_job.py:182} INFO - Started process (PID=5090) to work on /opt/airflow/dags/write_file_python_operator.py
[2021-04-25 07:33:02,621] {scheduler_job.py:629} INFO - Processing file /opt/airflow/dags/write_file_python_operator.py for tasks to queue
[2021-04-25 07:33:02,621] {logging_mixin.py:104} INFO - [2021-04-25 07:33:02,621] {dagbag.py:451} INFO - Filling up the DagBag from /opt/airflow/dags/write_file_python_operator.py
[2021-04-25 07:33:02,638] {scheduler_job.py:639} INFO - DAG(s) dict_keys(['python_operator_dag']) retrieved from /opt/airflow/dags/write_file_python_operator.py
[2021-04-25 07:33:02,672] {logging_mixin.py:104} INFO - [2021-04-25 07:33:02,672] {dag.py:1824} INFO - Sync 1 DAGs
[2021-04-25 07:33:02,698] {logging_mixin.py:104} INFO - [2021-04-25 07:33:02,698] {dag.py:2280} INFO - Setting next_dagrun for python_operator_dag to 2021-04-25 00:00:00+00:00
[2021-04-25 07:33:02,709] {scheduler_job.py:190} INFO - Processing /opt/airflow/dags/write_file_python_operator.py took 0.093 seconds
[2021-04-25 07:33:32,854] {scheduler_job.py:182} INFO - Started process (PID=5120) to work on /opt/airflow/dags/write_file_python_operator.py
[2021-04-25 07:33:32,855] {scheduler_job.py:629} INFO - Processing file /opt/airflow/dags/write_file_python_operator.py for tasks to queue
[2021-04-25 07:33:32,856] {logging_mixin.py:104} INFO - [2021-04-25 07:33:32,856] {dagbag.py:451} INFO - Filling up the DagBag from /opt/airflow/dags/write_file_python_operator.py
[2021-04-25 07:33:32,872] {scheduler_job.py:639} INFO - DAG(s) dict_keys(['python_operator_dag']) retrieved from /opt/airflow/dags/write_file_python_operator.py
[2021-04-25 07:33:32,903] {logging_mixin.py:104} INFO - [2021-04-25 07:33:32,903] {dag.py:1824} INFO - Sync 1 DAGs
[2021-04-25 07:33:32,935] {logging_mixin.py:104} INFO - [2021-04-25 07:33:32,935] {dag.py:2280} INFO - Setting next_dagrun for python_operator_dag to 2021-04-25 00:00:00+00:00
[2021-04-25 07:33:32,950] {scheduler_job.py:190} INFO - Processing /opt/airflow/dags/write_file_python_operator.py took 0.101 seconds
[2021-04-25 07:34:03,370] {scheduler_job.py:182} INFO - Started process (PID=5150) to work on /opt/airflow/dags/write_file_python_operator.py
[2021-04-25 07:34:03,371] {scheduler_job.py:629} INFO - Processing file /opt/airflow/dags/write_file_python_operator.py for tasks to queue
[2021-04-25 07:34:03,372] {logging_mixin.py:104} INFO - [2021-04-25 07:34:03,371] {dagbag.py:451} INFO - Filling up the DagBag from /opt/airflow/dags/write_file_python_operator.py
[2021-04-25 07:34:03,387] {scheduler_job.py:639} INFO - DAG(s) dict_keys(['python_operator_dag']) retrieved from /opt/airflow/dags/write_file_python_operator.py
[2021-04-25 07:34:03,421] {logging_mixin.py:104} INFO - [2021-04-25 07:34:03,421] {dag.py:1824} INFO - Sync 1 DAGs
[2021-04-25 07:34:03,448] {logging_mixin.py:104} INFO - [2021-04-25 07:34:03,448] {dag.py:2280} INFO - Setting next_dagrun for python_operator_dag to 2021-04-25 00:00:00+00:00
[2021-04-25 07:34:03,465] {scheduler_job.py:190} INFO - Processing /opt/airflow/dags/write_file_python_operator.py took 0.099 seconds
[2021-04-25 07:34:59,101] {scheduler_job.py:182} INFO - Started process (PID=39) to work on /opt/airflow/dags/write_file_python_operator.py
[2021-04-25 07:34:59,105] {scheduler_job.py:629} INFO - Processing file /opt/airflow/dags/write_file_python_operator.py for tasks to queue
[2021-04-25 07:34:59,107] {logging_mixin.py:104} INFO - [2021-04-25 07:34:59,107] {dagbag.py:451} INFO - Filling up the DagBag from /opt/airflow/dags/write_file_python_operator.py
[2021-04-25 07:34:59,137] {scheduler_job.py:639} INFO - DAG(s) dict_keys(['python_operator_dag']) retrieved from /opt/airflow/dags/write_file_python_operator.py
[2021-04-25 07:34:59,200] {logging_mixin.py:104} INFO - [2021-04-25 07:34:59,200] {dag.py:1824} INFO - Sync 1 DAGs
[2021-04-25 07:34:59,279] {logging_mixin.py:104} INFO - [2021-04-25 07:34:59,278] {dag.py:2280} INFO - Setting next_dagrun for python_operator_dag to 2021-04-25 00:00:00+00:00
[2021-04-25 07:34:59,313] {scheduler_job.py:190} INFO - Processing /opt/airflow/dags/write_file_python_operator.py took 0.222 seconds
[2021-04-25 07:35:29,922] {scheduler_job.py:182} INFO - Started process (PID=69) to work on /opt/airflow/dags/write_file_python_operator.py
[2021-04-25 07:35:29,926] {scheduler_job.py:629} INFO - Processing file /opt/airflow/dags/write_file_python_operator.py for tasks to queue
[2021-04-25 07:35:29,929] {logging_mixin.py:104} INFO - [2021-04-25 07:35:29,929] {dagbag.py:451} INFO - Filling up the DagBag from /opt/airflow/dags/write_file_python_operator.py
[2021-04-25 07:35:29,980] {scheduler_job.py:639} INFO - DAG(s) dict_keys(['python_operator_dag']) retrieved from /opt/airflow/dags/write_file_python_operator.py
[2021-04-25 07:35:30,131] {logging_mixin.py:104} INFO - [2021-04-25 07:35:30,129] {dag.py:1824} INFO - Sync 1 DAGs
[2021-04-25 07:35:30,281] {logging_mixin.py:104} INFO - [2021-04-25 07:35:30,280] {dag.py:2280} INFO - Setting next_dagrun for python_operator_dag to 2021-04-25 00:00:00+00:00
[2021-04-25 07:35:30,347] {scheduler_job.py:190} INFO - Processing /opt/airflow/dags/write_file_python_operator.py took 0.434 seconds
[2021-04-25 07:36:01,400] {scheduler_job.py:182} INFO - Started process (PID=102) to work on /opt/airflow/dags/write_file_python_operator.py
[2021-04-25 07:36:01,401] {scheduler_job.py:629} INFO - Processing file /opt/airflow/dags/write_file_python_operator.py for tasks to queue
[2021-04-25 07:36:01,402] {logging_mixin.py:104} INFO - [2021-04-25 07:36:01,401] {dagbag.py:451} INFO - Filling up the DagBag from /opt/airflow/dags/write_file_python_operator.py
[2021-04-25 07:36:01,415] {scheduler_job.py:639} INFO - DAG(s) dict_keys(['python_operator_dag']) retrieved from /opt/airflow/dags/write_file_python_operator.py
[2021-04-25 07:36:01,444] {logging_mixin.py:104} INFO - [2021-04-25 07:36:01,444] {dag.py:1824} INFO - Sync 1 DAGs
[2021-04-25 07:36:01,466] {logging_mixin.py:104} INFO - [2021-04-25 07:36:01,466] {dag.py:2280} INFO - Setting next_dagrun for python_operator_dag to 2021-04-25 00:00:00+00:00
[2021-04-25 07:36:01,483] {scheduler_job.py:190} INFO - Processing /opt/airflow/dags/write_file_python_operator.py took 0.088 seconds
[2021-04-25 07:36:32,597] {scheduler_job.py:182} INFO - Started process (PID=136) to work on /opt/airflow/dags/write_file_python_operator.py
[2021-04-25 07:36:32,598] {scheduler_job.py:629} INFO - Processing file /opt/airflow/dags/write_file_python_operator.py for tasks to queue
[2021-04-25 07:36:32,600] {logging_mixin.py:104} INFO - [2021-04-25 07:36:32,599] {dagbag.py:451} INFO - Filling up the DagBag from /opt/airflow/dags/write_file_python_operator.py
[2021-04-25 07:36:32,600] {scheduler_job.py:641} WARNING - No viable dags retrieved from /opt/airflow/dags/write_file_python_operator.py
[2021-04-25 07:36:32,601] {scheduler_job.py:190} INFO - Processing /opt/airflow/dags/write_file_python_operator.py took 0.009 seconds
[2021-04-25 07:37:03,564] {scheduler_job.py:182} INFO - Started process (PID=166) to work on /opt/airflow/dags/write_file_python_operator.py
[2021-04-25 07:37:03,570] {scheduler_job.py:629} INFO - Processing file /opt/airflow/dags/write_file_python_operator.py for tasks to queue
[2021-04-25 07:37:03,572] {logging_mixin.py:104} INFO - [2021-04-25 07:37:03,572] {dagbag.py:451} INFO - Filling up the DagBag from /opt/airflow/dags/write_file_python_operator.py
[2021-04-25 07:37:03,572] {scheduler_job.py:641} WARNING - No viable dags retrieved from /opt/airflow/dags/write_file_python_operator.py
[2021-04-25 07:37:03,574] {scheduler_job.py:190} INFO - Processing /opt/airflow/dags/write_file_python_operator.py took 0.019 seconds
[2021-04-25 07:37:35,836] {scheduler_job.py:182} INFO - Started process (PID=199) to work on /opt/airflow/dags/write_file_python_operator.py
[2021-04-25 07:37:35,840] {scheduler_job.py:629} INFO - Processing file /opt/airflow/dags/write_file_python_operator.py for tasks to queue
[2021-04-25 07:37:35,842] {logging_mixin.py:104} INFO - [2021-04-25 07:37:35,842] {dagbag.py:451} INFO - Filling up the DagBag from /opt/airflow/dags/write_file_python_operator.py
[2021-04-25 07:37:35,843] {scheduler_job.py:641} WARNING - No viable dags retrieved from /opt/airflow/dags/write_file_python_operator.py
[2021-04-25 07:37:35,843] {scheduler_job.py:190} INFO - Processing /opt/airflow/dags/write_file_python_operator.py took 0.021 seconds
[2021-04-25 07:38:05,974] {scheduler_job.py:182} INFO - Started process (PID=228) to work on /opt/airflow/dags/write_file_python_operator.py
[2021-04-25 07:38:05,976] {scheduler_job.py:629} INFO - Processing file /opt/airflow/dags/write_file_python_operator.py for tasks to queue
[2021-04-25 07:38:05,977] {logging_mixin.py:104} INFO - [2021-04-25 07:38:05,977] {dagbag.py:451} INFO - Filling up the DagBag from /opt/airflow/dags/write_file_python_operator.py
[2021-04-25 07:38:05,978] {scheduler_job.py:641} WARNING - No viable dags retrieved from /opt/airflow/dags/write_file_python_operator.py
[2021-04-25 07:38:05,978] {scheduler_job.py:190} INFO - Processing /opt/airflow/dags/write_file_python_operator.py took 0.007 seconds
[2021-04-25 07:38:36,710] {scheduler_job.py:182} INFO - Started process (PID=259) to work on /opt/airflow/dags/write_file_python_operator.py
[2021-04-25 07:38:36,711] {scheduler_job.py:629} INFO - Processing file /opt/airflow/dags/write_file_python_operator.py for tasks to queue
[2021-04-25 07:38:36,712] {logging_mixin.py:104} INFO - [2021-04-25 07:38:36,712] {dagbag.py:451} INFO - Filling up the DagBag from /opt/airflow/dags/write_file_python_operator.py
[2021-04-25 07:38:36,712] {scheduler_job.py:641} WARNING - No viable dags retrieved from /opt/airflow/dags/write_file_python_operator.py
[2021-04-25 07:38:36,713] {scheduler_job.py:190} INFO - Processing /opt/airflow/dags/write_file_python_operator.py took 0.006 seconds
[2021-04-25 07:39:07,567] {scheduler_job.py:182} INFO - Started process (PID=289) to work on /opt/airflow/dags/write_file_python_operator.py
[2021-04-25 07:39:07,568] {scheduler_job.py:629} INFO - Processing file /opt/airflow/dags/write_file_python_operator.py for tasks to queue
[2021-04-25 07:39:07,569] {logging_mixin.py:104} INFO - [2021-04-25 07:39:07,569] {dagbag.py:451} INFO - Filling up the DagBag from /opt/airflow/dags/write_file_python_operator.py
[2021-04-25 07:39:07,569] {scheduler_job.py:641} WARNING - No viable dags retrieved from /opt/airflow/dags/write_file_python_operator.py
[2021-04-25 07:39:07,569] {scheduler_job.py:190} INFO - Processing /opt/airflow/dags/write_file_python_operator.py took 0.006 seconds
[2021-04-25 07:39:38,001] {scheduler_job.py:182} INFO - Started process (PID=319) to work on /opt/airflow/dags/write_file_python_operator.py
[2021-04-25 07:39:38,003] {scheduler_job.py:629} INFO - Processing file /opt/airflow/dags/write_file_python_operator.py for tasks to queue
[2021-04-25 07:39:38,004] {logging_mixin.py:104} INFO - [2021-04-25 07:39:38,004] {dagbag.py:451} INFO - Filling up the DagBag from /opt/airflow/dags/write_file_python_operator.py
[2021-04-25 07:39:38,005] {scheduler_job.py:641} WARNING - No viable dags retrieved from /opt/airflow/dags/write_file_python_operator.py
[2021-04-25 07:39:38,006] {scheduler_job.py:190} INFO - Processing /opt/airflow/dags/write_file_python_operator.py took 0.012 seconds
