[2021-04-25 00:05:07,209] {taskinstance.py:877} INFO - Dependencies all met for <TaskInstance: bash_operator_dag.second_task 2021-02-26T00:00:00+00:00 [queued]>
[2021-04-25 00:05:07,250] {taskinstance.py:877} INFO - Dependencies all met for <TaskInstance: bash_operator_dag.second_task 2021-02-26T00:00:00+00:00 [queued]>
[2021-04-25 00:05:07,252] {taskinstance.py:1068} INFO - 
--------------------------------------------------------------------------------
[2021-04-25 00:05:07,252] {taskinstance.py:1069} INFO - Starting attempt 1 of 3
[2021-04-25 00:05:07,253] {taskinstance.py:1070} INFO - 
--------------------------------------------------------------------------------
[2021-04-25 00:05:07,312] {taskinstance.py:1089} INFO - Executing <Task(BashOperator): second_task> on 2021-02-26T00:00:00+00:00
[2021-04-25 00:05:07,319] {standard_task_runner.py:52} INFO - Started process 1082 to run task
[2021-04-25 00:05:07,338] {standard_task_runner.py:76} INFO - Running: ['airflow', 'tasks', 'run', 'bash_operator_dag', 'second_task', '2021-02-26T00:00:00+00:00', '--job-id', '395', '--pool', 'default_pool', '--raw', '--subdir', 'DAGS_FOLDER/simple_bash_operator_dag.py', '--cfg-path', '/tmp/tmphgpuaarg', '--error-file', '/tmp/tmp1ubwm2o2']
[2021-04-25 00:05:07,339] {standard_task_runner.py:77} INFO - Job 395: Subtask second_task
[2021-04-25 00:05:07,491] {logging_mixin.py:104} INFO - Running <TaskInstance: bash_operator_dag.second_task 2021-02-26T00:00:00+00:00 [running]> on host 4a00a306afdc
[2021-04-25 00:05:07,599] {taskinstance.py:1283} INFO - Exporting the following env vars:
AIRFLOW_CTX_DAG_OWNER=airflow
AIRFLOW_CTX_DAG_ID=bash_operator_dag
AIRFLOW_CTX_TASK_ID=second_task
AIRFLOW_CTX_EXECUTION_DATE=2021-02-26T00:00:00+00:00
AIRFLOW_CTX_DAG_RUN_ID=scheduled__2021-02-26T00:00:00+00:00
[2021-04-25 00:05:07,600] {bash.py:135} INFO - Tmp dir root location: 
 /tmp
[2021-04-25 00:05:07,609] {bash.py:158} INFO - Running command: echo "testing second bash operator"
[2021-04-25 00:05:07,643] {bash.py:169} INFO - Output:
[2021-04-25 00:05:07,645] {bash.py:173} INFO - testing second bash operator
[2021-04-25 00:05:07,646] {bash.py:177} INFO - Command exited with return code 0
[2021-04-25 00:05:07,733] {taskinstance.py:1192} INFO - Marking task as SUCCESS. dag_id=bash_operator_dag, task_id=second_task, execution_date=20210226T000000, start_date=20210425T000507, end_date=20210425T000507
[2021-04-25 00:05:07,829] {taskinstance.py:1246} INFO - 0 downstream tasks scheduled from follow-on schedule check
[2021-04-25 00:05:07,850] {local_task_job.py:146} INFO - Task exited with return code 0
[2021-04-25 00:08:12,098] {taskinstance.py:877} INFO - Dependencies all met for <TaskInstance: bash_operator_dag.second_task 2021-02-26T00:00:00+00:00 [queued]>
[2021-04-25 00:08:12,142] {taskinstance.py:877} INFO - Dependencies all met for <TaskInstance: bash_operator_dag.second_task 2021-02-26T00:00:00+00:00 [queued]>
[2021-04-25 00:08:12,143] {taskinstance.py:1068} INFO - 
--------------------------------------------------------------------------------
[2021-04-25 00:08:12,143] {taskinstance.py:1069} INFO - Starting attempt 1 of 3
[2021-04-25 00:08:12,143] {taskinstance.py:1070} INFO - 
--------------------------------------------------------------------------------
[2021-04-25 00:08:12,197] {taskinstance.py:1089} INFO - Executing <Task(BashOperator): second_task> on 2021-02-26T00:00:00+00:00
[2021-04-25 00:08:12,211] {standard_task_runner.py:52} INFO - Started process 1644 to run task
[2021-04-25 00:08:12,244] {standard_task_runner.py:76} INFO - Running: ['airflow', 'tasks', 'run', 'bash_operator_dag', 'second_task', '2021-02-26T00:00:00+00:00', '--job-id', '583', '--pool', 'default_pool', '--raw', '--subdir', 'DAGS_FOLDER/simple_bash_operator_dag.py', '--cfg-path', '/tmp/tmpykqoeuhy', '--error-file', '/tmp/tmp05p8inp9']
[2021-04-25 00:08:12,245] {standard_task_runner.py:77} INFO - Job 583: Subtask second_task
[2021-04-25 00:08:12,403] {logging_mixin.py:104} INFO - Running <TaskInstance: bash_operator_dag.second_task 2021-02-26T00:00:00+00:00 [running]> on host 4a00a306afdc
[2021-04-25 00:08:12,565] {taskinstance.py:1283} INFO - Exporting the following env vars:
AIRFLOW_CTX_DAG_OWNER=airflow
AIRFLOW_CTX_DAG_ID=bash_operator_dag
AIRFLOW_CTX_TASK_ID=second_task
AIRFLOW_CTX_EXECUTION_DATE=2021-02-26T00:00:00+00:00
AIRFLOW_CTX_DAG_RUN_ID=scheduled__2021-02-26T00:00:00+00:00
[2021-04-25 00:08:12,566] {bash.py:135} INFO - Tmp dir root location: 
 /tmp
[2021-04-25 00:08:12,568] {bash.py:158} INFO - Running command: echo "testing second bash operator"
[2021-04-25 00:08:12,590] {bash.py:169} INFO - Output:
[2021-04-25 00:08:12,595] {bash.py:173} INFO - testing second bash operator
[2021-04-25 00:08:12,596] {bash.py:177} INFO - Command exited with return code 0
[2021-04-25 00:08:12,705] {taskinstance.py:1192} INFO - Marking task as SUCCESS. dag_id=bash_operator_dag, task_id=second_task, execution_date=20210226T000000, start_date=20210425T000812, end_date=20210425T000812
[2021-04-25 00:08:12,778] {taskinstance.py:1246} INFO - 0 downstream tasks scheduled from follow-on schedule check
[2021-04-25 00:08:12,811] {local_task_job.py:146} INFO - Task exited with return code 0
