[2021-05-01 06:18:02,527] {taskinstance.py:877} INFO - Dependencies all met for <TaskInstance: external_sensor.external_sensor_task 2021-05-01T06:16:00+00:00 [queued]>
[2021-05-01 06:18:02,580] {taskinstance.py:877} INFO - Dependencies all met for <TaskInstance: external_sensor.external_sensor_task 2021-05-01T06:16:00+00:00 [queued]>
[2021-05-01 06:18:02,580] {taskinstance.py:1068} INFO - 
--------------------------------------------------------------------------------
[2021-05-01 06:18:02,581] {taskinstance.py:1069} INFO - Starting attempt 1 of 3
[2021-05-01 06:18:02,581] {taskinstance.py:1070} INFO - 
--------------------------------------------------------------------------------
[2021-05-01 06:18:02,608] {taskinstance.py:1089} INFO - Executing <Task(ExternalTaskSensor): external_sensor_task> on 2021-05-01T06:16:00+00:00
[2021-05-01 06:18:02,616] {standard_task_runner.py:52} INFO - Started process 268 to run task
[2021-05-01 06:18:02,627] {standard_task_runner.py:76} INFO - Running: ['airflow', 'tasks', 'run', 'external_sensor', 'external_sensor_task', '2021-05-01T06:16:00+00:00', '--job-id', '1134', '--pool', 'default_pool', '--raw', '--subdir', 'DAGS_FOLDER/sensor/external_sensor.py', '--cfg-path', '/tmp/tmpt959o0ym', '--error-file', '/tmp/tmpo09kgw6a']
[2021-05-01 06:18:02,628] {standard_task_runner.py:77} INFO - Job 1134: Subtask external_sensor_task
[2021-05-01 06:18:02,793] {logging_mixin.py:104} INFO - Running <TaskInstance: external_sensor.external_sensor_task 2021-05-01T06:16:00+00:00 [running]> on host d6e2455ef0ec
[2021-05-01 06:18:03,034] {taskinstance.py:1283} INFO - Exporting the following env vars:
AIRFLOW_CTX_DAG_OWNER=airflow
AIRFLOW_CTX_DAG_ID=external_sensor
AIRFLOW_CTX_TASK_ID=external_sensor_task
AIRFLOW_CTX_EXECUTION_DATE=2021-05-01T06:16:00+00:00
AIRFLOW_CTX_DAG_RUN_ID=scheduled__2021-05-01T06:16:00+00:00
[2021-05-01 06:18:03,036] {external_task.py:154} INFO - Poking for write_file_python_operator.write_studio_ghibli_data_task on 2021-05-01T06:16:00+00:00 ... 
[2021-05-01 06:20:03,137] {external_task.py:154} INFO - Poking for write_file_python_operator.write_studio_ghibli_data_task on 2021-05-01T06:16:00+00:00 ... 
[2021-05-01 06:20:03,151] {base.py:245} INFO - Success criteria met. Exiting.
[2021-05-01 06:20:03,165] {taskinstance.py:1192} INFO - Marking task as SUCCESS. dag_id=external_sensor, task_id=external_sensor_task, execution_date=20210501T061600, start_date=20210501T061802, end_date=20210501T062003
[2021-05-01 06:20:03,208] {taskinstance.py:1246} INFO - 1 downstream tasks scheduled from follow-on schedule check
[2021-05-01 06:20:03,228] {local_task_job.py:146} INFO - Task exited with return code 0
