[2021-04-25 00:05:32,482] {taskinstance.py:877} INFO - Dependencies all met for <TaskInstance: bash_operator_dag.first_task 2021-04-01T00:00:00+00:00 [queued]>
[2021-04-25 00:05:32,547] {taskinstance.py:877} INFO - Dependencies all met for <TaskInstance: bash_operator_dag.first_task 2021-04-01T00:00:00+00:00 [queued]>
[2021-04-25 00:05:32,547] {taskinstance.py:1068} INFO - 
--------------------------------------------------------------------------------
[2021-04-25 00:05:32,548] {taskinstance.py:1069} INFO - Starting attempt 1 of 1
[2021-04-25 00:05:32,548] {taskinstance.py:1070} INFO - 
--------------------------------------------------------------------------------
[2021-04-25 00:05:32,597] {taskinstance.py:1089} INFO - Executing <Task(BashOperator): first_task> on 2021-04-01T00:00:00+00:00
[2021-04-25 00:05:32,606] {standard_task_runner.py:52} INFO - Started process 1268 to run task
[2021-04-25 00:05:32,615] {standard_task_runner.py:76} INFO - Running: ['airflow', 'tasks', 'run', 'bash_operator_dag', 'first_task', '2021-04-01T00:00:00+00:00', '--job-id', '457', '--pool', 'default_pool', '--raw', '--subdir', 'DAGS_FOLDER/simple_bash_operator_dag.py', '--cfg-path', '/tmp/tmp__hrcbl6', '--error-file', '/tmp/tmpt24em0js']
[2021-04-25 00:05:32,616] {standard_task_runner.py:77} INFO - Job 457: Subtask first_task
[2021-04-25 00:05:32,739] {logging_mixin.py:104} INFO - Running <TaskInstance: bash_operator_dag.first_task 2021-04-01T00:00:00+00:00 [running]> on host 4a00a306afdc
[2021-04-25 00:05:32,836] {taskinstance.py:1283} INFO - Exporting the following env vars:
AIRFLOW_CTX_DAG_OWNER=airflow
AIRFLOW_CTX_DAG_ID=bash_operator_dag
AIRFLOW_CTX_TASK_ID=first_task
AIRFLOW_CTX_EXECUTION_DATE=2021-04-01T00:00:00+00:00
AIRFLOW_CTX_DAG_RUN_ID=scheduled__2021-04-01T00:00:00+00:00
[2021-04-25 00:05:32,837] {bash.py:135} INFO - Tmp dir root location: 
 /tmp
[2021-04-25 00:05:32,839] {bash.py:158} INFO - Running command: echo "testing first bash operator"
[2021-04-25 00:05:32,854] {bash.py:169} INFO - Output:
[2021-04-25 00:05:32,857] {bash.py:173} INFO - testing first bash operator
[2021-04-25 00:05:32,857] {bash.py:177} INFO - Command exited with return code 0
[2021-04-25 00:05:32,923] {taskinstance.py:1192} INFO - Marking task as SUCCESS. dag_id=bash_operator_dag, task_id=first_task, execution_date=20210401T000000, start_date=20210425T000532, end_date=20210425T000532
[2021-04-25 00:05:33,013] {taskinstance.py:1246} INFO - 1 downstream tasks scheduled from follow-on schedule check
[2021-04-25 00:05:33,037] {local_task_job.py:146} INFO - Task exited with return code 0
[2021-04-25 00:08:42,385] {taskinstance.py:877} INFO - Dependencies all met for <TaskInstance: bash_operator_dag.first_task 2021-04-01T00:00:00+00:00 [queued]>
[2021-04-25 00:08:42,455] {taskinstance.py:877} INFO - Dependencies all met for <TaskInstance: bash_operator_dag.first_task 2021-04-01T00:00:00+00:00 [queued]>
[2021-04-25 00:08:42,456] {taskinstance.py:1068} INFO - 
--------------------------------------------------------------------------------
[2021-04-25 00:08:42,456] {taskinstance.py:1069} INFO - Starting attempt 1 of 3
[2021-04-25 00:08:42,456] {taskinstance.py:1070} INFO - 
--------------------------------------------------------------------------------
[2021-04-25 00:08:42,533] {taskinstance.py:1089} INFO - Executing <Task(BashOperator): first_task> on 2021-04-01T00:00:00+00:00
[2021-04-25 00:08:42,582] {standard_task_runner.py:76} INFO - Running: ['airflow', 'tasks', 'run', 'bash_operator_dag', 'first_task', '2021-04-01T00:00:00+00:00', '--job-id', '644', '--pool', 'default_pool', '--raw', '--subdir', 'DAGS_FOLDER/simple_bash_operator_dag.py', '--cfg-path', '/tmp/tmpyeqrhkj5', '--error-file', '/tmp/tmp3hhh98l5']
[2021-04-25 00:08:42,584] {standard_task_runner.py:77} INFO - Job 644: Subtask first_task
[2021-04-25 00:08:42,556] {standard_task_runner.py:52} INFO - Started process 1829 to run task
[2021-04-25 00:08:42,783] {logging_mixin.py:104} INFO - Running <TaskInstance: bash_operator_dag.first_task 2021-04-01T00:00:00+00:00 [running]> on host 4a00a306afdc
[2021-04-25 00:08:42,942] {taskinstance.py:1283} INFO - Exporting the following env vars:
AIRFLOW_CTX_DAG_OWNER=airflow
AIRFLOW_CTX_DAG_ID=bash_operator_dag
AIRFLOW_CTX_TASK_ID=first_task
AIRFLOW_CTX_EXECUTION_DATE=2021-04-01T00:00:00+00:00
AIRFLOW_CTX_DAG_RUN_ID=scheduled__2021-04-01T00:00:00+00:00
[2021-04-25 00:08:42,944] {bash.py:135} INFO - Tmp dir root location: 
 /tmp
[2021-04-25 00:08:42,946] {bash.py:158} INFO - Running command: echo "testing first bash operator"
[2021-04-25 00:08:42,980] {bash.py:169} INFO - Output:
[2021-04-25 00:08:42,991] {bash.py:173} INFO - testing first bash operator
[2021-04-25 00:08:42,993] {bash.py:177} INFO - Command exited with return code 0
[2021-04-25 00:08:43,087] {taskinstance.py:1192} INFO - Marking task as SUCCESS. dag_id=bash_operator_dag, task_id=first_task, execution_date=20210401T000000, start_date=20210425T000842, end_date=20210425T000843
[2021-04-25 00:08:43,203] {taskinstance.py:1246} INFO - 0 downstream tasks scheduled from follow-on schedule check
[2021-04-25 00:08:43,271] {local_task_job.py:146} INFO - Task exited with return code 0
