[2021-04-25 13:56:00,969] {taskinstance.py:877} INFO - Dependencies all met for <TaskInstance: write_file_python_operator.write_execution_time_task 2021-04-25T13:54:00+00:00 [queued]>
[2021-04-25 13:56:00,989] {taskinstance.py:877} INFO - Dependencies all met for <TaskInstance: write_file_python_operator.write_execution_time_task 2021-04-25T13:54:00+00:00 [queued]>
[2021-04-25 13:56:00,990] {taskinstance.py:1068} INFO - 
--------------------------------------------------------------------------------
[2021-04-25 13:56:00,990] {taskinstance.py:1069} INFO - Starting attempt 1 of 3
[2021-04-25 13:56:00,992] {taskinstance.py:1070} INFO - 
--------------------------------------------------------------------------------
[2021-04-25 13:56:01,151] {taskinstance.py:1089} INFO - Executing <Task(PythonOperator): write_execution_time_task> on 2021-04-25T13:54:00+00:00
[2021-04-25 13:56:01,184] {standard_task_runner.py:76} INFO - Running: ['airflow', 'tasks', 'run', 'write_file_python_operator', 'write_execution_time_task', '2021-04-25T13:54:00+00:00', '--job-id', '927', '--pool', 'default_pool', '--raw', '--subdir', 'DAGS_FOLDER/python_operator/write_file_python_operator.py', '--cfg-path', '/tmp/tmp1ygssrvy', '--error-file', '/tmp/tmp3v9h2v_e']
[2021-04-25 13:56:01,186] {standard_task_runner.py:77} INFO - Job 927: Subtask write_execution_time_task
[2021-04-25 13:56:01,165] {standard_task_runner.py:52} INFO - Started process 119 to run task
[2021-04-25 13:56:01,298] {logging_mixin.py:104} INFO - Running <TaskInstance: write_file_python_operator.write_execution_time_task 2021-04-25T13:54:00+00:00 [running]> on host d6e2455ef0ec
[2021-04-25 13:56:01,369] {taskinstance.py:1283} INFO - Exporting the following env vars:
AIRFLOW_CTX_DAG_OWNER=airflow
AIRFLOW_CTX_DAG_ID=write_file_python_operator
AIRFLOW_CTX_TASK_ID=write_execution_time_task
AIRFLOW_CTX_EXECUTION_DATE=2021-04-25T13:54:00+00:00
AIRFLOW_CTX_DAG_RUN_ID=scheduled__2021-04-25T13:54:00+00:00
[2021-04-25 13:56:01,370] {logging_mixin.py:104} INFO - Success write the execution date to exec_time.txt
[2021-04-25 13:56:01,371] {python.py:118} INFO - Done. Returned value was: None
[2021-04-25 13:56:01,388] {taskinstance.py:1192} INFO - Marking task as SUCCESS. dag_id=write_file_python_operator, task_id=write_execution_time_task, execution_date=20210425T135400, start_date=20210425T135600, end_date=20210425T135601
[2021-04-25 13:56:01,427] {taskinstance.py:1246} INFO - 0 downstream tasks scheduled from follow-on schedule check
[2021-04-25 13:56:01,454] {local_task_job.py:146} INFO - Task exited with return code 0
