[2021-04-25 00:05:18,130] {taskinstance.py:877} INFO - Dependencies all met for <TaskInstance: bash_operator_dag.first_task 2021-03-11T00:00:00+00:00 [queued]>
[2021-04-25 00:05:18,155] {taskinstance.py:877} INFO - Dependencies all met for <TaskInstance: bash_operator_dag.first_task 2021-03-11T00:00:00+00:00 [queued]>
[2021-04-25 00:05:18,155] {taskinstance.py:1068} INFO - 
--------------------------------------------------------------------------------
[2021-04-25 00:05:18,155] {taskinstance.py:1069} INFO - Starting attempt 1 of 1
[2021-04-25 00:05:18,156] {taskinstance.py:1070} INFO - 
--------------------------------------------------------------------------------
[2021-04-25 00:05:18,212] {taskinstance.py:1089} INFO - Executing <Task(BashOperator): first_task> on 2021-03-11T00:00:00+00:00
[2021-04-25 00:05:18,218] {standard_task_runner.py:52} INFO - Started process 1142 to run task
[2021-04-25 00:05:18,233] {standard_task_runner.py:76} INFO - Running: ['airflow', 'tasks', 'run', 'bash_operator_dag', 'first_task', '2021-03-11T00:00:00+00:00', '--job-id', '414', '--pool', 'default_pool', '--raw', '--subdir', 'DAGS_FOLDER/simple_bash_operator_dag.py', '--cfg-path', '/tmp/tmp_1q5g5wn', '--error-file', '/tmp/tmpfzlp30wt']
[2021-04-25 00:05:18,234] {standard_task_runner.py:77} INFO - Job 414: Subtask first_task
[2021-04-25 00:05:18,335] {logging_mixin.py:104} INFO - Running <TaskInstance: bash_operator_dag.first_task 2021-03-11T00:00:00+00:00 [running]> on host 4a00a306afdc
[2021-04-25 00:05:18,461] {taskinstance.py:1283} INFO - Exporting the following env vars:
AIRFLOW_CTX_DAG_OWNER=airflow
AIRFLOW_CTX_DAG_ID=bash_operator_dag
AIRFLOW_CTX_TASK_ID=first_task
AIRFLOW_CTX_EXECUTION_DATE=2021-03-11T00:00:00+00:00
AIRFLOW_CTX_DAG_RUN_ID=scheduled__2021-03-11T00:00:00+00:00
[2021-04-25 00:05:18,462] {bash.py:135} INFO - Tmp dir root location: 
 /tmp
[2021-04-25 00:05:18,464] {bash.py:158} INFO - Running command: echo "testing first bash operator"
[2021-04-25 00:05:18,479] {bash.py:169} INFO - Output:
[2021-04-25 00:05:18,482] {bash.py:173} INFO - testing first bash operator
[2021-04-25 00:05:18,483] {bash.py:177} INFO - Command exited with return code 0
[2021-04-25 00:05:18,562] {taskinstance.py:1192} INFO - Marking task as SUCCESS. dag_id=bash_operator_dag, task_id=first_task, execution_date=20210311T000000, start_date=20210425T000518, end_date=20210425T000518
[2021-04-25 00:05:18,654] {taskinstance.py:1246} INFO - 1 downstream tasks scheduled from follow-on schedule check
[2021-04-25 00:05:18,705] {local_task_job.py:146} INFO - Task exited with return code 0
[2021-04-25 00:08:22,098] {taskinstance.py:877} INFO - Dependencies all met for <TaskInstance: bash_operator_dag.first_task 2021-03-11T00:00:00+00:00 [queued]>
[2021-04-25 00:08:22,140] {taskinstance.py:877} INFO - Dependencies all met for <TaskInstance: bash_operator_dag.first_task 2021-03-11T00:00:00+00:00 [queued]>
[2021-04-25 00:08:22,141] {taskinstance.py:1068} INFO - 
--------------------------------------------------------------------------------
[2021-04-25 00:08:22,141] {taskinstance.py:1069} INFO - Starting attempt 1 of 3
[2021-04-25 00:08:22,141] {taskinstance.py:1070} INFO - 
--------------------------------------------------------------------------------
[2021-04-25 00:08:22,217] {taskinstance.py:1089} INFO - Executing <Task(BashOperator): first_task> on 2021-03-11T00:00:00+00:00
[2021-04-25 00:08:22,229] {standard_task_runner.py:52} INFO - Started process 1701 to run task
[2021-04-25 00:08:22,248] {standard_task_runner.py:76} INFO - Running: ['airflow', 'tasks', 'run', 'bash_operator_dag', 'first_task', '2021-03-11T00:00:00+00:00', '--job-id', '602', '--pool', 'default_pool', '--raw', '--subdir', 'DAGS_FOLDER/simple_bash_operator_dag.py', '--cfg-path', '/tmp/tmpusg3kuoy', '--error-file', '/tmp/tmpvgcblp5e']
[2021-04-25 00:08:22,252] {standard_task_runner.py:77} INFO - Job 602: Subtask first_task
[2021-04-25 00:08:22,428] {logging_mixin.py:104} INFO - Running <TaskInstance: bash_operator_dag.first_task 2021-03-11T00:00:00+00:00 [running]> on host 4a00a306afdc
[2021-04-25 00:08:22,630] {taskinstance.py:1283} INFO - Exporting the following env vars:
AIRFLOW_CTX_DAG_OWNER=airflow
AIRFLOW_CTX_DAG_ID=bash_operator_dag
AIRFLOW_CTX_TASK_ID=first_task
AIRFLOW_CTX_EXECUTION_DATE=2021-03-11T00:00:00+00:00
AIRFLOW_CTX_DAG_RUN_ID=scheduled__2021-03-11T00:00:00+00:00
[2021-04-25 00:08:22,632] {bash.py:135} INFO - Tmp dir root location: 
 /tmp
[2021-04-25 00:08:22,634] {bash.py:158} INFO - Running command: echo "testing first bash operator"
[2021-04-25 00:08:22,652] {bash.py:169} INFO - Output:
[2021-04-25 00:08:22,654] {bash.py:173} INFO - testing first bash operator
[2021-04-25 00:08:22,655] {bash.py:177} INFO - Command exited with return code 0
[2021-04-25 00:08:22,833] {taskinstance.py:1192} INFO - Marking task as SUCCESS. dag_id=bash_operator_dag, task_id=first_task, execution_date=20210311T000000, start_date=20210425T000822, end_date=20210425T000822
[2021-04-25 00:08:23,039] {taskinstance.py:1246} INFO - 1 downstream tasks scheduled from follow-on schedule check
[2021-04-25 00:08:23,088] {local_task_job.py:146} INFO - Task exited with return code 0
