[2021-05-01 05:47:56,612] {taskinstance.py:877} INFO - Dependencies all met for <TaskInstance: file_sensor.file_sensor_task 2021-05-01T05:36:00+00:00 [queued]>
[2021-05-01 05:47:56,631] {taskinstance.py:877} INFO - Dependencies all met for <TaskInstance: file_sensor.file_sensor_task 2021-05-01T05:36:00+00:00 [queued]>
[2021-05-01 05:47:56,631] {taskinstance.py:1068} INFO - 
--------------------------------------------------------------------------------
[2021-05-01 05:47:56,631] {taskinstance.py:1069} INFO - Starting attempt 1 of 3
[2021-05-01 05:47:56,631] {taskinstance.py:1070} INFO - 
--------------------------------------------------------------------------------
[2021-05-01 05:47:56,643] {taskinstance.py:1089} INFO - Executing <Task(FileSensor): file_sensor_task> on 2021-05-01T05:36:00+00:00
[2021-05-01 05:47:56,647] {standard_task_runner.py:52} INFO - Started process 95 to run task
[2021-05-01 05:47:56,652] {standard_task_runner.py:76} INFO - Running: ['airflow', 'tasks', 'run', 'file_sensor', 'file_sensor_task', '2021-05-01T05:36:00+00:00', '--job-id', '1050', '--pool', 'default_pool', '--raw', '--subdir', 'DAGS_FOLDER/sensor/file_sensor.py', '--cfg-path', '/tmp/tmpu22ascks', '--error-file', '/tmp/tmp_xnwyna7']
[2021-05-01 05:47:56,652] {standard_task_runner.py:77} INFO - Job 1050: Subtask file_sensor_task
[2021-05-01 05:47:56,704] {logging_mixin.py:104} INFO - Running <TaskInstance: file_sensor.file_sensor_task 2021-05-01T05:36:00+00:00 [running]> on host d6e2455ef0ec
[2021-05-01 05:47:56,754] {taskinstance.py:1283} INFO - Exporting the following env vars:
AIRFLOW_CTX_DAG_OWNER=airflow
AIRFLOW_CTX_DAG_ID=file_sensor
AIRFLOW_CTX_TASK_ID=file_sensor_task
AIRFLOW_CTX_EXECUTION_DATE=2021-05-01T05:36:00+00:00
AIRFLOW_CTX_DAG_RUN_ID=scheduled__2021-05-01T05:36:00+00:00
[2021-05-01 05:47:56,772] {filesystem.py:56} INFO - Poking for file /opt/airflow/dags/python_operator/todo.json
[2021-05-01 05:47:56,773] {base.py:245} INFO - Success criteria met. Exiting.
[2021-05-01 05:47:56,783] {taskinstance.py:1192} INFO - Marking task as SUCCESS. dag_id=file_sensor, task_id=file_sensor_task, execution_date=20210501T053600, start_date=20210501T054756, end_date=20210501T054756
[2021-05-01 05:47:56,824] {taskinstance.py:1246} INFO - 1 downstream tasks scheduled from follow-on schedule check
[2021-05-01 05:47:56,866] {local_task_job.py:146} INFO - Task exited with return code 0
