[2021-04-25 09:26:27,152] {taskinstance.py:877} INFO - Dependencies all met for <TaskInstance: write_file_python_operator.fetch_and_write_a_file_task 2021-04-25T09:26:25.958700+00:00 [queued]>
[2021-04-25 09:26:27,209] {taskinstance.py:877} INFO - Dependencies all met for <TaskInstance: write_file_python_operator.fetch_and_write_a_file_task 2021-04-25T09:26:25.958700+00:00 [queued]>
[2021-04-25 09:26:27,209] {taskinstance.py:1068} INFO - 
--------------------------------------------------------------------------------
[2021-04-25 09:26:27,210] {taskinstance.py:1069} INFO - Starting attempt 1 of 3
[2021-04-25 09:26:27,210] {taskinstance.py:1070} INFO - 
--------------------------------------------------------------------------------
[2021-04-25 09:26:27,242] {taskinstance.py:1089} INFO - Executing <Task(PythonOperator): fetch_and_write_a_file_task> on 2021-04-25T09:26:25.958700+00:00
[2021-04-25 09:26:27,255] {standard_task_runner.py:52} INFO - Started process 91 to run task
[2021-04-25 09:26:27,267] {standard_task_runner.py:76} INFO - Running: ['airflow', 'tasks', 'run', 'write_file_python_operator', 'fetch_and_write_a_file_task', '2021-04-25T09:26:25.958700+00:00', '--job-id', '815', '--pool', 'default_pool', '--raw', '--subdir', 'DAGS_FOLDER/python_operator/write_file_python_operator.py', '--cfg-path', '/tmp/tmp7_4um__d', '--error-file', '/tmp/tmpunxovae1']
[2021-04-25 09:26:27,268] {standard_task_runner.py:77} INFO - Job 815: Subtask fetch_and_write_a_file_task
[2021-04-25 09:26:27,382] {logging_mixin.py:104} INFO - Running <TaskInstance: write_file_python_operator.fetch_and_write_a_file_task 2021-04-25T09:26:25.958700+00:00 [running]> on host d6e2455ef0ec
[2021-04-25 09:26:27,471] {taskinstance.py:1283} INFO - Exporting the following env vars:
AIRFLOW_CTX_DAG_OWNER=airflow
AIRFLOW_CTX_DAG_ID=write_file_python_operator
AIRFLOW_CTX_TASK_ID=fetch_and_write_a_file_task
AIRFLOW_CTX_EXECUTION_DATE=2021-04-25T09:26:25.958700+00:00
AIRFLOW_CTX_DAG_RUN_ID=manual__2021-04-25T09:26:25.958700+00:00
[2021-04-25 09:26:27,798] {logging_mixin.py:104} INFO - Success fetch data from http://jsonplaceholder.typicode.com/todos and write to todo.json
[2021-04-25 09:26:27,798] {python.py:118} INFO - Done. Returned value was: None
[2021-04-25 09:26:27,821] {taskinstance.py:1192} INFO - Marking task as SUCCESS. dag_id=write_file_python_operator, task_id=fetch_and_write_a_file_task, execution_date=20210425T092625, start_date=20210425T092627, end_date=20210425T092627
[2021-04-25 09:26:27,892] {taskinstance.py:1246} INFO - 0 downstream tasks scheduled from follow-on schedule check
[2021-04-25 09:26:27,924] {local_task_job.py:146} INFO - Task exited with return code 0
