[2021-04-25 00:05:33,781] {taskinstance.py:877} INFO - Dependencies all met for <TaskInstance: bash_operator_dag.first_task 2021-04-03T00:00:00+00:00 [queued]>
[2021-04-25 00:05:33,824] {taskinstance.py:877} INFO - Dependencies all met for <TaskInstance: bash_operator_dag.first_task 2021-04-03T00:00:00+00:00 [queued]>
[2021-04-25 00:05:33,825] {taskinstance.py:1068} INFO - 
--------------------------------------------------------------------------------
[2021-04-25 00:05:33,825] {taskinstance.py:1069} INFO - Starting attempt 1 of 1
[2021-04-25 00:05:33,825] {taskinstance.py:1070} INFO - 
--------------------------------------------------------------------------------
[2021-04-25 00:05:33,886] {taskinstance.py:1089} INFO - Executing <Task(BashOperator): first_task> on 2021-04-03T00:00:00+00:00
[2021-04-25 00:05:33,894] {standard_task_runner.py:52} INFO - Started process 1279 to run task
[2021-04-25 00:05:33,907] {standard_task_runner.py:76} INFO - Running: ['airflow', 'tasks', 'run', 'bash_operator_dag', 'first_task', '2021-04-03T00:00:00+00:00', '--job-id', '460', '--pool', 'default_pool', '--raw', '--subdir', 'DAGS_FOLDER/simple_bash_operator_dag.py', '--cfg-path', '/tmp/tmp7nuyz5zo', '--error-file', '/tmp/tmp25rsvu93']
[2021-04-25 00:05:33,908] {standard_task_runner.py:77} INFO - Job 460: Subtask first_task
[2021-04-25 00:05:34,048] {logging_mixin.py:104} INFO - Running <TaskInstance: bash_operator_dag.first_task 2021-04-03T00:00:00+00:00 [running]> on host 4a00a306afdc
[2021-04-25 00:05:34,138] {taskinstance.py:1283} INFO - Exporting the following env vars:
AIRFLOW_CTX_DAG_OWNER=airflow
AIRFLOW_CTX_DAG_ID=bash_operator_dag
AIRFLOW_CTX_TASK_ID=first_task
AIRFLOW_CTX_EXECUTION_DATE=2021-04-03T00:00:00+00:00
AIRFLOW_CTX_DAG_RUN_ID=scheduled__2021-04-03T00:00:00+00:00
[2021-04-25 00:05:34,139] {bash.py:135} INFO - Tmp dir root location: 
 /tmp
[2021-04-25 00:05:34,142] {bash.py:158} INFO - Running command: echo "testing first bash operator"
[2021-04-25 00:05:34,156] {bash.py:169} INFO - Output:
[2021-04-25 00:05:34,159] {bash.py:173} INFO - testing first bash operator
[2021-04-25 00:05:34,160] {bash.py:177} INFO - Command exited with return code 0
[2021-04-25 00:05:34,231] {taskinstance.py:1192} INFO - Marking task as SUCCESS. dag_id=bash_operator_dag, task_id=first_task, execution_date=20210403T000000, start_date=20210425T000533, end_date=20210425T000534
[2021-04-25 00:05:34,310] {taskinstance.py:1246} INFO - 1 downstream tasks scheduled from follow-on schedule check
[2021-04-25 00:05:34,328] {local_task_job.py:146} INFO - Task exited with return code 0
[2021-04-25 00:08:44,720] {taskinstance.py:877} INFO - Dependencies all met for <TaskInstance: bash_operator_dag.first_task 2021-04-03T00:00:00+00:00 [queued]>
[2021-04-25 00:08:44,757] {taskinstance.py:877} INFO - Dependencies all met for <TaskInstance: bash_operator_dag.first_task 2021-04-03T00:00:00+00:00 [queued]>
[2021-04-25 00:08:44,757] {taskinstance.py:1068} INFO - 
--------------------------------------------------------------------------------
[2021-04-25 00:08:44,758] {taskinstance.py:1069} INFO - Starting attempt 1 of 3
[2021-04-25 00:08:44,759] {taskinstance.py:1070} INFO - 
--------------------------------------------------------------------------------
[2021-04-25 00:08:44,850] {taskinstance.py:1089} INFO - Executing <Task(BashOperator): first_task> on 2021-04-03T00:00:00+00:00
[2021-04-25 00:08:44,857] {standard_task_runner.py:52} INFO - Started process 1840 to run task
[2021-04-25 00:08:44,891] {standard_task_runner.py:76} INFO - Running: ['airflow', 'tasks', 'run', 'bash_operator_dag', 'first_task', '2021-04-03T00:00:00+00:00', '--job-id', '648', '--pool', 'default_pool', '--raw', '--subdir', 'DAGS_FOLDER/simple_bash_operator_dag.py', '--cfg-path', '/tmp/tmp59bh0i9j', '--error-file', '/tmp/tmpj4uc04wi']
[2021-04-25 00:08:44,892] {standard_task_runner.py:77} INFO - Job 648: Subtask first_task
[2021-04-25 00:08:45,063] {logging_mixin.py:104} INFO - Running <TaskInstance: bash_operator_dag.first_task 2021-04-03T00:00:00+00:00 [running]> on host 4a00a306afdc
[2021-04-25 00:08:45,215] {taskinstance.py:1283} INFO - Exporting the following env vars:
AIRFLOW_CTX_DAG_OWNER=airflow
AIRFLOW_CTX_DAG_ID=bash_operator_dag
AIRFLOW_CTX_TASK_ID=first_task
AIRFLOW_CTX_EXECUTION_DATE=2021-04-03T00:00:00+00:00
AIRFLOW_CTX_DAG_RUN_ID=scheduled__2021-04-03T00:00:00+00:00
[2021-04-25 00:08:45,216] {bash.py:135} INFO - Tmp dir root location: 
 /tmp
[2021-04-25 00:08:45,218] {bash.py:158} INFO - Running command: echo "testing first bash operator"
[2021-04-25 00:08:45,239] {bash.py:169} INFO - Output:
[2021-04-25 00:08:45,245] {bash.py:173} INFO - testing first bash operator
[2021-04-25 00:08:45,246] {bash.py:177} INFO - Command exited with return code 0
[2021-04-25 00:08:45,385] {taskinstance.py:1192} INFO - Marking task as SUCCESS. dag_id=bash_operator_dag, task_id=first_task, execution_date=20210403T000000, start_date=20210425T000844, end_date=20210425T000845
[2021-04-25 00:08:45,601] {taskinstance.py:1246} INFO - 1 downstream tasks scheduled from follow-on schedule check
[2021-04-25 00:08:45,653] {local_task_job.py:146} INFO - Task exited with return code 0
