[2021-04-25 00:05:20,049] {taskinstance.py:877} INFO - Dependencies all met for <TaskInstance: bash_operator_dag.second_task 2021-03-11T00:00:00+00:00 [queued]>
[2021-04-25 00:05:20,075] {taskinstance.py:877} INFO - Dependencies all met for <TaskInstance: bash_operator_dag.second_task 2021-03-11T00:00:00+00:00 [queued]>
[2021-04-25 00:05:20,075] {taskinstance.py:1068} INFO - 
--------------------------------------------------------------------------------
[2021-04-25 00:05:20,075] {taskinstance.py:1069} INFO - Starting attempt 1 of 1
[2021-04-25 00:05:20,076] {taskinstance.py:1070} INFO - 
--------------------------------------------------------------------------------
[2021-04-25 00:05:20,124] {taskinstance.py:1089} INFO - Executing <Task(BashOperator): second_task> on 2021-03-11T00:00:00+00:00
[2021-04-25 00:05:20,134] {standard_task_runner.py:52} INFO - Started process 1159 to run task
[2021-04-25 00:05:20,143] {standard_task_runner.py:76} INFO - Running: ['airflow', 'tasks', 'run', 'bash_operator_dag', 'second_task', '2021-03-11T00:00:00+00:00', '--job-id', '420', '--pool', 'default_pool', '--raw', '--subdir', 'DAGS_FOLDER/simple_bash_operator_dag.py', '--cfg-path', '/tmp/tmpkqmbzpyk', '--error-file', '/tmp/tmp_t1q4wjn']
[2021-04-25 00:05:20,145] {standard_task_runner.py:77} INFO - Job 420: Subtask second_task
[2021-04-25 00:05:20,233] {logging_mixin.py:104} INFO - Running <TaskInstance: bash_operator_dag.second_task 2021-03-11T00:00:00+00:00 [running]> on host 4a00a306afdc
[2021-04-25 00:05:20,394] {taskinstance.py:1283} INFO - Exporting the following env vars:
AIRFLOW_CTX_DAG_OWNER=airflow
AIRFLOW_CTX_DAG_ID=bash_operator_dag
AIRFLOW_CTX_TASK_ID=second_task
AIRFLOW_CTX_EXECUTION_DATE=2021-03-11T00:00:00+00:00
AIRFLOW_CTX_DAG_RUN_ID=scheduled__2021-03-11T00:00:00+00:00
[2021-04-25 00:05:20,395] {bash.py:135} INFO - Tmp dir root location: 
 /tmp
[2021-04-25 00:05:20,396] {bash.py:158} INFO - Running command: echo "testing second bash operator"
[2021-04-25 00:05:20,409] {bash.py:169} INFO - Output:
[2021-04-25 00:05:20,411] {bash.py:173} INFO - testing second bash operator
[2021-04-25 00:05:20,412] {bash.py:177} INFO - Command exited with return code 0
[2021-04-25 00:05:20,511] {taskinstance.py:1192} INFO - Marking task as SUCCESS. dag_id=bash_operator_dag, task_id=second_task, execution_date=20210311T000000, start_date=20210425T000520, end_date=20210425T000520
[2021-04-25 00:05:20,594] {taskinstance.py:1246} INFO - 0 downstream tasks scheduled from follow-on schedule check
[2021-04-25 00:05:20,611] {local_task_job.py:146} INFO - Task exited with return code 0
[2021-04-25 00:08:25,232] {taskinstance.py:877} INFO - Dependencies all met for <TaskInstance: bash_operator_dag.second_task 2021-03-11T00:00:00+00:00 [queued]>
[2021-04-25 00:08:25,266] {taskinstance.py:877} INFO - Dependencies all met for <TaskInstance: bash_operator_dag.second_task 2021-03-11T00:00:00+00:00 [queued]>
[2021-04-25 00:08:25,267] {taskinstance.py:1068} INFO - 
--------------------------------------------------------------------------------
[2021-04-25 00:08:25,267] {taskinstance.py:1069} INFO - Starting attempt 1 of 3
[2021-04-25 00:08:25,267] {taskinstance.py:1070} INFO - 
--------------------------------------------------------------------------------
[2021-04-25 00:08:25,322] {taskinstance.py:1089} INFO - Executing <Task(BashOperator): second_task> on 2021-03-11T00:00:00+00:00
[2021-04-25 00:08:25,328] {standard_task_runner.py:52} INFO - Started process 1722 to run task
[2021-04-25 00:08:25,346] {standard_task_runner.py:76} INFO - Running: ['airflow', 'tasks', 'run', 'bash_operator_dag', 'second_task', '2021-03-11T00:00:00+00:00', '--job-id', '609', '--pool', 'default_pool', '--raw', '--subdir', 'DAGS_FOLDER/simple_bash_operator_dag.py', '--cfg-path', '/tmp/tmpl9o2uvoo', '--error-file', '/tmp/tmp6mfwg2ai']
[2021-04-25 00:08:25,347] {standard_task_runner.py:77} INFO - Job 609: Subtask second_task
[2021-04-25 00:08:25,495] {logging_mixin.py:104} INFO - Running <TaskInstance: bash_operator_dag.second_task 2021-03-11T00:00:00+00:00 [running]> on host 4a00a306afdc
[2021-04-25 00:08:25,629] {taskinstance.py:1283} INFO - Exporting the following env vars:
AIRFLOW_CTX_DAG_OWNER=airflow
AIRFLOW_CTX_DAG_ID=bash_operator_dag
AIRFLOW_CTX_TASK_ID=second_task
AIRFLOW_CTX_EXECUTION_DATE=2021-03-11T00:00:00+00:00
AIRFLOW_CTX_DAG_RUN_ID=scheduled__2021-03-11T00:00:00+00:00
[2021-04-25 00:08:25,630] {bash.py:135} INFO - Tmp dir root location: 
 /tmp
[2021-04-25 00:08:25,632] {bash.py:158} INFO - Running command: echo "testing second bash operator"
[2021-04-25 00:08:25,682] {bash.py:169} INFO - Output:
[2021-04-25 00:08:25,683] {bash.py:173} INFO - testing second bash operator
[2021-04-25 00:08:25,684] {bash.py:177} INFO - Command exited with return code 0
[2021-04-25 00:08:25,812] {taskinstance.py:1192} INFO - Marking task as SUCCESS. dag_id=bash_operator_dag, task_id=second_task, execution_date=20210311T000000, start_date=20210425T000825, end_date=20210425T000825
[2021-04-25 00:08:25,897] {taskinstance.py:1246} INFO - 0 downstream tasks scheduled from follow-on schedule check
[2021-04-25 00:08:25,943] {local_task_job.py:146} INFO - Task exited with return code 0
