[2021-04-25 00:05:23,870] {taskinstance.py:877} INFO - Dependencies all met for <TaskInstance: bash_operator_dag.second_task 2021-03-17T00:00:00+00:00 [queued]>
[2021-04-25 00:05:23,915] {taskinstance.py:877} INFO - Dependencies all met for <TaskInstance: bash_operator_dag.second_task 2021-03-17T00:00:00+00:00 [queued]>
[2021-04-25 00:05:23,915] {taskinstance.py:1068} INFO - 
--------------------------------------------------------------------------------
[2021-04-25 00:05:23,916] {taskinstance.py:1069} INFO - Starting attempt 1 of 1
[2021-04-25 00:05:23,916] {taskinstance.py:1070} INFO - 
--------------------------------------------------------------------------------
[2021-04-25 00:05:23,963] {taskinstance.py:1089} INFO - Executing <Task(BashOperator): second_task> on 2021-03-17T00:00:00+00:00
[2021-04-25 00:05:23,982] {standard_task_runner.py:76} INFO - Running: ['airflow', 'tasks', 'run', 'bash_operator_dag', 'second_task', '2021-03-17T00:00:00+00:00', '--job-id', '432', '--pool', 'default_pool', '--raw', '--subdir', 'DAGS_FOLDER/simple_bash_operator_dag.py', '--cfg-path', '/tmp/tmpqqbe9ln8', '--error-file', '/tmp/tmp29g6elwq']
[2021-04-25 00:05:23,969] {standard_task_runner.py:52} INFO - Started process 1195 to run task
[2021-04-25 00:05:23,985] {standard_task_runner.py:77} INFO - Job 432: Subtask second_task
[2021-04-25 00:05:24,093] {logging_mixin.py:104} INFO - Running <TaskInstance: bash_operator_dag.second_task 2021-03-17T00:00:00+00:00 [running]> on host 4a00a306afdc
[2021-04-25 00:05:24,183] {taskinstance.py:1283} INFO - Exporting the following env vars:
AIRFLOW_CTX_DAG_OWNER=airflow
AIRFLOW_CTX_DAG_ID=bash_operator_dag
AIRFLOW_CTX_TASK_ID=second_task
AIRFLOW_CTX_EXECUTION_DATE=2021-03-17T00:00:00+00:00
AIRFLOW_CTX_DAG_RUN_ID=scheduled__2021-03-17T00:00:00+00:00
[2021-04-25 00:05:24,184] {bash.py:135} INFO - Tmp dir root location: 
 /tmp
[2021-04-25 00:05:24,186] {bash.py:158} INFO - Running command: echo "testing second bash operator"
[2021-04-25 00:05:24,211] {bash.py:169} INFO - Output:
[2021-04-25 00:05:24,213] {bash.py:173} INFO - testing second bash operator
[2021-04-25 00:05:24,214] {bash.py:177} INFO - Command exited with return code 0
[2021-04-25 00:05:24,289] {taskinstance.py:1192} INFO - Marking task as SUCCESS. dag_id=bash_operator_dag, task_id=second_task, execution_date=20210317T000000, start_date=20210425T000523, end_date=20210425T000524
[2021-04-25 00:05:24,361] {taskinstance.py:1246} INFO - 0 downstream tasks scheduled from follow-on schedule check
[2021-04-25 00:05:24,379] {local_task_job.py:146} INFO - Task exited with return code 0
[2021-04-25 00:08:30,998] {taskinstance.py:877} INFO - Dependencies all met for <TaskInstance: bash_operator_dag.second_task 2021-03-17T00:00:00+00:00 [queued]>
[2021-04-25 00:08:31,067] {taskinstance.py:877} INFO - Dependencies all met for <TaskInstance: bash_operator_dag.second_task 2021-03-17T00:00:00+00:00 [queued]>
[2021-04-25 00:08:31,069] {taskinstance.py:1068} INFO - 
--------------------------------------------------------------------------------
[2021-04-25 00:08:31,072] {taskinstance.py:1069} INFO - Starting attempt 1 of 3
[2021-04-25 00:08:31,074] {taskinstance.py:1070} INFO - 
--------------------------------------------------------------------------------
[2021-04-25 00:08:31,124] {taskinstance.py:1089} INFO - Executing <Task(BashOperator): second_task> on 2021-03-17T00:00:00+00:00
[2021-04-25 00:08:31,131] {standard_task_runner.py:52} INFO - Started process 1758 to run task
[2021-04-25 00:08:31,146] {standard_task_runner.py:76} INFO - Running: ['airflow', 'tasks', 'run', 'bash_operator_dag', 'second_task', '2021-03-17T00:00:00+00:00', '--job-id', '621', '--pool', 'default_pool', '--raw', '--subdir', 'DAGS_FOLDER/simple_bash_operator_dag.py', '--cfg-path', '/tmp/tmpc3feot5z', '--error-file', '/tmp/tmpb4qff5sw']
[2021-04-25 00:08:31,147] {standard_task_runner.py:77} INFO - Job 621: Subtask second_task
[2021-04-25 00:08:31,336] {logging_mixin.py:104} INFO - Running <TaskInstance: bash_operator_dag.second_task 2021-03-17T00:00:00+00:00 [running]> on host 4a00a306afdc
[2021-04-25 00:08:31,511] {taskinstance.py:1283} INFO - Exporting the following env vars:
AIRFLOW_CTX_DAG_OWNER=airflow
AIRFLOW_CTX_DAG_ID=bash_operator_dag
AIRFLOW_CTX_TASK_ID=second_task
AIRFLOW_CTX_EXECUTION_DATE=2021-03-17T00:00:00+00:00
AIRFLOW_CTX_DAG_RUN_ID=scheduled__2021-03-17T00:00:00+00:00
[2021-04-25 00:08:31,513] {bash.py:135} INFO - Tmp dir root location: 
 /tmp
[2021-04-25 00:08:31,519] {bash.py:158} INFO - Running command: echo "testing second bash operator"
[2021-04-25 00:08:31,547] {bash.py:169} INFO - Output:
[2021-04-25 00:08:31,551] {bash.py:173} INFO - testing second bash operator
[2021-04-25 00:08:31,551] {bash.py:177} INFO - Command exited with return code 0
[2021-04-25 00:08:31,713] {taskinstance.py:1192} INFO - Marking task as SUCCESS. dag_id=bash_operator_dag, task_id=second_task, execution_date=20210317T000000, start_date=20210425T000831, end_date=20210425T000831
[2021-04-25 00:08:31,808] {taskinstance.py:1246} INFO - 0 downstream tasks scheduled from follow-on schedule check
[2021-04-25 00:08:31,824] {local_task_job.py:146} INFO - Task exited with return code 0
