[2021-04-25 00:07:37,210] {taskinstance.py:877} INFO - Dependencies all met for <TaskInstance: bash_operator_dag.second_task 2021-01-26T00:00:00+00:00 [queued]>
[2021-04-25 00:07:37,267] {taskinstance.py:877} INFO - Dependencies all met for <TaskInstance: bash_operator_dag.second_task 2021-01-26T00:00:00+00:00 [queued]>
[2021-04-25 00:07:37,268] {taskinstance.py:1068} INFO - 
--------------------------------------------------------------------------------
[2021-04-25 00:07:37,268] {taskinstance.py:1069} INFO - Starting attempt 1 of 3
[2021-04-25 00:07:37,268] {taskinstance.py:1070} INFO - 
--------------------------------------------------------------------------------
[2021-04-25 00:07:37,323] {taskinstance.py:1089} INFO - Executing <Task(BashOperator): second_task> on 2021-01-26T00:00:00+00:00
[2021-04-25 00:07:37,330] {standard_task_runner.py:52} INFO - Started process 1457 to run task
[2021-04-25 00:07:37,368] {standard_task_runner.py:76} INFO - Running: ['airflow', 'tasks', 'run', 'bash_operator_dag', 'second_task', '2021-01-26T00:00:00+00:00', '--job-id', '521', '--pool', 'default_pool', '--raw', '--subdir', 'DAGS_FOLDER/simple_bash_operator_dag.py', '--cfg-path', '/tmp/tmp5pvvwnoe', '--error-file', '/tmp/tmpokir4_et']
[2021-04-25 00:07:37,369] {standard_task_runner.py:77} INFO - Job 521: Subtask second_task
[2021-04-25 00:07:37,529] {logging_mixin.py:104} INFO - Running <TaskInstance: bash_operator_dag.second_task 2021-01-26T00:00:00+00:00 [running]> on host 4a00a306afdc
[2021-04-25 00:07:37,662] {taskinstance.py:1283} INFO - Exporting the following env vars:
AIRFLOW_CTX_DAG_OWNER=airflow
AIRFLOW_CTX_DAG_ID=bash_operator_dag
AIRFLOW_CTX_TASK_ID=second_task
AIRFLOW_CTX_EXECUTION_DATE=2021-01-26T00:00:00+00:00
AIRFLOW_CTX_DAG_RUN_ID=scheduled__2021-01-26T00:00:00+00:00
[2021-04-25 00:07:37,664] {bash.py:135} INFO - Tmp dir root location: 
 /tmp
[2021-04-25 00:07:37,667] {bash.py:158} INFO - Running command: echo "testing second bash operator"
[2021-04-25 00:07:37,686] {bash.py:169} INFO - Output:
[2021-04-25 00:07:37,690] {bash.py:173} INFO - testing second bash operator
[2021-04-25 00:07:37,691] {bash.py:177} INFO - Command exited with return code 0
[2021-04-25 00:07:37,804] {taskinstance.py:1192} INFO - Marking task as SUCCESS. dag_id=bash_operator_dag, task_id=second_task, execution_date=20210126T000000, start_date=20210425T000737, end_date=20210425T000737
[2021-04-25 00:07:37,905] {taskinstance.py:1246} INFO - 0 downstream tasks scheduled from follow-on schedule check
[2021-04-25 00:07:37,940] {local_task_job.py:146} INFO - Task exited with return code 0
[2021-04-25 00:44:07,446] {taskinstance.py:877} INFO - Dependencies all met for <TaskInstance: bash_operator_dag.second_task 2021-01-26T00:00:00+00:00 [queued]>
[2021-04-25 00:44:07,569] {taskinstance.py:877} INFO - Dependencies all met for <TaskInstance: bash_operator_dag.second_task 2021-01-26T00:00:00+00:00 [queued]>
[2021-04-25 00:44:07,578] {taskinstance.py:1068} INFO - 
--------------------------------------------------------------------------------
[2021-04-25 00:44:07,578] {taskinstance.py:1069} INFO - Starting attempt 1 of 3
[2021-04-25 00:44:07,579] {taskinstance.py:1070} INFO - 
--------------------------------------------------------------------------------
[2021-04-25 00:44:07,697] {taskinstance.py:1089} INFO - Executing <Task(BashOperator): second_task> on 2021-01-26T00:00:00+00:00
[2021-04-25 00:44:07,709] {standard_task_runner.py:52} INFO - Started process 2141 to run task
[2021-04-25 00:44:07,746] {standard_task_runner.py:76} INFO - Running: ['airflow', 'tasks', 'run', 'bash_operator_dag', 'second_task', '2021-01-26T00:00:00+00:00', '--job-id', '748', '--pool', 'default_pool', '--raw', '--subdir', 'DAGS_FOLDER/simple_bash_operator_dag.py', '--cfg-path', '/tmp/tmpoaw5gpqc', '--error-file', '/tmp/tmp7n2333n7']
[2021-04-25 00:44:07,751] {standard_task_runner.py:77} INFO - Job 748: Subtask second_task
[2021-04-25 00:44:07,992] {logging_mixin.py:104} INFO - Running <TaskInstance: bash_operator_dag.second_task 2021-01-26T00:00:00+00:00 [running]> on host 4a00a306afdc
[2021-04-25 00:44:08,195] {taskinstance.py:1283} INFO - Exporting the following env vars:
AIRFLOW_CTX_DAG_OWNER=airflow
AIRFLOW_CTX_DAG_ID=bash_operator_dag
AIRFLOW_CTX_TASK_ID=second_task
AIRFLOW_CTX_EXECUTION_DATE=2021-01-26T00:00:00+00:00
AIRFLOW_CTX_DAG_RUN_ID=scheduled__2021-01-26T00:00:00+00:00
[2021-04-25 00:44:08,196] {bash.py:135} INFO - Tmp dir root location: 
 /tmp
[2021-04-25 00:44:08,198] {bash.py:158} INFO - Running command: echo "testing second bash operator"
[2021-04-25 00:44:08,242] {bash.py:169} INFO - Output:
[2021-04-25 00:44:08,247] {bash.py:173} INFO - testing second bash operator
[2021-04-25 00:44:08,247] {bash.py:177} INFO - Command exited with return code 0
[2021-04-25 00:44:08,379] {taskinstance.py:1192} INFO - Marking task as SUCCESS. dag_id=bash_operator_dag, task_id=second_task, execution_date=20210126T000000, start_date=20210425T004407, end_date=20210425T004408
[2021-04-25 00:44:08,509] {taskinstance.py:1246} INFO - 0 downstream tasks scheduled from follow-on schedule check
[2021-04-25 00:44:08,549] {local_task_job.py:146} INFO - Task exited with return code 0
