[2021-04-26 02:22:48,678] {taskinstance.py:877} INFO - Dependencies all met for <TaskInstance: branch_python_operator_dag.branch_task 2021-04-25T00:00:00+00:00 [queued]>
[2021-04-26 02:22:48,699] {taskinstance.py:877} INFO - Dependencies all met for <TaskInstance: branch_python_operator_dag.branch_task 2021-04-25T00:00:00+00:00 [queued]>
[2021-04-26 02:22:48,699] {taskinstance.py:1068} INFO - 
--------------------------------------------------------------------------------
[2021-04-26 02:22:48,699] {taskinstance.py:1069} INFO - Starting attempt 1 of 3
[2021-04-26 02:22:48,699] {taskinstance.py:1070} INFO - 
--------------------------------------------------------------------------------
[2021-04-26 02:22:48,712] {taskinstance.py:1089} INFO - Executing <Task(BranchPythonOperator): branch_task> on 2021-04-25T00:00:00+00:00
[2021-04-26 02:22:48,726] {standard_task_runner.py:52} INFO - Started process 48 to run task
[2021-04-26 02:22:48,733] {standard_task_runner.py:76} INFO - Running: ['airflow', 'tasks', 'run', 'branch_python_operator_dag', 'branch_task', '2021-04-25T00:00:00+00:00', '--job-id', '952', '--pool', 'default_pool', '--raw', '--subdir', 'DAGS_FOLDER/python_operator/branch_python_operator_dag.py', '--cfg-path', '/tmp/tmpqb9wau72', '--error-file', '/tmp/tmprn83jmja']
[2021-04-26 02:22:48,733] {standard_task_runner.py:77} INFO - Job 952: Subtask branch_task
[2021-04-26 02:22:48,804] {logging_mixin.py:104} INFO - Running <TaskInstance: branch_python_operator_dag.branch_task 2021-04-25T00:00:00+00:00 [running]> on host d6e2455ef0ec
[2021-04-26 02:22:48,871] {taskinstance.py:1283} INFO - Exporting the following env vars:
AIRFLOW_CTX_DAG_OWNER=airflow
AIRFLOW_CTX_DAG_ID=branch_python_operator_dag
AIRFLOW_CTX_TASK_ID=branch_task
AIRFLOW_CTX_EXECUTION_DATE=2021-04-25T00:00:00+00:00
AIRFLOW_CTX_DAG_RUN_ID=scheduled__2021-04-25T00:00:00+00:00
[2021-04-26 02:22:48,874] {python.py:118} INFO - Done. Returned value was: odd_day_task
[2021-04-26 02:22:48,874] {skipmixin.py:124} INFO - Following branch odd_day_task
[2021-04-26 02:22:48,883] {skipmixin.py:155} INFO - Skipping tasks ['even_day_task']
[2021-04-26 02:22:48,951] {taskinstance.py:1192} INFO - Marking task as SUCCESS. dag_id=branch_python_operator_dag, task_id=branch_task, execution_date=20210425T000000, start_date=20210426T022248, end_date=20210426T022248
[2021-04-26 02:22:49,013] {taskinstance.py:1246} INFO - 1 downstream tasks scheduled from follow-on schedule check
[2021-04-26 02:22:49,030] {local_task_job.py:146} INFO - Task exited with return code 0
