[2021-04-25 00:05:12,777] {taskinstance.py:877} INFO - Dependencies all met for <TaskInstance: bash_operator_dag.first_task 2021-03-06T00:00:00+00:00 [queued]>
[2021-04-25 00:05:12,831] {taskinstance.py:877} INFO - Dependencies all met for <TaskInstance: bash_operator_dag.first_task 2021-03-06T00:00:00+00:00 [queued]>
[2021-04-25 00:05:12,842] {taskinstance.py:1068} INFO - 
--------------------------------------------------------------------------------
[2021-04-25 00:05:12,843] {taskinstance.py:1069} INFO - Starting attempt 1 of 3
[2021-04-25 00:05:12,845] {taskinstance.py:1070} INFO - 
--------------------------------------------------------------------------------
[2021-04-25 00:05:12,899] {taskinstance.py:1089} INFO - Executing <Task(BashOperator): first_task> on 2021-03-06T00:00:00+00:00
[2021-04-25 00:05:12,915] {standard_task_runner.py:52} INFO - Started process 1113 to run task
[2021-04-25 00:05:12,932] {standard_task_runner.py:76} INFO - Running: ['airflow', 'tasks', 'run', 'bash_operator_dag', 'first_task', '2021-03-06T00:00:00+00:00', '--job-id', '405', '--pool', 'default_pool', '--raw', '--subdir', 'DAGS_FOLDER/simple_bash_operator_dag.py', '--cfg-path', '/tmp/tmp4i2an2jg', '--error-file', '/tmp/tmpow8xtjz5']
[2021-04-25 00:05:12,933] {standard_task_runner.py:77} INFO - Job 405: Subtask first_task
[2021-04-25 00:05:13,085] {logging_mixin.py:104} INFO - Running <TaskInstance: bash_operator_dag.first_task 2021-03-06T00:00:00+00:00 [running]> on host 4a00a306afdc
[2021-04-25 00:05:13,240] {taskinstance.py:1283} INFO - Exporting the following env vars:
AIRFLOW_CTX_DAG_OWNER=airflow
AIRFLOW_CTX_DAG_ID=bash_operator_dag
AIRFLOW_CTX_TASK_ID=first_task
AIRFLOW_CTX_EXECUTION_DATE=2021-03-06T00:00:00+00:00
AIRFLOW_CTX_DAG_RUN_ID=scheduled__2021-03-06T00:00:00+00:00
[2021-04-25 00:05:13,242] {bash.py:135} INFO - Tmp dir root location: 
 /tmp
[2021-04-25 00:05:13,244] {bash.py:158} INFO - Running command: echo "testing first bash operator"
[2021-04-25 00:05:13,261] {bash.py:169} INFO - Output:
[2021-04-25 00:05:13,264] {bash.py:173} INFO - testing first bash operator
[2021-04-25 00:05:13,264] {bash.py:177} INFO - Command exited with return code 0
[2021-04-25 00:05:13,377] {taskinstance.py:1192} INFO - Marking task as SUCCESS. dag_id=bash_operator_dag, task_id=first_task, execution_date=20210306T000000, start_date=20210425T000512, end_date=20210425T000513
[2021-04-25 00:05:13,490] {taskinstance.py:1246} INFO - 1 downstream tasks scheduled from follow-on schedule check
[2021-04-25 00:05:13,535] {local_task_job.py:146} INFO - Task exited with return code 0
[2021-04-25 00:08:17,050] {taskinstance.py:877} INFO - Dependencies all met for <TaskInstance: bash_operator_dag.first_task 2021-03-06T00:00:00+00:00 [queued]>
[2021-04-25 00:08:17,095] {taskinstance.py:877} INFO - Dependencies all met for <TaskInstance: bash_operator_dag.first_task 2021-03-06T00:00:00+00:00 [queued]>
[2021-04-25 00:08:17,095] {taskinstance.py:1068} INFO - 
--------------------------------------------------------------------------------
[2021-04-25 00:08:17,096] {taskinstance.py:1069} INFO - Starting attempt 1 of 3
[2021-04-25 00:08:17,099] {taskinstance.py:1070} INFO - 
--------------------------------------------------------------------------------
[2021-04-25 00:08:17,181] {taskinstance.py:1089} INFO - Executing <Task(BashOperator): first_task> on 2021-03-06T00:00:00+00:00
[2021-04-25 00:08:17,212] {standard_task_runner.py:76} INFO - Running: ['airflow', 'tasks', 'run', 'bash_operator_dag', 'first_task', '2021-03-06T00:00:00+00:00', '--job-id', '592', '--pool', 'default_pool', '--raw', '--subdir', 'DAGS_FOLDER/simple_bash_operator_dag.py', '--cfg-path', '/tmp/tmpuy6zugkk', '--error-file', '/tmp/tmpiz8shdfo']
[2021-04-25 00:08:17,194] {standard_task_runner.py:52} INFO - Started process 1673 to run task
[2021-04-25 00:08:17,215] {standard_task_runner.py:77} INFO - Job 592: Subtask first_task
[2021-04-25 00:08:17,354] {logging_mixin.py:104} INFO - Running <TaskInstance: bash_operator_dag.first_task 2021-03-06T00:00:00+00:00 [running]> on host 4a00a306afdc
[2021-04-25 00:08:17,513] {taskinstance.py:1283} INFO - Exporting the following env vars:
AIRFLOW_CTX_DAG_OWNER=airflow
AIRFLOW_CTX_DAG_ID=bash_operator_dag
AIRFLOW_CTX_TASK_ID=first_task
AIRFLOW_CTX_EXECUTION_DATE=2021-03-06T00:00:00+00:00
AIRFLOW_CTX_DAG_RUN_ID=scheduled__2021-03-06T00:00:00+00:00
[2021-04-25 00:08:17,514] {bash.py:135} INFO - Tmp dir root location: 
 /tmp
[2021-04-25 00:08:17,517] {bash.py:158} INFO - Running command: echo "testing first bash operator"
[2021-04-25 00:08:17,549] {bash.py:169} INFO - Output:
[2021-04-25 00:08:17,552] {bash.py:173} INFO - testing first bash operator
[2021-04-25 00:08:17,553] {bash.py:177} INFO - Command exited with return code 0
[2021-04-25 00:08:17,643] {taskinstance.py:1192} INFO - Marking task as SUCCESS. dag_id=bash_operator_dag, task_id=first_task, execution_date=20210306T000000, start_date=20210425T000817, end_date=20210425T000817
[2021-04-25 00:08:17,783] {taskinstance.py:1246} INFO - 1 downstream tasks scheduled from follow-on schedule check
[2021-04-25 00:08:17,808] {local_task_job.py:146} INFO - Task exited with return code 0
