[2021-04-25 00:08:05,280] {taskinstance.py:877} INFO - Dependencies all met for <TaskInstance: bash_operator_dag.second_task 2021-02-19T00:00:00+00:00 [queued]>
[2021-04-25 00:08:05,323] {taskinstance.py:877} INFO - Dependencies all met for <TaskInstance: bash_operator_dag.second_task 2021-02-19T00:00:00+00:00 [queued]>
[2021-04-25 00:08:05,323] {taskinstance.py:1068} INFO - 
--------------------------------------------------------------------------------
[2021-04-25 00:08:05,324] {taskinstance.py:1069} INFO - Starting attempt 1 of 3
[2021-04-25 00:08:05,324] {taskinstance.py:1070} INFO - 
--------------------------------------------------------------------------------
[2021-04-25 00:08:05,376] {taskinstance.py:1089} INFO - Executing <Task(BashOperator): second_task> on 2021-02-19T00:00:00+00:00
[2021-04-25 00:08:05,403] {standard_task_runner.py:76} INFO - Running: ['airflow', 'tasks', 'run', 'bash_operator_dag', 'second_task', '2021-02-19T00:00:00+00:00', '--job-id', '569', '--pool', 'default_pool', '--raw', '--subdir', 'DAGS_FOLDER/simple_bash_operator_dag.py', '--cfg-path', '/tmp/tmpqtwp407f', '--error-file', '/tmp/tmpjtqdlnp4']
[2021-04-25 00:08:05,405] {standard_task_runner.py:77} INFO - Job 569: Subtask second_task
[2021-04-25 00:08:05,387] {standard_task_runner.py:52} INFO - Started process 1602 to run task
[2021-04-25 00:08:05,559] {logging_mixin.py:104} INFO - Running <TaskInstance: bash_operator_dag.second_task 2021-02-19T00:00:00+00:00 [running]> on host 4a00a306afdc
[2021-04-25 00:08:05,707] {taskinstance.py:1283} INFO - Exporting the following env vars:
AIRFLOW_CTX_DAG_OWNER=airflow
AIRFLOW_CTX_DAG_ID=bash_operator_dag
AIRFLOW_CTX_TASK_ID=second_task
AIRFLOW_CTX_EXECUTION_DATE=2021-02-19T00:00:00+00:00
AIRFLOW_CTX_DAG_RUN_ID=scheduled__2021-02-19T00:00:00+00:00
[2021-04-25 00:08:05,709] {bash.py:135} INFO - Tmp dir root location: 
 /tmp
[2021-04-25 00:08:05,711] {bash.py:158} INFO - Running command: echo "testing second bash operator"
[2021-04-25 00:08:05,736] {bash.py:169} INFO - Output:
[2021-04-25 00:08:05,740] {bash.py:173} INFO - testing second bash operator
[2021-04-25 00:08:05,741] {bash.py:177} INFO - Command exited with return code 0
[2021-04-25 00:08:05,866] {taskinstance.py:1192} INFO - Marking task as SUCCESS. dag_id=bash_operator_dag, task_id=second_task, execution_date=20210219T000000, start_date=20210425T000805, end_date=20210425T000805
[2021-04-25 00:08:05,984] {taskinstance.py:1246} INFO - 0 downstream tasks scheduled from follow-on schedule check
[2021-04-25 00:08:06,043] {local_task_job.py:146} INFO - Task exited with return code 0
