[2021-04-25 00:05:28,833] {taskinstance.py:877} INFO - Dependencies all met for <TaskInstance: bash_operator_dag.second_task 2021-03-25T00:00:00+00:00 [queued]>
[2021-04-25 00:05:28,856] {taskinstance.py:877} INFO - Dependencies all met for <TaskInstance: bash_operator_dag.second_task 2021-03-25T00:00:00+00:00 [queued]>
[2021-04-25 00:05:28,857] {taskinstance.py:1068} INFO - 
--------------------------------------------------------------------------------
[2021-04-25 00:05:28,857] {taskinstance.py:1069} INFO - Starting attempt 1 of 1
[2021-04-25 00:05:28,857] {taskinstance.py:1070} INFO - 
--------------------------------------------------------------------------------
[2021-04-25 00:05:28,891] {taskinstance.py:1089} INFO - Executing <Task(BashOperator): second_task> on 2021-03-25T00:00:00+00:00
[2021-04-25 00:05:28,933] {standard_task_runner.py:76} INFO - Running: ['airflow', 'tasks', 'run', 'bash_operator_dag', 'second_task', '2021-03-25T00:00:00+00:00', '--job-id', '448', '--pool', 'default_pool', '--raw', '--subdir', 'DAGS_FOLDER/simple_bash_operator_dag.py', '--cfg-path', '/tmp/tmpc8rv_nr0', '--error-file', '/tmp/tmps57biwl_']
[2021-04-25 00:05:28,935] {standard_task_runner.py:77} INFO - Job 448: Subtask second_task
[2021-04-25 00:05:28,910] {standard_task_runner.py:52} INFO - Started process 1243 to run task
[2021-04-25 00:05:29,082] {logging_mixin.py:104} INFO - Running <TaskInstance: bash_operator_dag.second_task 2021-03-25T00:00:00+00:00 [running]> on host 4a00a306afdc
[2021-04-25 00:05:29,176] {taskinstance.py:1283} INFO - Exporting the following env vars:
AIRFLOW_CTX_DAG_OWNER=airflow
AIRFLOW_CTX_DAG_ID=bash_operator_dag
AIRFLOW_CTX_TASK_ID=second_task
AIRFLOW_CTX_EXECUTION_DATE=2021-03-25T00:00:00+00:00
AIRFLOW_CTX_DAG_RUN_ID=scheduled__2021-03-25T00:00:00+00:00
[2021-04-25 00:05:29,177] {bash.py:135} INFO - Tmp dir root location: 
 /tmp
[2021-04-25 00:05:29,179] {bash.py:158} INFO - Running command: echo "testing second bash operator"
[2021-04-25 00:05:29,194] {bash.py:169} INFO - Output:
[2021-04-25 00:05:29,195] {bash.py:173} INFO - testing second bash operator
[2021-04-25 00:05:29,196] {bash.py:177} INFO - Command exited with return code 0
[2021-04-25 00:05:29,256] {taskinstance.py:1192} INFO - Marking task as SUCCESS. dag_id=bash_operator_dag, task_id=second_task, execution_date=20210325T000000, start_date=20210425T000528, end_date=20210425T000529
[2021-04-25 00:05:29,369] {taskinstance.py:1246} INFO - 0 downstream tasks scheduled from follow-on schedule check
[2021-04-25 00:05:29,414] {local_task_job.py:146} INFO - Task exited with return code 0
[2021-04-25 00:08:38,808] {taskinstance.py:877} INFO - Dependencies all met for <TaskInstance: bash_operator_dag.second_task 2021-03-25T00:00:00+00:00 [queued]>
[2021-04-25 00:08:38,834] {taskinstance.py:877} INFO - Dependencies all met for <TaskInstance: bash_operator_dag.second_task 2021-03-25T00:00:00+00:00 [queued]>
[2021-04-25 00:08:38,834] {taskinstance.py:1068} INFO - 
--------------------------------------------------------------------------------
[2021-04-25 00:08:38,834] {taskinstance.py:1069} INFO - Starting attempt 1 of 3
[2021-04-25 00:08:38,835] {taskinstance.py:1070} INFO - 
--------------------------------------------------------------------------------
[2021-04-25 00:08:38,910] {taskinstance.py:1089} INFO - Executing <Task(BashOperator): second_task> on 2021-03-25T00:00:00+00:00
[2021-04-25 00:08:38,928] {standard_task_runner.py:52} INFO - Started process 1806 to run task
[2021-04-25 00:08:38,961] {standard_task_runner.py:76} INFO - Running: ['airflow', 'tasks', 'run', 'bash_operator_dag', 'second_task', '2021-03-25T00:00:00+00:00', '--job-id', '637', '--pool', 'default_pool', '--raw', '--subdir', 'DAGS_FOLDER/simple_bash_operator_dag.py', '--cfg-path', '/tmp/tmp6znivmoe', '--error-file', '/tmp/tmpq0yuvztp']
[2021-04-25 00:08:38,962] {standard_task_runner.py:77} INFO - Job 637: Subtask second_task
[2021-04-25 00:08:39,072] {logging_mixin.py:104} INFO - Running <TaskInstance: bash_operator_dag.second_task 2021-03-25T00:00:00+00:00 [running]> on host 4a00a306afdc
[2021-04-25 00:08:39,213] {taskinstance.py:1283} INFO - Exporting the following env vars:
AIRFLOW_CTX_DAG_OWNER=airflow
AIRFLOW_CTX_DAG_ID=bash_operator_dag
AIRFLOW_CTX_TASK_ID=second_task
AIRFLOW_CTX_EXECUTION_DATE=2021-03-25T00:00:00+00:00
AIRFLOW_CTX_DAG_RUN_ID=scheduled__2021-03-25T00:00:00+00:00
[2021-04-25 00:08:39,214] {bash.py:135} INFO - Tmp dir root location: 
 /tmp
[2021-04-25 00:08:39,217] {bash.py:158} INFO - Running command: echo "testing second bash operator"
[2021-04-25 00:08:39,241] {bash.py:169} INFO - Output:
[2021-04-25 00:08:39,243] {bash.py:173} INFO - testing second bash operator
[2021-04-25 00:08:39,244] {bash.py:177} INFO - Command exited with return code 0
[2021-04-25 00:08:39,468] {taskinstance.py:1192} INFO - Marking task as SUCCESS. dag_id=bash_operator_dag, task_id=second_task, execution_date=20210325T000000, start_date=20210425T000838, end_date=20210425T000839
[2021-04-25 00:08:39,586] {taskinstance.py:1246} INFO - 0 downstream tasks scheduled from follow-on schedule check
[2021-04-25 00:08:39,620] {local_task_job.py:146} INFO - Task exited with return code 0
