[2021-04-25 09:54:52,581] {taskinstance.py:877} INFO - Dependencies all met for <TaskInstance: write_file_python_operator.fetch_and_write_a_file_task 2021-04-25T09:54:51.011151+00:00 [queued]>
[2021-04-25 09:54:52,611] {taskinstance.py:877} INFO - Dependencies all met for <TaskInstance: write_file_python_operator.fetch_and_write_a_file_task 2021-04-25T09:54:51.011151+00:00 [queued]>
[2021-04-25 09:54:52,612] {taskinstance.py:1068} INFO - 
--------------------------------------------------------------------------------
[2021-04-25 09:54:52,612] {taskinstance.py:1069} INFO - Starting attempt 1 of 3
[2021-04-25 09:54:52,612] {taskinstance.py:1070} INFO - 
--------------------------------------------------------------------------------
[2021-04-25 09:54:52,650] {taskinstance.py:1089} INFO - Executing <Task(PythonOperator): fetch_and_write_a_file_task> on 2021-04-25T09:54:51.011151+00:00
[2021-04-25 09:54:52,656] {standard_task_runner.py:52} INFO - Started process 71 to run task
[2021-04-25 09:54:52,672] {standard_task_runner.py:76} INFO - Running: ['airflow', 'tasks', 'run', 'write_file_python_operator', 'fetch_and_write_a_file_task', '2021-04-25T09:54:51.011151+00:00', '--job-id', '831', '--pool', 'default_pool', '--raw', '--subdir', 'DAGS_FOLDER/python_operator/write_file_python_operator.py', '--cfg-path', '/tmp/tmpq5xscpnz', '--error-file', '/tmp/tmpas1j7vf2']
[2021-04-25 09:54:52,673] {standard_task_runner.py:77} INFO - Job 831: Subtask fetch_and_write_a_file_task
[2021-04-25 09:54:52,802] {logging_mixin.py:104} INFO - Running <TaskInstance: write_file_python_operator.fetch_and_write_a_file_task 2021-04-25T09:54:51.011151+00:00 [running]> on host d6e2455ef0ec
[2021-04-25 09:54:52,954] {taskinstance.py:1283} INFO - Exporting the following env vars:
AIRFLOW_CTX_DAG_OWNER=airflow
AIRFLOW_CTX_DAG_ID=write_file_python_operator
AIRFLOW_CTX_TASK_ID=fetch_and_write_a_file_task
AIRFLOW_CTX_EXECUTION_DATE=2021-04-25T09:54:51.011151+00:00
AIRFLOW_CTX_DAG_RUN_ID=manual__2021-04-25T09:54:51.011151+00:00
[2021-04-25 09:54:53,589] {logging_mixin.py:104} INFO - Success fetch data from http://jsonplaceholder.typicode.com/todos and write to todo.json
[2021-04-25 09:54:53,590] {python.py:118} INFO - Done. Returned value was: None
[2021-04-25 09:54:53,647] {taskinstance.py:1192} INFO - Marking task as SUCCESS. dag_id=write_file_python_operator, task_id=fetch_and_write_a_file_task, execution_date=20210425T095451, start_date=20210425T095452, end_date=20210425T095453
[2021-04-25 09:54:53,781] {taskinstance.py:1246} INFO - 0 downstream tasks scheduled from follow-on schedule check
[2021-04-25 09:54:53,826] {local_task_job.py:146} INFO - Task exited with return code 0
