[2021-04-25 00:05:22,062] {taskinstance.py:877} INFO - Dependencies all met for <TaskInstance: bash_operator_dag.first_task 2021-03-17T00:00:00+00:00 [queued]>
[2021-04-25 00:05:22,097] {taskinstance.py:877} INFO - Dependencies all met for <TaskInstance: bash_operator_dag.first_task 2021-03-17T00:00:00+00:00 [queued]>
[2021-04-25 00:05:22,097] {taskinstance.py:1068} INFO - 
--------------------------------------------------------------------------------
[2021-04-25 00:05:22,097] {taskinstance.py:1069} INFO - Starting attempt 1 of 1
[2021-04-25 00:05:22,097] {taskinstance.py:1070} INFO - 
--------------------------------------------------------------------------------
[2021-04-25 00:05:22,132] {taskinstance.py:1089} INFO - Executing <Task(BashOperator): first_task> on 2021-03-17T00:00:00+00:00
[2021-04-25 00:05:22,149] {standard_task_runner.py:76} INFO - Running: ['airflow', 'tasks', 'run', 'bash_operator_dag', 'first_task', '2021-03-17T00:00:00+00:00', '--job-id', '427', '--pool', 'default_pool', '--raw', '--subdir', 'DAGS_FOLDER/simple_bash_operator_dag.py', '--cfg-path', '/tmp/tmp_bknh_tk', '--error-file', '/tmp/tmp2zmolcuj']
[2021-04-25 00:05:22,151] {standard_task_runner.py:77} INFO - Job 427: Subtask first_task
[2021-04-25 00:05:22,139] {standard_task_runner.py:52} INFO - Started process 1177 to run task
[2021-04-25 00:05:22,277] {logging_mixin.py:104} INFO - Running <TaskInstance: bash_operator_dag.first_task 2021-03-17T00:00:00+00:00 [running]> on host 4a00a306afdc
[2021-04-25 00:05:22,379] {taskinstance.py:1283} INFO - Exporting the following env vars:
AIRFLOW_CTX_DAG_OWNER=airflow
AIRFLOW_CTX_DAG_ID=bash_operator_dag
AIRFLOW_CTX_TASK_ID=first_task
AIRFLOW_CTX_EXECUTION_DATE=2021-03-17T00:00:00+00:00
AIRFLOW_CTX_DAG_RUN_ID=scheduled__2021-03-17T00:00:00+00:00
[2021-04-25 00:05:22,381] {bash.py:135} INFO - Tmp dir root location: 
 /tmp
[2021-04-25 00:05:22,383] {bash.py:158} INFO - Running command: echo "testing first bash operator"
[2021-04-25 00:05:22,410] {bash.py:169} INFO - Output:
[2021-04-25 00:05:22,411] {bash.py:173} INFO - testing first bash operator
[2021-04-25 00:05:22,412] {bash.py:177} INFO - Command exited with return code 0
[2021-04-25 00:05:22,482] {taskinstance.py:1192} INFO - Marking task as SUCCESS. dag_id=bash_operator_dag, task_id=first_task, execution_date=20210317T000000, start_date=20210425T000522, end_date=20210425T000522
[2021-04-25 00:05:22,567] {taskinstance.py:1246} INFO - 1 downstream tasks scheduled from follow-on schedule check
[2021-04-25 00:05:22,615] {local_task_job.py:146} INFO - Task exited with return code 0
[2021-04-25 00:08:28,047] {taskinstance.py:877} INFO - Dependencies all met for <TaskInstance: bash_operator_dag.first_task 2021-03-17T00:00:00+00:00 [queued]>
[2021-04-25 00:08:28,108] {taskinstance.py:877} INFO - Dependencies all met for <TaskInstance: bash_operator_dag.first_task 2021-03-17T00:00:00+00:00 [queued]>
[2021-04-25 00:08:28,109] {taskinstance.py:1068} INFO - 
--------------------------------------------------------------------------------
[2021-04-25 00:08:28,109] {taskinstance.py:1069} INFO - Starting attempt 1 of 3
[2021-04-25 00:08:28,110] {taskinstance.py:1070} INFO - 
--------------------------------------------------------------------------------
[2021-04-25 00:08:28,163] {taskinstance.py:1089} INFO - Executing <Task(BashOperator): first_task> on 2021-03-17T00:00:00+00:00
[2021-04-25 00:08:28,171] {standard_task_runner.py:52} INFO - Started process 1739 to run task
[2021-04-25 00:08:28,185] {standard_task_runner.py:76} INFO - Running: ['airflow', 'tasks', 'run', 'bash_operator_dag', 'first_task', '2021-03-17T00:00:00+00:00', '--job-id', '614', '--pool', 'default_pool', '--raw', '--subdir', 'DAGS_FOLDER/simple_bash_operator_dag.py', '--cfg-path', '/tmp/tmpulxjmkgs', '--error-file', '/tmp/tmp9baa5_7a']
[2021-04-25 00:08:28,187] {standard_task_runner.py:77} INFO - Job 614: Subtask first_task
[2021-04-25 00:08:28,322] {logging_mixin.py:104} INFO - Running <TaskInstance: bash_operator_dag.first_task 2021-03-17T00:00:00+00:00 [running]> on host 4a00a306afdc
[2021-04-25 00:08:28,478] {taskinstance.py:1283} INFO - Exporting the following env vars:
AIRFLOW_CTX_DAG_OWNER=airflow
AIRFLOW_CTX_DAG_ID=bash_operator_dag
AIRFLOW_CTX_TASK_ID=first_task
AIRFLOW_CTX_EXECUTION_DATE=2021-03-17T00:00:00+00:00
AIRFLOW_CTX_DAG_RUN_ID=scheduled__2021-03-17T00:00:00+00:00
[2021-04-25 00:08:28,481] {bash.py:135} INFO - Tmp dir root location: 
 /tmp
[2021-04-25 00:08:28,487] {bash.py:158} INFO - Running command: echo "testing first bash operator"
[2021-04-25 00:08:28,511] {bash.py:169} INFO - Output:
[2021-04-25 00:08:28,514] {bash.py:173} INFO - testing first bash operator
[2021-04-25 00:08:28,515] {bash.py:177} INFO - Command exited with return code 0
[2021-04-25 00:08:28,667] {taskinstance.py:1192} INFO - Marking task as SUCCESS. dag_id=bash_operator_dag, task_id=first_task, execution_date=20210317T000000, start_date=20210425T000828, end_date=20210425T000828
[2021-04-25 00:08:28,800] {taskinstance.py:1246} INFO - 1 downstream tasks scheduled from follow-on schedule check
[2021-04-25 00:08:28,845] {local_task_job.py:146} INFO - Task exited with return code 0
