[2021-04-25 00:07:46,042] {taskinstance.py:877} INFO - Dependencies all met for <TaskInstance: bash_operator_dag.first_task 2021-02-06T00:00:00+00:00 [queued]>
[2021-04-25 00:07:46,121] {taskinstance.py:877} INFO - Dependencies all met for <TaskInstance: bash_operator_dag.first_task 2021-02-06T00:00:00+00:00 [queued]>
[2021-04-25 00:07:46,121] {taskinstance.py:1068} INFO - 
--------------------------------------------------------------------------------
[2021-04-25 00:07:46,122] {taskinstance.py:1069} INFO - Starting attempt 1 of 3
[2021-04-25 00:07:46,122] {taskinstance.py:1070} INFO - 
--------------------------------------------------------------------------------
[2021-04-25 00:07:46,204] {taskinstance.py:1089} INFO - Executing <Task(BashOperator): first_task> on 2021-02-06T00:00:00+00:00
[2021-04-25 00:07:46,223] {standard_task_runner.py:52} INFO - Started process 1505 to run task
[2021-04-25 00:07:46,262] {standard_task_runner.py:76} INFO - Running: ['airflow', 'tasks', 'run', 'bash_operator_dag', 'first_task', '2021-02-06T00:00:00+00:00', '--job-id', '536', '--pool', 'default_pool', '--raw', '--subdir', 'DAGS_FOLDER/simple_bash_operator_dag.py', '--cfg-path', '/tmp/tmpvle2miru', '--error-file', '/tmp/tmps4y0h45s']
[2021-04-25 00:07:46,263] {standard_task_runner.py:77} INFO - Job 536: Subtask first_task
[2021-04-25 00:07:46,449] {logging_mixin.py:104} INFO - Running <TaskInstance: bash_operator_dag.first_task 2021-02-06T00:00:00+00:00 [running]> on host 4a00a306afdc
[2021-04-25 00:07:46,600] {taskinstance.py:1283} INFO - Exporting the following env vars:
AIRFLOW_CTX_DAG_OWNER=airflow
AIRFLOW_CTX_DAG_ID=bash_operator_dag
AIRFLOW_CTX_TASK_ID=first_task
AIRFLOW_CTX_EXECUTION_DATE=2021-02-06T00:00:00+00:00
AIRFLOW_CTX_DAG_RUN_ID=scheduled__2021-02-06T00:00:00+00:00
[2021-04-25 00:07:46,602] {bash.py:135} INFO - Tmp dir root location: 
 /tmp
[2021-04-25 00:07:46,606] {bash.py:158} INFO - Running command: echo "testing first bash operator"
[2021-04-25 00:07:46,628] {bash.py:169} INFO - Output:
[2021-04-25 00:07:46,632] {bash.py:173} INFO - testing first bash operator
[2021-04-25 00:07:46,633] {bash.py:177} INFO - Command exited with return code 0
[2021-04-25 00:07:46,758] {taskinstance.py:1192} INFO - Marking task as SUCCESS. dag_id=bash_operator_dag, task_id=first_task, execution_date=20210206T000000, start_date=20210425T000746, end_date=20210425T000746
[2021-04-25 00:07:47,123] {taskinstance.py:1246} INFO - 0 downstream tasks scheduled from follow-on schedule check
[2021-04-25 00:07:47,177] {local_task_job.py:146} INFO - Task exited with return code 0
[2021-04-25 00:44:17,701] {taskinstance.py:877} INFO - Dependencies all met for <TaskInstance: bash_operator_dag.first_task 2021-02-06T00:00:00+00:00 [queued]>
[2021-04-25 00:44:17,744] {taskinstance.py:877} INFO - Dependencies all met for <TaskInstance: bash_operator_dag.first_task 2021-02-06T00:00:00+00:00 [queued]>
[2021-04-25 00:44:17,745] {taskinstance.py:1068} INFO - 
--------------------------------------------------------------------------------
[2021-04-25 00:44:17,745] {taskinstance.py:1069} INFO - Starting attempt 1 of 3
[2021-04-25 00:44:17,746] {taskinstance.py:1070} INFO - 
--------------------------------------------------------------------------------
[2021-04-25 00:44:17,820] {taskinstance.py:1089} INFO - Executing <Task(BashOperator): first_task> on 2021-02-06T00:00:00+00:00
[2021-04-25 00:44:17,841] {standard_task_runner.py:52} INFO - Started process 2189 to run task
[2021-04-25 00:44:17,863] {standard_task_runner.py:76} INFO - Running: ['airflow', 'tasks', 'run', 'bash_operator_dag', 'first_task', '2021-02-06T00:00:00+00:00', '--job-id', '765', '--pool', 'default_pool', '--raw', '--subdir', 'DAGS_FOLDER/simple_bash_operator_dag.py', '--cfg-path', '/tmp/tmpmvrlrcqg', '--error-file', '/tmp/tmpssv82oso']
[2021-04-25 00:44:17,864] {standard_task_runner.py:77} INFO - Job 765: Subtask first_task
[2021-04-25 00:44:18,049] {logging_mixin.py:104} INFO - Running <TaskInstance: bash_operator_dag.first_task 2021-02-06T00:00:00+00:00 [running]> on host 4a00a306afdc
[2021-04-25 00:44:18,220] {taskinstance.py:1283} INFO - Exporting the following env vars:
AIRFLOW_CTX_DAG_OWNER=airflow
AIRFLOW_CTX_DAG_ID=bash_operator_dag
AIRFLOW_CTX_TASK_ID=first_task
AIRFLOW_CTX_EXECUTION_DATE=2021-02-06T00:00:00+00:00
AIRFLOW_CTX_DAG_RUN_ID=scheduled__2021-02-06T00:00:00+00:00
[2021-04-25 00:44:18,222] {bash.py:135} INFO - Tmp dir root location: 
 /tmp
[2021-04-25 00:44:18,224] {bash.py:158} INFO - Running command: echo "testing first bash operator"
[2021-04-25 00:44:18,255] {bash.py:169} INFO - Output:
[2021-04-25 00:44:18,273] {bash.py:173} INFO - testing first bash operator
[2021-04-25 00:44:18,273] {bash.py:177} INFO - Command exited with return code 0
[2021-04-25 00:44:18,370] {taskinstance.py:1192} INFO - Marking task as SUCCESS. dag_id=bash_operator_dag, task_id=first_task, execution_date=20210206T000000, start_date=20210425T004417, end_date=20210425T004418
[2021-04-25 00:44:18,475] {taskinstance.py:1246} INFO - 1 downstream tasks scheduled from follow-on schedule check
[2021-04-25 00:44:18,523] {local_task_job.py:146} INFO - Task exited with return code 0
