[2021-04-25 00:07:44,981] {taskinstance.py:877} INFO - Dependencies all met for <TaskInstance: bash_operator_dag.second_task 2021-02-02T00:00:00+00:00 [queued]>
[2021-04-25 00:07:45,044] {taskinstance.py:877} INFO - Dependencies all met for <TaskInstance: bash_operator_dag.second_task 2021-02-02T00:00:00+00:00 [queued]>
[2021-04-25 00:07:45,044] {taskinstance.py:1068} INFO - 
--------------------------------------------------------------------------------
[2021-04-25 00:07:45,045] {taskinstance.py:1069} INFO - Starting attempt 1 of 3
[2021-04-25 00:07:45,045] {taskinstance.py:1070} INFO - 
--------------------------------------------------------------------------------
[2021-04-25 00:07:45,095] {taskinstance.py:1089} INFO - Executing <Task(BashOperator): second_task> on 2021-02-02T00:00:00+00:00
[2021-04-25 00:07:45,117] {standard_task_runner.py:76} INFO - Running: ['airflow', 'tasks', 'run', 'bash_operator_dag', 'second_task', '2021-02-02T00:00:00+00:00', '--job-id', '535', '--pool', 'default_pool', '--raw', '--subdir', 'DAGS_FOLDER/simple_bash_operator_dag.py', '--cfg-path', '/tmp/tmp1gxy_rcw', '--error-file', '/tmp/tmpmn_1hb8z']
[2021-04-25 00:07:45,103] {standard_task_runner.py:52} INFO - Started process 1499 to run task
[2021-04-25 00:07:45,119] {standard_task_runner.py:77} INFO - Job 535: Subtask second_task
[2021-04-25 00:07:45,284] {logging_mixin.py:104} INFO - Running <TaskInstance: bash_operator_dag.second_task 2021-02-02T00:00:00+00:00 [running]> on host 4a00a306afdc
[2021-04-25 00:07:45,461] {taskinstance.py:1283} INFO - Exporting the following env vars:
AIRFLOW_CTX_DAG_OWNER=airflow
AIRFLOW_CTX_DAG_ID=bash_operator_dag
AIRFLOW_CTX_TASK_ID=second_task
AIRFLOW_CTX_EXECUTION_DATE=2021-02-02T00:00:00+00:00
AIRFLOW_CTX_DAG_RUN_ID=scheduled__2021-02-02T00:00:00+00:00
[2021-04-25 00:07:45,462] {bash.py:135} INFO - Tmp dir root location: 
 /tmp
[2021-04-25 00:07:45,464] {bash.py:158} INFO - Running command: echo "testing second bash operator"
[2021-04-25 00:07:45,487] {bash.py:169} INFO - Output:
[2021-04-25 00:07:45,491] {bash.py:173} INFO - testing second bash operator
[2021-04-25 00:07:45,492] {bash.py:177} INFO - Command exited with return code 0
[2021-04-25 00:07:45,693] {taskinstance.py:1192} INFO - Marking task as SUCCESS. dag_id=bash_operator_dag, task_id=second_task, execution_date=20210202T000000, start_date=20210425T000744, end_date=20210425T000745
[2021-04-25 00:07:45,831] {taskinstance.py:1246} INFO - 0 downstream tasks scheduled from follow-on schedule check
[2021-04-25 00:07:45,851] {local_task_job.py:146} INFO - Task exited with return code 0
[2021-04-25 00:44:16,740] {taskinstance.py:877} INFO - Dependencies all met for <TaskInstance: bash_operator_dag.second_task 2021-02-02T00:00:00+00:00 [queued]>
[2021-04-25 00:44:16,784] {taskinstance.py:877} INFO - Dependencies all met for <TaskInstance: bash_operator_dag.second_task 2021-02-02T00:00:00+00:00 [queued]>
[2021-04-25 00:44:16,785] {taskinstance.py:1068} INFO - 
--------------------------------------------------------------------------------
[2021-04-25 00:44:16,785] {taskinstance.py:1069} INFO - Starting attempt 1 of 3
[2021-04-25 00:44:16,785] {taskinstance.py:1070} INFO - 
--------------------------------------------------------------------------------
[2021-04-25 00:44:16,857] {taskinstance.py:1089} INFO - Executing <Task(BashOperator): second_task> on 2021-02-02T00:00:00+00:00
[2021-04-25 00:44:16,874] {standard_task_runner.py:52} INFO - Started process 2184 to run task
[2021-04-25 00:44:16,888] {standard_task_runner.py:76} INFO - Running: ['airflow', 'tasks', 'run', 'bash_operator_dag', 'second_task', '2021-02-02T00:00:00+00:00', '--job-id', '763', '--pool', 'default_pool', '--raw', '--subdir', 'DAGS_FOLDER/simple_bash_operator_dag.py', '--cfg-path', '/tmp/tmp5ftnahhh', '--error-file', '/tmp/tmpfamtdvoc']
[2021-04-25 00:44:16,889] {standard_task_runner.py:77} INFO - Job 763: Subtask second_task
[2021-04-25 00:44:17,067] {logging_mixin.py:104} INFO - Running <TaskInstance: bash_operator_dag.second_task 2021-02-02T00:00:00+00:00 [running]> on host 4a00a306afdc
[2021-04-25 00:44:17,236] {taskinstance.py:1283} INFO - Exporting the following env vars:
AIRFLOW_CTX_DAG_OWNER=airflow
AIRFLOW_CTX_DAG_ID=bash_operator_dag
AIRFLOW_CTX_TASK_ID=second_task
AIRFLOW_CTX_EXECUTION_DATE=2021-02-02T00:00:00+00:00
AIRFLOW_CTX_DAG_RUN_ID=scheduled__2021-02-02T00:00:00+00:00
[2021-04-25 00:44:17,239] {bash.py:135} INFO - Tmp dir root location: 
 /tmp
[2021-04-25 00:44:17,242] {bash.py:158} INFO - Running command: echo "testing second bash operator"
[2021-04-25 00:44:17,276] {bash.py:169} INFO - Output:
[2021-04-25 00:44:17,281] {bash.py:173} INFO - testing second bash operator
[2021-04-25 00:44:17,283] {bash.py:177} INFO - Command exited with return code 0
[2021-04-25 00:44:17,401] {taskinstance.py:1192} INFO - Marking task as SUCCESS. dag_id=bash_operator_dag, task_id=second_task, execution_date=20210202T000000, start_date=20210425T004416, end_date=20210425T004417
[2021-04-25 00:44:17,492] {taskinstance.py:1246} INFO - 0 downstream tasks scheduled from follow-on schedule check
[2021-04-25 00:44:17,515] {local_task_job.py:146} INFO - Task exited with return code 0
