[2021-04-27 02:23:50,623] {taskinstance.py:877} INFO - Dependencies all met for <TaskInstance: branch_python_operator_dag.branch_task 2021-04-26T00:00:00+00:00 [queued]>
[2021-04-27 02:23:50,650] {taskinstance.py:877} INFO - Dependencies all met for <TaskInstance: branch_python_operator_dag.branch_task 2021-04-26T00:00:00+00:00 [queued]>
[2021-04-27 02:23:50,650] {taskinstance.py:1068} INFO - 
--------------------------------------------------------------------------------
[2021-04-27 02:23:50,650] {taskinstance.py:1069} INFO - Starting attempt 1 of 3
[2021-04-27 02:23:50,650] {taskinstance.py:1070} INFO - 
--------------------------------------------------------------------------------
[2021-04-27 02:23:50,668] {taskinstance.py:1089} INFO - Executing <Task(BranchPythonOperator): branch_task> on 2021-04-26T00:00:00+00:00
[2021-04-27 02:23:50,675] {standard_task_runner.py:52} INFO - Started process 49 to run task
[2021-04-27 02:23:50,680] {standard_task_runner.py:76} INFO - Running: ['airflow', 'tasks', 'run', 'branch_python_operator_dag', 'branch_task', '2021-04-26T00:00:00+00:00', '--job-id', '954', '--pool', 'default_pool', '--raw', '--subdir', 'DAGS_FOLDER/python_operator/branch_python_operator_dag.py', '--cfg-path', '/tmp/tmpfeb0zlmu', '--error-file', '/tmp/tmpcnwjo4fn']
[2021-04-27 02:23:50,681] {standard_task_runner.py:77} INFO - Job 954: Subtask branch_task
[2021-04-27 02:23:50,764] {logging_mixin.py:104} INFO - Running <TaskInstance: branch_python_operator_dag.branch_task 2021-04-26T00:00:00+00:00 [running]> on host d6e2455ef0ec
[2021-04-27 02:23:50,842] {taskinstance.py:1283} INFO - Exporting the following env vars:
AIRFLOW_CTX_DAG_OWNER=airflow
AIRFLOW_CTX_DAG_ID=branch_python_operator_dag
AIRFLOW_CTX_TASK_ID=branch_task
AIRFLOW_CTX_EXECUTION_DATE=2021-04-26T00:00:00+00:00
AIRFLOW_CTX_DAG_RUN_ID=scheduled__2021-04-26T00:00:00+00:00
[2021-04-27 02:23:50,845] {python.py:118} INFO - Done. Returned value was: even_day_task
[2021-04-27 02:23:50,846] {skipmixin.py:124} INFO - Following branch even_day_task
[2021-04-27 02:23:50,863] {skipmixin.py:155} INFO - Skipping tasks ['odd_day_task']
[2021-04-27 02:23:50,938] {taskinstance.py:1192} INFO - Marking task as SUCCESS. dag_id=branch_python_operator_dag, task_id=branch_task, execution_date=20210426T000000, start_date=20210427T022350, end_date=20210427T022350
[2021-04-27 02:23:50,994] {taskinstance.py:1246} INFO - 1 downstream tasks scheduled from follow-on schedule check
[2021-04-27 02:23:51,029] {local_task_job.py:146} INFO - Task exited with return code 0
