[2021-04-25 00:09:12,419] {taskinstance.py:877} INFO - Dependencies all met for <TaskInstance: bash_operator_dag.second_task 2021-04-21T00:00:00+00:00 [queued]>
[2021-04-25 00:09:12,457] {taskinstance.py:877} INFO - Dependencies all met for <TaskInstance: bash_operator_dag.second_task 2021-04-21T00:00:00+00:00 [queued]>
[2021-04-25 00:09:12,458] {taskinstance.py:1068} INFO - 
--------------------------------------------------------------------------------
[2021-04-25 00:09:12,458] {taskinstance.py:1069} INFO - Starting attempt 1 of 3
[2021-04-25 00:09:12,458] {taskinstance.py:1070} INFO - 
--------------------------------------------------------------------------------
[2021-04-25 00:09:12,524] {taskinstance.py:1089} INFO - Executing <Task(BashOperator): second_task> on 2021-04-21T00:00:00+00:00
[2021-04-25 00:09:12,544] {standard_task_runner.py:52} INFO - Started process 1954 to run task
[2021-04-25 00:09:12,574] {standard_task_runner.py:76} INFO - Running: ['airflow', 'tasks', 'run', 'bash_operator_dag', 'second_task', '2021-04-21T00:00:00+00:00', '--job-id', '686', '--pool', 'default_pool', '--raw', '--subdir', 'DAGS_FOLDER/simple_bash_operator_dag.py', '--cfg-path', '/tmp/tmpsntl69r4', '--error-file', '/tmp/tmpoun8jtbv']
[2021-04-25 00:09:12,575] {standard_task_runner.py:77} INFO - Job 686: Subtask second_task
[2021-04-25 00:09:12,780] {logging_mixin.py:104} INFO - Running <TaskInstance: bash_operator_dag.second_task 2021-04-21T00:00:00+00:00 [running]> on host 4a00a306afdc
[2021-04-25 00:09:12,959] {taskinstance.py:1283} INFO - Exporting the following env vars:
AIRFLOW_CTX_DAG_OWNER=airflow
AIRFLOW_CTX_DAG_ID=bash_operator_dag
AIRFLOW_CTX_TASK_ID=second_task
AIRFLOW_CTX_EXECUTION_DATE=2021-04-21T00:00:00+00:00
AIRFLOW_CTX_DAG_RUN_ID=scheduled__2021-04-21T00:00:00+00:00
[2021-04-25 00:09:12,960] {bash.py:135} INFO - Tmp dir root location: 
 /tmp
[2021-04-25 00:09:12,970] {bash.py:158} INFO - Running command: echo "testing second bash operator"
[2021-04-25 00:09:13,000] {bash.py:169} INFO - Output:
[2021-04-25 00:09:13,005] {bash.py:173} INFO - testing second bash operator
[2021-04-25 00:09:13,006] {bash.py:177} INFO - Command exited with return code 0
[2021-04-25 00:09:13,087] {taskinstance.py:1192} INFO - Marking task as SUCCESS. dag_id=bash_operator_dag, task_id=second_task, execution_date=20210421T000000, start_date=20210425T000912, end_date=20210425T000913
[2021-04-25 00:09:13,152] {taskinstance.py:1246} INFO - 0 downstream tasks scheduled from follow-on schedule check
[2021-04-25 00:09:13,196] {local_task_job.py:146} INFO - Task exited with return code 0
