[2021-04-25 00:05:13,428] {taskinstance.py:877} INFO - Dependencies all met for <TaskInstance: bash_operator_dag.second_task 2021-03-04T00:00:00+00:00 [queued]>
[2021-04-25 00:05:13,469] {taskinstance.py:877} INFO - Dependencies all met for <TaskInstance: bash_operator_dag.second_task 2021-03-04T00:00:00+00:00 [queued]>
[2021-04-25 00:05:13,470] {taskinstance.py:1068} INFO - 
--------------------------------------------------------------------------------
[2021-04-25 00:05:13,471] {taskinstance.py:1069} INFO - Starting attempt 1 of 3
[2021-04-25 00:05:13,471] {taskinstance.py:1070} INFO - 
--------------------------------------------------------------------------------
[2021-04-25 00:05:13,529] {taskinstance.py:1089} INFO - Executing <Task(BashOperator): second_task> on 2021-03-04T00:00:00+00:00
[2021-04-25 00:05:13,541] {standard_task_runner.py:52} INFO - Started process 1117 to run task
[2021-04-25 00:05:13,592] {standard_task_runner.py:76} INFO - Running: ['airflow', 'tasks', 'run', 'bash_operator_dag', 'second_task', '2021-03-04T00:00:00+00:00', '--job-id', '407', '--pool', 'default_pool', '--raw', '--subdir', 'DAGS_FOLDER/simple_bash_operator_dag.py', '--cfg-path', '/tmp/tmpb3h_0td_', '--error-file', '/tmp/tmp_t9skw_m']
[2021-04-25 00:05:13,593] {standard_task_runner.py:77} INFO - Job 407: Subtask second_task
[2021-04-25 00:05:13,753] {logging_mixin.py:104} INFO - Running <TaskInstance: bash_operator_dag.second_task 2021-03-04T00:00:00+00:00 [running]> on host 4a00a306afdc
[2021-04-25 00:05:13,879] {taskinstance.py:1283} INFO - Exporting the following env vars:
AIRFLOW_CTX_DAG_OWNER=airflow
AIRFLOW_CTX_DAG_ID=bash_operator_dag
AIRFLOW_CTX_TASK_ID=second_task
AIRFLOW_CTX_EXECUTION_DATE=2021-03-04T00:00:00+00:00
AIRFLOW_CTX_DAG_RUN_ID=scheduled__2021-03-04T00:00:00+00:00
[2021-04-25 00:05:13,881] {bash.py:135} INFO - Tmp dir root location: 
 /tmp
[2021-04-25 00:05:13,883] {bash.py:158} INFO - Running command: echo "testing second bash operator"
[2021-04-25 00:05:13,916] {bash.py:169} INFO - Output:
[2021-04-25 00:05:13,926] {bash.py:173} INFO - testing second bash operator
[2021-04-25 00:05:13,927] {bash.py:177} INFO - Command exited with return code 0
[2021-04-25 00:05:14,021] {taskinstance.py:1192} INFO - Marking task as SUCCESS. dag_id=bash_operator_dag, task_id=second_task, execution_date=20210304T000000, start_date=20210425T000513, end_date=20210425T000514
[2021-04-25 00:05:14,159] {taskinstance.py:1246} INFO - 0 downstream tasks scheduled from follow-on schedule check
[2021-04-25 00:05:14,210] {local_task_job.py:146} INFO - Task exited with return code 0
[2021-04-25 00:08:17,957] {taskinstance.py:877} INFO - Dependencies all met for <TaskInstance: bash_operator_dag.second_task 2021-03-04T00:00:00+00:00 [queued]>
[2021-04-25 00:08:17,991] {taskinstance.py:877} INFO - Dependencies all met for <TaskInstance: bash_operator_dag.second_task 2021-03-04T00:00:00+00:00 [queued]>
[2021-04-25 00:08:17,992] {taskinstance.py:1068} INFO - 
--------------------------------------------------------------------------------
[2021-04-25 00:08:17,992] {taskinstance.py:1069} INFO - Starting attempt 1 of 3
[2021-04-25 00:08:17,992] {taskinstance.py:1070} INFO - 
--------------------------------------------------------------------------------
[2021-04-25 00:08:18,043] {taskinstance.py:1089} INFO - Executing <Task(BashOperator): second_task> on 2021-03-04T00:00:00+00:00
[2021-04-25 00:08:18,050] {standard_task_runner.py:52} INFO - Started process 1679 to run task
[2021-04-25 00:08:18,090] {standard_task_runner.py:76} INFO - Running: ['airflow', 'tasks', 'run', 'bash_operator_dag', 'second_task', '2021-03-04T00:00:00+00:00', '--job-id', '594', '--pool', 'default_pool', '--raw', '--subdir', 'DAGS_FOLDER/simple_bash_operator_dag.py', '--cfg-path', '/tmp/tmpo9mxevr4', '--error-file', '/tmp/tmpcunfbnvi']
[2021-04-25 00:08:18,092] {standard_task_runner.py:77} INFO - Job 594: Subtask second_task
[2021-04-25 00:08:18,266] {logging_mixin.py:104} INFO - Running <TaskInstance: bash_operator_dag.second_task 2021-03-04T00:00:00+00:00 [running]> on host 4a00a306afdc
[2021-04-25 00:08:18,401] {taskinstance.py:1283} INFO - Exporting the following env vars:
AIRFLOW_CTX_DAG_OWNER=airflow
AIRFLOW_CTX_DAG_ID=bash_operator_dag
AIRFLOW_CTX_TASK_ID=second_task
AIRFLOW_CTX_EXECUTION_DATE=2021-03-04T00:00:00+00:00
AIRFLOW_CTX_DAG_RUN_ID=scheduled__2021-03-04T00:00:00+00:00
[2021-04-25 00:08:18,403] {bash.py:135} INFO - Tmp dir root location: 
 /tmp
[2021-04-25 00:08:18,409] {bash.py:158} INFO - Running command: echo "testing second bash operator"
[2021-04-25 00:08:18,432] {bash.py:169} INFO - Output:
[2021-04-25 00:08:18,435] {bash.py:173} INFO - testing second bash operator
[2021-04-25 00:08:18,436] {bash.py:177} INFO - Command exited with return code 0
[2021-04-25 00:08:18,538] {taskinstance.py:1192} INFO - Marking task as SUCCESS. dag_id=bash_operator_dag, task_id=second_task, execution_date=20210304T000000, start_date=20210425T000817, end_date=20210425T000818
[2021-04-25 00:08:18,616] {taskinstance.py:1246} INFO - 0 downstream tasks scheduled from follow-on schedule check
[2021-04-25 00:08:18,664] {local_task_job.py:146} INFO - Task exited with return code 0
