[2021-05-01 05:47:35,308] {taskinstance.py:877} INFO - Dependencies all met for <TaskInstance: write_file_python_operator.write_studio_ghibli_data_task 2021-05-01T05:44:00+00:00 [queued]>
[2021-05-01 05:47:35,328] {taskinstance.py:877} INFO - Dependencies all met for <TaskInstance: write_file_python_operator.write_studio_ghibli_data_task 2021-05-01T05:44:00+00:00 [queued]>
[2021-05-01 05:47:35,328] {taskinstance.py:1068} INFO - 
--------------------------------------------------------------------------------
[2021-05-01 05:47:35,328] {taskinstance.py:1069} INFO - Starting attempt 1 of 3
[2021-05-01 05:47:35,328] {taskinstance.py:1070} INFO - 
--------------------------------------------------------------------------------
[2021-05-01 05:47:35,338] {taskinstance.py:1089} INFO - Executing <Task(PythonOperator): write_studio_ghibli_data_task> on 2021-05-01T05:44:00+00:00
[2021-05-01 05:47:35,342] {standard_task_runner.py:52} INFO - Started process 91 to run task
[2021-05-01 05:47:35,347] {standard_task_runner.py:76} INFO - Running: ['airflow', 'tasks', 'run', 'write_file_python_operator', 'write_studio_ghibli_data_task', '2021-05-01T05:44:00+00:00', '--job-id', '1047', '--pool', 'default_pool', '--raw', '--subdir', 'DAGS_FOLDER/python_operator/write_file_python_operator.py', '--cfg-path', '/tmp/tmpehpsa0ik', '--error-file', '/tmp/tmppn374cvt']
[2021-05-01 05:47:35,347] {standard_task_runner.py:77} INFO - Job 1047: Subtask write_studio_ghibli_data_task
[2021-05-01 05:47:35,405] {logging_mixin.py:104} INFO - Running <TaskInstance: write_file_python_operator.write_studio_ghibli_data_task 2021-05-01T05:44:00+00:00 [running]> on host d6e2455ef0ec
[2021-05-01 05:47:35,451] {taskinstance.py:1283} INFO - Exporting the following env vars:
AIRFLOW_CTX_DAG_OWNER=airflow
AIRFLOW_CTX_DAG_ID=write_file_python_operator
AIRFLOW_CTX_TASK_ID=write_studio_ghibli_data_task
AIRFLOW_CTX_EXECUTION_DATE=2021-05-01T05:44:00+00:00
AIRFLOW_CTX_DAG_RUN_ID=scheduled__2021-05-01T05:44:00+00:00
[2021-05-01 05:47:36,568] {logging_mixin.py:104} INFO - Success fetch data from https://ghibliapi.herokuapp.com/films/ and write to studio_ghibli.json
[2021-05-01 05:47:36,568] {python.py:118} INFO - Done. Returned value was: None
[2021-05-01 05:47:36,585] {taskinstance.py:1192} INFO - Marking task as SUCCESS. dag_id=write_file_python_operator, task_id=write_studio_ghibli_data_task, execution_date=20210501T054400, start_date=20210501T054735, end_date=20210501T054736
[2021-05-01 05:47:36,618] {taskinstance.py:1246} INFO - 0 downstream tasks scheduled from follow-on schedule check
[2021-05-01 05:47:36,648] {local_task_job.py:146} INFO - Task exited with return code 0
